[0.054s] Invoking command in '/home/zac/franka_ws/build/franka_msgs': CMAKE_PREFIX_PATH=${CMAKE_PREFIX_PATH}:/home/zac/franka_ws/install/moveit_configs_utils:/opt/ros/humble /usr/bin/cmake /home/zac/franka_ws/src/franka_ros2/franka_msgs -DCMAKE_INSTALL_PREFIX=/home/zac/franka_ws/install/franka_msgs
[0.133s] -- Found ament_cmake: 1.3.10 (/opt/ros/humble/share/ament_cmake/cmake)
[0.334s] -- Override CMake install command with custom implementation using symlinks instead of copying resources
[0.360s] -- Found rosidl_default_generators: 1.2.0 (/opt/ros/humble/share/rosidl_default_generators/cmake)
[0.381s] -- Using all available rosidl_typesupport_c: rosidl_typesupport_fastrtps_c;rosidl_typesupport_introspection_c
[0.387s] -- Found rosidl_adapter: 3.1.5 (/opt/ros/humble/share/rosidl_adapter/cmake)
[0.464s] -- Using all available rosidl_typesupport_cpp: rosidl_typesupport_fastrtps_cpp;rosidl_typesupport_introspection_cpp
[0.536s] -- Found std_msgs: 4.2.4 (/opt/ros/humble/share/std_msgs/cmake)
[0.582s] -- Found geometry_msgs: 4.2.4 (/opt/ros/humble/share/geometry_msgs/cmake)
[0.607s] -- Found sensor_msgs: 4.2.4 (/opt/ros/humble/share/sensor_msgs/cmake)
[1.507s] -- Found ament_cmake_ros: 0.10.0 (/opt/ros/humble/share/ament_cmake_ros/cmake)
[1.949s] -- Using all available rosidl_typesupport_c: rosidl_typesupport_fastrtps_c;rosidl_typesupport_introspection_c
[2.596s] -- Using all available rosidl_typesupport_cpp: rosidl_typesupport_fastrtps_cpp;rosidl_typesupport_introspection_cpp
[2.633s] -- Found python_cmake_module: 0.10.0 (/opt/ros/humble/share/python_cmake_module/cmake)
[2.666s] -- Using PYTHON_EXECUTABLE: /usr/bin/python3
[2.666s] -- Using PYTHON_INCLUDE_DIRS: /usr/include/python3.10
[2.667s] -- Using PYTHON_LIBRARIES: /usr/lib/x86_64-linux-gnu/libpython3.10.so
[2.813s] -- Found ament_lint_auto: 0.12.11 (/opt/ros/humble/share/ament_lint_auto/cmake)
[2.833s] -- Added test 'copyright' to check source files copyright and LICENSE
[2.838s] -- Added test 'lint_cmake' to check CMake code style
[2.840s] -- Added test 'xmllint' to check XML markup files
[2.846s] -- Configuring done
[2.977s] -- Generating done
[2.985s] -- Build files have been written to: /home/zac/franka_ws/build/franka_msgs
[2.999s] Invoked command in '/home/zac/franka_ws/build/franka_msgs' returned '0': CMAKE_PREFIX_PATH=${CMAKE_PREFIX_PATH}:/home/zac/franka_ws/install/moveit_configs_utils:/opt/ros/humble /usr/bin/cmake /home/zac/franka_ws/src/franka_ros2/franka_msgs -DCMAKE_INSTALL_PREFIX=/home/zac/franka_ws/install/franka_msgs
[3.001s] Invoking command in '/home/zac/franka_ws/build/franka_msgs': CMAKE_PREFIX_PATH=${CMAKE_PREFIX_PATH}:/home/zac/franka_ws/install/moveit_configs_utils:/opt/ros/humble /usr/bin/cmake --build /home/zac/franka_ws/build/franka_msgs -- -j8 -l8
[3.106s] [35m[1mConsolidate compiler generated dependencies of target franka_msgs__rosidl_generator_c[0m
[3.126s] [  0%] Built target franka_msgs__cpp
[3.148s] [  0%] Built target ament_cmake_python_symlink_franka_msgs
[3.155s] [ 12%] Built target franka_msgs__rosidl_generator_c
[3.169s] [35m[1mConsolidate compiler generated dependencies of target franka_msgs__rosidl_typesupport_cpp[0m
[3.172s] [35m[1mConsolidate compiler generated dependencies of target franka_msgs__rosidl_typesupport_fastrtps_cpp[0m
[3.197s] [35m[1mConsolidate compiler generated dependencies of target franka_msgs__rosidl_typesupport_introspection_cpp[0m
[3.211s] [35m[1mConsolidate compiler generated dependencies of target franka_msgs__rosidl_typesupport_fastrtps_c[0m
[3.215s] [35m[1mConsolidate compiler generated dependencies of target franka_msgs__rosidl_typesupport_introspection_c[0m
[3.228s] [35m[1mConsolidate compiler generated dependencies of target franka_msgs__rosidl_typesupport_c[0m
[3.271s] [ 24%] Built target franka_msgs__rosidl_typesupport_cpp
[3.285s] [ 36%] Built target franka_msgs__rosidl_typesupport_fastrtps_cpp
[3.288s] [ 48%] Built target franka_msgs__rosidl_typesupport_c
[3.295s] [ 60%] Built target franka_msgs__rosidl_typesupport_introspection_cpp
[3.302s] [ 72%] Built target franka_msgs__rosidl_typesupport_introspection_c
[3.313s] [ 84%] Built target franka_msgs__rosidl_typesupport_fastrtps_c
[3.371s] [ 84%] Built target franka_msgs
[3.425s] [ 85%] Built target franka_msgs__py
[3.459s] [35m[1mConsolidate compiler generated dependencies of target franka_msgs__rosidl_generator_py[0m
[3.521s] [ 96%] Built target franka_msgs__rosidl_generator_py
[3.549s] [35m[1mConsolidate compiler generated dependencies of target franka_msgs__rosidl_typesupport_introspection_c__pyext[0m
[3.550s] [35m[1mConsolidate compiler generated dependencies of target franka_msgs__rosidl_typesupport_c__pyext[0m
[3.557s] [35m[1mConsolidate compiler generated dependencies of target franka_msgs__rosidl_typesupport_fastrtps_c__pyext[0m
[3.586s] [ 97%] Built target franka_msgs__rosidl_typesupport_c__pyext
[3.588s] [ 99%] Built target franka_msgs__rosidl_typesupport_introspection_c__pyext
[3.602s] running egg_info
[3.604s] [100%] Built target franka_msgs__rosidl_typesupport_fastrtps_c__pyext
[3.604s] writing franka_msgs.egg-info/PKG-INFO
[3.605s] writing dependency_links to franka_msgs.egg-info/dependency_links.txt
[3.605s] writing top-level names to franka_msgs.egg-info/top_level.txt
[3.609s] reading manifest file 'franka_msgs.egg-info/SOURCES.txt'
[3.610s] writing manifest file 'franka_msgs.egg-info/SOURCES.txt'
[3.653s] [100%] Built target ament_cmake_python_build_franka_msgs_egg
[3.679s] Invoked command in '/home/zac/franka_ws/build/franka_msgs' returned '0': CMAKE_PREFIX_PATH=${CMAKE_PREFIX_PATH}:/home/zac/franka_ws/install/moveit_configs_utils:/opt/ros/humble /usr/bin/cmake --build /home/zac/franka_ws/build/franka_msgs -- -j8 -l8
[5.067s] Invoking command in '/home/zac/franka_ws/build/franka_msgs': CMAKE_PREFIX_PATH=${CMAKE_PREFIX_PATH}:/home/zac/franka_ws/install/moveit_configs_utils:/opt/ros/humble /usr/bin/cmake --install /home/zac/franka_ws/build/franka_msgs
[5.085s] -- Install configuration: "Release"
[5.086s] -- Execute custom install script
[5.087s] -- Up-to-date symlink: /home/zac/franka_ws/install/franka_msgs/share/ament_index/resource_index/rosidl_interfaces/franka_msgs
[5.088s] -- Up-to-date symlink: /home/zac/franka_ws/install/franka_msgs/include/franka_msgs/franka_msgs/action/detail/error_recovery__functions.h
[5.088s] -- Up-to-date symlink: /home/zac/franka_ws/install/franka_msgs/include/franka_msgs/franka_msgs/action/detail/error_recovery__struct.h
[5.089s] -- Up-to-date symlink: /home/zac/franka_ws/install/franka_msgs/include/franka_msgs/franka_msgs/action/detail/error_recovery__type_support.h
[5.089s] -- Up-to-date symlink: /home/zac/franka_ws/install/franka_msgs/include/franka_msgs/franka_msgs/action/detail/grasp__functions.h
[5.089s] -- Up-to-date symlink: /home/zac/franka_ws/install/franka_msgs/include/franka_msgs/franka_msgs/action/detail/grasp__struct.h
[5.089s] -- Up-to-date symlink: /home/zac/franka_ws/install/franka_msgs/include/franka_msgs/franka_msgs/action/detail/grasp__type_support.h
[5.089s] -- Up-to-date symlink: /home/zac/franka_ws/install/franka_msgs/include/franka_msgs/franka_msgs/action/detail/homing__functions.h
[5.090s] -- Up-to-date symlink: /home/zac/franka_ws/install/franka_msgs/include/franka_msgs/franka_msgs/action/detail/homing__struct.h
[5.090s] -- Up-to-date symlink: /home/zac/franka_ws/install/franka_msgs/include/franka_msgs/franka_msgs/action/detail/homing__type_support.h
[5.090s] -- Up-to-date symlink: /home/zac/franka_ws/install/franka_msgs/include/franka_msgs/franka_msgs/action/detail/move__functions.h
[5.090s] -- Up-to-date symlink: /home/zac/franka_ws/install/franka_msgs/include/franka_msgs/franka_msgs/action/detail/move__struct.h
[5.090s] -- Up-to-date symlink: /home/zac/franka_ws/install/franka_msgs/include/franka_msgs/franka_msgs/action/detail/move__type_support.h
[5.091s] -- Up-to-date symlink: /home/zac/franka_ws/install/franka_msgs/include/franka_msgs/franka_msgs/action/error_recovery.h
[5.091s] -- Up-to-date symlink: /home/zac/franka_ws/install/franka_msgs/include/franka_msgs/franka_msgs/action/grasp.h
[5.091s] -- Up-to-date symlink: /home/zac/franka_ws/install/franka_msgs/include/franka_msgs/franka_msgs/action/homing.h
[5.091s] -- Up-to-date symlink: /home/zac/franka_ws/install/franka_msgs/include/franka_msgs/franka_msgs/action/move.h
[5.092s] -- Up-to-date symlink: /home/zac/franka_ws/install/franka_msgs/include/franka_msgs/franka_msgs/msg/collision_indicators.h
[5.092s] -- Up-to-date symlink: /home/zac/franka_ws/install/franka_msgs/include/franka_msgs/franka_msgs/msg/detail/collision_indicators__functions.h
[5.092s] -- Up-to-date symlink: /home/zac/franka_ws/install/franka_msgs/include/franka_msgs/franka_msgs/msg/detail/collision_indicators__struct.h
[5.092s] -- Up-to-date symlink: /home/zac/franka_ws/install/franka_msgs/include/franka_msgs/franka_msgs/msg/detail/collision_indicators__type_support.h
[5.092s] -- Up-to-date symlink: /home/zac/franka_ws/install/franka_msgs/include/franka_msgs/franka_msgs/msg/detail/elbow__functions.h
[5.093s] -- Up-to-date symlink: /home/zac/franka_ws/install/franka_msgs/include/franka_msgs/franka_msgs/msg/detail/elbow__struct.h
[5.093s] -- Up-to-date symlink: /home/zac/franka_ws/install/franka_msgs/include/franka_msgs/franka_msgs/msg/detail/elbow__type_support.h
[5.093s] -- Up-to-date symlink: /home/zac/franka_ws/install/franka_msgs/include/franka_msgs/franka_msgs/msg/detail/errors__functions.h
[5.093s] -- Up-to-date symlink: /home/zac/franka_ws/install/franka_msgs/include/franka_msgs/franka_msgs/msg/detail/errors__struct.h
[5.094s] -- Up-to-date symlink: /home/zac/franka_ws/install/franka_msgs/include/franka_msgs/franka_msgs/msg/detail/errors__type_support.h
[5.094s] -- Up-to-date symlink: /home/zac/franka_ws/install/franka_msgs/include/franka_msgs/franka_msgs/msg/detail/franka_robot_state__functions.h
[5.094s] -- Up-to-date symlink: /home/zac/franka_ws/install/franka_msgs/include/franka_msgs/franka_msgs/msg/detail/franka_robot_state__struct.h
[5.094s] -- Up-to-date symlink: /home/zac/franka_ws/install/franka_msgs/include/franka_msgs/franka_msgs/msg/detail/franka_robot_state__type_support.h
[5.095s] -- Up-to-date symlink: /home/zac/franka_ws/install/franka_msgs/include/franka_msgs/franka_msgs/msg/detail/grasp_epsilon__functions.h
[5.095s] -- Up-to-date symlink: /home/zac/franka_ws/install/franka_msgs/include/franka_msgs/franka_msgs/msg/detail/grasp_epsilon__struct.h
[5.095s] -- Up-to-date symlink: /home/zac/franka_ws/install/franka_msgs/include/franka_msgs/franka_msgs/msg/detail/grasp_epsilon__type_support.h
[5.095s] -- Up-to-date symlink: /home/zac/franka_ws/install/franka_msgs/include/franka_msgs/franka_msgs/msg/elbow.h
[5.096s] -- Up-to-date symlink: /home/zac/franka_ws/install/franka_msgs/include/franka_msgs/franka_msgs/msg/errors.h
[5.096s] -- Up-to-date symlink: /home/zac/franka_ws/install/franka_msgs/include/franka_msgs/franka_msgs/msg/franka_robot_state.h
[5.096s] -- Up-to-date symlink: /home/zac/franka_ws/install/franka_msgs/include/franka_msgs/franka_msgs/msg/grasp_epsilon.h
[5.097s] -- Up-to-date symlink: /home/zac/franka_ws/install/franka_msgs/include/franka_msgs/franka_msgs/msg/rosidl_generator_c__visibility_control.h
[5.097s] -- Up-to-date symlink: /home/zac/franka_ws/install/franka_msgs/include/franka_msgs/franka_msgs/srv/detail/set_cartesian_stiffness__functions.h
[5.097s] -- Up-to-date symlink: /home/zac/franka_ws/install/franka_msgs/include/franka_msgs/franka_msgs/srv/detail/set_cartesian_stiffness__struct.h
[5.097s] -- Up-to-date symlink: /home/zac/franka_ws/install/franka_msgs/include/franka_msgs/franka_msgs/srv/detail/set_cartesian_stiffness__type_support.h
[5.098s] -- Up-to-date symlink: /home/zac/franka_ws/install/franka_msgs/include/franka_msgs/franka_msgs/srv/detail/set_force_torque_collision_behavior__functions.h
[5.098s] -- Up-to-date symlink: /home/zac/franka_ws/install/franka_msgs/include/franka_msgs/franka_msgs/srv/detail/set_force_torque_collision_behavior__struct.h
[5.098s] -- Up-to-date symlink: /home/zac/franka_ws/install/franka_msgs/include/franka_msgs/franka_msgs/srv/detail/set_force_torque_collision_behavior__type_support.h
[5.099s] -- Up-to-date symlink: /home/zac/franka_ws/install/franka_msgs/include/franka_msgs/franka_msgs/srv/detail/set_full_collision_behavior__functions.h
[5.099s] -- Up-to-date symlink: /home/zac/franka_ws/install/franka_msgs/include/franka_msgs/franka_msgs/srv/detail/set_full_collision_behavior__struct.h
[5.099s] -- Up-to-date symlink: /home/zac/franka_ws/install/franka_msgs/include/franka_msgs/franka_msgs/srv/detail/set_full_collision_behavior__type_support.h
[5.099s] -- Up-to-date symlink: /home/zac/franka_ws/install/franka_msgs/include/franka_msgs/franka_msgs/srv/detail/set_joint_stiffness__functions.h
[5.099s] -- Up-to-date symlink: /home/zac/franka_ws/install/franka_msgs/include/franka_msgs/franka_msgs/srv/detail/set_joint_stiffness__struct.h
[5.099s] -- Up-to-date symlink: /home/zac/franka_ws/install/franka_msgs/include/franka_msgs/franka_msgs/srv/detail/set_joint_stiffness__type_support.h
[5.100s] -- Up-to-date symlink: /home/zac/franka_ws/install/franka_msgs/include/franka_msgs/franka_msgs/srv/detail/set_load__functions.h
[5.100s] -- Up-to-date symlink: /home/zac/franka_ws/install/franka_msgs/include/franka_msgs/franka_msgs/srv/detail/set_load__struct.h
[5.100s] -- Up-to-date symlink: /home/zac/franka_ws/install/franka_msgs/include/franka_msgs/franka_msgs/srv/detail/set_load__type_support.h
[5.100s] -- Up-to-date symlink: /home/zac/franka_ws/install/franka_msgs/include/franka_msgs/franka_msgs/srv/detail/set_stiffness_frame__functions.h
[5.101s] -- Up-to-date symlink: /home/zac/franka_ws/install/franka_msgs/include/franka_msgs/franka_msgs/srv/detail/set_stiffness_frame__struct.h
[5.101s] -- Up-to-date symlink: /home/zac/franka_ws/install/franka_msgs/include/franka_msgs/franka_msgs/srv/detail/set_stiffness_frame__type_support.h
[5.101s] -- Up-to-date symlink: /home/zac/franka_ws/install/franka_msgs/include/franka_msgs/franka_msgs/srv/detail/set_tcp_frame__functions.h
[5.102s] -- Up-to-date symlink: /home/zac/franka_ws/install/franka_msgs/include/franka_msgs/franka_msgs/srv/detail/set_tcp_frame__struct.h
[5.102s] -- Up-to-date symlink: /home/zac/franka_ws/install/franka_msgs/include/franka_msgs/franka_msgs/srv/detail/set_tcp_frame__type_support.h
[5.102s] -- Up-to-date symlink: /home/zac/franka_ws/install/franka_msgs/include/franka_msgs/franka_msgs/srv/set_cartesian_stiffness.h
[5.103s] -- Up-to-date symlink: /home/zac/franka_ws/install/franka_msgs/include/franka_msgs/franka_msgs/srv/set_force_torque_collision_behavior.h
[5.103s] -- Up-to-date symlink: /home/zac/franka_ws/install/franka_msgs/include/franka_msgs/franka_msgs/srv/set_full_collision_behavior.h
[5.103s] -- Up-to-date symlink: /home/zac/franka_ws/install/franka_msgs/include/franka_msgs/franka_msgs/srv/set_joint_stiffness.h
[5.103s] -- Up-to-date symlink: /home/zac/franka_ws/install/franka_msgs/include/franka_msgs/franka_msgs/srv/set_load.h
[5.104s] -- Up-to-date symlink: /home/zac/franka_ws/install/franka_msgs/include/franka_msgs/franka_msgs/srv/set_stiffness_frame.h
[5.104s] -- Up-to-date symlink: /home/zac/franka_ws/install/franka_msgs/include/franka_msgs/franka_msgs/srv/set_tcp_frame.h
[5.104s] -- Up-to-date symlink: /home/zac/franka_ws/install/franka_msgs/share/franka_msgs/environment/library_path.sh
[5.105s] -- Up-to-date symlink: /home/zac/franka_ws/install/franka_msgs/share/franka_msgs/environment/library_path.dsv
[5.107s] -- Up-to-date symlink: /home/zac/franka_ws/install/franka_msgs/include/franka_msgs/franka_msgs/action/detail/error_recovery__rosidl_typesupport_fastrtps_c.h
[5.107s] -- Up-to-date symlink: /home/zac/franka_ws/install/franka_msgs/include/franka_msgs/franka_msgs/action/detail/grasp__rosidl_typesupport_fastrtps_c.h
[5.107s] -- Up-to-date symlink: /home/zac/franka_ws/install/franka_msgs/include/franka_msgs/franka_msgs/action/detail/homing__rosidl_typesupport_fastrtps_c.h
[5.108s] -- Up-to-date symlink: /home/zac/franka_ws/install/franka_msgs/include/franka_msgs/franka_msgs/action/detail/move__rosidl_typesupport_fastrtps_c.h
[5.108s] -- Up-to-date symlink: /home/zac/franka_ws/install/franka_msgs/include/franka_msgs/franka_msgs/msg/detail/collision_indicators__rosidl_typesupport_fastrtps_c.h
[5.108s] -- Up-to-date symlink: /home/zac/franka_ws/install/franka_msgs/include/franka_msgs/franka_msgs/msg/detail/elbow__rosidl_typesupport_fastrtps_c.h
[5.109s] -- Up-to-date symlink: /home/zac/franka_ws/install/franka_msgs/include/franka_msgs/franka_msgs/msg/detail/errors__rosidl_typesupport_fastrtps_c.h
[5.109s] -- Up-to-date symlink: /home/zac/franka_ws/install/franka_msgs/include/franka_msgs/franka_msgs/msg/detail/franka_robot_state__rosidl_typesupport_fastrtps_c.h
[5.109s] -- Up-to-date symlink: /home/zac/franka_ws/install/franka_msgs/include/franka_msgs/franka_msgs/msg/detail/grasp_epsilon__rosidl_typesupport_fastrtps_c.h
[5.110s] -- Up-to-date symlink: /home/zac/franka_ws/install/franka_msgs/include/franka_msgs/franka_msgs/msg/rosidl_typesupport_fastrtps_c__visibility_control.h
[5.110s] -- Up-to-date symlink: /home/zac/franka_ws/install/franka_msgs/include/franka_msgs/franka_msgs/srv/detail/set_cartesian_stiffness__rosidl_typesupport_fastrtps_c.h
[5.110s] -- Up-to-date symlink: /home/zac/franka_ws/install/franka_msgs/include/franka_msgs/franka_msgs/srv/detail/set_force_torque_collision_behavior__rosidl_typesupport_fastrtps_c.h
[5.110s] -- Up-to-date symlink: /home/zac/franka_ws/install/franka_msgs/include/franka_msgs/franka_msgs/srv/detail/set_full_collision_behavior__rosidl_typesupport_fastrtps_c.h
[5.111s] -- Up-to-date symlink: /home/zac/franka_ws/install/franka_msgs/include/franka_msgs/franka_msgs/srv/detail/set_joint_stiffness__rosidl_typesupport_fastrtps_c.h
[5.111s] -- Up-to-date symlink: /home/zac/franka_ws/install/franka_msgs/include/franka_msgs/franka_msgs/srv/detail/set_load__rosidl_typesupport_fastrtps_c.h
[5.111s] -- Up-to-date symlink: /home/zac/franka_ws/install/franka_msgs/include/franka_msgs/franka_msgs/srv/detail/set_stiffness_frame__rosidl_typesupport_fastrtps_c.h
[5.112s] -- Up-to-date symlink: /home/zac/franka_ws/install/franka_msgs/include/franka_msgs/franka_msgs/srv/detail/set_tcp_frame__rosidl_typesupport_fastrtps_c.h
[5.113s] -- Up-to-date symlink: /home/zac/franka_ws/install/franka_msgs/include/franka_msgs/franka_msgs/action/detail/error_recovery__rosidl_typesupport_introspection_c.h
[5.113s] -- Up-to-date symlink: /home/zac/franka_ws/install/franka_msgs/include/franka_msgs/franka_msgs/action/detail/grasp__rosidl_typesupport_introspection_c.h
[5.114s] -- Up-to-date symlink: /home/zac/franka_ws/install/franka_msgs/include/franka_msgs/franka_msgs/action/detail/homing__rosidl_typesupport_introspection_c.h
[5.114s] -- Up-to-date symlink: /home/zac/franka_ws/install/franka_msgs/include/franka_msgs/franka_msgs/action/detail/move__rosidl_typesupport_introspection_c.h
[5.114s] -- Up-to-date symlink: /home/zac/franka_ws/install/franka_msgs/include/franka_msgs/franka_msgs/msg/detail/collision_indicators__rosidl_typesupport_introspection_c.h
[5.115s] -- Up-to-date symlink: /home/zac/franka_ws/install/franka_msgs/include/franka_msgs/franka_msgs/msg/detail/elbow__rosidl_typesupport_introspection_c.h
[5.115s] -- Up-to-date symlink: /home/zac/franka_ws/install/franka_msgs/include/franka_msgs/franka_msgs/msg/detail/errors__rosidl_typesupport_introspection_c.h
[5.116s] -- Up-to-date symlink: /home/zac/franka_ws/install/franka_msgs/include/franka_msgs/franka_msgs/msg/detail/franka_robot_state__rosidl_typesupport_introspection_c.h
[5.116s] -- Up-to-date symlink: /home/zac/franka_ws/install/franka_msgs/include/franka_msgs/franka_msgs/msg/detail/grasp_epsilon__rosidl_typesupport_introspection_c.h
[5.116s] -- Up-to-date symlink: /home/zac/franka_ws/install/franka_msgs/include/franka_msgs/franka_msgs/msg/rosidl_typesupport_introspection_c__visibility_control.h
[5.117s] -- Up-to-date symlink: /home/zac/franka_ws/install/franka_msgs/include/franka_msgs/franka_msgs/srv/detail/set_cartesian_stiffness__rosidl_typesupport_introspection_c.h
[5.117s] -- Up-to-date symlink: /home/zac/franka_ws/install/franka_msgs/include/franka_msgs/franka_msgs/srv/detail/set_force_torque_collision_behavior__rosidl_typesupport_introspection_c.h
[5.117s] -- Up-to-date symlink: /home/zac/franka_ws/install/franka_msgs/include/franka_msgs/franka_msgs/srv/detail/set_full_collision_behavior__rosidl_typesupport_introspection_c.h
[5.118s] -- Up-to-date symlink: /home/zac/franka_ws/install/franka_msgs/include/franka_msgs/franka_msgs/srv/detail/set_joint_stiffness__rosidl_typesupport_introspection_c.h
[5.118s] -- Up-to-date symlink: /home/zac/franka_ws/install/franka_msgs/include/franka_msgs/franka_msgs/srv/detail/set_load__rosidl_typesupport_introspection_c.h
[5.118s] -- Up-to-date symlink: /home/zac/franka_ws/install/franka_msgs/include/franka_msgs/franka_msgs/srv/detail/set_stiffness_frame__rosidl_typesupport_introspection_c.h
[5.119s] -- Up-to-date symlink: /home/zac/franka_ws/install/franka_msgs/include/franka_msgs/franka_msgs/srv/detail/set_tcp_frame__rosidl_typesupport_introspection_c.h
[5.121s] -- Up-to-date symlink: /home/zac/franka_ws/install/franka_msgs/include/franka_msgs/franka_msgs/action/detail/error_recovery__builder.hpp
[5.121s] -- Up-to-date symlink: /home/zac/franka_ws/install/franka_msgs/include/franka_msgs/franka_msgs/action/detail/error_recovery__struct.hpp
[5.121s] -- Up-to-date symlink: /home/zac/franka_ws/install/franka_msgs/include/franka_msgs/franka_msgs/action/detail/error_recovery__traits.hpp
[5.121s] -- Up-to-date symlink: /home/zac/franka_ws/install/franka_msgs/include/franka_msgs/franka_msgs/action/detail/grasp__builder.hpp
[5.122s] -- Up-to-date symlink: /home/zac/franka_ws/install/franka_msgs/include/franka_msgs/franka_msgs/action/detail/grasp__struct.hpp
[5.122s] -- Up-to-date symlink: /home/zac/franka_ws/install/franka_msgs/include/franka_msgs/franka_msgs/action/detail/grasp__traits.hpp
[5.122s] -- Up-to-date symlink: /home/zac/franka_ws/install/franka_msgs/include/franka_msgs/franka_msgs/action/detail/homing__builder.hpp
[5.123s] -- Up-to-date symlink: /home/zac/franka_ws/install/franka_msgs/include/franka_msgs/franka_msgs/action/detail/homing__struct.hpp
[5.123s] -- Up-to-date symlink: /home/zac/franka_ws/install/franka_msgs/include/franka_msgs/franka_msgs/action/detail/homing__traits.hpp
[5.123s] -- Up-to-date symlink: /home/zac/franka_ws/install/franka_msgs/include/franka_msgs/franka_msgs/action/detail/move__builder.hpp
[5.124s] -- Up-to-date symlink: /home/zac/franka_ws/install/franka_msgs/include/franka_msgs/franka_msgs/action/detail/move__struct.hpp
[5.124s] -- Up-to-date symlink: /home/zac/franka_ws/install/franka_msgs/include/franka_msgs/franka_msgs/action/detail/move__traits.hpp
[5.124s] -- Up-to-date symlink: /home/zac/franka_ws/install/franka_msgs/include/franka_msgs/franka_msgs/action/error_recovery.hpp
[5.124s] -- Up-to-date symlink: /home/zac/franka_ws/install/franka_msgs/include/franka_msgs/franka_msgs/action/grasp.hpp
[5.125s] -- Up-to-date symlink: /home/zac/franka_ws/install/franka_msgs/include/franka_msgs/franka_msgs/action/homing.hpp
[5.125s] -- Up-to-date symlink: /home/zac/franka_ws/install/franka_msgs/include/franka_msgs/franka_msgs/action/move.hpp
[5.125s] -- Up-to-date symlink: /home/zac/franka_ws/install/franka_msgs/include/franka_msgs/franka_msgs/msg/collision_indicators.hpp
[5.126s] -- Up-to-date symlink: /home/zac/franka_ws/install/franka_msgs/include/franka_msgs/franka_msgs/msg/detail/collision_indicators__builder.hpp
[5.126s] -- Up-to-date symlink: /home/zac/franka_ws/install/franka_msgs/include/franka_msgs/franka_msgs/msg/detail/collision_indicators__struct.hpp
[5.126s] -- Up-to-date symlink: /home/zac/franka_ws/install/franka_msgs/include/franka_msgs/franka_msgs/msg/detail/collision_indicators__traits.hpp
[5.127s] -- Up-to-date symlink: /home/zac/franka_ws/install/franka_msgs/include/franka_msgs/franka_msgs/msg/detail/elbow__builder.hpp
[5.127s] -- Up-to-date symlink: /home/zac/franka_ws/install/franka_msgs/include/franka_msgs/franka_msgs/msg/detail/elbow__struct.hpp
[5.127s] -- Up-to-date symlink: /home/zac/franka_ws/install/franka_msgs/include/franka_msgs/franka_msgs/msg/detail/elbow__traits.hpp
[5.127s] -- Up-to-date symlink: /home/zac/franka_ws/install/franka_msgs/include/franka_msgs/franka_msgs/msg/detail/errors__builder.hpp
[5.128s] -- Up-to-date symlink: /home/zac/franka_ws/install/franka_msgs/include/franka_msgs/franka_msgs/msg/detail/errors__struct.hpp
[5.128s] -- Up-to-date symlink: /home/zac/franka_ws/install/franka_msgs/include/franka_msgs/franka_msgs/msg/detail/errors__traits.hpp
[5.128s] -- Up-to-date symlink: /home/zac/franka_ws/install/franka_msgs/include/franka_msgs/franka_msgs/msg/detail/franka_robot_state__builder.hpp
[5.129s] -- Up-to-date symlink: /home/zac/franka_ws/install/franka_msgs/include/franka_msgs/franka_msgs/msg/detail/franka_robot_state__struct.hpp
[5.129s] -- Up-to-date symlink: /home/zac/franka_ws/install/franka_msgs/include/franka_msgs/franka_msgs/msg/detail/franka_robot_state__traits.hpp
[5.129s] -- Up-to-date symlink: /home/zac/franka_ws/install/franka_msgs/include/franka_msgs/franka_msgs/msg/detail/grasp_epsilon__builder.hpp
[5.130s] -- Up-to-date symlink: /home/zac/franka_ws/install/franka_msgs/include/franka_msgs/franka_msgs/msg/detail/grasp_epsilon__struct.hpp
[5.130s] -- Up-to-date symlink: /home/zac/franka_ws/install/franka_msgs/include/franka_msgs/franka_msgs/msg/detail/grasp_epsilon__traits.hpp
[5.130s] -- Up-to-date symlink: /home/zac/franka_ws/install/franka_msgs/include/franka_msgs/franka_msgs/msg/elbow.hpp
[5.131s] -- Up-to-date symlink: /home/zac/franka_ws/install/franka_msgs/include/franka_msgs/franka_msgs/msg/errors.hpp
[5.131s] -- Up-to-date symlink: /home/zac/franka_ws/install/franka_msgs/include/franka_msgs/franka_msgs/msg/franka_robot_state.hpp
[5.131s] -- Up-to-date symlink: /home/zac/franka_ws/install/franka_msgs/include/franka_msgs/franka_msgs/msg/grasp_epsilon.hpp
[5.132s] -- Up-to-date symlink: /home/zac/franka_ws/install/franka_msgs/include/franka_msgs/franka_msgs/srv/detail/set_cartesian_stiffness__builder.hpp
[5.132s] -- Up-to-date symlink: /home/zac/franka_ws/install/franka_msgs/include/franka_msgs/franka_msgs/srv/detail/set_cartesian_stiffness__struct.hpp
[5.132s] -- Up-to-date symlink: /home/zac/franka_ws/install/franka_msgs/include/franka_msgs/franka_msgs/srv/detail/set_cartesian_stiffness__traits.hpp
[5.133s] -- Up-to-date symlink: /home/zac/franka_ws/install/franka_msgs/include/franka_msgs/franka_msgs/srv/detail/set_force_torque_collision_behavior__builder.hpp
[5.133s] -- Up-to-date symlink: /home/zac/franka_ws/install/franka_msgs/include/franka_msgs/franka_msgs/srv/detail/set_force_torque_collision_behavior__struct.hpp
[5.133s] -- Up-to-date symlink: /home/zac/franka_ws/install/franka_msgs/include/franka_msgs/franka_msgs/srv/detail/set_force_torque_collision_behavior__traits.hpp
[5.133s] -- Up-to-date symlink: /home/zac/franka_ws/install/franka_msgs/include/franka_msgs/franka_msgs/srv/detail/set_full_collision_behavior__builder.hpp
[5.134s] -- Up-to-date symlink: /home/zac/franka_ws/install/franka_msgs/include/franka_msgs/franka_msgs/srv/detail/set_full_collision_behavior__struct.hpp
[5.134s] -- Up-to-date symlink: /home/zac/franka_ws/install/franka_msgs/include/franka_msgs/franka_msgs/srv/detail/set_full_collision_behavior__traits.hpp
[5.134s] -- Up-to-date symlink: /home/zac/franka_ws/install/franka_msgs/include/franka_msgs/franka_msgs/srv/detail/set_joint_stiffness__builder.hpp
[5.135s] -- Up-to-date symlink: /home/zac/franka_ws/install/franka_msgs/include/franka_msgs/franka_msgs/srv/detail/set_joint_stiffness__struct.hpp
[5.135s] -- Up-to-date symlink: /home/zac/franka_ws/install/franka_msgs/include/franka_msgs/franka_msgs/srv/detail/set_joint_stiffness__traits.hpp
[5.135s] -- Up-to-date symlink: /home/zac/franka_ws/install/franka_msgs/include/franka_msgs/franka_msgs/srv/detail/set_load__builder.hpp
[5.136s] -- Up-to-date symlink: /home/zac/franka_ws/install/franka_msgs/include/franka_msgs/franka_msgs/srv/detail/set_load__struct.hpp
[5.136s] -- Up-to-date symlink: /home/zac/franka_ws/install/franka_msgs/include/franka_msgs/franka_msgs/srv/detail/set_load__traits.hpp
[5.136s] -- Up-to-date symlink: /home/zac/franka_ws/install/franka_msgs/include/franka_msgs/franka_msgs/srv/detail/set_stiffness_frame__builder.hpp
[5.136s] -- Up-to-date symlink: /home/zac/franka_ws/install/franka_msgs/include/franka_msgs/franka_msgs/srv/detail/set_stiffness_frame__struct.hpp
[5.137s] -- Up-to-date symlink: /home/zac/franka_ws/install/franka_msgs/include/franka_msgs/franka_msgs/srv/detail/set_stiffness_frame__traits.hpp
[5.137s] -- Up-to-date symlink: /home/zac/franka_ws/install/franka_msgs/include/franka_msgs/franka_msgs/srv/detail/set_tcp_frame__builder.hpp
[5.137s] -- Up-to-date symlink: /home/zac/franka_ws/install/franka_msgs/include/franka_msgs/franka_msgs/srv/detail/set_tcp_frame__struct.hpp
[5.138s] -- Up-to-date symlink: /home/zac/franka_ws/install/franka_msgs/include/franka_msgs/franka_msgs/srv/detail/set_tcp_frame__traits.hpp
[5.138s] -- Up-to-date symlink: /home/zac/franka_ws/install/franka_msgs/include/franka_msgs/franka_msgs/srv/set_cartesian_stiffness.hpp
[5.138s] -- Up-to-date symlink: /home/zac/franka_ws/install/franka_msgs/include/franka_msgs/franka_msgs/srv/set_force_torque_collision_behavior.hpp
[5.138s] -- Up-to-date symlink: /home/zac/franka_ws/install/franka_msgs/include/franka_msgs/franka_msgs/srv/set_full_collision_behavior.hpp
[5.138s] -- Up-to-date symlink: /home/zac/franka_ws/install/franka_msgs/include/franka_msgs/franka_msgs/srv/set_joint_stiffness.hpp
[5.138s] -- Up-to-date symlink: /home/zac/franka_ws/install/franka_msgs/include/franka_msgs/franka_msgs/srv/set_load.hpp
[5.139s] -- Up-to-date symlink: /home/zac/franka_ws/install/franka_msgs/include/franka_msgs/franka_msgs/srv/set_stiffness_frame.hpp
[5.139s] -- Up-to-date symlink: /home/zac/franka_ws/install/franka_msgs/include/franka_msgs/franka_msgs/srv/set_tcp_frame.hpp
[5.140s] -- Up-to-date symlink: /home/zac/franka_ws/install/franka_msgs/include/franka_msgs/franka_msgs/action/detail/error_recovery__rosidl_typesupport_fastrtps_cpp.hpp
[5.141s] -- Up-to-date symlink: /home/zac/franka_ws/install/franka_msgs/include/franka_msgs/franka_msgs/action/detail/grasp__rosidl_typesupport_fastrtps_cpp.hpp
[5.141s] -- Up-to-date symlink: /home/zac/franka_ws/install/franka_msgs/include/franka_msgs/franka_msgs/action/detail/homing__rosidl_typesupport_fastrtps_cpp.hpp
[5.141s] -- Up-to-date symlink: /home/zac/franka_ws/install/franka_msgs/include/franka_msgs/franka_msgs/action/detail/move__rosidl_typesupport_fastrtps_cpp.hpp
[5.142s] -- Up-to-date symlink: /home/zac/franka_ws/install/franka_msgs/include/franka_msgs/franka_msgs/msg/detail/collision_indicators__rosidl_typesupport_fastrtps_cpp.hpp
[5.142s] -- Up-to-date symlink: /home/zac/franka_ws/install/franka_msgs/include/franka_msgs/franka_msgs/msg/detail/elbow__rosidl_typesupport_fastrtps_cpp.hpp
[5.142s] -- Up-to-date symlink: /home/zac/franka_ws/install/franka_msgs/include/franka_msgs/franka_msgs/msg/detail/errors__rosidl_typesupport_fastrtps_cpp.hpp
[5.143s] -- Up-to-date symlink: /home/zac/franka_ws/install/franka_msgs/include/franka_msgs/franka_msgs/msg/detail/franka_robot_state__rosidl_typesupport_fastrtps_cpp.hpp
[5.143s] -- Up-to-date symlink: /home/zac/franka_ws/install/franka_msgs/include/franka_msgs/franka_msgs/msg/detail/grasp_epsilon__rosidl_typesupport_fastrtps_cpp.hpp
[5.143s] -- Up-to-date symlink: /home/zac/franka_ws/install/franka_msgs/include/franka_msgs/franka_msgs/msg/rosidl_typesupport_fastrtps_cpp__visibility_control.h
[5.143s] -- Up-to-date symlink: /home/zac/franka_ws/install/franka_msgs/include/franka_msgs/franka_msgs/srv/detail/set_cartesian_stiffness__rosidl_typesupport_fastrtps_cpp.hpp
[5.144s] -- Up-to-date symlink: /home/zac/franka_ws/install/franka_msgs/include/franka_msgs/franka_msgs/srv/detail/set_force_torque_collision_behavior__rosidl_typesupport_fastrtps_cpp.hpp
[5.144s] -- Up-to-date symlink: /home/zac/franka_ws/install/franka_msgs/include/franka_msgs/franka_msgs/srv/detail/set_full_collision_behavior__rosidl_typesupport_fastrtps_cpp.hpp
[5.144s] -- Up-to-date symlink: /home/zac/franka_ws/install/franka_msgs/include/franka_msgs/franka_msgs/srv/detail/set_joint_stiffness__rosidl_typesupport_fastrtps_cpp.hpp
[5.144s] -- Up-to-date symlink: /home/zac/franka_ws/install/franka_msgs/include/franka_msgs/franka_msgs/srv/detail/set_load__rosidl_typesupport_fastrtps_cpp.hpp
[5.145s] -- Up-to-date symlink: /home/zac/franka_ws/install/franka_msgs/include/franka_msgs/franka_msgs/srv/detail/set_stiffness_frame__rosidl_typesupport_fastrtps_cpp.hpp
[5.145s] -- Up-to-date symlink: /home/zac/franka_ws/install/franka_msgs/include/franka_msgs/franka_msgs/srv/detail/set_tcp_frame__rosidl_typesupport_fastrtps_cpp.hpp
[5.146s] -- Up-to-date symlink: /home/zac/franka_ws/install/franka_msgs/include/franka_msgs/franka_msgs/action/detail/error_recovery__rosidl_typesupport_introspection_cpp.hpp
[5.146s] -- Up-to-date symlink: /home/zac/franka_ws/install/franka_msgs/include/franka_msgs/franka_msgs/action/detail/grasp__rosidl_typesupport_introspection_cpp.hpp
[5.146s] -- Up-to-date symlink: /home/zac/franka_ws/install/franka_msgs/include/franka_msgs/franka_msgs/action/detail/homing__rosidl_typesupport_introspection_cpp.hpp
[5.146s] -- Up-to-date symlink: /home/zac/franka_ws/install/franka_msgs/include/franka_msgs/franka_msgs/action/detail/move__rosidl_typesupport_introspection_cpp.hpp
[5.147s] -- Up-to-date symlink: /home/zac/franka_ws/install/franka_msgs/include/franka_msgs/franka_msgs/msg/detail/collision_indicators__rosidl_typesupport_introspection_cpp.hpp
[5.147s] -- Up-to-date symlink: /home/zac/franka_ws/install/franka_msgs/include/franka_msgs/franka_msgs/msg/detail/elbow__rosidl_typesupport_introspection_cpp.hpp
[5.147s] -- Up-to-date symlink: /home/zac/franka_ws/install/franka_msgs/include/franka_msgs/franka_msgs/msg/detail/errors__rosidl_typesupport_introspection_cpp.hpp
[5.147s] -- Up-to-date symlink: /home/zac/franka_ws/install/franka_msgs/include/franka_msgs/franka_msgs/msg/detail/franka_robot_state__rosidl_typesupport_introspection_cpp.hpp
[5.148s] -- Up-to-date symlink: /home/zac/franka_ws/install/franka_msgs/include/franka_msgs/franka_msgs/msg/detail/grasp_epsilon__rosidl_typesupport_introspection_cpp.hpp
[5.148s] -- Up-to-date symlink: /home/zac/franka_ws/install/franka_msgs/include/franka_msgs/franka_msgs/srv/detail/set_cartesian_stiffness__rosidl_typesupport_introspection_cpp.hpp
[5.148s] -- Up-to-date symlink: /home/zac/franka_ws/install/franka_msgs/include/franka_msgs/franka_msgs/srv/detail/set_force_torque_collision_behavior__rosidl_typesupport_introspection_cpp.hpp
[5.148s] -- Up-to-date symlink: /home/zac/franka_ws/install/franka_msgs/include/franka_msgs/franka_msgs/srv/detail/set_full_collision_behavior__rosidl_typesupport_introspection_cpp.hpp
[5.149s] -- Up-to-date symlink: /home/zac/franka_ws/install/franka_msgs/include/franka_msgs/franka_msgs/srv/detail/set_joint_stiffness__rosidl_typesupport_introspection_cpp.hpp
[5.149s] -- Up-to-date symlink: /home/zac/franka_ws/install/franka_msgs/include/franka_msgs/franka_msgs/srv/detail/set_load__rosidl_typesupport_introspection_cpp.hpp
[5.149s] -- Up-to-date symlink: /home/zac/franka_ws/install/franka_msgs/include/franka_msgs/franka_msgs/srv/detail/set_stiffness_frame__rosidl_typesupport_introspection_cpp.hpp
[5.149s] -- Up-to-date symlink: /home/zac/franka_ws/install/franka_msgs/include/franka_msgs/franka_msgs/srv/detail/set_tcp_frame__rosidl_typesupport_introspection_cpp.hpp
[5.150s] -- Up-to-date symlink: /home/zac/franka_ws/install/franka_msgs/share/franka_msgs/environment/pythonpath.sh
[5.150s] -- Up-to-date symlink: /home/zac/franka_ws/install/franka_msgs/share/franka_msgs/environment/pythonpath.dsv
[5.151s] -- Up-to-date symlink: /home/zac/franka_ws/install/franka_msgs/local/lib/python3.10/dist-packages/franka_msgs-0.1.15-py3.10.egg-info/PKG-INFO
[5.151s] -- Up-to-date symlink: /home/zac/franka_ws/install/franka_msgs/local/lib/python3.10/dist-packages/franka_msgs-0.1.15-py3.10.egg-info/SOURCES.txt
[5.151s] -- Up-to-date symlink: /home/zac/franka_ws/install/franka_msgs/local/lib/python3.10/dist-packages/franka_msgs-0.1.15-py3.10.egg-info/dependency_links.txt
[5.152s] -- Up-to-date symlink: /home/zac/franka_ws/install/franka_msgs/local/lib/python3.10/dist-packages/franka_msgs-0.1.15-py3.10.egg-info/top_level.txt
[5.153s] -- Up-to-date symlink: /home/zac/franka_ws/install/franka_msgs/local/lib/python3.10/dist-packages/franka_msgs/__init__.py
[5.154s] -- Up-to-date symlink: /home/zac/franka_ws/install/franka_msgs/local/lib/python3.10/dist-packages/franka_msgs/_franka_msgs_s.ep.rosidl_typesupport_c.c
[5.154s] -- Up-to-date symlink: /home/zac/franka_ws/install/franka_msgs/local/lib/python3.10/dist-packages/franka_msgs/_franka_msgs_s.ep.rosidl_typesupport_fastrtps_c.c
[5.154s] -- Up-to-date symlink: /home/zac/franka_ws/install/franka_msgs/local/lib/python3.10/dist-packages/franka_msgs/_franka_msgs_s.ep.rosidl_typesupport_introspection_c.c
[5.155s] -- Up-to-date symlink: /home/zac/franka_ws/install/franka_msgs/local/lib/python3.10/dist-packages/franka_msgs/action/__init__.py
[5.155s] -- Up-to-date symlink: /home/zac/franka_ws/install/franka_msgs/local/lib/python3.10/dist-packages/franka_msgs/action/_error_recovery.py
[5.155s] -- Up-to-date symlink: /home/zac/franka_ws/install/franka_msgs/local/lib/python3.10/dist-packages/franka_msgs/action/_error_recovery_s.c
[5.155s] -- Up-to-date symlink: /home/zac/franka_ws/install/franka_msgs/local/lib/python3.10/dist-packages/franka_msgs/action/_grasp.py
[5.156s] -- Up-to-date symlink: /home/zac/franka_ws/install/franka_msgs/local/lib/python3.10/dist-packages/franka_msgs/action/_grasp_s.c
[5.156s] -- Up-to-date symlink: /home/zac/franka_ws/install/franka_msgs/local/lib/python3.10/dist-packages/franka_msgs/action/_homing.py
[5.156s] -- Up-to-date symlink: /home/zac/franka_ws/install/franka_msgs/local/lib/python3.10/dist-packages/franka_msgs/action/_homing_s.c
[5.157s] -- Up-to-date symlink: /home/zac/franka_ws/install/franka_msgs/local/lib/python3.10/dist-packages/franka_msgs/action/_move.py
[5.157s] -- Up-to-date symlink: /home/zac/franka_ws/install/franka_msgs/local/lib/python3.10/dist-packages/franka_msgs/action/_move_s.c
[5.157s] -- Up-to-date symlink: /home/zac/franka_ws/install/franka_msgs/local/lib/python3.10/dist-packages/franka_msgs/franka_msgs_s__rosidl_typesupport_c.cpython-310-x86_64-linux-gnu.so
[5.157s] -- Up-to-date symlink: /home/zac/franka_ws/install/franka_msgs/local/lib/python3.10/dist-packages/franka_msgs/franka_msgs_s__rosidl_typesupport_fastrtps_c.cpython-310-x86_64-linux-gnu.so
[5.158s] -- Up-to-date symlink: /home/zac/franka_ws/install/franka_msgs/local/lib/python3.10/dist-packages/franka_msgs/franka_msgs_s__rosidl_typesupport_introspection_c.cpython-310-x86_64-linux-gnu.so
[5.158s] -- Up-to-date symlink: /home/zac/franka_ws/install/franka_msgs/local/lib/python3.10/dist-packages/franka_msgs/libfranka_msgs__rosidl_generator_py.so
[5.158s] -- Up-to-date symlink: /home/zac/franka_ws/install/franka_msgs/local/lib/python3.10/dist-packages/franka_msgs/msg/__init__.py
[5.158s] -- Up-to-date symlink: /home/zac/franka_ws/install/franka_msgs/local/lib/python3.10/dist-packages/franka_msgs/msg/_collision_indicators.py
[5.159s] -- Up-to-date symlink: /home/zac/franka_ws/install/franka_msgs/local/lib/python3.10/dist-packages/franka_msgs/msg/_collision_indicators_s.c
[5.159s] -- Up-to-date symlink: /home/zac/franka_ws/install/franka_msgs/local/lib/python3.10/dist-packages/franka_msgs/msg/_elbow.py
[5.159s] -- Up-to-date symlink: /home/zac/franka_ws/install/franka_msgs/local/lib/python3.10/dist-packages/franka_msgs/msg/_elbow_s.c
[5.160s] -- Up-to-date symlink: /home/zac/franka_ws/install/franka_msgs/local/lib/python3.10/dist-packages/franka_msgs/msg/_errors.py
[5.160s] -- Up-to-date symlink: /home/zac/franka_ws/install/franka_msgs/local/lib/python3.10/dist-packages/franka_msgs/msg/_errors_s.c
[5.160s] -- Up-to-date symlink: /home/zac/franka_ws/install/franka_msgs/local/lib/python3.10/dist-packages/franka_msgs/msg/_franka_robot_state.py
[5.161s] -- Up-to-date symlink: /home/zac/franka_ws/install/franka_msgs/local/lib/python3.10/dist-packages/franka_msgs/msg/_franka_robot_state_s.c
[5.161s] -- Up-to-date symlink: /home/zac/franka_ws/install/franka_msgs/local/lib/python3.10/dist-packages/franka_msgs/msg/_grasp_epsilon.py
[5.161s] -- Up-to-date symlink: /home/zac/franka_ws/install/franka_msgs/local/lib/python3.10/dist-packages/franka_msgs/msg/_grasp_epsilon_s.c
[5.161s] -- Up-to-date symlink: /home/zac/franka_ws/install/franka_msgs/local/lib/python3.10/dist-packages/franka_msgs/srv/__init__.py
[5.162s] -- Up-to-date symlink: /home/zac/franka_ws/install/franka_msgs/local/lib/python3.10/dist-packages/franka_msgs/srv/_set_cartesian_stiffness.py
[5.162s] -- Up-to-date symlink: /home/zac/franka_ws/install/franka_msgs/local/lib/python3.10/dist-packages/franka_msgs/srv/_set_cartesian_stiffness_s.c
[5.162s] -- Up-to-date symlink: /home/zac/franka_ws/install/franka_msgs/local/lib/python3.10/dist-packages/franka_msgs/srv/_set_force_torque_collision_behavior.py
[5.163s] -- Up-to-date symlink: /home/zac/franka_ws/install/franka_msgs/local/lib/python3.10/dist-packages/franka_msgs/srv/_set_force_torque_collision_behavior_s.c
[5.163s] -- Up-to-date symlink: /home/zac/franka_ws/install/franka_msgs/local/lib/python3.10/dist-packages/franka_msgs/srv/_set_full_collision_behavior.py
[5.163s] -- Up-to-date symlink: /home/zac/franka_ws/install/franka_msgs/local/lib/python3.10/dist-packages/franka_msgs/srv/_set_full_collision_behavior_s.c
[5.164s] -- Up-to-date symlink: /home/zac/franka_ws/install/franka_msgs/local/lib/python3.10/dist-packages/franka_msgs/srv/_set_joint_stiffness.py
[5.164s] -- Up-to-date symlink: /home/zac/franka_ws/install/franka_msgs/local/lib/python3.10/dist-packages/franka_msgs/srv/_set_joint_stiffness_s.c
[5.164s] -- Up-to-date symlink: /home/zac/franka_ws/install/franka_msgs/local/lib/python3.10/dist-packages/franka_msgs/srv/_set_load.py
[5.164s] -- Up-to-date symlink: /home/zac/franka_ws/install/franka_msgs/local/lib/python3.10/dist-packages/franka_msgs/srv/_set_load_s.c
[5.165s] -- Up-to-date symlink: /home/zac/franka_ws/install/franka_msgs/local/lib/python3.10/dist-packages/franka_msgs/srv/_set_stiffness_frame.py
[5.165s] -- Up-to-date symlink: /home/zac/franka_ws/install/franka_msgs/local/lib/python3.10/dist-packages/franka_msgs/srv/_set_stiffness_frame_s.c
[5.165s] -- Up-to-date symlink: /home/zac/franka_ws/install/franka_msgs/local/lib/python3.10/dist-packages/franka_msgs/srv/_set_tcp_frame.py
[5.166s] -- Up-to-date symlink: /home/zac/franka_ws/install/franka_msgs/local/lib/python3.10/dist-packages/franka_msgs/srv/_set_tcp_frame_s.c
[5.166s] -- Up-to-date symlink: /home/zac/franka_ws/install/franka_msgs/local/lib/python3.10/dist-packages/franka_msgs/franka_msgs_s__rosidl_typesupport_fastrtps_c.cpython-310-x86_64-linux-gnu.so
[5.167s] -- Up-to-date symlink: /home/zac/franka_ws/install/franka_msgs/local/lib/python3.10/dist-packages/franka_msgs/franka_msgs_s__rosidl_typesupport_introspection_c.cpython-310-x86_64-linux-gnu.so
[5.167s] -- Up-to-date symlink: /home/zac/franka_ws/install/franka_msgs/local/lib/python3.10/dist-packages/franka_msgs/franka_msgs_s__rosidl_typesupport_c.cpython-310-x86_64-linux-gnu.so
[5.168s] -- Up-to-date symlink: /home/zac/franka_ws/install/franka_msgs/share/franka_msgs/action/ErrorRecovery.idl
[5.168s] -- Up-to-date symlink: /home/zac/franka_ws/install/franka_msgs/share/franka_msgs/action/Grasp.idl
[5.169s] -- Up-to-date symlink: /home/zac/franka_ws/install/franka_msgs/share/franka_msgs/action/Homing.idl
[5.169s] -- Up-to-date symlink: /home/zac/franka_ws/install/franka_msgs/share/franka_msgs/action/Move.idl
[5.169s] -- Up-to-date symlink: /home/zac/franka_ws/install/franka_msgs/share/franka_msgs/msg/CollisionIndicators.idl
[5.170s] -- Up-to-date symlink: /home/zac/franka_ws/install/franka_msgs/share/franka_msgs/msg/Elbow.idl
[5.170s] -- Up-to-date symlink: /home/zac/franka_ws/install/franka_msgs/share/franka_msgs/msg/Errors.idl
[5.170s] -- Up-to-date symlink: /home/zac/franka_ws/install/franka_msgs/share/franka_msgs/msg/GraspEpsilon.idl
[5.171s] -- Up-to-date symlink: /home/zac/franka_ws/install/franka_msgs/share/franka_msgs/msg/FrankaRobotState.idl
[5.171s] -- Up-to-date symlink: /home/zac/franka_ws/install/franka_msgs/share/franka_msgs/srv/SetCartesianStiffness.idl
[5.172s] -- Up-to-date symlink: /home/zac/franka_ws/install/franka_msgs/share/franka_msgs/srv/SetTCPFrame.idl
[5.172s] -- Up-to-date symlink: /home/zac/franka_ws/install/franka_msgs/share/franka_msgs/srv/SetForceTorqueCollisionBehavior.idl
[5.172s] -- Up-to-date symlink: /home/zac/franka_ws/install/franka_msgs/share/franka_msgs/srv/SetFullCollisionBehavior.idl
[5.173s] -- Up-to-date symlink: /home/zac/franka_ws/install/franka_msgs/share/franka_msgs/srv/SetJointStiffness.idl
[5.173s] -- Up-to-date symlink: /home/zac/franka_ws/install/franka_msgs/share/franka_msgs/srv/SetStiffnessFrame.idl
[5.173s] -- Up-to-date symlink: /home/zac/franka_ws/install/franka_msgs/share/franka_msgs/srv/SetLoad.idl
[5.174s] -- Up-to-date symlink: /home/zac/franka_ws/install/franka_msgs/share/franka_msgs/action/ErrorRecovery.action
[5.174s] -- Up-to-date symlink: /home/zac/franka_ws/install/franka_msgs/share/franka_msgs/action/Grasp.action
[5.175s] -- Up-to-date symlink: /home/zac/franka_ws/install/franka_msgs/share/franka_msgs/action/Homing.action
[5.175s] -- Up-to-date symlink: /home/zac/franka_ws/install/franka_msgs/share/franka_msgs/action/Move.action
[5.175s] -- Up-to-date symlink: /home/zac/franka_ws/install/franka_msgs/share/franka_msgs/msg/CollisionIndicators.msg
[5.176s] -- Up-to-date symlink: /home/zac/franka_ws/install/franka_msgs/share/franka_msgs/msg/Elbow.msg
[5.176s] -- Up-to-date symlink: /home/zac/franka_ws/install/franka_msgs/share/franka_msgs/msg/Errors.msg
[5.176s] -- Up-to-date symlink: /home/zac/franka_ws/install/franka_msgs/share/franka_msgs/msg/GraspEpsilon.msg
[5.177s] -- Up-to-date symlink: /home/zac/franka_ws/install/franka_msgs/share/franka_msgs/msg/FrankaRobotState.msg
[5.177s] -- Up-to-date symlink: /home/zac/franka_ws/install/franka_msgs/share/franka_msgs/srv/SetCartesianStiffness.srv
[5.178s] -- Up-to-date symlink: /home/zac/franka_ws/install/franka_msgs/share/franka_msgs/srv/SetCartesianStiffness_Request.msg
[5.178s] -- Up-to-date symlink: /home/zac/franka_ws/install/franka_msgs/share/franka_msgs/srv/SetCartesianStiffness_Response.msg
[5.178s] -- Up-to-date symlink: /home/zac/franka_ws/install/franka_msgs/share/franka_msgs/srv/SetTCPFrame.srv
[5.179s] -- Up-to-date symlink: /home/zac/franka_ws/install/franka_msgs/share/franka_msgs/srv/SetTCPFrame_Request.msg
[5.179s] -- Up-to-date symlink: /home/zac/franka_ws/install/franka_msgs/share/franka_msgs/srv/SetTCPFrame_Response.msg
[5.179s] -- Up-to-date symlink: /home/zac/franka_ws/install/franka_msgs/share/franka_msgs/srv/SetForceTorqueCollisionBehavior.srv
[5.179s] -- Up-to-date symlink: /home/zac/franka_ws/install/franka_msgs/share/franka_msgs/srv/SetForceTorqueCollisionBehavior_Request.msg
[5.180s] -- Up-to-date symlink: /home/zac/franka_ws/install/franka_msgs/share/franka_msgs/srv/SetForceTorqueCollisionBehavior_Response.msg
[5.180s] -- Up-to-date symlink: /home/zac/franka_ws/install/franka_msgs/share/franka_msgs/srv/SetFullCollisionBehavior.srv
[5.180s] -- Up-to-date symlink: /home/zac/franka_ws/install/franka_msgs/share/franka_msgs/srv/SetFullCollisionBehavior_Request.msg
[5.180s] -- Up-to-date symlink: /home/zac/franka_ws/install/franka_msgs/share/franka_msgs/srv/SetFullCollisionBehavior_Response.msg
[5.180s] -- Up-to-date symlink: /home/zac/franka_ws/install/franka_msgs/share/franka_msgs/srv/SetJointStiffness.srv
[5.181s] -- Up-to-date symlink: /home/zac/franka_ws/install/franka_msgs/share/franka_msgs/srv/SetJointStiffness_Request.msg
[5.181s] -- Up-to-date symlink: /home/zac/franka_ws/install/franka_msgs/share/franka_msgs/srv/SetJointStiffness_Response.msg
[5.181s] -- Up-to-date symlink: /home/zac/franka_ws/install/franka_msgs/share/franka_msgs/srv/SetStiffnessFrame.srv
[5.181s] -- Up-to-date symlink: /home/zac/franka_ws/install/franka_msgs/share/franka_msgs/srv/SetStiffnessFrame_Request.msg
[5.182s] -- Up-to-date symlink: /home/zac/franka_ws/install/franka_msgs/share/franka_msgs/srv/SetStiffnessFrame_Response.msg
[5.182s] -- Up-to-date symlink: /home/zac/franka_ws/install/franka_msgs/share/franka_msgs/srv/SetLoad.srv
[5.182s] -- Up-to-date symlink: /home/zac/franka_ws/install/franka_msgs/share/franka_msgs/srv/SetLoad_Request.msg
[5.182s] -- Up-to-date symlink: /home/zac/franka_ws/install/franka_msgs/share/franka_msgs/srv/SetLoad_Response.msg
[5.183s] -- Up-to-date symlink: /home/zac/franka_ws/install/franka_msgs/share/ament_index/resource_index/package_run_dependencies/franka_msgs
[5.183s] -- Up-to-date symlink: /home/zac/franka_ws/install/franka_msgs/share/ament_index/resource_index/parent_prefix_path/franka_msgs
[5.183s] -- Up-to-date symlink: /home/zac/franka_ws/install/franka_msgs/share/franka_msgs/environment/ament_prefix_path.sh
[5.184s] -- Up-to-date symlink: /home/zac/franka_ws/install/franka_msgs/share/franka_msgs/environment/ament_prefix_path.dsv
[5.184s] -- Up-to-date symlink: /home/zac/franka_ws/install/franka_msgs/share/franka_msgs/environment/path.sh
[5.184s] -- Up-to-date symlink: /home/zac/franka_ws/install/franka_msgs/share/franka_msgs/environment/path.dsv
[5.185s] -- Up-to-date symlink: /home/zac/franka_ws/install/franka_msgs/share/franka_msgs/local_setup.bash
[5.185s] -- Up-to-date symlink: /home/zac/franka_ws/install/franka_msgs/share/franka_msgs/local_setup.sh
[5.185s] -- Up-to-date symlink: /home/zac/franka_ws/install/franka_msgs/share/franka_msgs/local_setup.zsh
[5.186s] -- Up-to-date symlink: /home/zac/franka_ws/install/franka_msgs/share/franka_msgs/local_setup.dsv
[5.186s] -- Symlinking: /home/zac/franka_ws/install/franka_msgs/share/franka_msgs/package.dsv
[5.206s] -- Up-to-date symlink: /home/zac/franka_ws/install/franka_msgs/share/ament_index/resource_index/packages/franka_msgs
[5.207s] -- Up-to-date symlink: /home/zac/franka_ws/install/franka_msgs/share/franka_msgs/cmake/rosidl_cmake-extras.cmake
[5.207s] -- Up-to-date symlink: /home/zac/franka_ws/install/franka_msgs/share/franka_msgs/cmake/ament_cmake_export_dependencies-extras.cmake
[5.207s] -- Up-to-date symlink: /home/zac/franka_ws/install/franka_msgs/share/franka_msgs/cmake/ament_cmake_export_include_directories-extras.cmake
[5.208s] -- Up-to-date symlink: /home/zac/franka_ws/install/franka_msgs/share/franka_msgs/cmake/ament_cmake_export_libraries-extras.cmake
[5.208s] -- Up-to-date symlink: /home/zac/franka_ws/install/franka_msgs/share/franka_msgs/cmake/ament_cmake_export_targets-extras.cmake
[5.209s] -- Up-to-date symlink: /home/zac/franka_ws/install/franka_msgs/share/franka_msgs/cmake/rosidl_cmake_export_typesupport_targets-extras.cmake
[5.209s] -- Up-to-date symlink: /home/zac/franka_ws/install/franka_msgs/share/franka_msgs/cmake/rosidl_cmake_export_typesupport_libraries-extras.cmake
[5.209s] -- Up-to-date symlink: /home/zac/franka_ws/install/franka_msgs/share/franka_msgs/cmake/franka_msgsConfig.cmake
[5.210s] -- Up-to-date symlink: /home/zac/franka_ws/install/franka_msgs/share/franka_msgs/cmake/franka_msgsConfig-version.cmake
[5.210s] -- Up-to-date symlink: /home/zac/franka_ws/install/franka_msgs/share/franka_msgs/package.xml
[5.211s] -- Up-to-date: /home/zac/franka_ws/install/franka_msgs/lib/libfranka_msgs__rosidl_generator_c.so
[5.212s] -- Up-to-date: /home/zac/franka_ws/install/franka_msgs/lib/libfranka_msgs__rosidl_typesupport_fastrtps_c.so
[5.212s] -- Up-to-date: /home/zac/franka_ws/install/franka_msgs/lib/libfranka_msgs__rosidl_typesupport_introspection_c.so
[5.213s] -- Up-to-date: /home/zac/franka_ws/install/franka_msgs/lib/libfranka_msgs__rosidl_typesupport_c.so
[5.213s] -- Up-to-date: /home/zac/franka_ws/install/franka_msgs/lib/libfranka_msgs__rosidl_typesupport_fastrtps_cpp.so
[5.214s] -- Up-to-date: /home/zac/franka_ws/install/franka_msgs/lib/libfranka_msgs__rosidl_typesupport_introspection_cpp.so
[5.215s] -- Up-to-date: /home/zac/franka_ws/install/franka_msgs/lib/libfranka_msgs__rosidl_typesupport_cpp.so
[5.270s] Listing '/home/zac/franka_ws/install/franka_msgs/local/lib/python3.10/dist-packages/franka_msgs'...
[5.270s] Compiling '/home/zac/franka_ws/install/franka_msgs/local/lib/python3.10/dist-packages/franka_msgs/__init__.py'...
[5.270s] Listing '/home/zac/franka_ws/install/franka_msgs/local/lib/python3.10/dist-packages/franka_msgs/action'...
[5.270s] Listing '/home/zac/franka_ws/install/franka_msgs/local/lib/python3.10/dist-packages/franka_msgs/msg'...
[5.271s] Listing '/home/zac/franka_ws/install/franka_msgs/local/lib/python3.10/dist-packages/franka_msgs/srv'...
[5.277s] -- Up-to-date: /home/zac/franka_ws/install/franka_msgs/lib/libfranka_msgs__rosidl_generator_py.so
[5.277s] -- Up-to-date: /home/zac/franka_ws/install/franka_msgs/share/franka_msgs/cmake/export_franka_msgs__rosidl_generator_cExport.cmake
[5.278s] -- Up-to-date: /home/zac/franka_ws/install/franka_msgs/share/franka_msgs/cmake/export_franka_msgs__rosidl_generator_cExport-release.cmake
[5.278s] -- Up-to-date: /home/zac/franka_ws/install/franka_msgs/share/franka_msgs/cmake/export_franka_msgs__rosidl_typesupport_fastrtps_cExport.cmake
[5.278s] -- Up-to-date: /home/zac/franka_ws/install/franka_msgs/share/franka_msgs/cmake/export_franka_msgs__rosidl_typesupport_fastrtps_cExport-release.cmake
[5.278s] -- Up-to-date: /home/zac/franka_ws/install/franka_msgs/share/franka_msgs/cmake/franka_msgs__rosidl_typesupport_introspection_cExport.cmake
[5.278s] -- Up-to-date: /home/zac/franka_ws/install/franka_msgs/share/franka_msgs/cmake/franka_msgs__rosidl_typesupport_introspection_cExport-release.cmake
[5.279s] -- Up-to-date: /home/zac/franka_ws/install/franka_msgs/share/franka_msgs/cmake/franka_msgs__rosidl_typesupport_cExport.cmake
[5.279s] -- Up-to-date: /home/zac/franka_ws/install/franka_msgs/share/franka_msgs/cmake/franka_msgs__rosidl_typesupport_cExport-release.cmake
[5.279s] -- Up-to-date: /home/zac/franka_ws/install/franka_msgs/share/franka_msgs/cmake/export_franka_msgs__rosidl_generator_cppExport.cmake
[5.279s] -- Up-to-date: /home/zac/franka_ws/install/franka_msgs/share/franka_msgs/cmake/export_franka_msgs__rosidl_typesupport_fastrtps_cppExport.cmake
[5.279s] -- Up-to-date: /home/zac/franka_ws/install/franka_msgs/share/franka_msgs/cmake/export_franka_msgs__rosidl_typesupport_fastrtps_cppExport-release.cmake
[5.280s] -- Up-to-date: /home/zac/franka_ws/install/franka_msgs/share/franka_msgs/cmake/franka_msgs__rosidl_typesupport_introspection_cppExport.cmake
[5.280s] -- Up-to-date: /home/zac/franka_ws/install/franka_msgs/share/franka_msgs/cmake/franka_msgs__rosidl_typesupport_introspection_cppExport-release.cmake
[5.280s] -- Up-to-date: /home/zac/franka_ws/install/franka_msgs/share/franka_msgs/cmake/franka_msgs__rosidl_typesupport_cppExport.cmake
[5.280s] -- Up-to-date: /home/zac/franka_ws/install/franka_msgs/share/franka_msgs/cmake/franka_msgs__rosidl_typesupport_cppExport-release.cmake
[5.281s] -- Up-to-date: /home/zac/franka_ws/install/franka_msgs/share/franka_msgs/cmake/export_franka_msgs__rosidl_generator_pyExport.cmake
[5.281s] -- Up-to-date: /home/zac/franka_ws/install/franka_msgs/share/franka_msgs/cmake/export_franka_msgs__rosidl_generator_pyExport-release.cmake
[5.286s] Invoked command in '/home/zac/franka_ws/build/franka_msgs' returned '0': CMAKE_PREFIX_PATH=${CMAKE_PREFIX_PATH}:/home/zac/franka_ws/install/moveit_configs_utils:/opt/ros/humble /usr/bin/cmake --install /home/zac/franka_ws/build/franka_msgs
