[0.110s] Invoking command in '/home/zac/franka_ws/build/chomp_motion_planner': AMENT_PREFIX_PATH=/home/zac/franka_ws/install/moveit_core:/home/zac/franka_ws/install/moveit_common:${AMENT_PREFIX_PATH} CMAKE_PREFIX_PATH=/home/zac/franka_ws/install/moveit_core:/home/zac/franka_ws/install/moveit_common:/opt/ros/humble LD_LIBRARY_PATH=/home/zac/franka_ws/install/moveit_core/lib:${LD_LIBRARY_PATH} PATH=/home/zac/franka_ws/install/moveit_core/bin:${PATH} /usr/bin/cmake /home/zac/franka_ws/src/moveit2/moveit_planners/chomp/chomp_motion_planner -DAMENT_CMAKE_SYMLINK_INSTALL=1 -DCMAKE_INSTALL_PREFIX=/home/zac/franka_ws/install/chomp_motion_planner
[0.153s] -- Found moveit_common: 2.5.5 (/home/zac/franka_ws/install/moveit_common/share/moveit_common/cmake)
[0.157s] -- Found ament_cmake: 1.3.10 (/opt/ros/humble/share/ament_cmake/cmake)
[0.496s] -- Override CMake install command with custom implementation using symlinks instead of copying resources
[0.727s] -- Found moveit_core: 2.5.5 (/home/zac/franka_ws/install/moveit_core/share/moveit_core/cmake)
[0.728s] [0mchomp_motion_planner: You did not request a specific build type: Choosing 'Release' for maximum performance[0m
[0.795s] -- Found Boost: /usr/lib/x86_64-linux-gnu/cmake/Boost-1.74.0/BoostConfig.cmake (found version "1.74.0") found components: chrono date_time filesystem iostreams program_options regex serialization system thread 
[0.919s] -- Found parameter_traits: 0.3.8 (/opt/ros/humble/share/parameter_traits/cmake)
[1.009s] -- Found rosidl_generator_c: 3.1.5 (/opt/ros/humble/share/rosidl_generator_c/cmake)
[1.017s] -- Found rosidl_adapter: 3.1.5 (/opt/ros/humble/share/rosidl_adapter/cmake)
[1.034s] -- Found rosidl_generator_cpp: 3.1.5 (/opt/ros/humble/share/rosidl_generator_cpp/cmake)
[1.082s] -- Using all available rosidl_typesupport_c: rosidl_typesupport_fastrtps_c;rosidl_typesupport_introspection_c
[1.124s] -- Using all available rosidl_typesupport_cpp: rosidl_typesupport_fastrtps_cpp;rosidl_typesupport_introspection_cpp
[1.235s] -- Found rmw_implementation_cmake: 6.1.2 (/opt/ros/humble/share/rmw_implementation_cmake/cmake)
[1.238s] -- Found rmw_fastrtps_cpp: 6.2.7 (/opt/ros/humble/share/rmw_fastrtps_cpp/cmake)
[1.745s] -- Using RMW implementation 'rmw_fastrtps_cpp' as default
[1.926s] -- Found rclcpp_lifecycle: 16.0.10 (/opt/ros/humble/share/rclcpp_lifecycle/cmake)
[1.979s] -- Found Boost: /usr/lib/x86_64-linux-gnu/cmake/Boost-1.74.0/BoostConfig.cmake (found version "1.74.0") found components: filesystem 
[2.141s] -- library: /usr/lib/x86_64-linux-gnu/libcurl.so
[2.319s] -- Ensuring Eigen3 include directory is part of orocos-kdl CMake target
[3.114s] -- Found ament_lint_auto: 0.12.11 (/opt/ros/humble/share/ament_lint_auto/cmake)
[3.200s] -- Added test 'cppcheck' to perform static code analysis on C / C++ code
[3.201s] -- Configured cppcheck include dirs: /home/zac/franka_ws/src/moveit2/moveit_planners/chomp/chomp_motion_planner/include
[3.201s] -- Configured cppcheck exclude dirs and/or files: 
[3.205s] -- Added test 'xmllint' to check XML markup files
[3.223s] -- Configuring done
[3.297s] -- Generating done
[3.304s] -- Build files have been written to: /home/zac/franka_ws/build/chomp_motion_planner
