[1.534s] Invoking command in '/home/zac/franka_ws/build/moveit_configs_utils': PYTHONPATH=/home/zac/franka_ws/build/moveit_configs_utils/prefix_override:/usr/lib/python3/dist-packages/colcon_core/task/python/colcon_distutils_commands:/home/zac/franka_ws/install/moveit_configs_utils/lib/python3.10/site-packages:${PYTHONPATH} /usr/bin/python3 -W ignore:setup.py install is deprecated setup.py develop --editable --build-directory /home/zac/franka_ws/build/moveit_configs_utils/build --no-deps symlink_data --force
[2.073s] running develop
[2.073s] /usr/lib/python3/dist-packages/setuptools/command/easy_install.py:158: EasyInstallDeprecationWarning: easy_install command is deprecated. Use build and pip and other standards-based tools.
[2.073s]   warnings.warn(
[2.477s] running egg_info
[2.478s] writing moveit_configs_utils.egg-info/PKG-INFO
[2.478s] writing dependency_links to moveit_configs_utils.egg-info/dependency_links.txt
[2.478s] writing entry points to moveit_configs_utils.egg-info/entry_points.txt
[2.479s] writing requirements to moveit_configs_utils.egg-info/requires.txt
[2.479s] writing top-level names to moveit_configs_utils.egg-info/top_level.txt
[2.483s] reading manifest file 'moveit_configs_utils.egg-info/SOURCES.txt'
[2.486s] writing manifest file 'moveit_configs_utils.egg-info/SOURCES.txt'
[2.488s] running build_ext
[2.489s] Creating /home/zac/franka_ws/install/moveit_configs_utils/lib/python3.10/site-packages/moveit-configs-utils.egg-link (link to .)
[2.491s] 
[2.491s] Installed /home/zac/franka_ws/build/moveit_configs_utils
[2.491s] running symlink_data
[2.491s] symbolically linking /home/zac/franka_ws/build/moveit_configs_utils/resource/moveit_configs_utils -> /home/zac/franka_ws/install/moveit_configs_utils/share/ament_index/resource_index/packages
[2.492s] symbolically linking /home/zac/franka_ws/build/moveit_configs_utils/package.xml -> /home/zac/franka_ws/install/moveit_configs_utils/share/moveit_configs_utils
[2.492s] symbolically linking /home/zac/franka_ws/build/moveit_configs_utils/default_configs/pilz_industrial_motion_planner_planning.yaml -> /home/zac/franka_ws/install/moveit_configs_utils/share/moveit_configs_utils/default_configs
[2.493s] symbolically linking /home/zac/franka_ws/build/moveit_configs_utils/default_configs/ompl_planning.yaml -> /home/zac/franka_ws/install/moveit_configs_utils/share/moveit_configs_utils/default_configs
[2.493s] symbolically linking /home/zac/franka_ws/build/moveit_configs_utils/default_configs/chomp_planning.yaml -> /home/zac/franka_ws/install/moveit_configs_utils/share/moveit_configs_utils/default_configs
[2.494s] symbolically linking /home/zac/franka_ws/build/moveit_configs_utils/default_configs/ompl_defaults.yaml -> /home/zac/franka_ws/install/moveit_configs_utils/share/moveit_configs_utils/default_configs
[2.546s] Invoked command in '/home/zac/franka_ws/build/moveit_configs_utils' returned '0': PYTHONPATH=/home/zac/franka_ws/build/moveit_configs_utils/prefix_override:/usr/lib/python3/dist-packages/colcon_core/task/python/colcon_distutils_commands:/home/zac/franka_ws/install/moveit_configs_utils/lib/python3.10/site-packages:${PYTHONPATH} /usr/bin/python3 -W ignore:setup.py install is deprecated setup.py develop --editable --build-directory /home/zac/franka_ws/build/moveit_configs_utils/build --no-deps symlink_data --force
