[0.038s] Invoking command in '/home/zac/franka_ws/build/franka_gazebo_bringup': AMENT_PREFIX_PATH=/home/zac/franka_ws/install/franka_ign_ros2_control:/home/zac/franka_ws/install/franka_hardware:/home/zac/franka_ws/install/franka_msgs:/home/zac/franka_ws/install/franka_description:${AMENT_PREFIX_PATH} CMAKE_PREFIX_PATH=/home/zac/franka_ws/install/franka_ign_ros2_control:/home/zac/franka_ws/install/franka_hardware:/home/zac/franka_ws/install/franka_msgs:/home/zac/franka_ws/install/franka_description:/opt/ros/humble LD_LIBRARY_PATH=/home/zac/franka_ws/install/franka_ign_ros2_control/lib:/home/zac/franka_ws/install/franka_hardware/lib:/home/zac/franka_ws/install/franka_msgs/lib:${LD_LIBRARY_PATH} PYTHONPATH=/home/zac/franka_ws/install/franka_msgs/local/lib/python3.10/dist-packages:${PYTHONPATH} /usr/bin/cmake --build /home/zac/franka_ws/build/franka_gazebo_bringup -- -j8 -l8
[0.101s] Invoked command in '/home/zac/franka_ws/build/franka_gazebo_bringup' returned '0': AMENT_PREFIX_PATH=/home/zac/franka_ws/install/franka_ign_ros2_control:/home/zac/franka_ws/install/franka_hardware:/home/zac/franka_ws/install/franka_msgs:/home/zac/franka_ws/install/franka_description:${AMENT_PREFIX_PATH} CMAKE_PREFIX_PATH=/home/zac/franka_ws/install/franka_ign_ros2_control:/home/zac/franka_ws/install/franka_hardware:/home/zac/franka_ws/install/franka_msgs:/home/zac/franka_ws/install/franka_description:/opt/ros/humble LD_LIBRARY_PATH=/home/zac/franka_ws/install/franka_ign_ros2_control/lib:/home/zac/franka_ws/install/franka_hardware/lib:/home/zac/franka_ws/install/franka_msgs/lib:${LD_LIBRARY_PATH} PYTHONPATH=/home/zac/franka_ws/install/franka_msgs/local/lib/python3.10/dist-packages:${PYTHONPATH} /usr/bin/cmake --build /home/zac/franka_ws/build/franka_gazebo_bringup -- -j8 -l8
[0.143s] Invoking command in '/home/zac/franka_ws/build/franka_gazebo_bringup': AMENT_PREFIX_PATH=/home/zac/franka_ws/install/franka_ign_ros2_control:/home/zac/franka_ws/install/franka_hardware:/home/zac/franka_ws/install/franka_msgs:/home/zac/franka_ws/install/franka_description:${AMENT_PREFIX_PATH} CMAKE_PREFIX_PATH=/home/zac/franka_ws/install/franka_ign_ros2_control:/home/zac/franka_ws/install/franka_hardware:/home/zac/franka_ws/install/franka_msgs:/home/zac/franka_ws/install/franka_description:/opt/ros/humble LD_LIBRARY_PATH=/home/zac/franka_ws/install/franka_ign_ros2_control/lib:/home/zac/franka_ws/install/franka_hardware/lib:/home/zac/franka_ws/install/franka_msgs/lib:${LD_LIBRARY_PATH} PYTHONPATH=/home/zac/franka_ws/install/franka_msgs/local/lib/python3.10/dist-packages:${PYTHONPATH} /usr/bin/cmake --install /home/zac/franka_ws/build/franka_gazebo_bringup
[0.155s] -- Install configuration: "Release"
[0.156s] -- Execute custom install script
[0.156s] -- Up-to-date symlink: /home/zac/franka_ws/install/franka_gazebo_bringup/share/franka_gazebo_bringup/launch/gazebo_joint_impedance_controller_example.launch.py
[0.157s] -- Up-to-date symlink: /home/zac/franka_ws/install/franka_gazebo_bringup/share/franka_gazebo_bringup/launch/gazebo_joint_position_controller_example.launch.py
[0.157s] -- Up-to-date symlink: /home/zac/franka_ws/install/franka_gazebo_bringup/share/franka_gazebo_bringup/launch/gazebo_joint_velocity_controller_example.launch.py
[0.158s] -- Up-to-date symlink: /home/zac/franka_ws/install/franka_gazebo_bringup/share/franka_gazebo_bringup/launch/visualize_franka_robot.launch.py
[0.158s] -- Up-to-date symlink: /home/zac/franka_ws/install/franka_gazebo_bringup/share/franka_gazebo_bringup/config/franka_gazebo_controllers.yaml
[0.158s] -- Up-to-date symlink: /home/zac/franka_ws/install/franka_gazebo_bringup/share/ament_index/resource_index/package_run_dependencies/franka_gazebo_bringup
[0.159s] -- Up-to-date symlink: /home/zac/franka_ws/install/franka_gazebo_bringup/share/ament_index/resource_index/parent_prefix_path/franka_gazebo_bringup
[0.159s] -- Up-to-date symlink: /home/zac/franka_ws/install/franka_gazebo_bringup/share/franka_gazebo_bringup/environment/ament_prefix_path.sh
[0.159s] -- Up-to-date symlink: /home/zac/franka_ws/install/franka_gazebo_bringup/share/franka_gazebo_bringup/environment/ament_prefix_path.dsv
[0.160s] -- Up-to-date symlink: /home/zac/franka_ws/install/franka_gazebo_bringup/share/franka_gazebo_bringup/environment/path.sh
[0.160s] -- Up-to-date symlink: /home/zac/franka_ws/install/franka_gazebo_bringup/share/franka_gazebo_bringup/environment/path.dsv
[0.162s] -- Up-to-date symlink: /home/zac/franka_ws/install/franka_gazebo_bringup/share/franka_gazebo_bringup/local_setup.bash
[0.163s] -- Up-to-date symlink: /home/zac/franka_ws/install/franka_gazebo_bringup/share/franka_gazebo_bringup/local_setup.sh
[0.164s] -- Up-to-date symlink: /home/zac/franka_ws/install/franka_gazebo_bringup/share/franka_gazebo_bringup/local_setup.zsh
[0.164s] -- Up-to-date symlink: /home/zac/franka_ws/install/franka_gazebo_bringup/share/franka_gazebo_bringup/local_setup.dsv
[0.164s] -- Symlinking: /home/zac/franka_ws/install/franka_gazebo_bringup/share/franka_gazebo_bringup/package.dsv
[0.176s] -- Up-to-date symlink: /home/zac/franka_ws/install/franka_gazebo_bringup/share/ament_index/resource_index/packages/franka_gazebo_bringup
[0.177s] -- Up-to-date symlink: /home/zac/franka_ws/install/franka_gazebo_bringup/share/franka_gazebo_bringup/cmake/franka_gazebo_bringupConfig.cmake
[0.178s] -- Up-to-date symlink: /home/zac/franka_ws/install/franka_gazebo_bringup/share/franka_gazebo_bringup/cmake/franka_gazebo_bringupConfig-version.cmake
[0.178s] -- Up-to-date symlink: /home/zac/franka_ws/install/franka_gazebo_bringup/share/franka_gazebo_bringup/package.xml
[0.185s] Invoked command in '/home/zac/franka_ws/build/franka_gazebo_bringup' returned '0': AMENT_PREFIX_PATH=/home/zac/franka_ws/install/franka_ign_ros2_control:/home/zac/franka_ws/install/franka_hardware:/home/zac/franka_ws/install/franka_msgs:/home/zac/franka_ws/install/franka_description:${AMENT_PREFIX_PATH} CMAKE_PREFIX_PATH=/home/zac/franka_ws/install/franka_ign_ros2_control:/home/zac/franka_ws/install/franka_hardware:/home/zac/franka_ws/install/franka_msgs:/home/zac/franka_ws/install/franka_description:/opt/ros/humble LD_LIBRARY_PATH=/home/zac/franka_ws/install/franka_ign_ros2_control/lib:/home/zac/franka_ws/install/franka_hardware/lib:/home/zac/franka_ws/install/franka_msgs/lib:${LD_LIBRARY_PATH} PYTHONPATH=/home/zac/franka_ws/install/franka_msgs/local/lib/python3.10/dist-packages:${PYTHONPATH} /usr/bin/cmake --install /home/zac/franka_ws/build/franka_gazebo_bringup
