[0.049s] Invoking command in '/home/zac/franka_ws/build/moveit_simple_controller_manager': AMENT_PREFIX_PATH=/home/zac/franka_ws/install/moveit_core:${AMENT_PREFIX_PATH} CMAKE_PREFIX_PATH=/home/zac/franka_ws/install/moveit_core:/home/zac/franka_ws/install/moveit_common:/home/zac/franka_ws/install/moveit_resources_prbt_support:/home/zac/franka_ws/install/joint_trajectory_controller:/home/zac/franka_ws/install/integration_launch_testing:/home/zac/franka_ws/install/franka_bringup:/home/zac/franka_ws/install/franka_robot_state_broadcaster:/home/zac/franka_ws/install/franka_example_controllers:/home/zac/franka_ws/install/franka_semantic_components:/home/zac/franka_ws/install/franka_gazebo_bringup:/home/zac/franka_ws/install/franka_ign_ros2_control:/home/zac/franka_ws/install/franka_fr3_moveit_config:/home/zac/franka_ws/install/franka_hardware:/home/zac/franka_ws/install/franka_gripper:/home/zac/franka_ws/install/franka_msgs:/home/zac/franka_ws/install/franka_description:/home/zac/franka_ws/install/moveit_configs_utils:/opt/ros/humble LD_LIBRARY_PATH=/home/zac/franka_ws/install/moveit_core/lib:${LD_LIBRARY_PATH} PATH=/home/zac/franka_ws/install/moveit_core/bin:${PATH} /usr/bin/cmake /home/zac/franka_ws/src/moveit2/moveit_plugins/moveit_simple_controller_manager -DCMAKE_INSTALL_PREFIX=/home/zac/franka_ws/install/moveit_simple_controller_manager
[0.157s] -- The C compiler identification is GNU 11.4.0
[0.263s] -- The CXX compiler identification is GNU 11.4.0
[0.278s] -- Detecting C compiler ABI info
[0.424s] -- Detecting C compiler ABI info - done
[0.438s] -- Check for working C compiler: /usr/bin/cc - skipped
[0.439s] -- Detecting C compile features
[0.440s] -- Detecting C compile features - done
[0.445s] -- Detecting CXX compiler ABI info
[0.610s] -- Detecting CXX compiler ABI info - done
[0.626s] -- Check for working CXX compiler: /usr/bin/c++ - skipped
[0.627s] -- Detecting CXX compile features
[0.628s] -- Detecting CXX compile features - done
[0.630s] -- Found moveit_common: 2.5.5 (/home/zac/franka_ws/install/moveit_common/share/moveit_common/cmake)
[0.638s] -- Found ament_cmake: 1.3.10 (/opt/ros/humble/share/ament_cmake/cmake)
[0.975s] -- Found Python3: /usr/bin/python3 (found version "3.10.12") found components: Interpreter 
[1.432s] [0mmoveit_simple_controller_manager: You did not request a specific build type: Choosing 'Release' for maximum performance[0m
[1.439s] -- Found moveit_core: 2.5.5 (/home/zac/franka_ws/install/moveit_core/share/moveit_core/cmake)
[1.970s] -- Found Boost: /usr/lib/x86_64-linux-gnu/cmake/Boost-1.74.0/BoostConfig.cmake (found version "1.74.0") found components: chrono date_time filesystem iostreams program_options regex serialization system thread 
[2.230s] -- Found parameter_traits: 0.3.8 (/opt/ros/humble/share/parameter_traits/cmake)
[2.421s] -- Found rosidl_generator_c: 3.1.5 (/opt/ros/humble/share/rosidl_generator_c/cmake)
[2.451s] -- Found rosidl_adapter: 3.1.5 (/opt/ros/humble/share/rosidl_adapter/cmake)
[2.491s] -- Found rosidl_generator_cpp: 3.1.5 (/opt/ros/humble/share/rosidl_generator_cpp/cmake)
[2.541s] -- Using all available rosidl_typesupport_c: rosidl_typesupport_fastrtps_c;rosidl_typesupport_introspection_c
[2.596s] -- Using all available rosidl_typesupport_cpp: rosidl_typesupport_fastrtps_cpp;rosidl_typesupport_introspection_cpp
[2.797s] -- Found rmw_implementation_cmake: 6.1.2 (/opt/ros/humble/share/rmw_implementation_cmake/cmake)
[2.812s] -- Found rmw_fastrtps_cpp: 6.2.7 (/opt/ros/humble/share/rmw_fastrtps_cpp/cmake)
[3.081s] -- Found OpenSSL: /usr/lib/x86_64-linux-gnu/libcrypto.so (found version "3.0.2")  
[3.154s] -- Found FastRTPS: /opt/ros/humble/include  
[3.280s] -- Using RMW implementation 'rmw_fastrtps_cpp' as default
[3.326s] -- Found Threads: TRUE  
[3.508s] -- Found Eigen3: TRUE (found version "3.4.0") 
[3.523s] -- Found rclcpp_lifecycle: 16.0.10 (/opt/ros/humble/share/rclcpp_lifecycle/cmake)
[3.616s] -- Found Boost: /usr/lib/x86_64-linux-gnu/cmake/Boost-1.74.0/BoostConfig.cmake (found version "1.74.0") found components: filesystem 
[3.974s] -- library: /usr/lib/x86_64-linux-gnu/libcurl.so
[4.185s] -- Ensuring Eigen3 include directory is part of orocos-kdl CMake target
[4.997s] -- Found control_msgs: 4.6.0 (/opt/ros/humble/share/control_msgs/cmake)
[5.057s] -- Found Boost: /usr/lib/x86_64-linux-gnu/cmake/Boost-1.74.0/BoostConfig.cmake (found version "1.74.0") found components: thread 
[5.083s] -- Found ament_lint_auto: 0.12.11 (/opt/ros/humble/share/ament_lint_auto/cmake)
[5.157s] -- Added test 'cppcheck' to perform static code analysis on C / C++ code
[5.158s] -- Configured cppcheck include dirs: /home/zac/franka_ws/src/moveit2/moveit_plugins/moveit_simple_controller_manager/include
[5.158s] -- Configured cppcheck exclude dirs and/or files: 
[5.160s] -- Added test 'lint_cmake' to check CMake code style
[5.162s] -- Added test 'xmllint' to check XML markup files
[5.168s] -- Configuring done
[5.239s] -- Generating done
[5.244s] -- Build files have been written to: /home/zac/franka_ws/build/moveit_simple_controller_manager
[5.269s] Invoked command in '/home/zac/franka_ws/build/moveit_simple_controller_manager' returned '0': AMENT_PREFIX_PATH=/home/zac/franka_ws/install/moveit_core:${AMENT_PREFIX_PATH} CMAKE_PREFIX_PATH=/home/zac/franka_ws/install/moveit_core:/home/zac/franka_ws/install/moveit_common:/home/zac/franka_ws/install/moveit_resources_prbt_support:/home/zac/franka_ws/install/joint_trajectory_controller:/home/zac/franka_ws/install/integration_launch_testing:/home/zac/franka_ws/install/franka_bringup:/home/zac/franka_ws/install/franka_robot_state_broadcaster:/home/zac/franka_ws/install/franka_example_controllers:/home/zac/franka_ws/install/franka_semantic_components:/home/zac/franka_ws/install/franka_gazebo_bringup:/home/zac/franka_ws/install/franka_ign_ros2_control:/home/zac/franka_ws/install/franka_fr3_moveit_config:/home/zac/franka_ws/install/franka_hardware:/home/zac/franka_ws/install/franka_gripper:/home/zac/franka_ws/install/franka_msgs:/home/zac/franka_ws/install/franka_description:/home/zac/franka_ws/install/moveit_configs_utils:/opt/ros/humble LD_LIBRARY_PATH=/home/zac/franka_ws/install/moveit_core/lib:${LD_LIBRARY_PATH} PATH=/home/zac/franka_ws/install/moveit_core/bin:${PATH} /usr/bin/cmake /home/zac/franka_ws/src/moveit2/moveit_plugins/moveit_simple_controller_manager -DCMAKE_INSTALL_PREFIX=/home/zac/franka_ws/install/moveit_simple_controller_manager
[5.273s] Invoking command in '/home/zac/franka_ws/build/moveit_simple_controller_manager': AMENT_PREFIX_PATH=/home/zac/franka_ws/install/moveit_core:${AMENT_PREFIX_PATH} CMAKE_PREFIX_PATH=/home/zac/franka_ws/install/moveit_core:/home/zac/franka_ws/install/moveit_common:/home/zac/franka_ws/install/moveit_resources_prbt_support:/home/zac/franka_ws/install/joint_trajectory_controller:/home/zac/franka_ws/install/integration_launch_testing:/home/zac/franka_ws/install/franka_bringup:/home/zac/franka_ws/install/franka_robot_state_broadcaster:/home/zac/franka_ws/install/franka_example_controllers:/home/zac/franka_ws/install/franka_semantic_components:/home/zac/franka_ws/install/franka_gazebo_bringup:/home/zac/franka_ws/install/franka_ign_ros2_control:/home/zac/franka_ws/install/franka_fr3_moveit_config:/home/zac/franka_ws/install/franka_hardware:/home/zac/franka_ws/install/franka_gripper:/home/zac/franka_ws/install/franka_msgs:/home/zac/franka_ws/install/franka_description:/home/zac/franka_ws/install/moveit_configs_utils:/opt/ros/humble LD_LIBRARY_PATH=/home/zac/franka_ws/install/moveit_core/lib:${LD_LIBRARY_PATH} PATH=/home/zac/franka_ws/install/moveit_core/bin:${PATH} /usr/bin/cmake --build /home/zac/franka_ws/build/moveit_simple_controller_manager -- -j8 -l8
[5.387s] [ 33%] [32mBuilding CXX object CMakeFiles/moveit_simple_controller_manager.dir/src/moveit_simple_controller_manager.cpp.o[0m
[21.923s] [ 66%] [32mBuilding CXX object CMakeFiles/moveit_simple_controller_manager.dir/src/follow_joint_trajectory_controller_handle.cpp.o[0m
[33.899s] [100%] [32m[1mLinking CXX shared library libmoveit_simple_controller_manager.so[0m
[34.361s] [100%] Built target moveit_simple_controller_manager
[34.381s] Invoked command in '/home/zac/franka_ws/build/moveit_simple_controller_manager' returned '0': AMENT_PREFIX_PATH=/home/zac/franka_ws/install/moveit_core:${AMENT_PREFIX_PATH} CMAKE_PREFIX_PATH=/home/zac/franka_ws/install/moveit_core:/home/zac/franka_ws/install/moveit_common:/home/zac/franka_ws/install/moveit_resources_prbt_support:/home/zac/franka_ws/install/joint_trajectory_controller:/home/zac/franka_ws/install/integration_launch_testing:/home/zac/franka_ws/install/franka_bringup:/home/zac/franka_ws/install/franka_robot_state_broadcaster:/home/zac/franka_ws/install/franka_example_controllers:/home/zac/franka_ws/install/franka_semantic_components:/home/zac/franka_ws/install/franka_gazebo_bringup:/home/zac/franka_ws/install/franka_ign_ros2_control:/home/zac/franka_ws/install/franka_fr3_moveit_config:/home/zac/franka_ws/install/franka_hardware:/home/zac/franka_ws/install/franka_gripper:/home/zac/franka_ws/install/franka_msgs:/home/zac/franka_ws/install/franka_description:/home/zac/franka_ws/install/moveit_configs_utils:/opt/ros/humble LD_LIBRARY_PATH=/home/zac/franka_ws/install/moveit_core/lib:${LD_LIBRARY_PATH} PATH=/home/zac/franka_ws/install/moveit_core/bin:${PATH} /usr/bin/cmake --build /home/zac/franka_ws/build/moveit_simple_controller_manager -- -j8 -l8
[34.455s] Invoking command in '/home/zac/franka_ws/build/moveit_simple_controller_manager': AMENT_PREFIX_PATH=/home/zac/franka_ws/install/moveit_core:${AMENT_PREFIX_PATH} CMAKE_PREFIX_PATH=/home/zac/franka_ws/install/moveit_core:/home/zac/franka_ws/install/moveit_common:/home/zac/franka_ws/install/moveit_resources_prbt_support:/home/zac/franka_ws/install/joint_trajectory_controller:/home/zac/franka_ws/install/integration_launch_testing:/home/zac/franka_ws/install/franka_bringup:/home/zac/franka_ws/install/franka_robot_state_broadcaster:/home/zac/franka_ws/install/franka_example_controllers:/home/zac/franka_ws/install/franka_semantic_components:/home/zac/franka_ws/install/franka_gazebo_bringup:/home/zac/franka_ws/install/franka_ign_ros2_control:/home/zac/franka_ws/install/franka_fr3_moveit_config:/home/zac/franka_ws/install/franka_hardware:/home/zac/franka_ws/install/franka_gripper:/home/zac/franka_ws/install/franka_msgs:/home/zac/franka_ws/install/franka_description:/home/zac/franka_ws/install/moveit_configs_utils:/opt/ros/humble LD_LIBRARY_PATH=/home/zac/franka_ws/install/moveit_core/lib:${LD_LIBRARY_PATH} PATH=/home/zac/franka_ws/install/moveit_core/bin:${PATH} /usr/bin/cmake --install /home/zac/franka_ws/build/moveit_simple_controller_manager
[34.469s] -- Install configuration: "Release"
[34.469s] -- Installing: /home/zac/franka_ws/install/moveit_simple_controller_manager/lib/libmoveit_simple_controller_manager.so.2.5.5
[34.472s] -- Set runtime path of "/home/zac/franka_ws/install/moveit_simple_controller_manager/lib/libmoveit_simple_controller_manager.so.2.5.5" to ""
[34.472s] -- Installing: /home/zac/franka_ws/install/moveit_simple_controller_manager/lib/libmoveit_simple_controller_manager.so
[34.472s] -- Installing: /home/zac/franka_ws/install/moveit_simple_controller_manager/include
[34.473s] -- Installing: /home/zac/franka_ws/install/moveit_simple_controller_manager/include/moveit_simple_controller_manager
[34.473s] -- Installing: /home/zac/franka_ws/install/moveit_simple_controller_manager/include/moveit_simple_controller_manager/gripper_controller_handle.h
[34.473s] -- Installing: /home/zac/franka_ws/install/moveit_simple_controller_manager/include/moveit_simple_controller_manager/action_based_controller_handle.h
[34.473s] -- Installing: /home/zac/franka_ws/install/moveit_simple_controller_manager/include/moveit_simple_controller_manager/follow_joint_trajectory_controller_handle.h
[34.474s] -- Installing: /home/zac/franka_ws/install/moveit_simple_controller_manager/include/moveit_simple_controller_manager/empty_controller_handle.h
[34.474s] -- Installing: /home/zac/franka_ws/install/moveit_simple_controller_manager/share/moveit_simple_controller_manager/environment/library_path.sh
[34.474s] -- Installing: /home/zac/franka_ws/install/moveit_simple_controller_manager/share/moveit_simple_controller_manager/environment/library_path.dsv
[34.475s] -- Installing: /home/zac/franka_ws/install/moveit_simple_controller_manager/share/moveit_simple_controller_manager/moveit_simple_controller_manager_plugin_description.xml
[34.475s] -- Installing: /home/zac/franka_ws/install/moveit_simple_controller_manager/share/ament_index/resource_index/package_run_dependencies/moveit_simple_controller_manager
[34.476s] -- Installing: /home/zac/franka_ws/install/moveit_simple_controller_manager/share/ament_index/resource_index/parent_prefix_path/moveit_simple_controller_manager
[34.476s] -- Installing: /home/zac/franka_ws/install/moveit_simple_controller_manager/share/moveit_simple_controller_manager/environment/ament_prefix_path.sh
[34.478s] -- Installing: /home/zac/franka_ws/install/moveit_simple_controller_manager/share/moveit_simple_controller_manager/environment/ament_prefix_path.dsv
[34.478s] -- Installing: /home/zac/franka_ws/install/moveit_simple_controller_manager/share/moveit_simple_controller_manager/environment/path.sh
[34.479s] -- Installing: /home/zac/franka_ws/install/moveit_simple_controller_manager/share/moveit_simple_controller_manager/environment/path.dsv
[34.479s] -- Installing: /home/zac/franka_ws/install/moveit_simple_controller_manager/share/moveit_simple_controller_manager/local_setup.bash
[34.479s] -- Installing: /home/zac/franka_ws/install/moveit_simple_controller_manager/share/moveit_simple_controller_manager/local_setup.sh
[34.480s] -- Installing: /home/zac/franka_ws/install/moveit_simple_controller_manager/share/moveit_simple_controller_manager/local_setup.zsh
[34.481s] -- Installing: /home/zac/franka_ws/install/moveit_simple_controller_manager/share/moveit_simple_controller_manager/local_setup.dsv
[34.481s] -- Installing: /home/zac/franka_ws/install/moveit_simple_controller_manager/share/moveit_simple_controller_manager/package.dsv
[34.481s] -- Installing: /home/zac/franka_ws/install/moveit_simple_controller_manager/share/ament_index/resource_index/packages/moveit_simple_controller_manager
[34.482s] -- Installing: /home/zac/franka_ws/install/moveit_simple_controller_manager/share/ament_index/resource_index/moveit_core__pluginlib__plugin/moveit_simple_controller_manager
[34.482s] -- Installing: /home/zac/franka_ws/install/moveit_simple_controller_manager/share/moveit_simple_controller_manager/cmake/export_moveit_simple_controller_managerExport.cmake
[34.482s] -- Installing: /home/zac/franka_ws/install/moveit_simple_controller_manager/share/moveit_simple_controller_manager/cmake/export_moveit_simple_controller_managerExport-release.cmake
[34.483s] -- Installing: /home/zac/franka_ws/install/moveit_simple_controller_manager/share/moveit_simple_controller_manager/cmake/ConfigExtras.cmake
[34.483s] -- Installing: /home/zac/franka_ws/install/moveit_simple_controller_manager/share/moveit_simple_controller_manager/cmake/ament_cmake_export_targets-extras.cmake
[34.483s] -- Installing: /home/zac/franka_ws/install/moveit_simple_controller_manager/share/moveit_simple_controller_manager/cmake/ament_cmake_export_dependencies-extras.cmake
[34.484s] -- Installing: /home/zac/franka_ws/install/moveit_simple_controller_manager/share/moveit_simple_controller_manager/cmake/moveit_simple_controller_managerConfig.cmake
[34.484s] -- Installing: /home/zac/franka_ws/install/moveit_simple_controller_manager/share/moveit_simple_controller_manager/cmake/moveit_simple_controller_managerConfig-version.cmake
[34.484s] -- Installing: /home/zac/franka_ws/install/moveit_simple_controller_manager/share/moveit_simple_controller_manager/package.xml
[34.488s] Invoked command in '/home/zac/franka_ws/build/moveit_simple_controller_manager' returned '0': AMENT_PREFIX_PATH=/home/zac/franka_ws/install/moveit_core:${AMENT_PREFIX_PATH} CMAKE_PREFIX_PATH=/home/zac/franka_ws/install/moveit_core:/home/zac/franka_ws/install/moveit_common:/home/zac/franka_ws/install/moveit_resources_prbt_support:/home/zac/franka_ws/install/joint_trajectory_controller:/home/zac/franka_ws/install/integration_launch_testing:/home/zac/franka_ws/install/franka_bringup:/home/zac/franka_ws/install/franka_robot_state_broadcaster:/home/zac/franka_ws/install/franka_example_controllers:/home/zac/franka_ws/install/franka_semantic_components:/home/zac/franka_ws/install/franka_gazebo_bringup:/home/zac/franka_ws/install/franka_ign_ros2_control:/home/zac/franka_ws/install/franka_fr3_moveit_config:/home/zac/franka_ws/install/franka_hardware:/home/zac/franka_ws/install/franka_gripper:/home/zac/franka_ws/install/franka_msgs:/home/zac/franka_ws/install/franka_description:/home/zac/franka_ws/install/moveit_configs_utils:/opt/ros/humble LD_LIBRARY_PATH=/home/zac/franka_ws/install/moveit_core/lib:${LD_LIBRARY_PATH} PATH=/home/zac/franka_ws/install/moveit_core/bin:${PATH} /usr/bin/cmake --install /home/zac/franka_ws/build/moveit_simple_controller_manager
