[0.026s] Invoking command in '/home/zac/franka_ws/build/franka_hardware': CMAKE_PREFIX_PATH=/home/zac/franka_ws/install/franka_msgs:/home/zac/franka_ws/install/moveit_resources_prbt_support:/home/zac/franka_ws/install/moveit_common:/home/zac/franka_ws/install/joint_trajectory_controller:/home/zac/franka_ws/install/integration_launch_testing:/home/zac/franka_ws/install/franka_bringup:/home/zac/franka_ws/install/franka_robot_state_broadcaster:/home/zac/franka_ws/install/franka_example_controllers:/home/zac/franka_ws/install/franka_semantic_components:/home/zac/franka_ws/install/franka_gazebo_bringup:/home/zac/franka_ws/install/franka_ign_ros2_control:/home/zac/franka_ws/install/franka_fr3_moveit_config:/home/zac/franka_ws/install/franka_hardware:/home/zac/franka_ws/install/franka_gripper:/home/zac/franka_ws/install/franka_description:/home/zac/franka_ws/install/moveit_configs_utils:/opt/ros/humble LD_LIBRARY_PATH=/home/zac/franka_ws/install/franka_msgs/lib:/home/zac/franka_ws/install/joint_trajectory_controller/lib:/home/zac/franka_ws/install/integration_launch_testing/lib:/home/zac/franka_ws/install/franka_robot_state_broadcaster/lib:/home/zac/franka_ws/install/franka_example_controllers/lib:/home/zac/franka_ws/install/franka_semantic_components/lib:/home/zac/franka_ws/install/franka_ign_ros2_control/lib:/home/zac/franka_ws/install/franka_hardware/lib:/home/zac/franka_ws/install/franka_gripper/lib:/opt/ros/humble/opt/rviz_ogre_vendor/lib:/opt/ros/humble/lib/x86_64-linux-gnu:/opt/ros/humble/lib /usr/bin/cmake --build /home/zac/franka_ws/build/franka_hardware -- -j8 -l8
[0.137s] [ 33%] Built target franka_hardware
[0.179s] [ 50%] Built target gmock
[0.221s] [ 61%] Built target gmock_main
[0.270s] [ 77%] Built target franka_hardware_test
[0.322s] [ 88%] Built target franka_hardware_robot_test
[0.374s] [100%] Built target franka_hardware_command_interface_test
[0.392s] Invoked command in '/home/zac/franka_ws/build/franka_hardware' returned '0': CMAKE_PREFIX_PATH=/home/zac/franka_ws/install/franka_msgs:/home/zac/franka_ws/install/moveit_resources_prbt_support:/home/zac/franka_ws/install/moveit_common:/home/zac/franka_ws/install/joint_trajectory_controller:/home/zac/franka_ws/install/integration_launch_testing:/home/zac/franka_ws/install/franka_bringup:/home/zac/franka_ws/install/franka_robot_state_broadcaster:/home/zac/franka_ws/install/franka_example_controllers:/home/zac/franka_ws/install/franka_semantic_components:/home/zac/franka_ws/install/franka_gazebo_bringup:/home/zac/franka_ws/install/franka_ign_ros2_control:/home/zac/franka_ws/install/franka_fr3_moveit_config:/home/zac/franka_ws/install/franka_hardware:/home/zac/franka_ws/install/franka_gripper:/home/zac/franka_ws/install/franka_description:/home/zac/franka_ws/install/moveit_configs_utils:/opt/ros/humble LD_LIBRARY_PATH=/home/zac/franka_ws/install/franka_msgs/lib:/home/zac/franka_ws/install/joint_trajectory_controller/lib:/home/zac/franka_ws/install/integration_launch_testing/lib:/home/zac/franka_ws/install/franka_robot_state_broadcaster/lib:/home/zac/franka_ws/install/franka_example_controllers/lib:/home/zac/franka_ws/install/franka_semantic_components/lib:/home/zac/franka_ws/install/franka_ign_ros2_control/lib:/home/zac/franka_ws/install/franka_hardware/lib:/home/zac/franka_ws/install/franka_gripper/lib:/opt/ros/humble/opt/rviz_ogre_vendor/lib:/opt/ros/humble/lib/x86_64-linux-gnu:/opt/ros/humble/lib /usr/bin/cmake --build /home/zac/franka_ws/build/franka_hardware -- -j8 -l8
[0.475s] Invoking command in '/home/zac/franka_ws/build/franka_hardware': CMAKE_PREFIX_PATH=/home/zac/franka_ws/install/franka_msgs:/home/zac/franka_ws/install/moveit_resources_prbt_support:/home/zac/franka_ws/install/moveit_common:/home/zac/franka_ws/install/joint_trajectory_controller:/home/zac/franka_ws/install/integration_launch_testing:/home/zac/franka_ws/install/franka_bringup:/home/zac/franka_ws/install/franka_robot_state_broadcaster:/home/zac/franka_ws/install/franka_example_controllers:/home/zac/franka_ws/install/franka_semantic_components:/home/zac/franka_ws/install/franka_gazebo_bringup:/home/zac/franka_ws/install/franka_ign_ros2_control:/home/zac/franka_ws/install/franka_fr3_moveit_config:/home/zac/franka_ws/install/franka_hardware:/home/zac/franka_ws/install/franka_gripper:/home/zac/franka_ws/install/franka_description:/home/zac/franka_ws/install/moveit_configs_utils:/opt/ros/humble LD_LIBRARY_PATH=/home/zac/franka_ws/install/franka_msgs/lib:/home/zac/franka_ws/install/joint_trajectory_controller/lib:/home/zac/franka_ws/install/integration_launch_testing/lib:/home/zac/franka_ws/install/franka_robot_state_broadcaster/lib:/home/zac/franka_ws/install/franka_example_controllers/lib:/home/zac/franka_ws/install/franka_semantic_components/lib:/home/zac/franka_ws/install/franka_ign_ros2_control/lib:/home/zac/franka_ws/install/franka_hardware/lib:/home/zac/franka_ws/install/franka_gripper/lib:/opt/ros/humble/opt/rviz_ogre_vendor/lib:/opt/ros/humble/lib/x86_64-linux-gnu:/opt/ros/humble/lib /usr/bin/cmake --install /home/zac/franka_ws/build/franka_hardware
[0.487s] -- Install configuration: "Release"
[0.487s] -- Up-to-date: /home/zac/franka_ws/install/franka_hardware/share/franka_hardware/franka_hardware.xml
[0.488s] -- Up-to-date: /home/zac/franka_ws/install/franka_hardware/lib/libfranka_hardware.so
[0.488s] -- Up-to-date: /home/zac/franka_ws/install/franka_hardware/include
[0.488s] -- Up-to-date: /home/zac/franka_ws/install/franka_hardware/include/franka_hardware
[0.488s] -- Up-to-date: /home/zac/franka_ws/install/franka_hardware/include/franka_hardware/franka_hardware_interface.hpp
[0.489s] -- Up-to-date: /home/zac/franka_ws/install/franka_hardware/include/franka_hardware/franka_action_server.hpp
[0.489s] -- Up-to-date: /home/zac/franka_ws/install/franka_hardware/include/franka_hardware/franka_param_service_server.hpp
[0.489s] -- Up-to-date: /home/zac/franka_ws/install/franka_hardware/include/franka_hardware/robot.hpp
[0.489s] -- Up-to-date: /home/zac/franka_ws/install/franka_hardware/include/franka_hardware/franka_executor.hpp
[0.489s] -- Up-to-date: /home/zac/franka_ws/install/franka_hardware/include/franka_hardware/model.hpp
[0.490s] -- Up-to-date: /home/zac/franka_ws/install/franka_hardware/share/franka_hardware/environment/library_path.sh
[0.490s] -- Up-to-date: /home/zac/franka_ws/install/franka_hardware/share/franka_hardware/environment/library_path.dsv
[0.490s] -- Up-to-date: /home/zac/franka_ws/install/franka_hardware/share/ament_index/resource_index/package_run_dependencies/franka_hardware
[0.490s] -- Up-to-date: /home/zac/franka_ws/install/franka_hardware/share/ament_index/resource_index/parent_prefix_path/franka_hardware
[0.491s] -- Up-to-date: /home/zac/franka_ws/install/franka_hardware/share/franka_hardware/environment/ament_prefix_path.sh
[0.491s] -- Up-to-date: /home/zac/franka_ws/install/franka_hardware/share/franka_hardware/environment/ament_prefix_path.dsv
[0.491s] -- Up-to-date: /home/zac/franka_ws/install/franka_hardware/share/franka_hardware/environment/path.sh
[0.491s] -- Up-to-date: /home/zac/franka_ws/install/franka_hardware/share/franka_hardware/environment/path.dsv
[0.491s] -- Up-to-date: /home/zac/franka_ws/install/franka_hardware/share/franka_hardware/local_setup.bash
[0.491s] -- Up-to-date: /home/zac/franka_ws/install/franka_hardware/share/franka_hardware/local_setup.sh
[0.491s] -- Up-to-date: /home/zac/franka_ws/install/franka_hardware/share/franka_hardware/local_setup.zsh
[0.492s] -- Up-to-date: /home/zac/franka_ws/install/franka_hardware/share/franka_hardware/local_setup.dsv
[0.492s] -- Up-to-date: /home/zac/franka_ws/install/franka_hardware/share/franka_hardware/package.dsv
[0.492s] -- Up-to-date: /home/zac/franka_ws/install/franka_hardware/share/ament_index/resource_index/packages/franka_hardware
[0.492s] -- Up-to-date: /home/zac/franka_ws/install/franka_hardware/share/ament_index/resource_index/hardware_interface__pluginlib__plugin/franka_hardware
[0.492s] -- Up-to-date: /home/zac/franka_ws/install/franka_hardware/share/franka_hardware/cmake/ament_cmake_export_include_directories-extras.cmake
[0.492s] -- Up-to-date: /home/zac/franka_ws/install/franka_hardware/share/franka_hardware/cmake/ament_cmake_export_libraries-extras.cmake
[0.492s] -- Up-to-date: /home/zac/franka_ws/install/franka_hardware/share/franka_hardware/cmake/ament_cmake_export_dependencies-extras.cmake
[0.493s] -- Up-to-date: /home/zac/franka_ws/install/franka_hardware/share/franka_hardware/cmake/franka_hardwareConfig.cmake
[0.493s] -- Up-to-date: /home/zac/franka_ws/install/franka_hardware/share/franka_hardware/cmake/franka_hardwareConfig-version.cmake
[0.493s] -- Up-to-date: /home/zac/franka_ws/install/franka_hardware/share/franka_hardware/package.xml
[0.495s] Invoked command in '/home/zac/franka_ws/build/franka_hardware' returned '0': CMAKE_PREFIX_PATH=/home/zac/franka_ws/install/franka_msgs:/home/zac/franka_ws/install/moveit_resources_prbt_support:/home/zac/franka_ws/install/moveit_common:/home/zac/franka_ws/install/joint_trajectory_controller:/home/zac/franka_ws/install/integration_launch_testing:/home/zac/franka_ws/install/franka_bringup:/home/zac/franka_ws/install/franka_robot_state_broadcaster:/home/zac/franka_ws/install/franka_example_controllers:/home/zac/franka_ws/install/franka_semantic_components:/home/zac/franka_ws/install/franka_gazebo_bringup:/home/zac/franka_ws/install/franka_ign_ros2_control:/home/zac/franka_ws/install/franka_fr3_moveit_config:/home/zac/franka_ws/install/franka_hardware:/home/zac/franka_ws/install/franka_gripper:/home/zac/franka_ws/install/franka_description:/home/zac/franka_ws/install/moveit_configs_utils:/opt/ros/humble LD_LIBRARY_PATH=/home/zac/franka_ws/install/franka_msgs/lib:/home/zac/franka_ws/install/joint_trajectory_controller/lib:/home/zac/franka_ws/install/integration_launch_testing/lib:/home/zac/franka_ws/install/franka_robot_state_broadcaster/lib:/home/zac/franka_ws/install/franka_example_controllers/lib:/home/zac/franka_ws/install/franka_semantic_components/lib:/home/zac/franka_ws/install/franka_ign_ros2_control/lib:/home/zac/franka_ws/install/franka_hardware/lib:/home/zac/franka_ws/install/franka_gripper/lib:/opt/ros/humble/opt/rviz_ogre_vendor/lib:/opt/ros/humble/lib/x86_64-linux-gnu:/opt/ros/humble/lib /usr/bin/cmake --install /home/zac/franka_ws/build/franka_hardware
