[0.006s] Invoking command in '/home/zac/franka_ws/build/franka_example_controllers': AMENT_PREFIX_PATH=/home/zac/franka_ws/install/franka_semantic_components:/home/zac/franka_ws/install/franka_hardware:/home/zac/franka_ws/install/franka_msgs:${AMENT_PREFIX_PATH} CMAKE_PREFIX_PATH=/home/zac/franka_ws/install/franka_semantic_components:/home/zac/franka_ws/install/franka_hardware:/home/zac/franka_ws/install/franka_msgs:/opt/ros/humble LD_LIBRARY_PATH=/home/zac/franka_ws/install/franka_semantic_components/lib:/home/zac/franka_ws/install/franka_hardware/lib:/home/zac/franka_ws/install/franka_msgs/lib:${LD_LIBRARY_PATH} PYTHONPATH=/home/zac/franka_ws/install/franka_msgs/local/lib/python3.10/dist-packages:${PYTHONPATH} /usr/bin/cmake /home/zac/franka_ws/src/franka_ros2/franka_example_controllers -DCMAKE_BUILD_TYPE=Release -DCMAKE_INSTALL_PREFIX=/home/zac/franka_ws/install/franka_example_controllers
[0.070s] -- The C compiler identification is GNU 11.4.0
[0.138s] -- The CXX compiler identification is GNU 11.4.0
[0.146s] -- Detecting C compiler ABI info
[0.231s] -- Detecting C compiler ABI info - done
[0.240s] -- Check for working C compiler: /usr/bin/cc - skipped
[0.240s] -- Detecting C compile features
[0.240s] -- Detecting C compile features - done
[0.243s] -- Detecting CXX compiler ABI info
[0.338s] -- Detecting CXX compiler ABI info - done
[0.346s] -- Check for working CXX compiler: /usr/bin/c++ - skipped
[0.346s] -- Detecting CXX compile features
[0.347s] -- Detecting CXX compile features - done
[0.352s] -- Found ament_cmake: 1.3.10 (/opt/ros/humble/share/ament_cmake/cmake)
[0.523s] -- Found Python3: /usr/bin/python3 (found version "3.10.12") found components: Interpreter 
[0.635s] -- Found rclcpp: 16.0.10 (/opt/ros/humble/share/rclcpp/cmake)
[0.692s] -- Found rosidl_generator_c: 3.1.5 (/opt/ros/humble/share/rosidl_generator_c/cmake)
[0.700s] -- Found rosidl_adapter: 3.1.5 (/opt/ros/humble/share/rosidl_adapter/cmake)
[0.711s] -- Found rosidl_generator_cpp: 3.1.5 (/opt/ros/humble/share/rosidl_generator_cpp/cmake)
[0.727s] -- Using all available rosidl_typesupport_c: rosidl_typesupport_fastrtps_c;rosidl_typesupport_introspection_c
[0.748s] -- Using all available rosidl_typesupport_cpp: rosidl_typesupport_fastrtps_cpp;rosidl_typesupport_introspection_cpp
[0.832s] -- Found rmw_implementation_cmake: 6.1.2 (/opt/ros/humble/share/rmw_implementation_cmake/cmake)
[0.838s] -- Found rmw_fastrtps_cpp: 6.2.7 (/opt/ros/humble/share/rmw_fastrtps_cpp/cmake)
[0.980s] -- Found OpenSSL: /usr/lib/x86_64-linux-gnu/libcrypto.so (found version "3.0.2")  
[1.015s] -- Found FastRTPS: /opt/ros/humble/include  
[1.069s] -- Using RMW implementation 'rmw_fastrtps_cpp' as default
[1.082s] -- Looking for pthread.h
[1.169s] -- Looking for pthread.h - found
[1.169s] -- Performing Test CMAKE_HAVE_LIBC_PTHREAD
[1.257s] -- Performing Test CMAKE_HAVE_LIBC_PTHREAD - Success
[1.258s] -- Found Threads: TRUE  
[1.325s] -- Found controller_interface: 2.42.0 (/opt/ros/humble/share/controller_interface/cmake)
[1.588s] -- Found franka_msgs: 0.1.15 (/home/zac/franka_ws/install/franka_msgs/share/franka_msgs/cmake)
[1.646s] -- Found franka_semantic_components: 0.1.0 (/home/zac/franka_ws/install/franka_semantic_components/share/franka_semantic_components/cmake)
[1.706s] -- Found moveit_core: 2.5.5 (/opt/ros/humble/share/moveit_core/cmake)
[1.784s] -- Found Boost: /usr/lib/x86_64-linux-gnu/cmake/Boost-1.74.0/BoostConfig.cmake (found version "1.74.0") found components: chrono date_time filesystem iostreams program_options regex serialization system thread 
[1.814s] -- Found parameter_traits: 0.3.8 (/opt/ros/humble/share/parameter_traits/cmake)
[1.847s] -- Found Boost: /usr/lib/x86_64-linux-gnu/cmake/Boost-1.74.0/BoostConfig.cmake (found version "1.74.0") found components: filesystem 
[1.990s] -- library: /usr/lib/x86_64-linux-gnu/libcurl.so
[2.051s] -- Found Eigen3: TRUE (found version "3.4.0") 
[2.051s] -- Ensuring Eigen3 include directory is part of orocos-kdl CMake target
[2.316s] -- Found ament_cmake_clang_format: 0.12.11 (/opt/ros/humble/share/ament_cmake_clang_format/cmake)
[2.319s] -- Found ament_cmake_copyright: 0.12.11 (/opt/ros/humble/share/ament_cmake_copyright/cmake)
[2.322s] -- Found ament_cmake_cppcheck: 0.12.11 (/opt/ros/humble/share/ament_cmake_cppcheck/cmake)
[2.326s] -- Found ament_cmake_flake8: 0.12.11 (/opt/ros/humble/share/ament_cmake_flake8/cmake)
[2.329s] -- Found ament_cmake_lint_cmake: 0.12.11 (/opt/ros/humble/share/ament_cmake_lint_cmake/cmake)
[2.332s] -- Found ament_cmake_pep257: 0.12.11 (/opt/ros/humble/share/ament_cmake_pep257/cmake)
[2.335s] -- Found ament_cmake_xmllint: 0.12.11 (/opt/ros/humble/share/ament_cmake_xmllint/cmake)
[2.338s] -- Found ament_cmake_gmock: 1.3.10 (/opt/ros/humble/share/ament_cmake_gmock/cmake)
[2.341s] -- Found controller_manager: 2.42.0 (/opt/ros/humble/share/controller_manager/cmake)
[2.378s] -- Found ros2_control_test_assets: 2.42.0 (/opt/ros/humble/share/ros2_control_test_assets/cmake)
[2.385s] -- Found gmock sources under '/opt/ros/humble/src/gmock_vendor': C++ tests using 'Google Mock' will be built
[2.394s] -- Found ament_cmake_gtest: 1.3.10 (/opt/ros/humble/share/ament_cmake_gtest/cmake)
[2.395s] -- Found gtest sources under '/opt/ros/humble/src/gtest_vendor': C++ tests using 'Google Test' will be built
[2.507s] -- Configuring done
[2.759s] -- Generating done
[2.764s] -- Build files have been written to: /home/zac/franka_ws/build/franka_example_controllers
[2.788s] Invoked command in '/home/zac/franka_ws/build/franka_example_controllers' returned '0': AMENT_PREFIX_PATH=/home/zac/franka_ws/install/franka_semantic_components:/home/zac/franka_ws/install/franka_hardware:/home/zac/franka_ws/install/franka_msgs:${AMENT_PREFIX_PATH} CMAKE_PREFIX_PATH=/home/zac/franka_ws/install/franka_semantic_components:/home/zac/franka_ws/install/franka_hardware:/home/zac/franka_ws/install/franka_msgs:/opt/ros/humble LD_LIBRARY_PATH=/home/zac/franka_ws/install/franka_semantic_components/lib:/home/zac/franka_ws/install/franka_hardware/lib:/home/zac/franka_ws/install/franka_msgs/lib:${LD_LIBRARY_PATH} PYTHONPATH=/home/zac/franka_ws/install/franka_msgs/local/lib/python3.10/dist-packages:${PYTHONPATH} /usr/bin/cmake /home/zac/franka_ws/src/franka_ros2/franka_example_controllers -DCMAKE_BUILD_TYPE=Release -DCMAKE_INSTALL_PREFIX=/home/zac/franka_ws/install/franka_example_controllers
[2.790s] Invoking command in '/home/zac/franka_ws/build/franka_example_controllers': AMENT_PREFIX_PATH=/home/zac/franka_ws/install/franka_semantic_components:/home/zac/franka_ws/install/franka_hardware:/home/zac/franka_ws/install/franka_msgs:${AMENT_PREFIX_PATH} CMAKE_PREFIX_PATH=/home/zac/franka_ws/install/franka_semantic_components:/home/zac/franka_ws/install/franka_hardware:/home/zac/franka_ws/install/franka_msgs:/opt/ros/humble LD_LIBRARY_PATH=/home/zac/franka_ws/install/franka_semantic_components/lib:/home/zac/franka_ws/install/franka_hardware/lib:/home/zac/franka_ws/install/franka_msgs/lib:${LD_LIBRARY_PATH} PYTHONPATH=/home/zac/franka_ws/install/franka_msgs/local/lib/python3.10/dist-packages:${PYTHONPATH} /usr/bin/cmake --build /home/zac/franka_ws/build/franka_example_controllers -- -j8 -l8
[2.868s] [  3%] [32mBuilding CXX object gmock/CMakeFiles/gmock_main.dir/src/gmock_main.cc.o[0m
[2.868s] [  7%] [32mBuilding CXX object gmock/CMakeFiles/gmock.dir/opt/ros/humble/src/gtest_vendor/src/gtest-all.cc.o[0m
[2.869s] [ 11%] [32mBuilding CXX object gmock/CMakeFiles/gmock.dir/src/gmock-all.cc.o[0m
[2.872s] [ 14%] [32mBuilding CXX object CMakeFiles/franka_example_controllers.dir/src/gravity_compensation_example_controller.cpp.o[0m
[2.887s] [ 18%] [32mBuilding CXX object CMakeFiles/franka_example_controllers.dir/src/joint_impedance_example_controller.cpp.o[0m
[2.888s] [ 22%] [32mBuilding CXX object CMakeFiles/franka_example_controllers.dir/src/joint_velocity_example_controller.cpp.o[0m
[2.950s] [ 25%] [32mBuilding CXX object CMakeFiles/franka_example_controllers.dir/src/cartesian_velocity_example_controller.cpp.o[0m
[2.965s] [ 29%] [32mBuilding CXX object CMakeFiles/franka_example_controllers.dir/src/joint_position_example_controller.cpp.o[0m
[6.797s] [ 33%] [32m[1mLinking CXX static library libgmock_main.a[0m
[7.032s] [ 33%] Built target gmock_main
[7.100s] [ 37%] [32mBuilding CXX object CMakeFiles/franka_example_controllers.dir/src/cartesian_pose_example_controller.cpp.o[0m
[19.077s] [ 40%] [32mBuilding CXX object CMakeFiles/franka_example_controllers.dir/src/move_to_start_example_controller.cpp.o[0m
[19.256s] [ 44%] [32m[1mLinking CXX static library libgmock.a[0m
[19.319s] [ 44%] Built target gmock
[25.904s] [ 48%] [32mBuilding CXX object CMakeFiles/franka_example_controllers.dir/src/motion_generator.cpp.o[0m
[28.881s] [ 51%] [32mBuilding CXX object CMakeFiles/franka_example_controllers.dir/src/model_example_controller.cpp.o[0m
[35.173s] [ 55%] [32mBuilding CXX object CMakeFiles/franka_example_controllers.dir/src/elbow_example_controller.cpp.o[0m
[41.092s] [ 59%] [32mBuilding CXX object CMakeFiles/franka_example_controllers.dir/src/cartesian_orientation_example_controller.cpp.o[0m
[46.511s] [ 62%] [32mBuilding CXX object CMakeFiles/franka_example_controllers.dir/src/cartesian_elbow_example_controller.cpp.o[0m
[51.544s] [ 66%] [32mBuilding CXX object CMakeFiles/franka_example_controllers.dir/src/joint_impedance_with_ik_example_controller.cpp.o[0m
[58.819s] [ 70%] [32m[1mLinking CXX shared library libfranka_example_controllers.so[0m
[59.137s] [ 70%] Built target franka_example_controllers
[59.164s] [ 81%] [32mBuilding CXX object CMakeFiles/franka_example_controllers_gravity_test.dir/test/test_gravity_compensation_example.cpp.o[0m
[59.164s] [ 81%] [32mBuilding CXX object CMakeFiles/franka_example_controllers_test.dir/test/test_load_gravity_compensation_controller.cpp.o[0m
[59.164s] [ 81%] [32mBuilding CXX object CMakeFiles/franka_example_controllers_test_load_move_to_start.dir/test/test_load_move_to_start_example_controller.cpp.o[0m
[65.261s] [ 85%] [32m[1mLinking CXX executable franka_example_controllers_test[0m
[65.506s] [ 85%] Built target franka_example_controllers_test
[65.533s] [ 88%] [32mBuilding CXX object CMakeFiles/franka_example_controllers_move_to_start_test.dir/test/test_move_to_start_example_controller.cpp.o[0m
[66.830s] [ 92%] [32m[1mLinking CXX executable franka_example_controllers_gravity_test[0m
[67.291s] [ 92%] Built target franka_example_controllers_gravity_test
[67.471s] [ 96%] [32m[1mLinking CXX executable franka_example_controllers_test_load_move_to_start[0m
[67.710s] [ 96%] Built target franka_example_controllers_test_load_move_to_start
[71.991s] [100%] [32m[1mLinking CXX executable franka_example_controllers_move_to_start_test[0m
[72.295s] [100%] Built target franka_example_controllers_move_to_start_test
[72.309s] Invoked command in '/home/zac/franka_ws/build/franka_example_controllers' returned '0': AMENT_PREFIX_PATH=/home/zac/franka_ws/install/franka_semantic_components:/home/zac/franka_ws/install/franka_hardware:/home/zac/franka_ws/install/franka_msgs:${AMENT_PREFIX_PATH} CMAKE_PREFIX_PATH=/home/zac/franka_ws/install/franka_semantic_components:/home/zac/franka_ws/install/franka_hardware:/home/zac/franka_ws/install/franka_msgs:/opt/ros/humble LD_LIBRARY_PATH=/home/zac/franka_ws/install/franka_semantic_components/lib:/home/zac/franka_ws/install/franka_hardware/lib:/home/zac/franka_ws/install/franka_msgs/lib:${LD_LIBRARY_PATH} PYTHONPATH=/home/zac/franka_ws/install/franka_msgs/local/lib/python3.10/dist-packages:${PYTHONPATH} /usr/bin/cmake --build /home/zac/franka_ws/build/franka_example_controllers -- -j8 -l8
[72.390s] Invoking command in '/home/zac/franka_ws/build/franka_example_controllers': AMENT_PREFIX_PATH=/home/zac/franka_ws/install/franka_semantic_components:/home/zac/franka_ws/install/franka_hardware:/home/zac/franka_ws/install/franka_msgs:${AMENT_PREFIX_PATH} CMAKE_PREFIX_PATH=/home/zac/franka_ws/install/franka_semantic_components:/home/zac/franka_ws/install/franka_hardware:/home/zac/franka_ws/install/franka_msgs:/opt/ros/humble LD_LIBRARY_PATH=/home/zac/franka_ws/install/franka_semantic_components/lib:/home/zac/franka_ws/install/franka_hardware/lib:/home/zac/franka_ws/install/franka_msgs/lib:${LD_LIBRARY_PATH} PYTHONPATH=/home/zac/franka_ws/install/franka_msgs/local/lib/python3.10/dist-packages:${PYTHONPATH} /usr/bin/cmake --install /home/zac/franka_ws/build/franka_example_controllers
[72.399s] -- Install configuration: "Release"
[72.399s] -- Installing: /home/zac/franka_ws/install/franka_example_controllers/share/franka_example_controllers/franka_example_controllers.xml
[72.399s] -- Installing: /home/zac/franka_ws/install/franka_example_controllers/lib/libfranka_example_controllers.so
[72.401s] -- Set runtime path of "/home/zac/franka_ws/install/franka_example_controllers/lib/libfranka_example_controllers.so" to ""
[72.401s] -- Installing: /home/zac/franka_ws/install/franka_example_controllers/include
[72.401s] -- Installing: /home/zac/franka_ws/install/franka_example_controllers/include/franka_example_controllers
[72.401s] -- Installing: /home/zac/franka_ws/install/franka_example_controllers/include/franka_example_controllers/joint_velocity_example_controller.hpp
[72.402s] -- Installing: /home/zac/franka_ws/install/franka_example_controllers/include/franka_example_controllers/model_example_controller.hpp
[72.402s] -- Installing: /home/zac/franka_ws/install/franka_example_controllers/include/franka_example_controllers/visibility_control.h
[72.402s] -- Installing: /home/zac/franka_ws/install/franka_example_controllers/include/franka_example_controllers/cartesian_pose_example_controller.hpp
[72.402s] -- Installing: /home/zac/franka_ws/install/franka_example_controllers/include/franka_example_controllers/joint_impedance_example_controller.hpp
[72.402s] -- Installing: /home/zac/franka_ws/install/franka_example_controllers/include/franka_example_controllers/motion_generator.hpp
[72.402s] -- Installing: /home/zac/franka_ws/install/franka_example_controllers/include/franka_example_controllers/cartesian_elbow_example_controller.hpp
[72.402s] -- Installing: /home/zac/franka_ws/install/franka_example_controllers/include/franka_example_controllers/elbow_example_controller.hpp
[72.402s] -- Installing: /home/zac/franka_ws/install/franka_example_controllers/include/franka_example_controllers/joint_position_example_controller.hpp
[72.402s] -- Installing: /home/zac/franka_ws/install/franka_example_controllers/include/franka_example_controllers/cartesian_velocity_example_controller.hpp
[72.402s] -- Installing: /home/zac/franka_ws/install/franka_example_controllers/include/franka_example_controllers/gravity_compensation_example_controller.hpp
[72.403s] -- Installing: /home/zac/franka_ws/install/franka_example_controllers/include/franka_example_controllers/move_to_start_example_controller.hpp
[72.403s] -- Installing: /home/zac/franka_ws/install/franka_example_controllers/include/franka_example_controllers/default_robot_behavior_utils.hpp
[72.403s] -- Installing: /home/zac/franka_ws/install/franka_example_controllers/include/franka_example_controllers/robot_utils.hpp
[72.403s] -- Installing: /home/zac/franka_ws/install/franka_example_controllers/include/franka_example_controllers/joint_impedance_with_ik_example_controller.hpp
[72.403s] -- Installing: /home/zac/franka_ws/install/franka_example_controllers/include/franka_example_controllers/cartesian_orientation_example_controller.hpp
[72.403s] -- Installing: /home/zac/franka_ws/install/franka_example_controllers/share/franka_example_controllers/environment/library_path.sh
[72.404s] -- Installing: /home/zac/franka_ws/install/franka_example_controllers/share/franka_example_controllers/environment/library_path.dsv
[72.404s] -- Installing: /home/zac/franka_ws/install/franka_example_controllers/share/ament_index/resource_index/package_run_dependencies/franka_example_controllers
[72.404s] -- Installing: /home/zac/franka_ws/install/franka_example_controllers/share/ament_index/resource_index/parent_prefix_path/franka_example_controllers
[72.404s] -- Installing: /home/zac/franka_ws/install/franka_example_controllers/share/franka_example_controllers/environment/ament_prefix_path.sh
[72.405s] -- Installing: /home/zac/franka_ws/install/franka_example_controllers/share/franka_example_controllers/environment/ament_prefix_path.dsv
[72.405s] -- Installing: /home/zac/franka_ws/install/franka_example_controllers/share/franka_example_controllers/environment/path.sh
[72.405s] -- Installing: /home/zac/franka_ws/install/franka_example_controllers/share/franka_example_controllers/environment/path.dsv
[72.405s] -- Installing: /home/zac/franka_ws/install/franka_example_controllers/share/franka_example_controllers/local_setup.bash
[72.405s] -- Installing: /home/zac/franka_ws/install/franka_example_controllers/share/franka_example_controllers/local_setup.sh
[72.405s] -- Installing: /home/zac/franka_ws/install/franka_example_controllers/share/franka_example_controllers/local_setup.zsh
[72.406s] -- Installing: /home/zac/franka_ws/install/franka_example_controllers/share/franka_example_controllers/local_setup.dsv
[72.406s] -- Installing: /home/zac/franka_ws/install/franka_example_controllers/share/franka_example_controllers/package.dsv
[72.406s] -- Installing: /home/zac/franka_ws/install/franka_example_controllers/share/ament_index/resource_index/packages/franka_example_controllers
[72.406s] -- Installing: /home/zac/franka_ws/install/franka_example_controllers/share/ament_index/resource_index/controller_interface__pluginlib__plugin/franka_example_controllers
[72.407s] -- Installing: /home/zac/franka_ws/install/franka_example_controllers/share/franka_example_controllers/cmake/ament_cmake_export_include_directories-extras.cmake
[72.407s] -- Installing: /home/zac/franka_ws/install/franka_example_controllers/share/franka_example_controllers/cmake/ament_cmake_export_libraries-extras.cmake
[72.407s] -- Installing: /home/zac/franka_ws/install/franka_example_controllers/share/franka_example_controllers/cmake/ament_cmake_export_dependencies-extras.cmake
[72.407s] -- Installing: /home/zac/franka_ws/install/franka_example_controllers/share/franka_example_controllers/cmake/franka_example_controllersConfig.cmake
[72.407s] -- Installing: /home/zac/franka_ws/install/franka_example_controllers/share/franka_example_controllers/cmake/franka_example_controllersConfig-version.cmake
[72.407s] -- Installing: /home/zac/franka_ws/install/franka_example_controllers/share/franka_example_controllers/package.xml
[72.410s] Invoked command in '/home/zac/franka_ws/build/franka_example_controllers' returned '0': AMENT_PREFIX_PATH=/home/zac/franka_ws/install/franka_semantic_components:/home/zac/franka_ws/install/franka_hardware:/home/zac/franka_ws/install/franka_msgs:${AMENT_PREFIX_PATH} CMAKE_PREFIX_PATH=/home/zac/franka_ws/install/franka_semantic_components:/home/zac/franka_ws/install/franka_hardware:/home/zac/franka_ws/install/franka_msgs:/opt/ros/humble LD_LIBRARY_PATH=/home/zac/franka_ws/install/franka_semantic_components/lib:/home/zac/franka_ws/install/franka_hardware/lib:/home/zac/franka_ws/install/franka_msgs/lib:${LD_LIBRARY_PATH} PYTHONPATH=/home/zac/franka_ws/install/franka_msgs/local/lib/python3.10/dist-packages:${PYTHONPATH} /usr/bin/cmake --install /home/zac/franka_ws/build/franka_example_controllers
