[0.102s] Invoking command in '/home/zac/franka_ws/build/moveit_setup_srdf_plugins': AMENT_PREFIX_PATH=/home/zac/franka_ws/install/moveit_setup_framework:/home/zac/franka_ws/install/moveit_ros_visualization:/home/zac/franka_ws/install/moveit_ros_planning_interface:/home/zac/franka_ws/install/moveit_ros_move_group:/home/zac/franka_ws/install/moveit_ros_warehouse:/home/zac/franka_ws/install/moveit_ros_robot_interaction:/home/zac/franka_ws/install/moveit_planners_ompl:/home/zac/franka_ws/install/moveit_kinematics:/home/zac/franka_ws/install/moveit_ros_planning:/home/zac/franka_ws/install/moveit_simple_controller_manager:/home/zac/franka_ws/install/moveit_ros_occupancy_map_monitor:/home/zac/franka_ws/install/moveit_core:/home/zac/franka_ws/install/moveit_configs_utils:/home/zac/franka_ws/install/moveit_resources_prbt_support:/home/zac/franka_ws/install/moveit_common:/home/zac/franka_ws/install/joint_trajectory_controller:/home/zac/franka_ws/install/integration_launch_testing:/home/zac/franka_ws/install/franka_bringup:/home/zac/franka_ws/install/franka_robot_state_broadcaster:/home/zac/franka_ws/install/franka_example_controllers:/home/zac/franka_ws/install/franka_semantic_components:/home/zac/franka_ws/install/franka_gazebo_bringup:/home/zac/franka_ws/install/franka_ign_ros2_control:/home/zac/franka_ws/install/franka_fr3_moveit_config:/home/zac/franka_ws/install/franka_hardware:/home/zac/franka_ws/install/franka_gripper:/home/zac/franka_ws/install/franka_msgs:/home/zac/franka_ws/install/franka_description:/opt/ros/humble CMAKE_PREFIX_PATH=/home/zac/franka_ws/install/moveit_setup_framework:/home/zac/franka_ws/install/moveit_ros_visualization:/home/zac/franka_ws/install/moveit_ros_planning_interface:/home/zac/franka_ws/install/moveit_ros_move_group:/home/zac/franka_ws/install/moveit_ros_warehouse:/home/zac/franka_ws/install/moveit_ros_robot_interaction:/home/zac/franka_ws/install/moveit_planners_ompl:/home/zac/franka_ws/install/moveit_kinematics:/home/zac/franka_ws/install/moveit_ros_planning:/home/zac/franka_ws/install/moveit_simple_controller_manager:/home/zac/franka_ws/install/moveit_ros_occupancy_map_monitor:/home/zac/franka_ws/install/moveit_core:/home/zac/franka_ws/install/moveit_common:/home/zac/franka_ws/install/moveit_resources_prbt_support:/home/zac/franka_ws/install/joint_trajectory_controller:/home/zac/franka_ws/install/integration_launch_testing:/home/zac/franka_ws/install/franka_bringup:/home/zac/franka_ws/install/franka_robot_state_broadcaster:/home/zac/franka_ws/install/franka_example_controllers:/home/zac/franka_ws/install/franka_semantic_components:/home/zac/franka_ws/install/franka_gazebo_bringup:/home/zac/franka_ws/install/franka_ign_ros2_control:/home/zac/franka_ws/install/franka_fr3_moveit_config:/home/zac/franka_ws/install/franka_hardware:/home/zac/franka_ws/install/franka_gripper:/home/zac/franka_ws/install/franka_msgs:/home/zac/franka_ws/install/franka_description:/home/zac/franka_ws/install/moveit_configs_utils:/opt/ros/humble LD_LIBRARY_PATH=/home/zac/franka_ws/install/moveit_setup_framework/lib:/home/zac/franka_ws/install/moveit_ros_visualization/lib:/home/zac/franka_ws/install/moveit_ros_planning_interface/lib:/home/zac/franka_ws/install/moveit_ros_move_group/lib:/home/zac/franka_ws/install/moveit_ros_warehouse/lib:/home/zac/franka_ws/install/moveit_ros_robot_interaction/lib:/home/zac/franka_ws/install/moveit_planners_ompl/lib:/home/zac/franka_ws/install/moveit_kinematics/lib:/home/zac/franka_ws/install/moveit_ros_planning/lib:/home/zac/franka_ws/install/moveit_simple_controller_manager/lib:/home/zac/franka_ws/install/moveit_ros_occupancy_map_monitor/lib:/home/zac/franka_ws/install/moveit_core/lib:${LD_LIBRARY_PATH} PATH=/home/zac/franka_ws/install/moveit_core/bin:${PATH} PYTHONPATH=/home/zac/franka_ws/install/moveit_configs_utils/lib/python3.10/site-packages:/home/zac/franka_ws/build/moveit_configs_utils:/opt/ros/humble/local/lib/python3.10/dist-packages:/home/zac/franka_ws/install/franka_gripper/local/lib/python3.10/dist-packages:/home/zac/franka_ws/install/franka_msgs/local/lib/python3.10/dist-packages:/opt/ros/humble/lib/python3.10/site-packages:/opt/ros/humble/local/lib/python3.10/dist-packages /usr/bin/cmake /home/zac/franka_ws/src/moveit2/moveit_setup_assistant/moveit_setup_srdf_plugins -DCMAKE_INSTALL_PREFIX=/home/zac/franka_ws/install/moveit_setup_srdf_plugins
[0.213s] -- The C compiler identification is GNU 11.4.0
[0.323s] -- The CXX compiler identification is GNU 11.4.0
[0.334s] -- Detecting C compiler ABI info
[0.473s] -- Detecting C compiler ABI info - done
[0.487s] -- Check for working C compiler: /usr/bin/cc - skipped
[0.487s] -- Detecting C compile features
[0.488s] -- Detecting C compile features - done
[0.492s] -- Detecting CXX compiler ABI info
[0.654s] -- Detecting CXX compiler ABI info - done
[0.669s] -- Check for working CXX compiler: /usr/bin/c++ - skipped
[0.670s] -- Detecting CXX compile features
[0.670s] -- Detecting CXX compile features - done
[0.676s] -- Found moveit_common: 2.5.5 (/home/zac/franka_ws/install/moveit_common/share/moveit_common/cmake)
[0.688s] -- Found ament_cmake: 1.3.10 (/opt/ros/humble/share/ament_cmake/cmake)
[1.010s] -- Found Python3: /usr/bin/python3 (found version "3.10.12") found components: Interpreter 
[1.444s] [0mmoveit_setup_srdf_plugins: You did not request a specific build type: Choosing 'Release' for maximum performance[0m
[1.460s] -- Found ament_cmake_ros: 0.10.0 (/opt/ros/humble/share/ament_cmake_ros/cmake)
[1.510s] -- Found moveit_setup_framework: 2.5.5 (/home/zac/franka_ws/install/moveit_setup_framework/share/moveit_setup_framework/cmake)
[1.712s] -- Found rosidl_generator_c: 3.1.5 (/opt/ros/humble/share/rosidl_generator_c/cmake)
[1.739s] -- Found rosidl_adapter: 3.1.5 (/opt/ros/humble/share/rosidl_adapter/cmake)
[1.767s] -- Found rosidl_generator_cpp: 3.1.5 (/opt/ros/humble/share/rosidl_generator_cpp/cmake)
[1.813s] -- Using all available rosidl_typesupport_c: rosidl_typesupport_fastrtps_c;rosidl_typesupport_introspection_c
[1.871s] -- Using all available rosidl_typesupport_cpp: rosidl_typesupport_fastrtps_cpp;rosidl_typesupport_introspection_cpp
[2.052s] -- Found rmw_implementation_cmake: 6.1.2 (/opt/ros/humble/share/rmw_implementation_cmake/cmake)
[2.066s] -- Found rmw_fastrtps_cpp: 6.2.7 (/opt/ros/humble/share/rmw_fastrtps_cpp/cmake)
[2.315s] -- Found OpenSSL: /usr/lib/x86_64-linux-gnu/libcrypto.so (found version "3.0.2")  
[2.375s] -- Found FastRTPS: /opt/ros/humble/include  
[2.481s] -- Using RMW implementation 'rmw_fastrtps_cpp' as default
[2.523s] -- Looking for pthread.h
[2.682s] -- Looking for pthread.h - found
[2.683s] -- Performing Test CMAKE_HAVE_LIBC_PTHREAD
[2.829s] -- Performing Test CMAKE_HAVE_LIBC_PTHREAD - Success
[2.831s] -- Found Threads: TRUE  
[3.175s] -- Found Boost: /usr/lib/x86_64-linux-gnu/cmake/Boost-1.74.0/BoostConfig.cmake (found version "1.74.0") found components: chrono date_time filesystem iostreams program_options regex serialization system thread 
[3.350s] -- Found parameter_traits: 0.3.8 (/opt/ros/humble/share/parameter_traits/cmake)
[3.391s] -- Found Eigen3: TRUE (found version "3.4.0") 
[3.405s] -- Found rclcpp_lifecycle: 16.0.10 (/opt/ros/humble/share/rclcpp_lifecycle/cmake)
[3.479s] -- Found Boost: /usr/lib/x86_64-linux-gnu/cmake/Boost-1.74.0/BoostConfig.cmake (found version "1.74.0") found components: filesystem 
[3.783s] -- library: /usr/lib/x86_64-linux-gnu/libcurl.so
[3.972s] -- Ensuring Eigen3 include directory is part of orocos-kdl CMake target
[4.757s] -- Found Boost: /usr/lib/x86_64-linux-gnu/cmake/Boost-1.74.0/BoostConfig.cmake (found version "1.74.0") found components: system filesystem date_time program_options thread chrono 
[4.834s] -- Found Boost: /usr/lib/x86_64-linux-gnu/cmake/Boost-1.74.0/BoostConfig.cmake (found version "1.74.0") found components: thread date_time system filesystem 
[4.861s] -- Found Boost: /usr/lib/x86_64-linux-gnu/cmake/Boost-1.74.0/BoostConfig.cmake (found version "1.74.0") found components: date_time filesystem program_options system thread 
[4.879s] -- Found Boost: /usr/lib/x86_64-linux-gnu/cmake/Boost-1.74.0/BoostConfig.cmake (found version "1.74.0") found components: thread system filesystem regex date_time program_options 
[4.923s] -- Found Boost: /usr/lib/x86_64-linux-gnu/cmake/Boost-1.74.0/BoostConfig.cmake (found version "1.74.0") found components: system filesystem date_time program_options thread 
[5.053s] -- Setting OGRE_DIR to: '/opt/ros/humble/share/rviz_ogre_vendor/cmake/../../../opt/rviz_ogre_vendor/lib/OGRE/cmake'
[5.055s] -- Found OGRE
[5.056s] --   static     : OFF
[5.056s] --   components : HLMS;MeshLodGenerator;Overlay;Paging;Property;RTShaderSystem;Terrain;Volume
[5.056s] --   plugins    : Plugin_BSPSceneManager;Plugin_OctreeSceneManager;Plugin_PCZSceneManager;Plugin_ParticleFX;RenderSystem_GL;RenderSystem_GL3Plus;Codec_STBI
[5.056s] --   media      : /opt/ros/humble/opt/rviz_ogre_vendor/share/OGRE/Media
[5.056s] -- OGRE_LIBRARIES: OgreHLMS;OgreMeshLodGenerator;OgreOverlay;OgrePaging;OgreProperty;OgreRTShaderSystem;OgreTerrain;OgreVolume;OgreMain
[5.057s] -- OGRE_LIBRARY_DIRS: /opt/ros/humble/opt/rviz_ogre_vendor/lib
[5.057s] -- OGRE_PLUGINS: Plugin_BSPSceneManager;Plugin_OctreeSceneManager;Plugin_PCZSceneManager;Plugin_ParticleFX;RenderSystem_GL;RenderSystem_GL3Plus;Codec_STBI
[5.057s] -- OGRE_PLUGIN_DIR: /opt/ros/humble/opt/rviz_ogre_vendor/lib/OGRE
[5.057s] -- rviz_ogre_vendor::OgreOverlay for IMPORTED_LOCATION_RELEASE: /opt/ros/humble/opt/rviz_ogre_vendor/lib/libOgreOverlay.so
[5.057s] -- rviz_ogre_vendor::OgreOverlay for IMPORTED_LOCATION_DEBUG: /opt/ros/humble/opt/rviz_ogre_vendor/lib/libOgreOverlay.so
[5.057s] -- rviz_ogre_vendor::OgreMain for IMPORTED_LOCATION_RELEASE: /opt/ros/humble/opt/rviz_ogre_vendor/lib/libOgreMain.so
[5.057s] -- rviz_ogre_vendor::OgreMain for IMPORTED_LOCATION_DEBUG: /opt/ros/humble/opt/rviz_ogre_vendor/lib/libOgreMain.so
[5.059s] -- Could not find freeimage library
[5.096s] -- Found ZLIB: /usr/lib/x86_64-linux-gnu/libz.so (found version "1.2.11") 
[5.108s] -- Found OpenGL: /usr/lib/x86_64-linux-gnu/libOpenGL.so   
[5.358s] -- Found X11: /usr/include   
[5.359s] -- Looking for XOpenDisplay in /usr/lib/x86_64-linux-gnu/libX11.so;/usr/lib/x86_64-linux-gnu/libXext.so
[5.499s] -- Looking for XOpenDisplay in /usr/lib/x86_64-linux-gnu/libX11.so;/usr/lib/x86_64-linux-gnu/libXext.so - found
[5.500s] -- Looking for gethostbyname
[5.654s] -- Looking for gethostbyname - found
[5.654s] -- Looking for connect
[5.824s] -- Looking for connect - found
[5.825s] -- Looking for remove
[5.992s] -- Looking for remove - found
[5.992s] -- Looking for shmat
[6.163s] -- Looking for shmat - found
[6.163s] -- Looking for IceConnectionNumber in ICE
[6.341s] -- Looking for IceConnectionNumber in ICE - found
[6.408s] -- Setting assimp_DIR to: '/opt/ros/humble/share/rviz_assimp_vendor/cmake/../../../opt/rviz_assimp_vendor/lib/cmake/assimp-4.1'
[6.763s] -- Found ament_lint_auto: 0.12.11 (/opt/ros/humble/share/ament_lint_auto/cmake)
[6.880s] -- Found gtest sources under '/opt/ros/humble/src/gtest_vendor': C++ tests using 'Google Test' will be built
[6.902s] -- Added test 'lint_cmake' to check CMake code style
[6.906s] -- Added test 'xmllint' to check XML markup files
[6.916s] -- Configuring done
[7.153s] -- Generating done
[7.161s] -- Build files have been written to: /home/zac/franka_ws/build/moveit_setup_srdf_plugins
[7.203s] Invoked command in '/home/zac/franka_ws/build/moveit_setup_srdf_plugins' returned '0': AMENT_PREFIX_PATH=/home/zac/franka_ws/install/moveit_setup_framework:/home/zac/franka_ws/install/moveit_ros_visualization:/home/zac/franka_ws/install/moveit_ros_planning_interface:/home/zac/franka_ws/install/moveit_ros_move_group:/home/zac/franka_ws/install/moveit_ros_warehouse:/home/zac/franka_ws/install/moveit_ros_robot_interaction:/home/zac/franka_ws/install/moveit_planners_ompl:/home/zac/franka_ws/install/moveit_kinematics:/home/zac/franka_ws/install/moveit_ros_planning:/home/zac/franka_ws/install/moveit_simple_controller_manager:/home/zac/franka_ws/install/moveit_ros_occupancy_map_monitor:/home/zac/franka_ws/install/moveit_core:/home/zac/franka_ws/install/moveit_configs_utils:/home/zac/franka_ws/install/moveit_resources_prbt_support:/home/zac/franka_ws/install/moveit_common:/home/zac/franka_ws/install/joint_trajectory_controller:/home/zac/franka_ws/install/integration_launch_testing:/home/zac/franka_ws/install/franka_bringup:/home/zac/franka_ws/install/franka_robot_state_broadcaster:/home/zac/franka_ws/install/franka_example_controllers:/home/zac/franka_ws/install/franka_semantic_components:/home/zac/franka_ws/install/franka_gazebo_bringup:/home/zac/franka_ws/install/franka_ign_ros2_control:/home/zac/franka_ws/install/franka_fr3_moveit_config:/home/zac/franka_ws/install/franka_hardware:/home/zac/franka_ws/install/franka_gripper:/home/zac/franka_ws/install/franka_msgs:/home/zac/franka_ws/install/franka_description:/opt/ros/humble CMAKE_PREFIX_PATH=/home/zac/franka_ws/install/moveit_setup_framework:/home/zac/franka_ws/install/moveit_ros_visualization:/home/zac/franka_ws/install/moveit_ros_planning_interface:/home/zac/franka_ws/install/moveit_ros_move_group:/home/zac/franka_ws/install/moveit_ros_warehouse:/home/zac/franka_ws/install/moveit_ros_robot_interaction:/home/zac/franka_ws/install/moveit_planners_ompl:/home/zac/franka_ws/install/moveit_kinematics:/home/zac/franka_ws/install/moveit_ros_planning:/home/zac/franka_ws/install/moveit_simple_controller_manager:/home/zac/franka_ws/install/moveit_ros_occupancy_map_monitor:/home/zac/franka_ws/install/moveit_core:/home/zac/franka_ws/install/moveit_common:/home/zac/franka_ws/install/moveit_resources_prbt_support:/home/zac/franka_ws/install/joint_trajectory_controller:/home/zac/franka_ws/install/integration_launch_testing:/home/zac/franka_ws/install/franka_bringup:/home/zac/franka_ws/install/franka_robot_state_broadcaster:/home/zac/franka_ws/install/franka_example_controllers:/home/zac/franka_ws/install/franka_semantic_components:/home/zac/franka_ws/install/franka_gazebo_bringup:/home/zac/franka_ws/install/franka_ign_ros2_control:/home/zac/franka_ws/install/franka_fr3_moveit_config:/home/zac/franka_ws/install/franka_hardware:/home/zac/franka_ws/install/franka_gripper:/home/zac/franka_ws/install/franka_msgs:/home/zac/franka_ws/install/franka_description:/home/zac/franka_ws/install/moveit_configs_utils:/opt/ros/humble LD_LIBRARY_PATH=/home/zac/franka_ws/install/moveit_setup_framework/lib:/home/zac/franka_ws/install/moveit_ros_visualization/lib:/home/zac/franka_ws/install/moveit_ros_planning_interface/lib:/home/zac/franka_ws/install/moveit_ros_move_group/lib:/home/zac/franka_ws/install/moveit_ros_warehouse/lib:/home/zac/franka_ws/install/moveit_ros_robot_interaction/lib:/home/zac/franka_ws/install/moveit_planners_ompl/lib:/home/zac/franka_ws/install/moveit_kinematics/lib:/home/zac/franka_ws/install/moveit_ros_planning/lib:/home/zac/franka_ws/install/moveit_simple_controller_manager/lib:/home/zac/franka_ws/install/moveit_ros_occupancy_map_monitor/lib:/home/zac/franka_ws/install/moveit_core/lib:${LD_LIBRARY_PATH} PATH=/home/zac/franka_ws/install/moveit_core/bin:${PATH} PYTHONPATH=/home/zac/franka_ws/install/moveit_configs_utils/lib/python3.10/site-packages:/home/zac/franka_ws/build/moveit_configs_utils:/opt/ros/humble/local/lib/python3.10/dist-packages:/home/zac/franka_ws/install/franka_gripper/local/lib/python3.10/dist-packages:/home/zac/franka_ws/install/franka_msgs/local/lib/python3.10/dist-packages:/opt/ros/humble/lib/python3.10/site-packages:/opt/ros/humble/local/lib/python3.10/dist-packages /usr/bin/cmake /home/zac/franka_ws/src/moveit2/moveit_setup_assistant/moveit_setup_srdf_plugins -DCMAKE_INSTALL_PREFIX=/home/zac/franka_ws/install/moveit_setup_srdf_plugins
[7.207s] Invoking command in '/home/zac/franka_ws/build/moveit_setup_srdf_plugins': AMENT_PREFIX_PATH=/home/zac/franka_ws/install/moveit_setup_framework:/home/zac/franka_ws/install/moveit_ros_visualization:/home/zac/franka_ws/install/moveit_ros_planning_interface:/home/zac/franka_ws/install/moveit_ros_move_group:/home/zac/franka_ws/install/moveit_ros_warehouse:/home/zac/franka_ws/install/moveit_ros_robot_interaction:/home/zac/franka_ws/install/moveit_planners_ompl:/home/zac/franka_ws/install/moveit_kinematics:/home/zac/franka_ws/install/moveit_ros_planning:/home/zac/franka_ws/install/moveit_simple_controller_manager:/home/zac/franka_ws/install/moveit_ros_occupancy_map_monitor:/home/zac/franka_ws/install/moveit_core:/home/zac/franka_ws/install/moveit_configs_utils:/home/zac/franka_ws/install/moveit_resources_prbt_support:/home/zac/franka_ws/install/moveit_common:/home/zac/franka_ws/install/joint_trajectory_controller:/home/zac/franka_ws/install/integration_launch_testing:/home/zac/franka_ws/install/franka_bringup:/home/zac/franka_ws/install/franka_robot_state_broadcaster:/home/zac/franka_ws/install/franka_example_controllers:/home/zac/franka_ws/install/franka_semantic_components:/home/zac/franka_ws/install/franka_gazebo_bringup:/home/zac/franka_ws/install/franka_ign_ros2_control:/home/zac/franka_ws/install/franka_fr3_moveit_config:/home/zac/franka_ws/install/franka_hardware:/home/zac/franka_ws/install/franka_gripper:/home/zac/franka_ws/install/franka_msgs:/home/zac/franka_ws/install/franka_description:/opt/ros/humble CMAKE_PREFIX_PATH=/home/zac/franka_ws/install/moveit_setup_framework:/home/zac/franka_ws/install/moveit_ros_visualization:/home/zac/franka_ws/install/moveit_ros_planning_interface:/home/zac/franka_ws/install/moveit_ros_move_group:/home/zac/franka_ws/install/moveit_ros_warehouse:/home/zac/franka_ws/install/moveit_ros_robot_interaction:/home/zac/franka_ws/install/moveit_planners_ompl:/home/zac/franka_ws/install/moveit_kinematics:/home/zac/franka_ws/install/moveit_ros_planning:/home/zac/franka_ws/install/moveit_simple_controller_manager:/home/zac/franka_ws/install/moveit_ros_occupancy_map_monitor:/home/zac/franka_ws/install/moveit_core:/home/zac/franka_ws/install/moveit_common:/home/zac/franka_ws/install/moveit_resources_prbt_support:/home/zac/franka_ws/install/joint_trajectory_controller:/home/zac/franka_ws/install/integration_launch_testing:/home/zac/franka_ws/install/franka_bringup:/home/zac/franka_ws/install/franka_robot_state_broadcaster:/home/zac/franka_ws/install/franka_example_controllers:/home/zac/franka_ws/install/franka_semantic_components:/home/zac/franka_ws/install/franka_gazebo_bringup:/home/zac/franka_ws/install/franka_ign_ros2_control:/home/zac/franka_ws/install/franka_fr3_moveit_config:/home/zac/franka_ws/install/franka_hardware:/home/zac/franka_ws/install/franka_gripper:/home/zac/franka_ws/install/franka_msgs:/home/zac/franka_ws/install/franka_description:/home/zac/franka_ws/install/moveit_configs_utils:/opt/ros/humble LD_LIBRARY_PATH=/home/zac/franka_ws/install/moveit_setup_framework/lib:/home/zac/franka_ws/install/moveit_ros_visualization/lib:/home/zac/franka_ws/install/moveit_ros_planning_interface/lib:/home/zac/franka_ws/install/moveit_ros_move_group/lib:/home/zac/franka_ws/install/moveit_ros_warehouse/lib:/home/zac/franka_ws/install/moveit_ros_robot_interaction/lib:/home/zac/franka_ws/install/moveit_planners_ompl/lib:/home/zac/franka_ws/install/moveit_kinematics/lib:/home/zac/franka_ws/install/moveit_ros_planning/lib:/home/zac/franka_ws/install/moveit_simple_controller_manager/lib:/home/zac/franka_ws/install/moveit_ros_occupancy_map_monitor/lib:/home/zac/franka_ws/install/moveit_core/lib:${LD_LIBRARY_PATH} PATH=/home/zac/franka_ws/install/moveit_core/bin:${PATH} PYTHONPATH=/home/zac/franka_ws/install/moveit_configs_utils/lib/python3.10/site-packages:/home/zac/franka_ws/build/moveit_configs_utils:/opt/ros/humble/local/lib/python3.10/dist-packages:/home/zac/franka_ws/install/franka_gripper/local/lib/python3.10/dist-packages:/home/zac/franka_ws/install/franka_msgs/local/lib/python3.10/dist-packages:/opt/ros/humble/lib/python3.10/site-packages:/opt/ros/humble/local/lib/python3.10/dist-packages /usr/bin/cmake --build /home/zac/franka_ws/build/moveit_setup_srdf_plugins -- -j8 -l8
[7.336s] [  2%] [34m[1mGenerating include/moveit_setup_srdf_plugins/moc_collision_linear_model.cpp[0m
[7.343s] [  4%] [34m[1mGenerating include/moveit_setup_srdf_plugins/moc_virtual_joints_widget.cpp[0m
[7.399s] [  6%] [34m[1mGenerating include/moveit_setup_srdf_plugins/moc_collision_matrix_model.cpp[0m
[7.406s] [  8%] [34m[1mGenerating include/moveit_setup_srdf_plugins/moc_group_edit_widget.cpp[0m
[7.424s] [ 10%] [32mBuilding CXX object gtest/CMakeFiles/gtest_main.dir/src/gtest_main.cc.o[0m
[7.452s] [ 12%] [34m[1mGenerating include/moveit_setup_srdf_plugins/moc_kinematic_chain_widget.cpp[0m
[7.454s] [ 14%] [32mBuilding CXX object gtest/CMakeFiles/gtest.dir/src/gtest-all.cc.o[0m
[7.484s] [ 16%] [34m[1mGenerating include/moveit_setup_srdf_plugins/moc_passive_joints_widget.cpp[0m
[7.491s] [ 18%] [34m[1mGenerating include/moveit_setup_srdf_plugins/moc_planning_groups_widget.cpp[0m
[7.547s] [ 20%] [34m[1mGenerating include/moveit_setup_srdf_plugins/moc_robot_poses_widget.cpp[0m
[7.575s] [ 22%] [34m[1mGenerating include/moveit_setup_srdf_plugins/moc_end_effectors_widget.cpp[0m
[7.600s] [ 25%] [34m[1mGenerating include/moveit_setup_srdf_plugins/moc_default_collisions_widget.cpp[0m
[7.606s] [ 27%] [34m[1mGenerating include/moveit_setup_srdf_plugins/moc_rotated_header_view.cpp[0m
[7.644s] /home/zac/franka_ws/src/moveit2/moveit_setup_assistant/moveit_setup_srdf_plugins/include/moveit_setup_srdf_plugins/rotated_header_view.hpp:0: Note: No relevant classes found. No output generated.
[7.809s] [ 29%] [32mBuilding CXX object CMakeFiles/moveit_setup_srdf_plugins.dir/src/collision_linear_model.cpp.o[0m
[7.825s] [ 31%] [32mBuilding CXX object CMakeFiles/moveit_setup_srdf_plugins.dir/src/compute_default_collisions.cpp.o[0m
[7.830s] [ 33%] [32mBuilding CXX object CMakeFiles/moveit_setup_srdf_plugins.dir/src/collision_matrix_model.cpp.o[0m
[9.893s] [ 35%] [32mBuilding CXX object CMakeFiles/moveit_setup_srdf_plugins.dir/src/end_effectors.cpp.o[0m
[11.245s] [ 37%] [32m[1mLinking CXX static library libgtest_main.a[0m
[11.494s] [ 37%] Built target gtest_main
[12.533s] [ 39%] [32mBuilding CXX object CMakeFiles/moveit_setup_srdf_plugins.dir/src/end_effectors_widget.cpp.o[0m
[32.259s] [ 41%] [32m[1mLinking CXX static library libgtest.a[0m
[32.526s] [ 41%] Built target gtest
[70.568s] [ 43%] [32mBuilding CXX object CMakeFiles/moveit_setup_srdf_plugins.dir/src/passive_joints_widget.cpp.o[0m
[94.737s] [ 45%] [32mBuilding CXX object CMakeFiles/moveit_setup_srdf_plugins.dir/src/planning_groups.cpp.o[0m
[121.241s] [ 47%] [32mBuilding CXX object CMakeFiles/moveit_setup_srdf_plugins.dir/src/planning_groups_widget.cpp.o[0m
[150.276s] [ 50%] [32mBuilding CXX object CMakeFiles/moveit_setup_srdf_plugins.dir/src/robot_poses.cpp.o[0m
[167.980s] [ 52%] [32mBuilding CXX object CMakeFiles/moveit_setup_srdf_plugins.dir/src/robot_poses_widget.cpp.o[0m
[189.653s] [ 54%] [32mBuilding CXX object CMakeFiles/moveit_setup_srdf_plugins.dir/src/rotated_header_view.cpp.o[0m
[191.968s] [ 56%] [32mBuilding CXX object CMakeFiles/moveit_setup_srdf_plugins.dir/src/virtual_joints.cpp.o[0m
[207.126s] [ 58%] [32mBuilding CXX object CMakeFiles/moveit_setup_srdf_plugins.dir/src/virtual_joints_widget.cpp.o[0m
[227.556s] [ 60%] [32mBuilding CXX object CMakeFiles/moveit_setup_srdf_plugins.dir/include/moveit_setup_srdf_plugins/moc_collision_linear_model.cpp.o[0m
[229.331s] [ 62%] [32mBuilding CXX object CMakeFiles/moveit_setup_srdf_plugins.dir/include/moveit_setup_srdf_plugins/moc_collision_matrix_model.cpp.o[0m
[231.157s] [ 64%] [32mBuilding CXX object CMakeFiles/moveit_setup_srdf_plugins.dir/include/moveit_setup_srdf_plugins/moc_default_collisions_widget.cpp.o[0m
[251.930s] [ 66%] [32mBuilding CXX object CMakeFiles/moveit_setup_srdf_plugins.dir/include/moveit_setup_srdf_plugins/moc_end_effectors_widget.cpp.o[0m
[272.121s] [ 68%] [32mBuilding CXX object CMakeFiles/moveit_setup_srdf_plugins.dir/include/moveit_setup_srdf_plugins/moc_group_edit_widget.cpp.o[0m
[287.847s] [ 70%] [32mBuilding CXX object CMakeFiles/moveit_setup_srdf_plugins.dir/include/moveit_setup_srdf_plugins/moc_kinematic_chain_widget.cpp.o[0m
[289.867s] [ 72%] [32mBuilding CXX object CMakeFiles/moveit_setup_srdf_plugins.dir/include/moveit_setup_srdf_plugins/moc_passive_joints_widget.cpp.o[0m
[291.888s] [ 75%] [32mBuilding CXX object CMakeFiles/moveit_setup_srdf_plugins.dir/src/passive_joints.cpp.o[0m
[308.149s] [ 77%] [32mBuilding CXX object CMakeFiles/moveit_setup_srdf_plugins.dir/include/moveit_setup_srdf_plugins/moc_planning_groups_widget.cpp.o[0m
[308.896s] [ 79%] [32mBuilding CXX object CMakeFiles/moveit_setup_srdf_plugins.dir/src/kinematic_chain_widget.cpp.o[0m
[311.486s] [ 81%] [32mBuilding CXX object CMakeFiles/moveit_setup_srdf_plugins.dir/include/moveit_setup_srdf_plugins/moc_rotated_header_view.cpp.o[0m
[311.527s] [ 83%] [32mBuilding CXX object CMakeFiles/moveit_setup_srdf_plugins.dir/include/moveit_setup_srdf_plugins/moc_robot_poses_widget.cpp.o[0m
[331.703s] [ 85%] [32mBuilding CXX object CMakeFiles/moveit_setup_srdf_plugins.dir/include/moveit_setup_srdf_plugins/moc_virtual_joints_widget.cpp.o[0m
[348.850s] [ 87%] [32mBuilding CXX object CMakeFiles/moveit_setup_srdf_plugins.dir/src/group_meta_config.cpp.o[0m
[354.402s] [ 91%] [32mBuilding CXX object CMakeFiles/moveit_setup_srdf_plugins.dir/src/default_collisions_widget.cpp.o[0m
[354.402s] [ 91%] [32mBuilding CXX object CMakeFiles/moveit_setup_srdf_plugins.dir/src/group_edit_widget.cpp.o[0m
[354.405s] [ 93%] [32mBuilding CXX object CMakeFiles/moveit_setup_srdf_plugins.dir/src/default_collisions.cpp.o[0m
[381.500s] [ 95%] [32m[1mLinking CXX shared library libmoveit_setup_srdf_plugins.so[0m
[382.486s] [ 95%] Built target moveit_setup_srdf_plugins
[382.531s] [ 97%] [32mBuilding CXX object CMakeFiles/test_srdf.dir/test/test_srdf.cpp.o[0m
[404.392s] [100%] [32m[1mLinking CXX executable test_srdf[0m
[405.353s] [100%] Built target test_srdf
[405.376s] Invoked command in '/home/zac/franka_ws/build/moveit_setup_srdf_plugins' returned '0': AMENT_PREFIX_PATH=/home/zac/franka_ws/install/moveit_setup_framework:/home/zac/franka_ws/install/moveit_ros_visualization:/home/zac/franka_ws/install/moveit_ros_planning_interface:/home/zac/franka_ws/install/moveit_ros_move_group:/home/zac/franka_ws/install/moveit_ros_warehouse:/home/zac/franka_ws/install/moveit_ros_robot_interaction:/home/zac/franka_ws/install/moveit_planners_ompl:/home/zac/franka_ws/install/moveit_kinematics:/home/zac/franka_ws/install/moveit_ros_planning:/home/zac/franka_ws/install/moveit_simple_controller_manager:/home/zac/franka_ws/install/moveit_ros_occupancy_map_monitor:/home/zac/franka_ws/install/moveit_core:/home/zac/franka_ws/install/moveit_configs_utils:/home/zac/franka_ws/install/moveit_resources_prbt_support:/home/zac/franka_ws/install/moveit_common:/home/zac/franka_ws/install/joint_trajectory_controller:/home/zac/franka_ws/install/integration_launch_testing:/home/zac/franka_ws/install/franka_bringup:/home/zac/franka_ws/install/franka_robot_state_broadcaster:/home/zac/franka_ws/install/franka_example_controllers:/home/zac/franka_ws/install/franka_semantic_components:/home/zac/franka_ws/install/franka_gazebo_bringup:/home/zac/franka_ws/install/franka_ign_ros2_control:/home/zac/franka_ws/install/franka_fr3_moveit_config:/home/zac/franka_ws/install/franka_hardware:/home/zac/franka_ws/install/franka_gripper:/home/zac/franka_ws/install/franka_msgs:/home/zac/franka_ws/install/franka_description:/opt/ros/humble CMAKE_PREFIX_PATH=/home/zac/franka_ws/install/moveit_setup_framework:/home/zac/franka_ws/install/moveit_ros_visualization:/home/zac/franka_ws/install/moveit_ros_planning_interface:/home/zac/franka_ws/install/moveit_ros_move_group:/home/zac/franka_ws/install/moveit_ros_warehouse:/home/zac/franka_ws/install/moveit_ros_robot_interaction:/home/zac/franka_ws/install/moveit_planners_ompl:/home/zac/franka_ws/install/moveit_kinematics:/home/zac/franka_ws/install/moveit_ros_planning:/home/zac/franka_ws/install/moveit_simple_controller_manager:/home/zac/franka_ws/install/moveit_ros_occupancy_map_monitor:/home/zac/franka_ws/install/moveit_core:/home/zac/franka_ws/install/moveit_common:/home/zac/franka_ws/install/moveit_resources_prbt_support:/home/zac/franka_ws/install/joint_trajectory_controller:/home/zac/franka_ws/install/integration_launch_testing:/home/zac/franka_ws/install/franka_bringup:/home/zac/franka_ws/install/franka_robot_state_broadcaster:/home/zac/franka_ws/install/franka_example_controllers:/home/zac/franka_ws/install/franka_semantic_components:/home/zac/franka_ws/install/franka_gazebo_bringup:/home/zac/franka_ws/install/franka_ign_ros2_control:/home/zac/franka_ws/install/franka_fr3_moveit_config:/home/zac/franka_ws/install/franka_hardware:/home/zac/franka_ws/install/franka_gripper:/home/zac/franka_ws/install/franka_msgs:/home/zac/franka_ws/install/franka_description:/home/zac/franka_ws/install/moveit_configs_utils:/opt/ros/humble LD_LIBRARY_PATH=/home/zac/franka_ws/install/moveit_setup_framework/lib:/home/zac/franka_ws/install/moveit_ros_visualization/lib:/home/zac/franka_ws/install/moveit_ros_planning_interface/lib:/home/zac/franka_ws/install/moveit_ros_move_group/lib:/home/zac/franka_ws/install/moveit_ros_warehouse/lib:/home/zac/franka_ws/install/moveit_ros_robot_interaction/lib:/home/zac/franka_ws/install/moveit_planners_ompl/lib:/home/zac/franka_ws/install/moveit_kinematics/lib:/home/zac/franka_ws/install/moveit_ros_planning/lib:/home/zac/franka_ws/install/moveit_simple_controller_manager/lib:/home/zac/franka_ws/install/moveit_ros_occupancy_map_monitor/lib:/home/zac/franka_ws/install/moveit_core/lib:${LD_LIBRARY_PATH} PATH=/home/zac/franka_ws/install/moveit_core/bin:${PATH} PYTHONPATH=/home/zac/franka_ws/install/moveit_configs_utils/lib/python3.10/site-packages:/home/zac/franka_ws/build/moveit_configs_utils:/opt/ros/humble/local/lib/python3.10/dist-packages:/home/zac/franka_ws/install/franka_gripper/local/lib/python3.10/dist-packages:/home/zac/franka_ws/install/franka_msgs/local/lib/python3.10/dist-packages:/opt/ros/humble/lib/python3.10/site-packages:/opt/ros/humble/local/lib/python3.10/dist-packages /usr/bin/cmake --build /home/zac/franka_ws/build/moveit_setup_srdf_plugins -- -j8 -l8
[405.567s] Invoking command in '/home/zac/franka_ws/build/moveit_setup_srdf_plugins': AMENT_PREFIX_PATH=/home/zac/franka_ws/install/moveit_setup_framework:/home/zac/franka_ws/install/moveit_ros_visualization:/home/zac/franka_ws/install/moveit_ros_planning_interface:/home/zac/franka_ws/install/moveit_ros_move_group:/home/zac/franka_ws/install/moveit_ros_warehouse:/home/zac/franka_ws/install/moveit_ros_robot_interaction:/home/zac/franka_ws/install/moveit_planners_ompl:/home/zac/franka_ws/install/moveit_kinematics:/home/zac/franka_ws/install/moveit_ros_planning:/home/zac/franka_ws/install/moveit_simple_controller_manager:/home/zac/franka_ws/install/moveit_ros_occupancy_map_monitor:/home/zac/franka_ws/install/moveit_core:/home/zac/franka_ws/install/moveit_configs_utils:/home/zac/franka_ws/install/moveit_resources_prbt_support:/home/zac/franka_ws/install/moveit_common:/home/zac/franka_ws/install/joint_trajectory_controller:/home/zac/franka_ws/install/integration_launch_testing:/home/zac/franka_ws/install/franka_bringup:/home/zac/franka_ws/install/franka_robot_state_broadcaster:/home/zac/franka_ws/install/franka_example_controllers:/home/zac/franka_ws/install/franka_semantic_components:/home/zac/franka_ws/install/franka_gazebo_bringup:/home/zac/franka_ws/install/franka_ign_ros2_control:/home/zac/franka_ws/install/franka_fr3_moveit_config:/home/zac/franka_ws/install/franka_hardware:/home/zac/franka_ws/install/franka_gripper:/home/zac/franka_ws/install/franka_msgs:/home/zac/franka_ws/install/franka_description:/opt/ros/humble CMAKE_PREFIX_PATH=/home/zac/franka_ws/install/moveit_setup_framework:/home/zac/franka_ws/install/moveit_ros_visualization:/home/zac/franka_ws/install/moveit_ros_planning_interface:/home/zac/franka_ws/install/moveit_ros_move_group:/home/zac/franka_ws/install/moveit_ros_warehouse:/home/zac/franka_ws/install/moveit_ros_robot_interaction:/home/zac/franka_ws/install/moveit_planners_ompl:/home/zac/franka_ws/install/moveit_kinematics:/home/zac/franka_ws/install/moveit_ros_planning:/home/zac/franka_ws/install/moveit_simple_controller_manager:/home/zac/franka_ws/install/moveit_ros_occupancy_map_monitor:/home/zac/franka_ws/install/moveit_core:/home/zac/franka_ws/install/moveit_common:/home/zac/franka_ws/install/moveit_resources_prbt_support:/home/zac/franka_ws/install/joint_trajectory_controller:/home/zac/franka_ws/install/integration_launch_testing:/home/zac/franka_ws/install/franka_bringup:/home/zac/franka_ws/install/franka_robot_state_broadcaster:/home/zac/franka_ws/install/franka_example_controllers:/home/zac/franka_ws/install/franka_semantic_components:/home/zac/franka_ws/install/franka_gazebo_bringup:/home/zac/franka_ws/install/franka_ign_ros2_control:/home/zac/franka_ws/install/franka_fr3_moveit_config:/home/zac/franka_ws/install/franka_hardware:/home/zac/franka_ws/install/franka_gripper:/home/zac/franka_ws/install/franka_msgs:/home/zac/franka_ws/install/franka_description:/home/zac/franka_ws/install/moveit_configs_utils:/opt/ros/humble LD_LIBRARY_PATH=/home/zac/franka_ws/install/moveit_setup_framework/lib:/home/zac/franka_ws/install/moveit_ros_visualization/lib:/home/zac/franka_ws/install/moveit_ros_planning_interface/lib:/home/zac/franka_ws/install/moveit_ros_move_group/lib:/home/zac/franka_ws/install/moveit_ros_warehouse/lib:/home/zac/franka_ws/install/moveit_ros_robot_interaction/lib:/home/zac/franka_ws/install/moveit_planners_ompl/lib:/home/zac/franka_ws/install/moveit_kinematics/lib:/home/zac/franka_ws/install/moveit_ros_planning/lib:/home/zac/franka_ws/install/moveit_simple_controller_manager/lib:/home/zac/franka_ws/install/moveit_ros_occupancy_map_monitor/lib:/home/zac/franka_ws/install/moveit_core/lib:${LD_LIBRARY_PATH} PATH=/home/zac/franka_ws/install/moveit_core/bin:${PATH} PYTHONPATH=/home/zac/franka_ws/install/moveit_configs_utils/lib/python3.10/site-packages:/home/zac/franka_ws/build/moveit_configs_utils:/opt/ros/humble/local/lib/python3.10/dist-packages:/home/zac/franka_ws/install/franka_gripper/local/lib/python3.10/dist-packages:/home/zac/franka_ws/install/franka_msgs/local/lib/python3.10/dist-packages:/opt/ros/humble/lib/python3.10/site-packages:/opt/ros/humble/local/lib/python3.10/dist-packages /usr/bin/cmake --install /home/zac/franka_ws/build/moveit_setup_srdf_plugins
[405.582s] -- Install configuration: "Release"
[405.582s] -- Installing: /home/zac/franka_ws/install/moveit_setup_srdf_plugins/lib/libmoveit_setup_srdf_plugins.so
[405.587s] -- Set runtime path of "/home/zac/franka_ws/install/moveit_setup_srdf_plugins/lib/libmoveit_setup_srdf_plugins.so" to ""
[405.587s] -- Installing: /home/zac/franka_ws/install/moveit_setup_srdf_plugins/share/moveit_setup_srdf_plugins/moveit_setup_framework_plugins.xml
[405.589s] -- Installing: /home/zac/franka_ws/install/moveit_setup_srdf_plugins/include
[405.589s] -- Installing: /home/zac/franka_ws/install/moveit_setup_srdf_plugins/include/moveit_setup_srdf_plugins
[405.590s] -- Installing: /home/zac/franka_ws/install/moveit_setup_srdf_plugins/include/moveit_setup_srdf_plugins/kinematic_chain_widget.hpp
[405.590s] -- Installing: /home/zac/franka_ws/install/moveit_setup_srdf_plugins/include/moveit_setup_srdf_plugins/virtual_joints_widget.hpp
[405.590s] -- Installing: /home/zac/franka_ws/install/moveit_setup_srdf_plugins/include/moveit_setup_srdf_plugins/robot_poses.hpp
[405.590s] -- Installing: /home/zac/franka_ws/install/moveit_setup_srdf_plugins/include/moveit_setup_srdf_plugins/collision_linear_model.hpp
[405.591s] -- Installing: /home/zac/franka_ws/install/moveit_setup_srdf_plugins/include/moveit_setup_srdf_plugins/default_collisions_widget.hpp
[405.591s] -- Installing: /home/zac/franka_ws/install/moveit_setup_srdf_plugins/include/moveit_setup_srdf_plugins/rotated_header_view.hpp
[405.591s] -- Installing: /home/zac/franka_ws/install/moveit_setup_srdf_plugins/include/moveit_setup_srdf_plugins/end_effectors_widget.hpp
[405.592s] -- Installing: /home/zac/franka_ws/install/moveit_setup_srdf_plugins/include/moveit_setup_srdf_plugins/default_collisions.hpp
[405.592s] -- Installing: /home/zac/franka_ws/install/moveit_setup_srdf_plugins/include/moveit_setup_srdf_plugins/virtual_joints.hpp
[405.592s] -- Installing: /home/zac/franka_ws/install/moveit_setup_srdf_plugins/include/moveit_setup_srdf_plugins/srdf_step.hpp
[405.592s] -- Installing: /home/zac/franka_ws/install/moveit_setup_srdf_plugins/include/moveit_setup_srdf_plugins/end_effectors.hpp
[405.592s] -- Installing: /home/zac/franka_ws/install/moveit_setup_srdf_plugins/include/moveit_setup_srdf_plugins/compute_default_collisions.hpp
[405.593s] -- Installing: /home/zac/franka_ws/install/moveit_setup_srdf_plugins/include/moveit_setup_srdf_plugins/passive_joints.hpp
[405.593s] -- Installing: /home/zac/franka_ws/install/moveit_setup_srdf_plugins/include/moveit_setup_srdf_plugins/passive_joints_widget.hpp
[405.593s] -- Installing: /home/zac/franka_ws/install/moveit_setup_srdf_plugins/include/moveit_setup_srdf_plugins/group_meta_config.hpp
[405.594s] -- Installing: /home/zac/franka_ws/install/moveit_setup_srdf_plugins/include/moveit_setup_srdf_plugins/planning_groups_widget.hpp
[405.594s] -- Installing: /home/zac/franka_ws/install/moveit_setup_srdf_plugins/include/moveit_setup_srdf_plugins/collision_matrix_model.hpp
[405.594s] -- Installing: /home/zac/franka_ws/install/moveit_setup_srdf_plugins/include/moveit_setup_srdf_plugins/group_edit_widget.hpp
[405.594s] -- Installing: /home/zac/franka_ws/install/moveit_setup_srdf_plugins/include/moveit_setup_srdf_plugins/robot_poses_widget.hpp
[405.594s] -- Installing: /home/zac/franka_ws/install/moveit_setup_srdf_plugins/include/moveit_setup_srdf_plugins/planning_groups.hpp
[405.595s] -- Installing: /home/zac/franka_ws/install/moveit_setup_srdf_plugins/share/moveit_setup_srdf_plugins/environment/library_path.sh
[405.595s] -- Installing: /home/zac/franka_ws/install/moveit_setup_srdf_plugins/share/moveit_setup_srdf_plugins/environment/library_path.dsv
[405.595s] -- Up-to-date: /home/zac/franka_ws/install/moveit_setup_srdf_plugins/share/moveit_setup_srdf_plugins/moveit_setup_framework_plugins.xml
[405.595s] -- Installing: /home/zac/franka_ws/install/moveit_setup_srdf_plugins/share/ament_index/resource_index/package_run_dependencies/moveit_setup_srdf_plugins
[405.596s] -- Installing: /home/zac/franka_ws/install/moveit_setup_srdf_plugins/share/ament_index/resource_index/parent_prefix_path/moveit_setup_srdf_plugins
[405.596s] -- Installing: /home/zac/franka_ws/install/moveit_setup_srdf_plugins/share/moveit_setup_srdf_plugins/environment/ament_prefix_path.sh
[405.596s] -- Installing: /home/zac/franka_ws/install/moveit_setup_srdf_plugins/share/moveit_setup_srdf_plugins/environment/ament_prefix_path.dsv
[405.597s] -- Installing: /home/zac/franka_ws/install/moveit_setup_srdf_plugins/share/moveit_setup_srdf_plugins/environment/path.sh
[405.597s] -- Installing: /home/zac/franka_ws/install/moveit_setup_srdf_plugins/share/moveit_setup_srdf_plugins/environment/path.dsv
[405.597s] -- Installing: /home/zac/franka_ws/install/moveit_setup_srdf_plugins/share/moveit_setup_srdf_plugins/local_setup.bash
[405.597s] -- Installing: /home/zac/franka_ws/install/moveit_setup_srdf_plugins/share/moveit_setup_srdf_plugins/local_setup.sh
[405.598s] -- Installing: /home/zac/franka_ws/install/moveit_setup_srdf_plugins/share/moveit_setup_srdf_plugins/local_setup.zsh
[405.598s] -- Installing: /home/zac/franka_ws/install/moveit_setup_srdf_plugins/share/moveit_setup_srdf_plugins/local_setup.dsv
[405.598s] -- Installing: /home/zac/franka_ws/install/moveit_setup_srdf_plugins/share/moveit_setup_srdf_plugins/package.dsv
[405.598s] -- Installing: /home/zac/franka_ws/install/moveit_setup_srdf_plugins/share/ament_index/resource_index/packages/moveit_setup_srdf_plugins
[405.599s] -- Installing: /home/zac/franka_ws/install/moveit_setup_srdf_plugins/share/ament_index/resource_index/moveit_setup_framework__pluginlib__plugin/moveit_setup_srdf_plugins
[405.599s] -- Installing: /home/zac/franka_ws/install/moveit_setup_srdf_plugins/share/moveit_setup_srdf_plugins/cmake/export_moveit_setup_srdf_pluginsExport.cmake
[405.599s] -- Installing: /home/zac/franka_ws/install/moveit_setup_srdf_plugins/share/moveit_setup_srdf_plugins/cmake/export_moveit_setup_srdf_pluginsExport-release.cmake
[405.600s] -- Installing: /home/zac/franka_ws/install/moveit_setup_srdf_plugins/share/moveit_setup_srdf_plugins/cmake/ament_cmake_export_include_directories-extras.cmake
[405.600s] -- Installing: /home/zac/franka_ws/install/moveit_setup_srdf_plugins/share/moveit_setup_srdf_plugins/cmake/ament_cmake_export_libraries-extras.cmake
[405.600s] -- Installing: /home/zac/franka_ws/install/moveit_setup_srdf_plugins/share/moveit_setup_srdf_plugins/cmake/ament_cmake_export_targets-extras.cmake
[405.601s] -- Installing: /home/zac/franka_ws/install/moveit_setup_srdf_plugins/share/moveit_setup_srdf_plugins/cmake/moveit_setup_srdf_pluginsConfig.cmake
[405.601s] -- Installing: /home/zac/franka_ws/install/moveit_setup_srdf_plugins/share/moveit_setup_srdf_plugins/cmake/moveit_setup_srdf_pluginsConfig-version.cmake
[405.601s] -- Installing: /home/zac/franka_ws/install/moveit_setup_srdf_plugins/share/moveit_setup_srdf_plugins/package.xml
[405.605s] Invoked command in '/home/zac/franka_ws/build/moveit_setup_srdf_plugins' returned '0': AMENT_PREFIX_PATH=/home/zac/franka_ws/install/moveit_setup_framework:/home/zac/franka_ws/install/moveit_ros_visualization:/home/zac/franka_ws/install/moveit_ros_planning_interface:/home/zac/franka_ws/install/moveit_ros_move_group:/home/zac/franka_ws/install/moveit_ros_warehouse:/home/zac/franka_ws/install/moveit_ros_robot_interaction:/home/zac/franka_ws/install/moveit_planners_ompl:/home/zac/franka_ws/install/moveit_kinematics:/home/zac/franka_ws/install/moveit_ros_planning:/home/zac/franka_ws/install/moveit_simple_controller_manager:/home/zac/franka_ws/install/moveit_ros_occupancy_map_monitor:/home/zac/franka_ws/install/moveit_core:/home/zac/franka_ws/install/moveit_configs_utils:/home/zac/franka_ws/install/moveit_resources_prbt_support:/home/zac/franka_ws/install/moveit_common:/home/zac/franka_ws/install/joint_trajectory_controller:/home/zac/franka_ws/install/integration_launch_testing:/home/zac/franka_ws/install/franka_bringup:/home/zac/franka_ws/install/franka_robot_state_broadcaster:/home/zac/franka_ws/install/franka_example_controllers:/home/zac/franka_ws/install/franka_semantic_components:/home/zac/franka_ws/install/franka_gazebo_bringup:/home/zac/franka_ws/install/franka_ign_ros2_control:/home/zac/franka_ws/install/franka_fr3_moveit_config:/home/zac/franka_ws/install/franka_hardware:/home/zac/franka_ws/install/franka_gripper:/home/zac/franka_ws/install/franka_msgs:/home/zac/franka_ws/install/franka_description:/opt/ros/humble CMAKE_PREFIX_PATH=/home/zac/franka_ws/install/moveit_setup_framework:/home/zac/franka_ws/install/moveit_ros_visualization:/home/zac/franka_ws/install/moveit_ros_planning_interface:/home/zac/franka_ws/install/moveit_ros_move_group:/home/zac/franka_ws/install/moveit_ros_warehouse:/home/zac/franka_ws/install/moveit_ros_robot_interaction:/home/zac/franka_ws/install/moveit_planners_ompl:/home/zac/franka_ws/install/moveit_kinematics:/home/zac/franka_ws/install/moveit_ros_planning:/home/zac/franka_ws/install/moveit_simple_controller_manager:/home/zac/franka_ws/install/moveit_ros_occupancy_map_monitor:/home/zac/franka_ws/install/moveit_core:/home/zac/franka_ws/install/moveit_common:/home/zac/franka_ws/install/moveit_resources_prbt_support:/home/zac/franka_ws/install/joint_trajectory_controller:/home/zac/franka_ws/install/integration_launch_testing:/home/zac/franka_ws/install/franka_bringup:/home/zac/franka_ws/install/franka_robot_state_broadcaster:/home/zac/franka_ws/install/franka_example_controllers:/home/zac/franka_ws/install/franka_semantic_components:/home/zac/franka_ws/install/franka_gazebo_bringup:/home/zac/franka_ws/install/franka_ign_ros2_control:/home/zac/franka_ws/install/franka_fr3_moveit_config:/home/zac/franka_ws/install/franka_hardware:/home/zac/franka_ws/install/franka_gripper:/home/zac/franka_ws/install/franka_msgs:/home/zac/franka_ws/install/franka_description:/home/zac/franka_ws/install/moveit_configs_utils:/opt/ros/humble LD_LIBRARY_PATH=/home/zac/franka_ws/install/moveit_setup_framework/lib:/home/zac/franka_ws/install/moveit_ros_visualization/lib:/home/zac/franka_ws/install/moveit_ros_planning_interface/lib:/home/zac/franka_ws/install/moveit_ros_move_group/lib:/home/zac/franka_ws/install/moveit_ros_warehouse/lib:/home/zac/franka_ws/install/moveit_ros_robot_interaction/lib:/home/zac/franka_ws/install/moveit_planners_ompl/lib:/home/zac/franka_ws/install/moveit_kinematics/lib:/home/zac/franka_ws/install/moveit_ros_planning/lib:/home/zac/franka_ws/install/moveit_simple_controller_manager/lib:/home/zac/franka_ws/install/moveit_ros_occupancy_map_monitor/lib:/home/zac/franka_ws/install/moveit_core/lib:${LD_LIBRARY_PATH} PATH=/home/zac/franka_ws/install/moveit_core/bin:${PATH} PYTHONPATH=/home/zac/franka_ws/install/moveit_configs_utils/lib/python3.10/site-packages:/home/zac/franka_ws/build/moveit_configs_utils:/opt/ros/humble/local/lib/python3.10/dist-packages:/home/zac/franka_ws/install/franka_gripper/local/lib/python3.10/dist-packages:/home/zac/franka_ws/install/franka_msgs/local/lib/python3.10/dist-packages:/opt/ros/humble/lib/python3.10/site-packages:/opt/ros/humble/local/lib/python3.10/dist-packages /usr/bin/cmake --install /home/zac/franka_ws/build/moveit_setup_srdf_plugins
