[0.031s] Invoking command in '/home/zac/franka_ws/build/franka_semantic_components': CMAKE_PREFIX_PATH=/home/zac/franka_ws/install/franka_hardware:/home/zac/franka_ws/install/franka_msgs:/home/zac/franka_ws/install/moveit_resources_prbt_support:/home/zac/franka_ws/install/moveit_common:/home/zac/franka_ws/install/joint_trajectory_controller:/home/zac/franka_ws/install/integration_launch_testing:/home/zac/franka_ws/install/franka_bringup:/home/zac/franka_ws/install/franka_robot_state_broadcaster:/home/zac/franka_ws/install/franka_example_controllers:/home/zac/franka_ws/install/franka_semantic_components:/home/zac/franka_ws/install/franka_gazebo_bringup:/home/zac/franka_ws/install/franka_ign_ros2_control:/home/zac/franka_ws/install/franka_fr3_moveit_config:/home/zac/franka_ws/install/franka_gripper:/home/zac/franka_ws/install/franka_description:/home/zac/franka_ws/install/moveit_configs_utils:/opt/ros/humble LD_LIBRARY_PATH=/home/zac/franka_ws/install/franka_hardware/lib:/home/zac/franka_ws/install/franka_msgs/lib:/home/zac/franka_ws/install/joint_trajectory_controller/lib:/home/zac/franka_ws/install/integration_launch_testing/lib:/home/zac/franka_ws/install/franka_robot_state_broadcaster/lib:/home/zac/franka_ws/install/franka_example_controllers/lib:/home/zac/franka_ws/install/franka_semantic_components/lib:/home/zac/franka_ws/install/franka_ign_ros2_control/lib:/home/zac/franka_ws/install/franka_gripper/lib:/opt/ros/humble/opt/rviz_ogre_vendor/lib:/opt/ros/humble/lib/x86_64-linux-gnu:/opt/ros/humble/lib /usr/bin/cmake --build /home/zac/franka_ws/build/franka_semantic_components -- -j8 -l8
[0.141s] [ 31%] Built target franka_semantic_components
[0.185s] [ 45%] Built target gmock
[0.233s] [ 54%] Built target gmock_main
[0.284s] [ 63%] Built target test_franka_robot_state
[0.337s] [ 72%] Built target franka_cartesian_pose_interface_test
[0.388s] [ 81%] Built target franka_cartesian_velocity_interface_test
[0.431s] [ 90%] Built target franka_semantic_component_interface_test
[0.478s] [100%] Built target test_franka_robot_model
[0.497s] Invoked command in '/home/zac/franka_ws/build/franka_semantic_components' returned '0': CMAKE_PREFIX_PATH=/home/zac/franka_ws/install/franka_hardware:/home/zac/franka_ws/install/franka_msgs:/home/zac/franka_ws/install/moveit_resources_prbt_support:/home/zac/franka_ws/install/moveit_common:/home/zac/franka_ws/install/joint_trajectory_controller:/home/zac/franka_ws/install/integration_launch_testing:/home/zac/franka_ws/install/franka_bringup:/home/zac/franka_ws/install/franka_robot_state_broadcaster:/home/zac/franka_ws/install/franka_example_controllers:/home/zac/franka_ws/install/franka_semantic_components:/home/zac/franka_ws/install/franka_gazebo_bringup:/home/zac/franka_ws/install/franka_ign_ros2_control:/home/zac/franka_ws/install/franka_fr3_moveit_config:/home/zac/franka_ws/install/franka_gripper:/home/zac/franka_ws/install/franka_description:/home/zac/franka_ws/install/moveit_configs_utils:/opt/ros/humble LD_LIBRARY_PATH=/home/zac/franka_ws/install/franka_hardware/lib:/home/zac/franka_ws/install/franka_msgs/lib:/home/zac/franka_ws/install/joint_trajectory_controller/lib:/home/zac/franka_ws/install/integration_launch_testing/lib:/home/zac/franka_ws/install/franka_robot_state_broadcaster/lib:/home/zac/franka_ws/install/franka_example_controllers/lib:/home/zac/franka_ws/install/franka_semantic_components/lib:/home/zac/franka_ws/install/franka_ign_ros2_control/lib:/home/zac/franka_ws/install/franka_gripper/lib:/opt/ros/humble/opt/rviz_ogre_vendor/lib:/opt/ros/humble/lib/x86_64-linux-gnu:/opt/ros/humble/lib /usr/bin/cmake --build /home/zac/franka_ws/build/franka_semantic_components -- -j8 -l8
[0.622s] Invoking command in '/home/zac/franka_ws/build/franka_semantic_components': CMAKE_PREFIX_PATH=/home/zac/franka_ws/install/franka_hardware:/home/zac/franka_ws/install/franka_msgs:/home/zac/franka_ws/install/moveit_resources_prbt_support:/home/zac/franka_ws/install/moveit_common:/home/zac/franka_ws/install/joint_trajectory_controller:/home/zac/franka_ws/install/integration_launch_testing:/home/zac/franka_ws/install/franka_bringup:/home/zac/franka_ws/install/franka_robot_state_broadcaster:/home/zac/franka_ws/install/franka_example_controllers:/home/zac/franka_ws/install/franka_semantic_components:/home/zac/franka_ws/install/franka_gazebo_bringup:/home/zac/franka_ws/install/franka_ign_ros2_control:/home/zac/franka_ws/install/franka_fr3_moveit_config:/home/zac/franka_ws/install/franka_gripper:/home/zac/franka_ws/install/franka_description:/home/zac/franka_ws/install/moveit_configs_utils:/opt/ros/humble LD_LIBRARY_PATH=/home/zac/franka_ws/install/franka_hardware/lib:/home/zac/franka_ws/install/franka_msgs/lib:/home/zac/franka_ws/install/joint_trajectory_controller/lib:/home/zac/franka_ws/install/integration_launch_testing/lib:/home/zac/franka_ws/install/franka_robot_state_broadcaster/lib:/home/zac/franka_ws/install/franka_example_controllers/lib:/home/zac/franka_ws/install/franka_semantic_components/lib:/home/zac/franka_ws/install/franka_ign_ros2_control/lib:/home/zac/franka_ws/install/franka_gripper/lib:/opt/ros/humble/opt/rviz_ogre_vendor/lib:/opt/ros/humble/lib/x86_64-linux-gnu:/opt/ros/humble/lib /usr/bin/cmake --install /home/zac/franka_ws/build/franka_semantic_components
[0.634s] -- Install configuration: "Release"
[0.634s] -- Up-to-date: /home/zac/franka_ws/install/franka_semantic_components/lib/libfranka_semantic_components.so
[0.635s] -- Up-to-date: /home/zac/franka_ws/install/franka_semantic_components/include
[0.635s] -- Up-to-date: /home/zac/franka_ws/install/franka_semantic_components/include/franka_semantic_components
[0.635s] -- Up-to-date: /home/zac/franka_ws/install/franka_semantic_components/include/franka_semantic_components/franka_robot_model.hpp
[0.635s] -- Up-to-date: /home/zac/franka_ws/install/franka_semantic_components/include/franka_semantic_components/franka_robot_state.hpp
[0.636s] -- Up-to-date: /home/zac/franka_ws/install/franka_semantic_components/include/franka_semantic_components/franka_cartesian_pose_interface.hpp
[0.636s] -- Up-to-date: /home/zac/franka_ws/install/franka_semantic_components/include/franka_semantic_components/franka_cartesian_velocity_interface.hpp
[0.636s] -- Up-to-date: /home/zac/franka_ws/install/franka_semantic_components/include/franka_semantic_components/franka_semantic_component_interface.hpp
[0.637s] -- Up-to-date: /home/zac/franka_ws/install/franka_semantic_components/share/franka_semantic_components/robot_description_test.txt
[0.637s] -- Up-to-date: /home/zac/franka_ws/install/franka_semantic_components/share/franka_semantic_components/environment/library_path.sh
[0.637s] -- Up-to-date: /home/zac/franka_ws/install/franka_semantic_components/share/franka_semantic_components/environment/library_path.dsv
[0.637s] -- Up-to-date: /home/zac/franka_ws/install/franka_semantic_components/share/ament_index/resource_index/package_run_dependencies/franka_semantic_components
[0.637s] -- Up-to-date: /home/zac/franka_ws/install/franka_semantic_components/share/ament_index/resource_index/parent_prefix_path/franka_semantic_components
[0.637s] -- Up-to-date: /home/zac/franka_ws/install/franka_semantic_components/share/franka_semantic_components/environment/ament_prefix_path.sh
[0.638s] -- Up-to-date: /home/zac/franka_ws/install/franka_semantic_components/share/franka_semantic_components/environment/ament_prefix_path.dsv
[0.638s] -- Up-to-date: /home/zac/franka_ws/install/franka_semantic_components/share/franka_semantic_components/environment/path.sh
[0.638s] -- Up-to-date: /home/zac/franka_ws/install/franka_semantic_components/share/franka_semantic_components/environment/path.dsv
[0.638s] -- Up-to-date: /home/zac/franka_ws/install/franka_semantic_components/share/franka_semantic_components/local_setup.bash
[0.638s] -- Up-to-date: /home/zac/franka_ws/install/franka_semantic_components/share/franka_semantic_components/local_setup.sh
[0.638s] -- Up-to-date: /home/zac/franka_ws/install/franka_semantic_components/share/franka_semantic_components/local_setup.zsh
[0.638s] -- Up-to-date: /home/zac/franka_ws/install/franka_semantic_components/share/franka_semantic_components/local_setup.dsv
[0.639s] -- Up-to-date: /home/zac/franka_ws/install/franka_semantic_components/share/franka_semantic_components/package.dsv
[0.639s] -- Up-to-date: /home/zac/franka_ws/install/franka_semantic_components/share/ament_index/resource_index/packages/franka_semantic_components
[0.639s] -- Up-to-date: /home/zac/franka_ws/install/franka_semantic_components/share/franka_semantic_components/cmake/ament_cmake_export_include_directories-extras.cmake
[0.639s] -- Up-to-date: /home/zac/franka_ws/install/franka_semantic_components/share/franka_semantic_components/cmake/ament_cmake_export_libraries-extras.cmake
[0.639s] -- Up-to-date: /home/zac/franka_ws/install/franka_semantic_components/share/franka_semantic_components/cmake/ament_cmake_export_dependencies-extras.cmake
[0.639s] -- Up-to-date: /home/zac/franka_ws/install/franka_semantic_components/share/franka_semantic_components/cmake/franka_semantic_componentsConfig.cmake
[0.640s] -- Up-to-date: /home/zac/franka_ws/install/franka_semantic_components/share/franka_semantic_components/cmake/franka_semantic_componentsConfig-version.cmake
[0.640s] -- Up-to-date: /home/zac/franka_ws/install/franka_semantic_components/share/franka_semantic_components/package.xml
[0.642s] Invoked command in '/home/zac/franka_ws/build/franka_semantic_components' returned '0': CMAKE_PREFIX_PATH=/home/zac/franka_ws/install/franka_hardware:/home/zac/franka_ws/install/franka_msgs:/home/zac/franka_ws/install/moveit_resources_prbt_support:/home/zac/franka_ws/install/moveit_common:/home/zac/franka_ws/install/joint_trajectory_controller:/home/zac/franka_ws/install/integration_launch_testing:/home/zac/franka_ws/install/franka_bringup:/home/zac/franka_ws/install/franka_robot_state_broadcaster:/home/zac/franka_ws/install/franka_example_controllers:/home/zac/franka_ws/install/franka_semantic_components:/home/zac/franka_ws/install/franka_gazebo_bringup:/home/zac/franka_ws/install/franka_ign_ros2_control:/home/zac/franka_ws/install/franka_fr3_moveit_config:/home/zac/franka_ws/install/franka_gripper:/home/zac/franka_ws/install/franka_description:/home/zac/franka_ws/install/moveit_configs_utils:/opt/ros/humble LD_LIBRARY_PATH=/home/zac/franka_ws/install/franka_hardware/lib:/home/zac/franka_ws/install/franka_msgs/lib:/home/zac/franka_ws/install/joint_trajectory_controller/lib:/home/zac/franka_ws/install/integration_launch_testing/lib:/home/zac/franka_ws/install/franka_robot_state_broadcaster/lib:/home/zac/franka_ws/install/franka_example_controllers/lib:/home/zac/franka_ws/install/franka_semantic_components/lib:/home/zac/franka_ws/install/franka_ign_ros2_control/lib:/home/zac/franka_ws/install/franka_gripper/lib:/opt/ros/humble/opt/rviz_ogre_vendor/lib:/opt/ros/humble/lib/x86_64-linux-gnu:/opt/ros/humble/lib /usr/bin/cmake --install /home/zac/franka_ws/build/franka_semantic_components
