[0.081s] Invoking command in '/home/zac/franka_ws/build/moveit_servo': AMENT_PREFIX_PATH=/home/zac/franka_ws/install/moveit_ros_planning_interface:/home/zac/franka_ws/install/moveit_ros_move_group:/home/zac/franka_ws/install/moveit_ros_warehouse:/home/zac/franka_ws/install/moveit_planners_ompl:/home/zac/franka_ws/install/moveit_kinematics:/home/zac/franka_ws/install/moveit_ros_planning:/home/zac/franka_ws/install/moveit_simple_controller_manager:/home/zac/franka_ws/install/moveit_ros_occupancy_map_monitor:/home/zac/franka_ws/install/moveit_core:/home/zac/franka_ws/install/moveit_configs_utils:/home/zac/franka_ws/install/moveit_common:/home/zac/franka_ws/install/joint_trajectory_controller:${AMENT_PREFIX_PATH} CMAKE_PREFIX_PATH=/home/zac/franka_ws/install/moveit_ros_planning_interface:/home/zac/franka_ws/install/moveit_ros_move_group:/home/zac/franka_ws/install/moveit_ros_warehouse:/home/zac/franka_ws/install/moveit_planners_ompl:/home/zac/franka_ws/install/moveit_kinematics:/home/zac/franka_ws/install/moveit_ros_planning:/home/zac/franka_ws/install/moveit_simple_controller_manager:/home/zac/franka_ws/install/moveit_ros_occupancy_map_monitor:/home/zac/franka_ws/install/moveit_core:/home/zac/franka_ws/install/moveit_common:/home/zac/franka_ws/install/joint_trajectory_controller:/opt/ros/humble LD_LIBRARY_PATH=/home/zac/franka_ws/install/moveit_ros_planning_interface/lib:/home/zac/franka_ws/install/moveit_ros_move_group/lib:/home/zac/franka_ws/install/moveit_ros_warehouse/lib:/home/zac/franka_ws/install/moveit_planners_ompl/lib:/home/zac/franka_ws/install/moveit_kinematics/lib:/home/zac/franka_ws/install/moveit_ros_planning/lib:/home/zac/franka_ws/install/moveit_simple_controller_manager/lib:/home/zac/franka_ws/install/moveit_ros_occupancy_map_monitor/lib:/home/zac/franka_ws/install/moveit_core/lib:/home/zac/franka_ws/install/joint_trajectory_controller/lib:${LD_LIBRARY_PATH} PATH=/home/zac/franka_ws/install/moveit_core/bin:${PATH} PYTHONPATH=/home/zac/franka_ws/build/moveit_configs_utils:/home/zac/franka_ws/install/moveit_configs_utils/lib/python3.10/site-packages:${PYTHONPATH} /usr/bin/cmake /home/zac/franka_ws/src/moveit2/moveit_ros/moveit_servo -DAMENT_CMAKE_SYMLINK_INSTALL=1 -DCMAKE_INSTALL_PREFIX=/home/zac/franka_ws/install/moveit_servo
[0.105s] -- Found moveit_common: 2.5.5 (/home/zac/franka_ws/install/moveit_common/share/moveit_common/cmake)
[0.106s] -- Found ament_cmake: 1.3.10 (/opt/ros/humble/share/ament_cmake/cmake)
[0.347s] -- Override CMake install command with custom implementation using symlinks instead of copying resources
[0.457s] [0mmoveit_servo: You did not request a specific build type: Choosing 'Release' for maximum performance[0m
[0.458s] -- Found eigen3_cmake_module: 0.1.1 (/opt/ros/humble/share/eigen3_cmake_module/cmake)
[0.461s] -- Found control_msgs: 4.6.0 (/opt/ros/humble/share/control_msgs/cmake)
[0.525s] -- Found rosidl_generator_c: 3.1.5 (/opt/ros/humble/share/rosidl_generator_c/cmake)
[0.532s] -- Found rosidl_adapter: 3.1.5 (/opt/ros/humble/share/rosidl_adapter/cmake)
[0.546s] -- Found rosidl_generator_cpp: 3.1.5 (/opt/ros/humble/share/rosidl_generator_cpp/cmake)
[0.570s] -- Using all available rosidl_typesupport_c: rosidl_typesupport_fastrtps_c;rosidl_typesupport_introspection_c
[0.603s] -- Using all available rosidl_typesupport_cpp: rosidl_typesupport_fastrtps_cpp;rosidl_typesupport_introspection_cpp
[0.895s] -- Found control_toolbox: 3.2.0 (/opt/ros/humble/share/control_toolbox/cmake)
[0.979s] -- Found rmw_implementation_cmake: 6.1.2 (/opt/ros/humble/share/rmw_implementation_cmake/cmake)
[0.987s] -- Found rmw_fastrtps_cpp: 6.2.7 (/opt/ros/humble/share/rmw_fastrtps_cpp/cmake)
[1.265s] -- Using RMW implementation 'rmw_fastrtps_cpp' as default
[1.396s] -- Found parameter_traits: 0.3.8 (/opt/ros/humble/share/parameter_traits/cmake)
[1.416s] -- Found rclcpp_lifecycle: 16.0.10 (/opt/ros/humble/share/rclcpp_lifecycle/cmake)
[1.503s] -- Found moveit_core: 2.5.5 (/home/zac/franka_ws/install/moveit_core/share/moveit_core/cmake)
[1.535s] -- Found Boost: /usr/lib/x86_64-linux-gnu/cmake/Boost-1.74.0/BoostConfig.cmake (found version "1.74.0") found components: chrono date_time filesystem iostreams program_options regex serialization system thread 
[1.594s] -- Found Boost: /usr/lib/x86_64-linux-gnu/cmake/Boost-1.74.0/BoostConfig.cmake (found version "1.74.0") found components: filesystem 
[1.682s] -- library: /usr/lib/x86_64-linux-gnu/libcurl.so
[1.791s] -- Ensuring Eigen3 include directory is part of orocos-kdl CMake target
[2.162s] -- Found moveit_ros_planning: 2.5.5 (/home/zac/franka_ws/install/moveit_ros_planning/share/moveit_ros_planning/cmake)
[2.173s] -- Found Boost: /usr/lib/x86_64-linux-gnu/cmake/Boost-1.74.0/BoostConfig.cmake (found version "1.74.0") found components: system filesystem date_time program_options thread chrono 
[2.232s] -- Found std_srvs: 4.2.4 (/opt/ros/humble/share/std_srvs/cmake)
[2.441s] -- Found ament_lint_auto: 0.12.11 (/opt/ros/humble/share/ament_lint_auto/cmake)
[2.443s] -- Found ament_cmake_gtest: 1.3.10 (/opt/ros/humble/share/ament_cmake_gtest/cmake)
[2.444s] -- Found ros_testing: 0.4.0 (/opt/ros/humble/share/ros_testing/cmake)
[2.445s] -- Found launch_testing_ament_cmake: 1.0.6 (/opt/ros/humble/share/launch_testing_ament_cmake/cmake)
[2.446s] -- Found python_cmake_module: 0.10.0 (/opt/ros/humble/share/python_cmake_module/cmake)
[2.486s] -- Using PYTHON_EXECUTABLE: /usr/bin/python3
[2.486s] -- Using PYTHON_INCLUDE_DIRS: /usr/include/python3.10
[2.486s] -- Using PYTHON_LIBRARIES: /usr/lib/x86_64-linux-gnu/libpython3.10.so
[2.496s] -- Found Boost: /usr/lib/x86_64-linux-gnu/cmake/Boost-1.74.0/BoostConfig.cmake (found version "1.74.0") found components: filesystem 
[2.591s] -- Found gtest sources under '/opt/ros/humble/src/gtest_vendor': C++ tests using 'Google Test' will be built
[2.716s] -- Added test 'cppcheck' to perform static code analysis on C / C++ code
[2.721s] -- Configured cppcheck include dirs: /home/zac/franka_ws/src/moveit2/moveit_ros/moveit_servo/include
[2.721s] -- Configured cppcheck exclude dirs and/or files: 
[2.724s] -- Added test 'lint_cmake' to check CMake code style
[2.726s] -- Added test 'pep257' to check Python code against some of the docstring style conventions in PEP 257
[2.727s] -- Added test 'xmllint' to check XML markup files
[2.733s] -- Configuring done
[3.279s] -- Generating done
[3.289s] -- Build files have been written to: /home/zac/franka_ws/build/moveit_servo
[3.316s] Invoked command in '/home/zac/franka_ws/build/moveit_servo' returned '0': AMENT_PREFIX_PATH=/home/zac/franka_ws/install/moveit_ros_planning_interface:/home/zac/franka_ws/install/moveit_ros_move_group:/home/zac/franka_ws/install/moveit_ros_warehouse:/home/zac/franka_ws/install/moveit_planners_ompl:/home/zac/franka_ws/install/moveit_kinematics:/home/zac/franka_ws/install/moveit_ros_planning:/home/zac/franka_ws/install/moveit_simple_controller_manager:/home/zac/franka_ws/install/moveit_ros_occupancy_map_monitor:/home/zac/franka_ws/install/moveit_core:/home/zac/franka_ws/install/moveit_configs_utils:/home/zac/franka_ws/install/moveit_common:/home/zac/franka_ws/install/joint_trajectory_controller:${AMENT_PREFIX_PATH} CMAKE_PREFIX_PATH=/home/zac/franka_ws/install/moveit_ros_planning_interface:/home/zac/franka_ws/install/moveit_ros_move_group:/home/zac/franka_ws/install/moveit_ros_warehouse:/home/zac/franka_ws/install/moveit_planners_ompl:/home/zac/franka_ws/install/moveit_kinematics:/home/zac/franka_ws/install/moveit_ros_planning:/home/zac/franka_ws/install/moveit_simple_controller_manager:/home/zac/franka_ws/install/moveit_ros_occupancy_map_monitor:/home/zac/franka_ws/install/moveit_core:/home/zac/franka_ws/install/moveit_common:/home/zac/franka_ws/install/joint_trajectory_controller:/opt/ros/humble LD_LIBRARY_PATH=/home/zac/franka_ws/install/moveit_ros_planning_interface/lib:/home/zac/franka_ws/install/moveit_ros_move_group/lib:/home/zac/franka_ws/install/moveit_ros_warehouse/lib:/home/zac/franka_ws/install/moveit_planners_ompl/lib:/home/zac/franka_ws/install/moveit_kinematics/lib:/home/zac/franka_ws/install/moveit_ros_planning/lib:/home/zac/franka_ws/install/moveit_simple_controller_manager/lib:/home/zac/franka_ws/install/moveit_ros_occupancy_map_monitor/lib:/home/zac/franka_ws/install/moveit_core/lib:/home/zac/franka_ws/install/joint_trajectory_controller/lib:${LD_LIBRARY_PATH} PATH=/home/zac/franka_ws/install/moveit_core/bin:${PATH} PYTHONPATH=/home/zac/franka_ws/build/moveit_configs_utils:/home/zac/franka_ws/install/moveit_configs_utils/lib/python3.10/site-packages:${PYTHONPATH} /usr/bin/cmake /home/zac/franka_ws/src/moveit2/moveit_ros/moveit_servo -DAMENT_CMAKE_SYMLINK_INSTALL=1 -DCMAKE_INSTALL_PREFIX=/home/zac/franka_ws/install/moveit_servo
[3.320s] Invoking command in '/home/zac/franka_ws/build/moveit_servo': AMENT_PREFIX_PATH=/home/zac/franka_ws/install/moveit_ros_planning_interface:/home/zac/franka_ws/install/moveit_ros_move_group:/home/zac/franka_ws/install/moveit_ros_warehouse:/home/zac/franka_ws/install/moveit_planners_ompl:/home/zac/franka_ws/install/moveit_kinematics:/home/zac/franka_ws/install/moveit_ros_planning:/home/zac/franka_ws/install/moveit_simple_controller_manager:/home/zac/franka_ws/install/moveit_ros_occupancy_map_monitor:/home/zac/franka_ws/install/moveit_core:/home/zac/franka_ws/install/moveit_configs_utils:/home/zac/franka_ws/install/moveit_common:/home/zac/franka_ws/install/joint_trajectory_controller:${AMENT_PREFIX_PATH} CMAKE_PREFIX_PATH=/home/zac/franka_ws/install/moveit_ros_planning_interface:/home/zac/franka_ws/install/moveit_ros_move_group:/home/zac/franka_ws/install/moveit_ros_warehouse:/home/zac/franka_ws/install/moveit_planners_ompl:/home/zac/franka_ws/install/moveit_kinematics:/home/zac/franka_ws/install/moveit_ros_planning:/home/zac/franka_ws/install/moveit_simple_controller_manager:/home/zac/franka_ws/install/moveit_ros_occupancy_map_monitor:/home/zac/franka_ws/install/moveit_core:/home/zac/franka_ws/install/moveit_common:/home/zac/franka_ws/install/joint_trajectory_controller:/opt/ros/humble LD_LIBRARY_PATH=/home/zac/franka_ws/install/moveit_ros_planning_interface/lib:/home/zac/franka_ws/install/moveit_ros_move_group/lib:/home/zac/franka_ws/install/moveit_ros_warehouse/lib:/home/zac/franka_ws/install/moveit_planners_ompl/lib:/home/zac/franka_ws/install/moveit_kinematics/lib:/home/zac/franka_ws/install/moveit_ros_planning/lib:/home/zac/franka_ws/install/moveit_simple_controller_manager/lib:/home/zac/franka_ws/install/moveit_ros_occupancy_map_monitor/lib:/home/zac/franka_ws/install/moveit_core/lib:/home/zac/franka_ws/install/joint_trajectory_controller/lib:${LD_LIBRARY_PATH} PATH=/home/zac/franka_ws/install/moveit_core/bin:${PATH} PYTHONPATH=/home/zac/franka_ws/build/moveit_configs_utils:/home/zac/franka_ws/install/moveit_configs_utils/lib/python3.10/site-packages:${PYTHONPATH} /usr/bin/cmake --build /home/zac/franka_ws/build/moveit_servo -- -j8 -l8
[3.498s] [35m[1mConsolidate compiler generated dependencies of target moveit_servo_lib_parameters[0m
[3.502s] [35m[1mConsolidate compiler generated dependencies of target gtest[0m
[3.508s] [35m[1mConsolidate compiler generated dependencies of target fake_command_publisher[0m
[3.540s] [35m[1mConsolidate compiler generated dependencies of target gtest_main[0m
[3.541s] [35m[1mConsolidate compiler generated dependencies of target servo_controller_input[0m
[3.613s] [  6%] Built target gtest
[3.653s] [ 12%] Built target gtest_main
[3.680s] [ 15%] [32m[1mLinking CXX executable fake_command_publisher[0m
[3.724s] [ 21%] Built target servo_controller_input
[3.773s] [ 30%] Built target moveit_servo_lib_parameters
[3.819s] [35m[1mConsolidate compiler generated dependencies of target test_servo_integration[0m
[3.821s] [35m[1mConsolidate compiler generated dependencies of target test_servo_collision[0m
[3.830s] [35m[1mConsolidate compiler generated dependencies of target moveit_servo_lib[0m
[3.926s] [ 36%] Built target test_servo_collision
[3.984s] [ 42%] Built target test_servo_integration
[4.031s] [ 45%] Built target fake_command_publisher
[4.039s] [ 63%] Built target moveit_servo_lib
[4.076s] [35m[1mConsolidate compiler generated dependencies of target servo_calcs_unit_tests[0m
[4.085s] [35m[1mConsolidate compiler generated dependencies of target servo_node[0m
[4.085s] [35m[1mConsolidate compiler generated dependencies of target pose_tracking[0m
[4.216s] [ 75%] Built target servo_node
[4.216s] [ 75%] Built target servo_calcs_unit_tests
[4.221s] [ 81%] Built target pose_tracking
[4.245s] [35m[1mConsolidate compiler generated dependencies of target servo_node_main[0m
[4.260s] [35m[1mConsolidate compiler generated dependencies of target test_servo_pose_tracking[0m
[4.268s] [35m[1mConsolidate compiler generated dependencies of target servo_pose_tracking_demo[0m
[4.359s] [ 84%] [32m[1mLinking CXX executable servo_node_main[0m
[4.388s] [ 87%] [32m[1mLinking CXX executable servo_pose_tracking_demo[0m
[4.392s] [ 93%] Built target test_servo_pose_tracking
[5.382s] [ 96%] Built target servo_node_main
[5.897s] [100%] Built target servo_pose_tracking_demo
[5.965s] Invoked command in '/home/zac/franka_ws/build/moveit_servo' returned '0': AMENT_PREFIX_PATH=/home/zac/franka_ws/install/moveit_ros_planning_interface:/home/zac/franka_ws/install/moveit_ros_move_group:/home/zac/franka_ws/install/moveit_ros_warehouse:/home/zac/franka_ws/install/moveit_planners_ompl:/home/zac/franka_ws/install/moveit_kinematics:/home/zac/franka_ws/install/moveit_ros_planning:/home/zac/franka_ws/install/moveit_simple_controller_manager:/home/zac/franka_ws/install/moveit_ros_occupancy_map_monitor:/home/zac/franka_ws/install/moveit_core:/home/zac/franka_ws/install/moveit_configs_utils:/home/zac/franka_ws/install/moveit_common:/home/zac/franka_ws/install/joint_trajectory_controller:${AMENT_PREFIX_PATH} CMAKE_PREFIX_PATH=/home/zac/franka_ws/install/moveit_ros_planning_interface:/home/zac/franka_ws/install/moveit_ros_move_group:/home/zac/franka_ws/install/moveit_ros_warehouse:/home/zac/franka_ws/install/moveit_planners_ompl:/home/zac/franka_ws/install/moveit_kinematics:/home/zac/franka_ws/install/moveit_ros_planning:/home/zac/franka_ws/install/moveit_simple_controller_manager:/home/zac/franka_ws/install/moveit_ros_occupancy_map_monitor:/home/zac/franka_ws/install/moveit_core:/home/zac/franka_ws/install/moveit_common:/home/zac/franka_ws/install/joint_trajectory_controller:/opt/ros/humble LD_LIBRARY_PATH=/home/zac/franka_ws/install/moveit_ros_planning_interface/lib:/home/zac/franka_ws/install/moveit_ros_move_group/lib:/home/zac/franka_ws/install/moveit_ros_warehouse/lib:/home/zac/franka_ws/install/moveit_planners_ompl/lib:/home/zac/franka_ws/install/moveit_kinematics/lib:/home/zac/franka_ws/install/moveit_ros_planning/lib:/home/zac/franka_ws/install/moveit_simple_controller_manager/lib:/home/zac/franka_ws/install/moveit_ros_occupancy_map_monitor/lib:/home/zac/franka_ws/install/moveit_core/lib:/home/zac/franka_ws/install/joint_trajectory_controller/lib:${LD_LIBRARY_PATH} PATH=/home/zac/franka_ws/install/moveit_core/bin:${PATH} PYTHONPATH=/home/zac/franka_ws/build/moveit_configs_utils:/home/zac/franka_ws/install/moveit_configs_utils/lib/python3.10/site-packages:${PYTHONPATH} /usr/bin/cmake --build /home/zac/franka_ws/build/moveit_servo -- -j8 -l8
[6.308s] Invoking command in '/home/zac/franka_ws/build/moveit_servo': AMENT_PREFIX_PATH=/home/zac/franka_ws/install/moveit_ros_planning_interface:/home/zac/franka_ws/install/moveit_ros_move_group:/home/zac/franka_ws/install/moveit_ros_warehouse:/home/zac/franka_ws/install/moveit_planners_ompl:/home/zac/franka_ws/install/moveit_kinematics:/home/zac/franka_ws/install/moveit_ros_planning:/home/zac/franka_ws/install/moveit_simple_controller_manager:/home/zac/franka_ws/install/moveit_ros_occupancy_map_monitor:/home/zac/franka_ws/install/moveit_core:/home/zac/franka_ws/install/moveit_configs_utils:/home/zac/franka_ws/install/moveit_common:/home/zac/franka_ws/install/joint_trajectory_controller:${AMENT_PREFIX_PATH} CMAKE_PREFIX_PATH=/home/zac/franka_ws/install/moveit_ros_planning_interface:/home/zac/franka_ws/install/moveit_ros_move_group:/home/zac/franka_ws/install/moveit_ros_warehouse:/home/zac/franka_ws/install/moveit_planners_ompl:/home/zac/franka_ws/install/moveit_kinematics:/home/zac/franka_ws/install/moveit_ros_planning:/home/zac/franka_ws/install/moveit_simple_controller_manager:/home/zac/franka_ws/install/moveit_ros_occupancy_map_monitor:/home/zac/franka_ws/install/moveit_core:/home/zac/franka_ws/install/moveit_common:/home/zac/franka_ws/install/joint_trajectory_controller:/opt/ros/humble LD_LIBRARY_PATH=/home/zac/franka_ws/install/moveit_ros_planning_interface/lib:/home/zac/franka_ws/install/moveit_ros_move_group/lib:/home/zac/franka_ws/install/moveit_ros_warehouse/lib:/home/zac/franka_ws/install/moveit_planners_ompl/lib:/home/zac/franka_ws/install/moveit_kinematics/lib:/home/zac/franka_ws/install/moveit_ros_planning/lib:/home/zac/franka_ws/install/moveit_simple_controller_manager/lib:/home/zac/franka_ws/install/moveit_ros_occupancy_map_monitor/lib:/home/zac/franka_ws/install/moveit_core/lib:/home/zac/franka_ws/install/joint_trajectory_controller/lib:${LD_LIBRARY_PATH} PATH=/home/zac/franka_ws/install/moveit_core/bin:${PATH} PYTHONPATH=/home/zac/franka_ws/build/moveit_configs_utils:/home/zac/franka_ws/install/moveit_configs_utils/lib/python3.10/site-packages:${PYTHONPATH} /usr/bin/cmake --install /home/zac/franka_ws/build/moveit_servo
[6.325s] -- Install configuration: "Release"
[6.325s] -- Execute custom install script
[6.326s] -- Symlinking: /home/zac/franka_ws/install/moveit_servo/lib/moveit_servo/servo_node_main
[6.353s] -- Symlinking: /home/zac/franka_ws/install/moveit_servo/lib/moveit_servo/servo_pose_tracking_demo
[6.374s] -- Symlinking: /home/zac/franka_ws/install/moveit_servo/lib/moveit_servo/fake_command_publisher
[6.399s] -- Symlinking: /home/zac/franka_ws/install/moveit_servo/include/moveit_servo/collision_check.h
[6.433s] -- Symlinking: /home/zac/franka_ws/install/moveit_servo/include/moveit_servo/enforce_limits.hpp
[6.463s] -- Symlinking: /home/zac/franka_ws/install/moveit_servo/include/moveit_servo/make_shared_from_pool.h
[6.492s] -- Symlinking: /home/zac/franka_ws/install/moveit_servo/include/moveit_servo/parameter_descriptor_builder.hpp
[6.520s] -- Symlinking: /home/zac/franka_ws/install/moveit_servo/include/moveit_servo/pose_tracking.h
[6.556s] -- Symlinking: /home/zac/franka_ws/install/moveit_servo/include/moveit_servo/servo.h
[6.594s] -- Symlinking: /home/zac/franka_ws/install/moveit_servo/include/moveit_servo/servo_calcs.h
[6.619s] -- Symlinking: /home/zac/franka_ws/install/moveit_servo/include/moveit_servo/servo_node.h
[6.660s] -- Symlinking: /home/zac/franka_ws/install/moveit_servo/include/moveit_servo/servo_parameters.h
[6.701s] -- Symlinking: /home/zac/franka_ws/install/moveit_servo/include/moveit_servo/servo_server.h
[6.727s] -- Symlinking: /home/zac/franka_ws/install/moveit_servo/include/moveit_servo/status_codes.h
[6.747s] -- Symlinking: /home/zac/franka_ws/install/moveit_servo/include/moveit_servo/utilities.h
[6.773s] -- Symlinking: /home/zac/franka_ws/install/moveit_servo/share/moveit_servo/launch/pose_tracking_example.launch.py
[6.796s] -- Symlinking: /home/zac/franka_ws/install/moveit_servo/share/moveit_servo/launch/servo_example.launch.py
[6.821s] -- Symlinking: /home/zac/franka_ws/install/moveit_servo/share/moveit_servo/config/demo_rviz_config.rviz
[6.868s] -- Symlinking: /home/zac/franka_ws/install/moveit_servo/share/moveit_servo/config/demo_rviz_pose_tracking.rviz
[6.890s] -- Symlinking: /home/zac/franka_ws/install/moveit_servo/share/moveit_servo/config/panda_simulated_config.yaml
[6.911s] -- Symlinking: /home/zac/franka_ws/install/moveit_servo/share/moveit_servo/config/panda_simulated_config_pose_tracking.yaml
[6.933s] -- Symlinking: /home/zac/franka_ws/install/moveit_servo/share/moveit_servo/config/pose_tracking_settings.yaml
[6.955s] -- Symlinking: /home/zac/franka_ws/install/moveit_servo/share/moveit_servo/environment/library_path.sh
[6.986s] -- Symlinking: /home/zac/franka_ws/install/moveit_servo/share/moveit_servo/environment/library_path.dsv
[7.009s] -- Symlinking: /home/zac/franka_ws/install/moveit_servo/share/ament_index/resource_index/package_run_dependencies/moveit_servo
[7.029s] -- Symlinking: /home/zac/franka_ws/install/moveit_servo/share/ament_index/resource_index/parent_prefix_path/moveit_servo
[7.055s] -- Symlinking: /home/zac/franka_ws/install/moveit_servo/share/moveit_servo/environment/ament_prefix_path.sh
[7.086s] -- Symlinking: /home/zac/franka_ws/install/moveit_servo/share/moveit_servo/environment/ament_prefix_path.dsv
[7.112s] -- Symlinking: /home/zac/franka_ws/install/moveit_servo/share/moveit_servo/environment/path.sh
[7.150s] -- Symlinking: /home/zac/franka_ws/install/moveit_servo/share/moveit_servo/environment/path.dsv
[7.187s] -- Symlinking: /home/zac/franka_ws/install/moveit_servo/share/moveit_servo/local_setup.bash
[7.224s] -- Symlinking: /home/zac/franka_ws/install/moveit_servo/share/moveit_servo/local_setup.sh
[7.270s] -- Symlinking: /home/zac/franka_ws/install/moveit_servo/share/moveit_servo/local_setup.zsh
[7.308s] -- Symlinking: /home/zac/franka_ws/install/moveit_servo/share/moveit_servo/local_setup.dsv
[7.366s] -- Symlinking: /home/zac/franka_ws/install/moveit_servo/share/moveit_servo/package.dsv
[7.396s] -- Symlinking: /home/zac/franka_ws/install/moveit_servo/share/ament_index/resource_index/packages/moveit_servo
[7.442s] -- Symlinking: /home/zac/franka_ws/install/moveit_servo/share/ament_index/resource_index/rclcpp_components/moveit_servo
[7.474s] -- Symlinking: /home/zac/franka_ws/install/moveit_servo/share/moveit_servo/cmake/ament_cmake_export_targets-extras.cmake
[7.504s] -- Symlinking: /home/zac/franka_ws/install/moveit_servo/share/moveit_servo/cmake/ament_cmake_export_dependencies-extras.cmake
[7.555s] -- Symlinking: /home/zac/franka_ws/install/moveit_servo/share/moveit_servo/cmake/moveit_servoConfig.cmake
[7.600s] -- Symlinking: /home/zac/franka_ws/install/moveit_servo/share/moveit_servo/cmake/moveit_servoConfig-version.cmake
[7.635s] -- Symlinking: /home/zac/franka_ws/install/moveit_servo/share/moveit_servo/package.xml
[7.688s] -- Up-to-date: /home/zac/franka_ws/install/moveit_servo/lib/libmoveit_servo_lib.so.2.5.5
[7.688s] -- Up-to-date: /home/zac/franka_ws/install/moveit_servo/lib/libmoveit_servo_lib.so
[7.690s] -- Up-to-date: /home/zac/franka_ws/install/moveit_servo/lib/libmoveit_servo_lib_parameters.so.2.5.5
[7.690s] -- Up-to-date: /home/zac/franka_ws/install/moveit_servo/lib/libmoveit_servo_lib_parameters.so
[7.692s] -- Up-to-date: /home/zac/franka_ws/install/moveit_servo/lib/libpose_tracking.so
[7.693s] -- Up-to-date: /home/zac/franka_ws/install/moveit_servo/lib/libservo_node.so
[7.696s] -- Up-to-date: /home/zac/franka_ws/install/moveit_servo/lib/libservo_controller_input.so
[7.698s] -- Up-to-date: /home/zac/franka_ws/install/moveit_servo/share/moveit_servo/cmake/export_moveit_servoExport.cmake
[7.698s] -- Up-to-date: /home/zac/franka_ws/install/moveit_servo/share/moveit_servo/cmake/export_moveit_servoExport-release.cmake
[7.715s] Invoked command in '/home/zac/franka_ws/build/moveit_servo' returned '0': AMENT_PREFIX_PATH=/home/zac/franka_ws/install/moveit_ros_planning_interface:/home/zac/franka_ws/install/moveit_ros_move_group:/home/zac/franka_ws/install/moveit_ros_warehouse:/home/zac/franka_ws/install/moveit_planners_ompl:/home/zac/franka_ws/install/moveit_kinematics:/home/zac/franka_ws/install/moveit_ros_planning:/home/zac/franka_ws/install/moveit_simple_controller_manager:/home/zac/franka_ws/install/moveit_ros_occupancy_map_monitor:/home/zac/franka_ws/install/moveit_core:/home/zac/franka_ws/install/moveit_configs_utils:/home/zac/franka_ws/install/moveit_common:/home/zac/franka_ws/install/joint_trajectory_controller:${AMENT_PREFIX_PATH} CMAKE_PREFIX_PATH=/home/zac/franka_ws/install/moveit_ros_planning_interface:/home/zac/franka_ws/install/moveit_ros_move_group:/home/zac/franka_ws/install/moveit_ros_warehouse:/home/zac/franka_ws/install/moveit_planners_ompl:/home/zac/franka_ws/install/moveit_kinematics:/home/zac/franka_ws/install/moveit_ros_planning:/home/zac/franka_ws/install/moveit_simple_controller_manager:/home/zac/franka_ws/install/moveit_ros_occupancy_map_monitor:/home/zac/franka_ws/install/moveit_core:/home/zac/franka_ws/install/moveit_common:/home/zac/franka_ws/install/joint_trajectory_controller:/opt/ros/humble LD_LIBRARY_PATH=/home/zac/franka_ws/install/moveit_ros_planning_interface/lib:/home/zac/franka_ws/install/moveit_ros_move_group/lib:/home/zac/franka_ws/install/moveit_ros_warehouse/lib:/home/zac/franka_ws/install/moveit_planners_ompl/lib:/home/zac/franka_ws/install/moveit_kinematics/lib:/home/zac/franka_ws/install/moveit_ros_planning/lib:/home/zac/franka_ws/install/moveit_simple_controller_manager/lib:/home/zac/franka_ws/install/moveit_ros_occupancy_map_monitor/lib:/home/zac/franka_ws/install/moveit_core/lib:/home/zac/franka_ws/install/joint_trajectory_controller/lib:${LD_LIBRARY_PATH} PATH=/home/zac/franka_ws/install/moveit_core/bin:${PATH} PYTHONPATH=/home/zac/franka_ws/build/moveit_configs_utils:/home/zac/franka_ws/install/moveit_configs_utils/lib/python3.10/site-packages:${PYTHONPATH} /usr/bin/cmake --install /home/zac/franka_ws/build/moveit_servo
