[0.018s] Invoking command in '/home/zac/franka_ws/build/franka_msgs': /usr/bin/cmake /home/zac/franka_ws/src/franka_ros2/franka_msgs -DCMAKE_INSTALL_PREFIX=/home/zac/franka_ws/install/franka_msgs
[0.037s] -- Found ament_cmake: 1.3.10 (/opt/ros/humble/share/ament_cmake/cmake)
[0.255s] Traceback (most recent call last):
[0.255s]   File "/opt/ros/humble/share/ament_cmake_core/cmake/package_templates/templates_2_cmake.py", line 21, in <module>
[0.256s]     from ament_package.templates import get_environment_hook_template_path
[0.256s] ModuleNotFoundError: No module named 'ament_package'
[0.281s] [31mCMake Error at /opt/ros/humble/share/ament_cmake_core/cmake/ament_cmake_package_templates-extras.cmake:41 (message):
[0.281s]   execute_process(/usr/bin/python3
[0.281s]   /opt/ros/humble/share/ament_cmake_core/cmake/package_templates/templates_2_cmake.py
[0.282s]   /home/zac/franka_ws/build/franka_msgs/ament_cmake_package_templates/templates.cmake)
[0.282s]   returned error code 1
[0.283s] Call Stack (most recent call first):
[0.283s]   /opt/ros/humble/share/ament_cmake_core/cmake/ament_cmake_coreConfig.cmake:41 (include)
[0.283s]   /opt/ros/humble/share/ament_cmake/cmake/ament_cmake_export_dependencies-extras.cmake:15 (find_package)
[0.284s]   /opt/ros/humble/share/ament_cmake/cmake/ament_cmakeConfig.cmake:41 (include)
[0.285s]   CMakeLists.txt:4 (find_package)
[0.285s] 
[0.285s] [0m
[0.285s] -- Configuring incomplete, errors occurred!
[0.286s] See also "/home/zac/franka_ws/build/franka_msgs/CMakeFiles/CMakeOutput.log".
