[0.045s] Invoking command in '/home/zac/franka_ws/build/moveit_core': AMENT_PREFIX_PATH=/home/zac/franka_ws/install/moveit_common:${AMENT_PREFIX_PATH} CMAKE_PREFIX_PATH=/home/zac/franka_ws/install/moveit_common:/home/zac/franka_ws/install/joint_trajectory_controller:/home/zac/franka_ws/install/integration_launch_testing:/home/zac/franka_ws/install/franka_bringup:/home/zac/franka_ws/install/franka_robot_state_broadcaster:/home/zac/franka_ws/install/franka_example_controllers:/home/zac/franka_ws/install/franka_semantic_components:/home/zac/franka_ws/install/franka_gazebo_bringup:/home/zac/franka_ws/install/franka_ign_ros2_control:/home/zac/franka_ws/install/franka_fr3_moveit_config:/home/zac/franka_ws/install/franka_hardware:/home/zac/franka_ws/install/franka_gripper:/home/zac/franka_ws/install/franka_msgs:/home/zac/franka_ws/install/franka_description:/opt/ros/humble /usr/bin/cmake /home/zac/franka_ws/src/moveit2/moveit_core -DAMENT_CMAKE_SYMLINK_INSTALL=1 -DCMAKE_INSTALL_PREFIX=/home/zac/franka_ws/install/moveit_core
[0.294s] -- The CXX compiler identification is GNU 11.4.0
[0.314s] -- Detecting CXX compiler ABI info
[0.572s] -- Detecting CXX compiler ABI info - done
[0.588s] -- Check for working CXX compiler: /usr/bin/c++ - skipped
[0.588s] -- Detecting CXX compile features
[0.590s] -- Detecting CXX compile features - done
[0.593s] -- Found moveit_common: 2.5.5 (/home/zac/franka_ws/install/moveit_common/share/moveit_common/cmake)
[0.607s] -- Found ament_cmake: 1.3.10 (/opt/ros/humble/share/ament_cmake/cmake)
[1.031s] -- Found Python3: /usr/bin/python3 (found version "3.10.12") found components: Interpreter 
[1.205s] -- Override CMake install command with custom implementation using symlinks instead of copying resources
[1.604s] [0mmoveit_core: You did not request a specific build type: Choosing 'Release' for maximum performance[0m
[1.612s] -- Found angles: 1.15.0 (/opt/ros/humble/share/angles/cmake)
[1.681s] -- Found Bullet: /usr/lib/x86_64-linux-gnu/libBulletDynamics.so (Required is at least version "2.87") 
[1.688s] -- Found common_interfaces: 4.2.4 (/opt/ros/humble/share/common_interfaces/cmake)
[1.696s] -- Found eigen_stl_containers: 1.0.0 (/opt/ros/humble/share/eigen_stl_containers/cmake)
[1.720s] -- Found eigen3_cmake_module: 0.1.1 (/opt/ros/humble/share/eigen3_cmake_module/cmake)
[1.735s] -- Found Eigen3: TRUE (found version "3.4.0") 
[1.747s] -- Found generate_parameter_library: 0.3.8 (/opt/ros/humble/share/generate_parameter_library/cmake)
[1.762s] -- Found parameter_traits: 0.3.8 (/opt/ros/humble/share/parameter_traits/cmake)
[1.883s] -- Found rosidl_generator_c: 3.1.5 (/opt/ros/humble/share/rosidl_generator_c/cmake)
[1.902s] -- Found rosidl_adapter: 3.1.5 (/opt/ros/humble/share/rosidl_adapter/cmake)
[1.926s] -- Found rosidl_generator_cpp: 3.1.5 (/opt/ros/humble/share/rosidl_generator_cpp/cmake)
[1.959s] -- Using all available rosidl_typesupport_c: rosidl_typesupport_fastrtps_c;rosidl_typesupport_introspection_c
[2.002s] -- Using all available rosidl_typesupport_cpp: rosidl_typesupport_fastrtps_cpp;rosidl_typesupport_introspection_cpp
[2.131s] -- Found rmw_implementation_cmake: 6.1.2 (/opt/ros/humble/share/rmw_implementation_cmake/cmake)
[2.141s] -- Found rmw_fastrtps_cpp: 6.2.7 (/opt/ros/humble/share/rmw_fastrtps_cpp/cmake)
[2.347s] -- Found OpenSSL: /usr/lib/x86_64-linux-gnu/libcrypto.so (found version "3.0.2")  
[2.399s] -- Found FastRTPS: /opt/ros/humble/include  
[2.487s] -- Using RMW implementation 'rmw_fastrtps_cpp' as default
[2.514s] -- Looking for C++ include pthread.h
[2.668s] -- Looking for C++ include pthread.h - found
[2.669s] -- Performing Test CMAKE_HAVE_LIBC_PTHREAD
[2.821s] -- Performing Test CMAKE_HAVE_LIBC_PTHREAD - Success
[2.823s] -- Found Threads: TRUE  
[2.953s] -- Found rclcpp_lifecycle: 16.0.10 (/opt/ros/humble/share/rclcpp_lifecycle/cmake)
[3.002s] -- Found geometric_shapes: 2.1.3 (/opt/ros/humble/share/geometric_shapes/cmake)
[3.029s] -- Found Boost: /usr/lib/x86_64-linux-gnu/cmake/Boost-1.74.0/BoostConfig.cmake (found version "1.74.0") found components: filesystem 
[3.249s] -- library: /usr/lib/x86_64-linux-gnu/libcurl.so
[3.383s] -- Found kdl_parser: 2.6.4 (/opt/ros/humble/share/kdl_parser/cmake)
[3.404s] -- Ensuring Eigen3 include directory is part of orocos-kdl CMake target
[3.417s] -- Found moveit_msgs: 2.2.1 (/opt/ros/humble/share/moveit_msgs/cmake)
[3.671s] -- Found pluginlib: 5.1.0 (/opt/ros/humble/share/pluginlib/cmake)
[3.729s] -- Found srdfdom: 2.0.4 (/opt/ros/humble/share/srdfdom/cmake)
[3.765s] -- Found tf2_eigen: 0.25.7 (/opt/ros/humble/share/tf2_eigen/cmake)
[3.921s] -- Found tf2_geometry_msgs: 0.25.7 (/opt/ros/humble/share/tf2_geometry_msgs/cmake)
[3.931s] -- Found tf2_kdl: 0.25.7 (/opt/ros/humble/share/tf2_kdl/cmake)
[4.025s] -- Found Boost: /usr/lib/x86_64-linux-gnu/cmake/Boost-1.74.0/BoostConfig.cmake (found version "1.74.0") found components: chrono date_time filesystem iostreams program_options regex serialization system thread 
[4.026s] --  *** Building MoveIt 2.5.5-Alpha ***
[4.036s] -- Performing Test COMPILER_HAS_HIDDEN_VISIBILITY
[4.156s] -- Performing Test COMPILER_HAS_HIDDEN_VISIBILITY - Success
[4.157s] -- Performing Test COMPILER_HAS_HIDDEN_INLINE_VISIBILITY
[4.282s] -- Performing Test COMPILER_HAS_HIDDEN_INLINE_VISIBILITY - Success
[4.282s] -- Performing Test COMPILER_HAS_DEPRECATED_ATTR
[4.410s] -- Performing Test COMPILER_HAS_DEPRECATED_ATTR - Success
[4.425s] -- Found ament_cmake_gtest: 1.3.10 (/opt/ros/humble/share/ament_cmake_gtest/cmake)
[4.432s] -- Found gtest sources under '/opt/ros/humble/src/gtest_vendor': C++ tests using 'Google Test' will be built
[4.500s] -- The C compiler identification is GNU 11.4.0
[4.513s] -- Detecting C compiler ABI info
[4.617s] -- Detecting C compiler ABI info - done
[4.627s] -- Check for working C compiler: /usr/bin/cc - skipped
[4.627s] -- Detecting C compile features
[4.627s] -- Detecting C compile features - done
[4.649s] -- Found ament_cmake_gmock: 1.3.10 (/opt/ros/humble/share/ament_cmake_gmock/cmake)
[4.659s] -- Found gmock sources under '/opt/ros/humble/src/gmock_vendor': C++ tests using 'Google Mock' will be built
[4.664s] -- Found ament_cmake_gtest: 1.3.10 (/opt/ros/humble/share/ament_cmake_gtest/cmake)
[4.665s] -- Found gtest sources under '/opt/ros/humble/src/gtest_vendor': C++ tests using 'Google Test' will be built
[4.684s] -- Found ament_cmake_gtest: 1.3.10 (/opt/ros/humble/share/ament_cmake_gtest/cmake)
[4.686s] -- Found gtest sources under '/opt/ros/humble/src/gtest_vendor': C++ tests using 'Google Test' will be built
[4.727s] -- Found ament_cmake_gtest: 1.3.10 (/opt/ros/humble/share/ament_cmake_gtest/cmake)
[4.728s] -- Found gtest sources under '/opt/ros/humble/src/gtest_vendor': C++ tests using 'Google Test' will be built
[4.761s] -- Found ament_lint_auto: 0.12.11 (/opt/ros/humble/share/ament_lint_auto/cmake)
[4.762s] -- Found ament_cmake_gtest: 1.3.10 (/opt/ros/humble/share/ament_cmake_gtest/cmake)
[4.764s] -- Found gtest sources under '/opt/ros/humble/src/gtest_vendor': C++ tests using 'Google Test' will be built
[4.798s] -- Found ament_cmake_gtest: 1.3.10 (/opt/ros/humble/share/ament_cmake_gtest/cmake)
[4.800s] -- Found gtest sources under '/opt/ros/humble/src/gtest_vendor': C++ tests using 'Google Test' will be built
[4.819s] -- Found ament_cmake_gtest: 1.3.10 (/opt/ros/humble/share/ament_cmake_gtest/cmake)
[4.820s] -- Found gtest sources under '/opt/ros/humble/src/gtest_vendor': C++ tests using 'Google Test' will be built
[4.833s] -- Found ament_cmake_gtest: 1.3.10 (/opt/ros/humble/share/ament_cmake_gtest/cmake)
[4.835s] -- Found gtest sources under '/opt/ros/humble/src/gtest_vendor': C++ tests using 'Google Test' will be built
[4.854s] -- Found gtest sources under '/opt/ros/humble/src/gtest_vendor': C++ tests using 'Google Test' will be built
[4.871s] -- Found gtest sources under '/opt/ros/humble/src/gtest_vendor': C++ tests using 'Google Test' will be built
[4.893s] -- Found ament_cmake_gtest: 1.3.10 (/opt/ros/humble/share/ament_cmake_gtest/cmake)
[4.894s] -- Found gtest sources under '/opt/ros/humble/src/gtest_vendor': C++ tests using 'Google Test' will be built
[4.928s] -- Found gtest sources under '/opt/ros/humble/src/gtest_vendor': C++ tests using 'Google Test' will be built
[4.950s] -- Found gtest sources under '/opt/ros/humble/src/gtest_vendor': C++ tests using 'Google Test' will be built
[4.971s] -- Found gtest sources under '/opt/ros/humble/src/gtest_vendor': C++ tests using 'Google Test' will be built
[4.983s] -- Found ament_lint_auto: 0.12.11 (/opt/ros/humble/share/ament_lint_auto/cmake)
[5.092s] -- Added test 'cppcheck' to perform static code analysis on C / C++ code
[5.094s] -- Configured cppcheck include dirs: /home/zac/franka_ws/src/moveit2/moveit_core/exceptions/include;/home/zac/franka_ws/src/moveit2/moveit_core/collision_detection/include;/home/zac/franka_ws/src/moveit2/moveit_core/collision_detection_fcl/include;/home/zac/franka_ws/src/moveit2/moveit_core/collision_detection_bullet/include;/home/zac/franka_ws/src/moveit2/moveit_core/constraint_samplers/include;/home/zac/franka_ws/src/moveit2/moveit_core/controller_manager/include;/home/zac/franka_ws/src/moveit2/moveit_core/distance_field/include;/home/zac/franka_ws/src/moveit2/moveit_core/collision_distance_field/include;/home/zac/franka_ws/src/moveit2/moveit_core/dynamics_solver/include;/home/zac/franka_ws/src/moveit2/moveit_core/kinematics_base/include;/home/zac/franka_ws/src/moveit2/moveit_core/kinematics_metrics/include;/home/zac/franka_ws/src/moveit2/moveit_core/robot_model/include;/home/zac/franka_ws/src/moveit2/moveit_core/transforms/include;/home/zac/franka_ws/src/moveit2/moveit_core/robot_state/include;/home/zac/franka_ws/src/moveit2/moveit_core/robot_trajectory/include;/home/zac/franka_ws/src/moveit2/moveit_core/kinematic_constraints/include;/home/zac/franka_ws/src/moveit2/moveit_core/macros/include;/home/zac/franka_ws/src/moveit2/moveit_core/online_signal_smoothing/include;/home/zac/franka_ws/src/moveit2/moveit_core/planning_interface/include;/home/zac/franka_ws/src/moveit2/moveit_core/planning_request_adapter/include;/home/zac/franka_ws/src/moveit2/moveit_core/planning_scene/include;/home/zac/franka_ws/src/moveit2/moveit_core/sensor_manager/include;/home/zac/franka_ws/src/moveit2/moveit_core/trajectory_processing/include;/home/zac/franka_ws/src/moveit2/moveit_core/utils/include
[5.095s] -- Configured cppcheck exclude dirs and/or files: 
[5.102s] -- Added test 'pep257' to check Python code against some of the docstring style conventions in PEP 257
[5.110s] -- Added test 'xmllint' to check XML markup files
[5.116s] -- Configuring done
[6.535s] -- Generating done
[6.550s] -- Build files have been written to: /home/zac/franka_ws/build/moveit_core
