[0.017s] Invoking command in '/home/zac/franka_ws/build/franka_fr3_moveit_config': AMENT_PREFIX_PATH=/home/zac/franka_ws/install/franka_hardware:/home/zac/franka_ws/install/franka_gripper:/home/zac/franka_ws/install/franka_msgs:/home/zac/franka_ws/install/franka_description:${AMENT_PREFIX_PATH} CMAKE_PREFIX_PATH=/home/zac/franka_ws/install/franka_hardware:/home/zac/franka_ws/install/franka_gripper:/home/zac/franka_ws/install/franka_msgs:/home/zac/franka_ws/install/franka_description:/opt/ros/humble LD_LIBRARY_PATH=/home/zac/franka_ws/install/franka_hardware/lib:/home/zac/franka_ws/install/franka_gripper/lib:/home/zac/franka_ws/install/franka_msgs/lib:${LD_LIBRARY_PATH} PYTHONPATH=/home/zac/franka_ws/install/franka_gripper/local/lib/python3.10/dist-packages:/home/zac/franka_ws/install/franka_msgs/local/lib/python3.10/dist-packages:${PYTHONPATH} /usr/bin/cmake --build /home/zac/franka_ws/build/franka_fr3_moveit_config -- -j8 -l8
[0.063s] Invoked command in '/home/zac/franka_ws/build/franka_fr3_moveit_config' returned '0': AMENT_PREFIX_PATH=/home/zac/franka_ws/install/franka_hardware:/home/zac/franka_ws/install/franka_gripper:/home/zac/franka_ws/install/franka_msgs:/home/zac/franka_ws/install/franka_description:${AMENT_PREFIX_PATH} CMAKE_PREFIX_PATH=/home/zac/franka_ws/install/franka_hardware:/home/zac/franka_ws/install/franka_gripper:/home/zac/franka_ws/install/franka_msgs:/home/zac/franka_ws/install/franka_description:/opt/ros/humble LD_LIBRARY_PATH=/home/zac/franka_ws/install/franka_hardware/lib:/home/zac/franka_ws/install/franka_gripper/lib:/home/zac/franka_ws/install/franka_msgs/lib:${LD_LIBRARY_PATH} PYTHONPATH=/home/zac/franka_ws/install/franka_gripper/local/lib/python3.10/dist-packages:/home/zac/franka_ws/install/franka_msgs/local/lib/python3.10/dist-packages:${PYTHONPATH} /usr/bin/cmake --build /home/zac/franka_ws/build/franka_fr3_moveit_config -- -j8 -l8
[0.091s] Invoking command in '/home/zac/franka_ws/build/franka_fr3_moveit_config': AMENT_PREFIX_PATH=/home/zac/franka_ws/install/franka_hardware:/home/zac/franka_ws/install/franka_gripper:/home/zac/franka_ws/install/franka_msgs:/home/zac/franka_ws/install/franka_description:${AMENT_PREFIX_PATH} CMAKE_PREFIX_PATH=/home/zac/franka_ws/install/franka_hardware:/home/zac/franka_ws/install/franka_gripper:/home/zac/franka_ws/install/franka_msgs:/home/zac/franka_ws/install/franka_description:/opt/ros/humble LD_LIBRARY_PATH=/home/zac/franka_ws/install/franka_hardware/lib:/home/zac/franka_ws/install/franka_gripper/lib:/home/zac/franka_ws/install/franka_msgs/lib:${LD_LIBRARY_PATH} PYTHONPATH=/home/zac/franka_ws/install/franka_gripper/local/lib/python3.10/dist-packages:/home/zac/franka_ws/install/franka_msgs/local/lib/python3.10/dist-packages:${PYTHONPATH} /usr/bin/cmake --install /home/zac/franka_ws/build/franka_fr3_moveit_config
[0.100s] -- Install configuration: "Release"
[0.101s] -- Up-to-date: /home/zac/franka_ws/install/franka_fr3_moveit_config/share/franka_fr3_moveit_config/config
[0.101s] -- Up-to-date: /home/zac/franka_ws/install/franka_fr3_moveit_config/share/franka_fr3_moveit_config/config/ompl_planning.yaml
[0.101s] -- Up-to-date: /home/zac/franka_ws/install/franka_fr3_moveit_config/share/franka_fr3_moveit_config/config/fr3_controllers.yaml
[0.101s] -- Up-to-date: /home/zac/franka_ws/install/franka_fr3_moveit_config/share/franka_fr3_moveit_config/config/kinematics.yaml
[0.102s] -- Up-to-date: /home/zac/franka_ws/install/franka_fr3_moveit_config/share/franka_fr3_moveit_config/config/fr3_ros_controllers.yaml
[0.102s] -- Up-to-date: /home/zac/franka_ws/install/franka_fr3_moveit_config/share/franka_fr3_moveit_config/launch
[0.102s] -- Up-to-date: /home/zac/franka_ws/install/franka_fr3_moveit_config/share/franka_fr3_moveit_config/launch/moveit.launch.py
[0.102s] -- Up-to-date: /home/zac/franka_ws/install/franka_fr3_moveit_config/share/franka_fr3_moveit_config/launch/move_group.launch.py
[0.102s] -- Up-to-date: /home/zac/franka_ws/install/franka_fr3_moveit_config/share/franka_fr3_moveit_config/srdf
[0.103s] -- Up-to-date: /home/zac/franka_ws/install/franka_fr3_moveit_config/share/franka_fr3_moveit_config/srdf/fr3_arm_hand.xacro
[0.103s] -- Up-to-date: /home/zac/franka_ws/install/franka_fr3_moveit_config/share/franka_fr3_moveit_config/srdf/fr3_arm.srdf.xacro
[0.103s] -- Up-to-date: /home/zac/franka_ws/install/franka_fr3_moveit_config/share/franka_fr3_moveit_config/srdf/group_definition.xacro
[0.103s] -- Up-to-date: /home/zac/franka_ws/install/franka_fr3_moveit_config/share/franka_fr3_moveit_config/srdf/hand.xacro
[0.103s] -- Up-to-date: /home/zac/franka_ws/install/franka_fr3_moveit_config/share/franka_fr3_moveit_config/srdf/fr3_arm.xacro
[0.103s] -- Up-to-date: /home/zac/franka_ws/install/franka_fr3_moveit_config/share/franka_fr3_moveit_config/rviz
[0.103s] -- Up-to-date: /home/zac/franka_ws/install/franka_fr3_moveit_config/share/franka_fr3_moveit_config/rviz/moveit.rviz
[0.104s] -- Up-to-date: /home/zac/franka_ws/install/franka_fr3_moveit_config/share/ament_index/resource_index/package_run_dependencies/franka_fr3_moveit_config
[0.104s] -- Up-to-date: /home/zac/franka_ws/install/franka_fr3_moveit_config/share/ament_index/resource_index/parent_prefix_path/franka_fr3_moveit_config
[0.104s] -- Up-to-date: /home/zac/franka_ws/install/franka_fr3_moveit_config/share/franka_fr3_moveit_config/environment/ament_prefix_path.sh
[0.104s] -- Up-to-date: /home/zac/franka_ws/install/franka_fr3_moveit_config/share/franka_fr3_moveit_config/environment/ament_prefix_path.dsv
[0.104s] -- Up-to-date: /home/zac/franka_ws/install/franka_fr3_moveit_config/share/franka_fr3_moveit_config/environment/path.sh
[0.104s] -- Up-to-date: /home/zac/franka_ws/install/franka_fr3_moveit_config/share/franka_fr3_moveit_config/environment/path.dsv
[0.104s] -- Up-to-date: /home/zac/franka_ws/install/franka_fr3_moveit_config/share/franka_fr3_moveit_config/local_setup.bash
[0.105s] -- Up-to-date: /home/zac/franka_ws/install/franka_fr3_moveit_config/share/franka_fr3_moveit_config/local_setup.sh
[0.105s] -- Up-to-date: /home/zac/franka_ws/install/franka_fr3_moveit_config/share/franka_fr3_moveit_config/local_setup.zsh
[0.105s] -- Up-to-date: /home/zac/franka_ws/install/franka_fr3_moveit_config/share/franka_fr3_moveit_config/local_setup.dsv
[0.106s] -- Up-to-date: /home/zac/franka_ws/install/franka_fr3_moveit_config/share/franka_fr3_moveit_config/package.dsv
[0.107s] -- Up-to-date: /home/zac/franka_ws/install/franka_fr3_moveit_config/share/ament_index/resource_index/packages/franka_fr3_moveit_config
[0.107s] -- Up-to-date: /home/zac/franka_ws/install/franka_fr3_moveit_config/share/franka_fr3_moveit_config/cmake/franka_fr3_moveit_configConfig.cmake
[0.108s] -- Up-to-date: /home/zac/franka_ws/install/franka_fr3_moveit_config/share/franka_fr3_moveit_config/cmake/franka_fr3_moveit_configConfig-version.cmake
[0.108s] -- Up-to-date: /home/zac/franka_ws/install/franka_fr3_moveit_config/share/franka_fr3_moveit_config/package.xml
[0.108s] Invoked command in '/home/zac/franka_ws/build/franka_fr3_moveit_config' returned '0': AMENT_PREFIX_PATH=/home/zac/franka_ws/install/franka_hardware:/home/zac/franka_ws/install/franka_gripper:/home/zac/franka_ws/install/franka_msgs:/home/zac/franka_ws/install/franka_description:${AMENT_PREFIX_PATH} CMAKE_PREFIX_PATH=/home/zac/franka_ws/install/franka_hardware:/home/zac/franka_ws/install/franka_gripper:/home/zac/franka_ws/install/franka_msgs:/home/zac/franka_ws/install/franka_description:/opt/ros/humble LD_LIBRARY_PATH=/home/zac/franka_ws/install/franka_hardware/lib:/home/zac/franka_ws/install/franka_gripper/lib:/home/zac/franka_ws/install/franka_msgs/lib:${LD_LIBRARY_PATH} PYTHONPATH=/home/zac/franka_ws/install/franka_gripper/local/lib/python3.10/dist-packages:/home/zac/franka_ws/install/franka_msgs/local/lib/python3.10/dist-packages:${PYTHONPATH} /usr/bin/cmake --install /home/zac/franka_ws/build/franka_fr3_moveit_config
