[0.078s] Invoking command in '/home/zac/franka_ws/build/moveit_common': CMAKE_PREFIX_PATH=${CMAKE_PREFIX_PATH}:/opt/ros/humble /usr/bin/cmake /home/zac/franka_ws/src/moveit2/moveit_common -DAMENT_CMAKE_SYMLINK_INSTALL=1 -DCMAKE_INSTALL_PREFIX=/home/zac/franka_ws/install/moveit_common
[0.548s] -- Found ament_cmake: 1.3.10 (/opt/ros/humble/share/ament_cmake/cmake)
[0.548s] -- Found Python3: /usr/bin/python3 (found version "3.10.12") found components: Interpreter 
[0.548s] -- Override CMake install command with custom implementation using symlinks instead of copying resources
[0.626s] -- Found ament_lint_auto: 0.12.11 (/opt/ros/humble/share/ament_lint_auto/cmake)
[0.850s] -- Added test 'copyright' to check source files copyright and LICENSE
[0.861s] -- Added test 'lint_cmake' to check CMake code style
[0.863s] -- Added test 'xmllint' to check XML markup files
[0.869s] -- Configuring done
[0.875s] -- Generating done
[0.877s] -- Build files have been written to: /home/zac/franka_ws/build/moveit_common
[0.882s] Invoked command in '/home/zac/franka_ws/build/moveit_common' returned '0': CMAKE_PREFIX_PATH=${CMAKE_PREFIX_PATH}:/opt/ros/humble /usr/bin/cmake /home/zac/franka_ws/src/moveit2/moveit_common -DAMENT_CMAKE_SYMLINK_INSTALL=1 -DCMAKE_INSTALL_PREFIX=/home/zac/franka_ws/install/moveit_common
[0.889s] Invoking command in '/home/zac/franka_ws/build/moveit_common': CMAKE_PREFIX_PATH=${CMAKE_PREFIX_PATH}:/opt/ros/humble /usr/bin/cmake --build /home/zac/franka_ws/build/moveit_common -- -j8 -l8
[0.978s] Invoked command in '/home/zac/franka_ws/build/moveit_common' returned '0': CMAKE_PREFIX_PATH=${CMAKE_PREFIX_PATH}:/opt/ros/humble /usr/bin/cmake --build /home/zac/franka_ws/build/moveit_common -- -j8 -l8
[1.067s] Invoking command in '/home/zac/franka_ws/build/moveit_common': CMAKE_PREFIX_PATH=${CMAKE_PREFIX_PATH}:/opt/ros/humble /usr/bin/cmake --install /home/zac/franka_ws/build/moveit_common
[1.087s] -- Install configuration: ""
[1.088s] -- Execute custom install script
[1.089s] -- Symlinking: /home/zac/franka_ws/install/moveit_common/share/ament_index/resource_index/package_run_dependencies/moveit_common
[1.107s] -- Symlinking: /home/zac/franka_ws/install/moveit_common/share/ament_index/resource_index/parent_prefix_path/moveit_common
[1.134s] -- Symlinking: /home/zac/franka_ws/install/moveit_common/share/moveit_common/environment/ament_prefix_path.sh
[1.153s] -- Symlinking: /home/zac/franka_ws/install/moveit_common/share/moveit_common/environment/ament_prefix_path.dsv
[1.171s] -- Symlinking: /home/zac/franka_ws/install/moveit_common/share/moveit_common/environment/path.sh
[1.189s] -- Symlinking: /home/zac/franka_ws/install/moveit_common/share/moveit_common/environment/path.dsv
[1.205s] -- Symlinking: /home/zac/franka_ws/install/moveit_common/share/moveit_common/local_setup.bash
[1.234s] -- Symlinking: /home/zac/franka_ws/install/moveit_common/share/moveit_common/local_setup.sh
[1.256s] -- Symlinking: /home/zac/franka_ws/install/moveit_common/share/moveit_common/local_setup.zsh
[1.280s] -- Symlinking: /home/zac/franka_ws/install/moveit_common/share/moveit_common/local_setup.dsv
[1.303s] -- Symlinking: /home/zac/franka_ws/install/moveit_common/share/moveit_common/package.dsv
[1.337s] -- Symlinking: /home/zac/franka_ws/install/moveit_common/share/ament_index/resource_index/packages/moveit_common
[1.361s] -- Symlinking: /home/zac/franka_ws/install/moveit_common/share/moveit_common/cmake/moveit_common-extras.cmake
[1.385s] -- Symlinking: /home/zac/franka_ws/install/moveit_common/share/moveit_common/cmake/moveit_commonConfig.cmake
[1.415s] -- Symlinking: /home/zac/franka_ws/install/moveit_common/share/moveit_common/cmake/moveit_commonConfig-version.cmake
[1.450s] -- Symlinking: /home/zac/franka_ws/install/moveit_common/share/moveit_common/package.xml
[1.487s] -- Symlinking: /home/zac/franka_ws/install/moveit_common/share/moveit_common/cmake/moveit_package.cmake
[1.520s] Invoked command in '/home/zac/franka_ws/build/moveit_common' returned '0': CMAKE_PREFIX_PATH=${CMAKE_PREFIX_PATH}:/opt/ros/humble /usr/bin/cmake --install /home/zac/franka_ws/build/moveit_common
