[0.034s] Invoking command in '/home/zac/franka_ws/build/franka_ign_ros2_control': CMAKE_PREFIX_PATH=/home/zac/franka_ws/install/franka_hardware:/home/zac/franka_ws/install/franka_msgs:/home/zac/franka_ws/install/moveit_resources_prbt_support:/home/zac/franka_ws/install/moveit_common:/home/zac/franka_ws/install/joint_trajectory_controller:/home/zac/franka_ws/install/integration_launch_testing:/home/zac/franka_ws/install/franka_bringup:/home/zac/franka_ws/install/franka_robot_state_broadcaster:/home/zac/franka_ws/install/franka_example_controllers:/home/zac/franka_ws/install/franka_semantic_components:/home/zac/franka_ws/install/franka_gazebo_bringup:/home/zac/franka_ws/install/franka_ign_ros2_control:/home/zac/franka_ws/install/franka_fr3_moveit_config:/home/zac/franka_ws/install/franka_gripper:/home/zac/franka_ws/install/franka_description:/home/zac/franka_ws/install/moveit_configs_utils:/opt/ros/humble LD_LIBRARY_PATH=/home/zac/franka_ws/install/franka_hardware/lib:/home/zac/franka_ws/install/franka_msgs/lib:/home/zac/franka_ws/install/joint_trajectory_controller/lib:/home/zac/franka_ws/install/integration_launch_testing/lib:/home/zac/franka_ws/install/franka_robot_state_broadcaster/lib:/home/zac/franka_ws/install/franka_example_controllers/lib:/home/zac/franka_ws/install/franka_semantic_components/lib:/home/zac/franka_ws/install/franka_ign_ros2_control/lib:/home/zac/franka_ws/install/franka_gripper/lib:/opt/ros/humble/opt/rviz_ogre_vendor/lib:/opt/ros/humble/lib/x86_64-linux-gnu:/opt/ros/humble/lib /usr/bin/cmake --build /home/zac/franka_ws/build/franka_ign_ros2_control -- -j8 -l8
[0.171s] [ 50%] Built target franka_ign_ros2_control-system
[0.235s] [100%] Built target ign_hardware_plugins
[0.254s] Invoked command in '/home/zac/franka_ws/build/franka_ign_ros2_control' returned '0': CMAKE_PREFIX_PATH=/home/zac/franka_ws/install/franka_hardware:/home/zac/franka_ws/install/franka_msgs:/home/zac/franka_ws/install/moveit_resources_prbt_support:/home/zac/franka_ws/install/moveit_common:/home/zac/franka_ws/install/joint_trajectory_controller:/home/zac/franka_ws/install/integration_launch_testing:/home/zac/franka_ws/install/franka_bringup:/home/zac/franka_ws/install/franka_robot_state_broadcaster:/home/zac/franka_ws/install/franka_example_controllers:/home/zac/franka_ws/install/franka_semantic_components:/home/zac/franka_ws/install/franka_gazebo_bringup:/home/zac/franka_ws/install/franka_ign_ros2_control:/home/zac/franka_ws/install/franka_fr3_moveit_config:/home/zac/franka_ws/install/franka_gripper:/home/zac/franka_ws/install/franka_description:/home/zac/franka_ws/install/moveit_configs_utils:/opt/ros/humble LD_LIBRARY_PATH=/home/zac/franka_ws/install/franka_hardware/lib:/home/zac/franka_ws/install/franka_msgs/lib:/home/zac/franka_ws/install/joint_trajectory_controller/lib:/home/zac/franka_ws/install/integration_launch_testing/lib:/home/zac/franka_ws/install/franka_robot_state_broadcaster/lib:/home/zac/franka_ws/install/franka_example_controllers/lib:/home/zac/franka_ws/install/franka_semantic_components/lib:/home/zac/franka_ws/install/franka_ign_ros2_control/lib:/home/zac/franka_ws/install/franka_gripper/lib:/opt/ros/humble/opt/rviz_ogre_vendor/lib:/opt/ros/humble/lib/x86_64-linux-gnu:/opt/ros/humble/lib /usr/bin/cmake --build /home/zac/franka_ws/build/franka_ign_ros2_control -- -j8 -l8
[0.325s] Invoking command in '/home/zac/franka_ws/build/franka_ign_ros2_control': CMAKE_PREFIX_PATH=/home/zac/franka_ws/install/franka_hardware:/home/zac/franka_ws/install/franka_msgs:/home/zac/franka_ws/install/moveit_resources_prbt_support:/home/zac/franka_ws/install/moveit_common:/home/zac/franka_ws/install/joint_trajectory_controller:/home/zac/franka_ws/install/integration_launch_testing:/home/zac/franka_ws/install/franka_bringup:/home/zac/franka_ws/install/franka_robot_state_broadcaster:/home/zac/franka_ws/install/franka_example_controllers:/home/zac/franka_ws/install/franka_semantic_components:/home/zac/franka_ws/install/franka_gazebo_bringup:/home/zac/franka_ws/install/franka_ign_ros2_control:/home/zac/franka_ws/install/franka_fr3_moveit_config:/home/zac/franka_ws/install/franka_gripper:/home/zac/franka_ws/install/franka_description:/home/zac/franka_ws/install/moveit_configs_utils:/opt/ros/humble LD_LIBRARY_PATH=/home/zac/franka_ws/install/franka_hardware/lib:/home/zac/franka_ws/install/franka_msgs/lib:/home/zac/franka_ws/install/joint_trajectory_controller/lib:/home/zac/franka_ws/install/integration_launch_testing/lib:/home/zac/franka_ws/install/franka_robot_state_broadcaster/lib:/home/zac/franka_ws/install/franka_example_controllers/lib:/home/zac/franka_ws/install/franka_semantic_components/lib:/home/zac/franka_ws/install/franka_ign_ros2_control/lib:/home/zac/franka_ws/install/franka_gripper/lib:/opt/ros/humble/opt/rviz_ogre_vendor/lib:/opt/ros/humble/lib/x86_64-linux-gnu:/opt/ros/humble/lib /usr/bin/cmake --install /home/zac/franka_ws/build/franka_ign_ros2_control
[0.338s] -- Install configuration: "Release"
[0.339s] -- Up-to-date: /home/zac/franka_ws/install/franka_ign_ros2_control/lib/libign_hardware_plugins.so
[0.340s] -- Up-to-date: /home/zac/franka_ws/install/franka_ign_ros2_control/include
[0.340s] -- Up-to-date: /home/zac/franka_ws/install/franka_ign_ros2_control/include/ign_ros2_control
[0.340s] -- Up-to-date: /home/zac/franka_ws/install/franka_ign_ros2_control/include/ign_ros2_control/model_kdl.h
[0.340s] -- Up-to-date: /home/zac/franka_ws/install/franka_ign_ros2_control/include/ign_ros2_control/ign_ros2_control_plugin.hpp
[0.340s] -- Up-to-date: /home/zac/franka_ws/install/franka_ign_ros2_control/include/ign_ros2_control/ign_system_interface.hpp
[0.341s] -- Up-to-date: /home/zac/franka_ws/install/franka_ign_ros2_control/include/ign_ros2_control/ign_system.hpp
[0.341s] -- Up-to-date: /home/zac/franka_ws/install/franka_ign_ros2_control/share/franka_ign_ros2_control/environment/library_path.sh
[0.341s] -- Up-to-date: /home/zac/franka_ws/install/franka_ign_ros2_control/share/franka_ign_ros2_control/environment/library_path.dsv
[0.341s] -- Up-to-date: /home/zac/franka_ws/install/franka_ign_ros2_control/lib/libfranka_ign_ros2_control-system.so
[0.342s] -- Up-to-date: /home/zac/franka_ws/install/franka_ign_ros2_control/share/franka_ign_ros2_control/ign_hardware_plugins.xml
[0.342s] -- Up-to-date: /home/zac/franka_ws/install/franka_ign_ros2_control/share/ament_index/resource_index/package_run_dependencies/franka_ign_ros2_control
[0.342s] -- Up-to-date: /home/zac/franka_ws/install/franka_ign_ros2_control/share/ament_index/resource_index/parent_prefix_path/franka_ign_ros2_control
[0.342s] -- Up-to-date: /home/zac/franka_ws/install/franka_ign_ros2_control/share/franka_ign_ros2_control/environment/ament_prefix_path.sh
[0.342s] -- Up-to-date: /home/zac/franka_ws/install/franka_ign_ros2_control/share/franka_ign_ros2_control/environment/ament_prefix_path.dsv
[0.342s] -- Up-to-date: /home/zac/franka_ws/install/franka_ign_ros2_control/share/franka_ign_ros2_control/environment/path.sh
[0.343s] -- Up-to-date: /home/zac/franka_ws/install/franka_ign_ros2_control/share/franka_ign_ros2_control/environment/path.dsv
[0.343s] -- Up-to-date: /home/zac/franka_ws/install/franka_ign_ros2_control/share/franka_ign_ros2_control/local_setup.bash
[0.343s] -- Up-to-date: /home/zac/franka_ws/install/franka_ign_ros2_control/share/franka_ign_ros2_control/local_setup.sh
[0.343s] -- Up-to-date: /home/zac/franka_ws/install/franka_ign_ros2_control/share/franka_ign_ros2_control/local_setup.zsh
[0.343s] -- Up-to-date: /home/zac/franka_ws/install/franka_ign_ros2_control/share/franka_ign_ros2_control/local_setup.dsv
[0.344s] -- Up-to-date: /home/zac/franka_ws/install/franka_ign_ros2_control/share/franka_ign_ros2_control/package.dsv
[0.344s] -- Up-to-date: /home/zac/franka_ws/install/franka_ign_ros2_control/share/ament_index/resource_index/packages/franka_ign_ros2_control
[0.344s] -- Up-to-date: /home/zac/franka_ws/install/franka_ign_ros2_control/share/ament_index/resource_index/franka_ign_ros2_control__pluginlib__plugin/franka_ign_ros2_control
[0.344s] -- Up-to-date: /home/zac/franka_ws/install/franka_ign_ros2_control/share/franka_ign_ros2_control/cmake/ament_cmake_export_include_directories-extras.cmake
[0.344s] -- Up-to-date: /home/zac/franka_ws/install/franka_ign_ros2_control/share/franka_ign_ros2_control/cmake/ament_cmake_export_libraries-extras.cmake
[0.344s] -- Up-to-date: /home/zac/franka_ws/install/franka_ign_ros2_control/share/franka_ign_ros2_control/cmake/franka_ign_ros2_controlConfig.cmake
[0.344s] -- Up-to-date: /home/zac/franka_ws/install/franka_ign_ros2_control/share/franka_ign_ros2_control/cmake/franka_ign_ros2_controlConfig-version.cmake
[0.344s] -- Up-to-date: /home/zac/franka_ws/install/franka_ign_ros2_control/share/franka_ign_ros2_control/package.xml
[0.347s] Invoked command in '/home/zac/franka_ws/build/franka_ign_ros2_control' returned '0': CMAKE_PREFIX_PATH=/home/zac/franka_ws/install/franka_hardware:/home/zac/franka_ws/install/franka_msgs:/home/zac/franka_ws/install/moveit_resources_prbt_support:/home/zac/franka_ws/install/moveit_common:/home/zac/franka_ws/install/joint_trajectory_controller:/home/zac/franka_ws/install/integration_launch_testing:/home/zac/franka_ws/install/franka_bringup:/home/zac/franka_ws/install/franka_robot_state_broadcaster:/home/zac/franka_ws/install/franka_example_controllers:/home/zac/franka_ws/install/franka_semantic_components:/home/zac/franka_ws/install/franka_gazebo_bringup:/home/zac/franka_ws/install/franka_ign_ros2_control:/home/zac/franka_ws/install/franka_fr3_moveit_config:/home/zac/franka_ws/install/franka_gripper:/home/zac/franka_ws/install/franka_description:/home/zac/franka_ws/install/moveit_configs_utils:/opt/ros/humble LD_LIBRARY_PATH=/home/zac/franka_ws/install/franka_hardware/lib:/home/zac/franka_ws/install/franka_msgs/lib:/home/zac/franka_ws/install/joint_trajectory_controller/lib:/home/zac/franka_ws/install/integration_launch_testing/lib:/home/zac/franka_ws/install/franka_robot_state_broadcaster/lib:/home/zac/franka_ws/install/franka_example_controllers/lib:/home/zac/franka_ws/install/franka_semantic_components/lib:/home/zac/franka_ws/install/franka_ign_ros2_control/lib:/home/zac/franka_ws/install/franka_gripper/lib:/opt/ros/humble/opt/rviz_ogre_vendor/lib:/opt/ros/humble/lib/x86_64-linux-gnu:/opt/ros/humble/lib /usr/bin/cmake --install /home/zac/franka_ws/build/franka_ign_ros2_control
