[0.072s] Invoking command in '/home/zac/franka_ws/build/franka_semantic_components': AMENT_PREFIX_PATH=/home/zac/franka_ws/install/franka_hardware:/home/zac/franka_ws/install/franka_msgs:${AMENT_PREFIX_PATH} CMAKE_PREFIX_PATH=/home/zac/franka_ws/install/franka_hardware:/home/zac/franka_ws/install/franka_msgs:/opt/ros/humble LD_LIBRARY_PATH=/home/zac/franka_ws/install/franka_hardware/lib:/home/zac/franka_ws/install/franka_msgs/lib:${LD_LIBRARY_PATH} PYTHONPATH=/home/zac/franka_ws/install/franka_msgs/local/lib/python3.10/dist-packages:${PYTHONPATH} /usr/bin/cmake /home/zac/franka_ws/src/franka_ros2/franka_semantic_components -DAMENT_CMAKE_SYMLINK_INSTALL=1 -DCMAKE_INSTALL_PREFIX=/home/zac/franka_ws/install/franka_semantic_components
[0.112s] -- Found ament_cmake: 1.3.10 (/opt/ros/humble/share/ament_cmake/cmake)
[0.473s] -- Override CMake install command with custom implementation using symlinks instead of copying resources
[0.511s] -- Found franka_hardware: 0.1.15 (/home/zac/franka_ws/install/franka_hardware/share/franka_hardware/cmake)
[0.652s] -- Found rosidl_generator_c: 3.1.5 (/opt/ros/humble/share/rosidl_generator_c/cmake)
[0.661s] -- Found rosidl_adapter: 3.1.5 (/opt/ros/humble/share/rosidl_adapter/cmake)
[0.692s] -- Found rosidl_generator_cpp: 3.1.5 (/opt/ros/humble/share/rosidl_generator_cpp/cmake)
[0.735s] -- Using all available rosidl_typesupport_c: rosidl_typesupport_fastrtps_c;rosidl_typesupport_introspection_c
[0.770s] -- Using all available rosidl_typesupport_cpp: rosidl_typesupport_fastrtps_cpp;rosidl_typesupport_introspection_cpp
[1.286s] -- Found rmw_implementation_cmake: 6.1.2 (/opt/ros/humble/share/rmw_implementation_cmake/cmake)
[1.301s] -- Found rmw_fastrtps_cpp: 6.2.7 (/opt/ros/humble/share/rmw_fastrtps_cpp/cmake)
[1.363s] -- Found TinyXML2 via Config file: TinyXML2_DIR-NOTFOUND
[1.391s] -- Found TinyXML2 via Config file: TinyXML2_DIR-NOTFOUND
[1.435s] -- Found TinyXML2 via Config file: TinyXML2_DIR-NOTFOUND
[1.457s] -- Found TinyXML2 via Config file: TinyXML2_DIR-NOTFOUND
[1.491s] -- Using RMW implementation 'rmw_fastrtps_cpp' as default
[1.740s] -- Found franka_msgs: 0.1.15 (/home/zac/franka_ws/install/franka_msgs/share/franka_msgs/cmake)
[1.804s] -- Found urdf: 2.6.0 (/opt/ros/humble/share/urdf/cmake)
[1.877s] -- Found ament_cmake_clang_format: 0.12.11 (/opt/ros/humble/share/ament_cmake_clang_format/cmake)
[1.878s] -- Found ament_cmake_copyright: 0.12.11 (/opt/ros/humble/share/ament_cmake_copyright/cmake)
[1.880s] -- Found ament_cmake_cppcheck: 0.12.11 (/opt/ros/humble/share/ament_cmake_cppcheck/cmake)
[1.881s] -- Found ament_cmake_flake8: 0.12.11 (/opt/ros/humble/share/ament_cmake_flake8/cmake)
[1.884s] -- Found ament_cmake_lint_cmake: 0.12.11 (/opt/ros/humble/share/ament_cmake_lint_cmake/cmake)
[1.886s] -- Found ament_cmake_pep257: 0.12.11 (/opt/ros/humble/share/ament_cmake_pep257/cmake)
[1.888s] -- Found ament_cmake_xmllint: 0.12.11 (/opt/ros/humble/share/ament_cmake_xmllint/cmake)
[1.890s] -- Found ament_cmake_gmock: 1.3.10 (/opt/ros/humble/share/ament_cmake_gmock/cmake)
[1.891s] -- Found controller_interface: 2.42.0 (/opt/ros/humble/share/controller_interface/cmake)
[1.906s] -- Found gmock sources under '/opt/ros/humble/src/gmock_vendor': C++ tests using 'Google Mock' will be built
[1.913s] -- Found ament_cmake_gtest: 1.3.10 (/opt/ros/humble/share/ament_cmake_gtest/cmake)
[1.915s] -- Found gtest sources under '/opt/ros/humble/src/gtest_vendor': C++ tests using 'Google Test' will be built
[2.291s] -- Configuring done
[2.881s] -- Generating done
[2.890s] -- Build files have been written to: /home/zac/franka_ws/build/franka_semantic_components
[2.917s] Invoked command in '/home/zac/franka_ws/build/franka_semantic_components' returned '0': AMENT_PREFIX_PATH=/home/zac/franka_ws/install/franka_hardware:/home/zac/franka_ws/install/franka_msgs:${AMENT_PREFIX_PATH} CMAKE_PREFIX_PATH=/home/zac/franka_ws/install/franka_hardware:/home/zac/franka_ws/install/franka_msgs:/opt/ros/humble LD_LIBRARY_PATH=/home/zac/franka_ws/install/franka_hardware/lib:/home/zac/franka_ws/install/franka_msgs/lib:${LD_LIBRARY_PATH} PYTHONPATH=/home/zac/franka_ws/install/franka_msgs/local/lib/python3.10/dist-packages:${PYTHONPATH} /usr/bin/cmake /home/zac/franka_ws/src/franka_ros2/franka_semantic_components -DAMENT_CMAKE_SYMLINK_INSTALL=1 -DCMAKE_INSTALL_PREFIX=/home/zac/franka_ws/install/franka_semantic_components
[2.921s] Invoking command in '/home/zac/franka_ws/build/franka_semantic_components': AMENT_PREFIX_PATH=/home/zac/franka_ws/install/franka_hardware:/home/zac/franka_ws/install/franka_msgs:${AMENT_PREFIX_PATH} CMAKE_PREFIX_PATH=/home/zac/franka_ws/install/franka_hardware:/home/zac/franka_ws/install/franka_msgs:/opt/ros/humble LD_LIBRARY_PATH=/home/zac/franka_ws/install/franka_hardware/lib:/home/zac/franka_ws/install/franka_msgs/lib:${LD_LIBRARY_PATH} PYTHONPATH=/home/zac/franka_ws/install/franka_msgs/local/lib/python3.10/dist-packages:${PYTHONPATH} /usr/bin/cmake --build /home/zac/franka_ws/build/franka_semantic_components -- -j8 -l8
[3.004s] [35m[1mConsolidate compiler generated dependencies of target gmock_main[0m
[3.011s] [35m[1mConsolidate compiler generated dependencies of target gmock[0m
[3.017s] [35m[1mConsolidate compiler generated dependencies of target franka_semantic_components[0m
[3.041s] [  9%] Built target gmock_main
[3.056s] [ 22%] Built target gmock
[3.083s] [ 27%] [32m[1mLinking CXX shared library libfranka_semantic_components.so[0m
[3.434s] [ 54%] Built target franka_semantic_components
[3.457s] [35m[1mConsolidate compiler generated dependencies of target test_franka_robot_model[0m
[3.457s] [35m[1mConsolidate compiler generated dependencies of target franka_semantic_component_interface_test[0m
[3.458s] [35m[1mConsolidate compiler generated dependencies of target test_franka_robot_state[0m
[3.458s] [35m[1mConsolidate compiler generated dependencies of target franka_cartesian_pose_interface_test[0m
[3.458s] [35m[1mConsolidate compiler generated dependencies of target franka_cartesian_velocity_interface_test[0m
[3.500s] [ 63%] [32m[1mLinking CXX executable franka_semantic_component_interface_test[0m
[3.502s] [ 63%] [32m[1mLinking CXX executable test_franka_robot_model[0m
[3.520s] [ 68%] [32m[1mLinking CXX executable test_franka_robot_state[0m
[3.521s] [ 72%] [32m[1mLinking CXX executable franka_cartesian_pose_interface_test[0m
[3.528s] [ 77%] [32m[1mLinking CXX executable franka_cartesian_velocity_interface_test[0m
[4.290s] [ 81%] Built target franka_cartesian_velocity_interface_test
[4.292s] [ 86%] Built target test_franka_robot_state
[4.333s] [ 90%] Built target test_franka_robot_model
[4.355s] [ 95%] Built target franka_semantic_component_interface_test
[4.372s] [100%] Built target franka_cartesian_pose_interface_test
[4.395s] Invoked command in '/home/zac/franka_ws/build/franka_semantic_components' returned '0': AMENT_PREFIX_PATH=/home/zac/franka_ws/install/franka_hardware:/home/zac/franka_ws/install/franka_msgs:${AMENT_PREFIX_PATH} CMAKE_PREFIX_PATH=/home/zac/franka_ws/install/franka_hardware:/home/zac/franka_ws/install/franka_msgs:/opt/ros/humble LD_LIBRARY_PATH=/home/zac/franka_ws/install/franka_hardware/lib:/home/zac/franka_ws/install/franka_msgs/lib:${LD_LIBRARY_PATH} PYTHONPATH=/home/zac/franka_ws/install/franka_msgs/local/lib/python3.10/dist-packages:${PYTHONPATH} /usr/bin/cmake --build /home/zac/franka_ws/build/franka_semantic_components -- -j8 -l8
[4.655s] Invoking command in '/home/zac/franka_ws/build/franka_semantic_components': AMENT_PREFIX_PATH=/home/zac/franka_ws/install/franka_hardware:/home/zac/franka_ws/install/franka_msgs:${AMENT_PREFIX_PATH} CMAKE_PREFIX_PATH=/home/zac/franka_ws/install/franka_hardware:/home/zac/franka_ws/install/franka_msgs:/opt/ros/humble LD_LIBRARY_PATH=/home/zac/franka_ws/install/franka_hardware/lib:/home/zac/franka_ws/install/franka_msgs/lib:${LD_LIBRARY_PATH} PYTHONPATH=/home/zac/franka_ws/install/franka_msgs/local/lib/python3.10/dist-packages:${PYTHONPATH} /usr/bin/cmake --install /home/zac/franka_ws/build/franka_semantic_components
[4.684s] -- Install configuration: "Release"
[4.686s] -- Execute custom install script
[4.692s] -- Symlinking: /home/zac/franka_ws/install/franka_semantic_components/lib/libfranka_semantic_components.so
[4.736s] -- Symlinking: /home/zac/franka_ws/install/franka_semantic_components/include/franka_semantic_components/franka_cartesian_pose_interface.hpp
[4.767s] -- Symlinking: /home/zac/franka_ws/install/franka_semantic_components/include/franka_semantic_components/franka_cartesian_velocity_interface.hpp
[4.795s] -- Symlinking: /home/zac/franka_ws/install/franka_semantic_components/include/franka_semantic_components/franka_robot_model.hpp
[4.830s] -- Symlinking: /home/zac/franka_ws/install/franka_semantic_components/include/franka_semantic_components/franka_robot_state.hpp
[4.852s] -- Symlinking: /home/zac/franka_ws/install/franka_semantic_components/include/franka_semantic_components/franka_semantic_component_interface.hpp
[4.890s] -- Symlinking: /home/zac/franka_ws/install/franka_semantic_components/share/franka_semantic_components/robot_description_test.txt
[4.924s] -- Symlinking: /home/zac/franka_ws/install/franka_semantic_components/share/franka_semantic_components/environment/library_path.sh
[4.951s] -- Symlinking: /home/zac/franka_ws/install/franka_semantic_components/share/franka_semantic_components/environment/library_path.dsv
[4.980s] -- Symlinking: /home/zac/franka_ws/install/franka_semantic_components/share/ament_index/resource_index/package_run_dependencies/franka_semantic_components
[5.015s] -- Symlinking: /home/zac/franka_ws/install/franka_semantic_components/share/ament_index/resource_index/parent_prefix_path/franka_semantic_components
[5.044s] -- Symlinking: /home/zac/franka_ws/install/franka_semantic_components/share/franka_semantic_components/environment/ament_prefix_path.sh
[5.077s] -- Symlinking: /home/zac/franka_ws/install/franka_semantic_components/share/franka_semantic_components/environment/ament_prefix_path.dsv
[5.120s] -- Symlinking: /home/zac/franka_ws/install/franka_semantic_components/share/franka_semantic_components/environment/path.sh
[5.142s] -- Symlinking: /home/zac/franka_ws/install/franka_semantic_components/share/franka_semantic_components/environment/path.dsv
[5.161s] -- Symlinking: /home/zac/franka_ws/install/franka_semantic_components/share/franka_semantic_components/local_setup.bash
[5.181s] -- Symlinking: /home/zac/franka_ws/install/franka_semantic_components/share/franka_semantic_components/local_setup.sh
[5.200s] -- Symlinking: /home/zac/franka_ws/install/franka_semantic_components/share/franka_semantic_components/local_setup.zsh
[5.227s] -- Symlinking: /home/zac/franka_ws/install/franka_semantic_components/share/franka_semantic_components/local_setup.dsv
[5.249s] -- Symlinking: /home/zac/franka_ws/install/franka_semantic_components/share/franka_semantic_components/package.dsv
[5.289s] -- Symlinking: /home/zac/franka_ws/install/franka_semantic_components/share/ament_index/resource_index/packages/franka_semantic_components
[5.342s] -- Symlinking: /home/zac/franka_ws/install/franka_semantic_components/share/franka_semantic_components/cmake/ament_cmake_export_include_directories-extras.cmake
[5.372s] -- Symlinking: /home/zac/franka_ws/install/franka_semantic_components/share/franka_semantic_components/cmake/ament_cmake_export_libraries-extras.cmake
[5.405s] -- Symlinking: /home/zac/franka_ws/install/franka_semantic_components/share/franka_semantic_components/cmake/ament_cmake_export_dependencies-extras.cmake
[5.448s] -- Symlinking: /home/zac/franka_ws/install/franka_semantic_components/share/franka_semantic_components/cmake/franka_semantic_componentsConfig.cmake
[5.508s] -- Symlinking: /home/zac/franka_ws/install/franka_semantic_components/share/franka_semantic_components/cmake/franka_semantic_componentsConfig-version.cmake
[5.530s] -- Symlinking: /home/zac/franka_ws/install/franka_semantic_components/share/franka_semantic_components/package.xml
[5.568s] Invoked command in '/home/zac/franka_ws/build/franka_semantic_components' returned '0': AMENT_PREFIX_PATH=/home/zac/franka_ws/install/franka_hardware:/home/zac/franka_ws/install/franka_msgs:${AMENT_PREFIX_PATH} CMAKE_PREFIX_PATH=/home/zac/franka_ws/install/franka_hardware:/home/zac/franka_ws/install/franka_msgs:/opt/ros/humble LD_LIBRARY_PATH=/home/zac/franka_ws/install/franka_hardware/lib:/home/zac/franka_ws/install/franka_msgs/lib:${LD_LIBRARY_PATH} PYTHONPATH=/home/zac/franka_ws/install/franka_msgs/local/lib/python3.10/dist-packages:${PYTHONPATH} /usr/bin/cmake --install /home/zac/franka_ws/build/franka_semantic_components
