-- Found moveit_common: 2.5.5 (/home/zac/franka_ws/install/moveit_common/share/moveit_common/cmake)
-- Found ament_cmake: 1.3.10 (/opt/ros/humble/share/ament_cmake/cmake)
-- Override CMake install command with custom implementation using symlinks instead of copying resources
-- Found Boost: /usr/lib/x86_64-linux-gnu/cmake/Boost-1.74.0/BoostConfig.cmake (found version "1.74.0") found components: system filesystem date_time thread serialization 
-- Found moveit_core: 2.5.5 (/home/zac/franka_ws/install/moveit_core/share/moveit_core/cmake)
-- Found Boost: /usr/lib/x86_64-linux-gnu/cmake/Boost-1.74.0/BoostConfig.cmake (found version "1.74.0") found components: chrono date_time filesystem iostreams program_options regex serialization system thread 
-- Found parameter_traits: 0.3.8 (/opt/ros/humble/share/parameter_traits/cmake)
-- Found rosidl_generator_c: 3.1.5 (/opt/ros/humble/share/rosidl_generator_c/cmake)
-- Found rosidl_adapter: 3.1.5 (/opt/ros/humble/share/rosidl_adapter/cmake)
-- Found rosidl_generator_cpp: 3.1.5 (/opt/ros/humble/share/rosidl_generator_cpp/cmake)
-- Using all available rosidl_typesupport_c: rosidl_typesupport_fastrtps_c;rosidl_typesupport_introspection_c
-- Using all available rosidl_typesupport_cpp: rosidl_typesupport_fastrtps_cpp;rosidl_typesupport_introspection_cpp
-- Found rmw_implementation_cmake: 6.1.2 (/opt/ros/humble/share/rmw_implementation_cmake/cmake)
-- Found rmw_fastrtps_cpp: 6.2.7 (/opt/ros/humble/share/rmw_fastrtps_cpp/cmake)
-- Using RMW implementation 'rmw_fastrtps_cpp' as default
-- Found rclcpp_lifecycle: 16.0.10 (/opt/ros/humble/share/rclcpp_lifecycle/cmake)
-- Found Boost: /usr/lib/x86_64-linux-gnu/cmake/Boost-1.74.0/BoostConfig.cmake (found version "1.74.0") found components: filesystem 
-- library: /usr/lib/x86_64-linux-gnu/libcurl.so
-- Ensuring Eigen3 include directory is part of orocos-kdl CMake target
-- Found moveit_ros_planning: 2.5.5 (/home/zac/franka_ws/install/moveit_ros_planning/share/moveit_ros_planning/cmake)
-- Found Boost: /usr/lib/x86_64-linux-gnu/cmake/Boost-1.74.0/BoostConfig.cmake (found version "1.74.0") found components: system filesystem date_time program_options thread chrono 
-- Found ament_cmake_gtest: 1.3.10 (/opt/ros/humble/share/ament_cmake_gtest/cmake)
-- Found gtest sources under '/opt/ros/humble/src/gtest_vendor': C++ tests using 'Google Test' will be built
-- Found ament_lint_auto: 0.12.11 (/opt/ros/humble/share/ament_lint_auto/cmake)
-- Added test 'cppcheck' to perform static code analysis on C / C++ code
-- Configured cppcheck include dirs: /home/zac/franka_ws/src/moveit2/moveit_planners/ompl/ompl_interface/include
-- Configured cppcheck exclude dirs and/or files: 
-- Added test 'lint_cmake' to check CMake code style
-- Added test 'xmllint' to check XML markup files
-- Configuring done
-- Generating done
-- Build files have been written to: /home/zac/franka_ws/build/moveit_planners_ompl
[35m[1mConsolidate compiler generated dependencies of target gtest[0m
[35m[1mConsolidate compiler generated dependencies of target gtest_main[0m
[  4%] Built target gtest_main
[35m[1mConsolidate compiler generated dependencies of target moveit_ompl_interface[0m
[  9%] Built target gtest
[ 60%] Built target moveit_ompl_interface
[35m[1mConsolidate compiler generated dependencies of target moveit_generate_state_database[0m
[35m[1mConsolidate compiler generated dependencies of target test_planning_context_manager[0m
[35m[1mConsolidate compiler generated dependencies of target test_constrained_planning_state_space[0m
[35m[1mConsolidate compiler generated dependencies of target moveit_ompl_planner_plugin[0m
[35m[1mConsolidate compiler generated dependencies of target test_state_validity_checker[0m
[35m[1mConsolidate compiler generated dependencies of target test_state_space[0m
[ 65%] Built target test_state_space
[ 70%] Built target moveit_ompl_planner_plugin
[35m[1mConsolidate compiler generated dependencies of target test_constrained_state_validity_checker[0m
[ 75%] Built target test_state_validity_checker
[ 80%] Built target test_constrained_planning_state_space
[35m[1mConsolidate compiler generated dependencies of target test_threadsafe_state_storage[0m
[ 85%] Built target test_planning_context_manager
[ 87%] [32m[1mLinking CXX executable generate_state_database[0m
[ 92%] Built target test_constrained_state_validity_checker
[ 97%] Built target test_threadsafe_state_storage
[100%] Built target moveit_generate_state_database
-- Install configuration: "Release"
-- Execute custom install script
-- Symlinking: /home/zac/franka_ws/install/moveit_planners_ompl/lib/moveit_planners_ompl/generate_state_database
-- Symlinking: /home/zac/franka_ws/install/moveit_planners_ompl/include/moveit/ompl_interface/detail/constrained_goal_sampler.h
-- Symlinking: /home/zac/franka_ws/install/moveit_planners_ompl/include/moveit/ompl_interface/detail/constrained_sampler.h
-- Symlinking: /home/zac/franka_ws/install/moveit_planners_ompl/include/moveit/ompl_interface/detail/constrained_valid_state_sampler.h
-- Symlinking: /home/zac/franka_ws/install/moveit_planners_ompl/include/moveit/ompl_interface/detail/constraint_approximations.h
-- Symlinking: /home/zac/franka_ws/install/moveit_planners_ompl/include/moveit/ompl_interface/detail/constraints_library.h
-- Symlinking: /home/zac/franka_ws/install/moveit_planners_ompl/include/moveit/ompl_interface/detail/goal_union.h
-- Symlinking: /home/zac/franka_ws/install/moveit_planners_ompl/include/moveit/ompl_interface/detail/ompl_constraints.h
-- Symlinking: /home/zac/franka_ws/install/moveit_planners_ompl/include/moveit/ompl_interface/detail/projection_evaluators.h
-- Symlinking: /home/zac/franka_ws/install/moveit_planners_ompl/include/moveit/ompl_interface/detail/state_validity_checker.h
-- Symlinking: /home/zac/franka_ws/install/moveit_planners_ompl/include/moveit/ompl_interface/detail/threadsafe_state_storage.h
-- Symlinking: /home/zac/franka_ws/install/moveit_planners_ompl/include/moveit/ompl_interface/model_based_planning_context.h
-- Symlinking: /home/zac/franka_ws/install/moveit_planners_ompl/include/moveit/ompl_interface/ompl_interface.h
-- Symlinking: /home/zac/franka_ws/install/moveit_planners_ompl/include/moveit/ompl_interface/parameterization/joint_space/constrained_planning_state_space.h
-- Symlinking: /home/zac/franka_ws/install/moveit_planners_ompl/include/moveit/ompl_interface/parameterization/joint_space/constrained_planning_state_space_factory.h
-- Symlinking: /home/zac/franka_ws/install/moveit_planners_ompl/include/moveit/ompl_interface/parameterization/joint_space/joint_model_state_space.h
-- Symlinking: /home/zac/franka_ws/install/moveit_planners_ompl/include/moveit/ompl_interface/parameterization/joint_space/joint_model_state_space_factory.h
-- Symlinking: /home/zac/franka_ws/install/moveit_planners_ompl/include/moveit/ompl_interface/parameterization/model_based_state_space.h
-- Symlinking: /home/zac/franka_ws/install/moveit_planners_ompl/include/moveit/ompl_interface/parameterization/model_based_state_space_factory.h
-- Symlinking: /home/zac/franka_ws/install/moveit_planners_ompl/include/moveit/ompl_interface/parameterization/work_space/pose_model_state_space.h
-- Symlinking: /home/zac/franka_ws/install/moveit_planners_ompl/include/moveit/ompl_interface/parameterization/work_space/pose_model_state_space_factory.h
-- Symlinking: /home/zac/franka_ws/install/moveit_planners_ompl/include/moveit/ompl_interface/planning_context_manager.h
-- Symlinking: /home/zac/franka_ws/install/moveit_planners_ompl/share/moveit_planners_ompl/environment/library_path.sh
-- Symlinking: /home/zac/franka_ws/install/moveit_planners_ompl/share/moveit_planners_ompl/environment/library_path.dsv
-- Symlinking: /home/zac/franka_ws/install/moveit_planners_ompl/share/moveit_planners_ompl//ompl_interface_plugin_description.xml
-- Symlinking: /home/zac/franka_ws/install/moveit_planners_ompl/share/ament_index/resource_index/package_run_dependencies/moveit_planners_ompl
-- Symlinking: /home/zac/franka_ws/install/moveit_planners_ompl/share/ament_index/resource_index/parent_prefix_path/moveit_planners_ompl
-- Symlinking: /home/zac/franka_ws/install/moveit_planners_ompl/share/moveit_planners_ompl/environment/ament_prefix_path.sh
-- Symlinking: /home/zac/franka_ws/install/moveit_planners_ompl/share/moveit_planners_ompl/environment/ament_prefix_path.dsv
-- Symlinking: /home/zac/franka_ws/install/moveit_planners_ompl/share/moveit_planners_ompl/environment/path.sh
-- Symlinking: /home/zac/franka_ws/install/moveit_planners_ompl/share/moveit_planners_ompl/environment/path.dsv
-- Symlinking: /home/zac/franka_ws/install/moveit_planners_ompl/share/moveit_planners_ompl/local_setup.bash
-- Symlinking: /home/zac/franka_ws/install/moveit_planners_ompl/share/moveit_planners_ompl/local_setup.sh
-- Symlinking: /home/zac/franka_ws/install/moveit_planners_ompl/share/moveit_planners_ompl/local_setup.zsh
-- Symlinking: /home/zac/franka_ws/install/moveit_planners_ompl/share/moveit_planners_ompl/local_setup.dsv
-- Symlinking: /home/zac/franka_ws/install/moveit_planners_ompl/share/moveit_planners_ompl/package.dsv
-- Symlinking: /home/zac/franka_ws/install/moveit_planners_ompl/share/ament_index/resource_index/packages/moveit_planners_ompl
-- Symlinking: /home/zac/franka_ws/install/moveit_planners_ompl/share/ament_index/resource_index/moveit_core__pluginlib__plugin/moveit_planners_ompl
-- Symlinking: /home/zac/franka_ws/install/moveit_planners_ompl/share/moveit_planners_ompl/cmake/ament_cmake_export_targets-extras.cmake
-- Symlinking: /home/zac/franka_ws/install/moveit_planners_ompl/share/moveit_planners_ompl/cmake/ament_cmake_export_dependencies-extras.cmake
-- Symlinking: /home/zac/franka_ws/install/moveit_planners_ompl/share/moveit_planners_ompl/cmake/moveit_planners_omplConfig.cmake
-- Symlinking: /home/zac/franka_ws/install/moveit_planners_ompl/share/moveit_planners_ompl/cmake/moveit_planners_omplConfig-version.cmake
-- Symlinking: /home/zac/franka_ws/install/moveit_planners_ompl/share/moveit_planners_ompl/package.xml
-- Up-to-date: /home/zac/franka_ws/install/moveit_planners_ompl/lib/libmoveit_ompl_interface.so.2.5.5
-- Up-to-date: /home/zac/franka_ws/install/moveit_planners_ompl/lib/libmoveit_ompl_interface.so
-- Up-to-date: /home/zac/franka_ws/install/moveit_planners_ompl/lib/libmoveit_ompl_planner_plugin.so.2.5.5
-- Up-to-date: /home/zac/franka_ws/install/moveit_planners_ompl/lib/libmoveit_ompl_planner_plugin.so
-- Up-to-date: /home/zac/franka_ws/install/moveit_planners_ompl/share/moveit_planners_ompl/cmake/export_moveit_planners_omplExport.cmake
-- Up-to-date: /home/zac/franka_ws/install/moveit_planners_ompl/share/moveit_planners_ompl/cmake/export_moveit_planners_omplExport-release.cmake
