[0.091s] Invoking command in '/home/zac/franka_ws/build/moveit_planners_ompl': AMENT_PREFIX_PATH=/home/zac/franka_ws/install/moveit_ros_planning:/home/zac/franka_ws/install/moveit_ros_occupancy_map_monitor:/home/zac/franka_ws/install/moveit_core:/home/zac/franka_ws/install/moveit_common:${AMENT_PREFIX_PATH} CMAKE_PREFIX_PATH=/home/zac/franka_ws/install/moveit_ros_planning:/home/zac/franka_ws/install/moveit_ros_occupancy_map_monitor:/home/zac/franka_ws/install/moveit_core:/home/zac/franka_ws/install/moveit_common:/opt/ros/humble LD_LIBRARY_PATH=/home/zac/franka_ws/install/moveit_ros_planning/lib:/home/zac/franka_ws/install/moveit_ros_occupancy_map_monitor/lib:/home/zac/franka_ws/install/moveit_core/lib:${LD_LIBRARY_PATH} PATH=/home/zac/franka_ws/install/moveit_core/bin:${PATH} /usr/bin/cmake /home/zac/franka_ws/src/moveit2/moveit_planners/ompl -DAMENT_CMAKE_SYMLINK_INSTALL=1 -DCMAKE_INSTALL_PREFIX=/home/zac/franka_ws/install/moveit_planners_ompl
[0.128s] -- Found moveit_common: 2.5.5 (/home/zac/franka_ws/install/moveit_common/share/moveit_common/cmake)
[0.129s] -- Found ament_cmake: 1.3.10 (/opt/ros/humble/share/ament_cmake/cmake)
[0.494s] -- Override CMake install command with custom implementation using symlinks instead of copying resources
[0.765s] [0mmoveit_planners_ompl: You did not request a specific build type: Choosing 'Release' for maximum performance[0m
[0.795s] -- Found Boost: /usr/lib/x86_64-linux-gnu/cmake/Boost-1.74.0/BoostConfig.cmake (found version "1.74.0") found components: system filesystem date_time thread serialization 
[0.799s] -- Found moveit_core: 2.5.5 (/home/zac/franka_ws/install/moveit_core/share/moveit_core/cmake)
[0.823s] -- Found Boost: /usr/lib/x86_64-linux-gnu/cmake/Boost-1.74.0/BoostConfig.cmake (found version "1.74.0") found components: chrono date_time filesystem iostreams program_options regex serialization system thread 
[0.900s] -- Found parameter_traits: 0.3.8 (/opt/ros/humble/share/parameter_traits/cmake)
[0.956s] -- Found rosidl_generator_c: 3.1.5 (/opt/ros/humble/share/rosidl_generator_c/cmake)
[0.963s] -- Found rosidl_adapter: 3.1.5 (/opt/ros/humble/share/rosidl_adapter/cmake)
[0.978s] -- Found rosidl_generator_cpp: 3.1.5 (/opt/ros/humble/share/rosidl_generator_cpp/cmake)
[1.003s] -- Using all available rosidl_typesupport_c: rosidl_typesupport_fastrtps_c;rosidl_typesupport_introspection_c
[1.035s] -- Using all available rosidl_typesupport_cpp: rosidl_typesupport_fastrtps_cpp;rosidl_typesupport_introspection_cpp
[1.119s] -- Found rmw_implementation_cmake: 6.1.2 (/opt/ros/humble/share/rmw_implementation_cmake/cmake)
[1.123s] -- Found rmw_fastrtps_cpp: 6.2.7 (/opt/ros/humble/share/rmw_fastrtps_cpp/cmake)
[1.460s] -- Using RMW implementation 'rmw_fastrtps_cpp' as default
[1.730s] -- Found rclcpp_lifecycle: 16.0.10 (/opt/ros/humble/share/rclcpp_lifecycle/cmake)
[1.820s] -- Found Boost: /usr/lib/x86_64-linux-gnu/cmake/Boost-1.74.0/BoostConfig.cmake (found version "1.74.0") found components: filesystem 
[2.054s] -- library: /usr/lib/x86_64-linux-gnu/libcurl.so
[2.233s] -- Ensuring Eigen3 include directory is part of orocos-kdl CMake target
[2.839s] -- Found moveit_ros_planning: 2.5.5 (/home/zac/franka_ws/install/moveit_ros_planning/share/moveit_ros_planning/cmake)
[2.850s] -- Found Boost: /usr/lib/x86_64-linux-gnu/cmake/Boost-1.74.0/BoostConfig.cmake (found version "1.74.0") found components: system filesystem date_time program_options thread chrono 
[2.964s] -- Found ament_cmake_gtest: 1.3.10 (/opt/ros/humble/share/ament_cmake_gtest/cmake)
[2.969s] -- Found gtest sources under '/opt/ros/humble/src/gtest_vendor': C++ tests using 'Google Test' will be built
[3.055s] -- Found ament_lint_auto: 0.12.11 (/opt/ros/humble/share/ament_lint_auto/cmake)
[3.139s] -- Added test 'cppcheck' to perform static code analysis on C / C++ code
[3.139s] -- Configured cppcheck include dirs: /home/zac/franka_ws/src/moveit2/moveit_planners/ompl/ompl_interface/include
[3.140s] -- Configured cppcheck exclude dirs and/or files: 
[3.147s] -- Added test 'lint_cmake' to check CMake code style
[3.152s] -- Added test 'xmllint' to check XML markup files
[3.158s] -- Configuring done
[3.905s] -- Generating done
[3.916s] -- Build files have been written to: /home/zac/franka_ws/build/moveit_planners_ompl
[3.962s] Invoked command in '/home/zac/franka_ws/build/moveit_planners_ompl' returned '0': AMENT_PREFIX_PATH=/home/zac/franka_ws/install/moveit_ros_planning:/home/zac/franka_ws/install/moveit_ros_occupancy_map_monitor:/home/zac/franka_ws/install/moveit_core:/home/zac/franka_ws/install/moveit_common:${AMENT_PREFIX_PATH} CMAKE_PREFIX_PATH=/home/zac/franka_ws/install/moveit_ros_planning:/home/zac/franka_ws/install/moveit_ros_occupancy_map_monitor:/home/zac/franka_ws/install/moveit_core:/home/zac/franka_ws/install/moveit_common:/opt/ros/humble LD_LIBRARY_PATH=/home/zac/franka_ws/install/moveit_ros_planning/lib:/home/zac/franka_ws/install/moveit_ros_occupancy_map_monitor/lib:/home/zac/franka_ws/install/moveit_core/lib:${LD_LIBRARY_PATH} PATH=/home/zac/franka_ws/install/moveit_core/bin:${PATH} /usr/bin/cmake /home/zac/franka_ws/src/moveit2/moveit_planners/ompl -DAMENT_CMAKE_SYMLINK_INSTALL=1 -DCMAKE_INSTALL_PREFIX=/home/zac/franka_ws/install/moveit_planners_ompl
[3.972s] Invoking command in '/home/zac/franka_ws/build/moveit_planners_ompl': AMENT_PREFIX_PATH=/home/zac/franka_ws/install/moveit_ros_planning:/home/zac/franka_ws/install/moveit_ros_occupancy_map_monitor:/home/zac/franka_ws/install/moveit_core:/home/zac/franka_ws/install/moveit_common:${AMENT_PREFIX_PATH} CMAKE_PREFIX_PATH=/home/zac/franka_ws/install/moveit_ros_planning:/home/zac/franka_ws/install/moveit_ros_occupancy_map_monitor:/home/zac/franka_ws/install/moveit_core:/home/zac/franka_ws/install/moveit_common:/opt/ros/humble LD_LIBRARY_PATH=/home/zac/franka_ws/install/moveit_ros_planning/lib:/home/zac/franka_ws/install/moveit_ros_occupancy_map_monitor/lib:/home/zac/franka_ws/install/moveit_core/lib:${LD_LIBRARY_PATH} PATH=/home/zac/franka_ws/install/moveit_core/bin:${PATH} /usr/bin/cmake --build /home/zac/franka_ws/build/moveit_planners_ompl -- -j8 -l8
[4.309s] [35m[1mConsolidate compiler generated dependencies of target gtest[0m
[4.318s] [35m[1mConsolidate compiler generated dependencies of target gtest_main[0m
[4.381s] [  4%] Built target gtest_main
[4.402s] [35m[1mConsolidate compiler generated dependencies of target moveit_ompl_interface[0m
[4.430s] [  9%] Built target gtest
[5.126s] [ 60%] Built target moveit_ompl_interface
[5.223s] [35m[1mConsolidate compiler generated dependencies of target moveit_generate_state_database[0m
[5.229s] [35m[1mConsolidate compiler generated dependencies of target test_planning_context_manager[0m
[5.241s] [35m[1mConsolidate compiler generated dependencies of target test_constrained_planning_state_space[0m
[5.262s] [35m[1mConsolidate compiler generated dependencies of target moveit_ompl_planner_plugin[0m
[5.266s] [35m[1mConsolidate compiler generated dependencies of target test_state_validity_checker[0m
[5.327s] [35m[1mConsolidate compiler generated dependencies of target test_state_space[0m
[5.789s] [ 65%] Built target test_state_space
[5.847s] [ 70%] Built target moveit_ompl_planner_plugin
[5.851s] [35m[1mConsolidate compiler generated dependencies of target test_constrained_state_validity_checker[0m
[5.868s] [ 75%] Built target test_state_validity_checker
[5.938s] [ 80%] Built target test_constrained_planning_state_space
[5.948s] [35m[1mConsolidate compiler generated dependencies of target test_threadsafe_state_storage[0m
[5.975s] [ 85%] Built target test_planning_context_manager
[6.035s] [ 87%] [32m[1mLinking CXX executable generate_state_database[0m
[6.053s] [ 92%] Built target test_constrained_state_validity_checker
[6.161s] [ 97%] Built target test_threadsafe_state_storage
[7.117s] [100%] Built target moveit_generate_state_database
[7.135s] Invoked command in '/home/zac/franka_ws/build/moveit_planners_ompl' returned '0': AMENT_PREFIX_PATH=/home/zac/franka_ws/install/moveit_ros_planning:/home/zac/franka_ws/install/moveit_ros_occupancy_map_monitor:/home/zac/franka_ws/install/moveit_core:/home/zac/franka_ws/install/moveit_common:${AMENT_PREFIX_PATH} CMAKE_PREFIX_PATH=/home/zac/franka_ws/install/moveit_ros_planning:/home/zac/franka_ws/install/moveit_ros_occupancy_map_monitor:/home/zac/franka_ws/install/moveit_core:/home/zac/franka_ws/install/moveit_common:/opt/ros/humble LD_LIBRARY_PATH=/home/zac/franka_ws/install/moveit_ros_planning/lib:/home/zac/franka_ws/install/moveit_ros_occupancy_map_monitor/lib:/home/zac/franka_ws/install/moveit_core/lib:${LD_LIBRARY_PATH} PATH=/home/zac/franka_ws/install/moveit_core/bin:${PATH} /usr/bin/cmake --build /home/zac/franka_ws/build/moveit_planners_ompl -- -j8 -l8
[7.183s] Invoking command in '/home/zac/franka_ws/build/moveit_planners_ompl': AMENT_PREFIX_PATH=/home/zac/franka_ws/install/moveit_ros_planning:/home/zac/franka_ws/install/moveit_ros_occupancy_map_monitor:/home/zac/franka_ws/install/moveit_core:/home/zac/franka_ws/install/moveit_common:${AMENT_PREFIX_PATH} CMAKE_PREFIX_PATH=/home/zac/franka_ws/install/moveit_ros_planning:/home/zac/franka_ws/install/moveit_ros_occupancy_map_monitor:/home/zac/franka_ws/install/moveit_core:/home/zac/franka_ws/install/moveit_common:/opt/ros/humble LD_LIBRARY_PATH=/home/zac/franka_ws/install/moveit_ros_planning/lib:/home/zac/franka_ws/install/moveit_ros_occupancy_map_monitor/lib:/home/zac/franka_ws/install/moveit_core/lib:${LD_LIBRARY_PATH} PATH=/home/zac/franka_ws/install/moveit_core/bin:${PATH} /usr/bin/cmake --install /home/zac/franka_ws/build/moveit_planners_ompl
[7.196s] -- Install configuration: "Release"
[7.197s] -- Execute custom install script
[7.197s] -- Symlinking: /home/zac/franka_ws/install/moveit_planners_ompl/lib/moveit_planners_ompl/generate_state_database
[7.214s] -- Symlinking: /home/zac/franka_ws/install/moveit_planners_ompl/include/moveit/ompl_interface/detail/constrained_goal_sampler.h
[7.228s] -- Symlinking: /home/zac/franka_ws/install/moveit_planners_ompl/include/moveit/ompl_interface/detail/constrained_sampler.h
[7.241s] -- Symlinking: /home/zac/franka_ws/install/moveit_planners_ompl/include/moveit/ompl_interface/detail/constrained_valid_state_sampler.h
[7.255s] -- Symlinking: /home/zac/franka_ws/install/moveit_planners_ompl/include/moveit/ompl_interface/detail/constraint_approximations.h
[7.271s] -- Symlinking: /home/zac/franka_ws/install/moveit_planners_ompl/include/moveit/ompl_interface/detail/constraints_library.h
[7.285s] -- Symlinking: /home/zac/franka_ws/install/moveit_planners_ompl/include/moveit/ompl_interface/detail/goal_union.h
[7.301s] -- Symlinking: /home/zac/franka_ws/install/moveit_planners_ompl/include/moveit/ompl_interface/detail/ompl_constraints.h
[7.315s] -- Symlinking: /home/zac/franka_ws/install/moveit_planners_ompl/include/moveit/ompl_interface/detail/projection_evaluators.h
[7.328s] -- Symlinking: /home/zac/franka_ws/install/moveit_planners_ompl/include/moveit/ompl_interface/detail/state_validity_checker.h
[7.342s] -- Symlinking: /home/zac/franka_ws/install/moveit_planners_ompl/include/moveit/ompl_interface/detail/threadsafe_state_storage.h
[7.355s] -- Symlinking: /home/zac/franka_ws/install/moveit_planners_ompl/include/moveit/ompl_interface/model_based_planning_context.h
[7.368s] -- Symlinking: /home/zac/franka_ws/install/moveit_planners_ompl/include/moveit/ompl_interface/ompl_interface.h
[7.381s] -- Symlinking: /home/zac/franka_ws/install/moveit_planners_ompl/include/moveit/ompl_interface/parameterization/joint_space/constrained_planning_state_space.h
[7.395s] -- Symlinking: /home/zac/franka_ws/install/moveit_planners_ompl/include/moveit/ompl_interface/parameterization/joint_space/constrained_planning_state_space_factory.h
[7.410s] -- Symlinking: /home/zac/franka_ws/install/moveit_planners_ompl/include/moveit/ompl_interface/parameterization/joint_space/joint_model_state_space.h
[7.424s] -- Symlinking: /home/zac/franka_ws/install/moveit_planners_ompl/include/moveit/ompl_interface/parameterization/joint_space/joint_model_state_space_factory.h
[7.436s] -- Symlinking: /home/zac/franka_ws/install/moveit_planners_ompl/include/moveit/ompl_interface/parameterization/model_based_state_space.h
[7.450s] -- Symlinking: /home/zac/franka_ws/install/moveit_planners_ompl/include/moveit/ompl_interface/parameterization/model_based_state_space_factory.h
[7.462s] -- Symlinking: /home/zac/franka_ws/install/moveit_planners_ompl/include/moveit/ompl_interface/parameterization/work_space/pose_model_state_space.h
[7.476s] -- Symlinking: /home/zac/franka_ws/install/moveit_planners_ompl/include/moveit/ompl_interface/parameterization/work_space/pose_model_state_space_factory.h
[7.489s] -- Symlinking: /home/zac/franka_ws/install/moveit_planners_ompl/include/moveit/ompl_interface/planning_context_manager.h
[7.503s] -- Symlinking: /home/zac/franka_ws/install/moveit_planners_ompl/share/moveit_planners_ompl/environment/library_path.sh
[7.518s] -- Symlinking: /home/zac/franka_ws/install/moveit_planners_ompl/share/moveit_planners_ompl/environment/library_path.dsv
[7.531s] -- Symlinking: /home/zac/franka_ws/install/moveit_planners_ompl/share/moveit_planners_ompl//ompl_interface_plugin_description.xml
[7.545s] -- Symlinking: /home/zac/franka_ws/install/moveit_planners_ompl/share/ament_index/resource_index/package_run_dependencies/moveit_planners_ompl
[7.559s] -- Symlinking: /home/zac/franka_ws/install/moveit_planners_ompl/share/ament_index/resource_index/parent_prefix_path/moveit_planners_ompl
[7.578s] -- Symlinking: /home/zac/franka_ws/install/moveit_planners_ompl/share/moveit_planners_ompl/environment/ament_prefix_path.sh
[7.592s] -- Symlinking: /home/zac/franka_ws/install/moveit_planners_ompl/share/moveit_planners_ompl/environment/ament_prefix_path.dsv
[7.608s] -- Symlinking: /home/zac/franka_ws/install/moveit_planners_ompl/share/moveit_planners_ompl/environment/path.sh
[7.624s] -- Symlinking: /home/zac/franka_ws/install/moveit_planners_ompl/share/moveit_planners_ompl/environment/path.dsv
[7.639s] -- Symlinking: /home/zac/franka_ws/install/moveit_planners_ompl/share/moveit_planners_ompl/local_setup.bash
[7.652s] -- Symlinking: /home/zac/franka_ws/install/moveit_planners_ompl/share/moveit_planners_ompl/local_setup.sh
[7.665s] -- Symlinking: /home/zac/franka_ws/install/moveit_planners_ompl/share/moveit_planners_ompl/local_setup.zsh
[7.679s] -- Symlinking: /home/zac/franka_ws/install/moveit_planners_ompl/share/moveit_planners_ompl/local_setup.dsv
[7.693s] -- Symlinking: /home/zac/franka_ws/install/moveit_planners_ompl/share/moveit_planners_ompl/package.dsv
[7.709s] -- Symlinking: /home/zac/franka_ws/install/moveit_planners_ompl/share/ament_index/resource_index/packages/moveit_planners_ompl
[7.722s] -- Symlinking: /home/zac/franka_ws/install/moveit_planners_ompl/share/ament_index/resource_index/moveit_core__pluginlib__plugin/moveit_planners_ompl
[7.740s] -- Symlinking: /home/zac/franka_ws/install/moveit_planners_ompl/share/moveit_planners_ompl/cmake/ament_cmake_export_targets-extras.cmake
[7.753s] -- Symlinking: /home/zac/franka_ws/install/moveit_planners_ompl/share/moveit_planners_ompl/cmake/ament_cmake_export_dependencies-extras.cmake
[7.767s] -- Symlinking: /home/zac/franka_ws/install/moveit_planners_ompl/share/moveit_planners_ompl/cmake/moveit_planners_omplConfig.cmake
[7.780s] -- Symlinking: /home/zac/franka_ws/install/moveit_planners_ompl/share/moveit_planners_ompl/cmake/moveit_planners_omplConfig-version.cmake
[7.793s] -- Symlinking: /home/zac/franka_ws/install/moveit_planners_ompl/share/moveit_planners_ompl/package.xml
[7.809s] -- Up-to-date: /home/zac/franka_ws/install/moveit_planners_ompl/lib/libmoveit_ompl_interface.so.2.5.5
[7.809s] -- Up-to-date: /home/zac/franka_ws/install/moveit_planners_ompl/lib/libmoveit_ompl_interface.so
[7.811s] -- Up-to-date: /home/zac/franka_ws/install/moveit_planners_ompl/lib/libmoveit_ompl_planner_plugin.so.2.5.5
[7.811s] -- Up-to-date: /home/zac/franka_ws/install/moveit_planners_ompl/lib/libmoveit_ompl_planner_plugin.so
[7.812s] -- Up-to-date: /home/zac/franka_ws/install/moveit_planners_ompl/share/moveit_planners_ompl/cmake/export_moveit_planners_omplExport.cmake
[7.812s] -- Up-to-date: /home/zac/franka_ws/install/moveit_planners_ompl/share/moveit_planners_ompl/cmake/export_moveit_planners_omplExport-release.cmake
[7.817s] Invoked command in '/home/zac/franka_ws/build/moveit_planners_ompl' returned '0': AMENT_PREFIX_PATH=/home/zac/franka_ws/install/moveit_ros_planning:/home/zac/franka_ws/install/moveit_ros_occupancy_map_monitor:/home/zac/franka_ws/install/moveit_core:/home/zac/franka_ws/install/moveit_common:${AMENT_PREFIX_PATH} CMAKE_PREFIX_PATH=/home/zac/franka_ws/install/moveit_ros_planning:/home/zac/franka_ws/install/moveit_ros_occupancy_map_monitor:/home/zac/franka_ws/install/moveit_core:/home/zac/franka_ws/install/moveit_common:/opt/ros/humble LD_LIBRARY_PATH=/home/zac/franka_ws/install/moveit_ros_planning/lib:/home/zac/franka_ws/install/moveit_ros_occupancy_map_monitor/lib:/home/zac/franka_ws/install/moveit_core/lib:${LD_LIBRARY_PATH} PATH=/home/zac/franka_ws/install/moveit_core/bin:${PATH} /usr/bin/cmake --install /home/zac/franka_ws/build/moveit_planners_ompl
