[0.022s] Invoking command in '/home/zac/franka_ws/build/franka_ign_ros2_control': AMENT_PREFIX_PATH=/home/zac/franka_ws/install/franka_hardware:/home/zac/franka_ws/install/franka_msgs:${AMENT_PREFIX_PATH} CMAKE_PREFIX_PATH=/home/zac/franka_ws/install/franka_hardware:/home/zac/franka_ws/install/franka_msgs:/opt/ros/humble LD_LIBRARY_PATH=/home/zac/franka_ws/install/franka_hardware/lib:/home/zac/franka_ws/install/franka_msgs/lib:${LD_LIBRARY_PATH} PYTHONPATH=/home/zac/franka_ws/install/franka_msgs/local/lib/python3.10/dist-packages:${PYTHONPATH} /usr/bin/cmake /home/zac/franka_ws/src/franka_ros2/franka_gazebo/franka_ign_ros2_control -DCMAKE_INSTALL_PREFIX=/home/zac/franka_ws/install/franka_ign_ros2_control
[0.040s] -- Found ament_cmake: 1.3.10 (/opt/ros/humble/share/ament_cmake/cmake)
[0.249s] -- Found ament_index_cpp: 1.4.0 (/opt/ros/humble/share/ament_index_cpp/cmake)
[0.250s] -- Found controller_manager: 2.42.0 (/opt/ros/humble/share/controller_manager/cmake)
[0.307s] -- Found rosidl_generator_c: 3.1.5 (/opt/ros/humble/share/rosidl_generator_c/cmake)
[0.312s] -- Found rosidl_adapter: 3.1.5 (/opt/ros/humble/share/rosidl_adapter/cmake)
[0.322s] -- Found rosidl_generator_cpp: 3.1.5 (/opt/ros/humble/share/rosidl_generator_cpp/cmake)
[0.341s] -- Using all available rosidl_typesupport_c: rosidl_typesupport_fastrtps_c;rosidl_typesupport_introspection_c
[0.367s] -- Using all available rosidl_typesupport_cpp: rosidl_typesupport_fastrtps_cpp;rosidl_typesupport_introspection_cpp
[0.688s] -- Found rmw_implementation_cmake: 6.1.2 (/opt/ros/humble/share/rmw_implementation_cmake/cmake)
[0.690s] -- Found rmw_fastrtps_cpp: 6.2.7 (/opt/ros/humble/share/rmw_fastrtps_cpp/cmake)
[0.730s] -- Found TinyXML2 via Config file: TinyXML2_DIR-NOTFOUND
[0.746s] -- Found TinyXML2 via Config file: TinyXML2_DIR-NOTFOUND
[0.773s] -- Found TinyXML2 via Config file: TinyXML2_DIR-NOTFOUND
[0.786s] -- Found TinyXML2 via Config file: TinyXML2_DIR-NOTFOUND
[0.802s] -- Using RMW implementation 'rmw_fastrtps_cpp' as default
[0.986s] -- Found yaml_cpp_vendor: 8.0.2 (/opt/ros/humble/share/yaml_cpp_vendor/cmake)
[0.987s] -- Found franka_hardware: 0.1.15 (/home/zac/franka_ws/install/franka_hardware/share/franka_hardware/cmake)
[0.997s] -- Found urdf: 2.6.0 (/opt/ros/humble/share/urdf/cmake)
[1.009s] -- Found kdl_parser: 2.6.4 (/opt/ros/humble/share/kdl_parser/cmake)
[1.012s] -- Found eigen3_cmake_module: 0.1.1 (/opt/ros/humble/share/eigen3_cmake_module/cmake)
[1.015s] -- Ensuring Eigen3 include directory is part of orocos-kdl CMake target
[1.021s] -- Found tf2_geometry_msgs: 0.25.7 (/opt/ros/humble/share/tf2_geometry_msgs/cmake)
[1.128s] -- Found tf2_eigen: 0.25.7 (/opt/ros/humble/share/tf2_eigen/cmake)
[1.133s] -- Looking for ignition-gazebo6 -- found version 6.16.0
[1.140s] -- Searching for dependencies of ignition-gazebo6
[1.141s] -- Looking for sdformat12 -- found version 12.7.2
[1.142s] -- Searching for dependencies of sdformat12
[1.152s] -- Looking for ignition-math6 -- found version 6.15.1
[1.153s] -- Searching for dependencies of ignition-math6
[1.154s] -- Looking for ignition-utils1 -- found version 1.5.1
[1.155s] -- Searching for dependencies of ignition-utils1
[1.158s] -- Looking for ignition-plugin1 -- found version 1.4.0
[1.159s] -- Searching for dependencies of ignition-plugin1
[1.161s] -- Searching for <ignition-plugin1> component [loader]
[1.164s] -- Looking for ignition-plugin1-loader -- found version 1.4.0
[1.166s] -- Searching for dependencies of ignition-plugin1-loader
[1.166s] -- Searching for <ignition-plugin1> component [register]
[1.167s] -- Looking for ignition-plugin1-register -- found version 1.4.0
[1.168s] -- Searching for dependencies of ignition-plugin1-register
[1.169s] -- Looking for ignition-transport11 -- found version 11.4.1
[1.170s] -- Searching for dependencies of ignition-transport11
[1.222s] -- Config-file not installed for ZeroMQ -- checking for pkg-config
[1.231s] -- Checking for module 'libzmq >= 4'
[1.253s] --   Found libzmq , version 4.3.4
[1.324s] -- Checking for module 'uuid'
[1.344s] --   Found uuid, version 2.37.2
[1.403s] -- Looking for ignition-utils1 -- found version 1.5.1
[1.404s] -- Searching for dependencies of ignition-utils1
[1.404s] -- Searching for <ignition-utils1> component [cli]
[1.404s] -- Looking for ignition-utils1-cli -- found version 1.5.1
[1.405s] -- Searching for dependencies of ignition-utils1-cli
[1.407s] -- Looking for ignition-msgs8 -- found version 8.7.0
[1.408s] -- Searching for dependencies of ignition-msgs8
[1.441s] -- Found Protobuf: /usr/lib/x86_64-linux-gnu/libprotobuf.so (found suitable version "3.12.4", minimum required is "3") 
[1.443s] -- Looking for ignition-math6 -- found version 6.15.1
[1.457s] -- Searching for <ignition-transport11> component [log]
[1.457s] -- Looking for ignition-transport11-log -- found version 11.4.1
[1.458s] -- Searching for dependencies of ignition-transport11-log
[1.459s] -- Searching for <ignition-transport11> component [parameters]
[1.460s] -- Looking for ignition-transport11-parameters -- found version 11.4.1
[1.461s] -- Searching for dependencies of ignition-transport11-parameters
[1.462s] -- Looking for ignition-msgs8 -- found version 8.7.0
[1.463s] -- Looking for ignition-common4 -- found version 4.7.0
[1.464s] -- Searching for dependencies of ignition-common4
[1.464s] -- Looking for dlfcn.h - found
[1.464s] -- Looking for libdl - found
[1.479s] -- Searching for <ignition-common4> component [profiler]
[1.480s] -- Looking for ignition-common4-profiler -- found version 4.7.0
[1.481s] -- Searching for dependencies of ignition-common4-profiler
[1.483s] -- Searching for <ignition-common4> component [events]
[1.483s] -- Looking for ignition-common4-events -- found version 4.7.0
[1.484s] -- Searching for dependencies of ignition-common4-events
[1.485s] -- Looking for ignition-math6 -- found version 6.15.1
[1.486s] -- Searching for <ignition-common4> component [av]
[1.487s] -- Looking for ignition-common4-av -- found version 4.7.0
[1.488s] -- Searching for dependencies of ignition-common4-av
[1.495s] -- Checking for module 'libswscale'
[1.517s] --   Found libswscale, version 5.9.100
[1.581s] -- Checking for module 'libavdevice >= 56.4.100'
[1.601s] --   Found libavdevice , version 58.13.100
[1.669s] -- Checking for module 'libavformat'
[1.692s] --   Found libavformat, version 58.76.100
[1.753s] -- Checking for module 'libavcodec'
[1.774s] --   Found libavcodec, version 58.134.100
[1.836s] -- Checking for module 'libavutil'
[1.856s] --   Found libavutil, version 56.70.100
[1.916s] -- Looking for ignition-fuel_tools7 -- found version 7.3.0
[1.916s] -- Searching for dependencies of ignition-fuel_tools7
[1.998s] -- Checking for module 'jsoncpp'
[2.018s] --   Found jsoncpp, version 1.9.5
[2.082s] -- Checking for module 'libzip'
[2.103s] --   Found libzip, version 1.7.3
[2.158s] -- Looking for ignition-common4 -- found version 4.7.0
[2.159s] -- Looking for ignition-math6 -- found version 6.15.1
[2.160s] -- Looking for ignition-msgs8 -- found version 8.7.0
[2.162s] -- Looking for ignition-gui6 -- found version 6.8.0
[2.163s] -- Searching for dependencies of ignition-gui6
[2.206s] -- Looking for ignition-math6 -- found version 6.15.1
[2.206s] -- Looking for ignition-common4 -- found version 4.7.0
[2.207s] -- Looking for ignition-plugin1 -- found version 1.4.0
[2.208s] -- Looking for ignition-transport11 -- found version 11.4.1
[2.209s] -- Looking for ignition-rendering6 -- found version 6.6.3
[2.210s] -- Searching for dependencies of ignition-rendering6
[2.210s] -- Looking for ignition-math6 -- found version 6.15.1
[2.211s] -- Searching for dependencies of ignition-math6
[2.211s] -- Searching for <ignition-math6> component [eigen3]
[2.212s] -- Looking for ignition-math6-eigen3 -- found version 6.15.1
[2.213s] -- Searching for dependencies of ignition-math6-eigen3
[2.216s] -- Looking for ignition-common4 -- found version 4.7.0
[2.217s] -- Searching for dependencies of ignition-common4
[2.217s] -- Looking for dlfcn.h - found
[2.217s] -- Looking for libdl - found
[2.231s] -- Searching for <ignition-common4> component [graphics]
[2.232s] -- Looking for ignition-common4-graphics -- found version 4.7.0
[2.233s] -- Searching for dependencies of ignition-common4-graphics
[2.233s] -- Looking for ignition-math6 -- found version 6.15.1
[2.234s] -- Looking for ignition-utils1 -- found version 1.5.1
[2.235s] -- Searching for <ignition-common4> component [events]
[2.237s] -- Looking for ignition-plugin1 -- found version 1.4.0
[2.237s] -- Searching for dependencies of ignition-plugin1
[2.237s] -- Searching for <ignition-plugin1> component [all]
[2.238s] -- Looking for all libraries of ignition-plugin1 -- found version 1.4.0
[2.239s] -- Looking for ignition-plugin1 -- found version 1.4.0
[2.243s] -- Looking for ignition-msgs8 -- found version 8.7.0
[2.280s] -- Looking for ignition-physics5 -- found version 5.3.2
[2.281s] -- Searching for dependencies of ignition-physics5
[2.282s] -- Looking for ignition-math6 -- found version 6.15.1
[2.283s] -- Looking for ignition-plugin1 -- found version 1.4.0
[2.283s] -- Looking for ignition-utils1 -- found version 1.5.1
[2.286s] -- Searching for <ignition-physics5> component [heightmap]
[2.287s] -- Looking for ignition-physics5-heightmap -- found version 5.3.2
[2.288s] -- Searching for dependencies of ignition-physics5-heightmap
[2.288s] -- Looking for ignition-common4 -- found version 4.7.0
[2.289s] -- Searching for <ignition-physics5> component [mesh]
[2.290s] -- Looking for ignition-physics5-mesh -- found version 5.3.2
[2.291s] -- Searching for dependencies of ignition-physics5-mesh
[2.291s] -- Looking for ignition-common4 -- found version 4.7.0
[2.292s] -- Searching for <ignition-physics5> component [sdf]
[2.293s] -- Looking for ignition-physics5-sdf -- found version 5.3.2
[2.294s] -- Searching for dependencies of ignition-physics5-sdf
[2.294s] -- Looking for sdformat12 -- found version 12.7.2
[2.296s] -- Looking for ignition-sensors6 -- found version 6.8.0
[2.297s] -- Searching for dependencies of ignition-sensors6
[2.331s] -- Found Protobuf: /usr/lib/x86_64-linux-gnu/libprotobuf.so (found version "3.12.4") 
[2.332s] -- Looking for ignition-math6 -- found version 6.15.1
[2.333s] -- Looking for ignition-common4 -- found version 4.7.0
[2.334s] -- Looking for ignition-transport11 -- found version 11.4.1
[2.334s] -- Looking for ignition-rendering6 -- found version 6.6.3
[2.335s] -- Looking for ignition-msgs8 -- found version 8.7.0
[2.336s] -- Looking for sdformat12 -- found version 12.7.2
[2.337s] -- Searching for <ignition-sensors6> component [air_pressure]
[2.338s] -- Looking for ignition-sensors6-air_pressure -- found version 6.8.0
[2.339s] -- Searching for dependencies of ignition-sensors6-air_pressure
[2.340s] -- Searching for <ignition-sensors6> component [altimeter]
[2.340s] -- Looking for ignition-sensors6-altimeter -- found version 6.8.0
[2.341s] -- Searching for dependencies of ignition-sensors6-altimeter
[2.342s] -- Searching for <ignition-sensors6> component [imu]
[2.343s] -- Looking for ignition-sensors6-imu -- found version 6.8.0
[2.345s] -- Searching for dependencies of ignition-sensors6-imu
[2.346s] -- Searching for <ignition-sensors6> component [force_torque]
[2.347s] -- Looking for ignition-sensors6-force_torque -- found version 6.8.0
[2.348s] -- Searching for dependencies of ignition-sensors6-force_torque
[2.350s] -- Searching for <ignition-sensors6> component [logical_camera]
[2.350s] -- Looking for ignition-sensors6-logical_camera -- found version 6.8.0
[2.352s] -- Searching for dependencies of ignition-sensors6-logical_camera
[2.353s] -- Searching for <ignition-sensors6> component [magnetometer]
[2.354s] -- Looking for ignition-sensors6-magnetometer -- found version 6.8.0
[2.355s] -- Searching for dependencies of ignition-sensors6-magnetometer
[2.356s] -- Searching for <ignition-sensors6> component [navsat]
[2.357s] -- Looking for ignition-sensors6-navsat -- found version 6.8.0
[2.358s] -- Searching for dependencies of ignition-sensors6-navsat
[2.359s] -- Searching for <ignition-sensors6> component [rendering]
[2.360s] -- Looking for ignition-sensors6-rendering -- found version 6.8.0
[2.361s] -- Searching for dependencies of ignition-sensors6-rendering
[2.362s] -- Searching for <ignition-sensors6> component [lidar]
[2.362s] -- Looking for ignition-sensors6-lidar -- found version 6.8.0
[2.363s] -- Searching for dependencies of ignition-sensors6-lidar
[2.364s] -- Looking for ignition-sensors6 -- found version 6.8.0
[2.365s] -- Searching for <ignition-sensors6> component [gpu_lidar]
[2.366s] -- Looking for ignition-sensors6-gpu_lidar -- found version 6.8.0
[2.367s] -- Searching for dependencies of ignition-sensors6-gpu_lidar
[2.368s] -- Looking for ignition-sensors6 -- found version 6.8.0
[2.369s] -- Searching for <ignition-sensors6> component [camera]
[2.370s] -- Looking for ignition-sensors6-camera -- found version 6.8.0
[2.370s] -- Searching for dependencies of ignition-sensors6-camera
[2.371s] -- Looking for ignition-sensors6 -- found version 6.8.0
[2.372s] -- Searching for <ignition-sensors6> component [boundingbox_camera]
[2.373s] -- Looking for ignition-sensors6-boundingbox_camera -- found version 6.8.0
[2.374s] -- Searching for dependencies of ignition-sensors6-boundingbox_camera
[2.377s] -- Searching for <ignition-sensors6> component [segmentation_camera]
[2.377s] -- Looking for ignition-sensors6-segmentation_camera -- found version 6.8.0
[2.378s] -- Searching for dependencies of ignition-sensors6-segmentation_camera
[2.379s] -- Searching for <ignition-sensors6> component [depth_camera]
[2.381s] -- Looking for ignition-sensors6-depth_camera -- found version 6.8.0
[2.382s] -- Searching for dependencies of ignition-sensors6-depth_camera
[2.383s] -- Looking for ignition-sensors6 -- found version 6.8.0
[2.384s] -- Searching for <ignition-sensors6> component [rgbd_camera]
[2.384s] -- Looking for ignition-sensors6-rgbd_camera -- found version 6.8.0
[2.385s] -- Searching for dependencies of ignition-sensors6-rgbd_camera
[2.386s] -- Looking for ignition-sensors6 -- found version 6.8.0
[2.387s] -- Searching for <ignition-sensors6> component [thermal_camera]
[2.388s] -- Looking for ignition-sensors6-thermal_camera -- found version 6.8.0
[2.389s] -- Searching for dependencies of ignition-sensors6-thermal_camera
[2.390s] -- Looking for ignition-sensors6 -- found version 6.8.0
[2.392s] -- Looking for ignition-rendering6 -- found version 6.6.3
[2.393s] -- Looking for ignition-math6 -- found version 6.15.1
[2.394s] -- Looking for ignition-utils1 -- found version 1.5.1
[2.430s] -- Compiling against Ignition Fortress
[2.431s] -- Looking for ignition-plugin1 -- found version 1.4.0
[2.505s] -- Found ament_lint_auto: 0.12.11 (/opt/ros/humble/share/ament_lint_auto/cmake)
[2.637s] -- Added test 'copyright' to check source files copyright and LICENSE
[2.642s] -- Added test 'cppcheck' to perform static code analysis on C / C++ code
[2.643s] -- Configured cppcheck include dirs: /home/zac/franka_ws/src/franka_ros2/franka_gazebo/franka_ign_ros2_control/include
[2.643s] -- Configured cppcheck exclude dirs and/or files: 
[2.645s] -- Added test 'cpplint' to check C / C++ code against the Google style
[2.645s] -- Configured cpplint exclude dirs and/or files: 
[2.646s] -- Added test 'lint_cmake' to check CMake code style
[2.648s] -- Added test 'uncrustify' to check C / C++ code style
[2.649s] -- Configured uncrustify additional arguments: 
[2.649s] -- Added test 'xmllint' to check XML markup files
[2.652s] -- Configuring done
[2.828s] -- Generating done
[2.835s] -- Build files have been written to: /home/zac/franka_ws/build/franka_ign_ros2_control
[2.863s] Invoked command in '/home/zac/franka_ws/build/franka_ign_ros2_control' returned '0': AMENT_PREFIX_PATH=/home/zac/franka_ws/install/franka_hardware:/home/zac/franka_ws/install/franka_msgs:${AMENT_PREFIX_PATH} CMAKE_PREFIX_PATH=/home/zac/franka_ws/install/franka_hardware:/home/zac/franka_ws/install/franka_msgs:/opt/ros/humble LD_LIBRARY_PATH=/home/zac/franka_ws/install/franka_hardware/lib:/home/zac/franka_ws/install/franka_msgs/lib:${LD_LIBRARY_PATH} PYTHONPATH=/home/zac/franka_ws/install/franka_msgs/local/lib/python3.10/dist-packages:${PYTHONPATH} /usr/bin/cmake /home/zac/franka_ws/src/franka_ros2/franka_gazebo/franka_ign_ros2_control -DCMAKE_INSTALL_PREFIX=/home/zac/franka_ws/install/franka_ign_ros2_control
[2.866s] Invoking command in '/home/zac/franka_ws/build/franka_ign_ros2_control': AMENT_PREFIX_PATH=/home/zac/franka_ws/install/franka_hardware:/home/zac/franka_ws/install/franka_msgs:${AMENT_PREFIX_PATH} CMAKE_PREFIX_PATH=/home/zac/franka_ws/install/franka_hardware:/home/zac/franka_ws/install/franka_msgs:/opt/ros/humble LD_LIBRARY_PATH=/home/zac/franka_ws/install/franka_hardware/lib:/home/zac/franka_ws/install/franka_msgs/lib:${LD_LIBRARY_PATH} PYTHONPATH=/home/zac/franka_ws/install/franka_msgs/local/lib/python3.10/dist-packages:${PYTHONPATH} /usr/bin/cmake --build /home/zac/franka_ws/build/franka_ign_ros2_control -- -j8 -l8
[2.936s] [35m[1mConsolidate compiler generated dependencies of target franka_ign_ros2_control-system[0m
[2.992s] [ 50%] Built target franka_ign_ros2_control-system
[3.009s] [35m[1mConsolidate compiler generated dependencies of target ign_hardware_plugins[0m
[3.056s] [100%] Built target ign_hardware_plugins
[3.076s] Invoked command in '/home/zac/franka_ws/build/franka_ign_ros2_control' returned '0': AMENT_PREFIX_PATH=/home/zac/franka_ws/install/franka_hardware:/home/zac/franka_ws/install/franka_msgs:${AMENT_PREFIX_PATH} CMAKE_PREFIX_PATH=/home/zac/franka_ws/install/franka_hardware:/home/zac/franka_ws/install/franka_msgs:/opt/ros/humble LD_LIBRARY_PATH=/home/zac/franka_ws/install/franka_hardware/lib:/home/zac/franka_ws/install/franka_msgs/lib:${LD_LIBRARY_PATH} PYTHONPATH=/home/zac/franka_ws/install/franka_msgs/local/lib/python3.10/dist-packages:${PYTHONPATH} /usr/bin/cmake --build /home/zac/franka_ws/build/franka_ign_ros2_control -- -j8 -l8
[3.121s] Invoking command in '/home/zac/franka_ws/build/franka_ign_ros2_control': AMENT_PREFIX_PATH=/home/zac/franka_ws/install/franka_hardware:/home/zac/franka_ws/install/franka_msgs:${AMENT_PREFIX_PATH} CMAKE_PREFIX_PATH=/home/zac/franka_ws/install/franka_hardware:/home/zac/franka_ws/install/franka_msgs:/opt/ros/humble LD_LIBRARY_PATH=/home/zac/franka_ws/install/franka_hardware/lib:/home/zac/franka_ws/install/franka_msgs/lib:${LD_LIBRARY_PATH} PYTHONPATH=/home/zac/franka_ws/install/franka_msgs/local/lib/python3.10/dist-packages:${PYTHONPATH} /usr/bin/cmake --install /home/zac/franka_ws/build/franka_ign_ros2_control
[3.131s] -- Install configuration: "Release"
[3.131s] -- Up-to-date: /home/zac/franka_ws/install/franka_ign_ros2_control/lib/libign_hardware_plugins.so
[3.131s] -- Up-to-date: /home/zac/franka_ws/install/franka_ign_ros2_control/include
[3.132s] -- Up-to-date: /home/zac/franka_ws/install/franka_ign_ros2_control/include/ign_ros2_control
[3.132s] -- Up-to-date: /home/zac/franka_ws/install/franka_ign_ros2_control/include/ign_ros2_control/model_kdl.h
[3.132s] -- Up-to-date: /home/zac/franka_ws/install/franka_ign_ros2_control/include/ign_ros2_control/ign_ros2_control_plugin.hpp
[3.132s] -- Up-to-date: /home/zac/franka_ws/install/franka_ign_ros2_control/include/ign_ros2_control/ign_system_interface.hpp
[3.132s] -- Up-to-date: /home/zac/franka_ws/install/franka_ign_ros2_control/include/ign_ros2_control/ign_system.hpp
[3.132s] -- Up-to-date: /home/zac/franka_ws/install/franka_ign_ros2_control/share/franka_ign_ros2_control/environment/library_path.sh
[3.133s] -- Installing: /home/zac/franka_ws/install/franka_ign_ros2_control/share/franka_ign_ros2_control/environment/library_path.dsv
[3.133s] -- Up-to-date: /home/zac/franka_ws/install/franka_ign_ros2_control/lib/libfranka_ign_ros2_control-system.so
[3.133s] -- Up-to-date: /home/zac/franka_ws/install/franka_ign_ros2_control/share/franka_ign_ros2_control/ign_hardware_plugins.xml
[3.133s] -- Up-to-date: /home/zac/franka_ws/install/franka_ign_ros2_control/share/ament_index/resource_index/package_run_dependencies/franka_ign_ros2_control
[3.133s] -- Up-to-date: /home/zac/franka_ws/install/franka_ign_ros2_control/share/ament_index/resource_index/parent_prefix_path/franka_ign_ros2_control
[3.134s] -- Up-to-date: /home/zac/franka_ws/install/franka_ign_ros2_control/share/franka_ign_ros2_control/environment/ament_prefix_path.sh
[3.134s] -- Installing: /home/zac/franka_ws/install/franka_ign_ros2_control/share/franka_ign_ros2_control/environment/ament_prefix_path.dsv
[3.134s] -- Up-to-date: /home/zac/franka_ws/install/franka_ign_ros2_control/share/franka_ign_ros2_control/environment/path.sh
[3.134s] -- Installing: /home/zac/franka_ws/install/franka_ign_ros2_control/share/franka_ign_ros2_control/environment/path.dsv
[3.134s] -- Up-to-date: /home/zac/franka_ws/install/franka_ign_ros2_control/share/franka_ign_ros2_control/local_setup.bash
[3.134s] -- Up-to-date: /home/zac/franka_ws/install/franka_ign_ros2_control/share/franka_ign_ros2_control/local_setup.sh
[3.135s] -- Up-to-date: /home/zac/franka_ws/install/franka_ign_ros2_control/share/franka_ign_ros2_control/local_setup.zsh
[3.135s] -- Installing: /home/zac/franka_ws/install/franka_ign_ros2_control/share/franka_ign_ros2_control/local_setup.dsv
[3.135s] -- Installing: /home/zac/franka_ws/install/franka_ign_ros2_control/share/franka_ign_ros2_control/package.dsv
[3.135s] -- Up-to-date: /home/zac/franka_ws/install/franka_ign_ros2_control/share/ament_index/resource_index/packages/franka_ign_ros2_control
[3.135s] -- Up-to-date: /home/zac/franka_ws/install/franka_ign_ros2_control/share/ament_index/resource_index/franka_ign_ros2_control__pluginlib__plugin/franka_ign_ros2_control
[3.135s] -- Up-to-date: /home/zac/franka_ws/install/franka_ign_ros2_control/share/franka_ign_ros2_control/cmake/ament_cmake_export_include_directories-extras.cmake
[3.136s] -- Up-to-date: /home/zac/franka_ws/install/franka_ign_ros2_control/share/franka_ign_ros2_control/cmake/ament_cmake_export_libraries-extras.cmake
[3.136s] -- Up-to-date: /home/zac/franka_ws/install/franka_ign_ros2_control/share/franka_ign_ros2_control/cmake/franka_ign_ros2_controlConfig.cmake
[3.136s] -- Up-to-date: /home/zac/franka_ws/install/franka_ign_ros2_control/share/franka_ign_ros2_control/cmake/franka_ign_ros2_controlConfig-version.cmake
[3.136s] -- Up-to-date: /home/zac/franka_ws/install/franka_ign_ros2_control/share/franka_ign_ros2_control/package.xml
[3.139s] Invoked command in '/home/zac/franka_ws/build/franka_ign_ros2_control' returned '0': AMENT_PREFIX_PATH=/home/zac/franka_ws/install/franka_hardware:/home/zac/franka_ws/install/franka_msgs:${AMENT_PREFIX_PATH} CMAKE_PREFIX_PATH=/home/zac/franka_ws/install/franka_hardware:/home/zac/franka_ws/install/franka_msgs:/opt/ros/humble LD_LIBRARY_PATH=/home/zac/franka_ws/install/franka_hardware/lib:/home/zac/franka_ws/install/franka_msgs/lib:${LD_LIBRARY_PATH} PYTHONPATH=/home/zac/franka_ws/install/franka_msgs/local/lib/python3.10/dist-packages:${PYTHONPATH} /usr/bin/cmake --install /home/zac/franka_ws/build/franka_ign_ros2_control
