[0.018s] Invoking command in '/home/zac/franka_ws/build/franka_fr3_moveit_config': AMENT_PREFIX_PATH=/home/zac/franka_ws/install/franka_hardware:/home/zac/franka_ws/install/franka_gripper:/home/zac/franka_ws/install/franka_msgs:/home/zac/franka_ws/install/franka_description:${AMENT_PREFIX_PATH} CMAKE_PREFIX_PATH=/home/zac/franka_ws/install/franka_hardware:/home/zac/franka_ws/install/franka_gripper:/home/zac/franka_ws/install/franka_msgs:/home/zac/franka_ws/install/franka_description:/opt/ros/humble LD_LIBRARY_PATH=/home/zac/franka_ws/install/franka_hardware/lib:/home/zac/franka_ws/install/franka_gripper/lib:/home/zac/franka_ws/install/franka_msgs/lib:${LD_LIBRARY_PATH} PYTHONPATH=/home/zac/franka_ws/install/franka_gripper/local/lib/python3.10/dist-packages:/home/zac/franka_ws/install/franka_msgs/local/lib/python3.10/dist-packages:${PYTHONPATH} /usr/bin/cmake /home/zac/franka_ws/src/franka_ros2/franka_fr3_moveit_config -DCMAKE_BUILD_TYPE=Release -DCMAKE_INSTALL_PREFIX=/home/zac/franka_ws/install/franka_fr3_moveit_config
[0.085s] -- The C compiler identification is GNU 11.4.0
[0.157s] -- The CXX compiler identification is GNU 11.4.0
[0.166s] -- Detecting C compiler ABI info
[0.248s] -- Detecting C compiler ABI info - done
[0.257s] -- Check for working C compiler: /usr/bin/cc - skipped
[0.257s] -- Detecting C compile features
[0.257s] -- Detecting C compile features - done
[0.261s] -- Detecting CXX compiler ABI info
[0.357s] -- Detecting CXX compiler ABI info - done
[0.366s] -- Check for working CXX compiler: /usr/bin/c++ - skipped
[0.367s] -- Detecting CXX compile features
[0.367s] -- Detecting CXX compile features - done
[0.372s] -- Found ament_cmake: 1.3.10 (/opt/ros/humble/share/ament_cmake/cmake)
[0.548s] -- Found Python3: /usr/bin/python3 (found version "3.10.12") found components: Interpreter 
[0.662s] -- Found ament_lint_auto: 0.12.11 (/opt/ros/humble/share/ament_lint_auto/cmake)
[1.251s] -- Added test 'copyright' to check source files copyright and LICENSE
[1.256s] -- Added test 'flake8' to check Python code syntax and style conventions
[1.257s] -- Added test 'lint_cmake' to check CMake code style
[1.259s] -- Added test 'pep257' to check Python code against some of the docstring style conventions in PEP 257
[1.261s] -- Added test 'xmllint' to check XML markup files
[1.263s] -- Configuring done
[1.269s] -- Generating done
[1.270s] -- Build files have been written to: /home/zac/franka_ws/build/franka_fr3_moveit_config
[1.277s] Invoked command in '/home/zac/franka_ws/build/franka_fr3_moveit_config' returned '0': AMENT_PREFIX_PATH=/home/zac/franka_ws/install/franka_hardware:/home/zac/franka_ws/install/franka_gripper:/home/zac/franka_ws/install/franka_msgs:/home/zac/franka_ws/install/franka_description:${AMENT_PREFIX_PATH} CMAKE_PREFIX_PATH=/home/zac/franka_ws/install/franka_hardware:/home/zac/franka_ws/install/franka_gripper:/home/zac/franka_ws/install/franka_msgs:/home/zac/franka_ws/install/franka_description:/opt/ros/humble LD_LIBRARY_PATH=/home/zac/franka_ws/install/franka_hardware/lib:/home/zac/franka_ws/install/franka_gripper/lib:/home/zac/franka_ws/install/franka_msgs/lib:${LD_LIBRARY_PATH} PYTHONPATH=/home/zac/franka_ws/install/franka_gripper/local/lib/python3.10/dist-packages:/home/zac/franka_ws/install/franka_msgs/local/lib/python3.10/dist-packages:${PYTHONPATH} /usr/bin/cmake /home/zac/franka_ws/src/franka_ros2/franka_fr3_moveit_config -DCMAKE_BUILD_TYPE=Release -DCMAKE_INSTALL_PREFIX=/home/zac/franka_ws/install/franka_fr3_moveit_config
[1.278s] Invoking command in '/home/zac/franka_ws/build/franka_fr3_moveit_config': AMENT_PREFIX_PATH=/home/zac/franka_ws/install/franka_hardware:/home/zac/franka_ws/install/franka_gripper:/home/zac/franka_ws/install/franka_msgs:/home/zac/franka_ws/install/franka_description:${AMENT_PREFIX_PATH} CMAKE_PREFIX_PATH=/home/zac/franka_ws/install/franka_hardware:/home/zac/franka_ws/install/franka_gripper:/home/zac/franka_ws/install/franka_msgs:/home/zac/franka_ws/install/franka_description:/opt/ros/humble LD_LIBRARY_PATH=/home/zac/franka_ws/install/franka_hardware/lib:/home/zac/franka_ws/install/franka_gripper/lib:/home/zac/franka_ws/install/franka_msgs/lib:${LD_LIBRARY_PATH} PYTHONPATH=/home/zac/franka_ws/install/franka_gripper/local/lib/python3.10/dist-packages:/home/zac/franka_ws/install/franka_msgs/local/lib/python3.10/dist-packages:${PYTHONPATH} /usr/bin/cmake --build /home/zac/franka_ws/build/franka_fr3_moveit_config -- -j8 -l8
[1.323s] Invoked command in '/home/zac/franka_ws/build/franka_fr3_moveit_config' returned '0': AMENT_PREFIX_PATH=/home/zac/franka_ws/install/franka_hardware:/home/zac/franka_ws/install/franka_gripper:/home/zac/franka_ws/install/franka_msgs:/home/zac/franka_ws/install/franka_description:${AMENT_PREFIX_PATH} CMAKE_PREFIX_PATH=/home/zac/franka_ws/install/franka_hardware:/home/zac/franka_ws/install/franka_gripper:/home/zac/franka_ws/install/franka_msgs:/home/zac/franka_ws/install/franka_description:/opt/ros/humble LD_LIBRARY_PATH=/home/zac/franka_ws/install/franka_hardware/lib:/home/zac/franka_ws/install/franka_gripper/lib:/home/zac/franka_ws/install/franka_msgs/lib:${LD_LIBRARY_PATH} PYTHONPATH=/home/zac/franka_ws/install/franka_gripper/local/lib/python3.10/dist-packages:/home/zac/franka_ws/install/franka_msgs/local/lib/python3.10/dist-packages:${PYTHONPATH} /usr/bin/cmake --build /home/zac/franka_ws/build/franka_fr3_moveit_config -- -j8 -l8
[1.351s] Invoking command in '/home/zac/franka_ws/build/franka_fr3_moveit_config': AMENT_PREFIX_PATH=/home/zac/franka_ws/install/franka_hardware:/home/zac/franka_ws/install/franka_gripper:/home/zac/franka_ws/install/franka_msgs:/home/zac/franka_ws/install/franka_description:${AMENT_PREFIX_PATH} CMAKE_PREFIX_PATH=/home/zac/franka_ws/install/franka_hardware:/home/zac/franka_ws/install/franka_gripper:/home/zac/franka_ws/install/franka_msgs:/home/zac/franka_ws/install/franka_description:/opt/ros/humble LD_LIBRARY_PATH=/home/zac/franka_ws/install/franka_hardware/lib:/home/zac/franka_ws/install/franka_gripper/lib:/home/zac/franka_ws/install/franka_msgs/lib:${LD_LIBRARY_PATH} PYTHONPATH=/home/zac/franka_ws/install/franka_gripper/local/lib/python3.10/dist-packages:/home/zac/franka_ws/install/franka_msgs/local/lib/python3.10/dist-packages:${PYTHONPATH} /usr/bin/cmake --install /home/zac/franka_ws/build/franka_fr3_moveit_config
[1.359s] -- Install configuration: "Release"
[1.360s] -- Installing: /home/zac/franka_ws/install/franka_fr3_moveit_config/share/franka_fr3_moveit_config/config
[1.360s] -- Installing: /home/zac/franka_ws/install/franka_fr3_moveit_config/share/franka_fr3_moveit_config/config/ompl_planning.yaml
[1.360s] -- Installing: /home/zac/franka_ws/install/franka_fr3_moveit_config/share/franka_fr3_moveit_config/config/fr3_controllers.yaml
[1.360s] -- Installing: /home/zac/franka_ws/install/franka_fr3_moveit_config/share/franka_fr3_moveit_config/config/kinematics.yaml
[1.360s] -- Installing: /home/zac/franka_ws/install/franka_fr3_moveit_config/share/franka_fr3_moveit_config/config/fr3_ros_controllers.yaml
[1.361s] -- Installing: /home/zac/franka_ws/install/franka_fr3_moveit_config/share/franka_fr3_moveit_config/launch
[1.361s] -- Installing: /home/zac/franka_ws/install/franka_fr3_moveit_config/share/franka_fr3_moveit_config/launch/moveit.launch.py
[1.361s] -- Installing: /home/zac/franka_ws/install/franka_fr3_moveit_config/share/franka_fr3_moveit_config/launch/move_group.launch.py
[1.361s] -- Installing: /home/zac/franka_ws/install/franka_fr3_moveit_config/share/franka_fr3_moveit_config/srdf
[1.361s] -- Installing: /home/zac/franka_ws/install/franka_fr3_moveit_config/share/franka_fr3_moveit_config/srdf/fr3_arm_hand.xacro
[1.362s] -- Installing: /home/zac/franka_ws/install/franka_fr3_moveit_config/share/franka_fr3_moveit_config/srdf/fr3_arm.srdf.xacro
[1.362s] -- Installing: /home/zac/franka_ws/install/franka_fr3_moveit_config/share/franka_fr3_moveit_config/srdf/group_definition.xacro
[1.362s] -- Installing: /home/zac/franka_ws/install/franka_fr3_moveit_config/share/franka_fr3_moveit_config/srdf/hand.xacro
[1.362s] -- Installing: /home/zac/franka_ws/install/franka_fr3_moveit_config/share/franka_fr3_moveit_config/srdf/fr3_arm.xacro
[1.363s] -- Installing: /home/zac/franka_ws/install/franka_fr3_moveit_config/share/franka_fr3_moveit_config/rviz
[1.363s] -- Installing: /home/zac/franka_ws/install/franka_fr3_moveit_config/share/franka_fr3_moveit_config/rviz/moveit.rviz
[1.363s] -- Installing: /home/zac/franka_ws/install/franka_fr3_moveit_config/share/ament_index/resource_index/package_run_dependencies/franka_fr3_moveit_config
[1.363s] -- Installing: /home/zac/franka_ws/install/franka_fr3_moveit_config/share/ament_index/resource_index/parent_prefix_path/franka_fr3_moveit_config
[1.364s] -- Installing: /home/zac/franka_ws/install/franka_fr3_moveit_config/share/franka_fr3_moveit_config/environment/ament_prefix_path.sh
[1.364s] -- Installing: /home/zac/franka_ws/install/franka_fr3_moveit_config/share/franka_fr3_moveit_config/environment/ament_prefix_path.dsv
[1.364s] -- Installing: /home/zac/franka_ws/install/franka_fr3_moveit_config/share/franka_fr3_moveit_config/environment/path.sh
[1.365s] -- Installing: /home/zac/franka_ws/install/franka_fr3_moveit_config/share/franka_fr3_moveit_config/environment/path.dsv
[1.365s] -- Installing: /home/zac/franka_ws/install/franka_fr3_moveit_config/share/franka_fr3_moveit_config/local_setup.bash
[1.365s] -- Installing: /home/zac/franka_ws/install/franka_fr3_moveit_config/share/franka_fr3_moveit_config/local_setup.sh
[1.365s] -- Installing: /home/zac/franka_ws/install/franka_fr3_moveit_config/share/franka_fr3_moveit_config/local_setup.zsh
[1.366s] -- Installing: /home/zac/franka_ws/install/franka_fr3_moveit_config/share/franka_fr3_moveit_config/local_setup.dsv
[1.366s] -- Installing: /home/zac/franka_ws/install/franka_fr3_moveit_config/share/franka_fr3_moveit_config/package.dsv
[1.366s] -- Installing: /home/zac/franka_ws/install/franka_fr3_moveit_config/share/ament_index/resource_index/packages/franka_fr3_moveit_config
[1.367s] -- Installing: /home/zac/franka_ws/install/franka_fr3_moveit_config/share/franka_fr3_moveit_config/cmake/franka_fr3_moveit_configConfig.cmake
[1.367s] -- Installing: /home/zac/franka_ws/install/franka_fr3_moveit_config/share/franka_fr3_moveit_config/cmake/franka_fr3_moveit_configConfig-version.cmake
[1.367s] -- Installing: /home/zac/franka_ws/install/franka_fr3_moveit_config/share/franka_fr3_moveit_config/package.xml
[1.370s] Invoked command in '/home/zac/franka_ws/build/franka_fr3_moveit_config' returned '0': AMENT_PREFIX_PATH=/home/zac/franka_ws/install/franka_hardware:/home/zac/franka_ws/install/franka_gripper:/home/zac/franka_ws/install/franka_msgs:/home/zac/franka_ws/install/franka_description:${AMENT_PREFIX_PATH} CMAKE_PREFIX_PATH=/home/zac/franka_ws/install/franka_hardware:/home/zac/franka_ws/install/franka_gripper:/home/zac/franka_ws/install/franka_msgs:/home/zac/franka_ws/install/franka_description:/opt/ros/humble LD_LIBRARY_PATH=/home/zac/franka_ws/install/franka_hardware/lib:/home/zac/franka_ws/install/franka_gripper/lib:/home/zac/franka_ws/install/franka_msgs/lib:${LD_LIBRARY_PATH} PYTHONPATH=/home/zac/franka_ws/install/franka_gripper/local/lib/python3.10/dist-packages:/home/zac/franka_ws/install/franka_msgs/local/lib/python3.10/dist-packages:${PYTHONPATH} /usr/bin/cmake --install /home/zac/franka_ws/build/franka_fr3_moveit_config
