[1.296s] Invoking command in '/home/zac/franka_ws/src/moveit2/moveit_configs_utils': PYTHONPATH=/home/zac/franka_ws/build/moveit_configs_utils/prefix_override:/usr/lib/python3/dist-packages/colcon_core/task/python/colcon_distutils_commands:/home/zac/franka_ws/install/moveit_configs_utils/lib/python3.10/site-packages:${PYTHONPATH} /usr/bin/python3 -W ignore:setup.py install is deprecated setup.py egg_info --egg-base ../../../build/moveit_configs_utils build --build-base /home/zac/franka_ws/build/moveit_configs_utils/build install --record /home/zac/franka_ws/build/moveit_configs_utils/install.log --single-version-externally-managed install_data
[1.728s] running egg_info
[1.729s] writing ../../../build/moveit_configs_utils/moveit_configs_utils.egg-info/PKG-INFO
[1.729s] writing dependency_links to ../../../build/moveit_configs_utils/moveit_configs_utils.egg-info/dependency_links.txt
[1.729s] writing entry points to ../../../build/moveit_configs_utils/moveit_configs_utils.egg-info/entry_points.txt
[1.729s] writing requirements to ../../../build/moveit_configs_utils/moveit_configs_utils.egg-info/requires.txt
[1.730s] writing top-level names to ../../../build/moveit_configs_utils/moveit_configs_utils.egg-info/top_level.txt
[1.733s] reading manifest file '../../../build/moveit_configs_utils/moveit_configs_utils.egg-info/SOURCES.txt'
[1.735s] writing manifest file '../../../build/moveit_configs_utils/moveit_configs_utils.egg-info/SOURCES.txt'
[1.735s] running build
[1.735s] running build_py
[1.737s] running install
[1.737s] running install_lib
[1.740s] running install_data
[1.740s] running install_egg_info
[1.743s] removing '/home/zac/franka_ws/install/moveit_configs_utils/lib/python3.10/site-packages/moveit_configs_utils-2.5.5-py3.10.egg-info' (and everything under it)
[1.743s] Copying ../../../build/moveit_configs_utils/moveit_configs_utils.egg-info to /home/zac/franka_ws/install/moveit_configs_utils/lib/python3.10/site-packages/moveit_configs_utils-2.5.5-py3.10.egg-info
[1.745s] running install_scripts
[1.779s] writing list of installed files to '/home/zac/franka_ws/build/moveit_configs_utils/install.log'
[1.820s] Invoked command in '/home/zac/franka_ws/src/moveit2/moveit_configs_utils' returned '0': PYTHONPATH=/home/zac/franka_ws/build/moveit_configs_utils/prefix_override:/usr/lib/python3/dist-packages/colcon_core/task/python/colcon_distutils_commands:/home/zac/franka_ws/install/moveit_configs_utils/lib/python3.10/site-packages:${PYTHONPATH} /usr/bin/python3 -W ignore:setup.py install is deprecated setup.py egg_info --egg-base ../../../build/moveit_configs_utils build --build-base /home/zac/franka_ws/build/moveit_configs_utils/build install --record /home/zac/franka_ws/build/moveit_configs_utils/install.log --single-version-externally-managed install_data
