[0.050s] Invoking command in '/home/zac/franka_ws/build/moveit_ros_move_group': AMENT_PREFIX_PATH=/home/zac/franka_ws/install/moveit_kinematics:/home/zac/franka_ws/install/moveit_ros_planning:/home/zac/franka_ws/install/moveit_ros_occupancy_map_monitor:/home/zac/franka_ws/install/moveit_core:/home/zac/franka_ws/install/moveit_configs_utils:/home/zac/franka_ws/install/moveit_resources_prbt_support:/home/zac/franka_ws/install/moveit_common:/home/zac/franka_ws/install/joint_trajectory_controller:/home/zac/franka_ws/install/integration_launch_testing:/home/zac/franka_ws/install/franka_bringup:/home/zac/franka_ws/install/franka_robot_state_broadcaster:/home/zac/franka_ws/install/franka_example_controllers:/home/zac/franka_ws/install/franka_semantic_components:/home/zac/franka_ws/install/franka_gazebo_bringup:/home/zac/franka_ws/install/franka_ign_ros2_control:/home/zac/franka_ws/install/franka_fr3_moveit_config:/home/zac/franka_ws/install/franka_hardware:/home/zac/franka_ws/install/franka_gripper:/home/zac/franka_ws/install/franka_msgs:/home/zac/franka_ws/install/franka_description:/opt/ros/humble CMAKE_PREFIX_PATH=/home/zac/franka_ws/install/moveit_kinematics:/home/zac/franka_ws/install/moveit_ros_planning:/home/zac/franka_ws/install/moveit_ros_occupancy_map_monitor:/home/zac/franka_ws/install/moveit_core:/home/zac/franka_ws/install/moveit_common:/home/zac/franka_ws/install/moveit_resources_prbt_support:/home/zac/franka_ws/install/joint_trajectory_controller:/home/zac/franka_ws/install/integration_launch_testing:/home/zac/franka_ws/install/franka_bringup:/home/zac/franka_ws/install/franka_robot_state_broadcaster:/home/zac/franka_ws/install/franka_example_controllers:/home/zac/franka_ws/install/franka_semantic_components:/home/zac/franka_ws/install/franka_gazebo_bringup:/home/zac/franka_ws/install/franka_ign_ros2_control:/home/zac/franka_ws/install/franka_fr3_moveit_config:/home/zac/franka_ws/install/franka_hardware:/home/zac/franka_ws/install/franka_gripper:/home/zac/franka_ws/install/franka_msgs:/home/zac/franka_ws/install/franka_description:/home/zac/franka_ws/install/moveit_configs_utils:/opt/ros/humble LD_LIBRARY_PATH=/home/zac/franka_ws/install/moveit_kinematics/lib:/home/zac/franka_ws/install/moveit_ros_planning/lib:/home/zac/franka_ws/install/moveit_ros_occupancy_map_monitor/lib:/home/zac/franka_ws/install/moveit_core/lib:${LD_LIBRARY_PATH} PATH=/home/zac/franka_ws/install/moveit_core/bin:${PATH} PYTHONPATH=/home/zac/franka_ws/install/moveit_configs_utils/lib/python3.10/site-packages:/home/zac/franka_ws/build/moveit_configs_utils:/opt/ros/humble/local/lib/python3.10/dist-packages:/home/zac/franka_ws/install/franka_gripper/local/lib/python3.10/dist-packages:/home/zac/franka_ws/install/franka_msgs/local/lib/python3.10/dist-packages:/opt/ros/humble/lib/python3.10/site-packages:/opt/ros/humble/local/lib/python3.10/dist-packages /usr/bin/cmake /home/zac/franka_ws/src/moveit2/moveit_ros/move_group -DCMAKE_INSTALL_PREFIX=/home/zac/franka_ws/install/moveit_ros_move_group
[0.189s] -- The C compiler identification is GNU 11.4.0
[0.305s] -- The CXX compiler identification is GNU 11.4.0
[0.319s] -- Detecting C compiler ABI info
[0.456s] -- Detecting C compiler ABI info - done
[0.473s] -- Check for working C compiler: /usr/bin/cc - skipped
[0.474s] -- Detecting C compile features
[0.475s] -- Detecting C compile features - done
[0.481s] -- Detecting CXX compiler ABI info
[0.640s] -- Detecting CXX compiler ABI info - done
[0.652s] -- Check for working CXX compiler: /usr/bin/c++ - skipped
[0.653s] -- Detecting CXX compile features
[0.654s] -- Detecting CXX compile features - done
[0.658s] -- Found moveit_common: 2.5.5 (/home/zac/franka_ws/install/moveit_common/share/moveit_common/cmake)
[0.672s] -- Found ament_cmake: 1.3.10 (/opt/ros/humble/share/ament_cmake/cmake)
[1.001s] -- Found Python3: /usr/bin/python3 (found version "3.10.12") found components: Interpreter 
[1.422s] [0mmoveit_ros_move_group: You did not request a specific build type: Choosing 'Release' for maximum performance[0m
[1.425s] -- Found moveit_core: 2.5.5 (/home/zac/franka_ws/install/moveit_core/share/moveit_core/cmake)
[1.903s] -- Found Boost: /usr/lib/x86_64-linux-gnu/cmake/Boost-1.74.0/BoostConfig.cmake (found version "1.74.0") found components: chrono date_time filesystem iostreams program_options regex serialization system thread 
[2.095s] -- Found parameter_traits: 0.3.8 (/opt/ros/humble/share/parameter_traits/cmake)
[2.228s] -- Found rosidl_generator_c: 3.1.5 (/opt/ros/humble/share/rosidl_generator_c/cmake)
[2.247s] -- Found rosidl_adapter: 3.1.5 (/opt/ros/humble/share/rosidl_adapter/cmake)
[2.276s] -- Found rosidl_generator_cpp: 3.1.5 (/opt/ros/humble/share/rosidl_generator_cpp/cmake)
[2.314s] -- Using all available rosidl_typesupport_c: rosidl_typesupport_fastrtps_c;rosidl_typesupport_introspection_c
[2.372s] -- Using all available rosidl_typesupport_cpp: rosidl_typesupport_fastrtps_cpp;rosidl_typesupport_introspection_cpp
[2.527s] -- Found rmw_implementation_cmake: 6.1.2 (/opt/ros/humble/share/rmw_implementation_cmake/cmake)
[2.538s] -- Found rmw_fastrtps_cpp: 6.2.7 (/opt/ros/humble/share/rmw_fastrtps_cpp/cmake)
[2.775s] -- Found OpenSSL: /usr/lib/x86_64-linux-gnu/libcrypto.so (found version "3.0.2")  
[2.829s] -- Found FastRTPS: /opt/ros/humble/include  
[2.930s] -- Using RMW implementation 'rmw_fastrtps_cpp' as default
[2.962s] -- Found Threads: TRUE  
[3.116s] -- Found Eigen3: TRUE (found version "3.4.0") 
[3.127s] -- Found rclcpp_lifecycle: 16.0.10 (/opt/ros/humble/share/rclcpp_lifecycle/cmake)
[3.194s] -- Found Boost: /usr/lib/x86_64-linux-gnu/cmake/Boost-1.74.0/BoostConfig.cmake (found version "1.74.0") found components: filesystem 
[3.494s] -- library: /usr/lib/x86_64-linux-gnu/libcurl.so
[3.668s] -- Ensuring Eigen3 include directory is part of orocos-kdl CMake target
[4.331s] -- Found moveit_ros_planning: 2.5.5 (/home/zac/franka_ws/install/moveit_ros_planning/share/moveit_ros_planning/cmake)
[4.340s] -- Found Boost: /usr/lib/x86_64-linux-gnu/cmake/Boost-1.74.0/BoostConfig.cmake (found version "1.74.0") found components: system filesystem date_time program_options thread chrono 
[4.388s] -- Found std_srvs: 4.2.4 (/opt/ros/humble/share/std_srvs/cmake)
[4.418s] -- Found Boost: /usr/lib/x86_64-linux-gnu/cmake/Boost-1.74.0/BoostConfig.cmake (found version "1.74.0") found components: system filesystem date_time program_options thread 
[4.520s] -- Found ament_lint_auto: 0.12.11 (/opt/ros/humble/share/ament_lint_auto/cmake)
[4.612s] -- Added test 'cppcheck' to perform static code analysis on C / C++ code
[4.615s] -- Configured cppcheck include dirs: /home/zac/franka_ws/src/moveit2/moveit_ros/move_group/include
[4.615s] -- Configured cppcheck exclude dirs and/or files: 
[4.619s] -- Added test 'lint_cmake' to check CMake code style
[4.623s] -- Added test 'pep257' to check Python code against some of the docstring style conventions in PEP 257
[4.627s] -- Added test 'xmllint' to check XML markup files
[4.635s] -- Configuring done
[4.896s] -- Generating done
[4.902s] -- Build files have been written to: /home/zac/franka_ws/build/moveit_ros_move_group
[4.934s] Invoked command in '/home/zac/franka_ws/build/moveit_ros_move_group' returned '0': AMENT_PREFIX_PATH=/home/zac/franka_ws/install/moveit_kinematics:/home/zac/franka_ws/install/moveit_ros_planning:/home/zac/franka_ws/install/moveit_ros_occupancy_map_monitor:/home/zac/franka_ws/install/moveit_core:/home/zac/franka_ws/install/moveit_configs_utils:/home/zac/franka_ws/install/moveit_resources_prbt_support:/home/zac/franka_ws/install/moveit_common:/home/zac/franka_ws/install/joint_trajectory_controller:/home/zac/franka_ws/install/integration_launch_testing:/home/zac/franka_ws/install/franka_bringup:/home/zac/franka_ws/install/franka_robot_state_broadcaster:/home/zac/franka_ws/install/franka_example_controllers:/home/zac/franka_ws/install/franka_semantic_components:/home/zac/franka_ws/install/franka_gazebo_bringup:/home/zac/franka_ws/install/franka_ign_ros2_control:/home/zac/franka_ws/install/franka_fr3_moveit_config:/home/zac/franka_ws/install/franka_hardware:/home/zac/franka_ws/install/franka_gripper:/home/zac/franka_ws/install/franka_msgs:/home/zac/franka_ws/install/franka_description:/opt/ros/humble CMAKE_PREFIX_PATH=/home/zac/franka_ws/install/moveit_kinematics:/home/zac/franka_ws/install/moveit_ros_planning:/home/zac/franka_ws/install/moveit_ros_occupancy_map_monitor:/home/zac/franka_ws/install/moveit_core:/home/zac/franka_ws/install/moveit_common:/home/zac/franka_ws/install/moveit_resources_prbt_support:/home/zac/franka_ws/install/joint_trajectory_controller:/home/zac/franka_ws/install/integration_launch_testing:/home/zac/franka_ws/install/franka_bringup:/home/zac/franka_ws/install/franka_robot_state_broadcaster:/home/zac/franka_ws/install/franka_example_controllers:/home/zac/franka_ws/install/franka_semantic_components:/home/zac/franka_ws/install/franka_gazebo_bringup:/home/zac/franka_ws/install/franka_ign_ros2_control:/home/zac/franka_ws/install/franka_fr3_moveit_config:/home/zac/franka_ws/install/franka_hardware:/home/zac/franka_ws/install/franka_gripper:/home/zac/franka_ws/install/franka_msgs:/home/zac/franka_ws/install/franka_description:/home/zac/franka_ws/install/moveit_configs_utils:/opt/ros/humble LD_LIBRARY_PATH=/home/zac/franka_ws/install/moveit_kinematics/lib:/home/zac/franka_ws/install/moveit_ros_planning/lib:/home/zac/franka_ws/install/moveit_ros_occupancy_map_monitor/lib:/home/zac/franka_ws/install/moveit_core/lib:${LD_LIBRARY_PATH} PATH=/home/zac/franka_ws/install/moveit_core/bin:${PATH} PYTHONPATH=/home/zac/franka_ws/install/moveit_configs_utils/lib/python3.10/site-packages:/home/zac/franka_ws/build/moveit_configs_utils:/opt/ros/humble/local/lib/python3.10/dist-packages:/home/zac/franka_ws/install/franka_gripper/local/lib/python3.10/dist-packages:/home/zac/franka_ws/install/franka_msgs/local/lib/python3.10/dist-packages:/opt/ros/humble/lib/python3.10/site-packages:/opt/ros/humble/local/lib/python3.10/dist-packages /usr/bin/cmake /home/zac/franka_ws/src/moveit2/moveit_ros/move_group -DCMAKE_INSTALL_PREFIX=/home/zac/franka_ws/install/moveit_ros_move_group
[4.937s] Invoking command in '/home/zac/franka_ws/build/moveit_ros_move_group': AMENT_PREFIX_PATH=/home/zac/franka_ws/install/moveit_kinematics:/home/zac/franka_ws/install/moveit_ros_planning:/home/zac/franka_ws/install/moveit_ros_occupancy_map_monitor:/home/zac/franka_ws/install/moveit_core:/home/zac/franka_ws/install/moveit_configs_utils:/home/zac/franka_ws/install/moveit_resources_prbt_support:/home/zac/franka_ws/install/moveit_common:/home/zac/franka_ws/install/joint_trajectory_controller:/home/zac/franka_ws/install/integration_launch_testing:/home/zac/franka_ws/install/franka_bringup:/home/zac/franka_ws/install/franka_robot_state_broadcaster:/home/zac/franka_ws/install/franka_example_controllers:/home/zac/franka_ws/install/franka_semantic_components:/home/zac/franka_ws/install/franka_gazebo_bringup:/home/zac/franka_ws/install/franka_ign_ros2_control:/home/zac/franka_ws/install/franka_fr3_moveit_config:/home/zac/franka_ws/install/franka_hardware:/home/zac/franka_ws/install/franka_gripper:/home/zac/franka_ws/install/franka_msgs:/home/zac/franka_ws/install/franka_description:/opt/ros/humble CMAKE_PREFIX_PATH=/home/zac/franka_ws/install/moveit_kinematics:/home/zac/franka_ws/install/moveit_ros_planning:/home/zac/franka_ws/install/moveit_ros_occupancy_map_monitor:/home/zac/franka_ws/install/moveit_core:/home/zac/franka_ws/install/moveit_common:/home/zac/franka_ws/install/moveit_resources_prbt_support:/home/zac/franka_ws/install/joint_trajectory_controller:/home/zac/franka_ws/install/integration_launch_testing:/home/zac/franka_ws/install/franka_bringup:/home/zac/franka_ws/install/franka_robot_state_broadcaster:/home/zac/franka_ws/install/franka_example_controllers:/home/zac/franka_ws/install/franka_semantic_components:/home/zac/franka_ws/install/franka_gazebo_bringup:/home/zac/franka_ws/install/franka_ign_ros2_control:/home/zac/franka_ws/install/franka_fr3_moveit_config:/home/zac/franka_ws/install/franka_hardware:/home/zac/franka_ws/install/franka_gripper:/home/zac/franka_ws/install/franka_msgs:/home/zac/franka_ws/install/franka_description:/home/zac/franka_ws/install/moveit_configs_utils:/opt/ros/humble LD_LIBRARY_PATH=/home/zac/franka_ws/install/moveit_kinematics/lib:/home/zac/franka_ws/install/moveit_ros_planning/lib:/home/zac/franka_ws/install/moveit_ros_occupancy_map_monitor/lib:/home/zac/franka_ws/install/moveit_core/lib:${LD_LIBRARY_PATH} PATH=/home/zac/franka_ws/install/moveit_core/bin:${PATH} PYTHONPATH=/home/zac/franka_ws/install/moveit_configs_utils/lib/python3.10/site-packages:/home/zac/franka_ws/build/moveit_configs_utils:/opt/ros/humble/local/lib/python3.10/dist-packages:/home/zac/franka_ws/install/franka_gripper/local/lib/python3.10/dist-packages:/home/zac/franka_ws/install/franka_msgs/local/lib/python3.10/dist-packages:/opt/ros/humble/lib/python3.10/site-packages:/opt/ros/humble/local/lib/python3.10/dist-packages /usr/bin/cmake --build /home/zac/franka_ws/build/moveit_ros_move_group -- -j8 -l8
[5.054s] [  5%] [32mBuilding CXX object CMakeFiles/moveit_move_group_capabilities_base.dir/src/move_group_context.cpp.o[0m
[24.594s] [ 10%] [32mBuilding CXX object CMakeFiles/moveit_move_group_capabilities_base.dir/src/move_group_capability.cpp.o[0m
[46.294s] [ 15%] [32m[1mLinking CXX shared library libmoveit_move_group_capabilities_base.so[0m
[46.724s] [ 15%] Built target moveit_move_group_capabilities_base
[46.766s] [ 21%] [32mBuilding CXX object CMakeFiles/list_move_group_capabilities.dir/src/list_capabilities.cpp.o[0m
[71.105s] [ 26%] [32m[1mLinking CXX executable list_move_group_capabilities[0m
[71.923s] [ 26%] Built target list_move_group_capabilities
[71.965s] [ 31%] [32mBuilding CXX object CMakeFiles/move_group.dir/src/move_group.cpp.o[0m
[98.971s] [ 36%] [32m[1mLinking CXX executable move_group[0m
[99.684s] [ 36%] Built target move_group
[99.735s] [ 42%] [32mBuilding CXX object CMakeFiles/moveit_move_group_default_capabilities.dir/src/default_capabilities/move_action_capability.cpp.o[0m
[125.723s] [ 47%] [32mBuilding CXX object CMakeFiles/moveit_move_group_default_capabilities.dir/src/default_capabilities/get_planning_scene_service_capability.cpp.o[0m
[142.600s] [ 52%] [32mBuilding CXX object CMakeFiles/moveit_move_group_default_capabilities.dir/src/default_capabilities/apply_planning_scene_service_capability.cpp.o[0m
[161.333s] [ 57%] [32mBuilding CXX object CMakeFiles/moveit_move_group_default_capabilities.dir/src/default_capabilities/clear_octomap_service_capability.cpp.o[0m
[181.218s] [ 63%] [32mBuilding CXX object CMakeFiles/moveit_move_group_default_capabilities.dir/src/default_capabilities/tf_publisher_capability.cpp.o[0m
[201.895s] [ 68%] [32mBuilding CXX object CMakeFiles/moveit_move_group_default_capabilities.dir/src/default_capabilities/cartesian_path_service_capability.cpp.o[0m
[225.821s] [ 73%] [32mBuilding CXX object CMakeFiles/moveit_move_group_default_capabilities.dir/src/default_capabilities/state_validation_service_capability.cpp.o[0m
[244.784s] [ 78%] [32mBuilding CXX object CMakeFiles/moveit_move_group_default_capabilities.dir/src/default_capabilities/kinematics_service_capability.cpp.o[0m
[265.359s] [ 84%] [32mBuilding CXX object CMakeFiles/moveit_move_group_default_capabilities.dir/src/default_capabilities/query_planners_service_capability.cpp.o[0m
[285.619s] [ 89%] [32mBuilding CXX object CMakeFiles/moveit_move_group_default_capabilities.dir/src/default_capabilities/execute_trajectory_action_capability.cpp.o[0m
[305.520s] [ 94%] [32mBuilding CXX object CMakeFiles/moveit_move_group_default_capabilities.dir/src/default_capabilities/plan_service_capability.cpp.o[0m
[323.402s] [100%] [32m[1mLinking CXX shared library libmoveit_move_group_default_capabilities.so[0m
[324.098s] [100%] Built target moveit_move_group_default_capabilities
[324.119s] Invoked command in '/home/zac/franka_ws/build/moveit_ros_move_group' returned '0': AMENT_PREFIX_PATH=/home/zac/franka_ws/install/moveit_kinematics:/home/zac/franka_ws/install/moveit_ros_planning:/home/zac/franka_ws/install/moveit_ros_occupancy_map_monitor:/home/zac/franka_ws/install/moveit_core:/home/zac/franka_ws/install/moveit_configs_utils:/home/zac/franka_ws/install/moveit_resources_prbt_support:/home/zac/franka_ws/install/moveit_common:/home/zac/franka_ws/install/joint_trajectory_controller:/home/zac/franka_ws/install/integration_launch_testing:/home/zac/franka_ws/install/franka_bringup:/home/zac/franka_ws/install/franka_robot_state_broadcaster:/home/zac/franka_ws/install/franka_example_controllers:/home/zac/franka_ws/install/franka_semantic_components:/home/zac/franka_ws/install/franka_gazebo_bringup:/home/zac/franka_ws/install/franka_ign_ros2_control:/home/zac/franka_ws/install/franka_fr3_moveit_config:/home/zac/franka_ws/install/franka_hardware:/home/zac/franka_ws/install/franka_gripper:/home/zac/franka_ws/install/franka_msgs:/home/zac/franka_ws/install/franka_description:/opt/ros/humble CMAKE_PREFIX_PATH=/home/zac/franka_ws/install/moveit_kinematics:/home/zac/franka_ws/install/moveit_ros_planning:/home/zac/franka_ws/install/moveit_ros_occupancy_map_monitor:/home/zac/franka_ws/install/moveit_core:/home/zac/franka_ws/install/moveit_common:/home/zac/franka_ws/install/moveit_resources_prbt_support:/home/zac/franka_ws/install/joint_trajectory_controller:/home/zac/franka_ws/install/integration_launch_testing:/home/zac/franka_ws/install/franka_bringup:/home/zac/franka_ws/install/franka_robot_state_broadcaster:/home/zac/franka_ws/install/franka_example_controllers:/home/zac/franka_ws/install/franka_semantic_components:/home/zac/franka_ws/install/franka_gazebo_bringup:/home/zac/franka_ws/install/franka_ign_ros2_control:/home/zac/franka_ws/install/franka_fr3_moveit_config:/home/zac/franka_ws/install/franka_hardware:/home/zac/franka_ws/install/franka_gripper:/home/zac/franka_ws/install/franka_msgs:/home/zac/franka_ws/install/franka_description:/home/zac/franka_ws/install/moveit_configs_utils:/opt/ros/humble LD_LIBRARY_PATH=/home/zac/franka_ws/install/moveit_kinematics/lib:/home/zac/franka_ws/install/moveit_ros_planning/lib:/home/zac/franka_ws/install/moveit_ros_occupancy_map_monitor/lib:/home/zac/franka_ws/install/moveit_core/lib:${LD_LIBRARY_PATH} PATH=/home/zac/franka_ws/install/moveit_core/bin:${PATH} PYTHONPATH=/home/zac/franka_ws/install/moveit_configs_utils/lib/python3.10/site-packages:/home/zac/franka_ws/build/moveit_configs_utils:/opt/ros/humble/local/lib/python3.10/dist-packages:/home/zac/franka_ws/install/franka_gripper/local/lib/python3.10/dist-packages:/home/zac/franka_ws/install/franka_msgs/local/lib/python3.10/dist-packages:/opt/ros/humble/lib/python3.10/site-packages:/opt/ros/humble/local/lib/python3.10/dist-packages /usr/bin/cmake --build /home/zac/franka_ws/build/moveit_ros_move_group -- -j8 -l8
[324.240s] Invoking command in '/home/zac/franka_ws/build/moveit_ros_move_group': AMENT_PREFIX_PATH=/home/zac/franka_ws/install/moveit_kinematics:/home/zac/franka_ws/install/moveit_ros_planning:/home/zac/franka_ws/install/moveit_ros_occupancy_map_monitor:/home/zac/franka_ws/install/moveit_core:/home/zac/franka_ws/install/moveit_configs_utils:/home/zac/franka_ws/install/moveit_resources_prbt_support:/home/zac/franka_ws/install/moveit_common:/home/zac/franka_ws/install/joint_trajectory_controller:/home/zac/franka_ws/install/integration_launch_testing:/home/zac/franka_ws/install/franka_bringup:/home/zac/franka_ws/install/franka_robot_state_broadcaster:/home/zac/franka_ws/install/franka_example_controllers:/home/zac/franka_ws/install/franka_semantic_components:/home/zac/franka_ws/install/franka_gazebo_bringup:/home/zac/franka_ws/install/franka_ign_ros2_control:/home/zac/franka_ws/install/franka_fr3_moveit_config:/home/zac/franka_ws/install/franka_hardware:/home/zac/franka_ws/install/franka_gripper:/home/zac/franka_ws/install/franka_msgs:/home/zac/franka_ws/install/franka_description:/opt/ros/humble CMAKE_PREFIX_PATH=/home/zac/franka_ws/install/moveit_kinematics:/home/zac/franka_ws/install/moveit_ros_planning:/home/zac/franka_ws/install/moveit_ros_occupancy_map_monitor:/home/zac/franka_ws/install/moveit_core:/home/zac/franka_ws/install/moveit_common:/home/zac/franka_ws/install/moveit_resources_prbt_support:/home/zac/franka_ws/install/joint_trajectory_controller:/home/zac/franka_ws/install/integration_launch_testing:/home/zac/franka_ws/install/franka_bringup:/home/zac/franka_ws/install/franka_robot_state_broadcaster:/home/zac/franka_ws/install/franka_example_controllers:/home/zac/franka_ws/install/franka_semantic_components:/home/zac/franka_ws/install/franka_gazebo_bringup:/home/zac/franka_ws/install/franka_ign_ros2_control:/home/zac/franka_ws/install/franka_fr3_moveit_config:/home/zac/franka_ws/install/franka_hardware:/home/zac/franka_ws/install/franka_gripper:/home/zac/franka_ws/install/franka_msgs:/home/zac/franka_ws/install/franka_description:/home/zac/franka_ws/install/moveit_configs_utils:/opt/ros/humble LD_LIBRARY_PATH=/home/zac/franka_ws/install/moveit_kinematics/lib:/home/zac/franka_ws/install/moveit_ros_planning/lib:/home/zac/franka_ws/install/moveit_ros_occupancy_map_monitor/lib:/home/zac/franka_ws/install/moveit_core/lib:${LD_LIBRARY_PATH} PATH=/home/zac/franka_ws/install/moveit_core/bin:${PATH} PYTHONPATH=/home/zac/franka_ws/install/moveit_configs_utils/lib/python3.10/site-packages:/home/zac/franka_ws/build/moveit_configs_utils:/opt/ros/humble/local/lib/python3.10/dist-packages:/home/zac/franka_ws/install/franka_gripper/local/lib/python3.10/dist-packages:/home/zac/franka_ws/install/franka_msgs/local/lib/python3.10/dist-packages:/opt/ros/humble/lib/python3.10/site-packages:/opt/ros/humble/local/lib/python3.10/dist-packages /usr/bin/cmake --install /home/zac/franka_ws/build/moveit_ros_move_group
[324.251s] -- Install configuration: "Release"
[324.252s] -- Installing: /home/zac/franka_ws/install/moveit_ros_move_group/lib/moveit_ros_move_group/move_group
[324.254s] -- Set runtime path of "/home/zac/franka_ws/install/moveit_ros_move_group/lib/moveit_ros_move_group/move_group" to ""
[324.254s] -- Installing: /home/zac/franka_ws/install/moveit_ros_move_group/lib/moveit_ros_move_group/list_move_group_capabilities
[324.255s] -- Set runtime path of "/home/zac/franka_ws/install/moveit_ros_move_group/lib/moveit_ros_move_group/list_move_group_capabilities" to ""
[324.255s] -- Installing: /home/zac/franka_ws/install/moveit_ros_move_group/lib/libmoveit_move_group_default_capabilities.so.2.5.5
[324.260s] -- Set runtime path of "/home/zac/franka_ws/install/moveit_ros_move_group/lib/libmoveit_move_group_default_capabilities.so.2.5.5" to ""
[324.260s] -- Installing: /home/zac/franka_ws/install/moveit_ros_move_group/lib/libmoveit_move_group_default_capabilities.so
[324.260s] -- Installing: /home/zac/franka_ws/install/moveit_ros_move_group/lib/libmoveit_move_group_capabilities_base.so.2.5.5
[324.261s] -- Set runtime path of "/home/zac/franka_ws/install/moveit_ros_move_group/lib/libmoveit_move_group_capabilities_base.so.2.5.5" to ""
[324.261s] -- Installing: /home/zac/franka_ws/install/moveit_ros_move_group/lib/libmoveit_move_group_capabilities_base.so
[324.261s] -- Installing: /home/zac/franka_ws/install/moveit_ros_move_group/include
[324.261s] -- Installing: /home/zac/franka_ws/install/moveit_ros_move_group/include/moveit
[324.261s] -- Installing: /home/zac/franka_ws/install/moveit_ros_move_group/include/moveit/move_group
[324.261s] -- Installing: /home/zac/franka_ws/install/moveit_ros_move_group/include/moveit/move_group/node_name.h
[324.263s] -- Installing: /home/zac/franka_ws/install/moveit_ros_move_group/include/moveit/move_group/capability_names.h
[324.263s] -- Installing: /home/zac/franka_ws/install/moveit_ros_move_group/include/moveit/move_group/move_group_capability.h
[324.264s] -- Installing: /home/zac/franka_ws/install/moveit_ros_move_group/include/moveit/move_group/move_group_context.h
[324.264s] -- Installing: /home/zac/franka_ws/install/moveit_ros_move_group/share/moveit_ros_move_group/environment/library_path.sh
[324.264s] -- Installing: /home/zac/franka_ws/install/moveit_ros_move_group/share/moveit_ros_move_group/environment/library_path.dsv
[324.265s] -- Installing: /home/zac/franka_ws/install/moveit_ros_move_group/lib/moveit_ros_move_group/load_map
[324.265s] -- Installing: /home/zac/franka_ws/install/moveit_ros_move_group/lib/moveit_ros_move_group/save_map
[324.266s] -- Installing: /home/zac/franka_ws/install/moveit_ros_move_group/share/moveit_ros_move_group/default_capabilities_plugin_description.xml
[324.267s] -- Installing: /home/zac/franka_ws/install/moveit_ros_move_group/share/ament_index/resource_index/package_run_dependencies/moveit_ros_move_group
[324.267s] -- Installing: /home/zac/franka_ws/install/moveit_ros_move_group/share/ament_index/resource_index/parent_prefix_path/moveit_ros_move_group
[324.267s] -- Installing: /home/zac/franka_ws/install/moveit_ros_move_group/share/moveit_ros_move_group/environment/ament_prefix_path.sh
[324.268s] -- Installing: /home/zac/franka_ws/install/moveit_ros_move_group/share/moveit_ros_move_group/environment/ament_prefix_path.dsv
[324.268s] -- Installing: /home/zac/franka_ws/install/moveit_ros_move_group/share/moveit_ros_move_group/environment/path.sh
[324.268s] -- Installing: /home/zac/franka_ws/install/moveit_ros_move_group/share/moveit_ros_move_group/environment/path.dsv
[324.269s] -- Installing: /home/zac/franka_ws/install/moveit_ros_move_group/share/moveit_ros_move_group/local_setup.bash
[324.269s] -- Installing: /home/zac/franka_ws/install/moveit_ros_move_group/share/moveit_ros_move_group/local_setup.sh
[324.269s] -- Installing: /home/zac/franka_ws/install/moveit_ros_move_group/share/moveit_ros_move_group/local_setup.zsh
[324.270s] -- Installing: /home/zac/franka_ws/install/moveit_ros_move_group/share/moveit_ros_move_group/local_setup.dsv
[324.270s] -- Installing: /home/zac/franka_ws/install/moveit_ros_move_group/share/moveit_ros_move_group/package.dsv
[324.270s] -- Installing: /home/zac/franka_ws/install/moveit_ros_move_group/share/ament_index/resource_index/packages/moveit_ros_move_group
[324.271s] -- Installing: /home/zac/franka_ws/install/moveit_ros_move_group/share/ament_index/resource_index/moveit_ros_move_group__pluginlib__plugin/moveit_ros_move_group
[324.271s] -- Installing: /home/zac/franka_ws/install/moveit_ros_move_group/share/moveit_ros_move_group/cmake/export_moveit_ros_move_groupExport.cmake
[324.272s] -- Installing: /home/zac/franka_ws/install/moveit_ros_move_group/share/moveit_ros_move_group/cmake/export_moveit_ros_move_groupExport-release.cmake
[324.272s] -- Installing: /home/zac/franka_ws/install/moveit_ros_move_group/share/moveit_ros_move_group/cmake/ConfigExtras.cmake
[324.272s] -- Installing: /home/zac/franka_ws/install/moveit_ros_move_group/share/moveit_ros_move_group/cmake/ament_cmake_export_targets-extras.cmake
[324.273s] -- Installing: /home/zac/franka_ws/install/moveit_ros_move_group/share/moveit_ros_move_group/cmake/ament_cmake_export_dependencies-extras.cmake
[324.273s] -- Installing: /home/zac/franka_ws/install/moveit_ros_move_group/share/moveit_ros_move_group/cmake/moveit_ros_move_groupConfig.cmake
[324.274s] -- Installing: /home/zac/franka_ws/install/moveit_ros_move_group/share/moveit_ros_move_group/cmake/moveit_ros_move_groupConfig-version.cmake
[324.274s] -- Installing: /home/zac/franka_ws/install/moveit_ros_move_group/share/moveit_ros_move_group/package.xml
[324.278s] Invoked command in '/home/zac/franka_ws/build/moveit_ros_move_group' returned '0': AMENT_PREFIX_PATH=/home/zac/franka_ws/install/moveit_kinematics:/home/zac/franka_ws/install/moveit_ros_planning:/home/zac/franka_ws/install/moveit_ros_occupancy_map_monitor:/home/zac/franka_ws/install/moveit_core:/home/zac/franka_ws/install/moveit_configs_utils:/home/zac/franka_ws/install/moveit_resources_prbt_support:/home/zac/franka_ws/install/moveit_common:/home/zac/franka_ws/install/joint_trajectory_controller:/home/zac/franka_ws/install/integration_launch_testing:/home/zac/franka_ws/install/franka_bringup:/home/zac/franka_ws/install/franka_robot_state_broadcaster:/home/zac/franka_ws/install/franka_example_controllers:/home/zac/franka_ws/install/franka_semantic_components:/home/zac/franka_ws/install/franka_gazebo_bringup:/home/zac/franka_ws/install/franka_ign_ros2_control:/home/zac/franka_ws/install/franka_fr3_moveit_config:/home/zac/franka_ws/install/franka_hardware:/home/zac/franka_ws/install/franka_gripper:/home/zac/franka_ws/install/franka_msgs:/home/zac/franka_ws/install/franka_description:/opt/ros/humble CMAKE_PREFIX_PATH=/home/zac/franka_ws/install/moveit_kinematics:/home/zac/franka_ws/install/moveit_ros_planning:/home/zac/franka_ws/install/moveit_ros_occupancy_map_monitor:/home/zac/franka_ws/install/moveit_core:/home/zac/franka_ws/install/moveit_common:/home/zac/franka_ws/install/moveit_resources_prbt_support:/home/zac/franka_ws/install/joint_trajectory_controller:/home/zac/franka_ws/install/integration_launch_testing:/home/zac/franka_ws/install/franka_bringup:/home/zac/franka_ws/install/franka_robot_state_broadcaster:/home/zac/franka_ws/install/franka_example_controllers:/home/zac/franka_ws/install/franka_semantic_components:/home/zac/franka_ws/install/franka_gazebo_bringup:/home/zac/franka_ws/install/franka_ign_ros2_control:/home/zac/franka_ws/install/franka_fr3_moveit_config:/home/zac/franka_ws/install/franka_hardware:/home/zac/franka_ws/install/franka_gripper:/home/zac/franka_ws/install/franka_msgs:/home/zac/franka_ws/install/franka_description:/home/zac/franka_ws/install/moveit_configs_utils:/opt/ros/humble LD_LIBRARY_PATH=/home/zac/franka_ws/install/moveit_kinematics/lib:/home/zac/franka_ws/install/moveit_ros_planning/lib:/home/zac/franka_ws/install/moveit_ros_occupancy_map_monitor/lib:/home/zac/franka_ws/install/moveit_core/lib:${LD_LIBRARY_PATH} PATH=/home/zac/franka_ws/install/moveit_core/bin:${PATH} PYTHONPATH=/home/zac/franka_ws/install/moveit_configs_utils/lib/python3.10/site-packages:/home/zac/franka_ws/build/moveit_configs_utils:/opt/ros/humble/local/lib/python3.10/dist-packages:/home/zac/franka_ws/install/franka_gripper/local/lib/python3.10/dist-packages:/home/zac/franka_ws/install/franka_msgs/local/lib/python3.10/dist-packages:/opt/ros/humble/lib/python3.10/site-packages:/opt/ros/humble/local/lib/python3.10/dist-packages /usr/bin/cmake --install /home/zac/franka_ws/build/moveit_ros_move_group
