[0.084s] Invoking command in '/home/zac/franka_ws/build/moveit_hybrid_planning': AMENT_PREFIX_PATH=/home/zac/franka_ws/install/moveit_ros_planning_interface:/home/zac/franka_ws/install/moveit_ros_move_group:/home/zac/franka_ws/install/moveit_ros_warehouse:/home/zac/franka_ws/install/moveit_planners_ompl:/home/zac/franka_ws/install/moveit_kinematics:/home/zac/franka_ws/install/moveit_ros_planning:/home/zac/franka_ws/install/moveit_simple_controller_manager:/home/zac/franka_ws/install/moveit_ros_occupancy_map_monitor:/home/zac/franka_ws/install/moveit_core:/home/zac/franka_ws/install/moveit_configs_utils:/home/zac/franka_ws/install/moveit_common:${AMENT_PREFIX_PATH} CMAKE_PREFIX_PATH=/home/zac/franka_ws/install/moveit_ros_planning_interface:/home/zac/franka_ws/install/moveit_ros_move_group:/home/zac/franka_ws/install/moveit_ros_warehouse:/home/zac/franka_ws/install/moveit_planners_ompl:/home/zac/franka_ws/install/moveit_kinematics:/home/zac/franka_ws/install/moveit_ros_planning:/home/zac/franka_ws/install/moveit_simple_controller_manager:/home/zac/franka_ws/install/moveit_ros_occupancy_map_monitor:/home/zac/franka_ws/install/moveit_core:/home/zac/franka_ws/install/moveit_common:/opt/ros/humble LD_LIBRARY_PATH=/home/zac/franka_ws/install/moveit_ros_planning_interface/lib:/home/zac/franka_ws/install/moveit_ros_move_group/lib:/home/zac/franka_ws/install/moveit_ros_warehouse/lib:/home/zac/franka_ws/install/moveit_planners_ompl/lib:/home/zac/franka_ws/install/moveit_kinematics/lib:/home/zac/franka_ws/install/moveit_ros_planning/lib:/home/zac/franka_ws/install/moveit_simple_controller_manager/lib:/home/zac/franka_ws/install/moveit_ros_occupancy_map_monitor/lib:/home/zac/franka_ws/install/moveit_core/lib:${LD_LIBRARY_PATH} PATH=/home/zac/franka_ws/install/moveit_core/bin:${PATH} PYTHONPATH=/home/zac/franka_ws/build/moveit_configs_utils:/home/zac/franka_ws/install/moveit_configs_utils/lib/python3.10/site-packages:${PYTHONPATH} /usr/bin/cmake /home/zac/franka_ws/src/moveit2/moveit_ros/hybrid_planning -DAMENT_CMAKE_SYMLINK_INSTALL=1 -DCMAKE_INSTALL_PREFIX=/home/zac/franka_ws/install/moveit_hybrid_planning
[0.107s] -- Found moveit_common: 2.5.5 (/home/zac/franka_ws/install/moveit_common/share/moveit_common/cmake)
[0.108s] -- Found ament_cmake: 1.3.10 (/opt/ros/humble/share/ament_cmake/cmake)
[0.369s] -- Override CMake install command with custom implementation using symlinks instead of copying resources
[0.506s] [0mmoveit_hybrid_planning: You did not request a specific build type: Choosing 'Release' for maximum performance[0m
[0.506s] -- Found moveit_core: 2.5.5 (/home/zac/franka_ws/install/moveit_core/share/moveit_core/cmake)
[0.541s] -- Found Boost: /usr/lib/x86_64-linux-gnu/cmake/Boost-1.74.0/BoostConfig.cmake (found version "1.74.0") found components: chrono date_time filesystem iostreams program_options regex serialization system thread 
[0.621s] -- Found parameter_traits: 0.3.8 (/opt/ros/humble/share/parameter_traits/cmake)
[0.676s] -- Found rosidl_generator_c: 3.1.5 (/opt/ros/humble/share/rosidl_generator_c/cmake)
[0.683s] -- Found rosidl_adapter: 3.1.5 (/opt/ros/humble/share/rosidl_adapter/cmake)
[0.697s] -- Found rosidl_generator_cpp: 3.1.5 (/opt/ros/humble/share/rosidl_generator_cpp/cmake)
[0.721s] -- Using all available rosidl_typesupport_c: rosidl_typesupport_fastrtps_c;rosidl_typesupport_introspection_c
[0.753s] -- Using all available rosidl_typesupport_cpp: rosidl_typesupport_fastrtps_cpp;rosidl_typesupport_introspection_cpp
[0.847s] -- Found rmw_implementation_cmake: 6.1.2 (/opt/ros/humble/share/rmw_implementation_cmake/cmake)
[0.852s] -- Found rmw_fastrtps_cpp: 6.2.7 (/opt/ros/humble/share/rmw_fastrtps_cpp/cmake)
[1.138s] -- Using RMW implementation 'rmw_fastrtps_cpp' as default
[1.281s] -- Found rclcpp_lifecycle: 16.0.10 (/opt/ros/humble/share/rclcpp_lifecycle/cmake)
[1.329s] -- Found Boost: /usr/lib/x86_64-linux-gnu/cmake/Boost-1.74.0/BoostConfig.cmake (found version "1.74.0") found components: filesystem 
[1.445s] -- library: /usr/lib/x86_64-linux-gnu/libcurl.so
[1.591s] -- Ensuring Eigen3 include directory is part of orocos-kdl CMake target
[2.108s] -- Found moveit_ros_planning: 2.5.5 (/home/zac/franka_ws/install/moveit_ros_planning/share/moveit_ros_planning/cmake)
[2.119s] -- Found Boost: /usr/lib/x86_64-linux-gnu/cmake/Boost-1.74.0/BoostConfig.cmake (found version "1.74.0") found components: system filesystem date_time program_options thread chrono 
[2.176s] -- Found moveit_ros_planning_interface: 2.5.5 (/home/zac/franka_ws/install/moveit_ros_planning_interface/share/moveit_ros_planning_interface/cmake)
[2.186s] -- Found Boost: /usr/lib/x86_64-linux-gnu/cmake/Boost-1.74.0/BoostConfig.cmake (found version "1.74.0") found components: date_time filesystem program_options system thread 
[2.217s] -- Found Boost: /usr/lib/x86_64-linux-gnu/cmake/Boost-1.74.0/BoostConfig.cmake (found version "1.74.0") found components: thread system filesystem regex date_time program_options 
[2.266s] -- Found Boost: /usr/lib/x86_64-linux-gnu/cmake/Boost-1.74.0/BoostConfig.cmake (found version "1.74.0") found components: system filesystem date_time program_options thread 
[2.554s] -- Found ament_lint_auto: 0.12.11 (/opt/ros/humble/share/ament_lint_auto/cmake)
[2.555s] -- Found ament_cmake_gtest: 1.3.10 (/opt/ros/humble/share/ament_cmake_gtest/cmake)
[2.556s] -- Found ros_testing: 0.4.0 (/opt/ros/humble/share/ros_testing/cmake)
[2.556s] -- Found launch_testing_ament_cmake: 1.0.6 (/opt/ros/humble/share/launch_testing_ament_cmake/cmake)
[2.557s] -- Found python_cmake_module: 0.10.0 (/opt/ros/humble/share/python_cmake_module/cmake)
[2.598s] -- Using PYTHON_EXECUTABLE: /usr/bin/python3
[2.598s] -- Using PYTHON_INCLUDE_DIRS: /usr/include/python3.10
[2.598s] -- Using PYTHON_LIBRARIES: /usr/lib/x86_64-linux-gnu/libpython3.10.so
[2.608s] -- Found Boost: /usr/lib/x86_64-linux-gnu/cmake/Boost-1.74.0/BoostConfig.cmake (found version "1.74.0") found components: filesystem 
[2.665s] -- Configuring done
[3.216s] -- Generating done
[3.226s] -- Build files have been written to: /home/zac/franka_ws/build/moveit_hybrid_planning
[3.266s] Invoked command in '/home/zac/franka_ws/build/moveit_hybrid_planning' returned '0': AMENT_PREFIX_PATH=/home/zac/franka_ws/install/moveit_ros_planning_interface:/home/zac/franka_ws/install/moveit_ros_move_group:/home/zac/franka_ws/install/moveit_ros_warehouse:/home/zac/franka_ws/install/moveit_planners_ompl:/home/zac/franka_ws/install/moveit_kinematics:/home/zac/franka_ws/install/moveit_ros_planning:/home/zac/franka_ws/install/moveit_simple_controller_manager:/home/zac/franka_ws/install/moveit_ros_occupancy_map_monitor:/home/zac/franka_ws/install/moveit_core:/home/zac/franka_ws/install/moveit_configs_utils:/home/zac/franka_ws/install/moveit_common:${AMENT_PREFIX_PATH} CMAKE_PREFIX_PATH=/home/zac/franka_ws/install/moveit_ros_planning_interface:/home/zac/franka_ws/install/moveit_ros_move_group:/home/zac/franka_ws/install/moveit_ros_warehouse:/home/zac/franka_ws/install/moveit_planners_ompl:/home/zac/franka_ws/install/moveit_kinematics:/home/zac/franka_ws/install/moveit_ros_planning:/home/zac/franka_ws/install/moveit_simple_controller_manager:/home/zac/franka_ws/install/moveit_ros_occupancy_map_monitor:/home/zac/franka_ws/install/moveit_core:/home/zac/franka_ws/install/moveit_common:/opt/ros/humble LD_LIBRARY_PATH=/home/zac/franka_ws/install/moveit_ros_planning_interface/lib:/home/zac/franka_ws/install/moveit_ros_move_group/lib:/home/zac/franka_ws/install/moveit_ros_warehouse/lib:/home/zac/franka_ws/install/moveit_planners_ompl/lib:/home/zac/franka_ws/install/moveit_kinematics/lib:/home/zac/franka_ws/install/moveit_ros_planning/lib:/home/zac/franka_ws/install/moveit_simple_controller_manager/lib:/home/zac/franka_ws/install/moveit_ros_occupancy_map_monitor/lib:/home/zac/franka_ws/install/moveit_core/lib:${LD_LIBRARY_PATH} PATH=/home/zac/franka_ws/install/moveit_core/bin:${PATH} PYTHONPATH=/home/zac/franka_ws/build/moveit_configs_utils:/home/zac/franka_ws/install/moveit_configs_utils/lib/python3.10/site-packages:${PYTHONPATH} /usr/bin/cmake /home/zac/franka_ws/src/moveit2/moveit_ros/hybrid_planning -DAMENT_CMAKE_SYMLINK_INSTALL=1 -DCMAKE_INSTALL_PREFIX=/home/zac/franka_ws/install/moveit_hybrid_planning
[3.269s] Invoking command in '/home/zac/franka_ws/build/moveit_hybrid_planning': AMENT_PREFIX_PATH=/home/zac/franka_ws/install/moveit_ros_planning_interface:/home/zac/franka_ws/install/moveit_ros_move_group:/home/zac/franka_ws/install/moveit_ros_warehouse:/home/zac/franka_ws/install/moveit_planners_ompl:/home/zac/franka_ws/install/moveit_kinematics:/home/zac/franka_ws/install/moveit_ros_planning:/home/zac/franka_ws/install/moveit_simple_controller_manager:/home/zac/franka_ws/install/moveit_ros_occupancy_map_monitor:/home/zac/franka_ws/install/moveit_core:/home/zac/franka_ws/install/moveit_configs_utils:/home/zac/franka_ws/install/moveit_common:${AMENT_PREFIX_PATH} CMAKE_PREFIX_PATH=/home/zac/franka_ws/install/moveit_ros_planning_interface:/home/zac/franka_ws/install/moveit_ros_move_group:/home/zac/franka_ws/install/moveit_ros_warehouse:/home/zac/franka_ws/install/moveit_planners_ompl:/home/zac/franka_ws/install/moveit_kinematics:/home/zac/franka_ws/install/moveit_ros_planning:/home/zac/franka_ws/install/moveit_simple_controller_manager:/home/zac/franka_ws/install/moveit_ros_occupancy_map_monitor:/home/zac/franka_ws/install/moveit_core:/home/zac/franka_ws/install/moveit_common:/opt/ros/humble LD_LIBRARY_PATH=/home/zac/franka_ws/install/moveit_ros_planning_interface/lib:/home/zac/franka_ws/install/moveit_ros_move_group/lib:/home/zac/franka_ws/install/moveit_ros_warehouse/lib:/home/zac/franka_ws/install/moveit_planners_ompl/lib:/home/zac/franka_ws/install/moveit_kinematics/lib:/home/zac/franka_ws/install/moveit_ros_planning/lib:/home/zac/franka_ws/install/moveit_simple_controller_manager/lib:/home/zac/franka_ws/install/moveit_ros_occupancy_map_monitor/lib:/home/zac/franka_ws/install/moveit_core/lib:${LD_LIBRARY_PATH} PATH=/home/zac/franka_ws/install/moveit_core/bin:${PATH} PYTHONPATH=/home/zac/franka_ws/build/moveit_configs_utils:/home/zac/franka_ws/install/moveit_configs_utils/lib/python3.10/site-packages:${PYTHONPATH} /usr/bin/cmake --build /home/zac/franka_ws/build/moveit_hybrid_planning -- -j8 -l8
[3.384s] [35m[1mConsolidate compiler generated dependencies of target moveit_global_planner_component[0m
[3.386s] [35m[1mConsolidate compiler generated dependencies of target moveit_hybrid_planning_manager[0m
[3.394s] [35m[1mConsolidate compiler generated dependencies of target moveit_local_planner_component[0m
[3.402s] [35m[1mConsolidate compiler generated dependencies of target motion_planning_pipeline_plugin[0m
[3.426s] [35m[1mConsolidate compiler generated dependencies of target simple_sampler_plugin[0m
[3.510s] [ 10%] Built target moveit_hybrid_planning_manager
[3.579s] [35m[1mConsolidate compiler generated dependencies of target forward_trajectory_plugin[0m
[3.737s] [ 20%] Built target motion_planning_pipeline_plugin
[3.741s] [ 30%] Built target moveit_global_planner_component
[3.747s] [ 40%] Built target simple_sampler_plugin
[3.764s] [ 50%] Built target moveit_local_planner_component
[3.780s] [35m[1mConsolidate compiler generated dependencies of target single_plan_execution_plugin[0m
[3.801s] [ 60%] Built target forward_trajectory_plugin
[3.856s] [ 70%] Built target single_plan_execution_plugin
[3.891s] [35m[1mConsolidate compiler generated dependencies of target replan_invalidated_trajectory_plugin[0m
[3.996s] [ 80%] Built target replan_invalidated_trajectory_plugin
[4.037s] [35m[1mConsolidate compiler generated dependencies of target cancel_action[0m
[4.039s] [35m[1mConsolidate compiler generated dependencies of target hybrid_planning_demo_node[0m
[4.126s] [ 90%] Built target cancel_action
[4.147s] [100%] Built target hybrid_planning_demo_node
[4.183s] Invoked command in '/home/zac/franka_ws/build/moveit_hybrid_planning' returned '0': AMENT_PREFIX_PATH=/home/zac/franka_ws/install/moveit_ros_planning_interface:/home/zac/franka_ws/install/moveit_ros_move_group:/home/zac/franka_ws/install/moveit_ros_warehouse:/home/zac/franka_ws/install/moveit_planners_ompl:/home/zac/franka_ws/install/moveit_kinematics:/home/zac/franka_ws/install/moveit_ros_planning:/home/zac/franka_ws/install/moveit_simple_controller_manager:/home/zac/franka_ws/install/moveit_ros_occupancy_map_monitor:/home/zac/franka_ws/install/moveit_core:/home/zac/franka_ws/install/moveit_configs_utils:/home/zac/franka_ws/install/moveit_common:${AMENT_PREFIX_PATH} CMAKE_PREFIX_PATH=/home/zac/franka_ws/install/moveit_ros_planning_interface:/home/zac/franka_ws/install/moveit_ros_move_group:/home/zac/franka_ws/install/moveit_ros_warehouse:/home/zac/franka_ws/install/moveit_planners_ompl:/home/zac/franka_ws/install/moveit_kinematics:/home/zac/franka_ws/install/moveit_ros_planning:/home/zac/franka_ws/install/moveit_simple_controller_manager:/home/zac/franka_ws/install/moveit_ros_occupancy_map_monitor:/home/zac/franka_ws/install/moveit_core:/home/zac/franka_ws/install/moveit_common:/opt/ros/humble LD_LIBRARY_PATH=/home/zac/franka_ws/install/moveit_ros_planning_interface/lib:/home/zac/franka_ws/install/moveit_ros_move_group/lib:/home/zac/franka_ws/install/moveit_ros_warehouse/lib:/home/zac/franka_ws/install/moveit_planners_ompl/lib:/home/zac/franka_ws/install/moveit_kinematics/lib:/home/zac/franka_ws/install/moveit_ros_planning/lib:/home/zac/franka_ws/install/moveit_simple_controller_manager/lib:/home/zac/franka_ws/install/moveit_ros_occupancy_map_monitor/lib:/home/zac/franka_ws/install/moveit_core/lib:${LD_LIBRARY_PATH} PATH=/home/zac/franka_ws/install/moveit_core/bin:${PATH} PYTHONPATH=/home/zac/franka_ws/build/moveit_configs_utils:/home/zac/franka_ws/install/moveit_configs_utils/lib/python3.10/site-packages:${PYTHONPATH} /usr/bin/cmake --build /home/zac/franka_ws/build/moveit_hybrid_planning -- -j8 -l8
[4.246s] Invoking command in '/home/zac/franka_ws/build/moveit_hybrid_planning': AMENT_PREFIX_PATH=/home/zac/franka_ws/install/moveit_ros_planning_interface:/home/zac/franka_ws/install/moveit_ros_move_group:/home/zac/franka_ws/install/moveit_ros_warehouse:/home/zac/franka_ws/install/moveit_planners_ompl:/home/zac/franka_ws/install/moveit_kinematics:/home/zac/franka_ws/install/moveit_ros_planning:/home/zac/franka_ws/install/moveit_simple_controller_manager:/home/zac/franka_ws/install/moveit_ros_occupancy_map_monitor:/home/zac/franka_ws/install/moveit_core:/home/zac/franka_ws/install/moveit_configs_utils:/home/zac/franka_ws/install/moveit_common:${AMENT_PREFIX_PATH} CMAKE_PREFIX_PATH=/home/zac/franka_ws/install/moveit_ros_planning_interface:/home/zac/franka_ws/install/moveit_ros_move_group:/home/zac/franka_ws/install/moveit_ros_warehouse:/home/zac/franka_ws/install/moveit_planners_ompl:/home/zac/franka_ws/install/moveit_kinematics:/home/zac/franka_ws/install/moveit_ros_planning:/home/zac/franka_ws/install/moveit_simple_controller_manager:/home/zac/franka_ws/install/moveit_ros_occupancy_map_monitor:/home/zac/franka_ws/install/moveit_core:/home/zac/franka_ws/install/moveit_common:/opt/ros/humble LD_LIBRARY_PATH=/home/zac/franka_ws/install/moveit_ros_planning_interface/lib:/home/zac/franka_ws/install/moveit_ros_move_group/lib:/home/zac/franka_ws/install/moveit_ros_warehouse/lib:/home/zac/franka_ws/install/moveit_planners_ompl/lib:/home/zac/franka_ws/install/moveit_kinematics/lib:/home/zac/franka_ws/install/moveit_ros_planning/lib:/home/zac/franka_ws/install/moveit_simple_controller_manager/lib:/home/zac/franka_ws/install/moveit_ros_occupancy_map_monitor/lib:/home/zac/franka_ws/install/moveit_core/lib:${LD_LIBRARY_PATH} PATH=/home/zac/franka_ws/install/moveit_core/bin:${PATH} PYTHONPATH=/home/zac/franka_ws/build/moveit_configs_utils:/home/zac/franka_ws/install/moveit_configs_utils/lib/python3.10/site-packages:${PYTHONPATH} /usr/bin/cmake --install /home/zac/franka_ws/build/moveit_hybrid_planning
[4.264s] -- Install configuration: "Release"
[4.265s] -- Execute custom install script
[4.266s] -- Symlinking: /home/zac/franka_ws/install/moveit_hybrid_planning/include/moveit/global_planner/global_planner_component.h
[4.287s] -- Symlinking: /home/zac/franka_ws/install/moveit_hybrid_planning/include/moveit/global_planner/global_planner_interface.h
[4.313s] -- Symlinking: /home/zac/franka_ws/install/moveit_hybrid_planning/include/moveit/global_planner/moveit_planning_pipeline.h
[4.334s] -- Symlinking: /home/zac/franka_ws/install/moveit_hybrid_planning/include/moveit/hybrid_planning_manager/hybrid_planning_events.h
[4.355s] -- Symlinking: /home/zac/franka_ws/install/moveit_hybrid_planning/include/moveit/hybrid_planning_manager/hybrid_planning_manager.h
[4.383s] -- Symlinking: /home/zac/franka_ws/install/moveit_hybrid_planning/include/moveit/hybrid_planning_manager/moveit_error_code_interface.h
[4.402s] -- Symlinking: /home/zac/franka_ws/install/moveit_hybrid_planning/include/moveit/hybrid_planning_manager/planner_logic_interface.h
[4.425s] -- Symlinking: /home/zac/franka_ws/install/moveit_hybrid_planning/include/moveit/planner_logic_plugins/replan_invalidated_trajectory.h
[4.446s] -- Symlinking: /home/zac/franka_ws/install/moveit_hybrid_planning/include/moveit/planner_logic_plugins/single_plan_execution.h
[4.480s] -- Symlinking: /home/zac/franka_ws/install/moveit_hybrid_planning/include/moveit/local_planner/feedback_types.h
[4.511s] -- Symlinking: /home/zac/franka_ws/install/moveit_hybrid_planning/include/moveit/local_planner/local_constraint_solver_interface.h
[4.543s] -- Symlinking: /home/zac/franka_ws/install/moveit_hybrid_planning/include/moveit/local_planner/local_planner_component.h
[4.576s] -- Symlinking: /home/zac/franka_ws/install/moveit_hybrid_planning/include/moveit/local_planner/trajectory_operator_interface.h
[4.601s] -- Symlinking: /home/zac/franka_ws/install/moveit_hybrid_planning/include/moveit/trajectory_operator_plugins/simple_sampler.h
[4.636s] -- Symlinking: /home/zac/franka_ws/install/moveit_hybrid_planning/include/moveit/local_constraint_solver_plugins/forward_trajectory.h
[4.680s] -- Symlinking: /home/zac/franka_ws/install/moveit_hybrid_planning/share/moveit_hybrid_planning/launch/hybrid_planning_common.py
[4.718s] -- Symlinking: /home/zac/franka_ws/install/moveit_hybrid_planning/share/moveit_hybrid_planning/launch/hybrid_planning_demo.launch.py
[4.782s] -- Symlinking: /home/zac/franka_ws/install/moveit_hybrid_planning/share/moveit_hybrid_planning/launch/test_basic_integration.test.py
[4.816s] -- Symlinking: /home/zac/franka_ws/install/moveit_hybrid_planning/share/moveit_hybrid_planning/config/common_hybrid_planning_params.yaml
[4.838s] -- Symlinking: /home/zac/franka_ws/install/moveit_hybrid_planning/share/moveit_hybrid_planning/config/demo_controller.yaml
[4.861s] -- Symlinking: /home/zac/franka_ws/install/moveit_hybrid_planning/share/moveit_hybrid_planning/config/global_planner.yaml
[4.895s] -- Symlinking: /home/zac/franka_ws/install/moveit_hybrid_planning/share/moveit_hybrid_planning/config/hybrid_planning_demo.rviz
[4.934s] -- Symlinking: /home/zac/franka_ws/install/moveit_hybrid_planning/share/moveit_hybrid_planning/config/hybrid_planning_manager.yaml
[4.956s] -- Symlinking: /home/zac/franka_ws/install/moveit_hybrid_planning/share/moveit_hybrid_planning/config/local_planner.yaml
[5.006s] -- Symlinking: /home/zac/franka_ws/install/moveit_hybrid_planning/share/moveit_hybrid_planning//single_plan_execution_plugin.xml
[5.043s] -- Symlinking: /home/zac/franka_ws/install/moveit_hybrid_planning/share/moveit_hybrid_planning//moveit_planning_pipeline_plugin.xml
[5.094s] -- Symlinking: /home/zac/franka_ws/install/moveit_hybrid_planning/share/moveit_hybrid_planning//simple_sampler_plugin.xml
[5.151s] -- Symlinking: /home/zac/franka_ws/install/moveit_hybrid_planning/share/moveit_hybrid_planning//replan_invalidated_trajectory_plugin.xml
[5.198s] -- Symlinking: /home/zac/franka_ws/install/moveit_hybrid_planning/share/moveit_hybrid_planning//forward_trajectory_plugin.xml
[5.242s] -- Symlinking: /home/zac/franka_ws/install/moveit_hybrid_planning/share/moveit_hybrid_planning/environment/library_path.sh
[5.296s] -- Symlinking: /home/zac/franka_ws/install/moveit_hybrid_planning/share/moveit_hybrid_planning/environment/library_path.dsv
[5.336s] -- Symlinking: /home/zac/franka_ws/install/moveit_hybrid_planning/share/ament_index/resource_index/package_run_dependencies/moveit_hybrid_planning
[5.385s] -- Symlinking: /home/zac/franka_ws/install/moveit_hybrid_planning/share/ament_index/resource_index/parent_prefix_path/moveit_hybrid_planning
[5.418s] -- Symlinking: /home/zac/franka_ws/install/moveit_hybrid_planning/share/moveit_hybrid_planning/environment/ament_prefix_path.sh
[5.454s] -- Symlinking: /home/zac/franka_ws/install/moveit_hybrid_planning/share/moveit_hybrid_planning/environment/ament_prefix_path.dsv
[5.494s] -- Symlinking: /home/zac/franka_ws/install/moveit_hybrid_planning/share/moveit_hybrid_planning/environment/path.sh
[5.522s] -- Symlinking: /home/zac/franka_ws/install/moveit_hybrid_planning/share/moveit_hybrid_planning/environment/path.dsv
[5.557s] -- Symlinking: /home/zac/franka_ws/install/moveit_hybrid_planning/share/moveit_hybrid_planning/local_setup.bash
[5.588s] -- Symlinking: /home/zac/franka_ws/install/moveit_hybrid_planning/share/moveit_hybrid_planning/local_setup.sh
[5.633s] -- Symlinking: /home/zac/franka_ws/install/moveit_hybrid_planning/share/moveit_hybrid_planning/local_setup.zsh
[5.689s] -- Symlinking: /home/zac/franka_ws/install/moveit_hybrid_planning/share/moveit_hybrid_planning/local_setup.dsv
[5.719s] -- Symlinking: /home/zac/franka_ws/install/moveit_hybrid_planning/share/moveit_hybrid_planning/package.dsv
[5.768s] -- Symlinking: /home/zac/franka_ws/install/moveit_hybrid_planning/share/ament_index/resource_index/packages/moveit_hybrid_planning
[5.818s] -- Symlinking: /home/zac/franka_ws/install/moveit_hybrid_planning/share/ament_index/resource_index/moveit_hybrid_planning__pluginlib__plugin/moveit_hybrid_planning
[5.881s] -- Symlinking: /home/zac/franka_ws/install/moveit_hybrid_planning/share/ament_index/resource_index/rclcpp_components/moveit_hybrid_planning
[5.937s] -- Symlinking: /home/zac/franka_ws/install/moveit_hybrid_planning/share/moveit_hybrid_planning/cmake/ament_cmake_export_include_directories-extras.cmake
[5.981s] -- Symlinking: /home/zac/franka_ws/install/moveit_hybrid_planning/share/moveit_hybrid_planning/cmake/ament_cmake_export_libraries-extras.cmake
[6.031s] -- Symlinking: /home/zac/franka_ws/install/moveit_hybrid_planning/share/moveit_hybrid_planning/cmake/ament_cmake_export_dependencies-extras.cmake
[6.067s] -- Symlinking: /home/zac/franka_ws/install/moveit_hybrid_planning/share/moveit_hybrid_planning/cmake/ament_cmake_export_targets-extras.cmake
[6.091s] -- Symlinking: /home/zac/franka_ws/install/moveit_hybrid_planning/share/moveit_hybrid_planning/cmake/moveit_hybrid_planningConfig.cmake
[6.113s] -- Symlinking: /home/zac/franka_ws/install/moveit_hybrid_planning/share/moveit_hybrid_planning/cmake/moveit_hybrid_planningConfig-version.cmake
[6.140s] -- Symlinking: /home/zac/franka_ws/install/moveit_hybrid_planning/share/moveit_hybrid_planning/package.xml
[6.163s] -- Up-to-date: /home/zac/franka_ws/install/moveit_hybrid_planning/lib/libmoveit_global_planner_component.so.2.5.5
[6.164s] -- Up-to-date: /home/zac/franka_ws/install/moveit_hybrid_planning/lib/libmoveit_global_planner_component.so
[6.165s] -- Up-to-date: /home/zac/franka_ws/install/moveit_hybrid_planning/lib/libmoveit_hybrid_planning_manager.so.2.5.5
[6.165s] -- Up-to-date: /home/zac/franka_ws/install/moveit_hybrid_planning/lib/libmoveit_hybrid_planning_manager.so
[6.169s] -- Up-to-date: /home/zac/franka_ws/install/moveit_hybrid_planning/lib/libmoveit_local_planner_component.so.2.5.5
[6.170s] -- Up-to-date: /home/zac/franka_ws/install/moveit_hybrid_planning/lib/libmoveit_local_planner_component.so
[6.170s] -- Up-to-date: /home/zac/franka_ws/install/moveit_hybrid_planning/lib/libforward_trajectory_plugin.so.2.5.5
[6.170s] -- Up-to-date: /home/zac/franka_ws/install/moveit_hybrid_planning/lib/libforward_trajectory_plugin.so
[6.171s] -- Up-to-date: /home/zac/franka_ws/install/moveit_hybrid_planning/lib/libmotion_planning_pipeline_plugin.so.2.5.5
[6.172s] -- Up-to-date: /home/zac/franka_ws/install/moveit_hybrid_planning/lib/libmotion_planning_pipeline_plugin.so
[6.173s] -- Up-to-date: /home/zac/franka_ws/install/moveit_hybrid_planning/lib/libreplan_invalidated_trajectory_plugin.so.2.5.5
[6.174s] -- Up-to-date: /home/zac/franka_ws/install/moveit_hybrid_planning/lib/libreplan_invalidated_trajectory_plugin.so
[6.179s] -- Up-to-date: /home/zac/franka_ws/install/moveit_hybrid_planning/lib/libsimple_sampler_plugin.so.2.5.5
[6.179s] -- Up-to-date: /home/zac/franka_ws/install/moveit_hybrid_planning/lib/libsimple_sampler_plugin.so
[6.180s] -- Up-to-date: /home/zac/franka_ws/install/moveit_hybrid_planning/lib/libsingle_plan_execution_plugin.so.2.5.5
[6.180s] -- Up-to-date: /home/zac/franka_ws/install/moveit_hybrid_planning/lib/libsingle_plan_execution_plugin.so
[6.180s] -- Up-to-date: /home/zac/franka_ws/install/moveit_hybrid_planning/lib/moveit_hybrid_planning/cancel_action
[6.180s] -- Up-to-date: /home/zac/franka_ws/install/moveit_hybrid_planning/lib/moveit_hybrid_planning/hybrid_planning_demo_node
[6.182s] -- Up-to-date: /home/zac/franka_ws/install/moveit_hybrid_planning/share/moveit_hybrid_planning/cmake/export_moveit_hybrid_planningExport.cmake
[6.182s] -- Up-to-date: /home/zac/franka_ws/install/moveit_hybrid_planning/share/moveit_hybrid_planning/cmake/export_moveit_hybrid_planningExport-release.cmake
[6.187s] Invoked command in '/home/zac/franka_ws/build/moveit_hybrid_planning' returned '0': AMENT_PREFIX_PATH=/home/zac/franka_ws/install/moveit_ros_planning_interface:/home/zac/franka_ws/install/moveit_ros_move_group:/home/zac/franka_ws/install/moveit_ros_warehouse:/home/zac/franka_ws/install/moveit_planners_ompl:/home/zac/franka_ws/install/moveit_kinematics:/home/zac/franka_ws/install/moveit_ros_planning:/home/zac/franka_ws/install/moveit_simple_controller_manager:/home/zac/franka_ws/install/moveit_ros_occupancy_map_monitor:/home/zac/franka_ws/install/moveit_core:/home/zac/franka_ws/install/moveit_configs_utils:/home/zac/franka_ws/install/moveit_common:${AMENT_PREFIX_PATH} CMAKE_PREFIX_PATH=/home/zac/franka_ws/install/moveit_ros_planning_interface:/home/zac/franka_ws/install/moveit_ros_move_group:/home/zac/franka_ws/install/moveit_ros_warehouse:/home/zac/franka_ws/install/moveit_planners_ompl:/home/zac/franka_ws/install/moveit_kinematics:/home/zac/franka_ws/install/moveit_ros_planning:/home/zac/franka_ws/install/moveit_simple_controller_manager:/home/zac/franka_ws/install/moveit_ros_occupancy_map_monitor:/home/zac/franka_ws/install/moveit_core:/home/zac/franka_ws/install/moveit_common:/opt/ros/humble LD_LIBRARY_PATH=/home/zac/franka_ws/install/moveit_ros_planning_interface/lib:/home/zac/franka_ws/install/moveit_ros_move_group/lib:/home/zac/franka_ws/install/moveit_ros_warehouse/lib:/home/zac/franka_ws/install/moveit_planners_ompl/lib:/home/zac/franka_ws/install/moveit_kinematics/lib:/home/zac/franka_ws/install/moveit_ros_planning/lib:/home/zac/franka_ws/install/moveit_simple_controller_manager/lib:/home/zac/franka_ws/install/moveit_ros_occupancy_map_monitor/lib:/home/zac/franka_ws/install/moveit_core/lib:${LD_LIBRARY_PATH} PATH=/home/zac/franka_ws/install/moveit_core/bin:${PATH} PYTHONPATH=/home/zac/franka_ws/build/moveit_configs_utils:/home/zac/franka_ws/install/moveit_configs_utils/lib/python3.10/site-packages:${PYTHONPATH} /usr/bin/cmake --install /home/zac/franka_ws/build/moveit_hybrid_planning
