[0.024s] Invoking command in '/home/zac/franka_ws/build/franka_gripper': CMAKE_PREFIX_PATH=/home/zac/franka_ws/install/franka_msgs:/home/zac/franka_ws/install/moveit_resources_prbt_support:/home/zac/franka_ws/install/moveit_common:/home/zac/franka_ws/install/joint_trajectory_controller:/home/zac/franka_ws/install/integration_launch_testing:/home/zac/franka_ws/install/franka_bringup:/home/zac/franka_ws/install/franka_robot_state_broadcaster:/home/zac/franka_ws/install/franka_example_controllers:/home/zac/franka_ws/install/franka_semantic_components:/home/zac/franka_ws/install/franka_gazebo_bringup:/home/zac/franka_ws/install/franka_ign_ros2_control:/home/zac/franka_ws/install/franka_fr3_moveit_config:/home/zac/franka_ws/install/franka_hardware:/home/zac/franka_ws/install/franka_gripper:/home/zac/franka_ws/install/franka_description:/home/zac/franka_ws/install/moveit_configs_utils:/opt/ros/humble LD_LIBRARY_PATH=/home/zac/franka_ws/install/franka_msgs/lib:/home/zac/franka_ws/install/joint_trajectory_controller/lib:/home/zac/franka_ws/install/integration_launch_testing/lib:/home/zac/franka_ws/install/franka_robot_state_broadcaster/lib:/home/zac/franka_ws/install/franka_example_controllers/lib:/home/zac/franka_ws/install/franka_semantic_components/lib:/home/zac/franka_ws/install/franka_ign_ros2_control/lib:/home/zac/franka_ws/install/franka_hardware/lib:/home/zac/franka_ws/install/franka_gripper/lib:/opt/ros/humble/opt/rviz_ogre_vendor/lib:/opt/ros/humble/lib/x86_64-linux-gnu:/opt/ros/humble/lib /usr/bin/cmake --build /home/zac/franka_ws/build/franka_gripper -- -j8 -l8
[0.123s] [ 50%] Built target gripper_server
[0.173s] [ 50%] Built target ament_cmake_python_copy_franka_gripper
[0.217s] [100%] Built target franka_gripper_node
[0.660s] running egg_info
[0.661s] writing franka_gripper.egg-info/PKG-INFO
[0.662s] writing dependency_links to franka_gripper.egg-info/dependency_links.txt
[0.662s] writing top-level names to franka_gripper.egg-info/top_level.txt
[0.665s] reading manifest file 'franka_gripper.egg-info/SOURCES.txt'
[0.666s] writing manifest file 'franka_gripper.egg-info/SOURCES.txt'
[0.711s] [100%] Built target ament_cmake_python_build_franka_gripper_egg
[0.730s] Invoked command in '/home/zac/franka_ws/build/franka_gripper' returned '0': CMAKE_PREFIX_PATH=/home/zac/franka_ws/install/franka_msgs:/home/zac/franka_ws/install/moveit_resources_prbt_support:/home/zac/franka_ws/install/moveit_common:/home/zac/franka_ws/install/joint_trajectory_controller:/home/zac/franka_ws/install/integration_launch_testing:/home/zac/franka_ws/install/franka_bringup:/home/zac/franka_ws/install/franka_robot_state_broadcaster:/home/zac/franka_ws/install/franka_example_controllers:/home/zac/franka_ws/install/franka_semantic_components:/home/zac/franka_ws/install/franka_gazebo_bringup:/home/zac/franka_ws/install/franka_ign_ros2_control:/home/zac/franka_ws/install/franka_fr3_moveit_config:/home/zac/franka_ws/install/franka_hardware:/home/zac/franka_ws/install/franka_gripper:/home/zac/franka_ws/install/franka_description:/home/zac/franka_ws/install/moveit_configs_utils:/opt/ros/humble LD_LIBRARY_PATH=/home/zac/franka_ws/install/franka_msgs/lib:/home/zac/franka_ws/install/joint_trajectory_controller/lib:/home/zac/franka_ws/install/integration_launch_testing/lib:/home/zac/franka_ws/install/franka_robot_state_broadcaster/lib:/home/zac/franka_ws/install/franka_example_controllers/lib:/home/zac/franka_ws/install/franka_semantic_components/lib:/home/zac/franka_ws/install/franka_ign_ros2_control/lib:/home/zac/franka_ws/install/franka_hardware/lib:/home/zac/franka_ws/install/franka_gripper/lib:/opt/ros/humble/opt/rviz_ogre_vendor/lib:/opt/ros/humble/lib/x86_64-linux-gnu:/opt/ros/humble/lib /usr/bin/cmake --build /home/zac/franka_ws/build/franka_gripper -- -j8 -l8
[0.795s] Invoking command in '/home/zac/franka_ws/build/franka_gripper': CMAKE_PREFIX_PATH=/home/zac/franka_ws/install/franka_msgs:/home/zac/franka_ws/install/moveit_resources_prbt_support:/home/zac/franka_ws/install/moveit_common:/home/zac/franka_ws/install/joint_trajectory_controller:/home/zac/franka_ws/install/integration_launch_testing:/home/zac/franka_ws/install/franka_bringup:/home/zac/franka_ws/install/franka_robot_state_broadcaster:/home/zac/franka_ws/install/franka_example_controllers:/home/zac/franka_ws/install/franka_semantic_components:/home/zac/franka_ws/install/franka_gazebo_bringup:/home/zac/franka_ws/install/franka_ign_ros2_control:/home/zac/franka_ws/install/franka_fr3_moveit_config:/home/zac/franka_ws/install/franka_hardware:/home/zac/franka_ws/install/franka_gripper:/home/zac/franka_ws/install/franka_description:/home/zac/franka_ws/install/moveit_configs_utils:/opt/ros/humble LD_LIBRARY_PATH=/home/zac/franka_ws/install/franka_msgs/lib:/home/zac/franka_ws/install/joint_trajectory_controller/lib:/home/zac/franka_ws/install/integration_launch_testing/lib:/home/zac/franka_ws/install/franka_robot_state_broadcaster/lib:/home/zac/franka_ws/install/franka_example_controllers/lib:/home/zac/franka_ws/install/franka_semantic_components/lib:/home/zac/franka_ws/install/franka_ign_ros2_control/lib:/home/zac/franka_ws/install/franka_hardware/lib:/home/zac/franka_ws/install/franka_gripper/lib:/opt/ros/humble/opt/rviz_ogre_vendor/lib:/opt/ros/humble/lib/x86_64-linux-gnu:/opt/ros/humble/lib /usr/bin/cmake --install /home/zac/franka_ws/build/franka_gripper
[0.810s] -- Install configuration: "Release"
[0.811s] -- Up-to-date: /home/zac/franka_ws/install/franka_gripper/lib/franka_gripper/franka_gripper_node
[0.812s] -- Up-to-date: /home/zac/franka_ws/install/franka_gripper/lib/libgripper_server.so
[0.812s] -- Up-to-date: /home/zac/franka_ws/install/franka_gripper/share/franka_gripper//launch
[0.812s] -- Up-to-date: /home/zac/franka_ws/install/franka_gripper/share/franka_gripper//launch/gripper.launch.py
[0.812s] -- Up-to-date: /home/zac/franka_ws/install/franka_gripper/share/franka_gripper//config
[0.813s] -- Up-to-date: /home/zac/franka_ws/install/franka_gripper/share/franka_gripper//config/franka_gripper_node.yaml
[0.813s] -- Up-to-date: /home/zac/franka_ws/install/franka_gripper/share/franka_gripper/environment/pythonpath.sh
[0.813s] -- Up-to-date: /home/zac/franka_ws/install/franka_gripper/share/franka_gripper/environment/pythonpath.dsv
[0.813s] -- Up-to-date: /home/zac/franka_ws/install/franka_gripper/local/lib/python3.10/dist-packages/franka_gripper-0.1.15-py3.10.egg-info
[0.813s] -- Installing: /home/zac/franka_ws/install/franka_gripper/local/lib/python3.10/dist-packages/franka_gripper-0.1.15-py3.10.egg-info/top_level.txt
[0.813s] -- Installing: /home/zac/franka_ws/install/franka_gripper/local/lib/python3.10/dist-packages/franka_gripper-0.1.15-py3.10.egg-info/dependency_links.txt
[0.814s] -- Installing: /home/zac/franka_ws/install/franka_gripper/local/lib/python3.10/dist-packages/franka_gripper-0.1.15-py3.10.egg-info/PKG-INFO
[0.814s] -- Installing: /home/zac/franka_ws/install/franka_gripper/local/lib/python3.10/dist-packages/franka_gripper-0.1.15-py3.10.egg-info/SOURCES.txt
[0.814s] -- Up-to-date: /home/zac/franka_ws/install/franka_gripper/local/lib/python3.10/dist-packages/franka_gripper
[0.814s] -- Up-to-date: /home/zac/franka_ws/install/franka_gripper/local/lib/python3.10/dist-packages/franka_gripper/__init__.py
[0.868s] Listing '/home/zac/franka_ws/install/franka_gripper/local/lib/python3.10/dist-packages/franka_gripper'...
[0.878s] -- Up-to-date: /home/zac/franka_ws/install/franka_gripper/lib/franka_gripper/fake_gripper_state_publisher.py
[0.879s] -- Up-to-date: /home/zac/franka_ws/install/franka_gripper/share/ament_index/resource_index/package_run_dependencies/franka_gripper
[0.879s] -- Up-to-date: /home/zac/franka_ws/install/franka_gripper/share/ament_index/resource_index/parent_prefix_path/franka_gripper
[0.879s] -- Up-to-date: /home/zac/franka_ws/install/franka_gripper/share/franka_gripper/environment/ament_prefix_path.sh
[0.879s] -- Up-to-date: /home/zac/franka_ws/install/franka_gripper/share/franka_gripper/environment/ament_prefix_path.dsv
[0.880s] -- Up-to-date: /home/zac/franka_ws/install/franka_gripper/share/franka_gripper/environment/path.sh
[0.880s] -- Up-to-date: /home/zac/franka_ws/install/franka_gripper/share/franka_gripper/environment/path.dsv
[0.880s] -- Up-to-date: /home/zac/franka_ws/install/franka_gripper/share/franka_gripper/local_setup.bash
[0.881s] -- Up-to-date: /home/zac/franka_ws/install/franka_gripper/share/franka_gripper/local_setup.sh
[0.881s] -- Up-to-date: /home/zac/franka_ws/install/franka_gripper/share/franka_gripper/local_setup.zsh
[0.881s] -- Up-to-date: /home/zac/franka_ws/install/franka_gripper/share/franka_gripper/local_setup.dsv
[0.881s] -- Up-to-date: /home/zac/franka_ws/install/franka_gripper/share/franka_gripper/package.dsv
[0.882s] -- Up-to-date: /home/zac/franka_ws/install/franka_gripper/share/ament_index/resource_index/packages/franka_gripper
[0.882s] -- Up-to-date: /home/zac/franka_ws/install/franka_gripper/share/ament_index/resource_index/rclcpp_components/franka_gripper
[0.882s] -- Up-to-date: /home/zac/franka_ws/install/franka_gripper/share/franka_gripper/cmake/franka_gripperConfig.cmake
[0.882s] -- Up-to-date: /home/zac/franka_ws/install/franka_gripper/share/franka_gripper/cmake/franka_gripperConfig-version.cmake
[0.882s] -- Up-to-date: /home/zac/franka_ws/install/franka_gripper/share/franka_gripper/package.xml
[0.885s] Invoked command in '/home/zac/franka_ws/build/franka_gripper' returned '0': CMAKE_PREFIX_PATH=/home/zac/franka_ws/install/franka_msgs:/home/zac/franka_ws/install/moveit_resources_prbt_support:/home/zac/franka_ws/install/moveit_common:/home/zac/franka_ws/install/joint_trajectory_controller:/home/zac/franka_ws/install/integration_launch_testing:/home/zac/franka_ws/install/franka_bringup:/home/zac/franka_ws/install/franka_robot_state_broadcaster:/home/zac/franka_ws/install/franka_example_controllers:/home/zac/franka_ws/install/franka_semantic_components:/home/zac/franka_ws/install/franka_gazebo_bringup:/home/zac/franka_ws/install/franka_ign_ros2_control:/home/zac/franka_ws/install/franka_fr3_moveit_config:/home/zac/franka_ws/install/franka_hardware:/home/zac/franka_ws/install/franka_gripper:/home/zac/franka_ws/install/franka_description:/home/zac/franka_ws/install/moveit_configs_utils:/opt/ros/humble LD_LIBRARY_PATH=/home/zac/franka_ws/install/franka_msgs/lib:/home/zac/franka_ws/install/joint_trajectory_controller/lib:/home/zac/franka_ws/install/integration_launch_testing/lib:/home/zac/franka_ws/install/franka_robot_state_broadcaster/lib:/home/zac/franka_ws/install/franka_example_controllers/lib:/home/zac/franka_ws/install/franka_semantic_components/lib:/home/zac/franka_ws/install/franka_ign_ros2_control/lib:/home/zac/franka_ws/install/franka_hardware/lib:/home/zac/franka_ws/install/franka_gripper/lib:/opt/ros/humble/opt/rviz_ogre_vendor/lib:/opt/ros/humble/lib/x86_64-linux-gnu:/opt/ros/humble/lib /usr/bin/cmake --install /home/zac/franka_ws/build/franka_gripper
