[0.021s] Invoking command in '/home/zac/franka_ws/build/franka_gazebo_bringup': AMENT_PREFIX_PATH=/home/zac/franka_ws/install/franka_ign_ros2_control:/home/zac/franka_ws/install/franka_hardware:/home/zac/franka_ws/install/franka_msgs:/home/zac/franka_ws/install/franka_description:${AMENT_PREFIX_PATH} CMAKE_PREFIX_PATH=/home/zac/franka_ws/install/franka_ign_ros2_control:/home/zac/franka_ws/install/franka_hardware:/home/zac/franka_ws/install/franka_msgs:/home/zac/franka_ws/install/franka_description:/opt/ros/humble LD_LIBRARY_PATH=/home/zac/franka_ws/install/franka_ign_ros2_control/lib:/home/zac/franka_ws/install/franka_hardware/lib:/home/zac/franka_ws/install/franka_msgs/lib:${LD_LIBRARY_PATH} PYTHONPATH=/home/zac/franka_ws/install/franka_msgs/local/lib/python3.10/dist-packages:${PYTHONPATH} /usr/bin/cmake /home/zac/franka_ws/src/franka_ros2/franka_gazebo/franka_gazebo_bringup -DCMAKE_INSTALL_PREFIX=/home/zac/franka_ws/install/franka_gazebo_bringup
[0.039s] -- Found ament_cmake: 1.3.10 (/opt/ros/humble/share/ament_cmake/cmake)
[0.240s] -- Found ament_lint_auto: 0.12.11 (/opt/ros/humble/share/ament_lint_auto/cmake)
[0.345s] -- Configuring done
[0.351s] -- Generating done
[0.353s] -- Build files have been written to: /home/zac/franka_ws/build/franka_gazebo_bringup
[0.357s] Invoked command in '/home/zac/franka_ws/build/franka_gazebo_bringup' returned '0': AMENT_PREFIX_PATH=/home/zac/franka_ws/install/franka_ign_ros2_control:/home/zac/franka_ws/install/franka_hardware:/home/zac/franka_ws/install/franka_msgs:/home/zac/franka_ws/install/franka_description:${AMENT_PREFIX_PATH} CMAKE_PREFIX_PATH=/home/zac/franka_ws/install/franka_ign_ros2_control:/home/zac/franka_ws/install/franka_hardware:/home/zac/franka_ws/install/franka_msgs:/home/zac/franka_ws/install/franka_description:/opt/ros/humble LD_LIBRARY_PATH=/home/zac/franka_ws/install/franka_ign_ros2_control/lib:/home/zac/franka_ws/install/franka_hardware/lib:/home/zac/franka_ws/install/franka_msgs/lib:${LD_LIBRARY_PATH} PYTHONPATH=/home/zac/franka_ws/install/franka_msgs/local/lib/python3.10/dist-packages:${PYTHONPATH} /usr/bin/cmake /home/zac/franka_ws/src/franka_ros2/franka_gazebo/franka_gazebo_bringup -DCMAKE_INSTALL_PREFIX=/home/zac/franka_ws/install/franka_gazebo_bringup
[0.359s] Invoking command in '/home/zac/franka_ws/build/franka_gazebo_bringup': AMENT_PREFIX_PATH=/home/zac/franka_ws/install/franka_ign_ros2_control:/home/zac/franka_ws/install/franka_hardware:/home/zac/franka_ws/install/franka_msgs:/home/zac/franka_ws/install/franka_description:${AMENT_PREFIX_PATH} CMAKE_PREFIX_PATH=/home/zac/franka_ws/install/franka_ign_ros2_control:/home/zac/franka_ws/install/franka_hardware:/home/zac/franka_ws/install/franka_msgs:/home/zac/franka_ws/install/franka_description:/opt/ros/humble LD_LIBRARY_PATH=/home/zac/franka_ws/install/franka_ign_ros2_control/lib:/home/zac/franka_ws/install/franka_hardware/lib:/home/zac/franka_ws/install/franka_msgs/lib:${LD_LIBRARY_PATH} PYTHONPATH=/home/zac/franka_ws/install/franka_msgs/local/lib/python3.10/dist-packages:${PYTHONPATH} /usr/bin/cmake --build /home/zac/franka_ws/build/franka_gazebo_bringup -- -j8 -l8
[0.414s] Invoked command in '/home/zac/franka_ws/build/franka_gazebo_bringup' returned '0': AMENT_PREFIX_PATH=/home/zac/franka_ws/install/franka_ign_ros2_control:/home/zac/franka_ws/install/franka_hardware:/home/zac/franka_ws/install/franka_msgs:/home/zac/franka_ws/install/franka_description:${AMENT_PREFIX_PATH} CMAKE_PREFIX_PATH=/home/zac/franka_ws/install/franka_ign_ros2_control:/home/zac/franka_ws/install/franka_hardware:/home/zac/franka_ws/install/franka_msgs:/home/zac/franka_ws/install/franka_description:/opt/ros/humble LD_LIBRARY_PATH=/home/zac/franka_ws/install/franka_ign_ros2_control/lib:/home/zac/franka_ws/install/franka_hardware/lib:/home/zac/franka_ws/install/franka_msgs/lib:${LD_LIBRARY_PATH} PYTHONPATH=/home/zac/franka_ws/install/franka_msgs/local/lib/python3.10/dist-packages:${PYTHONPATH} /usr/bin/cmake --build /home/zac/franka_ws/build/franka_gazebo_bringup -- -j8 -l8
[0.445s] Invoking command in '/home/zac/franka_ws/build/franka_gazebo_bringup': AMENT_PREFIX_PATH=/home/zac/franka_ws/install/franka_ign_ros2_control:/home/zac/franka_ws/install/franka_hardware:/home/zac/franka_ws/install/franka_msgs:/home/zac/franka_ws/install/franka_description:${AMENT_PREFIX_PATH} CMAKE_PREFIX_PATH=/home/zac/franka_ws/install/franka_ign_ros2_control:/home/zac/franka_ws/install/franka_hardware:/home/zac/franka_ws/install/franka_msgs:/home/zac/franka_ws/install/franka_description:/opt/ros/humble LD_LIBRARY_PATH=/home/zac/franka_ws/install/franka_ign_ros2_control/lib:/home/zac/franka_ws/install/franka_hardware/lib:/home/zac/franka_ws/install/franka_msgs/lib:${LD_LIBRARY_PATH} PYTHONPATH=/home/zac/franka_ws/install/franka_msgs/local/lib/python3.10/dist-packages:${PYTHONPATH} /usr/bin/cmake --install /home/zac/franka_ws/build/franka_gazebo_bringup
[0.456s] -- Install configuration: "Release"
[0.457s] -- Up-to-date: /home/zac/franka_ws/install/franka_gazebo_bringup/share/franka_gazebo_bringup/launch
[0.457s] -- Up-to-date: /home/zac/franka_ws/install/franka_gazebo_bringup/share/franka_gazebo_bringup/launch/gazebo_joint_velocity_controller_example.launch.py
[0.457s] -- Up-to-date: /home/zac/franka_ws/install/franka_gazebo_bringup/share/franka_gazebo_bringup/launch/visualize_franka_robot.launch.py
[0.457s] -- Up-to-date: /home/zac/franka_ws/install/franka_gazebo_bringup/share/franka_gazebo_bringup/launch/gazebo_joint_impedance_controller_example.launch.py
[0.457s] -- Up-to-date: /home/zac/franka_ws/install/franka_gazebo_bringup/share/franka_gazebo_bringup/launch/gazebo_joint_position_controller_example.launch.py
[0.457s] -- Up-to-date: /home/zac/franka_ws/install/franka_gazebo_bringup/share/franka_gazebo_bringup/config
[0.457s] -- Up-to-date: /home/zac/franka_ws/install/franka_gazebo_bringup/share/franka_gazebo_bringup/config/franka_gazebo_controllers.yaml
[0.458s] -- Up-to-date: /home/zac/franka_ws/install/franka_gazebo_bringup/share/ament_index/resource_index/package_run_dependencies/franka_gazebo_bringup
[0.458s] -- Up-to-date: /home/zac/franka_ws/install/franka_gazebo_bringup/share/ament_index/resource_index/parent_prefix_path/franka_gazebo_bringup
[0.458s] -- Up-to-date: /home/zac/franka_ws/install/franka_gazebo_bringup/share/franka_gazebo_bringup/environment/ament_prefix_path.sh
[0.458s] -- Installing: /home/zac/franka_ws/install/franka_gazebo_bringup/share/franka_gazebo_bringup/environment/ament_prefix_path.dsv
[0.458s] -- Up-to-date: /home/zac/franka_ws/install/franka_gazebo_bringup/share/franka_gazebo_bringup/environment/path.sh
[0.458s] -- Installing: /home/zac/franka_ws/install/franka_gazebo_bringup/share/franka_gazebo_bringup/environment/path.dsv
[0.458s] -- Up-to-date: /home/zac/franka_ws/install/franka_gazebo_bringup/share/franka_gazebo_bringup/local_setup.bash
[0.458s] -- Up-to-date: /home/zac/franka_ws/install/franka_gazebo_bringup/share/franka_gazebo_bringup/local_setup.sh
[0.459s] -- Up-to-date: /home/zac/franka_ws/install/franka_gazebo_bringup/share/franka_gazebo_bringup/local_setup.zsh
[0.459s] -- Installing: /home/zac/franka_ws/install/franka_gazebo_bringup/share/franka_gazebo_bringup/local_setup.dsv
[0.459s] -- Installing: /home/zac/franka_ws/install/franka_gazebo_bringup/share/franka_gazebo_bringup/package.dsv
[0.459s] -- Up-to-date: /home/zac/franka_ws/install/franka_gazebo_bringup/share/ament_index/resource_index/packages/franka_gazebo_bringup
[0.459s] -- Up-to-date: /home/zac/franka_ws/install/franka_gazebo_bringup/share/franka_gazebo_bringup/cmake/franka_gazebo_bringupConfig.cmake
[0.459s] -- Up-to-date: /home/zac/franka_ws/install/franka_gazebo_bringup/share/franka_gazebo_bringup/cmake/franka_gazebo_bringupConfig-version.cmake
[0.459s] -- Up-to-date: /home/zac/franka_ws/install/franka_gazebo_bringup/share/franka_gazebo_bringup/package.xml
[0.462s] Invoked command in '/home/zac/franka_ws/build/franka_gazebo_bringup' returned '0': AMENT_PREFIX_PATH=/home/zac/franka_ws/install/franka_ign_ros2_control:/home/zac/franka_ws/install/franka_hardware:/home/zac/franka_ws/install/franka_msgs:/home/zac/franka_ws/install/franka_description:${AMENT_PREFIX_PATH} CMAKE_PREFIX_PATH=/home/zac/franka_ws/install/franka_ign_ros2_control:/home/zac/franka_ws/install/franka_hardware:/home/zac/franka_ws/install/franka_msgs:/home/zac/franka_ws/install/franka_description:/opt/ros/humble LD_LIBRARY_PATH=/home/zac/franka_ws/install/franka_ign_ros2_control/lib:/home/zac/franka_ws/install/franka_hardware/lib:/home/zac/franka_ws/install/franka_msgs/lib:${LD_LIBRARY_PATH} PYTHONPATH=/home/zac/franka_ws/install/franka_msgs/local/lib/python3.10/dist-packages:${PYTHONPATH} /usr/bin/cmake --install /home/zac/franka_ws/build/franka_gazebo_bringup
