[0.021s] Invoking command in '/home/zac/franka_ws/build/franka_hardware': AMENT_PREFIX_PATH=/home/zac/franka_ws/install/franka_msgs:${AMENT_PREFIX_PATH} CMAKE_PREFIX_PATH=/home/zac/franka_ws/install/franka_msgs:/opt/ros/humble LD_LIBRARY_PATH=/home/zac/franka_ws/install/franka_msgs/lib:${LD_LIBRARY_PATH} PYTHONPATH=/home/zac/franka_ws/install/franka_msgs/local/lib/python3.10/dist-packages:${PYTHONPATH} /usr/bin/cmake --build /home/zac/franka_ws/build/franka_hardware -- -j8 -l8
[0.122s] [ 11%] Built target gmock_main
[0.130s] [ 27%] Built target gmock
[0.144s] [ 61%] Built target franka_hardware
[0.201s] [ 72%] Built target franka_hardware_command_interface_test
[0.205s] [ 88%] Built target franka_hardware_test
[0.207s] [100%] Built target franka_hardware_robot_test
[0.228s] Invoked command in '/home/zac/franka_ws/build/franka_hardware' returned '0': AMENT_PREFIX_PATH=/home/zac/franka_ws/install/franka_msgs:${AMENT_PREFIX_PATH} CMAKE_PREFIX_PATH=/home/zac/franka_ws/install/franka_msgs:/opt/ros/humble LD_LIBRARY_PATH=/home/zac/franka_ws/install/franka_msgs/lib:${LD_LIBRARY_PATH} PYTHONPATH=/home/zac/franka_ws/install/franka_msgs/local/lib/python3.10/dist-packages:${PYTHONPATH} /usr/bin/cmake --build /home/zac/franka_ws/build/franka_hardware -- -j8 -l8
[0.295s] Invoking command in '/home/zac/franka_ws/build/franka_hardware': AMENT_PREFIX_PATH=/home/zac/franka_ws/install/franka_msgs:${AMENT_PREFIX_PATH} CMAKE_PREFIX_PATH=/home/zac/franka_ws/install/franka_msgs:/opt/ros/humble LD_LIBRARY_PATH=/home/zac/franka_ws/install/franka_msgs/lib:${LD_LIBRARY_PATH} PYTHONPATH=/home/zac/franka_ws/install/franka_msgs/local/lib/python3.10/dist-packages:${PYTHONPATH} /usr/bin/cmake --install /home/zac/franka_ws/build/franka_hardware
[0.307s] -- Install configuration: "Release"
[0.308s] -- Execute custom install script
[0.309s] -- Up-to-date symlink: /home/zac/franka_ws/install/franka_hardware/share/franka_hardware//franka_hardware.xml
[0.310s] -- Up-to-date symlink: /home/zac/franka_ws/install/franka_hardware/lib/libfranka_hardware.so
[0.311s] -- Up-to-date symlink: /home/zac/franka_ws/install/franka_hardware/include/franka_hardware/franka_action_server.hpp
[0.312s] -- Up-to-date symlink: /home/zac/franka_ws/install/franka_hardware/include/franka_hardware/franka_executor.hpp
[0.312s] -- Up-to-date symlink: /home/zac/franka_ws/install/franka_hardware/include/franka_hardware/franka_hardware_interface.hpp
[0.312s] -- Up-to-date symlink: /home/zac/franka_ws/install/franka_hardware/include/franka_hardware/franka_param_service_server.hpp
[0.312s] -- Up-to-date symlink: /home/zac/franka_ws/install/franka_hardware/include/franka_hardware/model.hpp
[0.313s] -- Up-to-date symlink: /home/zac/franka_ws/install/franka_hardware/include/franka_hardware/robot.hpp
[0.313s] -- Up-to-date symlink: /home/zac/franka_ws/install/franka_hardware/share/franka_hardware/environment/library_path.sh
[0.313s] -- Up-to-date symlink: /home/zac/franka_ws/install/franka_hardware/share/franka_hardware/environment/library_path.dsv
[0.314s] -- Up-to-date symlink: /home/zac/franka_ws/install/franka_hardware/share/ament_index/resource_index/package_run_dependencies/franka_hardware
[0.314s] -- Up-to-date symlink: /home/zac/franka_ws/install/franka_hardware/share/ament_index/resource_index/parent_prefix_path/franka_hardware
[0.315s] -- Up-to-date symlink: /home/zac/franka_ws/install/franka_hardware/share/franka_hardware/environment/ament_prefix_path.sh
[0.315s] -- Up-to-date symlink: /home/zac/franka_ws/install/franka_hardware/share/franka_hardware/environment/ament_prefix_path.dsv
[0.315s] -- Up-to-date symlink: /home/zac/franka_ws/install/franka_hardware/share/franka_hardware/environment/path.sh
[0.316s] -- Up-to-date symlink: /home/zac/franka_ws/install/franka_hardware/share/franka_hardware/environment/path.dsv
[0.316s] -- Up-to-date symlink: /home/zac/franka_ws/install/franka_hardware/share/franka_hardware/local_setup.bash
[0.316s] -- Up-to-date symlink: /home/zac/franka_ws/install/franka_hardware/share/franka_hardware/local_setup.sh
[0.317s] -- Up-to-date symlink: /home/zac/franka_ws/install/franka_hardware/share/franka_hardware/local_setup.zsh
[0.317s] -- Up-to-date symlink: /home/zac/franka_ws/install/franka_hardware/share/franka_hardware/local_setup.dsv
[0.317s] -- Symlinking: /home/zac/franka_ws/install/franka_hardware/share/franka_hardware/package.dsv
[0.331s] -- Up-to-date symlink: /home/zac/franka_ws/install/franka_hardware/share/ament_index/resource_index/packages/franka_hardware
[0.331s] -- Up-to-date symlink: /home/zac/franka_ws/install/franka_hardware/share/ament_index/resource_index/hardware_interface__pluginlib__plugin/franka_hardware
[0.332s] -- Up-to-date symlink: /home/zac/franka_ws/install/franka_hardware/share/franka_hardware/cmake/ament_cmake_export_include_directories-extras.cmake
[0.332s] -- Up-to-date symlink: /home/zac/franka_ws/install/franka_hardware/share/franka_hardware/cmake/ament_cmake_export_libraries-extras.cmake
[0.332s] -- Up-to-date symlink: /home/zac/franka_ws/install/franka_hardware/share/franka_hardware/cmake/ament_cmake_export_dependencies-extras.cmake
[0.332s] -- Up-to-date symlink: /home/zac/franka_ws/install/franka_hardware/share/franka_hardware/cmake/franka_hardwareConfig.cmake
[0.333s] -- Up-to-date symlink: /home/zac/franka_ws/install/franka_hardware/share/franka_hardware/cmake/franka_hardwareConfig-version.cmake
[0.333s] -- Up-to-date symlink: /home/zac/franka_ws/install/franka_hardware/share/franka_hardware/package.xml
[0.337s] Invoked command in '/home/zac/franka_ws/build/franka_hardware' returned '0': AMENT_PREFIX_PATH=/home/zac/franka_ws/install/franka_msgs:${AMENT_PREFIX_PATH} CMAKE_PREFIX_PATH=/home/zac/franka_ws/install/franka_msgs:/opt/ros/humble LD_LIBRARY_PATH=/home/zac/franka_ws/install/franka_msgs/lib:${LD_LIBRARY_PATH} PYTHONPATH=/home/zac/franka_ws/install/franka_msgs/local/lib/python3.10/dist-packages:${PYTHONPATH} /usr/bin/cmake --install /home/zac/franka_ws/build/franka_hardware
