[0.020s] Invoking command in '/home/zac/franka_ws/build/franka_semantic_components': AMENT_PREFIX_PATH=/home/zac/franka_ws/install/franka_hardware:/home/zac/franka_ws/install/franka_msgs:${AMENT_PREFIX_PATH} CMAKE_PREFIX_PATH=/home/zac/franka_ws/install/franka_hardware:/home/zac/franka_ws/install/franka_msgs:/opt/ros/humble LD_LIBRARY_PATH=/home/zac/franka_ws/install/franka_hardware/lib:/home/zac/franka_ws/install/franka_msgs/lib:${LD_LIBRARY_PATH} PYTHONPATH=/home/zac/franka_ws/install/franka_msgs/local/lib/python3.10/dist-packages:${PYTHONPATH} /usr/bin/cmake /home/zac/franka_ws/src/franka_ros2/franka_semantic_components -DCMAKE_INSTALL_PREFIX=/home/zac/franka_ws/install/franka_semantic_components
[0.037s] -- Found ament_cmake: 1.3.10 (/opt/ros/humble/share/ament_cmake/cmake)
[0.242s] -- Found franka_hardware: 0.1.15 (/home/zac/franka_ws/install/franka_hardware/share/franka_hardware/cmake)
[0.293s] -- Found rosidl_generator_c: 3.1.5 (/opt/ros/humble/share/rosidl_generator_c/cmake)
[0.298s] -- Found rosidl_adapter: 3.1.5 (/opt/ros/humble/share/rosidl_adapter/cmake)
[0.308s] -- Found rosidl_generator_cpp: 3.1.5 (/opt/ros/humble/share/rosidl_generator_cpp/cmake)
[0.325s] -- Using all available rosidl_typesupport_c: rosidl_typesupport_fastrtps_c;rosidl_typesupport_introspection_c
[0.347s] -- Using all available rosidl_typesupport_cpp: rosidl_typesupport_fastrtps_cpp;rosidl_typesupport_introspection_cpp
[0.647s] -- Found rmw_implementation_cmake: 6.1.2 (/opt/ros/humble/share/rmw_implementation_cmake/cmake)
[0.650s] -- Found rmw_fastrtps_cpp: 6.2.7 (/opt/ros/humble/share/rmw_fastrtps_cpp/cmake)
[0.683s] -- Found TinyXML2 via Config file: TinyXML2_DIR-NOTFOUND
[0.698s] -- Found TinyXML2 via Config file: TinyXML2_DIR-NOTFOUND
[0.730s] -- Found TinyXML2 via Config file: TinyXML2_DIR-NOTFOUND
[0.744s] -- Found TinyXML2 via Config file: TinyXML2_DIR-NOTFOUND
[0.762s] -- Using RMW implementation 'rmw_fastrtps_cpp' as default
[0.861s] -- Found franka_msgs: 0.1.15 (/home/zac/franka_ws/install/franka_msgs/share/franka_msgs/cmake)
[0.913s] -- Found urdf: 2.6.0 (/opt/ros/humble/share/urdf/cmake)
[0.957s] -- Found ament_cmake_clang_format: 0.12.11 (/opt/ros/humble/share/ament_cmake_clang_format/cmake)
[0.958s] -- Found ament_cmake_copyright: 0.12.11 (/opt/ros/humble/share/ament_cmake_copyright/cmake)
[0.959s] -- Found ament_cmake_cppcheck: 0.12.11 (/opt/ros/humble/share/ament_cmake_cppcheck/cmake)
[0.960s] -- Found ament_cmake_flake8: 0.12.11 (/opt/ros/humble/share/ament_cmake_flake8/cmake)
[0.961s] -- Found ament_cmake_lint_cmake: 0.12.11 (/opt/ros/humble/share/ament_cmake_lint_cmake/cmake)
[0.962s] -- Found ament_cmake_pep257: 0.12.11 (/opt/ros/humble/share/ament_cmake_pep257/cmake)
[0.962s] -- Found ament_cmake_xmllint: 0.12.11 (/opt/ros/humble/share/ament_cmake_xmllint/cmake)
[0.964s] -- Found ament_cmake_gmock: 1.3.10 (/opt/ros/humble/share/ament_cmake_gmock/cmake)
[0.965s] -- Found controller_interface: 2.42.0 (/opt/ros/humble/share/controller_interface/cmake)
[0.978s] -- Found gmock sources under '/opt/ros/humble/src/gmock_vendor': C++ tests using 'Google Mock' will be built
[0.982s] -- Found ament_cmake_gtest: 1.3.10 (/opt/ros/humble/share/ament_cmake_gtest/cmake)
[0.983s] -- Found gtest sources under '/opt/ros/humble/src/gtest_vendor': C++ tests using 'Google Test' will be built
[1.187s] -- Configuring done
[1.536s] -- Generating done
[1.541s] -- Build files have been written to: /home/zac/franka_ws/build/franka_semantic_components
[1.560s] Invoked command in '/home/zac/franka_ws/build/franka_semantic_components' returned '0': AMENT_PREFIX_PATH=/home/zac/franka_ws/install/franka_hardware:/home/zac/franka_ws/install/franka_msgs:${AMENT_PREFIX_PATH} CMAKE_PREFIX_PATH=/home/zac/franka_ws/install/franka_hardware:/home/zac/franka_ws/install/franka_msgs:/opt/ros/humble LD_LIBRARY_PATH=/home/zac/franka_ws/install/franka_hardware/lib:/home/zac/franka_ws/install/franka_msgs/lib:${LD_LIBRARY_PATH} PYTHONPATH=/home/zac/franka_ws/install/franka_msgs/local/lib/python3.10/dist-packages:${PYTHONPATH} /usr/bin/cmake /home/zac/franka_ws/src/franka_ros2/franka_semantic_components -DCMAKE_INSTALL_PREFIX=/home/zac/franka_ws/install/franka_semantic_components
[1.562s] Invoking command in '/home/zac/franka_ws/build/franka_semantic_components': AMENT_PREFIX_PATH=/home/zac/franka_ws/install/franka_hardware:/home/zac/franka_ws/install/franka_msgs:${AMENT_PREFIX_PATH} CMAKE_PREFIX_PATH=/home/zac/franka_ws/install/franka_hardware:/home/zac/franka_ws/install/franka_msgs:/opt/ros/humble LD_LIBRARY_PATH=/home/zac/franka_ws/install/franka_hardware/lib:/home/zac/franka_ws/install/franka_msgs/lib:${LD_LIBRARY_PATH} PYTHONPATH=/home/zac/franka_ws/install/franka_msgs/local/lib/python3.10/dist-packages:${PYTHONPATH} /usr/bin/cmake --build /home/zac/franka_ws/build/franka_semantic_components -- -j8 -l8
[1.621s] [35m[1mConsolidate compiler generated dependencies of target franka_semantic_components[0m
[1.658s] [ 31%] Built target franka_semantic_components
[1.672s] [35m[1mConsolidate compiler generated dependencies of target gmock[0m
[1.695s] [ 45%] Built target gmock
[1.709s] [35m[1mConsolidate compiler generated dependencies of target gmock_main[0m
[1.729s] [ 54%] Built target gmock_main
[1.745s] [35m[1mConsolidate compiler generated dependencies of target test_franka_robot_state[0m
[1.768s] [ 63%] Built target test_franka_robot_state
[1.783s] [35m[1mConsolidate compiler generated dependencies of target franka_cartesian_pose_interface_test[0m
[1.809s] [ 72%] Built target franka_cartesian_pose_interface_test
[1.824s] [35m[1mConsolidate compiler generated dependencies of target franka_cartesian_velocity_interface_test[0m
[1.850s] [ 81%] Built target franka_cartesian_velocity_interface_test
[1.865s] [35m[1mConsolidate compiler generated dependencies of target franka_semantic_component_interface_test[0m
[1.889s] [ 90%] Built target franka_semantic_component_interface_test
[1.906s] [35m[1mConsolidate compiler generated dependencies of target test_franka_robot_model[0m
[1.928s] [100%] Built target test_franka_robot_model
[1.946s] Invoked command in '/home/zac/franka_ws/build/franka_semantic_components' returned '0': AMENT_PREFIX_PATH=/home/zac/franka_ws/install/franka_hardware:/home/zac/franka_ws/install/franka_msgs:${AMENT_PREFIX_PATH} CMAKE_PREFIX_PATH=/home/zac/franka_ws/install/franka_hardware:/home/zac/franka_ws/install/franka_msgs:/opt/ros/humble LD_LIBRARY_PATH=/home/zac/franka_ws/install/franka_hardware/lib:/home/zac/franka_ws/install/franka_msgs/lib:${LD_LIBRARY_PATH} PYTHONPATH=/home/zac/franka_ws/install/franka_msgs/local/lib/python3.10/dist-packages:${PYTHONPATH} /usr/bin/cmake --build /home/zac/franka_ws/build/franka_semantic_components -- -j8 -l8
[2.018s] Invoking command in '/home/zac/franka_ws/build/franka_semantic_components': AMENT_PREFIX_PATH=/home/zac/franka_ws/install/franka_hardware:/home/zac/franka_ws/install/franka_msgs:${AMENT_PREFIX_PATH} CMAKE_PREFIX_PATH=/home/zac/franka_ws/install/franka_hardware:/home/zac/franka_ws/install/franka_msgs:/opt/ros/humble LD_LIBRARY_PATH=/home/zac/franka_ws/install/franka_hardware/lib:/home/zac/franka_ws/install/franka_msgs/lib:${LD_LIBRARY_PATH} PYTHONPATH=/home/zac/franka_ws/install/franka_msgs/local/lib/python3.10/dist-packages:${PYTHONPATH} /usr/bin/cmake --install /home/zac/franka_ws/build/franka_semantic_components
[2.027s] -- Install configuration: "Release"
[2.027s] -- Up-to-date: /home/zac/franka_ws/install/franka_semantic_components/lib/libfranka_semantic_components.so
[2.028s] -- Up-to-date: /home/zac/franka_ws/install/franka_semantic_components/include
[2.028s] -- Up-to-date: /home/zac/franka_ws/install/franka_semantic_components/include/franka_semantic_components
[2.028s] -- Up-to-date: /home/zac/franka_ws/install/franka_semantic_components/include/franka_semantic_components/franka_robot_model.hpp
[2.028s] -- Up-to-date: /home/zac/franka_ws/install/franka_semantic_components/include/franka_semantic_components/franka_robot_state.hpp
[2.028s] -- Up-to-date: /home/zac/franka_ws/install/franka_semantic_components/include/franka_semantic_components/franka_cartesian_pose_interface.hpp
[2.028s] -- Up-to-date: /home/zac/franka_ws/install/franka_semantic_components/include/franka_semantic_components/franka_cartesian_velocity_interface.hpp
[2.029s] -- Up-to-date: /home/zac/franka_ws/install/franka_semantic_components/include/franka_semantic_components/franka_semantic_component_interface.hpp
[2.029s] -- Up-to-date: /home/zac/franka_ws/install/franka_semantic_components/share/franka_semantic_components/robot_description_test.txt
[2.029s] -- Up-to-date: /home/zac/franka_ws/install/franka_semantic_components/share/franka_semantic_components/environment/library_path.sh
[2.029s] -- Installing: /home/zac/franka_ws/install/franka_semantic_components/share/franka_semantic_components/environment/library_path.dsv
[2.029s] -- Up-to-date: /home/zac/franka_ws/install/franka_semantic_components/share/ament_index/resource_index/package_run_dependencies/franka_semantic_components
[2.029s] -- Up-to-date: /home/zac/franka_ws/install/franka_semantic_components/share/ament_index/resource_index/parent_prefix_path/franka_semantic_components
[2.029s] -- Up-to-date: /home/zac/franka_ws/install/franka_semantic_components/share/franka_semantic_components/environment/ament_prefix_path.sh
[2.029s] -- Installing: /home/zac/franka_ws/install/franka_semantic_components/share/franka_semantic_components/environment/ament_prefix_path.dsv
[2.029s] -- Up-to-date: /home/zac/franka_ws/install/franka_semantic_components/share/franka_semantic_components/environment/path.sh
[2.030s] -- Installing: /home/zac/franka_ws/install/franka_semantic_components/share/franka_semantic_components/environment/path.dsv
[2.030s] -- Up-to-date: /home/zac/franka_ws/install/franka_semantic_components/share/franka_semantic_components/local_setup.bash
[2.030s] -- Up-to-date: /home/zac/franka_ws/install/franka_semantic_components/share/franka_semantic_components/local_setup.sh
[2.030s] -- Up-to-date: /home/zac/franka_ws/install/franka_semantic_components/share/franka_semantic_components/local_setup.zsh
[2.030s] -- Installing: /home/zac/franka_ws/install/franka_semantic_components/share/franka_semantic_components/local_setup.dsv
[2.031s] -- Installing: /home/zac/franka_ws/install/franka_semantic_components/share/franka_semantic_components/package.dsv
[2.031s] -- Up-to-date: /home/zac/franka_ws/install/franka_semantic_components/share/ament_index/resource_index/packages/franka_semantic_components
[2.031s] -- Up-to-date: /home/zac/franka_ws/install/franka_semantic_components/share/franka_semantic_components/cmake/ament_cmake_export_include_directories-extras.cmake
[2.031s] -- Up-to-date: /home/zac/franka_ws/install/franka_semantic_components/share/franka_semantic_components/cmake/ament_cmake_export_libraries-extras.cmake
[2.031s] -- Up-to-date: /home/zac/franka_ws/install/franka_semantic_components/share/franka_semantic_components/cmake/ament_cmake_export_dependencies-extras.cmake
[2.031s] -- Up-to-date: /home/zac/franka_ws/install/franka_semantic_components/share/franka_semantic_components/cmake/franka_semantic_componentsConfig.cmake
[2.032s] -- Up-to-date: /home/zac/franka_ws/install/franka_semantic_components/share/franka_semantic_components/cmake/franka_semantic_componentsConfig-version.cmake
[2.032s] -- Up-to-date: /home/zac/franka_ws/install/franka_semantic_components/share/franka_semantic_components/package.xml
[2.035s] Invoked command in '/home/zac/franka_ws/build/franka_semantic_components' returned '0': AMENT_PREFIX_PATH=/home/zac/franka_ws/install/franka_hardware:/home/zac/franka_ws/install/franka_msgs:${AMENT_PREFIX_PATH} CMAKE_PREFIX_PATH=/home/zac/franka_ws/install/franka_hardware:/home/zac/franka_ws/install/franka_msgs:/opt/ros/humble LD_LIBRARY_PATH=/home/zac/franka_ws/install/franka_hardware/lib:/home/zac/franka_ws/install/franka_msgs/lib:${LD_LIBRARY_PATH} PYTHONPATH=/home/zac/franka_ws/install/franka_msgs/local/lib/python3.10/dist-packages:${PYTHONPATH} /usr/bin/cmake --install /home/zac/franka_ws/build/franka_semantic_components
