[0.030s] Invoking command in '/home/zac/franka_ws/build/franka_robot_state_broadcaster': AMENT_PREFIX_PATH=/home/zac/franka_ws/install/franka_semantic_components:/home/zac/franka_ws/install/franka_hardware:/home/zac/franka_ws/install/franka_msgs:${AMENT_PREFIX_PATH} CMAKE_PREFIX_PATH=/home/zac/franka_ws/install/franka_semantic_components:/home/zac/franka_ws/install/franka_hardware:/home/zac/franka_ws/install/franka_msgs:/opt/ros/humble LD_LIBRARY_PATH=/home/zac/franka_ws/install/franka_semantic_components/lib:/home/zac/franka_ws/install/franka_hardware/lib:/home/zac/franka_ws/install/franka_msgs/lib:${LD_LIBRARY_PATH} PYTHONPATH=/home/zac/franka_ws/install/franka_msgs/local/lib/python3.10/dist-packages:${PYTHONPATH} /usr/bin/cmake --build /home/zac/franka_ws/build/franka_robot_state_broadcaster -- -j8 -l8
[0.087s] -- Found ament_cmake: 1.3.10 (/opt/ros/humble/share/ament_cmake/cmake)
[0.284s] -- Override CMake install command with custom implementation using symlinks instead of copying resources
[0.302s] -- Found builtin_interfaces: 1.2.1 (/opt/ros/humble/share/builtin_interfaces/cmake)
[0.359s] -- Found rosidl_generator_c: 3.1.5 (/opt/ros/humble/share/rosidl_generator_c/cmake)
[0.366s] -- Found rosidl_adapter: 3.1.5 (/opt/ros/humble/share/rosidl_adapter/cmake)
[0.380s] -- Found rosidl_generator_cpp: 3.1.5 (/opt/ros/humble/share/rosidl_generator_cpp/cmake)
[0.403s] -- Using all available rosidl_typesupport_c: rosidl_typesupport_fastrtps_c;rosidl_typesupport_introspection_c
[0.433s] -- Using all available rosidl_typesupport_cpp: rosidl_typesupport_fastrtps_cpp;rosidl_typesupport_introspection_cpp
[0.461s] -- Found control_msgs: 4.6.0 (/opt/ros/humble/share/control_msgs/cmake)
[0.722s] -- Found controller_interface: 2.42.0 (/opt/ros/humble/share/controller_interface/cmake)
[0.862s] -- Found rmw_implementation_cmake: 6.1.2 (/opt/ros/humble/share/rmw_implementation_cmake/cmake)
[0.865s] -- Found rmw_fastrtps_cpp: 6.2.7 (/opt/ros/humble/share/rmw_fastrtps_cpp/cmake)
[0.911s] -- Found TinyXML2 via Config file: TinyXML2_DIR-NOTFOUND
[0.929s] -- Found TinyXML2 via Config file: TinyXML2_DIR-NOTFOUND
[0.963s] -- Found TinyXML2 via Config file: TinyXML2_DIR-NOTFOUND
[0.979s] -- Found TinyXML2 via Config file: TinyXML2_DIR-NOTFOUND
[0.998s] -- Using RMW implementation 'rmw_fastrtps_cpp' as default
[1.108s] -- Found controller_manager: 2.42.0 (/opt/ros/humble/share/controller_manager/cmake)
[1.178s] -- Found franka_msgs: 0.1.15 (/home/zac/franka_ws/install/franka_msgs/share/franka_msgs/cmake)
[1.229s] -- Found franka_semantic_components: 0.1.0 (/home/zac/franka_ws/install/franka_semantic_components/share/franka_semantic_components/cmake)
[1.274s] -- Found generate_parameter_library: 0.3.8 (/opt/ros/humble/share/generate_parameter_library/cmake)
[1.276s] -- Found parameter_traits: 0.3.8 (/opt/ros/humble/share/parameter_traits/cmake)
[1.294s] -- Found visualization_msgs: 4.2.4 (/opt/ros/humble/share/visualization_msgs/cmake)
[1.410s] -- Found ament_cmake_gmock: 1.3.10 (/opt/ros/humble/share/ament_cmake_gmock/cmake)
[1.411s] -- Found ament_cmake_clang_format: 0.12.11 (/opt/ros/humble/share/ament_cmake_clang_format/cmake)
[1.412s] -- Found ament_cmake_copyright: 0.12.11 (/opt/ros/humble/share/ament_cmake_copyright/cmake)
[1.413s] -- Found ament_cmake_cppcheck: 0.12.11 (/opt/ros/humble/share/ament_cmake_cppcheck/cmake)
[1.414s] -- Found ament_cmake_flake8: 0.12.11 (/opt/ros/humble/share/ament_cmake_flake8/cmake)
[1.415s] -- Found ament_cmake_lint_cmake: 0.12.11 (/opt/ros/humble/share/ament_cmake_lint_cmake/cmake)
[1.416s] -- Found ament_cmake_pep257: 0.12.11 (/opt/ros/humble/share/ament_cmake_pep257/cmake)
[1.417s] -- Found ament_cmake_xmllint: 0.12.11 (/opt/ros/humble/share/ament_cmake_xmllint/cmake)
[1.418s] -- Found ros2_control_test_assets: 2.42.0 (/opt/ros/humble/share/ros2_control_test_assets/cmake)
[1.423s] -- Found gmock sources under '/opt/ros/humble/src/gmock_vendor': C++ tests using 'Google Mock' will be built
[1.426s] -- Found ament_cmake_gtest: 1.3.10 (/opt/ros/humble/share/ament_cmake_gtest/cmake)
[1.427s] -- Found gtest sources under '/opt/ros/humble/src/gtest_vendor': C++ tests using 'Google Test' will be built
[1.458s] -- Found gmock sources under '/opt/ros/humble/src/gmock_vendor': C++ tests using 'Google Mock' will be built
[1.459s] -- Found ament_cmake_gtest: 1.3.10 (/opt/ros/humble/share/ament_cmake_gtest/cmake)
[1.460s] -- Found gtest sources under '/opt/ros/humble/src/gtest_vendor': C++ tests using 'Google Test' will be built
[1.594s] -- Configuring done
[1.822s] -- Generating done
[1.828s] -- Build files have been written to: /home/zac/franka_ws/build/franka_robot_state_broadcaster
[1.872s] [35m[1mConsolidate compiler generated dependencies of target gmock[0m
[1.886s] [  8%] [34m[1mRunning `/opt/ros/humble/bin/generate_parameter_library_cpp /home/zac/franka_ws/build/franka_robot_state_broadcaster/franka_robot_state_broadcaster_parameters/include//franka_robot_state_broadcaster_parameters.hpp /home/zac/franka_ws/src/franka_ros2/franka_robot_state_broadcaster/src/franka_robot_state_broadcaster_parameters.yaml `[0m
[1.909s] [ 33%] Built target gmock
[1.926s] [35m[1mConsolidate compiler generated dependencies of target gmock_main[0m
[1.952s] [ 50%] Built target gmock_main
[2.187s] [ 50%] Built target franka_robot_state_broadcaster_parameters
[2.214s] [35m[1mConsolidate compiler generated dependencies of target franka_robot_state_broadcaster[0m
[2.269s] [ 58%] [32mBuilding CXX object CMakeFiles/franka_robot_state_broadcaster.dir/src/franka_robot_state_broadcaster.cpp.o[0m
[16.864s] [ 66%] [32m[1mLinking CXX shared library libfranka_robot_state_broadcaster.so[0m
[17.174s] [ 66%] Built target franka_robot_state_broadcaster
[17.191s] [35m[1mConsolidate compiler generated dependencies of target franka_robot_state_broadcaster_test[0m
[17.230s] [ 75%] [32mBuilding CXX object CMakeFiles/franka_robot_state_broadcaster_test.dir/test/test_franka_robot_state_broadcaster.cpp.o[0m
[25.276s] [ 83%] [32m[1mLinking CXX executable franka_robot_state_broadcaster_test[0m
[25.675s] [ 83%] Built target franka_robot_state_broadcaster_test
[25.693s] [35m[1mConsolidate compiler generated dependencies of target test_load_franka_robot_state_broadcaster[0m
[25.738s] [ 91%] [32mBuilding CXX object CMakeFiles/test_load_franka_robot_state_broadcaster.dir/test/test_load_franka_robot_state_broadcaster.cpp.o[0m
[36.495s] [100%] [32m[1mLinking CXX executable test_load_franka_robot_state_broadcaster[0m
[36.880s] [100%] Built target test_load_franka_robot_state_broadcaster
[36.897s] Invoked command in '/home/zac/franka_ws/build/franka_robot_state_broadcaster' returned '0': AMENT_PREFIX_PATH=/home/zac/franka_ws/install/franka_semantic_components:/home/zac/franka_ws/install/franka_hardware:/home/zac/franka_ws/install/franka_msgs:${AMENT_PREFIX_PATH} CMAKE_PREFIX_PATH=/home/zac/franka_ws/install/franka_semantic_components:/home/zac/franka_ws/install/franka_hardware:/home/zac/franka_ws/install/franka_msgs:/opt/ros/humble LD_LIBRARY_PATH=/home/zac/franka_ws/install/franka_semantic_components/lib:/home/zac/franka_ws/install/franka_hardware/lib:/home/zac/franka_ws/install/franka_msgs/lib:${LD_LIBRARY_PATH} PYTHONPATH=/home/zac/franka_ws/install/franka_msgs/local/lib/python3.10/dist-packages:${PYTHONPATH} /usr/bin/cmake --build /home/zac/franka_ws/build/franka_robot_state_broadcaster -- -j8 -l8
[36.983s] Invoking command in '/home/zac/franka_ws/build/franka_robot_state_broadcaster': AMENT_PREFIX_PATH=/home/zac/franka_ws/install/franka_semantic_components:/home/zac/franka_ws/install/franka_hardware:/home/zac/franka_ws/install/franka_msgs:${AMENT_PREFIX_PATH} CMAKE_PREFIX_PATH=/home/zac/franka_ws/install/franka_semantic_components:/home/zac/franka_ws/install/franka_hardware:/home/zac/franka_ws/install/franka_msgs:/opt/ros/humble LD_LIBRARY_PATH=/home/zac/franka_ws/install/franka_semantic_components/lib:/home/zac/franka_ws/install/franka_hardware/lib:/home/zac/franka_ws/install/franka_msgs/lib:${LD_LIBRARY_PATH} PYTHONPATH=/home/zac/franka_ws/install/franka_msgs/local/lib/python3.10/dist-packages:${PYTHONPATH} /usr/bin/cmake --install /home/zac/franka_ws/build/franka_robot_state_broadcaster
[36.994s] -- Install configuration: "Release"
[36.995s] -- Execute custom install script
[36.996s] -- Up-to-date symlink: /home/zac/franka_ws/install/franka_robot_state_broadcaster/include/franka_robot_state_broadcaster_parameters/franka_robot_state_broadcaster_parameters.hpp
[36.996s] -- Up-to-date symlink: /home/zac/franka_ws/install/franka_robot_state_broadcaster/share/franka_robot_state_broadcaster//franka_robot_state_broadcaster.xml
[36.997s] -- Up-to-date symlink: /home/zac/franka_ws/install/franka_robot_state_broadcaster/lib/libfranka_robot_state_broadcaster.so
[36.998s] -- Up-to-date symlink: /home/zac/franka_ws/install/franka_robot_state_broadcaster/include/franka_robot_state_broadcaster/franka_robot_state_broadcaster.hpp
[36.998s] -- Up-to-date symlink: /home/zac/franka_ws/install/franka_robot_state_broadcaster/share/franka_robot_state_broadcaster/environment/library_path.sh
[36.998s] -- Up-to-date symlink: /home/zac/franka_ws/install/franka_robot_state_broadcaster/share/franka_robot_state_broadcaster/environment/library_path.dsv
[36.999s] -- Up-to-date symlink: /home/zac/franka_ws/install/franka_robot_state_broadcaster/share/ament_index/resource_index/package_run_dependencies/franka_robot_state_broadcaster
[36.999s] -- Up-to-date symlink: /home/zac/franka_ws/install/franka_robot_state_broadcaster/share/ament_index/resource_index/parent_prefix_path/franka_robot_state_broadcaster
[37.000s] -- Up-to-date symlink: /home/zac/franka_ws/install/franka_robot_state_broadcaster/share/franka_robot_state_broadcaster/environment/ament_prefix_path.sh
[37.000s] -- Up-to-date symlink: /home/zac/franka_ws/install/franka_robot_state_broadcaster/share/franka_robot_state_broadcaster/environment/ament_prefix_path.dsv
[37.000s] -- Up-to-date symlink: /home/zac/franka_ws/install/franka_robot_state_broadcaster/share/franka_robot_state_broadcaster/environment/path.sh
[37.001s] -- Up-to-date symlink: /home/zac/franka_ws/install/franka_robot_state_broadcaster/share/franka_robot_state_broadcaster/environment/path.dsv
[37.001s] -- Up-to-date symlink: /home/zac/franka_ws/install/franka_robot_state_broadcaster/share/franka_robot_state_broadcaster/local_setup.bash
[37.002s] -- Up-to-date symlink: /home/zac/franka_ws/install/franka_robot_state_broadcaster/share/franka_robot_state_broadcaster/local_setup.sh
[37.002s] -- Up-to-date symlink: /home/zac/franka_ws/install/franka_robot_state_broadcaster/share/franka_robot_state_broadcaster/local_setup.zsh
[37.002s] -- Up-to-date symlink: /home/zac/franka_ws/install/franka_robot_state_broadcaster/share/franka_robot_state_broadcaster/local_setup.dsv
[37.003s] -- Symlinking: /home/zac/franka_ws/install/franka_robot_state_broadcaster/share/franka_robot_state_broadcaster/package.dsv
[37.021s] -- Up-to-date symlink: /home/zac/franka_ws/install/franka_robot_state_broadcaster/share/ament_index/resource_index/packages/franka_robot_state_broadcaster
[37.021s] -- Up-to-date symlink: /home/zac/franka_ws/install/franka_robot_state_broadcaster/share/ament_index/resource_index/controller_interface__pluginlib__plugin/franka_robot_state_broadcaster
[37.021s] -- Up-to-date symlink: /home/zac/franka_ws/install/franka_robot_state_broadcaster/share/franka_robot_state_broadcaster/cmake/ament_cmake_export_include_directories-extras.cmake
[37.022s] -- Up-to-date symlink: /home/zac/franka_ws/install/franka_robot_state_broadcaster/share/franka_robot_state_broadcaster/cmake/ament_cmake_export_libraries-extras.cmake
[37.022s] -- Up-to-date symlink: /home/zac/franka_ws/install/franka_robot_state_broadcaster/share/franka_robot_state_broadcaster/cmake/ament_cmake_export_dependencies-extras.cmake
[37.023s] -- Up-to-date symlink: /home/zac/franka_ws/install/franka_robot_state_broadcaster/share/franka_robot_state_broadcaster/cmake/franka_robot_state_broadcasterConfig.cmake
[37.023s] -- Up-to-date symlink: /home/zac/franka_ws/install/franka_robot_state_broadcaster/share/franka_robot_state_broadcaster/cmake/franka_robot_state_broadcasterConfig-version.cmake
[37.023s] -- Up-to-date symlink: /home/zac/franka_ws/install/franka_robot_state_broadcaster/share/franka_robot_state_broadcaster/package.xml
[37.029s] Invoked command in '/home/zac/franka_ws/build/franka_robot_state_broadcaster' returned '0': AMENT_PREFIX_PATH=/home/zac/franka_ws/install/franka_semantic_components:/home/zac/franka_ws/install/franka_hardware:/home/zac/franka_ws/install/franka_msgs:${AMENT_PREFIX_PATH} CMAKE_PREFIX_PATH=/home/zac/franka_ws/install/franka_semantic_components:/home/zac/franka_ws/install/franka_hardware:/home/zac/franka_ws/install/franka_msgs:/opt/ros/humble LD_LIBRARY_PATH=/home/zac/franka_ws/install/franka_semantic_components/lib:/home/zac/franka_ws/install/franka_hardware/lib:/home/zac/franka_ws/install/franka_msgs/lib:${LD_LIBRARY_PATH} PYTHONPATH=/home/zac/franka_ws/install/franka_msgs/local/lib/python3.10/dist-packages:${PYTHONPATH} /usr/bin/cmake --install /home/zac/franka_ws/build/franka_robot_state_broadcaster
