[0.010s] Invoking command in '/home/zac/franka_ws/build/franka_hardware': AMENT_PREFIX_PATH=/home/zac/franka_ws/install/franka_msgs:${AMENT_PREFIX_PATH} CMAKE_PREFIX_PATH=/home/zac/franka_ws/install/franka_msgs:/opt/ros/humble LD_LIBRARY_PATH=/home/zac/franka_ws/install/franka_msgs/lib:${LD_LIBRARY_PATH} PYTHONPATH=/home/zac/franka_ws/install/franka_msgs/local/lib/python3.10/dist-packages:${PYTHONPATH} /usr/bin/cmake /home/zac/franka_ws/src/franka_ros2/franka_hardware -DCMAKE_BUILD_TYPE=Release -DCMAKE_INSTALL_PREFIX=/home/zac/franka_ws/install/franka_hardware
[0.080s] -- The C compiler identification is GNU 11.4.0
[0.149s] -- The CXX compiler identification is GNU 11.4.0
[0.160s] -- Detecting C compiler ABI info
[0.254s] -- Detecting C compiler ABI info - done
[0.262s] -- Check for working C compiler: /usr/bin/cc - skipped
[0.262s] -- Detecting C compile features
[0.263s] -- Detecting C compile features - done
[0.266s] -- Detecting CXX compiler ABI info
[0.446s] -- Detecting CXX compiler ABI info - done
[0.454s] -- Check for working CXX compiler: /usr/bin/c++ - skipped
[0.454s] -- Detecting CXX compile features
[0.455s] -- Detecting CXX compile features - done
[0.459s] -- Found ament_cmake: 1.3.10 (/opt/ros/humble/share/ament_cmake/cmake)
[0.635s] -- Found Python3: /usr/bin/python3 (found version "3.10.12") found components: Interpreter 
[0.740s] -- Found rclcpp: 16.0.10 (/opt/ros/humble/share/rclcpp/cmake)
[0.794s] -- Found rosidl_generator_c: 3.1.5 (/opt/ros/humble/share/rosidl_generator_c/cmake)
[0.800s] -- Found rosidl_adapter: 3.1.5 (/opt/ros/humble/share/rosidl_adapter/cmake)
[0.811s] -- Found rosidl_generator_cpp: 3.1.5 (/opt/ros/humble/share/rosidl_generator_cpp/cmake)
[0.826s] -- Using all available rosidl_typesupport_c: rosidl_typesupport_fastrtps_c;rosidl_typesupport_introspection_c
[0.846s] -- Using all available rosidl_typesupport_cpp: rosidl_typesupport_fastrtps_cpp;rosidl_typesupport_introspection_cpp
[0.902s] -- Found rmw_implementation_cmake: 6.1.2 (/opt/ros/humble/share/rmw_implementation_cmake/cmake)
[0.905s] -- Found rmw_fastrtps_cpp: 6.2.7 (/opt/ros/humble/share/rmw_fastrtps_cpp/cmake)
[1.019s] -- Found OpenSSL: /usr/lib/x86_64-linux-gnu/libcrypto.so (found version "3.0.2")  
[1.054s] -- Found FastRTPS: /opt/ros/humble/include  
[1.108s] -- Using RMW implementation 'rmw_fastrtps_cpp' as default
[1.120s] -- Looking for pthread.h
[1.202s] -- Looking for pthread.h - found
[1.203s] -- Performing Test CMAKE_HAVE_LIBC_PTHREAD
[1.286s] -- Performing Test CMAKE_HAVE_LIBC_PTHREAD - Success
[1.288s] -- Found Threads: TRUE  
[1.351s] -- Found rclcpp_action: 16.0.10 (/opt/ros/humble/share/rclcpp_action/cmake)
[1.393s] -- Found franka_msgs: 0.1.15 (/home/zac/franka_ws/install/franka_msgs/share/franka_msgs/cmake)
[1.459s] -- Found hardware_interface: 2.42.0 (/opt/ros/humble/share/hardware_interface/cmake)
[1.580s] -- Found rclcpp_components: 16.0.10 (/opt/ros/humble/share/rclcpp_components/cmake)
[1.608s] -- Found ament_cmake_clang_format: 0.12.11 (/opt/ros/humble/share/ament_cmake_clang_format/cmake)
[1.610s] -- Found ament_cmake_copyright: 0.12.11 (/opt/ros/humble/share/ament_cmake_copyright/cmake)
[1.613s] -- Found ament_cmake_cppcheck: 0.12.11 (/opt/ros/humble/share/ament_cmake_cppcheck/cmake)
[1.616s] -- Found ament_cmake_flake8: 0.12.11 (/opt/ros/humble/share/ament_cmake_flake8/cmake)
[1.618s] -- Found ament_cmake_lint_cmake: 0.12.11 (/opt/ros/humble/share/ament_cmake_lint_cmake/cmake)
[1.621s] -- Found ament_cmake_pep257: 0.12.11 (/opt/ros/humble/share/ament_cmake_pep257/cmake)
[1.623s] -- Found ament_cmake_xmllint: 0.12.11 (/opt/ros/humble/share/ament_cmake_xmllint/cmake)
[1.630s] -- Found ament_cmake_gmock: 1.3.10 (/opt/ros/humble/share/ament_cmake_gmock/cmake)
[1.633s] -- Found gmock sources under '/opt/ros/humble/src/gmock_vendor': C++ tests using 'Google Mock' will be built
[1.639s] -- Found ament_cmake_gtest: 1.3.10 (/opt/ros/humble/share/ament_cmake_gtest/cmake)
[1.640s] -- Found gtest sources under '/opt/ros/humble/src/gtest_vendor': C++ tests using 'Google Test' will be built
[1.726s] -- Configuring done
[1.853s] -- Generating done
[1.856s] -- Build files have been written to: /home/zac/franka_ws/build/franka_hardware
[1.873s] Invoked command in '/home/zac/franka_ws/build/franka_hardware' returned '0': AMENT_PREFIX_PATH=/home/zac/franka_ws/install/franka_msgs:${AMENT_PREFIX_PATH} CMAKE_PREFIX_PATH=/home/zac/franka_ws/install/franka_msgs:/opt/ros/humble LD_LIBRARY_PATH=/home/zac/franka_ws/install/franka_msgs/lib:${LD_LIBRARY_PATH} PYTHONPATH=/home/zac/franka_ws/install/franka_msgs/local/lib/python3.10/dist-packages:${PYTHONPATH} /usr/bin/cmake /home/zac/franka_ws/src/franka_ros2/franka_hardware -DCMAKE_BUILD_TYPE=Release -DCMAKE_INSTALL_PREFIX=/home/zac/franka_ws/install/franka_hardware
[1.875s] Invoking command in '/home/zac/franka_ws/build/franka_hardware': AMENT_PREFIX_PATH=/home/zac/franka_ws/install/franka_msgs:${AMENT_PREFIX_PATH} CMAKE_PREFIX_PATH=/home/zac/franka_ws/install/franka_msgs:/opt/ros/humble LD_LIBRARY_PATH=/home/zac/franka_ws/install/franka_msgs/lib:${LD_LIBRARY_PATH} PYTHONPATH=/home/zac/franka_ws/install/franka_msgs/local/lib/python3.10/dist-packages:${PYTHONPATH} /usr/bin/cmake --build /home/zac/franka_ws/build/franka_hardware -- -j8 -l8
[1.943s] [ 11%] [32mBuilding CXX object CMakeFiles/franka_hardware.dir/src/franka_param_service_server.cpp.o[0m
[1.943s] [ 11%] [32mBuilding CXX object CMakeFiles/franka_hardware.dir/src/franka_hardware_interface.cpp.o[0m
[1.943s] [ 16%] [32mBuilding CXX object CMakeFiles/franka_hardware.dir/src/robot.cpp.o[0m
[1.944s] [ 22%] [32mBuilding CXX object CMakeFiles/franka_hardware.dir/src/franka_action_server.cpp.o[0m
[1.955s] [ 27%] [32mBuilding CXX object gmock/CMakeFiles/gmock_main.dir/src/gmock_main.cc.o[0m
[1.967s] [ 33%] [32mBuilding CXX object gmock/CMakeFiles/gmock.dir/src/gmock-all.cc.o[0m
[1.970s] [ 38%] [32mBuilding CXX object gmock/CMakeFiles/gmock.dir/opt/ros/humble/src/gtest_vendor/src/gtest-all.cc.o[0m
[5.448s] [ 44%] [32m[1mLinking CXX static library libgmock_main.a[0m
[5.659s] [ 44%] Built target gmock_main
[6.771s] [ 50%] [32mBuilding CXX object CMakeFiles/franka_hardware.dir/src/franka_executor.cpp.o[0m
[16.402s] [ 55%] [32m[1mLinking CXX static library libgmock.a[0m
[16.456s] [ 55%] Built target gmock
[16.610s] [ 61%] [32m[1mLinking CXX shared library libfranka_hardware.so[0m
[16.923s] [ 61%] Built target franka_hardware
[16.951s] [ 66%] [32mBuilding CXX object test/CMakeFiles/franka_hardware_test.dir/franka_hardware_interface_test.cpp.o[0m
[24.056s] In file included from [01m[K/opt/ros/humble/src/gtest_vendor/include/gtest/gtest.h:375[m[K,
[24.056s]                  from [01m[K/opt/ros/humble/src/gmock_vendor/include/gmock/internal/gmock-internal-utils.h:47[m[K,
[24.056s]                  from [01m[K/opt/ros/humble/src/gmock_vendor/include/gmock/gmock-actions.h:51[m[K,
[24.056s]                  from [01m[K/opt/ros/humble/src/gmock_vendor/include/gmock/gmock.h:59[m[K,
[24.056s]                  from [01m[K/home/zac/franka_ws/src/franka_ros2/franka_hardware/test/franka_hardware_interface_test.cpp:15[m[K:
[24.056s] [01m[K/home/zac/franka_ws/src/franka_ros2/franka_hardware/test/franka_hardware_interface_test.cpp:[m[K In member function ‘[01m[Kvirtual void FrankaHardwareInterfaceTest_given_that_the_robot_interfaces_are_set_when_call_export_state_interface_robot_model_interface_exists_Test::TestBody()[m[K’:
[24.056s] [01m[K/home/zac/franka_ws/src/franka_ros2/franka_hardware/test/franka_hardware_interface_test.cpp:187:16:[m[K [01;35m[Kwarning: [m[Kdereferencing type-punned pointer will break strict-aliasing rules [[01;35m[K]8;;https://gcc.gnu.org/onlinedocs/gcc/Warning-Options.html#index-Wstrict-aliasing-Wstrict-aliasing]8;;[m[K]
[24.057s]   187 |               *[01;35m[Kreinterpret_cast<double*>(&model_address)[m[K,
[24.057s]       |                [01;35m[K^~~~~~~~~~~~~~~~~~~~~~~~~~~~~~~~~~~~~~~~~[m[K
[24.060s] [01m[K/home/zac/franka_ws/src/franka_ros2/franka_hardware/test/franka_hardware_interface_test.cpp:[m[K In member function ‘[01m[Kvirtual void FrankaHardwareInterfaceTest_given_that_the_robot_interfaces_are_set_when_call_export_state_interface_robot_state_interface_exists_Test::TestBody()[m[K’:
[24.060s] [01m[K/home/zac/franka_ws/src/franka_ros2/franka_hardware/test/franka_hardware_interface_test.cpp:219:16:[m[K [01;35m[Kwarning: [m[Kdereferencing type-punned pointer will break strict-aliasing rules [[01;35m[K]8;;https://gcc.gnu.org/onlinedocs/gcc/Warning-Options.html#index-Wstrict-aliasing-Wstrict-aliasing]8;;[m[K]
[24.060s]   219 |               *[01;35m[Kreinterpret_cast<double*>(&robot_state_address)[m[K,
[24.061s]       |                [01;35m[K^~~~~~~~~~~~~~~~~~~~~~~~~~~~~~~~~~~~~~~~~~~~~~~[m[K
[45.621s] [ 72%] [32mBuilding CXX object test/CMakeFiles/franka_hardware_test.dir/franka_action_server_test.cpp.o[0m
[58.951s] [ 77%] [32m[1mLinking CXX executable franka_hardware_test[0m
[59.322s] [ 77%] Built target franka_hardware_test
[59.347s] [ 83%] [32mBuilding CXX object test/CMakeFiles/franka_hardware_robot_test.dir/franka_robot_test.cpp.o[0m
[59.347s] [ 88%] [32mBuilding CXX object test/CMakeFiles/franka_hardware_command_interface_test.dir/franka_hardware_cartesian_command_interface_test.cpp.o[0m
[71.410s] [ 94%] [32m[1mLinking CXX executable franka_hardware_robot_test[0m
[71.762s] [ 94%] Built target franka_hardware_robot_test
[73.342s] [100%] [32m[1mLinking CXX executable franka_hardware_command_interface_test[0m
[73.625s] [100%] Built target franka_hardware_command_interface_test
[73.640s] Invoked command in '/home/zac/franka_ws/build/franka_hardware' returned '0': AMENT_PREFIX_PATH=/home/zac/franka_ws/install/franka_msgs:${AMENT_PREFIX_PATH} CMAKE_PREFIX_PATH=/home/zac/franka_ws/install/franka_msgs:/opt/ros/humble LD_LIBRARY_PATH=/home/zac/franka_ws/install/franka_msgs/lib:${LD_LIBRARY_PATH} PYTHONPATH=/home/zac/franka_ws/install/franka_msgs/local/lib/python3.10/dist-packages:${PYTHONPATH} /usr/bin/cmake --build /home/zac/franka_ws/build/franka_hardware -- -j8 -l8
[73.686s] Invoking command in '/home/zac/franka_ws/build/franka_hardware': AMENT_PREFIX_PATH=/home/zac/franka_ws/install/franka_msgs:${AMENT_PREFIX_PATH} CMAKE_PREFIX_PATH=/home/zac/franka_ws/install/franka_msgs:/opt/ros/humble LD_LIBRARY_PATH=/home/zac/franka_ws/install/franka_msgs/lib:${LD_LIBRARY_PATH} PYTHONPATH=/home/zac/franka_ws/install/franka_msgs/local/lib/python3.10/dist-packages:${PYTHONPATH} /usr/bin/cmake --install /home/zac/franka_ws/build/franka_hardware
[73.694s] -- Install configuration: "Release"
[73.694s] -- Installing: /home/zac/franka_ws/install/franka_hardware/share/franka_hardware/franka_hardware.xml
[73.695s] -- Installing: /home/zac/franka_ws/install/franka_hardware/lib/libfranka_hardware.so
[73.697s] -- Set runtime path of "/home/zac/franka_ws/install/franka_hardware/lib/libfranka_hardware.so" to ""
[73.697s] -- Installing: /home/zac/franka_ws/install/franka_hardware/include
[73.698s] -- Installing: /home/zac/franka_ws/install/franka_hardware/include/franka_hardware
[73.698s] -- Installing: /home/zac/franka_ws/install/franka_hardware/include/franka_hardware/franka_hardware_interface.hpp
[73.698s] -- Installing: /home/zac/franka_ws/install/franka_hardware/include/franka_hardware/franka_action_server.hpp
[73.698s] -- Installing: /home/zac/franka_ws/install/franka_hardware/include/franka_hardware/franka_param_service_server.hpp
[73.698s] -- Installing: /home/zac/franka_ws/install/franka_hardware/include/franka_hardware/robot.hpp
[73.699s] -- Installing: /home/zac/franka_ws/install/franka_hardware/include/franka_hardware/franka_executor.hpp
[73.699s] -- Installing: /home/zac/franka_ws/install/franka_hardware/include/franka_hardware/model.hpp
[73.699s] -- Installing: /home/zac/franka_ws/install/franka_hardware/share/franka_hardware/environment/library_path.sh
[73.699s] -- Installing: /home/zac/franka_ws/install/franka_hardware/share/franka_hardware/environment/library_path.dsv
[73.699s] -- Installing: /home/zac/franka_ws/install/franka_hardware/share/ament_index/resource_index/package_run_dependencies/franka_hardware
[73.700s] -- Installing: /home/zac/franka_ws/install/franka_hardware/share/ament_index/resource_index/parent_prefix_path/franka_hardware
[73.700s] -- Installing: /home/zac/franka_ws/install/franka_hardware/share/franka_hardware/environment/ament_prefix_path.sh
[73.700s] -- Installing: /home/zac/franka_ws/install/franka_hardware/share/franka_hardware/environment/ament_prefix_path.dsv
[73.701s] -- Installing: /home/zac/franka_ws/install/franka_hardware/share/franka_hardware/environment/path.sh
[73.701s] -- Installing: /home/zac/franka_ws/install/franka_hardware/share/franka_hardware/environment/path.dsv
[73.701s] -- Installing: /home/zac/franka_ws/install/franka_hardware/share/franka_hardware/local_setup.bash
[73.701s] -- Installing: /home/zac/franka_ws/install/franka_hardware/share/franka_hardware/local_setup.sh
[73.701s] -- Installing: /home/zac/franka_ws/install/franka_hardware/share/franka_hardware/local_setup.zsh
[73.702s] -- Installing: /home/zac/franka_ws/install/franka_hardware/share/franka_hardware/local_setup.dsv
[73.702s] -- Installing: /home/zac/franka_ws/install/franka_hardware/share/franka_hardware/package.dsv
[73.702s] -- Installing: /home/zac/franka_ws/install/franka_hardware/share/ament_index/resource_index/packages/franka_hardware
[73.703s] -- Installing: /home/zac/franka_ws/install/franka_hardware/share/ament_index/resource_index/hardware_interface__pluginlib__plugin/franka_hardware
[73.703s] -- Installing: /home/zac/franka_ws/install/franka_hardware/share/franka_hardware/cmake/ament_cmake_export_include_directories-extras.cmake
[73.703s] -- Installing: /home/zac/franka_ws/install/franka_hardware/share/franka_hardware/cmake/ament_cmake_export_libraries-extras.cmake
[73.703s] -- Installing: /home/zac/franka_ws/install/franka_hardware/share/franka_hardware/cmake/ament_cmake_export_dependencies-extras.cmake
[73.704s] -- Installing: /home/zac/franka_ws/install/franka_hardware/share/franka_hardware/cmake/franka_hardwareConfig.cmake
[73.704s] -- Installing: /home/zac/franka_ws/install/franka_hardware/share/franka_hardware/cmake/franka_hardwareConfig-version.cmake
[73.704s] -- Installing: /home/zac/franka_ws/install/franka_hardware/share/franka_hardware/package.xml
[73.707s] Invoked command in '/home/zac/franka_ws/build/franka_hardware' returned '0': AMENT_PREFIX_PATH=/home/zac/franka_ws/install/franka_msgs:${AMENT_PREFIX_PATH} CMAKE_PREFIX_PATH=/home/zac/franka_ws/install/franka_msgs:/opt/ros/humble LD_LIBRARY_PATH=/home/zac/franka_ws/install/franka_msgs/lib:${LD_LIBRARY_PATH} PYTHONPATH=/home/zac/franka_ws/install/franka_msgs/local/lib/python3.10/dist-packages:${PYTHONPATH} /usr/bin/cmake --install /home/zac/franka_ws/build/franka_hardware
