[0.016s] Invoking command in '/home/zac/franka_ws/build/franka_hardware': AMENT_PREFIX_PATH=/home/zac/franka_ws/install/franka_msgs:${AMENT_PREFIX_PATH} CMAKE_PREFIX_PATH=/home/zac/franka_ws/install/franka_msgs:/opt/ros/humble LD_LIBRARY_PATH=/home/zac/franka_ws/install/franka_msgs/lib:${LD_LIBRARY_PATH} PYTHONPATH=/home/zac/franka_ws/install/franka_msgs/local/lib/python3.10/dist-packages:${PYTHONPATH} /usr/bin/cmake /home/zac/franka_ws/src/franka_ros2/franka_hardware -DCMAKE_INSTALL_PREFIX=/home/zac/franka_ws/install/franka_hardware
[0.035s] -- Found ament_cmake: 1.3.10 (/opt/ros/humble/share/ament_cmake/cmake)
[0.230s] -- Found rclcpp: 16.0.10 (/opt/ros/humble/share/rclcpp/cmake)
[0.274s] -- Found rosidl_generator_c: 3.1.5 (/opt/ros/humble/share/rosidl_generator_c/cmake)
[0.278s] -- Found rosidl_adapter: 3.1.5 (/opt/ros/humble/share/rosidl_adapter/cmake)
[0.287s] -- Found rosidl_generator_cpp: 3.1.5 (/opt/ros/humble/share/rosidl_generator_cpp/cmake)
[0.302s] -- Using all available rosidl_typesupport_c: rosidl_typesupport_fastrtps_c;rosidl_typesupport_introspection_c
[0.321s] -- Using all available rosidl_typesupport_cpp: rosidl_typesupport_fastrtps_cpp;rosidl_typesupport_introspection_cpp
[0.374s] -- Found rmw_implementation_cmake: 6.1.2 (/opt/ros/humble/share/rmw_implementation_cmake/cmake)
[0.377s] -- Found rmw_fastrtps_cpp: 6.2.7 (/opt/ros/humble/share/rmw_fastrtps_cpp/cmake)
[0.559s] -- Using RMW implementation 'rmw_fastrtps_cpp' as default
[0.645s] -- Found rclcpp_action: 16.0.10 (/opt/ros/humble/share/rclcpp_action/cmake)
[0.696s] -- Found franka_msgs: 0.1.15 (/home/zac/franka_ws/install/franka_msgs/share/franka_msgs/cmake)
[0.787s] -- Found hardware_interface: 2.42.0 (/opt/ros/humble/share/hardware_interface/cmake)
[0.928s] -- Found rclcpp_components: 16.0.10 (/opt/ros/humble/share/rclcpp_components/cmake)
[0.960s] -- Found ament_cmake_clang_format: 0.12.11 (/opt/ros/humble/share/ament_cmake_clang_format/cmake)
[0.960s] -- Found ament_cmake_copyright: 0.12.11 (/opt/ros/humble/share/ament_cmake_copyright/cmake)
[0.961s] -- Found ament_cmake_cppcheck: 0.12.11 (/opt/ros/humble/share/ament_cmake_cppcheck/cmake)
[0.962s] -- Found ament_cmake_flake8: 0.12.11 (/opt/ros/humble/share/ament_cmake_flake8/cmake)
[0.963s] -- Found ament_cmake_lint_cmake: 0.12.11 (/opt/ros/humble/share/ament_cmake_lint_cmake/cmake)
[0.963s] -- Found ament_cmake_pep257: 0.12.11 (/opt/ros/humble/share/ament_cmake_pep257/cmake)
[0.964s] -- Found ament_cmake_xmllint: 0.12.11 (/opt/ros/humble/share/ament_cmake_xmllint/cmake)
[0.968s] -- Found ament_cmake_gmock: 1.3.10 (/opt/ros/humble/share/ament_cmake_gmock/cmake)
[0.968s] -- Found gmock sources under '/opt/ros/humble/src/gmock_vendor': C++ tests using 'Google Mock' will be built
[0.970s] -- Found ament_cmake_gtest: 1.3.10 (/opt/ros/humble/share/ament_cmake_gtest/cmake)
[0.971s] -- Found gtest sources under '/opt/ros/humble/src/gtest_vendor': C++ tests using 'Google Test' will be built
[1.078s] -- Configuring done
[1.251s] -- Generating done
[1.256s] -- Build files have been written to: /home/zac/franka_ws/build/franka_hardware
[1.275s] Invoked command in '/home/zac/franka_ws/build/franka_hardware' returned '0': AMENT_PREFIX_PATH=/home/zac/franka_ws/install/franka_msgs:${AMENT_PREFIX_PATH} CMAKE_PREFIX_PATH=/home/zac/franka_ws/install/franka_msgs:/opt/ros/humble LD_LIBRARY_PATH=/home/zac/franka_ws/install/franka_msgs/lib:${LD_LIBRARY_PATH} PYTHONPATH=/home/zac/franka_ws/install/franka_msgs/local/lib/python3.10/dist-packages:${PYTHONPATH} /usr/bin/cmake /home/zac/franka_ws/src/franka_ros2/franka_hardware -DCMAKE_INSTALL_PREFIX=/home/zac/franka_ws/install/franka_hardware
[1.277s] Invoking command in '/home/zac/franka_ws/build/franka_hardware': AMENT_PREFIX_PATH=/home/zac/franka_ws/install/franka_msgs:${AMENT_PREFIX_PATH} CMAKE_PREFIX_PATH=/home/zac/franka_ws/install/franka_msgs:/opt/ros/humble LD_LIBRARY_PATH=/home/zac/franka_ws/install/franka_msgs/lib:${LD_LIBRARY_PATH} PYTHONPATH=/home/zac/franka_ws/install/franka_msgs/local/lib/python3.10/dist-packages:${PYTHONPATH} /usr/bin/cmake --build /home/zac/franka_ws/build/franka_hardware -- -j8 -l8
[1.332s] [35m[1mConsolidate compiler generated dependencies of target franka_hardware[0m
[1.379s] [ 33%] Built target franka_hardware
[1.393s] [35m[1mConsolidate compiler generated dependencies of target gmock[0m
[1.416s] [ 50%] Built target gmock
[1.430s] [35m[1mConsolidate compiler generated dependencies of target gmock_main[0m
[1.450s] [ 61%] Built target gmock_main
[1.468s] [35m[1mConsolidate compiler generated dependencies of target franka_hardware_test[0m
[1.504s] [ 77%] Built target franka_hardware_test
[1.520s] [35m[1mConsolidate compiler generated dependencies of target franka_hardware_robot_test[0m
[1.550s] [ 88%] Built target franka_hardware_robot_test
[1.566s] [35m[1mConsolidate compiler generated dependencies of target franka_hardware_command_interface_test[0m
[1.599s] [100%] Built target franka_hardware_command_interface_test
[1.615s] Invoked command in '/home/zac/franka_ws/build/franka_hardware' returned '0': AMENT_PREFIX_PATH=/home/zac/franka_ws/install/franka_msgs:${AMENT_PREFIX_PATH} CMAKE_PREFIX_PATH=/home/zac/franka_ws/install/franka_msgs:/opt/ros/humble LD_LIBRARY_PATH=/home/zac/franka_ws/install/franka_msgs/lib:${LD_LIBRARY_PATH} PYTHONPATH=/home/zac/franka_ws/install/franka_msgs/local/lib/python3.10/dist-packages:${PYTHONPATH} /usr/bin/cmake --build /home/zac/franka_ws/build/franka_hardware -- -j8 -l8
[1.675s] Invoking command in '/home/zac/franka_ws/build/franka_hardware': AMENT_PREFIX_PATH=/home/zac/franka_ws/install/franka_msgs:${AMENT_PREFIX_PATH} CMAKE_PREFIX_PATH=/home/zac/franka_ws/install/franka_msgs:/opt/ros/humble LD_LIBRARY_PATH=/home/zac/franka_ws/install/franka_msgs/lib:${LD_LIBRARY_PATH} PYTHONPATH=/home/zac/franka_ws/install/franka_msgs/local/lib/python3.10/dist-packages:${PYTHONPATH} /usr/bin/cmake --install /home/zac/franka_ws/build/franka_hardware
[1.686s] -- Install configuration: "Release"
[1.686s] -- Up-to-date: /home/zac/franka_ws/install/franka_hardware/share/franka_hardware/franka_hardware.xml
[1.687s] -- Up-to-date: /home/zac/franka_ws/install/franka_hardware/lib/libfranka_hardware.so
[1.687s] -- Up-to-date: /home/zac/franka_ws/install/franka_hardware/include
[1.689s] -- Up-to-date: /home/zac/franka_ws/install/franka_hardware/include/franka_hardware
[1.689s] -- Up-to-date: /home/zac/franka_ws/install/franka_hardware/include/franka_hardware/franka_hardware_interface.hpp
[1.690s] -- Up-to-date: /home/zac/franka_ws/install/franka_hardware/include/franka_hardware/franka_action_server.hpp
[1.690s] -- Up-to-date: /home/zac/franka_ws/install/franka_hardware/include/franka_hardware/franka_param_service_server.hpp
[1.690s] -- Up-to-date: /home/zac/franka_ws/install/franka_hardware/include/franka_hardware/robot.hpp
[1.690s] -- Up-to-date: /home/zac/franka_ws/install/franka_hardware/include/franka_hardware/franka_executor.hpp
[1.690s] -- Up-to-date: /home/zac/franka_ws/install/franka_hardware/include/franka_hardware/model.hpp
[1.690s] -- Up-to-date: /home/zac/franka_ws/install/franka_hardware/share/franka_hardware/environment/library_path.sh
[1.691s] -- Installing: /home/zac/franka_ws/install/franka_hardware/share/franka_hardware/environment/library_path.dsv
[1.691s] -- Up-to-date: /home/zac/franka_ws/install/franka_hardware/share/ament_index/resource_index/package_run_dependencies/franka_hardware
[1.691s] -- Up-to-date: /home/zac/franka_ws/install/franka_hardware/share/ament_index/resource_index/parent_prefix_path/franka_hardware
[1.691s] -- Up-to-date: /home/zac/franka_ws/install/franka_hardware/share/franka_hardware/environment/ament_prefix_path.sh
[1.691s] -- Installing: /home/zac/franka_ws/install/franka_hardware/share/franka_hardware/environment/ament_prefix_path.dsv
[1.691s] -- Up-to-date: /home/zac/franka_ws/install/franka_hardware/share/franka_hardware/environment/path.sh
[1.692s] -- Installing: /home/zac/franka_ws/install/franka_hardware/share/franka_hardware/environment/path.dsv
[1.692s] -- Up-to-date: /home/zac/franka_ws/install/franka_hardware/share/franka_hardware/local_setup.bash
[1.692s] -- Up-to-date: /home/zac/franka_ws/install/franka_hardware/share/franka_hardware/local_setup.sh
[1.692s] -- Up-to-date: /home/zac/franka_ws/install/franka_hardware/share/franka_hardware/local_setup.zsh
[1.692s] -- Installing: /home/zac/franka_ws/install/franka_hardware/share/franka_hardware/local_setup.dsv
[1.692s] -- Installing: /home/zac/franka_ws/install/franka_hardware/share/franka_hardware/package.dsv
[1.692s] -- Up-to-date: /home/zac/franka_ws/install/franka_hardware/share/ament_index/resource_index/packages/franka_hardware
[1.693s] -- Up-to-date: /home/zac/franka_ws/install/franka_hardware/share/ament_index/resource_index/hardware_interface__pluginlib__plugin/franka_hardware
[1.693s] -- Up-to-date: /home/zac/franka_ws/install/franka_hardware/share/franka_hardware/cmake/ament_cmake_export_include_directories-extras.cmake
[1.693s] -- Up-to-date: /home/zac/franka_ws/install/franka_hardware/share/franka_hardware/cmake/ament_cmake_export_libraries-extras.cmake
[1.693s] -- Up-to-date: /home/zac/franka_ws/install/franka_hardware/share/franka_hardware/cmake/ament_cmake_export_dependencies-extras.cmake
[1.693s] -- Up-to-date: /home/zac/franka_ws/install/franka_hardware/share/franka_hardware/cmake/franka_hardwareConfig.cmake
[1.693s] -- Up-to-date: /home/zac/franka_ws/install/franka_hardware/share/franka_hardware/cmake/franka_hardwareConfig-version.cmake
[1.693s] -- Up-to-date: /home/zac/franka_ws/install/franka_hardware/share/franka_hardware/package.xml
[1.696s] Invoked command in '/home/zac/franka_ws/build/franka_hardware' returned '0': AMENT_PREFIX_PATH=/home/zac/franka_ws/install/franka_msgs:${AMENT_PREFIX_PATH} CMAKE_PREFIX_PATH=/home/zac/franka_ws/install/franka_msgs:/opt/ros/humble LD_LIBRARY_PATH=/home/zac/franka_ws/install/franka_msgs/lib:${LD_LIBRARY_PATH} PYTHONPATH=/home/zac/franka_ws/install/franka_msgs/local/lib/python3.10/dist-packages:${PYTHONPATH} /usr/bin/cmake --install /home/zac/franka_ws/build/franka_hardware
