[0.035s] Invoking command in '/home/zac/franka_ws/build/moveit_planners_chomp': AMENT_PREFIX_PATH=/home/zac/franka_ws/install/chomp_motion_planner:/home/zac/franka_ws/install/moveit_core:${AMENT_PREFIX_PATH} CMAKE_PREFIX_PATH=/home/zac/franka_ws/install/chomp_motion_planner:/home/zac/franka_ws/install/moveit_core:/home/zac/franka_ws/install/moveit_common:/home/zac/franka_ws/install/moveit_resources_prbt_support:/home/zac/franka_ws/install/joint_trajectory_controller:/home/zac/franka_ws/install/integration_launch_testing:/home/zac/franka_ws/install/franka_bringup:/home/zac/franka_ws/install/franka_robot_state_broadcaster:/home/zac/franka_ws/install/franka_example_controllers:/home/zac/franka_ws/install/franka_semantic_components:/home/zac/franka_ws/install/franka_gazebo_bringup:/home/zac/franka_ws/install/franka_ign_ros2_control:/home/zac/franka_ws/install/franka_fr3_moveit_config:/home/zac/franka_ws/install/franka_hardware:/home/zac/franka_ws/install/franka_gripper:/home/zac/franka_ws/install/franka_msgs:/home/zac/franka_ws/install/franka_description:/home/zac/franka_ws/install/moveit_configs_utils:/opt/ros/humble LD_LIBRARY_PATH=/home/zac/franka_ws/install/chomp_motion_planner/lib:/home/zac/franka_ws/install/moveit_core/lib:${LD_LIBRARY_PATH} PATH=/home/zac/franka_ws/install/moveit_core/bin:${PATH} /usr/bin/cmake /home/zac/franka_ws/src/moveit2/moveit_planners/chomp/chomp_interface -DCMAKE_INSTALL_PREFIX=/home/zac/franka_ws/install/moveit_planners_chomp
[0.156s] -- The C compiler identification is GNU 11.4.0
[0.273s] -- The CXX compiler identification is GNU 11.4.0
[0.289s] -- Detecting C compiler ABI info
[0.434s] -- Detecting C compiler ABI info - done
[0.451s] -- Check for working C compiler: /usr/bin/cc - skipped
[0.451s] -- Detecting C compile features
[0.452s] -- Detecting C compile features - done
[0.458s] -- Detecting CXX compiler ABI info
[0.616s] -- Detecting CXX compiler ABI info - done
[0.631s] -- Check for working CXX compiler: /usr/bin/c++ - skipped
[0.632s] -- Detecting CXX compile features
[0.633s] -- Detecting CXX compile features - done
[0.635s] -- Found moveit_common: 2.5.5 (/home/zac/franka_ws/install/moveit_common/share/moveit_common/cmake)
[0.645s] -- Found ament_cmake: 1.3.10 (/opt/ros/humble/share/ament_cmake/cmake)
[0.935s] -- Found Python3: /usr/bin/python3 (found version "3.10.12") found components: Interpreter 
[1.305s] [0mmoveit_planners_chomp: You did not request a specific build type: Choosing 'Release' for maximum performance[0m
[1.307s] -- Found moveit_core: 2.5.5 (/home/zac/franka_ws/install/moveit_core/share/moveit_core/cmake)
[1.728s] -- Found Boost: /usr/lib/x86_64-linux-gnu/cmake/Boost-1.74.0/BoostConfig.cmake (found version "1.74.0") found components: chrono date_time filesystem iostreams program_options regex serialization system thread 
[1.901s] -- Found parameter_traits: 0.3.8 (/opt/ros/humble/share/parameter_traits/cmake)
[2.041s] -- Found rosidl_generator_c: 3.1.5 (/opt/ros/humble/share/rosidl_generator_c/cmake)
[2.063s] -- Found rosidl_adapter: 3.1.5 (/opt/ros/humble/share/rosidl_adapter/cmake)
[2.092s] -- Found rosidl_generator_cpp: 3.1.5 (/opt/ros/humble/share/rosidl_generator_cpp/cmake)
[2.128s] -- Using all available rosidl_typesupport_c: rosidl_typesupport_fastrtps_c;rosidl_typesupport_introspection_c
[2.173s] -- Using all available rosidl_typesupport_cpp: rosidl_typesupport_fastrtps_cpp;rosidl_typesupport_introspection_cpp
[2.311s] -- Found rmw_implementation_cmake: 6.1.2 (/opt/ros/humble/share/rmw_implementation_cmake/cmake)
[2.321s] -- Found rmw_fastrtps_cpp: 6.2.7 (/opt/ros/humble/share/rmw_fastrtps_cpp/cmake)
[2.567s] -- Found OpenSSL: /usr/lib/x86_64-linux-gnu/libcrypto.so (found version "3.0.2")  
[2.622s] -- Found FastRTPS: /opt/ros/humble/include  
[2.715s] -- Using RMW implementation 'rmw_fastrtps_cpp' as default
[2.755s] -- Found Threads: TRUE  
[2.918s] -- Found Eigen3: TRUE (found version "3.4.0") 
[2.928s] -- Found rclcpp_lifecycle: 16.0.10 (/opt/ros/humble/share/rclcpp_lifecycle/cmake)
[2.996s] -- Found Boost: /usr/lib/x86_64-linux-gnu/cmake/Boost-1.74.0/BoostConfig.cmake (found version "1.74.0") found components: filesystem 
[3.280s] -- library: /usr/lib/x86_64-linux-gnu/libcurl.so
[3.472s] -- Ensuring Eigen3 include directory is part of orocos-kdl CMake target
[4.204s] -- Found chomp_motion_planner: 2.5.5 (/home/zac/franka_ws/install/chomp_motion_planner/share/chomp_motion_planner/cmake)
[4.243s] -- Found ament_lint_auto: 0.12.11 (/opt/ros/humble/share/ament_lint_auto/cmake)
[4.296s] -- Added test 'cppcheck' to perform static code analysis on C / C++ code
[4.297s] -- Configured cppcheck include dirs: /home/zac/franka_ws/src/moveit2/moveit_planners/chomp/chomp_interface/include
[4.298s] -- Configured cppcheck exclude dirs and/or files: 
[4.300s] -- Added test 'xmllint' to check XML markup files
[4.304s] -- Configuring done
[4.402s] -- Generating done
[4.407s] -- Build files have been written to: /home/zac/franka_ws/build/moveit_planners_chomp
[4.431s] Invoked command in '/home/zac/franka_ws/build/moveit_planners_chomp' returned '0': AMENT_PREFIX_PATH=/home/zac/franka_ws/install/chomp_motion_planner:/home/zac/franka_ws/install/moveit_core:${AMENT_PREFIX_PATH} CMAKE_PREFIX_PATH=/home/zac/franka_ws/install/chomp_motion_planner:/home/zac/franka_ws/install/moveit_core:/home/zac/franka_ws/install/moveit_common:/home/zac/franka_ws/install/moveit_resources_prbt_support:/home/zac/franka_ws/install/joint_trajectory_controller:/home/zac/franka_ws/install/integration_launch_testing:/home/zac/franka_ws/install/franka_bringup:/home/zac/franka_ws/install/franka_robot_state_broadcaster:/home/zac/franka_ws/install/franka_example_controllers:/home/zac/franka_ws/install/franka_semantic_components:/home/zac/franka_ws/install/franka_gazebo_bringup:/home/zac/franka_ws/install/franka_ign_ros2_control:/home/zac/franka_ws/install/franka_fr3_moveit_config:/home/zac/franka_ws/install/franka_hardware:/home/zac/franka_ws/install/franka_gripper:/home/zac/franka_ws/install/franka_msgs:/home/zac/franka_ws/install/franka_description:/home/zac/franka_ws/install/moveit_configs_utils:/opt/ros/humble LD_LIBRARY_PATH=/home/zac/franka_ws/install/chomp_motion_planner/lib:/home/zac/franka_ws/install/moveit_core/lib:${LD_LIBRARY_PATH} PATH=/home/zac/franka_ws/install/moveit_core/bin:${PATH} /usr/bin/cmake /home/zac/franka_ws/src/moveit2/moveit_planners/chomp/chomp_interface -DCMAKE_INSTALL_PREFIX=/home/zac/franka_ws/install/moveit_planners_chomp
[4.434s] Invoking command in '/home/zac/franka_ws/build/moveit_planners_chomp': AMENT_PREFIX_PATH=/home/zac/franka_ws/install/chomp_motion_planner:/home/zac/franka_ws/install/moveit_core:${AMENT_PREFIX_PATH} CMAKE_PREFIX_PATH=/home/zac/franka_ws/install/chomp_motion_planner:/home/zac/franka_ws/install/moveit_core:/home/zac/franka_ws/install/moveit_common:/home/zac/franka_ws/install/moveit_resources_prbt_support:/home/zac/franka_ws/install/joint_trajectory_controller:/home/zac/franka_ws/install/integration_launch_testing:/home/zac/franka_ws/install/franka_bringup:/home/zac/franka_ws/install/franka_robot_state_broadcaster:/home/zac/franka_ws/install/franka_example_controllers:/home/zac/franka_ws/install/franka_semantic_components:/home/zac/franka_ws/install/franka_gazebo_bringup:/home/zac/franka_ws/install/franka_ign_ros2_control:/home/zac/franka_ws/install/franka_fr3_moveit_config:/home/zac/franka_ws/install/franka_hardware:/home/zac/franka_ws/install/franka_gripper:/home/zac/franka_ws/install/franka_msgs:/home/zac/franka_ws/install/franka_description:/home/zac/franka_ws/install/moveit_configs_utils:/opt/ros/humble LD_LIBRARY_PATH=/home/zac/franka_ws/install/chomp_motion_planner/lib:/home/zac/franka_ws/install/moveit_core/lib:${LD_LIBRARY_PATH} PATH=/home/zac/franka_ws/install/moveit_core/bin:${PATH} /usr/bin/cmake --build /home/zac/franka_ws/build/moveit_planners_chomp -- -j8 -l8
[4.549s] [ 20%] [32mBuilding CXX object CMakeFiles/moveit_chomp_interface.dir/src/chomp_interface.cpp.o[0m
[17.562s] [ 40%] [32mBuilding CXX object CMakeFiles/moveit_chomp_interface.dir/src/chomp_planning_context.cpp.o[0m
[29.326s] [ 60%] [32m[1mLinking CXX shared library libmoveit_chomp_interface.so[0m
[29.627s] [ 60%] Built target moveit_chomp_interface
[29.669s] [ 80%] [32mBuilding CXX object CMakeFiles/moveit_chomp_planner_plugin.dir/src/chomp_plugin.cpp.o[0m
[47.535s] [100%] [32m[1mLinking CXX shared library libmoveit_chomp_planner_plugin.so[0m
[47.849s] [100%] Built target moveit_chomp_planner_plugin
[47.868s] Invoked command in '/home/zac/franka_ws/build/moveit_planners_chomp' returned '0': AMENT_PREFIX_PATH=/home/zac/franka_ws/install/chomp_motion_planner:/home/zac/franka_ws/install/moveit_core:${AMENT_PREFIX_PATH} CMAKE_PREFIX_PATH=/home/zac/franka_ws/install/chomp_motion_planner:/home/zac/franka_ws/install/moveit_core:/home/zac/franka_ws/install/moveit_common:/home/zac/franka_ws/install/moveit_resources_prbt_support:/home/zac/franka_ws/install/joint_trajectory_controller:/home/zac/franka_ws/install/integration_launch_testing:/home/zac/franka_ws/install/franka_bringup:/home/zac/franka_ws/install/franka_robot_state_broadcaster:/home/zac/franka_ws/install/franka_example_controllers:/home/zac/franka_ws/install/franka_semantic_components:/home/zac/franka_ws/install/franka_gazebo_bringup:/home/zac/franka_ws/install/franka_ign_ros2_control:/home/zac/franka_ws/install/franka_fr3_moveit_config:/home/zac/franka_ws/install/franka_hardware:/home/zac/franka_ws/install/franka_gripper:/home/zac/franka_ws/install/franka_msgs:/home/zac/franka_ws/install/franka_description:/home/zac/franka_ws/install/moveit_configs_utils:/opt/ros/humble LD_LIBRARY_PATH=/home/zac/franka_ws/install/chomp_motion_planner/lib:/home/zac/franka_ws/install/moveit_core/lib:${LD_LIBRARY_PATH} PATH=/home/zac/franka_ws/install/moveit_core/bin:${PATH} /usr/bin/cmake --build /home/zac/franka_ws/build/moveit_planners_chomp -- -j8 -l8
[47.938s] Invoking command in '/home/zac/franka_ws/build/moveit_planners_chomp': AMENT_PREFIX_PATH=/home/zac/franka_ws/install/chomp_motion_planner:/home/zac/franka_ws/install/moveit_core:${AMENT_PREFIX_PATH} CMAKE_PREFIX_PATH=/home/zac/franka_ws/install/chomp_motion_planner:/home/zac/franka_ws/install/moveit_core:/home/zac/franka_ws/install/moveit_common:/home/zac/franka_ws/install/moveit_resources_prbt_support:/home/zac/franka_ws/install/joint_trajectory_controller:/home/zac/franka_ws/install/integration_launch_testing:/home/zac/franka_ws/install/franka_bringup:/home/zac/franka_ws/install/franka_robot_state_broadcaster:/home/zac/franka_ws/install/franka_example_controllers:/home/zac/franka_ws/install/franka_semantic_components:/home/zac/franka_ws/install/franka_gazebo_bringup:/home/zac/franka_ws/install/franka_ign_ros2_control:/home/zac/franka_ws/install/franka_fr3_moveit_config:/home/zac/franka_ws/install/franka_hardware:/home/zac/franka_ws/install/franka_gripper:/home/zac/franka_ws/install/franka_msgs:/home/zac/franka_ws/install/franka_description:/home/zac/franka_ws/install/moveit_configs_utils:/opt/ros/humble LD_LIBRARY_PATH=/home/zac/franka_ws/install/chomp_motion_planner/lib:/home/zac/franka_ws/install/moveit_core/lib:${LD_LIBRARY_PATH} PATH=/home/zac/franka_ws/install/moveit_core/bin:${PATH} /usr/bin/cmake --install /home/zac/franka_ws/build/moveit_planners_chomp
[47.950s] -- Install configuration: "Release"
[47.951s] -- Installing: /home/zac/franka_ws/install/moveit_planners_chomp/lib/libmoveit_chomp_interface.so.2.5.5
[47.951s] -- Set runtime path of "/home/zac/franka_ws/install/moveit_planners_chomp/lib/libmoveit_chomp_interface.so.2.5.5" to ""
[47.952s] -- Installing: /home/zac/franka_ws/install/moveit_planners_chomp/lib/libmoveit_chomp_interface.so
[47.952s] -- Installing: /home/zac/franka_ws/install/moveit_planners_chomp/lib/libmoveit_chomp_planner_plugin.so
[47.953s] -- Set runtime path of "/home/zac/franka_ws/install/moveit_planners_chomp/lib/libmoveit_chomp_planner_plugin.so" to ""
[47.953s] -- Installing: /home/zac/franka_ws/install/moveit_planners_chomp/share/moveit_planners_chomp/environment/library_path.sh
[47.953s] -- Installing: /home/zac/franka_ws/install/moveit_planners_chomp/share/moveit_planners_chomp/environment/library_path.dsv
[47.953s] -- Installing: /home/zac/franka_ws/install/moveit_planners_chomp/share/moveit_planners_chomp/chomp_interface_plugin_description.xml
[47.954s] -- Installing: /home/zac/franka_ws/install/moveit_planners_chomp/share/ament_index/resource_index/package_run_dependencies/moveit_planners_chomp
[47.954s] -- Installing: /home/zac/franka_ws/install/moveit_planners_chomp/share/ament_index/resource_index/parent_prefix_path/moveit_planners_chomp
[47.954s] -- Installing: /home/zac/franka_ws/install/moveit_planners_chomp/share/moveit_planners_chomp/environment/ament_prefix_path.sh
[47.955s] -- Installing: /home/zac/franka_ws/install/moveit_planners_chomp/share/moveit_planners_chomp/environment/ament_prefix_path.dsv
[47.955s] -- Installing: /home/zac/franka_ws/install/moveit_planners_chomp/share/moveit_planners_chomp/environment/path.sh
[47.955s] -- Installing: /home/zac/franka_ws/install/moveit_planners_chomp/share/moveit_planners_chomp/environment/path.dsv
[47.955s] -- Installing: /home/zac/franka_ws/install/moveit_planners_chomp/share/moveit_planners_chomp/local_setup.bash
[47.956s] -- Installing: /home/zac/franka_ws/install/moveit_planners_chomp/share/moveit_planners_chomp/local_setup.sh
[47.956s] -- Installing: /home/zac/franka_ws/install/moveit_planners_chomp/share/moveit_planners_chomp/local_setup.zsh
[47.956s] -- Installing: /home/zac/franka_ws/install/moveit_planners_chomp/share/moveit_planners_chomp/local_setup.dsv
[47.956s] -- Installing: /home/zac/franka_ws/install/moveit_planners_chomp/share/moveit_planners_chomp/package.dsv
[47.956s] -- Installing: /home/zac/franka_ws/install/moveit_planners_chomp/share/ament_index/resource_index/packages/moveit_planners_chomp
[47.957s] -- Installing: /home/zac/franka_ws/install/moveit_planners_chomp/share/ament_index/resource_index/moveit_core__pluginlib__plugin/moveit_planners_chomp
[47.957s] -- Installing: /home/zac/franka_ws/install/moveit_planners_chomp/share/moveit_planners_chomp/cmake/moveit_planners_chompTargetsExport.cmake
[47.957s] -- Installing: /home/zac/franka_ws/install/moveit_planners_chomp/share/moveit_planners_chomp/cmake/moveit_planners_chompTargetsExport-release.cmake
[47.958s] -- Installing: /home/zac/franka_ws/install/moveit_planners_chomp/share/moveit_planners_chomp/cmake/ament_cmake_export_targets-extras.cmake
[47.958s] -- Installing: /home/zac/franka_ws/install/moveit_planners_chomp/share/moveit_planners_chomp/cmake/ament_cmake_export_dependencies-extras.cmake
[47.958s] -- Installing: /home/zac/franka_ws/install/moveit_planners_chomp/share/moveit_planners_chomp/cmake/moveit_planners_chompConfig.cmake
[47.958s] -- Installing: /home/zac/franka_ws/install/moveit_planners_chomp/share/moveit_planners_chomp/cmake/moveit_planners_chompConfig-version.cmake
[47.959s] -- Installing: /home/zac/franka_ws/install/moveit_planners_chomp/share/moveit_planners_chomp/package.xml
[47.962s] Invoked command in '/home/zac/franka_ws/build/moveit_planners_chomp' returned '0': AMENT_PREFIX_PATH=/home/zac/franka_ws/install/chomp_motion_planner:/home/zac/franka_ws/install/moveit_core:${AMENT_PREFIX_PATH} CMAKE_PREFIX_PATH=/home/zac/franka_ws/install/chomp_motion_planner:/home/zac/franka_ws/install/moveit_core:/home/zac/franka_ws/install/moveit_common:/home/zac/franka_ws/install/moveit_resources_prbt_support:/home/zac/franka_ws/install/joint_trajectory_controller:/home/zac/franka_ws/install/integration_launch_testing:/home/zac/franka_ws/install/franka_bringup:/home/zac/franka_ws/install/franka_robot_state_broadcaster:/home/zac/franka_ws/install/franka_example_controllers:/home/zac/franka_ws/install/franka_semantic_components:/home/zac/franka_ws/install/franka_gazebo_bringup:/home/zac/franka_ws/install/franka_ign_ros2_control:/home/zac/franka_ws/install/franka_fr3_moveit_config:/home/zac/franka_ws/install/franka_hardware:/home/zac/franka_ws/install/franka_gripper:/home/zac/franka_ws/install/franka_msgs:/home/zac/franka_ws/install/franka_description:/home/zac/franka_ws/install/moveit_configs_utils:/opt/ros/humble LD_LIBRARY_PATH=/home/zac/franka_ws/install/chomp_motion_planner/lib:/home/zac/franka_ws/install/moveit_core/lib:${LD_LIBRARY_PATH} PATH=/home/zac/franka_ws/install/moveit_core/bin:${PATH} /usr/bin/cmake --install /home/zac/franka_ws/build/moveit_planners_chomp
