[0.022s] Invoking command in '/home/zac/franka_ws/build/franka_example_controllers': AMENT_PREFIX_PATH=/home/zac/franka_ws/install/franka_semantic_components:/home/zac/franka_ws/install/franka_hardware:/home/zac/franka_ws/install/franka_msgs:${AMENT_PREFIX_PATH} CMAKE_PREFIX_PATH=/home/zac/franka_ws/install/franka_semantic_components:/home/zac/franka_ws/install/franka_hardware:/home/zac/franka_ws/install/franka_msgs:/opt/ros/humble LD_LIBRARY_PATH=/home/zac/franka_ws/install/franka_semantic_components/lib:/home/zac/franka_ws/install/franka_hardware/lib:/home/zac/franka_ws/install/franka_msgs/lib:${LD_LIBRARY_PATH} PYTHONPATH=/home/zac/franka_ws/install/franka_msgs/local/lib/python3.10/dist-packages:${PYTHONPATH} /usr/bin/cmake /home/zac/franka_ws/src/franka_ros2/franka_example_controllers -DCMAKE_INSTALL_PREFIX=/home/zac/franka_ws/install/franka_example_controllers
[0.037s] -- Found ament_cmake: 1.3.10 (/opt/ros/humble/share/ament_cmake/cmake)
[0.245s] -- Found rclcpp: 16.0.10 (/opt/ros/humble/share/rclcpp/cmake)
[0.291s] -- Found rosidl_generator_c: 3.1.5 (/opt/ros/humble/share/rosidl_generator_c/cmake)
[0.295s] -- Found rosidl_adapter: 3.1.5 (/opt/ros/humble/share/rosidl_adapter/cmake)
[0.304s] -- Found rosidl_generator_cpp: 3.1.5 (/opt/ros/humble/share/rosidl_generator_cpp/cmake)
[0.321s] -- Using all available rosidl_typesupport_c: rosidl_typesupport_fastrtps_c;rosidl_typesupport_introspection_c
[0.349s] -- Using all available rosidl_typesupport_cpp: rosidl_typesupport_fastrtps_cpp;rosidl_typesupport_introspection_cpp
[0.408s] -- Found rmw_implementation_cmake: 6.1.2 (/opt/ros/humble/share/rmw_implementation_cmake/cmake)
[0.411s] -- Found rmw_fastrtps_cpp: 6.2.7 (/opt/ros/humble/share/rmw_fastrtps_cpp/cmake)
[0.642s] -- Using RMW implementation 'rmw_fastrtps_cpp' as default
[0.761s] -- Found controller_interface: 2.42.0 (/opt/ros/humble/share/controller_interface/cmake)
[1.032s] -- Found franka_msgs: 0.1.15 (/home/zac/franka_ws/install/franka_msgs/share/franka_msgs/cmake)
[1.080s] -- Found franka_semantic_components: 0.1.0 (/home/zac/franka_ws/install/franka_semantic_components/share/franka_semantic_components/cmake)
[1.121s] -- Found moveit_core: 2.5.5 (/opt/ros/humble/share/moveit_core/cmake)
[1.147s] -- Found Boost: /usr/lib/x86_64-linux-gnu/cmake/Boost-1.74.0/BoostConfig.cmake (found version "1.74.0") found components: chrono date_time filesystem iostreams program_options regex serialization system thread 
[1.161s] -- Found parameter_traits: 0.3.8 (/opt/ros/humble/share/parameter_traits/cmake)
[1.181s] -- Found Boost: /usr/lib/x86_64-linux-gnu/cmake/Boost-1.74.0/BoostConfig.cmake (found version "1.74.0") found components: filesystem 
[1.236s] -- library: /usr/lib/x86_64-linux-gnu/libcurl.so
[1.315s] -- Ensuring Eigen3 include directory is part of orocos-kdl CMake target
[1.757s] -- Found ament_cmake_clang_format: 0.12.11 (/opt/ros/humble/share/ament_cmake_clang_format/cmake)
[1.758s] -- Found ament_cmake_copyright: 0.12.11 (/opt/ros/humble/share/ament_cmake_copyright/cmake)
[1.759s] -- Found ament_cmake_cppcheck: 0.12.11 (/opt/ros/humble/share/ament_cmake_cppcheck/cmake)
[1.760s] -- Found ament_cmake_flake8: 0.12.11 (/opt/ros/humble/share/ament_cmake_flake8/cmake)
[1.761s] -- Found ament_cmake_lint_cmake: 0.12.11 (/opt/ros/humble/share/ament_cmake_lint_cmake/cmake)
[1.762s] -- Found ament_cmake_pep257: 0.12.11 (/opt/ros/humble/share/ament_cmake_pep257/cmake)
[1.763s] -- Found ament_cmake_xmllint: 0.12.11 (/opt/ros/humble/share/ament_cmake_xmllint/cmake)
[1.763s] -- Found ament_cmake_gmock: 1.3.10 (/opt/ros/humble/share/ament_cmake_gmock/cmake)
[1.764s] -- Found controller_manager: 2.42.0 (/opt/ros/humble/share/controller_manager/cmake)
[1.802s] -- Found ros2_control_test_assets: 2.42.0 (/opt/ros/humble/share/ros2_control_test_assets/cmake)
[1.805s] -- Found gmock sources under '/opt/ros/humble/src/gmock_vendor': C++ tests using 'Google Mock' will be built
[1.809s] -- Found ament_cmake_gtest: 1.3.10 (/opt/ros/humble/share/ament_cmake_gtest/cmake)
[1.810s] -- Found gtest sources under '/opt/ros/humble/src/gtest_vendor': C++ tests using 'Google Test' will be built
[1.958s] -- Configuring done
[2.315s] -- Generating done
[2.321s] -- Build files have been written to: /home/zac/franka_ws/build/franka_example_controllers
[2.345s] Invoked command in '/home/zac/franka_ws/build/franka_example_controllers' returned '0': AMENT_PREFIX_PATH=/home/zac/franka_ws/install/franka_semantic_components:/home/zac/franka_ws/install/franka_hardware:/home/zac/franka_ws/install/franka_msgs:${AMENT_PREFIX_PATH} CMAKE_PREFIX_PATH=/home/zac/franka_ws/install/franka_semantic_components:/home/zac/franka_ws/install/franka_hardware:/home/zac/franka_ws/install/franka_msgs:/opt/ros/humble LD_LIBRARY_PATH=/home/zac/franka_ws/install/franka_semantic_components/lib:/home/zac/franka_ws/install/franka_hardware/lib:/home/zac/franka_ws/install/franka_msgs/lib:${LD_LIBRARY_PATH} PYTHONPATH=/home/zac/franka_ws/install/franka_msgs/local/lib/python3.10/dist-packages:${PYTHONPATH} /usr/bin/cmake /home/zac/franka_ws/src/franka_ros2/franka_example_controllers -DCMAKE_INSTALL_PREFIX=/home/zac/franka_ws/install/franka_example_controllers
[2.347s] Invoking command in '/home/zac/franka_ws/build/franka_example_controllers': AMENT_PREFIX_PATH=/home/zac/franka_ws/install/franka_semantic_components:/home/zac/franka_ws/install/franka_hardware:/home/zac/franka_ws/install/franka_msgs:${AMENT_PREFIX_PATH} CMAKE_PREFIX_PATH=/home/zac/franka_ws/install/franka_semantic_components:/home/zac/franka_ws/install/franka_hardware:/home/zac/franka_ws/install/franka_msgs:/opt/ros/humble LD_LIBRARY_PATH=/home/zac/franka_ws/install/franka_semantic_components/lib:/home/zac/franka_ws/install/franka_hardware/lib:/home/zac/franka_ws/install/franka_msgs/lib:${LD_LIBRARY_PATH} PYTHONPATH=/home/zac/franka_ws/install/franka_msgs/local/lib/python3.10/dist-packages:${PYTHONPATH} /usr/bin/cmake --build /home/zac/franka_ws/build/franka_example_controllers -- -j8 -l8
[2.432s] [35m[1mConsolidate compiler generated dependencies of target franka_example_controllers[0m
[2.535s] [ 51%] Built target franka_example_controllers
[2.553s] [35m[1mConsolidate compiler generated dependencies of target gmock[0m
[2.576s] [ 62%] Built target gmock
[2.590s] [35m[1mConsolidate compiler generated dependencies of target gmock_main[0m
[2.609s] [ 70%] Built target gmock_main
[2.624s] [35m[1mConsolidate compiler generated dependencies of target franka_example_controllers_test[0m
[2.652s] [ 77%] Built target franka_example_controllers_test
[2.667s] [35m[1mConsolidate compiler generated dependencies of target franka_example_controllers_move_to_start_test[0m
[2.700s] [ 85%] Built target franka_example_controllers_move_to_start_test
[2.717s] [35m[1mConsolidate compiler generated dependencies of target franka_example_controllers_gravity_test[0m
[2.745s] [ 92%] Built target franka_example_controllers_gravity_test
[2.759s] [35m[1mConsolidate compiler generated dependencies of target franka_example_controllers_test_load_move_to_start[0m
[2.788s] [100%] Built target franka_example_controllers_test_load_move_to_start
[2.805s] Invoked command in '/home/zac/franka_ws/build/franka_example_controllers' returned '0': AMENT_PREFIX_PATH=/home/zac/franka_ws/install/franka_semantic_components:/home/zac/franka_ws/install/franka_hardware:/home/zac/franka_ws/install/franka_msgs:${AMENT_PREFIX_PATH} CMAKE_PREFIX_PATH=/home/zac/franka_ws/install/franka_semantic_components:/home/zac/franka_ws/install/franka_hardware:/home/zac/franka_ws/install/franka_msgs:/opt/ros/humble LD_LIBRARY_PATH=/home/zac/franka_ws/install/franka_semantic_components/lib:/home/zac/franka_ws/install/franka_hardware/lib:/home/zac/franka_ws/install/franka_msgs/lib:${LD_LIBRARY_PATH} PYTHONPATH=/home/zac/franka_ws/install/franka_msgs/local/lib/python3.10/dist-packages:${PYTHONPATH} /usr/bin/cmake --build /home/zac/franka_ws/build/franka_example_controllers -- -j8 -l8
[2.898s] Invoking command in '/home/zac/franka_ws/build/franka_example_controllers': AMENT_PREFIX_PATH=/home/zac/franka_ws/install/franka_semantic_components:/home/zac/franka_ws/install/franka_hardware:/home/zac/franka_ws/install/franka_msgs:${AMENT_PREFIX_PATH} CMAKE_PREFIX_PATH=/home/zac/franka_ws/install/franka_semantic_components:/home/zac/franka_ws/install/franka_hardware:/home/zac/franka_ws/install/franka_msgs:/opt/ros/humble LD_LIBRARY_PATH=/home/zac/franka_ws/install/franka_semantic_components/lib:/home/zac/franka_ws/install/franka_hardware/lib:/home/zac/franka_ws/install/franka_msgs/lib:${LD_LIBRARY_PATH} PYTHONPATH=/home/zac/franka_ws/install/franka_msgs/local/lib/python3.10/dist-packages:${PYTHONPATH} /usr/bin/cmake --install /home/zac/franka_ws/build/franka_example_controllers
[2.907s] -- Install configuration: "Release"
[2.908s] -- Up-to-date: /home/zac/franka_ws/install/franka_example_controllers/share/franka_example_controllers/franka_example_controllers.xml
[2.908s] -- Up-to-date: /home/zac/franka_ws/install/franka_example_controllers/lib/libfranka_example_controllers.so
[2.908s] -- Up-to-date: /home/zac/franka_ws/install/franka_example_controllers/include
[2.910s] -- Up-to-date: /home/zac/franka_ws/install/franka_example_controllers/include/franka_example_controllers
[2.910s] -- Up-to-date: /home/zac/franka_ws/install/franka_example_controllers/include/franka_example_controllers/joint_velocity_example_controller.hpp
[2.910s] -- Up-to-date: /home/zac/franka_ws/install/franka_example_controllers/include/franka_example_controllers/model_example_controller.hpp
[2.911s] -- Up-to-date: /home/zac/franka_ws/install/franka_example_controllers/include/franka_example_controllers/visibility_control.h
[2.911s] -- Up-to-date: /home/zac/franka_ws/install/franka_example_controllers/include/franka_example_controllers/cartesian_pose_example_controller.hpp
[2.911s] -- Up-to-date: /home/zac/franka_ws/install/franka_example_controllers/include/franka_example_controllers/joint_impedance_example_controller.hpp
[2.911s] -- Up-to-date: /home/zac/franka_ws/install/franka_example_controllers/include/franka_example_controllers/motion_generator.hpp
[2.911s] -- Up-to-date: /home/zac/franka_ws/install/franka_example_controllers/include/franka_example_controllers/cartesian_elbow_example_controller.hpp
[2.911s] -- Up-to-date: /home/zac/franka_ws/install/franka_example_controllers/include/franka_example_controllers/elbow_example_controller.hpp
[2.911s] -- Up-to-date: /home/zac/franka_ws/install/franka_example_controllers/include/franka_example_controllers/joint_position_example_controller.hpp
[2.911s] -- Up-to-date: /home/zac/franka_ws/install/franka_example_controllers/include/franka_example_controllers/cartesian_velocity_example_controller.hpp
[2.911s] -- Up-to-date: /home/zac/franka_ws/install/franka_example_controllers/include/franka_example_controllers/gravity_compensation_example_controller.hpp
[2.912s] -- Up-to-date: /home/zac/franka_ws/install/franka_example_controllers/include/franka_example_controllers/move_to_start_example_controller.hpp
[2.912s] -- Up-to-date: /home/zac/franka_ws/install/franka_example_controllers/include/franka_example_controllers/default_robot_behavior_utils.hpp
[2.912s] -- Up-to-date: /home/zac/franka_ws/install/franka_example_controllers/include/franka_example_controllers/robot_utils.hpp
[2.912s] -- Up-to-date: /home/zac/franka_ws/install/franka_example_controllers/include/franka_example_controllers/joint_impedance_with_ik_example_controller.hpp
[2.912s] -- Up-to-date: /home/zac/franka_ws/install/franka_example_controllers/include/franka_example_controllers/cartesian_orientation_example_controller.hpp
[2.912s] -- Up-to-date: /home/zac/franka_ws/install/franka_example_controllers/share/franka_example_controllers/environment/library_path.sh
[2.913s] -- Installing: /home/zac/franka_ws/install/franka_example_controllers/share/franka_example_controllers/environment/library_path.dsv
[2.913s] -- Up-to-date: /home/zac/franka_ws/install/franka_example_controllers/share/ament_index/resource_index/package_run_dependencies/franka_example_controllers
[2.913s] -- Up-to-date: /home/zac/franka_ws/install/franka_example_controllers/share/ament_index/resource_index/parent_prefix_path/franka_example_controllers
[2.913s] -- Up-to-date: /home/zac/franka_ws/install/franka_example_controllers/share/franka_example_controllers/environment/ament_prefix_path.sh
[2.913s] -- Installing: /home/zac/franka_ws/install/franka_example_controllers/share/franka_example_controllers/environment/ament_prefix_path.dsv
[2.913s] -- Up-to-date: /home/zac/franka_ws/install/franka_example_controllers/share/franka_example_controllers/environment/path.sh
[2.913s] -- Installing: /home/zac/franka_ws/install/franka_example_controllers/share/franka_example_controllers/environment/path.dsv
[2.913s] -- Up-to-date: /home/zac/franka_ws/install/franka_example_controllers/share/franka_example_controllers/local_setup.bash
[2.914s] -- Up-to-date: /home/zac/franka_ws/install/franka_example_controllers/share/franka_example_controllers/local_setup.sh
[2.914s] -- Up-to-date: /home/zac/franka_ws/install/franka_example_controllers/share/franka_example_controllers/local_setup.zsh
[2.914s] -- Installing: /home/zac/franka_ws/install/franka_example_controllers/share/franka_example_controllers/local_setup.dsv
[2.914s] -- Installing: /home/zac/franka_ws/install/franka_example_controllers/share/franka_example_controllers/package.dsv
[2.914s] -- Up-to-date: /home/zac/franka_ws/install/franka_example_controllers/share/ament_index/resource_index/packages/franka_example_controllers
[2.914s] -- Up-to-date: /home/zac/franka_ws/install/franka_example_controllers/share/ament_index/resource_index/controller_interface__pluginlib__plugin/franka_example_controllers
[2.914s] -- Up-to-date: /home/zac/franka_ws/install/franka_example_controllers/share/franka_example_controllers/cmake/ament_cmake_export_include_directories-extras.cmake
[2.914s] -- Up-to-date: /home/zac/franka_ws/install/franka_example_controllers/share/franka_example_controllers/cmake/ament_cmake_export_libraries-extras.cmake
[2.914s] -- Up-to-date: /home/zac/franka_ws/install/franka_example_controllers/share/franka_example_controllers/cmake/ament_cmake_export_dependencies-extras.cmake
[2.915s] -- Up-to-date: /home/zac/franka_ws/install/franka_example_controllers/share/franka_example_controllers/cmake/franka_example_controllersConfig.cmake
[2.915s] -- Up-to-date: /home/zac/franka_ws/install/franka_example_controllers/share/franka_example_controllers/cmake/franka_example_controllersConfig-version.cmake
[2.915s] -- Up-to-date: /home/zac/franka_ws/install/franka_example_controllers/share/franka_example_controllers/package.xml
[2.917s] Invoked command in '/home/zac/franka_ws/build/franka_example_controllers' returned '0': AMENT_PREFIX_PATH=/home/zac/franka_ws/install/franka_semantic_components:/home/zac/franka_ws/install/franka_hardware:/home/zac/franka_ws/install/franka_msgs:${AMENT_PREFIX_PATH} CMAKE_PREFIX_PATH=/home/zac/franka_ws/install/franka_semantic_components:/home/zac/franka_ws/install/franka_hardware:/home/zac/franka_ws/install/franka_msgs:/opt/ros/humble LD_LIBRARY_PATH=/home/zac/franka_ws/install/franka_semantic_components/lib:/home/zac/franka_ws/install/franka_hardware/lib:/home/zac/franka_ws/install/franka_msgs/lib:${LD_LIBRARY_PATH} PYTHONPATH=/home/zac/franka_ws/install/franka_msgs/local/lib/python3.10/dist-packages:${PYTHONPATH} /usr/bin/cmake --install /home/zac/franka_ws/build/franka_example_controllers
