[0.023s] Invoking command in '/home/zac/franka_ws/build/franka_gripper': AMENT_PREFIX_PATH=/home/zac/franka_ws/install/franka_msgs:${AMENT_PREFIX_PATH} CMAKE_PREFIX_PATH=/home/zac/franka_ws/install/franka_msgs:/opt/ros/humble LD_LIBRARY_PATH=/home/zac/franka_ws/install/franka_msgs/lib:${LD_LIBRARY_PATH} PYTHONPATH=/home/zac/franka_ws/install/franka_msgs/local/lib/python3.10/dist-packages:${PYTHONPATH} /usr/bin/cmake --build /home/zac/franka_ws/build/franka_gripper -- -j8 -l8
[0.126s] [  0%] Built target ament_cmake_python_symlink_franka_gripper
[0.127s] [ 50%] Built target franka_gripper_node
[0.142s] [100%] Built target gripper_server
[0.606s] running egg_info
[0.608s] writing franka_gripper.egg-info/PKG-INFO
[0.608s] writing dependency_links to franka_gripper.egg-info/dependency_links.txt
[0.609s] writing top-level names to franka_gripper.egg-info/top_level.txt
[0.613s] reading manifest file 'franka_gripper.egg-info/SOURCES.txt'
[0.614s] writing manifest file 'franka_gripper.egg-info/SOURCES.txt'
[0.653s] [100%] Built target ament_cmake_python_build_franka_gripper_egg
[0.672s] Invoked command in '/home/zac/franka_ws/build/franka_gripper' returned '0': AMENT_PREFIX_PATH=/home/zac/franka_ws/install/franka_msgs:${AMENT_PREFIX_PATH} CMAKE_PREFIX_PATH=/home/zac/franka_ws/install/franka_msgs:/opt/ros/humble LD_LIBRARY_PATH=/home/zac/franka_ws/install/franka_msgs/lib:${LD_LIBRARY_PATH} PYTHONPATH=/home/zac/franka_ws/install/franka_msgs/local/lib/python3.10/dist-packages:${PYTHONPATH} /usr/bin/cmake --build /home/zac/franka_ws/build/franka_gripper -- -j8 -l8
[0.725s] Invoking command in '/home/zac/franka_ws/build/franka_gripper': AMENT_PREFIX_PATH=/home/zac/franka_ws/install/franka_msgs:${AMENT_PREFIX_PATH} CMAKE_PREFIX_PATH=/home/zac/franka_ws/install/franka_msgs:/opt/ros/humble LD_LIBRARY_PATH=/home/zac/franka_ws/install/franka_msgs/lib:${LD_LIBRARY_PATH} PYTHONPATH=/home/zac/franka_ws/install/franka_msgs/local/lib/python3.10/dist-packages:${PYTHONPATH} /usr/bin/cmake --install /home/zac/franka_ws/build/franka_gripper
[0.737s] -- Install configuration: "Release"
[0.738s] -- Execute custom install script
[0.739s] -- Up-to-date symlink: /home/zac/franka_ws/install/franka_gripper/lib/franka_gripper/franka_gripper_node
[0.739s] -- Up-to-date symlink: /home/zac/franka_ws/install/franka_gripper/lib/libgripper_server.so
[0.740s] -- Up-to-date symlink: /home/zac/franka_ws/install/franka_gripper/share/franka_gripper//launch/gripper.launch.py
[0.740s] -- Up-to-date symlink: /home/zac/franka_ws/install/franka_gripper/share/franka_gripper//config/franka_gripper_node.yaml
[0.741s] -- Up-to-date symlink: /home/zac/franka_ws/install/franka_gripper/share/franka_gripper/environment/pythonpath.sh
[0.741s] -- Up-to-date symlink: /home/zac/franka_ws/install/franka_gripper/share/franka_gripper/environment/pythonpath.dsv
[0.742s] -- Up-to-date symlink: /home/zac/franka_ws/install/franka_gripper/local/lib/python3.10/dist-packages/franka_gripper-0.1.15-py3.10.egg-info/PKG-INFO
[0.742s] -- Up-to-date symlink: /home/zac/franka_ws/install/franka_gripper/local/lib/python3.10/dist-packages/franka_gripper-0.1.15-py3.10.egg-info/SOURCES.txt
[0.742s] -- Up-to-date symlink: /home/zac/franka_ws/install/franka_gripper/local/lib/python3.10/dist-packages/franka_gripper-0.1.15-py3.10.egg-info/dependency_links.txt
[0.742s] -- Up-to-date symlink: /home/zac/franka_ws/install/franka_gripper/local/lib/python3.10/dist-packages/franka_gripper-0.1.15-py3.10.egg-info/top_level.txt
[0.743s] -- Up-to-date symlink: /home/zac/franka_ws/install/franka_gripper/local/lib/python3.10/dist-packages/franka_gripper/__init__.py
[0.744s] -- Up-to-date symlink: /home/zac/franka_ws/install/franka_gripper/lib/franka_gripper/fake_gripper_state_publisher.py
[0.744s] -- Up-to-date symlink: /home/zac/franka_ws/install/franka_gripper/share/ament_index/resource_index/package_run_dependencies/franka_gripper
[0.745s] -- Up-to-date symlink: /home/zac/franka_ws/install/franka_gripper/share/ament_index/resource_index/parent_prefix_path/franka_gripper
[0.746s] -- Up-to-date symlink: /home/zac/franka_ws/install/franka_gripper/share/franka_gripper/environment/ament_prefix_path.sh
[0.746s] -- Up-to-date symlink: /home/zac/franka_ws/install/franka_gripper/share/franka_gripper/environment/ament_prefix_path.dsv
[0.746s] -- Up-to-date symlink: /home/zac/franka_ws/install/franka_gripper/share/franka_gripper/environment/path.sh
[0.747s] -- Up-to-date symlink: /home/zac/franka_ws/install/franka_gripper/share/franka_gripper/environment/path.dsv
[0.747s] -- Up-to-date symlink: /home/zac/franka_ws/install/franka_gripper/share/franka_gripper/local_setup.bash
[0.748s] -- Up-to-date symlink: /home/zac/franka_ws/install/franka_gripper/share/franka_gripper/local_setup.sh
[0.748s] -- Up-to-date symlink: /home/zac/franka_ws/install/franka_gripper/share/franka_gripper/local_setup.zsh
[0.749s] -- Up-to-date symlink: /home/zac/franka_ws/install/franka_gripper/share/franka_gripper/local_setup.dsv
[0.749s] -- Symlinking: /home/zac/franka_ws/install/franka_gripper/share/franka_gripper/package.dsv
[0.765s] -- Up-to-date symlink: /home/zac/franka_ws/install/franka_gripper/share/ament_index/resource_index/packages/franka_gripper
[0.765s] -- Up-to-date symlink: /home/zac/franka_ws/install/franka_gripper/share/ament_index/resource_index/rclcpp_components/franka_gripper
[0.766s] -- Up-to-date symlink: /home/zac/franka_ws/install/franka_gripper/share/franka_gripper/cmake/franka_gripperConfig.cmake
[0.766s] -- Up-to-date symlink: /home/zac/franka_ws/install/franka_gripper/share/franka_gripper/cmake/franka_gripperConfig-version.cmake
[0.766s] -- Up-to-date symlink: /home/zac/franka_ws/install/franka_gripper/share/franka_gripper/package.xml
[0.828s] Listing '/home/zac/franka_ws/install/franka_gripper/local/lib/python3.10/dist-packages/franka_gripper'...
[0.856s] Invoked command in '/home/zac/franka_ws/build/franka_gripper' returned '0': AMENT_PREFIX_PATH=/home/zac/franka_ws/install/franka_msgs:${AMENT_PREFIX_PATH} CMAKE_PREFIX_PATH=/home/zac/franka_ws/install/franka_msgs:/opt/ros/humble LD_LIBRARY_PATH=/home/zac/franka_ws/install/franka_msgs/lib:${LD_LIBRARY_PATH} PYTHONPATH=/home/zac/franka_ws/install/franka_msgs/local/lib/python3.10/dist-packages:${PYTHONPATH} /usr/bin/cmake --install /home/zac/franka_ws/build/franka_gripper
