[0.090s] Invoking command in '/home/zac/franka_ws/build/moveit_planners_chomp': AMENT_PREFIX_PATH=/home/zac/franka_ws/install/chomp_motion_planner:/home/zac/franka_ws/install/moveit_core:/home/zac/franka_ws/install/moveit_common:${AMENT_PREFIX_PATH} CMAKE_PREFIX_PATH=/home/zac/franka_ws/install/chomp_motion_planner:/home/zac/franka_ws/install/moveit_core:/home/zac/franka_ws/install/moveit_common:/opt/ros/humble LD_LIBRARY_PATH=/home/zac/franka_ws/install/chomp_motion_planner/lib:/home/zac/franka_ws/install/moveit_core/lib:${LD_LIBRARY_PATH} PATH=/home/zac/franka_ws/install/moveit_core/bin:${PATH} /usr/bin/cmake /home/zac/franka_ws/src/moveit2/moveit_planners/chomp/chomp_interface -DAMENT_CMAKE_SYMLINK_INSTALL=1 -DCMAKE_INSTALL_PREFIX=/home/zac/franka_ws/install/moveit_planners_chomp
[0.156s] -- Found moveit_common: 2.5.5 (/home/zac/franka_ws/install/moveit_common/share/moveit_common/cmake)
[0.156s] -- Found ament_cmake: 1.3.10 (/opt/ros/humble/share/ament_cmake/cmake)
[0.678s] -- Override CMake install command with custom implementation using symlinks instead of copying resources
[0.978s] -- Found moveit_core: 2.5.5 (/home/zac/franka_ws/install/moveit_core/share/moveit_core/cmake)
[0.978s] [0mmoveit_planners_chomp: You did not request a specific build type: Choosing 'Release' for maximum performance[0m
[1.009s] -- Found Boost: /usr/lib/x86_64-linux-gnu/cmake/Boost-1.74.0/BoostConfig.cmake (found version "1.74.0") found components: chrono date_time filesystem iostreams program_options regex serialization system thread 
[1.094s] -- Found parameter_traits: 0.3.8 (/opt/ros/humble/share/parameter_traits/cmake)
[1.159s] -- Found rosidl_generator_c: 3.1.5 (/opt/ros/humble/share/rosidl_generator_c/cmake)
[1.164s] -- Found rosidl_adapter: 3.1.5 (/opt/ros/humble/share/rosidl_adapter/cmake)
[1.193s] -- Found rosidl_generator_cpp: 3.1.5 (/opt/ros/humble/share/rosidl_generator_cpp/cmake)
[1.227s] -- Using all available rosidl_typesupport_c: rosidl_typesupport_fastrtps_c;rosidl_typesupport_introspection_c
[1.265s] -- Using all available rosidl_typesupport_cpp: rosidl_typesupport_fastrtps_cpp;rosidl_typesupport_introspection_cpp
[1.399s] -- Found rmw_implementation_cmake: 6.1.2 (/opt/ros/humble/share/rmw_implementation_cmake/cmake)
[1.407s] -- Found rmw_fastrtps_cpp: 6.2.7 (/opt/ros/humble/share/rmw_fastrtps_cpp/cmake)
[1.763s] -- Using RMW implementation 'rmw_fastrtps_cpp' as default
[1.986s] -- Found rclcpp_lifecycle: 16.0.10 (/opt/ros/humble/share/rclcpp_lifecycle/cmake)
[2.055s] -- Found Boost: /usr/lib/x86_64-linux-gnu/cmake/Boost-1.74.0/BoostConfig.cmake (found version "1.74.0") found components: filesystem 
[2.195s] -- library: /usr/lib/x86_64-linux-gnu/libcurl.so
[2.396s] -- Ensuring Eigen3 include directory is part of orocos-kdl CMake target
[3.058s] -- Found chomp_motion_planner: 2.5.5 (/home/zac/franka_ws/install/chomp_motion_planner/share/chomp_motion_planner/cmake)
[3.099s] -- Found ament_lint_auto: 0.12.11 (/opt/ros/humble/share/ament_lint_auto/cmake)
[3.181s] -- Added test 'cppcheck' to perform static code analysis on C / C++ code
[3.181s] -- Configured cppcheck include dirs: /home/zac/franka_ws/src/moveit2/moveit_planners/chomp/chomp_interface/include
[3.181s] -- Configured cppcheck exclude dirs and/or files: 
[3.181s] -- Added test 'xmllint' to check XML markup files
[3.193s] -- Configuring done
[3.379s] -- Generating done
[3.391s] -- Build files have been written to: /home/zac/franka_ws/build/moveit_planners_chomp
[3.433s] Invoked command in '/home/zac/franka_ws/build/moveit_planners_chomp' returned '0': AMENT_PREFIX_PATH=/home/zac/franka_ws/install/chomp_motion_planner:/home/zac/franka_ws/install/moveit_core:/home/zac/franka_ws/install/moveit_common:${AMENT_PREFIX_PATH} CMAKE_PREFIX_PATH=/home/zac/franka_ws/install/chomp_motion_planner:/home/zac/franka_ws/install/moveit_core:/home/zac/franka_ws/install/moveit_common:/opt/ros/humble LD_LIBRARY_PATH=/home/zac/franka_ws/install/chomp_motion_planner/lib:/home/zac/franka_ws/install/moveit_core/lib:${LD_LIBRARY_PATH} PATH=/home/zac/franka_ws/install/moveit_core/bin:${PATH} /usr/bin/cmake /home/zac/franka_ws/src/moveit2/moveit_planners/chomp/chomp_interface -DAMENT_CMAKE_SYMLINK_INSTALL=1 -DCMAKE_INSTALL_PREFIX=/home/zac/franka_ws/install/moveit_planners_chomp
[3.434s] Invoking command in '/home/zac/franka_ws/build/moveit_planners_chomp': AMENT_PREFIX_PATH=/home/zac/franka_ws/install/chomp_motion_planner:/home/zac/franka_ws/install/moveit_core:/home/zac/franka_ws/install/moveit_common:${AMENT_PREFIX_PATH} CMAKE_PREFIX_PATH=/home/zac/franka_ws/install/chomp_motion_planner:/home/zac/franka_ws/install/moveit_core:/home/zac/franka_ws/install/moveit_common:/opt/ros/humble LD_LIBRARY_PATH=/home/zac/franka_ws/install/chomp_motion_planner/lib:/home/zac/franka_ws/install/moveit_core/lib:${LD_LIBRARY_PATH} PATH=/home/zac/franka_ws/install/moveit_core/bin:${PATH} /usr/bin/cmake --build /home/zac/franka_ws/build/moveit_planners_chomp -- -j8 -l8
[3.676s] [35m[1mConsolidate compiler generated dependencies of target moveit_chomp_interface[0m
[3.769s] [ 60%] Built target moveit_chomp_interface
[3.815s] [35m[1mConsolidate compiler generated dependencies of target moveit_chomp_planner_plugin[0m
[3.975s] [100%] Built target moveit_chomp_planner_plugin
[4.025s] Invoked command in '/home/zac/franka_ws/build/moveit_planners_chomp' returned '0': AMENT_PREFIX_PATH=/home/zac/franka_ws/install/chomp_motion_planner:/home/zac/franka_ws/install/moveit_core:/home/zac/franka_ws/install/moveit_common:${AMENT_PREFIX_PATH} CMAKE_PREFIX_PATH=/home/zac/franka_ws/install/chomp_motion_planner:/home/zac/franka_ws/install/moveit_core:/home/zac/franka_ws/install/moveit_common:/opt/ros/humble LD_LIBRARY_PATH=/home/zac/franka_ws/install/chomp_motion_planner/lib:/home/zac/franka_ws/install/moveit_core/lib:${LD_LIBRARY_PATH} PATH=/home/zac/franka_ws/install/moveit_core/bin:${PATH} /usr/bin/cmake --build /home/zac/franka_ws/build/moveit_planners_chomp -- -j8 -l8
[4.255s] Invoking command in '/home/zac/franka_ws/build/moveit_planners_chomp': AMENT_PREFIX_PATH=/home/zac/franka_ws/install/chomp_motion_planner:/home/zac/franka_ws/install/moveit_core:/home/zac/franka_ws/install/moveit_common:${AMENT_PREFIX_PATH} CMAKE_PREFIX_PATH=/home/zac/franka_ws/install/chomp_motion_planner:/home/zac/franka_ws/install/moveit_core:/home/zac/franka_ws/install/moveit_common:/opt/ros/humble LD_LIBRARY_PATH=/home/zac/franka_ws/install/chomp_motion_planner/lib:/home/zac/franka_ws/install/moveit_core/lib:${LD_LIBRARY_PATH} PATH=/home/zac/franka_ws/install/moveit_core/bin:${PATH} /usr/bin/cmake --install /home/zac/franka_ws/build/moveit_planners_chomp
[4.277s] -- Install configuration: "Release"
[4.277s] -- Execute custom install script
[4.277s] -- Symlinking: /home/zac/franka_ws/install/moveit_planners_chomp/share/moveit_planners_chomp/environment/library_path.sh
[4.307s] -- Symlinking: /home/zac/franka_ws/install/moveit_planners_chomp/share/moveit_planners_chomp/environment/library_path.dsv
[4.338s] -- Symlinking: /home/zac/franka_ws/install/moveit_planners_chomp/share/moveit_planners_chomp//chomp_interface_plugin_description.xml
[4.346s] -- Symlinking: /home/zac/franka_ws/install/moveit_planners_chomp/share/ament_index/resource_index/package_run_dependencies/moveit_planners_chomp
[4.375s] -- Symlinking: /home/zac/franka_ws/install/moveit_planners_chomp/share/ament_index/resource_index/parent_prefix_path/moveit_planners_chomp
[4.404s] -- Symlinking: /home/zac/franka_ws/install/moveit_planners_chomp/share/moveit_planners_chomp/environment/ament_prefix_path.sh
[4.439s] -- Symlinking: /home/zac/franka_ws/install/moveit_planners_chomp/share/moveit_planners_chomp/environment/ament_prefix_path.dsv
[4.465s] -- Symlinking: /home/zac/franka_ws/install/moveit_planners_chomp/share/moveit_planners_chomp/environment/path.sh
[4.482s] -- Symlinking: /home/zac/franka_ws/install/moveit_planners_chomp/share/moveit_planners_chomp/environment/path.dsv
[4.532s] -- Symlinking: /home/zac/franka_ws/install/moveit_planners_chomp/share/moveit_planners_chomp/local_setup.bash
[4.549s] -- Symlinking: /home/zac/franka_ws/install/moveit_planners_chomp/share/moveit_planners_chomp/local_setup.sh
[4.577s] -- Symlinking: /home/zac/franka_ws/install/moveit_planners_chomp/share/moveit_planners_chomp/local_setup.zsh
[4.605s] -- Symlinking: /home/zac/franka_ws/install/moveit_planners_chomp/share/moveit_planners_chomp/local_setup.dsv
[4.616s] -- Symlinking: /home/zac/franka_ws/install/moveit_planners_chomp/share/moveit_planners_chomp/package.dsv
[4.636s] -- Symlinking: /home/zac/franka_ws/install/moveit_planners_chomp/share/ament_index/resource_index/packages/moveit_planners_chomp
[4.659s] -- Symlinking: /home/zac/franka_ws/install/moveit_planners_chomp/share/ament_index/resource_index/moveit_core__pluginlib__plugin/moveit_planners_chomp
[4.679s] -- Symlinking: /home/zac/franka_ws/install/moveit_planners_chomp/share/moveit_planners_chomp/cmake/ament_cmake_export_targets-extras.cmake
[4.697s] -- Symlinking: /home/zac/franka_ws/install/moveit_planners_chomp/share/moveit_planners_chomp/cmake/ament_cmake_export_dependencies-extras.cmake
[4.715s] -- Symlinking: /home/zac/franka_ws/install/moveit_planners_chomp/share/moveit_planners_chomp/cmake/moveit_planners_chompConfig.cmake
[4.754s] -- Symlinking: /home/zac/franka_ws/install/moveit_planners_chomp/share/moveit_planners_chomp/cmake/moveit_planners_chompConfig-version.cmake
[4.776s] -- Symlinking: /home/zac/franka_ws/install/moveit_planners_chomp/share/moveit_planners_chomp/package.xml
[4.796s] -- Up-to-date: /home/zac/franka_ws/install/moveit_planners_chomp/lib/libmoveit_chomp_interface.so.2.5.5
[4.797s] -- Up-to-date: /home/zac/franka_ws/install/moveit_planners_chomp/lib/libmoveit_chomp_interface.so
[4.798s] -- Up-to-date: /home/zac/franka_ws/install/moveit_planners_chomp/lib/libmoveit_chomp_planner_plugin.so
[4.799s] -- Up-to-date: /home/zac/franka_ws/install/moveit_planners_chomp/share/moveit_planners_chomp/cmake/moveit_planners_chompTargetsExport.cmake
[4.800s] -- Up-to-date: /home/zac/franka_ws/install/moveit_planners_chomp/share/moveit_planners_chomp/cmake/moveit_planners_chompTargetsExport-release.cmake
[4.805s] Invoked command in '/home/zac/franka_ws/build/moveit_planners_chomp' returned '0': AMENT_PREFIX_PATH=/home/zac/franka_ws/install/chomp_motion_planner:/home/zac/franka_ws/install/moveit_core:/home/zac/franka_ws/install/moveit_common:${AMENT_PREFIX_PATH} CMAKE_PREFIX_PATH=/home/zac/franka_ws/install/chomp_motion_planner:/home/zac/franka_ws/install/moveit_core:/home/zac/franka_ws/install/moveit_common:/opt/ros/humble LD_LIBRARY_PATH=/home/zac/franka_ws/install/chomp_motion_planner/lib:/home/zac/franka_ws/install/moveit_core/lib:${LD_LIBRARY_PATH} PATH=/home/zac/franka_ws/install/moveit_core/bin:${PATH} /usr/bin/cmake --install /home/zac/franka_ws/build/moveit_planners_chomp
