[0.030s] Invoking command in '/home/zac/franka_ws/build/franka_example_controllers': AMENT_PREFIX_PATH=/home/zac/franka_ws/install/franka_semantic_components:/home/zac/franka_ws/install/franka_hardware:/home/zac/franka_ws/install/franka_msgs:${AMENT_PREFIX_PATH} CMAKE_PREFIX_PATH=/home/zac/franka_ws/install/franka_semantic_components:/home/zac/franka_ws/install/franka_hardware:/home/zac/franka_ws/install/franka_msgs:/opt/ros/humble LD_LIBRARY_PATH=/home/zac/franka_ws/install/franka_semantic_components/lib:/home/zac/franka_ws/install/franka_hardware/lib:/home/zac/franka_ws/install/franka_msgs/lib:${LD_LIBRARY_PATH} PYTHONPATH=/home/zac/franka_ws/install/franka_msgs/local/lib/python3.10/dist-packages:${PYTHONPATH} /usr/bin/cmake --build /home/zac/franka_ws/build/franka_example_controllers -- -j8 -l8
[0.088s] -- Found ament_cmake: 1.3.10 (/opt/ros/humble/share/ament_cmake/cmake)
[0.278s] -- Override CMake install command with custom implementation using symlinks instead of copying resources
[0.296s] -- Found rclcpp: 16.0.10 (/opt/ros/humble/share/rclcpp/cmake)
[0.356s] -- Found rosidl_generator_c: 3.1.5 (/opt/ros/humble/share/rosidl_generator_c/cmake)
[0.360s] -- Found rosidl_adapter: 3.1.5 (/opt/ros/humble/share/rosidl_adapter/cmake)
[0.369s] -- Found rosidl_generator_cpp: 3.1.5 (/opt/ros/humble/share/rosidl_generator_cpp/cmake)
[0.383s] -- Using all available rosidl_typesupport_c: rosidl_typesupport_fastrtps_c;rosidl_typesupport_introspection_c
[0.400s] -- Using all available rosidl_typesupport_cpp: rosidl_typesupport_fastrtps_cpp;rosidl_typesupport_introspection_cpp
[0.447s] -- Found rmw_implementation_cmake: 6.1.2 (/opt/ros/humble/share/rmw_implementation_cmake/cmake)
[0.449s] -- Found rmw_fastrtps_cpp: 6.2.7 (/opt/ros/humble/share/rmw_fastrtps_cpp/cmake)
[0.621s] -- Using RMW implementation 'rmw_fastrtps_cpp' as default
[0.696s] -- Found controller_interface: 2.42.0 (/opt/ros/humble/share/controller_interface/cmake)
[0.902s] -- Found franka_msgs: 0.1.15 (/home/zac/franka_ws/install/franka_msgs/share/franka_msgs/cmake)
[0.936s] -- Found franka_semantic_components: 0.1.0 (/home/zac/franka_ws/install/franka_semantic_components/share/franka_semantic_components/cmake)
[0.968s] -- Found moveit_core: 2.5.5 (/opt/ros/humble/share/moveit_core/cmake)
[0.990s] -- Found Boost: /usr/lib/x86_64-linux-gnu/cmake/Boost-1.74.0/BoostConfig.cmake (found version "1.74.0") found components: chrono date_time filesystem iostreams program_options regex serialization system thread 
[1.002s] -- Found parameter_traits: 0.3.8 (/opt/ros/humble/share/parameter_traits/cmake)
[1.021s] -- Found Boost: /usr/lib/x86_64-linux-gnu/cmake/Boost-1.74.0/BoostConfig.cmake (found version "1.74.0") found components: filesystem 
[1.073s] -- library: /usr/lib/x86_64-linux-gnu/libcurl.so
[1.132s] -- Ensuring Eigen3 include directory is part of orocos-kdl CMake target
[1.403s] -- Found ament_cmake_clang_format: 0.12.11 (/opt/ros/humble/share/ament_cmake_clang_format/cmake)
[1.404s] -- Found ament_cmake_copyright: 0.12.11 (/opt/ros/humble/share/ament_cmake_copyright/cmake)
[1.405s] -- Found ament_cmake_cppcheck: 0.12.11 (/opt/ros/humble/share/ament_cmake_cppcheck/cmake)
[1.406s] -- Found ament_cmake_flake8: 0.12.11 (/opt/ros/humble/share/ament_cmake_flake8/cmake)
[1.406s] -- Found ament_cmake_lint_cmake: 0.12.11 (/opt/ros/humble/share/ament_cmake_lint_cmake/cmake)
[1.407s] -- Found ament_cmake_pep257: 0.12.11 (/opt/ros/humble/share/ament_cmake_pep257/cmake)
[1.408s] -- Found ament_cmake_xmllint: 0.12.11 (/opt/ros/humble/share/ament_cmake_xmllint/cmake)
[1.409s] -- Found ament_cmake_gmock: 1.3.10 (/opt/ros/humble/share/ament_cmake_gmock/cmake)
[1.409s] -- Found controller_manager: 2.42.0 (/opt/ros/humble/share/controller_manager/cmake)
[1.442s] -- Found ros2_control_test_assets: 2.42.0 (/opt/ros/humble/share/ros2_control_test_assets/cmake)
[1.446s] -- Found gmock sources under '/opt/ros/humble/src/gmock_vendor': C++ tests using 'Google Mock' will be built
[1.450s] -- Found ament_cmake_gtest: 1.3.10 (/opt/ros/humble/share/ament_cmake_gtest/cmake)
[1.451s] -- Found gtest sources under '/opt/ros/humble/src/gtest_vendor': C++ tests using 'Google Test' will be built
[1.590s] -- Configuring done
[1.910s] -- Generating done
[1.916s] -- Build files have been written to: /home/zac/franka_ws/build/franka_example_controllers
[1.971s] [35m[1mConsolidate compiler generated dependencies of target gmock_main[0m
[1.984s] [35m[1mConsolidate compiler generated dependencies of target franka_example_controllers[0m
[1.997s] [  7%] Built target gmock_main
[2.014s] [35m[1mConsolidate compiler generated dependencies of target gmock[0m
[2.047s] [ 18%] Built target gmock
[2.071s] [35m[1mConsolidate compiler generated dependencies of target franka_example_controllers_test[0m
[2.113s] [ 22%] [32mBuilding CXX object CMakeFiles/franka_example_controllers_test.dir/test/test_load_gravity_compensation_controller.cpp.o[0m
[2.146s] [ 25%] [32mBuilding CXX object CMakeFiles/franka_example_controllers.dir/src/gravity_compensation_example_controller.cpp.o[0m
[2.154s] [ 29%] [32mBuilding CXX object CMakeFiles/franka_example_controllers.dir/src/joint_impedance_example_controller.cpp.o[0m
[12.993s] [ 33%] [32mBuilding CXX object CMakeFiles/franka_example_controllers.dir/src/joint_impedance_with_ik_example_controller.cpp.o[0m
[13.496s] [ 37%] [32m[1mLinking CXX executable franka_example_controllers_test[0m
[13.799s] [ 37%] Built target franka_example_controllers_test
[27.403s] [ 40%] [32mBuilding CXX object CMakeFiles/franka_example_controllers.dir/src/cartesian_orientation_example_controller.cpp.o[0m
[34.558s] [ 44%] [32mBuilding CXX object CMakeFiles/franka_example_controllers.dir/src/elbow_example_controller.cpp.o[0m
[41.251s] [ 48%] [32mBuilding CXX object CMakeFiles/franka_example_controllers.dir/src/model_example_controller.cpp.o[0m
[46.619s] [ 51%] [32mBuilding CXX object CMakeFiles/franka_example_controllers.dir/src/move_to_start_example_controller.cpp.o[0m
[53.025s] [ 55%] [32mBuilding CXX object CMakeFiles/franka_example_controllers.dir/src/motion_generator.cpp.o[0m
[55.090s] [ 62%] [32mBuilding CXX object CMakeFiles/franka_example_controllers.dir/src/cartesian_elbow_example_controller.cpp.o[0m
[55.090s] [ 62%] [32mBuilding CXX object CMakeFiles/franka_example_controllers.dir/src/cartesian_pose_example_controller.cpp.o[0m
[63.038s] [ 66%] [32mBuilding CXX object CMakeFiles/franka_example_controllers.dir/src/cartesian_velocity_example_controller.cpp.o[0m
[63.344s] [ 74%] [32mBuilding CXX object CMakeFiles/franka_example_controllers.dir/src/joint_position_example_controller.cpp.o[0m
[63.344s] [ 74%] [32mBuilding CXX object CMakeFiles/franka_example_controllers.dir/src/joint_velocity_example_controller.cpp.o[0m
[74.214s] [ 77%] [32m[1mLinking CXX shared library libfranka_example_controllers.so[0m
[74.626s] [ 77%] Built target franka_example_controllers
[74.644s] [35m[1mConsolidate compiler generated dependencies of target franka_example_controllers_gravity_test[0m
[74.645s] [35m[1mConsolidate compiler generated dependencies of target franka_example_controllers_move_to_start_test[0m
[74.647s] [35m[1mConsolidate compiler generated dependencies of target franka_example_controllers_test_load_move_to_start[0m
[74.689s] [ 81%] [32mBuilding CXX object CMakeFiles/franka_example_controllers_gravity_test.dir/test/test_gravity_compensation_example.cpp.o[0m
[74.691s] [ 85%] [32mBuilding CXX object CMakeFiles/franka_example_controllers_test_load_move_to_start.dir/test/test_load_move_to_start_example_controller.cpp.o[0m
[74.698s] [ 88%] [32mBuilding CXX object CMakeFiles/franka_example_controllers_move_to_start_test.dir/test/test_move_to_start_example_controller.cpp.o[0m
[83.848s] [ 92%] [32m[1mLinking CXX executable franka_example_controllers_test_load_move_to_start[0m
[84.149s] [ 92%] Built target franka_example_controllers_test_load_move_to_start
[84.742s] [ 96%] [32m[1mLinking CXX executable franka_example_controllers_gravity_test[0m
[85.258s] [ 96%] Built target franka_example_controllers_gravity_test
[86.418s] [100%] [32m[1mLinking CXX executable franka_example_controllers_move_to_start_test[0m
[86.802s] [100%] Built target franka_example_controllers_move_to_start_test
[86.819s] Invoked command in '/home/zac/franka_ws/build/franka_example_controllers' returned '0': AMENT_PREFIX_PATH=/home/zac/franka_ws/install/franka_semantic_components:/home/zac/franka_ws/install/franka_hardware:/home/zac/franka_ws/install/franka_msgs:${AMENT_PREFIX_PATH} CMAKE_PREFIX_PATH=/home/zac/franka_ws/install/franka_semantic_components:/home/zac/franka_ws/install/franka_hardware:/home/zac/franka_ws/install/franka_msgs:/opt/ros/humble LD_LIBRARY_PATH=/home/zac/franka_ws/install/franka_semantic_components/lib:/home/zac/franka_ws/install/franka_hardware/lib:/home/zac/franka_ws/install/franka_msgs/lib:${LD_LIBRARY_PATH} PYTHONPATH=/home/zac/franka_ws/install/franka_msgs/local/lib/python3.10/dist-packages:${PYTHONPATH} /usr/bin/cmake --build /home/zac/franka_ws/build/franka_example_controllers -- -j8 -l8
[86.921s] Invoking command in '/home/zac/franka_ws/build/franka_example_controllers': AMENT_PREFIX_PATH=/home/zac/franka_ws/install/franka_semantic_components:/home/zac/franka_ws/install/franka_hardware:/home/zac/franka_ws/install/franka_msgs:${AMENT_PREFIX_PATH} CMAKE_PREFIX_PATH=/home/zac/franka_ws/install/franka_semantic_components:/home/zac/franka_ws/install/franka_hardware:/home/zac/franka_ws/install/franka_msgs:/opt/ros/humble LD_LIBRARY_PATH=/home/zac/franka_ws/install/franka_semantic_components/lib:/home/zac/franka_ws/install/franka_hardware/lib:/home/zac/franka_ws/install/franka_msgs/lib:${LD_LIBRARY_PATH} PYTHONPATH=/home/zac/franka_ws/install/franka_msgs/local/lib/python3.10/dist-packages:${PYTHONPATH} /usr/bin/cmake --install /home/zac/franka_ws/build/franka_example_controllers
[86.930s] -- Install configuration: "Release"
[86.931s] -- Execute custom install script
[86.931s] -- Up-to-date symlink: /home/zac/franka_ws/install/franka_example_controllers/share/franka_example_controllers//franka_example_controllers.xml
[86.932s] -- Up-to-date symlink: /home/zac/franka_ws/install/franka_example_controllers/lib/libfranka_example_controllers.so
[86.932s] -- Up-to-date symlink: /home/zac/franka_ws/install/franka_example_controllers/include/franka_example_controllers/cartesian_elbow_example_controller.hpp
[86.933s] -- Up-to-date symlink: /home/zac/franka_ws/install/franka_example_controllers/include/franka_example_controllers/cartesian_orientation_example_controller.hpp
[86.933s] -- Up-to-date symlink: /home/zac/franka_ws/install/franka_example_controllers/include/franka_example_controllers/cartesian_pose_example_controller.hpp
[86.933s] -- Up-to-date symlink: /home/zac/franka_ws/install/franka_example_controllers/include/franka_example_controllers/cartesian_velocity_example_controller.hpp
[86.933s] -- Up-to-date symlink: /home/zac/franka_ws/install/franka_example_controllers/include/franka_example_controllers/default_robot_behavior_utils.hpp
[86.934s] -- Up-to-date symlink: /home/zac/franka_ws/install/franka_example_controllers/include/franka_example_controllers/elbow_example_controller.hpp
[86.934s] -- Up-to-date symlink: /home/zac/franka_ws/install/franka_example_controllers/include/franka_example_controllers/gravity_compensation_example_controller.hpp
[86.934s] -- Up-to-date symlink: /home/zac/franka_ws/install/franka_example_controllers/include/franka_example_controllers/joint_impedance_example_controller.hpp
[86.934s] -- Up-to-date symlink: /home/zac/franka_ws/install/franka_example_controllers/include/franka_example_controllers/joint_impedance_with_ik_example_controller.hpp
[86.934s] -- Up-to-date symlink: /home/zac/franka_ws/install/franka_example_controllers/include/franka_example_controllers/joint_position_example_controller.hpp
[86.935s] -- Up-to-date symlink: /home/zac/franka_ws/install/franka_example_controllers/include/franka_example_controllers/joint_velocity_example_controller.hpp
[86.935s] -- Up-to-date symlink: /home/zac/franka_ws/install/franka_example_controllers/include/franka_example_controllers/model_example_controller.hpp
[86.935s] -- Up-to-date symlink: /home/zac/franka_ws/install/franka_example_controllers/include/franka_example_controllers/motion_generator.hpp
[86.935s] -- Up-to-date symlink: /home/zac/franka_ws/install/franka_example_controllers/include/franka_example_controllers/move_to_start_example_controller.hpp
[86.936s] -- Up-to-date symlink: /home/zac/franka_ws/install/franka_example_controllers/include/franka_example_controllers/robot_utils.hpp
[86.936s] -- Up-to-date symlink: /home/zac/franka_ws/install/franka_example_controllers/include/franka_example_controllers/visibility_control.h
[86.936s] -- Up-to-date symlink: /home/zac/franka_ws/install/franka_example_controllers/share/franka_example_controllers/environment/library_path.sh
[86.937s] -- Up-to-date symlink: /home/zac/franka_ws/install/franka_example_controllers/share/franka_example_controllers/environment/library_path.dsv
[86.937s] -- Up-to-date symlink: /home/zac/franka_ws/install/franka_example_controllers/share/ament_index/resource_index/package_run_dependencies/franka_example_controllers
[86.937s] -- Up-to-date symlink: /home/zac/franka_ws/install/franka_example_controllers/share/ament_index/resource_index/parent_prefix_path/franka_example_controllers
[86.938s] -- Up-to-date symlink: /home/zac/franka_ws/install/franka_example_controllers/share/franka_example_controllers/environment/ament_prefix_path.sh
[86.938s] -- Up-to-date symlink: /home/zac/franka_ws/install/franka_example_controllers/share/franka_example_controllers/environment/ament_prefix_path.dsv
[86.938s] -- Up-to-date symlink: /home/zac/franka_ws/install/franka_example_controllers/share/franka_example_controllers/environment/path.sh
[86.939s] -- Up-to-date symlink: /home/zac/franka_ws/install/franka_example_controllers/share/franka_example_controllers/environment/path.dsv
[86.939s] -- Up-to-date symlink: /home/zac/franka_ws/install/franka_example_controllers/share/franka_example_controllers/local_setup.bash
[86.939s] -- Up-to-date symlink: /home/zac/franka_ws/install/franka_example_controllers/share/franka_example_controllers/local_setup.sh
[86.939s] -- Up-to-date symlink: /home/zac/franka_ws/install/franka_example_controllers/share/franka_example_controllers/local_setup.zsh
[86.940s] -- Up-to-date symlink: /home/zac/franka_ws/install/franka_example_controllers/share/franka_example_controllers/local_setup.dsv
[86.940s] -- Symlinking: /home/zac/franka_ws/install/franka_example_controllers/share/franka_example_controllers/package.dsv
[86.953s] -- Up-to-date symlink: /home/zac/franka_ws/install/franka_example_controllers/share/ament_index/resource_index/packages/franka_example_controllers
[86.953s] -- Up-to-date symlink: /home/zac/franka_ws/install/franka_example_controllers/share/ament_index/resource_index/controller_interface__pluginlib__plugin/franka_example_controllers
[86.953s] -- Up-to-date symlink: /home/zac/franka_ws/install/franka_example_controllers/share/franka_example_controllers/cmake/ament_cmake_export_include_directories-extras.cmake
[86.954s] -- Up-to-date symlink: /home/zac/franka_ws/install/franka_example_controllers/share/franka_example_controllers/cmake/ament_cmake_export_libraries-extras.cmake
[86.954s] -- Up-to-date symlink: /home/zac/franka_ws/install/franka_example_controllers/share/franka_example_controllers/cmake/ament_cmake_export_dependencies-extras.cmake
[86.954s] -- Up-to-date symlink: /home/zac/franka_ws/install/franka_example_controllers/share/franka_example_controllers/cmake/franka_example_controllersConfig.cmake
[86.954s] -- Up-to-date symlink: /home/zac/franka_ws/install/franka_example_controllers/share/franka_example_controllers/cmake/franka_example_controllersConfig-version.cmake
[86.955s] -- Up-to-date symlink: /home/zac/franka_ws/install/franka_example_controllers/share/franka_example_controllers/package.xml
[86.958s] Invoked command in '/home/zac/franka_ws/build/franka_example_controllers' returned '0': AMENT_PREFIX_PATH=/home/zac/franka_ws/install/franka_semantic_components:/home/zac/franka_ws/install/franka_hardware:/home/zac/franka_ws/install/franka_msgs:${AMENT_PREFIX_PATH} CMAKE_PREFIX_PATH=/home/zac/franka_ws/install/franka_semantic_components:/home/zac/franka_ws/install/franka_hardware:/home/zac/franka_ws/install/franka_msgs:/opt/ros/humble LD_LIBRARY_PATH=/home/zac/franka_ws/install/franka_semantic_components/lib:/home/zac/franka_ws/install/franka_hardware/lib:/home/zac/franka_ws/install/franka_msgs/lib:${LD_LIBRARY_PATH} PYTHONPATH=/home/zac/franka_ws/install/franka_msgs/local/lib/python3.10/dist-packages:${PYTHONPATH} /usr/bin/cmake --install /home/zac/franka_ws/build/franka_example_controllers
