[0.081s] Invoking command in '/home/zac/franka_ws/build/franka_gazebo_bringup': AMENT_PREFIX_PATH=/home/zac/franka_ws/install/franka_ign_ros2_control:/home/zac/franka_ws/install/franka_hardware:/home/zac/franka_ws/install/franka_msgs:/home/zac/franka_ws/install/franka_description:${AMENT_PREFIX_PATH} CMAKE_PREFIX_PATH=/home/zac/franka_ws/install/franka_ign_ros2_control:/home/zac/franka_ws/install/franka_hardware:/home/zac/franka_ws/install/franka_msgs:/home/zac/franka_ws/install/franka_description:/opt/ros/humble LD_LIBRARY_PATH=/home/zac/franka_ws/install/franka_ign_ros2_control/lib:/home/zac/franka_ws/install/franka_hardware/lib:/home/zac/franka_ws/install/franka_msgs/lib:${LD_LIBRARY_PATH} PYTHONPATH=/home/zac/franka_ws/install/franka_msgs/local/lib/python3.10/dist-packages:${PYTHONPATH} /usr/bin/cmake /home/zac/franka_ws/src/franka_ros2/franka_gazebo/franka_gazebo_bringup -DAMENT_CMAKE_SYMLINK_INSTALL=1 -DCMAKE_INSTALL_PREFIX=/home/zac/franka_ws/install/franka_gazebo_bringup
[1.381s] -- Found ament_cmake: 1.3.10 (/opt/ros/humble/share/ament_cmake/cmake)
[1.381s] -- Override CMake install command with custom implementation using symlinks instead of copying resources
[1.381s] -- Found ament_lint_auto: 0.12.11 (/opt/ros/humble/share/ament_lint_auto/cmake)
[1.381s] -- Configuring done
[1.382s] -- Generating done
[1.382s] -- Build files have been written to: /home/zac/franka_ws/build/franka_gazebo_bringup
[1.409s] Invoked command in '/home/zac/franka_ws/build/franka_gazebo_bringup' returned '0': AMENT_PREFIX_PATH=/home/zac/franka_ws/install/franka_ign_ros2_control:/home/zac/franka_ws/install/franka_hardware:/home/zac/franka_ws/install/franka_msgs:/home/zac/franka_ws/install/franka_description:${AMENT_PREFIX_PATH} CMAKE_PREFIX_PATH=/home/zac/franka_ws/install/franka_ign_ros2_control:/home/zac/franka_ws/install/franka_hardware:/home/zac/franka_ws/install/franka_msgs:/home/zac/franka_ws/install/franka_description:/opt/ros/humble LD_LIBRARY_PATH=/home/zac/franka_ws/install/franka_ign_ros2_control/lib:/home/zac/franka_ws/install/franka_hardware/lib:/home/zac/franka_ws/install/franka_msgs/lib:${LD_LIBRARY_PATH} PYTHONPATH=/home/zac/franka_ws/install/franka_msgs/local/lib/python3.10/dist-packages:${PYTHONPATH} /usr/bin/cmake /home/zac/franka_ws/src/franka_ros2/franka_gazebo/franka_gazebo_bringup -DAMENT_CMAKE_SYMLINK_INSTALL=1 -DCMAKE_INSTALL_PREFIX=/home/zac/franka_ws/install/franka_gazebo_bringup
[1.410s] Invoking command in '/home/zac/franka_ws/build/franka_gazebo_bringup': AMENT_PREFIX_PATH=/home/zac/franka_ws/install/franka_ign_ros2_control:/home/zac/franka_ws/install/franka_hardware:/home/zac/franka_ws/install/franka_msgs:/home/zac/franka_ws/install/franka_description:${AMENT_PREFIX_PATH} CMAKE_PREFIX_PATH=/home/zac/franka_ws/install/franka_ign_ros2_control:/home/zac/franka_ws/install/franka_hardware:/home/zac/franka_ws/install/franka_msgs:/home/zac/franka_ws/install/franka_description:/opt/ros/humble LD_LIBRARY_PATH=/home/zac/franka_ws/install/franka_ign_ros2_control/lib:/home/zac/franka_ws/install/franka_hardware/lib:/home/zac/franka_ws/install/franka_msgs/lib:${LD_LIBRARY_PATH} PYTHONPATH=/home/zac/franka_ws/install/franka_msgs/local/lib/python3.10/dist-packages:${PYTHONPATH} /usr/bin/cmake --build /home/zac/franka_ws/build/franka_gazebo_bringup -- -j8 -l8
[3.181s] Invoked command in '/home/zac/franka_ws/build/franka_gazebo_bringup' returned '0': AMENT_PREFIX_PATH=/home/zac/franka_ws/install/franka_ign_ros2_control:/home/zac/franka_ws/install/franka_hardware:/home/zac/franka_ws/install/franka_msgs:/home/zac/franka_ws/install/franka_description:${AMENT_PREFIX_PATH} CMAKE_PREFIX_PATH=/home/zac/franka_ws/install/franka_ign_ros2_control:/home/zac/franka_ws/install/franka_hardware:/home/zac/franka_ws/install/franka_msgs:/home/zac/franka_ws/install/franka_description:/opt/ros/humble LD_LIBRARY_PATH=/home/zac/franka_ws/install/franka_ign_ros2_control/lib:/home/zac/franka_ws/install/franka_hardware/lib:/home/zac/franka_ws/install/franka_msgs/lib:${LD_LIBRARY_PATH} PYTHONPATH=/home/zac/franka_ws/install/franka_msgs/local/lib/python3.10/dist-packages:${PYTHONPATH} /usr/bin/cmake --build /home/zac/franka_ws/build/franka_gazebo_bringup -- -j8 -l8
[3.243s] Invoking command in '/home/zac/franka_ws/build/franka_gazebo_bringup': AMENT_PREFIX_PATH=/home/zac/franka_ws/install/franka_ign_ros2_control:/home/zac/franka_ws/install/franka_hardware:/home/zac/franka_ws/install/franka_msgs:/home/zac/franka_ws/install/franka_description:${AMENT_PREFIX_PATH} CMAKE_PREFIX_PATH=/home/zac/franka_ws/install/franka_ign_ros2_control:/home/zac/franka_ws/install/franka_hardware:/home/zac/franka_ws/install/franka_msgs:/home/zac/franka_ws/install/franka_description:/opt/ros/humble LD_LIBRARY_PATH=/home/zac/franka_ws/install/franka_ign_ros2_control/lib:/home/zac/franka_ws/install/franka_hardware/lib:/home/zac/franka_ws/install/franka_msgs/lib:${LD_LIBRARY_PATH} PYTHONPATH=/home/zac/franka_ws/install/franka_msgs/local/lib/python3.10/dist-packages:${PYTHONPATH} /usr/bin/cmake --install /home/zac/franka_ws/build/franka_gazebo_bringup
[3.736s] -- Install configuration: "Release"
[3.736s] -- Execute custom install script
[3.736s] -- Symlinking: /home/zac/franka_ws/install/franka_gazebo_bringup/share/franka_gazebo_bringup/launch/gazebo_joint_impedance_controller_example.launch.py
[3.737s] -- Symlinking: /home/zac/franka_ws/install/franka_gazebo_bringup/share/franka_gazebo_bringup/launch/gazebo_joint_position_controller_example.launch.py
[3.737s] -- Symlinking: /home/zac/franka_ws/install/franka_gazebo_bringup/share/franka_gazebo_bringup/launch/gazebo_joint_velocity_controller_example.launch.py
[3.737s] -- Symlinking: /home/zac/franka_ws/install/franka_gazebo_bringup/share/franka_gazebo_bringup/launch/visualize_franka_robot.launch.py
[3.737s] -- Symlinking: /home/zac/franka_ws/install/franka_gazebo_bringup/share/franka_gazebo_bringup/config/franka_gazebo_controllers.yaml
[3.737s] -- Symlinking: /home/zac/franka_ws/install/franka_gazebo_bringup/share/ament_index/resource_index/package_run_dependencies/franka_gazebo_bringup
[3.738s] -- Symlinking: /home/zac/franka_ws/install/franka_gazebo_bringup/share/ament_index/resource_index/parent_prefix_path/franka_gazebo_bringup
[3.738s] -- Symlinking: /home/zac/franka_ws/install/franka_gazebo_bringup/share/franka_gazebo_bringup/environment/ament_prefix_path.sh
[3.739s] -- Symlinking: /home/zac/franka_ws/install/franka_gazebo_bringup/share/franka_gazebo_bringup/environment/ament_prefix_path.dsv
[3.739s] -- Symlinking: /home/zac/franka_ws/install/franka_gazebo_bringup/share/franka_gazebo_bringup/environment/path.sh
[3.739s] -- Symlinking: /home/zac/franka_ws/install/franka_gazebo_bringup/share/franka_gazebo_bringup/environment/path.dsv
[3.739s] -- Symlinking: /home/zac/franka_ws/install/franka_gazebo_bringup/share/franka_gazebo_bringup/local_setup.bash
[3.744s] -- Symlinking: /home/zac/franka_ws/install/franka_gazebo_bringup/share/franka_gazebo_bringup/local_setup.sh
[3.745s] -- Symlinking: /home/zac/franka_ws/install/franka_gazebo_bringup/share/franka_gazebo_bringup/local_setup.zsh
[3.745s] -- Symlinking: /home/zac/franka_ws/install/franka_gazebo_bringup/share/franka_gazebo_bringup/local_setup.dsv
[3.745s] -- Symlinking: /home/zac/franka_ws/install/franka_gazebo_bringup/share/franka_gazebo_bringup/package.dsv
[3.745s] -- Symlinking: /home/zac/franka_ws/install/franka_gazebo_bringup/share/ament_index/resource_index/packages/franka_gazebo_bringup
[3.752s] -- Symlinking: /home/zac/franka_ws/install/franka_gazebo_bringup/share/franka_gazebo_bringup/cmake/franka_gazebo_bringupConfig.cmake
[3.772s] -- Symlinking: /home/zac/franka_ws/install/franka_gazebo_bringup/share/franka_gazebo_bringup/cmake/franka_gazebo_bringupConfig-version.cmake
[3.802s] -- Symlinking: /home/zac/franka_ws/install/franka_gazebo_bringup/share/franka_gazebo_bringup/package.xml
[3.815s] Invoked command in '/home/zac/franka_ws/build/franka_gazebo_bringup' returned '0': AMENT_PREFIX_PATH=/home/zac/franka_ws/install/franka_ign_ros2_control:/home/zac/franka_ws/install/franka_hardware:/home/zac/franka_ws/install/franka_msgs:/home/zac/franka_ws/install/franka_description:${AMENT_PREFIX_PATH} CMAKE_PREFIX_PATH=/home/zac/franka_ws/install/franka_ign_ros2_control:/home/zac/franka_ws/install/franka_hardware:/home/zac/franka_ws/install/franka_msgs:/home/zac/franka_ws/install/franka_description:/opt/ros/humble LD_LIBRARY_PATH=/home/zac/franka_ws/install/franka_ign_ros2_control/lib:/home/zac/franka_ws/install/franka_hardware/lib:/home/zac/franka_ws/install/franka_msgs/lib:${LD_LIBRARY_PATH} PYTHONPATH=/home/zac/franka_ws/install/franka_msgs/local/lib/python3.10/dist-packages:${PYTHONPATH} /usr/bin/cmake --install /home/zac/franka_ws/build/franka_gazebo_bringup
