[0.058s] Invoking command in '/home/zac/franka_ws/build/moveit_common': CMAKE_PREFIX_PATH=/opt/ros/humble /usr/bin/cmake /home/zac/franka_ws/src/moveit2/moveit_common -DAMENT_CMAKE_SYMLINK_INSTALL=1 -DCMAKE_INSTALL_PREFIX=/home/zac/franka_ws/install/moveit_common
[0.465s] -- Found ament_cmake: 1.3.10 (/opt/ros/humble/share/ament_cmake/cmake)
[0.466s] -- Override CMake install command with custom implementation using symlinks instead of copying resources
[0.467s] -- Found ament_lint_auto: 0.12.11 (/opt/ros/humble/share/ament_lint_auto/cmake)
[0.469s] -- Added test 'copyright' to check source files copyright and LICENSE
[0.469s] -- Added test 'lint_cmake' to check CMake code style
[0.469s] -- Added test 'xmllint' to check XML markup files
[0.470s] -- Configuring done
[0.470s] -- Generating done
[0.470s] -- Build files have been written to: /home/zac/franka_ws/build/moveit_common
[0.476s] Invoked command in '/home/zac/franka_ws/build/moveit_common' returned '0': CMAKE_PREFIX_PATH=/opt/ros/humble /usr/bin/cmake /home/zac/franka_ws/src/moveit2/moveit_common -DAMENT_CMAKE_SYMLINK_INSTALL=1 -DCMAKE_INSTALL_PREFIX=/home/zac/franka_ws/install/moveit_common
[0.480s] Invoking command in '/home/zac/franka_ws/build/moveit_common': CMAKE_PREFIX_PATH=/opt/ros/humble /usr/bin/cmake --build /home/zac/franka_ws/build/moveit_common -- -j8 -l8
[0.572s] Invoked command in '/home/zac/franka_ws/build/moveit_common' returned '0': CMAKE_PREFIX_PATH=/opt/ros/humble /usr/bin/cmake --build /home/zac/franka_ws/build/moveit_common -- -j8 -l8
[0.646s] Invoking command in '/home/zac/franka_ws/build/moveit_common': CMAKE_PREFIX_PATH=/opt/ros/humble /usr/bin/cmake --install /home/zac/franka_ws/build/moveit_common
[0.660s] -- Install configuration: ""
[0.661s] -- Execute custom install script
[0.662s] -- Up-to-date symlink: /home/zac/franka_ws/install/moveit_common/share/ament_index/resource_index/package_run_dependencies/moveit_common
[0.662s] -- Up-to-date symlink: /home/zac/franka_ws/install/moveit_common/share/ament_index/resource_index/parent_prefix_path/moveit_common
[0.663s] -- Up-to-date symlink: /home/zac/franka_ws/install/moveit_common/share/moveit_common/environment/ament_prefix_path.sh
[0.663s] -- Up-to-date symlink: /home/zac/franka_ws/install/moveit_common/share/moveit_common/environment/ament_prefix_path.dsv
[0.663s] -- Up-to-date symlink: /home/zac/franka_ws/install/moveit_common/share/moveit_common/environment/path.sh
[0.664s] -- Up-to-date symlink: /home/zac/franka_ws/install/moveit_common/share/moveit_common/environment/path.dsv
[0.664s] -- Up-to-date symlink: /home/zac/franka_ws/install/moveit_common/share/moveit_common/local_setup.bash
[0.673s] -- Up-to-date symlink: /home/zac/franka_ws/install/moveit_common/share/moveit_common/local_setup.sh
[0.674s] -- Up-to-date symlink: /home/zac/franka_ws/install/moveit_common/share/moveit_common/local_setup.zsh
[0.675s] -- Up-to-date symlink: /home/zac/franka_ws/install/moveit_common/share/moveit_common/local_setup.dsv
[0.676s] -- Symlinking: /home/zac/franka_ws/install/moveit_common/share/moveit_common/package.dsv
[0.695s] -- Up-to-date symlink: /home/zac/franka_ws/install/moveit_common/share/ament_index/resource_index/packages/moveit_common
[0.696s] -- Up-to-date symlink: /home/zac/franka_ws/install/moveit_common/share/moveit_common/cmake/moveit_common-extras.cmake
[0.696s] -- Up-to-date symlink: /home/zac/franka_ws/install/moveit_common/share/moveit_common/cmake/moveit_commonConfig.cmake
[0.696s] -- Up-to-date symlink: /home/zac/franka_ws/install/moveit_common/share/moveit_common/cmake/moveit_commonConfig-version.cmake
[0.697s] -- Up-to-date symlink: /home/zac/franka_ws/install/moveit_common/share/moveit_common/package.xml
[0.697s] -- Up-to-date symlink: /home/zac/franka_ws/install/moveit_common/share/moveit_common/cmake/moveit_package.cmake
[0.701s] Invoked command in '/home/zac/franka_ws/build/moveit_common' returned '0': CMAKE_PREFIX_PATH=/opt/ros/humble /usr/bin/cmake --install /home/zac/franka_ws/build/moveit_common
