[0.082s] Invoking command in '/home/zac/franka_ws/build/moveit_common': CMAKE_PREFIX_PATH=${CMAKE_PREFIX_PATH}:/opt/ros/humble /usr/bin/cmake --build /home/zac/franka_ws/build/moveit_common -- -j8 -l8
[0.515s] Invoked command in '/home/zac/franka_ws/build/moveit_common' returned '0': CMAKE_PREFIX_PATH=${CMAKE_PREFIX_PATH}:/opt/ros/humble /usr/bin/cmake --build /home/zac/franka_ws/build/moveit_common -- -j8 -l8
[0.615s] Invoking command in '/home/zac/franka_ws/build/moveit_common': CMAKE_PREFIX_PATH=${CMAKE_PREFIX_PATH}:/opt/ros/humble /usr/bin/cmake --install /home/zac/franka_ws/build/moveit_common
[0.636s] -- Install configuration: ""
[0.636s] -- Execute custom install script
[0.636s] -- Up-to-date symlink: /home/zac/franka_ws/install/moveit_common/share/ament_index/resource_index/package_run_dependencies/moveit_common
[0.637s] -- Up-to-date symlink: /home/zac/franka_ws/install/moveit_common/share/ament_index/resource_index/parent_prefix_path/moveit_common
[0.638s] -- Up-to-date symlink: /home/zac/franka_ws/install/moveit_common/share/moveit_common/environment/ament_prefix_path.sh
[0.638s] -- Up-to-date symlink: /home/zac/franka_ws/install/moveit_common/share/moveit_common/environment/ament_prefix_path.dsv
[0.638s] -- Up-to-date symlink: /home/zac/franka_ws/install/moveit_common/share/moveit_common/environment/path.sh
[0.638s] -- Up-to-date symlink: /home/zac/franka_ws/install/moveit_common/share/moveit_common/environment/path.dsv
[0.644s] -- Up-to-date symlink: /home/zac/franka_ws/install/moveit_common/share/moveit_common/local_setup.bash
[0.644s] -- Up-to-date symlink: /home/zac/franka_ws/install/moveit_common/share/moveit_common/local_setup.sh
[0.644s] -- Up-to-date symlink: /home/zac/franka_ws/install/moveit_common/share/moveit_common/local_setup.zsh
[0.644s] -- Up-to-date symlink: /home/zac/franka_ws/install/moveit_common/share/moveit_common/local_setup.dsv
[0.644s] -- Symlinking: /home/zac/franka_ws/install/moveit_common/share/moveit_common/package.dsv
[0.673s] -- Up-to-date symlink: /home/zac/franka_ws/install/moveit_common/share/ament_index/resource_index/packages/moveit_common
[0.676s] -- Up-to-date symlink: /home/zac/franka_ws/install/moveit_common/share/moveit_common/cmake/moveit_common-extras.cmake
[0.677s] -- Up-to-date symlink: /home/zac/franka_ws/install/moveit_common/share/moveit_common/cmake/moveit_commonConfig.cmake
[0.679s] -- Up-to-date symlink: /home/zac/franka_ws/install/moveit_common/share/moveit_common/cmake/moveit_commonConfig-version.cmake
[0.679s] -- Up-to-date symlink: /home/zac/franka_ws/install/moveit_common/share/moveit_common/package.xml
[0.679s] -- Up-to-date symlink: /home/zac/franka_ws/install/moveit_common/share/moveit_common/cmake/moveit_package.cmake
[0.686s] Invoked command in '/home/zac/franka_ws/build/moveit_common' returned '0': CMAKE_PREFIX_PATH=${CMAKE_PREFIX_PATH}:/opt/ros/humble /usr/bin/cmake --install /home/zac/franka_ws/build/moveit_common
