[0.071s] Invoking command in '/home/zac/franka_ws/build/moveit_hybrid_planning': AMENT_PREFIX_PATH=/home/zac/franka_ws/install/moveit_ros_planning_interface:/home/zac/franka_ws/install/moveit_ros_move_group:/home/zac/franka_ws/install/moveit_ros_warehouse:/home/zac/franka_ws/install/moveit_planners_ompl:/home/zac/franka_ws/install/moveit_kinematics:/home/zac/franka_ws/install/moveit_ros_planning:/home/zac/franka_ws/install/moveit_simple_controller_manager:/home/zac/franka_ws/install/moveit_ros_occupancy_map_monitor:/home/zac/franka_ws/install/moveit_core:/home/zac/franka_ws/install/moveit_configs_utils:/home/zac/franka_ws/install/moveit_resources_prbt_support:/home/zac/franka_ws/install/moveit_common:/home/zac/franka_ws/install/joint_trajectory_controller:/home/zac/franka_ws/install/integration_launch_testing:/home/zac/franka_ws/install/franka_bringup:/home/zac/franka_ws/install/franka_robot_state_broadcaster:/home/zac/franka_ws/install/franka_example_controllers:/home/zac/franka_ws/install/franka_semantic_components:/home/zac/franka_ws/install/franka_gazebo_bringup:/home/zac/franka_ws/install/franka_ign_ros2_control:/home/zac/franka_ws/install/franka_fr3_moveit_config:/home/zac/franka_ws/install/franka_hardware:/home/zac/franka_ws/install/franka_gripper:/home/zac/franka_ws/install/franka_msgs:/home/zac/franka_ws/install/franka_description:/opt/ros/humble CMAKE_PREFIX_PATH=/home/zac/franka_ws/install/moveit_ros_planning_interface:/home/zac/franka_ws/install/moveit_ros_move_group:/home/zac/franka_ws/install/moveit_ros_warehouse:/home/zac/franka_ws/install/moveit_planners_ompl:/home/zac/franka_ws/install/moveit_kinematics:/home/zac/franka_ws/install/moveit_ros_planning:/home/zac/franka_ws/install/moveit_simple_controller_manager:/home/zac/franka_ws/install/moveit_ros_occupancy_map_monitor:/home/zac/franka_ws/install/moveit_core:/home/zac/franka_ws/install/moveit_common:/home/zac/franka_ws/install/moveit_resources_prbt_support:/home/zac/franka_ws/install/joint_trajectory_controller:/home/zac/franka_ws/install/integration_launch_testing:/home/zac/franka_ws/install/franka_bringup:/home/zac/franka_ws/install/franka_robot_state_broadcaster:/home/zac/franka_ws/install/franka_example_controllers:/home/zac/franka_ws/install/franka_semantic_components:/home/zac/franka_ws/install/franka_gazebo_bringup:/home/zac/franka_ws/install/franka_ign_ros2_control:/home/zac/franka_ws/install/franka_fr3_moveit_config:/home/zac/franka_ws/install/franka_hardware:/home/zac/franka_ws/install/franka_gripper:/home/zac/franka_ws/install/franka_msgs:/home/zac/franka_ws/install/franka_description:/home/zac/franka_ws/install/moveit_configs_utils:/opt/ros/humble LD_LIBRARY_PATH=/home/zac/franka_ws/install/moveit_ros_planning_interface/lib:/home/zac/franka_ws/install/moveit_ros_move_group/lib:/home/zac/franka_ws/install/moveit_ros_warehouse/lib:/home/zac/franka_ws/install/moveit_planners_ompl/lib:/home/zac/franka_ws/install/moveit_kinematics/lib:/home/zac/franka_ws/install/moveit_ros_planning/lib:/home/zac/franka_ws/install/moveit_simple_controller_manager/lib:/home/zac/franka_ws/install/moveit_ros_occupancy_map_monitor/lib:/home/zac/franka_ws/install/moveit_core/lib:${LD_LIBRARY_PATH} PATH=/home/zac/franka_ws/install/moveit_core/bin:${PATH} PYTHONPATH=/home/zac/franka_ws/install/moveit_configs_utils/lib/python3.10/site-packages:/home/zac/franka_ws/build/moveit_configs_utils:/opt/ros/humble/local/lib/python3.10/dist-packages:/home/zac/franka_ws/install/franka_gripper/local/lib/python3.10/dist-packages:/home/zac/franka_ws/install/franka_msgs/local/lib/python3.10/dist-packages:/opt/ros/humble/lib/python3.10/site-packages:/opt/ros/humble/local/lib/python3.10/dist-packages /usr/bin/cmake /home/zac/franka_ws/src/moveit2/moveit_ros/hybrid_planning -DCMAKE_INSTALL_PREFIX=/home/zac/franka_ws/install/moveit_hybrid_planning
[0.192s] -- The C compiler identification is GNU 11.4.0
[0.308s] -- The CXX compiler identification is GNU 11.4.0
[0.322s] -- Detecting C compiler ABI info
[0.456s] -- Detecting C compiler ABI info - done
[0.472s] -- Check for working C compiler: /usr/bin/cc - skipped
[0.472s] -- Detecting C compile features
[0.473s] -- Detecting C compile features - done
[0.478s] -- Detecting CXX compiler ABI info
[0.638s] -- Detecting CXX compiler ABI info - done
[0.658s] -- Check for working CXX compiler: /usr/bin/c++ - skipped
[0.658s] -- Detecting CXX compile features
[0.659s] -- Detecting CXX compile features - done
[0.663s] -- Found moveit_common: 2.5.5 (/home/zac/franka_ws/install/moveit_common/share/moveit_common/cmake)
[0.676s] -- Found ament_cmake: 1.3.10 (/opt/ros/humble/share/ament_cmake/cmake)
[1.003s] -- Found Python3: /usr/bin/python3 (found version "3.10.12") found components: Interpreter 
[1.431s] [0mmoveit_hybrid_planning: You did not request a specific build type: Choosing 'Release' for maximum performance[0m
[1.436s] -- Found moveit_core: 2.5.5 (/home/zac/franka_ws/install/moveit_core/share/moveit_core/cmake)
[1.900s] -- Found Boost: /usr/lib/x86_64-linux-gnu/cmake/Boost-1.74.0/BoostConfig.cmake (found version "1.74.0") found components: chrono date_time filesystem iostreams program_options regex serialization system thread 
[2.126s] -- Found parameter_traits: 0.3.8 (/opt/ros/humble/share/parameter_traits/cmake)
[2.328s] -- Found rosidl_generator_c: 3.1.5 (/opt/ros/humble/share/rosidl_generator_c/cmake)
[2.359s] -- Found rosidl_adapter: 3.1.5 (/opt/ros/humble/share/rosidl_adapter/cmake)
[2.402s] -- Found rosidl_generator_cpp: 3.1.5 (/opt/ros/humble/share/rosidl_generator_cpp/cmake)
[2.445s] -- Using all available rosidl_typesupport_c: rosidl_typesupport_fastrtps_c;rosidl_typesupport_introspection_c
[2.525s] -- Using all available rosidl_typesupport_cpp: rosidl_typesupport_fastrtps_cpp;rosidl_typesupport_introspection_cpp
[2.747s] -- Found rmw_implementation_cmake: 6.1.2 (/opt/ros/humble/share/rmw_implementation_cmake/cmake)
[2.763s] -- Found rmw_fastrtps_cpp: 6.2.7 (/opt/ros/humble/share/rmw_fastrtps_cpp/cmake)
[3.066s] -- Found OpenSSL: /usr/lib/x86_64-linux-gnu/libcrypto.so (found version "3.0.2")  
[3.134s] -- Found FastRTPS: /opt/ros/humble/include  
[3.258s] -- Using RMW implementation 'rmw_fastrtps_cpp' as default
[3.310s] -- Found Threads: TRUE  
[3.543s] -- Found Eigen3: TRUE (found version "3.4.0") 
[3.559s] -- Found rclcpp_lifecycle: 16.0.10 (/opt/ros/humble/share/rclcpp_lifecycle/cmake)
[3.653s] -- Found Boost: /usr/lib/x86_64-linux-gnu/cmake/Boost-1.74.0/BoostConfig.cmake (found version "1.74.0") found components: filesystem 
[3.985s] -- library: /usr/lib/x86_64-linux-gnu/libcurl.so
[4.254s] -- Ensuring Eigen3 include directory is part of orocos-kdl CMake target
[4.897s] -- Found moveit_ros_planning: 2.5.5 (/home/zac/franka_ws/install/moveit_ros_planning/share/moveit_ros_planning/cmake)
[4.907s] -- Found Boost: /usr/lib/x86_64-linux-gnu/cmake/Boost-1.74.0/BoostConfig.cmake (found version "1.74.0") found components: system filesystem date_time program_options thread chrono 
[4.960s] -- Found moveit_ros_planning_interface: 2.5.5 (/home/zac/franka_ws/install/moveit_ros_planning_interface/share/moveit_ros_planning_interface/cmake)
[4.970s] -- Found Boost: /usr/lib/x86_64-linux-gnu/cmake/Boost-1.74.0/BoostConfig.cmake (found version "1.74.0") found components: date_time filesystem program_options system thread 
[4.998s] -- Found Boost: /usr/lib/x86_64-linux-gnu/cmake/Boost-1.74.0/BoostConfig.cmake (found version "1.74.0") found components: thread system filesystem regex date_time program_options 
[5.047s] -- Found Boost: /usr/lib/x86_64-linux-gnu/cmake/Boost-1.74.0/BoostConfig.cmake (found version "1.74.0") found components: system filesystem date_time program_options thread 
[5.432s] -- Found ament_lint_auto: 0.12.11 (/opt/ros/humble/share/ament_lint_auto/cmake)
[5.446s] -- Found ament_cmake_gtest: 1.3.10 (/opt/ros/humble/share/ament_cmake_gtest/cmake)
[5.458s] -- Found ros_testing: 0.4.0 (/opt/ros/humble/share/ros_testing/cmake)
[5.469s] -- Found launch_testing_ament_cmake: 1.0.6 (/opt/ros/humble/share/launch_testing_ament_cmake/cmake)
[5.481s] -- Found python_cmake_module: 0.10.0 (/opt/ros/humble/share/python_cmake_module/cmake)
[5.529s] -- Found PythonInterp: /usr/bin/python3 (found suitable version "3.10.12", minimum required is "3.6") 
[5.545s] -- Found PythonLibs: /usr/lib/x86_64-linux-gnu/libpython3.10.so (found suitable version "3.10.12", minimum required is "3.5") 
[5.545s] -- Using PYTHON_EXECUTABLE: /usr/bin/python3
[5.545s] -- Using PYTHON_INCLUDE_DIRS: /usr/include/python3.10
[5.546s] -- Using PYTHON_LIBRARIES: /usr/lib/x86_64-linux-gnu/libpython3.10.so
[5.597s] -- Found PythonExtra: .so  
[5.606s] -- Found Boost: /usr/lib/x86_64-linux-gnu/cmake/Boost-1.74.0/BoostConfig.cmake (found version "1.74.0") found components: filesystem 
[5.707s] -- Configuring done
[6.269s] -- Generating done
[6.278s] -- Build files have been written to: /home/zac/franka_ws/build/moveit_hybrid_planning
[6.318s] Invoked command in '/home/zac/franka_ws/build/moveit_hybrid_planning' returned '0': AMENT_PREFIX_PATH=/home/zac/franka_ws/install/moveit_ros_planning_interface:/home/zac/franka_ws/install/moveit_ros_move_group:/home/zac/franka_ws/install/moveit_ros_warehouse:/home/zac/franka_ws/install/moveit_planners_ompl:/home/zac/franka_ws/install/moveit_kinematics:/home/zac/franka_ws/install/moveit_ros_planning:/home/zac/franka_ws/install/moveit_simple_controller_manager:/home/zac/franka_ws/install/moveit_ros_occupancy_map_monitor:/home/zac/franka_ws/install/moveit_core:/home/zac/franka_ws/install/moveit_configs_utils:/home/zac/franka_ws/install/moveit_resources_prbt_support:/home/zac/franka_ws/install/moveit_common:/home/zac/franka_ws/install/joint_trajectory_controller:/home/zac/franka_ws/install/integration_launch_testing:/home/zac/franka_ws/install/franka_bringup:/home/zac/franka_ws/install/franka_robot_state_broadcaster:/home/zac/franka_ws/install/franka_example_controllers:/home/zac/franka_ws/install/franka_semantic_components:/home/zac/franka_ws/install/franka_gazebo_bringup:/home/zac/franka_ws/install/franka_ign_ros2_control:/home/zac/franka_ws/install/franka_fr3_moveit_config:/home/zac/franka_ws/install/franka_hardware:/home/zac/franka_ws/install/franka_gripper:/home/zac/franka_ws/install/franka_msgs:/home/zac/franka_ws/install/franka_description:/opt/ros/humble CMAKE_PREFIX_PATH=/home/zac/franka_ws/install/moveit_ros_planning_interface:/home/zac/franka_ws/install/moveit_ros_move_group:/home/zac/franka_ws/install/moveit_ros_warehouse:/home/zac/franka_ws/install/moveit_planners_ompl:/home/zac/franka_ws/install/moveit_kinematics:/home/zac/franka_ws/install/moveit_ros_planning:/home/zac/franka_ws/install/moveit_simple_controller_manager:/home/zac/franka_ws/install/moveit_ros_occupancy_map_monitor:/home/zac/franka_ws/install/moveit_core:/home/zac/franka_ws/install/moveit_common:/home/zac/franka_ws/install/moveit_resources_prbt_support:/home/zac/franka_ws/install/joint_trajectory_controller:/home/zac/franka_ws/install/integration_launch_testing:/home/zac/franka_ws/install/franka_bringup:/home/zac/franka_ws/install/franka_robot_state_broadcaster:/home/zac/franka_ws/install/franka_example_controllers:/home/zac/franka_ws/install/franka_semantic_components:/home/zac/franka_ws/install/franka_gazebo_bringup:/home/zac/franka_ws/install/franka_ign_ros2_control:/home/zac/franka_ws/install/franka_fr3_moveit_config:/home/zac/franka_ws/install/franka_hardware:/home/zac/franka_ws/install/franka_gripper:/home/zac/franka_ws/install/franka_msgs:/home/zac/franka_ws/install/franka_description:/home/zac/franka_ws/install/moveit_configs_utils:/opt/ros/humble LD_LIBRARY_PATH=/home/zac/franka_ws/install/moveit_ros_planning_interface/lib:/home/zac/franka_ws/install/moveit_ros_move_group/lib:/home/zac/franka_ws/install/moveit_ros_warehouse/lib:/home/zac/franka_ws/install/moveit_planners_ompl/lib:/home/zac/franka_ws/install/moveit_kinematics/lib:/home/zac/franka_ws/install/moveit_ros_planning/lib:/home/zac/franka_ws/install/moveit_simple_controller_manager/lib:/home/zac/franka_ws/install/moveit_ros_occupancy_map_monitor/lib:/home/zac/franka_ws/install/moveit_core/lib:${LD_LIBRARY_PATH} PATH=/home/zac/franka_ws/install/moveit_core/bin:${PATH} PYTHONPATH=/home/zac/franka_ws/install/moveit_configs_utils/lib/python3.10/site-packages:/home/zac/franka_ws/build/moveit_configs_utils:/opt/ros/humble/local/lib/python3.10/dist-packages:/home/zac/franka_ws/install/franka_gripper/local/lib/python3.10/dist-packages:/home/zac/franka_ws/install/franka_msgs/local/lib/python3.10/dist-packages:/opt/ros/humble/lib/python3.10/site-packages:/opt/ros/humble/local/lib/python3.10/dist-packages /usr/bin/cmake /home/zac/franka_ws/src/moveit2/moveit_ros/hybrid_planning -DCMAKE_INSTALL_PREFIX=/home/zac/franka_ws/install/moveit_hybrid_planning
[6.322s] Invoking command in '/home/zac/franka_ws/build/moveit_hybrid_planning': AMENT_PREFIX_PATH=/home/zac/franka_ws/install/moveit_ros_planning_interface:/home/zac/franka_ws/install/moveit_ros_move_group:/home/zac/franka_ws/install/moveit_ros_warehouse:/home/zac/franka_ws/install/moveit_planners_ompl:/home/zac/franka_ws/install/moveit_kinematics:/home/zac/franka_ws/install/moveit_ros_planning:/home/zac/franka_ws/install/moveit_simple_controller_manager:/home/zac/franka_ws/install/moveit_ros_occupancy_map_monitor:/home/zac/franka_ws/install/moveit_core:/home/zac/franka_ws/install/moveit_configs_utils:/home/zac/franka_ws/install/moveit_resources_prbt_support:/home/zac/franka_ws/install/moveit_common:/home/zac/franka_ws/install/joint_trajectory_controller:/home/zac/franka_ws/install/integration_launch_testing:/home/zac/franka_ws/install/franka_bringup:/home/zac/franka_ws/install/franka_robot_state_broadcaster:/home/zac/franka_ws/install/franka_example_controllers:/home/zac/franka_ws/install/franka_semantic_components:/home/zac/franka_ws/install/franka_gazebo_bringup:/home/zac/franka_ws/install/franka_ign_ros2_control:/home/zac/franka_ws/install/franka_fr3_moveit_config:/home/zac/franka_ws/install/franka_hardware:/home/zac/franka_ws/install/franka_gripper:/home/zac/franka_ws/install/franka_msgs:/home/zac/franka_ws/install/franka_description:/opt/ros/humble CMAKE_PREFIX_PATH=/home/zac/franka_ws/install/moveit_ros_planning_interface:/home/zac/franka_ws/install/moveit_ros_move_group:/home/zac/franka_ws/install/moveit_ros_warehouse:/home/zac/franka_ws/install/moveit_planners_ompl:/home/zac/franka_ws/install/moveit_kinematics:/home/zac/franka_ws/install/moveit_ros_planning:/home/zac/franka_ws/install/moveit_simple_controller_manager:/home/zac/franka_ws/install/moveit_ros_occupancy_map_monitor:/home/zac/franka_ws/install/moveit_core:/home/zac/franka_ws/install/moveit_common:/home/zac/franka_ws/install/moveit_resources_prbt_support:/home/zac/franka_ws/install/joint_trajectory_controller:/home/zac/franka_ws/install/integration_launch_testing:/home/zac/franka_ws/install/franka_bringup:/home/zac/franka_ws/install/franka_robot_state_broadcaster:/home/zac/franka_ws/install/franka_example_controllers:/home/zac/franka_ws/install/franka_semantic_components:/home/zac/franka_ws/install/franka_gazebo_bringup:/home/zac/franka_ws/install/franka_ign_ros2_control:/home/zac/franka_ws/install/franka_fr3_moveit_config:/home/zac/franka_ws/install/franka_hardware:/home/zac/franka_ws/install/franka_gripper:/home/zac/franka_ws/install/franka_msgs:/home/zac/franka_ws/install/franka_description:/home/zac/franka_ws/install/moveit_configs_utils:/opt/ros/humble LD_LIBRARY_PATH=/home/zac/franka_ws/install/moveit_ros_planning_interface/lib:/home/zac/franka_ws/install/moveit_ros_move_group/lib:/home/zac/franka_ws/install/moveit_ros_warehouse/lib:/home/zac/franka_ws/install/moveit_planners_ompl/lib:/home/zac/franka_ws/install/moveit_kinematics/lib:/home/zac/franka_ws/install/moveit_ros_planning/lib:/home/zac/franka_ws/install/moveit_simple_controller_manager/lib:/home/zac/franka_ws/install/moveit_ros_occupancy_map_monitor/lib:/home/zac/franka_ws/install/moveit_core/lib:${LD_LIBRARY_PATH} PATH=/home/zac/franka_ws/install/moveit_core/bin:${PATH} PYTHONPATH=/home/zac/franka_ws/install/moveit_configs_utils/lib/python3.10/site-packages:/home/zac/franka_ws/build/moveit_configs_utils:/opt/ros/humble/local/lib/python3.10/dist-packages:/home/zac/franka_ws/install/franka_gripper/local/lib/python3.10/dist-packages:/home/zac/franka_ws/install/franka_msgs/local/lib/python3.10/dist-packages:/opt/ros/humble/lib/python3.10/site-packages:/opt/ros/humble/local/lib/python3.10/dist-packages /usr/bin/cmake --build /home/zac/franka_ws/build/moveit_hybrid_planning -- -j8 -l8
[6.459s] [  5%] [32mBuilding CXX object hybrid_planning_manager/hybrid_planning_manager_component/CMakeFiles/moveit_hybrid_planning_manager.dir/src/hybrid_planning_manager.cpp.o[0m
[46.069s] [ 10%] [32m[1mLinking CXX shared library libmoveit_hybrid_planning_manager.so[0m
[47.050s] [ 10%] Built target moveit_hybrid_planning_manager
[47.096s] [ 15%] [32mBuilding CXX object local_planner/local_constraint_solver_plugins/CMakeFiles/forward_trajectory_plugin.dir/src/forward_trajectory.cpp.o[0m
[66.192s] [ 20%] [32m[1mLinking CXX shared library libforward_trajectory_plugin.so[0m
[66.890s] [ 20%] Built target forward_trajectory_plugin
[66.947s] [ 25%] [32mBuilding CXX object hybrid_planning_manager/planner_logic_plugins/CMakeFiles/single_plan_execution_plugin.dir/src/single_plan_execution.cpp.o[0m
[75.717s] [ 30%] [32m[1mLinking CXX shared library libsingle_plan_execution_plugin.so[0m
[76.322s] [ 30%] Built target single_plan_execution_plugin
[76.376s] [ 35%] [32mBuilding CXX object local_planner/trajectory_operator_plugins/CMakeFiles/simple_sampler_plugin.dir/src/simple_sampler.cpp.o[0m
[88.117s] [ 40%] [32m[1mLinking CXX shared library libsimple_sampler_plugin.so[0m
[88.726s] [ 40%] Built target simple_sampler_plugin
[88.785s] [ 45%] [32mBuilding CXX object hybrid_planning_manager/planner_logic_plugins/CMakeFiles/replan_invalidated_trajectory_plugin.dir/src/replan_invalidated_trajectory.cpp.o[0m
[97.304s] [ 50%] [32m[1mLinking CXX shared library libreplan_invalidated_trajectory_plugin.so[0m
[97.718s] [ 50%] Built target replan_invalidated_trajectory_plugin
[97.763s] [ 55%] [32mBuilding CXX object local_planner/local_planner_component/CMakeFiles/moveit_local_planner_component.dir/src/local_planner_component.cpp.o[0m
[147.347s] [ 60%] [32m[1mLinking CXX shared library libmoveit_local_planner_component.so[0m
[148.206s] [ 60%] Built target moveit_local_planner_component
[148.256s] [ 65%] [32mBuilding CXX object global_planner/global_planner_plugins/CMakeFiles/motion_planning_pipeline_plugin.dir/src/moveit_planning_pipeline.cpp.o[0m
[172.764s] [ 70%] [32m[1mLinking CXX shared library libmotion_planning_pipeline_plugin.so[0m
[173.319s] [ 70%] Built target motion_planning_pipeline_plugin
[173.364s] [ 75%] [32mBuilding CXX object global_planner/global_planner_component/CMakeFiles/moveit_global_planner_component.dir/src/global_planner_component.cpp.o[0m
[208.375s] [ 80%] [32m[1mLinking CXX shared library libmoveit_global_planner_component.so[0m
[209.212s] [ 80%] Built target moveit_global_planner_component
[209.271s] [ 85%] [32mBuilding CXX object test/CMakeFiles/cancel_action.dir/cancel_action.cpp.o[0m
[216.757s] [ 90%] [32m[1mLinking CXX executable cancel_action[0m
[217.819s] [ 90%] Built target cancel_action
[217.871s] [ 95%] [32mBuilding CXX object test/CMakeFiles/hybrid_planning_demo_node.dir/hybrid_planning_demo_node.cpp.o[0m
[257.689s] [100%] [32m[1mLinking CXX executable hybrid_planning_demo_node[0m
[258.699s] [100%] Built target hybrid_planning_demo_node
[258.725s] Invoked command in '/home/zac/franka_ws/build/moveit_hybrid_planning' returned '0': AMENT_PREFIX_PATH=/home/zac/franka_ws/install/moveit_ros_planning_interface:/home/zac/franka_ws/install/moveit_ros_move_group:/home/zac/franka_ws/install/moveit_ros_warehouse:/home/zac/franka_ws/install/moveit_planners_ompl:/home/zac/franka_ws/install/moveit_kinematics:/home/zac/franka_ws/install/moveit_ros_planning:/home/zac/franka_ws/install/moveit_simple_controller_manager:/home/zac/franka_ws/install/moveit_ros_occupancy_map_monitor:/home/zac/franka_ws/install/moveit_core:/home/zac/franka_ws/install/moveit_configs_utils:/home/zac/franka_ws/install/moveit_resources_prbt_support:/home/zac/franka_ws/install/moveit_common:/home/zac/franka_ws/install/joint_trajectory_controller:/home/zac/franka_ws/install/integration_launch_testing:/home/zac/franka_ws/install/franka_bringup:/home/zac/franka_ws/install/franka_robot_state_broadcaster:/home/zac/franka_ws/install/franka_example_controllers:/home/zac/franka_ws/install/franka_semantic_components:/home/zac/franka_ws/install/franka_gazebo_bringup:/home/zac/franka_ws/install/franka_ign_ros2_control:/home/zac/franka_ws/install/franka_fr3_moveit_config:/home/zac/franka_ws/install/franka_hardware:/home/zac/franka_ws/install/franka_gripper:/home/zac/franka_ws/install/franka_msgs:/home/zac/franka_ws/install/franka_description:/opt/ros/humble CMAKE_PREFIX_PATH=/home/zac/franka_ws/install/moveit_ros_planning_interface:/home/zac/franka_ws/install/moveit_ros_move_group:/home/zac/franka_ws/install/moveit_ros_warehouse:/home/zac/franka_ws/install/moveit_planners_ompl:/home/zac/franka_ws/install/moveit_kinematics:/home/zac/franka_ws/install/moveit_ros_planning:/home/zac/franka_ws/install/moveit_simple_controller_manager:/home/zac/franka_ws/install/moveit_ros_occupancy_map_monitor:/home/zac/franka_ws/install/moveit_core:/home/zac/franka_ws/install/moveit_common:/home/zac/franka_ws/install/moveit_resources_prbt_support:/home/zac/franka_ws/install/joint_trajectory_controller:/home/zac/franka_ws/install/integration_launch_testing:/home/zac/franka_ws/install/franka_bringup:/home/zac/franka_ws/install/franka_robot_state_broadcaster:/home/zac/franka_ws/install/franka_example_controllers:/home/zac/franka_ws/install/franka_semantic_components:/home/zac/franka_ws/install/franka_gazebo_bringup:/home/zac/franka_ws/install/franka_ign_ros2_control:/home/zac/franka_ws/install/franka_fr3_moveit_config:/home/zac/franka_ws/install/franka_hardware:/home/zac/franka_ws/install/franka_gripper:/home/zac/franka_ws/install/franka_msgs:/home/zac/franka_ws/install/franka_description:/home/zac/franka_ws/install/moveit_configs_utils:/opt/ros/humble LD_LIBRARY_PATH=/home/zac/franka_ws/install/moveit_ros_planning_interface/lib:/home/zac/franka_ws/install/moveit_ros_move_group/lib:/home/zac/franka_ws/install/moveit_ros_warehouse/lib:/home/zac/franka_ws/install/moveit_planners_ompl/lib:/home/zac/franka_ws/install/moveit_kinematics/lib:/home/zac/franka_ws/install/moveit_ros_planning/lib:/home/zac/franka_ws/install/moveit_simple_controller_manager/lib:/home/zac/franka_ws/install/moveit_ros_occupancy_map_monitor/lib:/home/zac/franka_ws/install/moveit_core/lib:${LD_LIBRARY_PATH} PATH=/home/zac/franka_ws/install/moveit_core/bin:${PATH} PYTHONPATH=/home/zac/franka_ws/install/moveit_configs_utils/lib/python3.10/site-packages:/home/zac/franka_ws/build/moveit_configs_utils:/opt/ros/humble/local/lib/python3.10/dist-packages:/home/zac/franka_ws/install/franka_gripper/local/lib/python3.10/dist-packages:/home/zac/franka_ws/install/franka_msgs/local/lib/python3.10/dist-packages:/opt/ros/humble/lib/python3.10/site-packages:/opt/ros/humble/local/lib/python3.10/dist-packages /usr/bin/cmake --build /home/zac/franka_ws/build/moveit_hybrid_planning -- -j8 -l8
[258.803s] Invoking command in '/home/zac/franka_ws/build/moveit_hybrid_planning': AMENT_PREFIX_PATH=/home/zac/franka_ws/install/moveit_ros_planning_interface:/home/zac/franka_ws/install/moveit_ros_move_group:/home/zac/franka_ws/install/moveit_ros_warehouse:/home/zac/franka_ws/install/moveit_planners_ompl:/home/zac/franka_ws/install/moveit_kinematics:/home/zac/franka_ws/install/moveit_ros_planning:/home/zac/franka_ws/install/moveit_simple_controller_manager:/home/zac/franka_ws/install/moveit_ros_occupancy_map_monitor:/home/zac/franka_ws/install/moveit_core:/home/zac/franka_ws/install/moveit_configs_utils:/home/zac/franka_ws/install/moveit_resources_prbt_support:/home/zac/franka_ws/install/moveit_common:/home/zac/franka_ws/install/joint_trajectory_controller:/home/zac/franka_ws/install/integration_launch_testing:/home/zac/franka_ws/install/franka_bringup:/home/zac/franka_ws/install/franka_robot_state_broadcaster:/home/zac/franka_ws/install/franka_example_controllers:/home/zac/franka_ws/install/franka_semantic_components:/home/zac/franka_ws/install/franka_gazebo_bringup:/home/zac/franka_ws/install/franka_ign_ros2_control:/home/zac/franka_ws/install/franka_fr3_moveit_config:/home/zac/franka_ws/install/franka_hardware:/home/zac/franka_ws/install/franka_gripper:/home/zac/franka_ws/install/franka_msgs:/home/zac/franka_ws/install/franka_description:/opt/ros/humble CMAKE_PREFIX_PATH=/home/zac/franka_ws/install/moveit_ros_planning_interface:/home/zac/franka_ws/install/moveit_ros_move_group:/home/zac/franka_ws/install/moveit_ros_warehouse:/home/zac/franka_ws/install/moveit_planners_ompl:/home/zac/franka_ws/install/moveit_kinematics:/home/zac/franka_ws/install/moveit_ros_planning:/home/zac/franka_ws/install/moveit_simple_controller_manager:/home/zac/franka_ws/install/moveit_ros_occupancy_map_monitor:/home/zac/franka_ws/install/moveit_core:/home/zac/franka_ws/install/moveit_common:/home/zac/franka_ws/install/moveit_resources_prbt_support:/home/zac/franka_ws/install/joint_trajectory_controller:/home/zac/franka_ws/install/integration_launch_testing:/home/zac/franka_ws/install/franka_bringup:/home/zac/franka_ws/install/franka_robot_state_broadcaster:/home/zac/franka_ws/install/franka_example_controllers:/home/zac/franka_ws/install/franka_semantic_components:/home/zac/franka_ws/install/franka_gazebo_bringup:/home/zac/franka_ws/install/franka_ign_ros2_control:/home/zac/franka_ws/install/franka_fr3_moveit_config:/home/zac/franka_ws/install/franka_hardware:/home/zac/franka_ws/install/franka_gripper:/home/zac/franka_ws/install/franka_msgs:/home/zac/franka_ws/install/franka_description:/home/zac/franka_ws/install/moveit_configs_utils:/opt/ros/humble LD_LIBRARY_PATH=/home/zac/franka_ws/install/moveit_ros_planning_interface/lib:/home/zac/franka_ws/install/moveit_ros_move_group/lib:/home/zac/franka_ws/install/moveit_ros_warehouse/lib:/home/zac/franka_ws/install/moveit_planners_ompl/lib:/home/zac/franka_ws/install/moveit_kinematics/lib:/home/zac/franka_ws/install/moveit_ros_planning/lib:/home/zac/franka_ws/install/moveit_simple_controller_manager/lib:/home/zac/franka_ws/install/moveit_ros_occupancy_map_monitor/lib:/home/zac/franka_ws/install/moveit_core/lib:${LD_LIBRARY_PATH} PATH=/home/zac/franka_ws/install/moveit_core/bin:${PATH} PYTHONPATH=/home/zac/franka_ws/install/moveit_configs_utils/lib/python3.10/site-packages:/home/zac/franka_ws/build/moveit_configs_utils:/opt/ros/humble/local/lib/python3.10/dist-packages:/home/zac/franka_ws/install/franka_gripper/local/lib/python3.10/dist-packages:/home/zac/franka_ws/install/franka_msgs/local/lib/python3.10/dist-packages:/opt/ros/humble/lib/python3.10/site-packages:/opt/ros/humble/local/lib/python3.10/dist-packages /usr/bin/cmake --install /home/zac/franka_ws/build/moveit_hybrid_planning
[258.819s] -- Install configuration: "Release"
[258.822s] -- Installing: /home/zac/franka_ws/install/moveit_hybrid_planning/lib/libmoveit_global_planner_component.so.2.5.5
[258.826s] -- Set runtime path of "/home/zac/franka_ws/install/moveit_hybrid_planning/lib/libmoveit_global_planner_component.so.2.5.5" to ""
[258.826s] -- Installing: /home/zac/franka_ws/install/moveit_hybrid_planning/lib/libmoveit_global_planner_component.so
[258.827s] -- Installing: /home/zac/franka_ws/install/moveit_hybrid_planning/lib/libmoveit_hybrid_planning_manager.so.2.5.5
[258.833s] -- Set runtime path of "/home/zac/franka_ws/install/moveit_hybrid_planning/lib/libmoveit_hybrid_planning_manager.so.2.5.5" to ""
[258.833s] -- Installing: /home/zac/franka_ws/install/moveit_hybrid_planning/lib/libmoveit_hybrid_planning_manager.so
[258.833s] -- Installing: /home/zac/franka_ws/install/moveit_hybrid_planning/lib/libmoveit_local_planner_component.so.2.5.5
[258.840s] -- Set runtime path of "/home/zac/franka_ws/install/moveit_hybrid_planning/lib/libmoveit_local_planner_component.so.2.5.5" to ""
[258.840s] -- Installing: /home/zac/franka_ws/install/moveit_hybrid_planning/lib/libmoveit_local_planner_component.so
[258.840s] -- Installing: /home/zac/franka_ws/install/moveit_hybrid_planning/lib/libforward_trajectory_plugin.so.2.5.5
[258.842s] -- Set runtime path of "/home/zac/franka_ws/install/moveit_hybrid_planning/lib/libforward_trajectory_plugin.so.2.5.5" to ""
[258.842s] -- Installing: /home/zac/franka_ws/install/moveit_hybrid_planning/lib/libforward_trajectory_plugin.so
[258.842s] -- Installing: /home/zac/franka_ws/install/moveit_hybrid_planning/lib/libmotion_planning_pipeline_plugin.so.2.5.5
[258.844s] -- Set runtime path of "/home/zac/franka_ws/install/moveit_hybrid_planning/lib/libmotion_planning_pipeline_plugin.so.2.5.5" to ""
[258.844s] -- Installing: /home/zac/franka_ws/install/moveit_hybrid_planning/lib/libmotion_planning_pipeline_plugin.so
[258.846s] -- Installing: /home/zac/franka_ws/install/moveit_hybrid_planning/lib/libreplan_invalidated_trajectory_plugin.so.2.5.5
[258.846s] -- Set runtime path of "/home/zac/franka_ws/install/moveit_hybrid_planning/lib/libreplan_invalidated_trajectory_plugin.so.2.5.5" to ""
[258.846s] -- Installing: /home/zac/franka_ws/install/moveit_hybrid_planning/lib/libreplan_invalidated_trajectory_plugin.so
[258.846s] -- Installing: /home/zac/franka_ws/install/moveit_hybrid_planning/lib/libsimple_sampler_plugin.so.2.5.5
[258.846s] -- Set runtime path of "/home/zac/franka_ws/install/moveit_hybrid_planning/lib/libsimple_sampler_plugin.so.2.5.5" to ""
[258.847s] -- Installing: /home/zac/franka_ws/install/moveit_hybrid_planning/lib/libsimple_sampler_plugin.so
[258.847s] -- Installing: /home/zac/franka_ws/install/moveit_hybrid_planning/lib/libsingle_plan_execution_plugin.so.2.5.5
[258.848s] -- Set runtime path of "/home/zac/franka_ws/install/moveit_hybrid_planning/lib/libsingle_plan_execution_plugin.so.2.5.5" to ""
[258.848s] -- Installing: /home/zac/franka_ws/install/moveit_hybrid_planning/lib/libsingle_plan_execution_plugin.so
[258.849s] -- Installing: /home/zac/franka_ws/install/moveit_hybrid_planning/lib/moveit_hybrid_planning/cancel_action
[258.850s] -- Set runtime path of "/home/zac/franka_ws/install/moveit_hybrid_planning/lib/moveit_hybrid_planning/cancel_action" to ""
[258.851s] -- Installing: /home/zac/franka_ws/install/moveit_hybrid_planning/lib/moveit_hybrid_planning/hybrid_planning_demo_node
[258.855s] -- Set runtime path of "/home/zac/franka_ws/install/moveit_hybrid_planning/lib/moveit_hybrid_planning/hybrid_planning_demo_node" to ""
[258.855s] -- Installing: /home/zac/franka_ws/install/moveit_hybrid_planning/include
[258.855s] -- Installing: /home/zac/franka_ws/install/moveit_hybrid_planning/include/moveit
[258.855s] -- Installing: /home/zac/franka_ws/install/moveit_hybrid_planning/include/moveit/global_planner
[258.856s] -- Installing: /home/zac/franka_ws/install/moveit_hybrid_planning/include/moveit/global_planner/global_planner_interface.h
[258.856s] -- Installing: /home/zac/franka_ws/install/moveit_hybrid_planning/include/moveit/global_planner/global_planner_component.h
[258.856s] -- Up-to-date: /home/zac/franka_ws/install/moveit_hybrid_planning/include
[258.856s] -- Up-to-date: /home/zac/franka_ws/install/moveit_hybrid_planning/include/moveit
[258.857s] -- Up-to-date: /home/zac/franka_ws/install/moveit_hybrid_planning/include/moveit/global_planner
[258.857s] -- Installing: /home/zac/franka_ws/install/moveit_hybrid_planning/include/moveit/global_planner/moveit_planning_pipeline.h
[258.857s] -- Up-to-date: /home/zac/franka_ws/install/moveit_hybrid_planning/include
[258.857s] -- Up-to-date: /home/zac/franka_ws/install/moveit_hybrid_planning/include/moveit
[258.858s] -- Installing: /home/zac/franka_ws/install/moveit_hybrid_planning/include/moveit/hybrid_planning_manager
[258.858s] -- Installing: /home/zac/franka_ws/install/moveit_hybrid_planning/include/moveit/hybrid_planning_manager/hybrid_planning_events.h
[258.858s] -- Installing: /home/zac/franka_ws/install/moveit_hybrid_planning/include/moveit/hybrid_planning_manager/hybrid_planning_manager.h
[258.858s] -- Installing: /home/zac/franka_ws/install/moveit_hybrid_planning/include/moveit/hybrid_planning_manager/planner_logic_interface.h
[258.858s] -- Installing: /home/zac/franka_ws/install/moveit_hybrid_planning/include/moveit/hybrid_planning_manager/moveit_error_code_interface.h
[258.859s] -- Up-to-date: /home/zac/franka_ws/install/moveit_hybrid_planning/include
[258.859s] -- Up-to-date: /home/zac/franka_ws/install/moveit_hybrid_planning/include/moveit
[258.859s] -- Installing: /home/zac/franka_ws/install/moveit_hybrid_planning/include/moveit/planner_logic_plugins
[258.859s] -- Installing: /home/zac/franka_ws/install/moveit_hybrid_planning/include/moveit/planner_logic_plugins/single_plan_execution.h
[258.859s] -- Installing: /home/zac/franka_ws/install/moveit_hybrid_planning/include/moveit/planner_logic_plugins/replan_invalidated_trajectory.h
[258.860s] -- Up-to-date: /home/zac/franka_ws/install/moveit_hybrid_planning/include
[258.860s] -- Up-to-date: /home/zac/franka_ws/install/moveit_hybrid_planning/include/moveit
[258.860s] -- Installing: /home/zac/franka_ws/install/moveit_hybrid_planning/include/moveit/local_planner
[258.860s] -- Installing: /home/zac/franka_ws/install/moveit_hybrid_planning/include/moveit/local_planner/local_constraint_solver_interface.h
[258.860s] -- Installing: /home/zac/franka_ws/install/moveit_hybrid_planning/include/moveit/local_planner/trajectory_operator_interface.h
[258.861s] -- Installing: /home/zac/franka_ws/install/moveit_hybrid_planning/include/moveit/local_planner/feedback_types.h
[258.861s] -- Installing: /home/zac/franka_ws/install/moveit_hybrid_planning/include/moveit/local_planner/local_planner_component.h
[258.861s] -- Up-to-date: /home/zac/franka_ws/install/moveit_hybrid_planning/include
[258.862s] -- Up-to-date: /home/zac/franka_ws/install/moveit_hybrid_planning/include/moveit
[258.862s] -- Installing: /home/zac/franka_ws/install/moveit_hybrid_planning/include/moveit/trajectory_operator_plugins
[258.862s] -- Installing: /home/zac/franka_ws/install/moveit_hybrid_planning/include/moveit/trajectory_operator_plugins/simple_sampler.h
[258.862s] -- Up-to-date: /home/zac/franka_ws/install/moveit_hybrid_planning/include
[258.862s] -- Up-to-date: /home/zac/franka_ws/install/moveit_hybrid_planning/include/moveit
[258.862s] -- Installing: /home/zac/franka_ws/install/moveit_hybrid_planning/include/moveit/local_constraint_solver_plugins
[258.863s] -- Installing: /home/zac/franka_ws/install/moveit_hybrid_planning/include/moveit/local_constraint_solver_plugins/forward_trajectory.h
[258.863s] -- Installing: /home/zac/franka_ws/install/moveit_hybrid_planning/share/moveit_hybrid_planning/launch
[258.863s] -- Installing: /home/zac/franka_ws/install/moveit_hybrid_planning/share/moveit_hybrid_planning/launch/hybrid_planning_common.py
[258.865s] -- Installing: /home/zac/franka_ws/install/moveit_hybrid_planning/share/moveit_hybrid_planning/launch/hybrid_planning_demo.launch.py
[258.866s] -- Installing: /home/zac/franka_ws/install/moveit_hybrid_planning/share/moveit_hybrid_planning/launch/test_basic_integration.test.py
[258.866s] -- Installing: /home/zac/franka_ws/install/moveit_hybrid_planning/share/moveit_hybrid_planning/config
[258.867s] -- Installing: /home/zac/franka_ws/install/moveit_hybrid_planning/share/moveit_hybrid_planning/config/global_planner.yaml
[258.867s] -- Installing: /home/zac/franka_ws/install/moveit_hybrid_planning/share/moveit_hybrid_planning/config/demo_controller.yaml
[258.868s] -- Installing: /home/zac/franka_ws/install/moveit_hybrid_planning/share/moveit_hybrid_planning/config/common_hybrid_planning_params.yaml
[258.869s] -- Installing: /home/zac/franka_ws/install/moveit_hybrid_planning/share/moveit_hybrid_planning/config/hybrid_planning_demo.rviz
[258.869s] -- Installing: /home/zac/franka_ws/install/moveit_hybrid_planning/share/moveit_hybrid_planning/config/local_planner.yaml
[258.870s] -- Installing: /home/zac/franka_ws/install/moveit_hybrid_planning/share/moveit_hybrid_planning/config/hybrid_planning_manager.yaml
[258.870s] -- Installing: /home/zac/franka_ws/install/moveit_hybrid_planning/share/moveit_hybrid_planning/single_plan_execution_plugin.xml
[258.871s] -- Installing: /home/zac/franka_ws/install/moveit_hybrid_planning/share/moveit_hybrid_planning/moveit_planning_pipeline_plugin.xml
[258.872s] -- Installing: /home/zac/franka_ws/install/moveit_hybrid_planning/share/moveit_hybrid_planning/simple_sampler_plugin.xml
[258.872s] -- Installing: /home/zac/franka_ws/install/moveit_hybrid_planning/share/moveit_hybrid_planning/replan_invalidated_trajectory_plugin.xml
[258.873s] -- Installing: /home/zac/franka_ws/install/moveit_hybrid_planning/share/moveit_hybrid_planning/forward_trajectory_plugin.xml
[258.874s] -- Installing: /home/zac/franka_ws/install/moveit_hybrid_planning/share/moveit_hybrid_planning/environment/library_path.sh
[258.874s] -- Installing: /home/zac/franka_ws/install/moveit_hybrid_planning/share/moveit_hybrid_planning/environment/library_path.dsv
[258.874s] -- Installing: /home/zac/franka_ws/install/moveit_hybrid_planning/share/ament_index/resource_index/package_run_dependencies/moveit_hybrid_planning
[258.875s] -- Installing: /home/zac/franka_ws/install/moveit_hybrid_planning/share/ament_index/resource_index/parent_prefix_path/moveit_hybrid_planning
[258.875s] -- Installing: /home/zac/franka_ws/install/moveit_hybrid_planning/share/moveit_hybrid_planning/environment/ament_prefix_path.sh
[258.876s] -- Installing: /home/zac/franka_ws/install/moveit_hybrid_planning/share/moveit_hybrid_planning/environment/ament_prefix_path.dsv
[258.876s] -- Installing: /home/zac/franka_ws/install/moveit_hybrid_planning/share/moveit_hybrid_planning/environment/path.sh
[258.876s] -- Installing: /home/zac/franka_ws/install/moveit_hybrid_planning/share/moveit_hybrid_planning/environment/path.dsv
[258.877s] -- Installing: /home/zac/franka_ws/install/moveit_hybrid_planning/share/moveit_hybrid_planning/local_setup.bash
[258.878s] -- Installing: /home/zac/franka_ws/install/moveit_hybrid_planning/share/moveit_hybrid_planning/local_setup.sh
[258.878s] -- Installing: /home/zac/franka_ws/install/moveit_hybrid_planning/share/moveit_hybrid_planning/local_setup.zsh
[258.878s] -- Installing: /home/zac/franka_ws/install/moveit_hybrid_planning/share/moveit_hybrid_planning/local_setup.dsv
[258.878s] -- Installing: /home/zac/franka_ws/install/moveit_hybrid_planning/share/moveit_hybrid_planning/package.dsv
[258.879s] -- Installing: /home/zac/franka_ws/install/moveit_hybrid_planning/share/ament_index/resource_index/packages/moveit_hybrid_planning
[258.880s] -- Installing: /home/zac/franka_ws/install/moveit_hybrid_planning/share/ament_index/resource_index/moveit_hybrid_planning__pluginlib__plugin/moveit_hybrid_planning
[258.880s] -- Installing: /home/zac/franka_ws/install/moveit_hybrid_planning/share/ament_index/resource_index/rclcpp_components/moveit_hybrid_planning
[258.881s] -- Installing: /home/zac/franka_ws/install/moveit_hybrid_planning/share/moveit_hybrid_planning/cmake/export_moveit_hybrid_planningExport.cmake
[258.881s] -- Installing: /home/zac/franka_ws/install/moveit_hybrid_planning/share/moveit_hybrid_planning/cmake/export_moveit_hybrid_planningExport-release.cmake
[258.882s] -- Installing: /home/zac/franka_ws/install/moveit_hybrid_planning/share/moveit_hybrid_planning/cmake/ament_cmake_export_include_directories-extras.cmake
[258.883s] -- Installing: /home/zac/franka_ws/install/moveit_hybrid_planning/share/moveit_hybrid_planning/cmake/ament_cmake_export_libraries-extras.cmake
[258.883s] -- Installing: /home/zac/franka_ws/install/moveit_hybrid_planning/share/moveit_hybrid_planning/cmake/ament_cmake_export_dependencies-extras.cmake
[258.883s] -- Installing: /home/zac/franka_ws/install/moveit_hybrid_planning/share/moveit_hybrid_planning/cmake/ament_cmake_export_targets-extras.cmake
[258.883s] -- Installing: /home/zac/franka_ws/install/moveit_hybrid_planning/share/moveit_hybrid_planning/cmake/moveit_hybrid_planningConfig.cmake
[258.884s] -- Installing: /home/zac/franka_ws/install/moveit_hybrid_planning/share/moveit_hybrid_planning/cmake/moveit_hybrid_planningConfig-version.cmake
[258.884s] -- Installing: /home/zac/franka_ws/install/moveit_hybrid_planning/share/moveit_hybrid_planning/package.xml
[258.890s] Invoked command in '/home/zac/franka_ws/build/moveit_hybrid_planning' returned '0': AMENT_PREFIX_PATH=/home/zac/franka_ws/install/moveit_ros_planning_interface:/home/zac/franka_ws/install/moveit_ros_move_group:/home/zac/franka_ws/install/moveit_ros_warehouse:/home/zac/franka_ws/install/moveit_planners_ompl:/home/zac/franka_ws/install/moveit_kinematics:/home/zac/franka_ws/install/moveit_ros_planning:/home/zac/franka_ws/install/moveit_simple_controller_manager:/home/zac/franka_ws/install/moveit_ros_occupancy_map_monitor:/home/zac/franka_ws/install/moveit_core:/home/zac/franka_ws/install/moveit_configs_utils:/home/zac/franka_ws/install/moveit_resources_prbt_support:/home/zac/franka_ws/install/moveit_common:/home/zac/franka_ws/install/joint_trajectory_controller:/home/zac/franka_ws/install/integration_launch_testing:/home/zac/franka_ws/install/franka_bringup:/home/zac/franka_ws/install/franka_robot_state_broadcaster:/home/zac/franka_ws/install/franka_example_controllers:/home/zac/franka_ws/install/franka_semantic_components:/home/zac/franka_ws/install/franka_gazebo_bringup:/home/zac/franka_ws/install/franka_ign_ros2_control:/home/zac/franka_ws/install/franka_fr3_moveit_config:/home/zac/franka_ws/install/franka_hardware:/home/zac/franka_ws/install/franka_gripper:/home/zac/franka_ws/install/franka_msgs:/home/zac/franka_ws/install/franka_description:/opt/ros/humble CMAKE_PREFIX_PATH=/home/zac/franka_ws/install/moveit_ros_planning_interface:/home/zac/franka_ws/install/moveit_ros_move_group:/home/zac/franka_ws/install/moveit_ros_warehouse:/home/zac/franka_ws/install/moveit_planners_ompl:/home/zac/franka_ws/install/moveit_kinematics:/home/zac/franka_ws/install/moveit_ros_planning:/home/zac/franka_ws/install/moveit_simple_controller_manager:/home/zac/franka_ws/install/moveit_ros_occupancy_map_monitor:/home/zac/franka_ws/install/moveit_core:/home/zac/franka_ws/install/moveit_common:/home/zac/franka_ws/install/moveit_resources_prbt_support:/home/zac/franka_ws/install/joint_trajectory_controller:/home/zac/franka_ws/install/integration_launch_testing:/home/zac/franka_ws/install/franka_bringup:/home/zac/franka_ws/install/franka_robot_state_broadcaster:/home/zac/franka_ws/install/franka_example_controllers:/home/zac/franka_ws/install/franka_semantic_components:/home/zac/franka_ws/install/franka_gazebo_bringup:/home/zac/franka_ws/install/franka_ign_ros2_control:/home/zac/franka_ws/install/franka_fr3_moveit_config:/home/zac/franka_ws/install/franka_hardware:/home/zac/franka_ws/install/franka_gripper:/home/zac/franka_ws/install/franka_msgs:/home/zac/franka_ws/install/franka_description:/home/zac/franka_ws/install/moveit_configs_utils:/opt/ros/humble LD_LIBRARY_PATH=/home/zac/franka_ws/install/moveit_ros_planning_interface/lib:/home/zac/franka_ws/install/moveit_ros_move_group/lib:/home/zac/franka_ws/install/moveit_ros_warehouse/lib:/home/zac/franka_ws/install/moveit_planners_ompl/lib:/home/zac/franka_ws/install/moveit_kinematics/lib:/home/zac/franka_ws/install/moveit_ros_planning/lib:/home/zac/franka_ws/install/moveit_simple_controller_manager/lib:/home/zac/franka_ws/install/moveit_ros_occupancy_map_monitor/lib:/home/zac/franka_ws/install/moveit_core/lib:${LD_LIBRARY_PATH} PATH=/home/zac/franka_ws/install/moveit_core/bin:${PATH} PYTHONPATH=/home/zac/franka_ws/install/moveit_configs_utils/lib/python3.10/site-packages:/home/zac/franka_ws/build/moveit_configs_utils:/opt/ros/humble/local/lib/python3.10/dist-packages:/home/zac/franka_ws/install/franka_gripper/local/lib/python3.10/dist-packages:/home/zac/franka_ws/install/franka_msgs/local/lib/python3.10/dist-packages:/opt/ros/humble/lib/python3.10/site-packages:/opt/ros/humble/local/lib/python3.10/dist-packages /usr/bin/cmake --install /home/zac/franka_ws/build/moveit_hybrid_planning
