[0.040s] Invoking command in '/home/zac/franka_ws/build/franka_bringup': CMAKE_PREFIX_PATH=/home/zac/franka_ws/install/franka_robot_state_broadcaster:/home/zac/franka_ws/install/franka_semantic_components:/home/zac/franka_ws/install/franka_hardware:/home/zac/franka_ws/install/franka_msgs:/home/zac/franka_ws/install/franka_description:/home/zac/franka_ws/install/moveit_resources_prbt_support:/home/zac/franka_ws/install/moveit_common:/home/zac/franka_ws/install/joint_trajectory_controller:/home/zac/franka_ws/install/integration_launch_testing:/home/zac/franka_ws/install/franka_bringup:/home/zac/franka_ws/install/franka_example_controllers:/home/zac/franka_ws/install/franka_gazebo_bringup:/home/zac/franka_ws/install/franka_ign_ros2_control:/home/zac/franka_ws/install/franka_fr3_moveit_config:/home/zac/franka_ws/install/franka_gripper:/home/zac/franka_ws/install/moveit_configs_utils:/opt/ros/humble LD_LIBRARY_PATH=/home/zac/franka_ws/install/franka_robot_state_broadcaster/lib:/home/zac/franka_ws/install/franka_semantic_components/lib:/home/zac/franka_ws/install/franka_hardware/lib:/home/zac/franka_ws/install/franka_msgs/lib:/home/zac/franka_ws/install/joint_trajectory_controller/lib:/home/zac/franka_ws/install/integration_launch_testing/lib:/home/zac/franka_ws/install/franka_example_controllers/lib:/home/zac/franka_ws/install/franka_ign_ros2_control/lib:/home/zac/franka_ws/install/franka_gripper/lib:/opt/ros/humble/opt/rviz_ogre_vendor/lib:/opt/ros/humble/lib/x86_64-linux-gnu:/opt/ros/humble/lib /usr/bin/cmake --build /home/zac/franka_ws/build/franka_bringup -- -j8 -l8
[0.117s] Invoked command in '/home/zac/franka_ws/build/franka_bringup' returned '0': CMAKE_PREFIX_PATH=/home/zac/franka_ws/install/franka_robot_state_broadcaster:/home/zac/franka_ws/install/franka_semantic_components:/home/zac/franka_ws/install/franka_hardware:/home/zac/franka_ws/install/franka_msgs:/home/zac/franka_ws/install/franka_description:/home/zac/franka_ws/install/moveit_resources_prbt_support:/home/zac/franka_ws/install/moveit_common:/home/zac/franka_ws/install/joint_trajectory_controller:/home/zac/franka_ws/install/integration_launch_testing:/home/zac/franka_ws/install/franka_bringup:/home/zac/franka_ws/install/franka_example_controllers:/home/zac/franka_ws/install/franka_gazebo_bringup:/home/zac/franka_ws/install/franka_ign_ros2_control:/home/zac/franka_ws/install/franka_fr3_moveit_config:/home/zac/franka_ws/install/franka_gripper:/home/zac/franka_ws/install/moveit_configs_utils:/opt/ros/humble LD_LIBRARY_PATH=/home/zac/franka_ws/install/franka_robot_state_broadcaster/lib:/home/zac/franka_ws/install/franka_semantic_components/lib:/home/zac/franka_ws/install/franka_hardware/lib:/home/zac/franka_ws/install/franka_msgs/lib:/home/zac/franka_ws/install/joint_trajectory_controller/lib:/home/zac/franka_ws/install/integration_launch_testing/lib:/home/zac/franka_ws/install/franka_example_controllers/lib:/home/zac/franka_ws/install/franka_ign_ros2_control/lib:/home/zac/franka_ws/install/franka_gripper/lib:/opt/ros/humble/opt/rviz_ogre_vendor/lib:/opt/ros/humble/lib/x86_64-linux-gnu:/opt/ros/humble/lib /usr/bin/cmake --build /home/zac/franka_ws/build/franka_bringup -- -j8 -l8
[0.161s] Invoking command in '/home/zac/franka_ws/build/franka_bringup': CMAKE_PREFIX_PATH=/home/zac/franka_ws/install/franka_robot_state_broadcaster:/home/zac/franka_ws/install/franka_semantic_components:/home/zac/franka_ws/install/franka_hardware:/home/zac/franka_ws/install/franka_msgs:/home/zac/franka_ws/install/franka_description:/home/zac/franka_ws/install/moveit_resources_prbt_support:/home/zac/franka_ws/install/moveit_common:/home/zac/franka_ws/install/joint_trajectory_controller:/home/zac/franka_ws/install/integration_launch_testing:/home/zac/franka_ws/install/franka_bringup:/home/zac/franka_ws/install/franka_example_controllers:/home/zac/franka_ws/install/franka_gazebo_bringup:/home/zac/franka_ws/install/franka_ign_ros2_control:/home/zac/franka_ws/install/franka_fr3_moveit_config:/home/zac/franka_ws/install/franka_gripper:/home/zac/franka_ws/install/moveit_configs_utils:/opt/ros/humble LD_LIBRARY_PATH=/home/zac/franka_ws/install/franka_robot_state_broadcaster/lib:/home/zac/franka_ws/install/franka_semantic_components/lib:/home/zac/franka_ws/install/franka_hardware/lib:/home/zac/franka_ws/install/franka_msgs/lib:/home/zac/franka_ws/install/joint_trajectory_controller/lib:/home/zac/franka_ws/install/integration_launch_testing/lib:/home/zac/franka_ws/install/franka_example_controllers/lib:/home/zac/franka_ws/install/franka_ign_ros2_control/lib:/home/zac/franka_ws/install/franka_gripper/lib:/opt/ros/humble/opt/rviz_ogre_vendor/lib:/opt/ros/humble/lib/x86_64-linux-gnu:/opt/ros/humble/lib /usr/bin/cmake --install /home/zac/franka_ws/build/franka_bringup
[0.174s] -- Install configuration: "Release"
[0.174s] -- Up-to-date: /home/zac/franka_ws/install/franka_bringup/share/franka_bringup/config
[0.175s] -- Up-to-date: /home/zac/franka_ws/install/franka_bringup/share/franka_bringup/config/controllers.yaml
[0.175s] -- Up-to-date: /home/zac/franka_ws/install/franka_bringup/share/franka_bringup/launch
[0.176s] -- Up-to-date: /home/zac/franka_ws/install/franka_bringup/share/franka_bringup/launch/joint_position_example_controller.launch.py
[0.176s] -- Up-to-date: /home/zac/franka_ws/install/franka_bringup/share/franka_bringup/launch/model_example_controller.launch.py
[0.176s] -- Up-to-date: /home/zac/franka_ws/install/franka_bringup/share/franka_bringup/launch/cartesian_velocity_example_controller.launch.py
[0.176s] -- Up-to-date: /home/zac/franka_ws/install/franka_bringup/share/franka_bringup/launch/joint_impedance_example_controller.launch.py
[0.176s] -- Up-to-date: /home/zac/franka_ws/install/franka_bringup/share/franka_bringup/launch/franka.launch.py
[0.177s] -- Up-to-date: /home/zac/franka_ws/install/franka_bringup/share/franka_bringup/launch/elbow_example_controller.launch.py
[0.177s] -- Up-to-date: /home/zac/franka_ws/install/franka_bringup/share/franka_bringup/launch/joint_velocity_example_controller.launch.py
[0.177s] -- Up-to-date: /home/zac/franka_ws/install/franka_bringup/share/franka_bringup/launch/cartesian_orientation_example_controller.launch.py
[0.177s] -- Up-to-date: /home/zac/franka_ws/install/franka_bringup/share/franka_bringup/launch/gravity_compensation_example_controller.launch.py
[0.177s] -- Up-to-date: /home/zac/franka_ws/install/franka_bringup/share/franka_bringup/launch/cartesian_pose_example_controller.launch.py
[0.178s] -- Up-to-date: /home/zac/franka_ws/install/franka_bringup/share/franka_bringup/launch/cartesian_elbow_example_controller.launch.py
[0.178s] -- Up-to-date: /home/zac/franka_ws/install/franka_bringup/share/franka_bringup/launch/joint_impedance_with_ik_example_controller.launch.py
[0.178s] -- Up-to-date: /home/zac/franka_ws/install/franka_bringup/share/franka_bringup/launch/move_to_start_example_controller.launch.py
[0.178s] -- Up-to-date: /home/zac/franka_ws/install/franka_bringup/share/ament_index/resource_index/package_run_dependencies/franka_bringup
[0.178s] -- Up-to-date: /home/zac/franka_ws/install/franka_bringup/share/ament_index/resource_index/parent_prefix_path/franka_bringup
[0.178s] -- Up-to-date: /home/zac/franka_ws/install/franka_bringup/share/franka_bringup/environment/ament_prefix_path.sh
[0.179s] -- Up-to-date: /home/zac/franka_ws/install/franka_bringup/share/franka_bringup/environment/ament_prefix_path.dsv
[0.179s] -- Up-to-date: /home/zac/franka_ws/install/franka_bringup/share/franka_bringup/environment/path.sh
[0.180s] -- Up-to-date: /home/zac/franka_ws/install/franka_bringup/share/franka_bringup/environment/path.dsv
[0.181s] -- Up-to-date: /home/zac/franka_ws/install/franka_bringup/share/franka_bringup/local_setup.bash
[0.181s] -- Up-to-date: /home/zac/franka_ws/install/franka_bringup/share/franka_bringup/local_setup.sh
[0.181s] -- Up-to-date: /home/zac/franka_ws/install/franka_bringup/share/franka_bringup/local_setup.zsh
[0.181s] -- Up-to-date: /home/zac/franka_ws/install/franka_bringup/share/franka_bringup/local_setup.dsv
[0.181s] -- Up-to-date: /home/zac/franka_ws/install/franka_bringup/share/franka_bringup/package.dsv
[0.182s] -- Up-to-date: /home/zac/franka_ws/install/franka_bringup/share/ament_index/resource_index/packages/franka_bringup
[0.182s] -- Up-to-date: /home/zac/franka_ws/install/franka_bringup/share/franka_bringup/cmake/franka_bringupConfig.cmake
[0.182s] -- Up-to-date: /home/zac/franka_ws/install/franka_bringup/share/franka_bringup/cmake/franka_bringupConfig-version.cmake
[0.182s] -- Up-to-date: /home/zac/franka_ws/install/franka_bringup/share/franka_bringup/package.xml
[0.182s] Invoked command in '/home/zac/franka_ws/build/franka_bringup' returned '0': CMAKE_PREFIX_PATH=/home/zac/franka_ws/install/franka_robot_state_broadcaster:/home/zac/franka_ws/install/franka_semantic_components:/home/zac/franka_ws/install/franka_hardware:/home/zac/franka_ws/install/franka_msgs:/home/zac/franka_ws/install/franka_description:/home/zac/franka_ws/install/moveit_resources_prbt_support:/home/zac/franka_ws/install/moveit_common:/home/zac/franka_ws/install/joint_trajectory_controller:/home/zac/franka_ws/install/integration_launch_testing:/home/zac/franka_ws/install/franka_bringup:/home/zac/franka_ws/install/franka_example_controllers:/home/zac/franka_ws/install/franka_gazebo_bringup:/home/zac/franka_ws/install/franka_ign_ros2_control:/home/zac/franka_ws/install/franka_fr3_moveit_config:/home/zac/franka_ws/install/franka_gripper:/home/zac/franka_ws/install/moveit_configs_utils:/opt/ros/humble LD_LIBRARY_PATH=/home/zac/franka_ws/install/franka_robot_state_broadcaster/lib:/home/zac/franka_ws/install/franka_semantic_components/lib:/home/zac/franka_ws/install/franka_hardware/lib:/home/zac/franka_ws/install/franka_msgs/lib:/home/zac/franka_ws/install/joint_trajectory_controller/lib:/home/zac/franka_ws/install/integration_launch_testing/lib:/home/zac/franka_ws/install/franka_example_controllers/lib:/home/zac/franka_ws/install/franka_ign_ros2_control/lib:/home/zac/franka_ws/install/franka_gripper/lib:/opt/ros/humble/opt/rviz_ogre_vendor/lib:/opt/ros/humble/lib/x86_64-linux-gnu:/opt/ros/humble/lib /usr/bin/cmake --install /home/zac/franka_ws/build/franka_bringup
