[0.113s] Invoking command in '/home/zac/franka_ws/build/moveit_setup_app_plugins': AMENT_PREFIX_PATH=/home/zac/franka_ws/install/moveit_setup_framework:/home/zac/franka_ws/install/moveit_ros_visualization:/home/zac/franka_ws/install/moveit_ros_planning_interface:/home/zac/franka_ws/install/moveit_ros_move_group:/home/zac/franka_ws/install/moveit_ros_warehouse:/home/zac/franka_ws/install/moveit_ros_robot_interaction:/home/zac/franka_ws/install/moveit_planners_ompl:/home/zac/franka_ws/install/moveit_kinematics:/home/zac/franka_ws/install/moveit_ros_planning:/home/zac/franka_ws/install/moveit_simple_controller_manager:/home/zac/franka_ws/install/moveit_ros_occupancy_map_monitor:/home/zac/franka_ws/install/moveit_core:/home/zac/franka_ws/install/moveit_configs_utils:/home/zac/franka_ws/install/moveit_common:${AMENT_PREFIX_PATH} CMAKE_PREFIX_PATH=/home/zac/franka_ws/install/moveit_setup_framework:/home/zac/franka_ws/install/moveit_ros_visualization:/home/zac/franka_ws/install/moveit_ros_planning_interface:/home/zac/franka_ws/install/moveit_ros_move_group:/home/zac/franka_ws/install/moveit_ros_warehouse:/home/zac/franka_ws/install/moveit_ros_robot_interaction:/home/zac/franka_ws/install/moveit_planners_ompl:/home/zac/franka_ws/install/moveit_kinematics:/home/zac/franka_ws/install/moveit_ros_planning:/home/zac/franka_ws/install/moveit_simple_controller_manager:/home/zac/franka_ws/install/moveit_ros_occupancy_map_monitor:/home/zac/franka_ws/install/moveit_core:/home/zac/franka_ws/install/moveit_common:/opt/ros/humble LD_LIBRARY_PATH=/home/zac/franka_ws/install/moveit_setup_framework/lib:/home/zac/franka_ws/install/moveit_ros_visualization/lib:/home/zac/franka_ws/install/moveit_ros_planning_interface/lib:/home/zac/franka_ws/install/moveit_ros_move_group/lib:/home/zac/franka_ws/install/moveit_ros_warehouse/lib:/home/zac/franka_ws/install/moveit_ros_robot_interaction/lib:/home/zac/franka_ws/install/moveit_planners_ompl/lib:/home/zac/franka_ws/install/moveit_kinematics/lib:/home/zac/franka_ws/install/moveit_ros_planning/lib:/home/zac/franka_ws/install/moveit_simple_controller_manager/lib:/home/zac/franka_ws/install/moveit_ros_occupancy_map_monitor/lib:/home/zac/franka_ws/install/moveit_core/lib:${LD_LIBRARY_PATH} PATH=/home/zac/franka_ws/install/moveit_core/bin:${PATH} PYTHONPATH=/home/zac/franka_ws/build/moveit_configs_utils:/home/zac/franka_ws/install/moveit_configs_utils/lib/python3.10/site-packages:${PYTHONPATH} /usr/bin/cmake /home/zac/franka_ws/src/moveit2/moveit_setup_assistant/moveit_setup_app_plugins -DAMENT_CMAKE_SYMLINK_INSTALL=1 -DCMAKE_INSTALL_PREFIX=/home/zac/franka_ws/install/moveit_setup_app_plugins
[0.136s] -- Found moveit_common: 2.5.5 (/home/zac/franka_ws/install/moveit_common/share/moveit_common/cmake)
[0.136s] -- Found ament_cmake: 1.3.10 (/opt/ros/humble/share/ament_cmake/cmake)
[0.384s] -- Override CMake install command with custom implementation using symlinks instead of copying resources
[0.524s] [0mmoveit_setup_app_plugins: You did not request a specific build type: Choosing 'Release' for maximum performance[0m
[0.525s] -- Found ament_cmake_ros: 0.10.0 (/opt/ros/humble/share/ament_cmake_ros/cmake)
[0.530s] -- Found ament_index_cpp: 1.4.0 (/opt/ros/humble/share/ament_index_cpp/cmake)
[0.531s] -- Found moveit_ros_visualization: 2.5.5 (/home/zac/franka_ws/install/moveit_ros_visualization/share/moveit_ros_visualization/cmake)
[0.552s] -- Found Boost: /usr/lib/x86_64-linux-gnu/cmake/Boost-1.74.0/BoostConfig.cmake (found version "1.74.0") found components: thread date_time system filesystem 
[0.601s] -- Found Boost: /usr/lib/x86_64-linux-gnu/cmake/Boost-1.74.0/BoostConfig.cmake (found version "1.74.0") found components: filesystem 
[0.649s] -- Found rosidl_generator_c: 3.1.5 (/opt/ros/humble/share/rosidl_generator_c/cmake)
[0.656s] -- Found rosidl_adapter: 3.1.5 (/opt/ros/humble/share/rosidl_adapter/cmake)
[0.670s] -- Found rosidl_generator_cpp: 3.1.5 (/opt/ros/humble/share/rosidl_generator_cpp/cmake)
[0.694s] -- Using all available rosidl_typesupport_c: rosidl_typesupport_fastrtps_c;rosidl_typesupport_introspection_c
[0.722s] -- Using all available rosidl_typesupport_cpp: rosidl_typesupport_fastrtps_cpp;rosidl_typesupport_introspection_cpp
[0.888s] -- Found rmw_implementation_cmake: 6.1.2 (/opt/ros/humble/share/rmw_implementation_cmake/cmake)
[0.894s] -- Found rmw_fastrtps_cpp: 6.2.7 (/opt/ros/humble/share/rmw_fastrtps_cpp/cmake)
[1.194s] -- Using RMW implementation 'rmw_fastrtps_cpp' as default
[1.337s] -- library: /usr/lib/x86_64-linux-gnu/libcurl.so
[1.481s] -- Found Boost: /usr/lib/x86_64-linux-gnu/cmake/Boost-1.74.0/BoostConfig.cmake (found version "1.74.0") found components: system filesystem date_time program_options thread chrono 
[1.780s] -- Found Boost: /usr/lib/x86_64-linux-gnu/cmake/Boost-1.74.0/BoostConfig.cmake (found version "1.74.0") found components: chrono date_time filesystem iostreams program_options regex serialization system thread 
[1.831s] -- Found parameter_traits: 0.3.8 (/opt/ros/humble/share/parameter_traits/cmake)
[1.851s] -- Found rclcpp_lifecycle: 16.0.10 (/opt/ros/humble/share/rclcpp_lifecycle/cmake)
[1.906s] -- Ensuring Eigen3 include directory is part of orocos-kdl CMake target
[2.268s] -- Found Boost: /usr/lib/x86_64-linux-gnu/cmake/Boost-1.74.0/BoostConfig.cmake (found version "1.74.0") found components: date_time filesystem program_options system thread 
[2.301s] -- Found Boost: /usr/lib/x86_64-linux-gnu/cmake/Boost-1.74.0/BoostConfig.cmake (found version "1.74.0") found components: thread system filesystem regex date_time program_options 
[2.358s] -- Found Boost: /usr/lib/x86_64-linux-gnu/cmake/Boost-1.74.0/BoostConfig.cmake (found version "1.74.0") found components: system filesystem date_time program_options thread 
[2.502s] -- Setting OGRE_DIR to: '/opt/ros/humble/share/rviz_ogre_vendor/cmake/../../../opt/rviz_ogre_vendor/lib/OGRE/cmake'
[2.503s] -- Found OGRE
[2.503s] --   static     : OFF
[2.504s] --   components : HLMS;MeshLodGenerator;Overlay;Paging;Property;RTShaderSystem;Terrain;Volume
[2.504s] --   plugins    : Plugin_BSPSceneManager;Plugin_OctreeSceneManager;Plugin_PCZSceneManager;Plugin_ParticleFX;RenderSystem_GL;RenderSystem_GL3Plus;Codec_STBI
[2.504s] --   media      : /opt/ros/humble/opt/rviz_ogre_vendor/share/OGRE/Media
[2.504s] -- OGRE_LIBRARIES: OgreHLMS;OgreMeshLodGenerator;OgreOverlay;OgrePaging;OgreProperty;OgreRTShaderSystem;OgreTerrain;OgreVolume;OgreMain
[2.504s] -- OGRE_LIBRARY_DIRS: /opt/ros/humble/opt/rviz_ogre_vendor/lib
[2.505s] -- OGRE_PLUGINS: Plugin_BSPSceneManager;Plugin_OctreeSceneManager;Plugin_PCZSceneManager;Plugin_ParticleFX;RenderSystem_GL;RenderSystem_GL3Plus;Codec_STBI
[2.505s] -- OGRE_PLUGIN_DIR: /opt/ros/humble/opt/rviz_ogre_vendor/lib/OGRE
[2.505s] -- rviz_ogre_vendor::OgreOverlay for IMPORTED_LOCATION_RELEASE: /opt/ros/humble/opt/rviz_ogre_vendor/lib/libOgreOverlay.so
[2.505s] -- rviz_ogre_vendor::OgreOverlay for IMPORTED_LOCATION_DEBUG: /opt/ros/humble/opt/rviz_ogre_vendor/lib/libOgreOverlay.so
[2.505s] -- rviz_ogre_vendor::OgreMain for IMPORTED_LOCATION_RELEASE: /opt/ros/humble/opt/rviz_ogre_vendor/lib/libOgreMain.so
[2.506s] -- rviz_ogre_vendor::OgreMain for IMPORTED_LOCATION_DEBUG: /opt/ros/humble/opt/rviz_ogre_vendor/lib/libOgreMain.so
[2.507s] -- Could not find freeimage library
[2.661s] -- Setting assimp_DIR to: '/opt/ros/humble/share/rviz_assimp_vendor/cmake/../../../opt/rviz_assimp_vendor/lib/cmake/assimp-4.1'
[2.763s] Invoked command in '/home/zac/franka_ws/build/moveit_setup_app_plugins' returned '-2': AMENT_PREFIX_PATH=/home/zac/franka_ws/install/moveit_setup_framework:/home/zac/franka_ws/install/moveit_ros_visualization:/home/zac/franka_ws/install/moveit_ros_planning_interface:/home/zac/franka_ws/install/moveit_ros_move_group:/home/zac/franka_ws/install/moveit_ros_warehouse:/home/zac/franka_ws/install/moveit_ros_robot_interaction:/home/zac/franka_ws/install/moveit_planners_ompl:/home/zac/franka_ws/install/moveit_kinematics:/home/zac/franka_ws/install/moveit_ros_planning:/home/zac/franka_ws/install/moveit_simple_controller_manager:/home/zac/franka_ws/install/moveit_ros_occupancy_map_monitor:/home/zac/franka_ws/install/moveit_core:/home/zac/franka_ws/install/moveit_configs_utils:/home/zac/franka_ws/install/moveit_common:${AMENT_PREFIX_PATH} CMAKE_PREFIX_PATH=/home/zac/franka_ws/install/moveit_setup_framework:/home/zac/franka_ws/install/moveit_ros_visualization:/home/zac/franka_ws/install/moveit_ros_planning_interface:/home/zac/franka_ws/install/moveit_ros_move_group:/home/zac/franka_ws/install/moveit_ros_warehouse:/home/zac/franka_ws/install/moveit_ros_robot_interaction:/home/zac/franka_ws/install/moveit_planners_ompl:/home/zac/franka_ws/install/moveit_kinematics:/home/zac/franka_ws/install/moveit_ros_planning:/home/zac/franka_ws/install/moveit_simple_controller_manager:/home/zac/franka_ws/install/moveit_ros_occupancy_map_monitor:/home/zac/franka_ws/install/moveit_core:/home/zac/franka_ws/install/moveit_common:/opt/ros/humble LD_LIBRARY_PATH=/home/zac/franka_ws/install/moveit_setup_framework/lib:/home/zac/franka_ws/install/moveit_ros_visualization/lib:/home/zac/franka_ws/install/moveit_ros_planning_interface/lib:/home/zac/franka_ws/install/moveit_ros_move_group/lib:/home/zac/franka_ws/install/moveit_ros_warehouse/lib:/home/zac/franka_ws/install/moveit_ros_robot_interaction/lib:/home/zac/franka_ws/install/moveit_planners_ompl/lib:/home/zac/franka_ws/install/moveit_kinematics/lib:/home/zac/franka_ws/install/moveit_ros_planning/lib:/home/zac/franka_ws/install/moveit_simple_controller_manager/lib:/home/zac/franka_ws/install/moveit_ros_occupancy_map_monitor/lib:/home/zac/franka_ws/install/moveit_core/lib:${LD_LIBRARY_PATH} PATH=/home/zac/franka_ws/install/moveit_core/bin:${PATH} PYTHONPATH=/home/zac/franka_ws/build/moveit_configs_utils:/home/zac/franka_ws/install/moveit_configs_utils/lib/python3.10/site-packages:${PYTHONPATH} /usr/bin/cmake /home/zac/franka_ws/src/moveit2/moveit_setup_assistant/moveit_setup_app_plugins -DAMENT_CMAKE_SYMLINK_INSTALL=1 -DCMAKE_INSTALL_PREFIX=/home/zac/franka_ws/install/moveit_setup_app_plugins
