[  1%] [32mBuilding CXX object distance_field/CMakeFiles/moveit_distance_field.dir/src/distance_field.cpp.o[0m
[  1%] [32mBuilding CXX object transforms/CMakeFiles/moveit_transforms.dir/src/transforms.cpp.o[0m
[  2%] [32mBuilding CXX object utils/CMakeFiles/moveit_utils.dir/src/lexical_casts.cpp.o[0m
[  2%] [32mBuilding CXX object exceptions/CMakeFiles/moveit_exceptions.dir/src/exceptions.cpp.o[0m
[  2%] [32mBuilding CXX object kinematics_base/CMakeFiles/moveit_kinematics_base.dir/src/kinematics_base.cpp.o[0m
[  2%] [32mBuilding CXX object gtest/CMakeFiles/gtest.dir/src/gtest-all.cc.o[0m
[  2%] [32mBuilding CXX object gmock/CMakeFiles/gmock.dir/opt/ros/humble/src/gtest_vendor/src/gtest-all.cc.o[0m
[  3%] [32mBuilding CXX object gtest/CMakeFiles/gtest_main.dir/src/gtest_main.cc.o[0m
[  3%] [32mBuilding CXX object utils/CMakeFiles/moveit_utils.dir/src/message_checks.cpp.o[0m
[  4%] [32m[1mLinking CXX shared library libmoveit_exceptions.so[0m
[  4%] [32m[1mLinking CXX static library libgtest_main.a[0m
[  4%] Built target moveit_exceptions
[  5%] [32mBuilding CXX object utils/CMakeFiles/moveit_utils.dir/src/rclcpp_utils.cpp.o[0m
[  5%] Built target gtest_main
[  5%] [32mBuilding CXX object gmock/CMakeFiles/gmock_main.dir/src/gmock_main.cc.o[0m
[  5%] [32mBuilding CXX object online_signal_smoothing/CMakeFiles/moveit_smoothing_base.dir/src/smoothing_base_class.cpp.o[0m
[  5%] [32m[1mLinking CXX shared library libmoveit_utils.so[0m
[  5%] Built target moveit_utils
[  6%] [34m[1mRunning `/opt/ros/humble/bin/generate_parameter_library_cpp /home/zac/franka_ws/build/moveit_core/online_signal_smoothing/moveit_butterworth_parameters/include//moveit_butterworth_parameters.hpp /home/zac/franka_ws/src/moveit2/moveit_core/online_signal_smoothing/src/butterworth_parameters.yaml `[0m
[  6%] Built target moveit_butterworth_parameters
[  7%] [32mBuilding CXX object version/CMakeFiles/moveit_version.dir/version.cpp.o[0m
[  8%] [32m[1mLinking CXX executable moveit_version[0m
[  8%] Built target moveit_version
[  9%] [32mBuilding CXX object gmock/CMakeFiles/gmock.dir/src/gmock-all.cc.o[0m
[ 10%] [32m[1mLinking CXX static library libgmock_main.a[0m
[ 10%] Built target gmock_main
[ 10%] [32mBuilding CXX object distance_field/CMakeFiles/moveit_distance_field.dir/src/find_internal_points.cpp.o[0m
[ 11%] [32m[1mLinking CXX shared library libmoveit_smoothing_base.so[0m
[ 11%] Built target moveit_smoothing_base
[ 12%] [32mBuilding CXX object distance_field/CMakeFiles/moveit_distance_field.dir/src/propagation_distance_field.cpp.o[0m
[ 13%] [32m[1mLinking CXX shared library libmoveit_kinematics_base.so[0m
[ 13%] Built target moveit_kinematics_base
[ 14%] [32mBuilding CXX object robot_model/CMakeFiles/moveit_robot_model.dir/src/aabb.cpp.o[0m
[ 14%] [32mBuilding CXX object robot_model/CMakeFiles/moveit_robot_model.dir/src/fixed_joint_model.cpp.o[0m
[ 15%] [32m[1mLinking CXX shared library libmoveit_transforms.so[0m
[ 15%] Built target moveit_transforms
[ 15%] [32mBuilding CXX object robot_model/CMakeFiles/moveit_robot_model.dir/src/joint_model_group.cpp.o[0m
[ 16%] [32m[1mLinking CXX static library libgmock.a[0m
[ 16%] Built target gmock
[ 17%] [32m[1mLinking CXX static library libgtest.a[0m
[ 17%] Built target gtest
[ 17%] [32m[1mLinking CXX shared library libmoveit_distance_field.so[0m
[ 17%] Built target moveit_distance_field
[ 17%] [32mBuilding CXX object robot_model/CMakeFiles/moveit_robot_model.dir/src/robot_model.cpp.o[0m
[ 18%] [32mBuilding CXX object robot_model/CMakeFiles/moveit_robot_model.dir/src/revolute_joint_model.cpp.o[0m
[ 19%] [32mBuilding CXX object robot_model/CMakeFiles/moveit_robot_model.dir/src/prismatic_joint_model.cpp.o[0m
[ 19%] [32mBuilding CXX object robot_model/CMakeFiles/moveit_robot_model.dir/src/planar_joint_model.cpp.o[0m
[ 20%] [32mBuilding CXX object robot_model/CMakeFiles/moveit_robot_model.dir/src/link_model.cpp.o[0m
[ 21%] [32mBuilding CXX object robot_model/CMakeFiles/moveit_robot_model.dir/src/joint_model.cpp.o[0m
[ 22%] [32mBuilding CXX object robot_model/CMakeFiles/moveit_robot_model.dir/src/floating_joint_model.cpp.o[0m
[ 23%] [32m[1mLinking CXX shared library libmoveit_robot_model.so[0m
[ 23%] Built target moveit_robot_model
[ 23%] [32mBuilding CXX object transforms/CMakeFiles/test_transforms.dir/test/test_transforms.cpp.o[0m
[ 24%] [32m[1mLinking CXX executable test_transforms[0m
[ 24%] Built target test_transforms
[ 25%] [32mBuilding CXX object online_signal_smoothing/CMakeFiles/moveit_butterworth_filter.dir/src/butterworth_filter.cpp.o[0m
[ 25%] [32m[1mLinking CXX shared library libmoveit_butterworth_filter.so[0m
[ 25%] Built target moveit_butterworth_filter
[ 25%] [32mBuilding CXX object distance_field/CMakeFiles/test_distance_field.dir/test/test_distance_field.cpp.o[0m
[ 26%] [32m[1mLinking CXX executable test_distance_field[0m
[ 26%] Built target test_distance_field
[ 26%] [32mBuilding CXX object online_signal_smoothing/CMakeFiles/test_butterworth_filter.dir/test/test_butterworth_filter.cpp.o[0m
[ 27%] [32m[1mLinking CXX executable test_butterworth_filter[0m
[ 27%] Built target test_butterworth_filter
[ 28%] [32mBuilding CXX object distance_field/CMakeFiles/test_voxel_grid.dir/test/test_voxel_grid.cpp.o[0m
[ 28%] [32m[1mLinking CXX executable test_voxel_grid[0m
[ 28%] Built target test_voxel_grid
[ 29%] [32mBuilding CXX object utils/CMakeFiles/moveit_test_utils.dir/src/robot_model_test_utils.cpp.o[0m
[ 29%] [32m[1mLinking CXX shared library libmoveit_test_utils.so[0m
[ 29%] Built target moveit_test_utils
[ 29%] [32mBuilding CXX object robot_state/CMakeFiles/moveit_robot_state.dir/src/attached_body.cpp.o[0m
[ 29%] [32mBuilding CXX object robot_state/CMakeFiles/moveit_robot_state.dir/src/cartesian_interpolator.cpp.o[0m
[ 30%] [32mBuilding CXX object robot_state/CMakeFiles/moveit_robot_state.dir/src/robot_state.cpp.o[0m
[ 31%] [32mBuilding CXX object robot_state/CMakeFiles/moveit_robot_state.dir/src/conversions.cpp.o[0m
[ 32%] [32m[1mLinking CXX shared library libmoveit_robot_state.so[0m
[ 32%] Built target moveit_robot_state
[ 33%] [32mBuilding CXX object robot_model/CMakeFiles/test_robot_model.dir/test/test.cpp.o[0m
gmake[2]: *** [robot_model/CMakeFiles/test_robot_model.dir/build.make:76: robot_model/CMakeFiles/test_robot_model.dir/test/test.cpp.o] Interrupt
gmake[1]: *** [CMakeFiles/Makefile2:1624: robot_model/CMakeFiles/test_robot_model.dir/all] Interrupt
gmake: *** [Makefile:146: all] Interrupt
