[0.063s] Invoking command in '/home/zac/franka_ws/build/moveit_core': AMENT_PREFIX_PATH=/home/zac/franka_ws/install/moveit_common:${AMENT_PREFIX_PATH} CMAKE_PREFIX_PATH=/home/zac/franka_ws/install/moveit_common:/home/zac/franka_ws/install/joint_trajectory_controller:/home/zac/franka_ws/install/integration_launch_testing:/home/zac/franka_ws/install/franka_bringup:/home/zac/franka_ws/install/franka_robot_state_broadcaster:/home/zac/franka_ws/install/franka_example_controllers:/home/zac/franka_ws/install/franka_semantic_components:/home/zac/franka_ws/install/franka_gazebo_bringup:/home/zac/franka_ws/install/franka_ign_ros2_control:/home/zac/franka_ws/install/franka_fr3_moveit_config:/home/zac/franka_ws/install/franka_hardware:/home/zac/franka_ws/install/franka_gripper:/home/zac/franka_ws/install/franka_msgs:/home/zac/franka_ws/install/franka_description:/opt/ros/humble /usr/bin/cmake --build /home/zac/franka_ws/build/moveit_core -- -j8 -l8
[0.223s] [  1%] [32mBuilding CXX object distance_field/CMakeFiles/moveit_distance_field.dir/src/distance_field.cpp.o[0m
[0.233s] [  1%] [32mBuilding CXX object transforms/CMakeFiles/moveit_transforms.dir/src/transforms.cpp.o[0m
[0.236s] [  2%] [32mBuilding CXX object utils/CMakeFiles/moveit_utils.dir/src/lexical_casts.cpp.o[0m
[0.238s] [  2%] [32mBuilding CXX object exceptions/CMakeFiles/moveit_exceptions.dir/src/exceptions.cpp.o[0m
[0.242s] [  2%] [32mBuilding CXX object kinematics_base/CMakeFiles/moveit_kinematics_base.dir/src/kinematics_base.cpp.o[0m
[0.260s] [  2%] [32mBuilding CXX object gtest/CMakeFiles/gtest.dir/src/gtest-all.cc.o[0m
[0.273s] [  2%] [32mBuilding CXX object gmock/CMakeFiles/gmock.dir/opt/ros/humble/src/gtest_vendor/src/gtest-all.cc.o[0m
[0.276s] [  3%] [32mBuilding CXX object gtest/CMakeFiles/gtest_main.dir/src/gtest_main.cc.o[0m
[1.767s] [  3%] [32mBuilding CXX object utils/CMakeFiles/moveit_utils.dir/src/message_checks.cpp.o[0m
[2.586s] [  4%] [32m[1mLinking CXX shared library libmoveit_exceptions.so[0m
[3.274s] [  4%] [32m[1mLinking CXX static library libgtest_main.a[0m
[3.351s] [  4%] Built target moveit_exceptions
[3.420s] [  5%] [32mBuilding CXX object utils/CMakeFiles/moveit_utils.dir/src/rclcpp_utils.cpp.o[0m
[3.478s] [  5%] Built target gtest_main
[3.595s] [  5%] [32mBuilding CXX object gmock/CMakeFiles/gmock_main.dir/src/gmock_main.cc.o[0m
[4.469s] [  5%] [32mBuilding CXX object online_signal_smoothing/CMakeFiles/moveit_smoothing_base.dir/src/smoothing_base_class.cpp.o[0m
[5.374s] [  5%] [32m[1mLinking CXX shared library libmoveit_utils.so[0m
[6.675s] [  5%] Built target moveit_utils
[6.755s] [  6%] [34m[1mRunning `/opt/ros/humble/bin/generate_parameter_library_cpp /home/zac/franka_ws/build/moveit_core/online_signal_smoothing/moveit_butterworth_parameters/include//moveit_butterworth_parameters.hpp /home/zac/franka_ws/src/moveit2/moveit_core/online_signal_smoothing/src/butterworth_parameters.yaml `[0m
[7.110s] [  6%] Built target moveit_butterworth_parameters
[7.171s] [  7%] [32mBuilding CXX object version/CMakeFiles/moveit_version.dir/version.cpp.o[0m
[7.269s] [  8%] [32m[1mLinking CXX executable moveit_version[0m
[7.398s] [  8%] Built target moveit_version
[7.422s] [  9%] [32mBuilding CXX object gmock/CMakeFiles/gmock.dir/src/gmock-all.cc.o[0m
[7.938s] [ 10%] [32m[1mLinking CXX static library libgmock_main.a[0m
[8.317s] [ 10%] Built target gmock_main
[8.395s] [ 10%] [32mBuilding CXX object distance_field/CMakeFiles/moveit_distance_field.dir/src/find_internal_points.cpp.o[0m
[12.387s] [ 11%] [32m[1mLinking CXX shared library libmoveit_smoothing_base.so[0m
[12.696s] [ 11%] Built target moveit_smoothing_base
[12.719s] [ 12%] [32mBuilding CXX object distance_field/CMakeFiles/moveit_distance_field.dir/src/propagation_distance_field.cpp.o[0m
[14.342s] [ 13%] [32m[1mLinking CXX shared library libmoveit_kinematics_base.so[0m
[14.786s] [ 13%] Built target moveit_kinematics_base
[14.866s] [ 14%] [32mBuilding CXX object robot_model/CMakeFiles/moveit_robot_model.dir/src/aabb.cpp.o[0m
[14.872s] [ 14%] [32mBuilding CXX object robot_model/CMakeFiles/moveit_robot_model.dir/src/fixed_joint_model.cpp.o[0m
[19.348s] [ 15%] [32m[1mLinking CXX shared library libmoveit_transforms.so[0m
[19.833s] [ 15%] Built target moveit_transforms
[20.035s] [ 15%] [32mBuilding CXX object robot_model/CMakeFiles/moveit_robot_model.dir/src/joint_model_group.cpp.o[0m
[21.115s] [ 16%] [32m[1mLinking CXX static library libgmock.a[0m
[21.250s] [ 16%] Built target gmock
[21.984s] [ 17%] [32m[1mLinking CXX static library libgtest.a[0m
[22.114s] [ 17%] Built target gtest
[27.620s] [ 17%] [32m[1mLinking CXX shared library libmoveit_distance_field.so[0m
[27.935s] [ 17%] Built target moveit_distance_field
[30.500s] [ 17%] [32mBuilding CXX object robot_model/CMakeFiles/moveit_robot_model.dir/src/robot_model.cpp.o[0m
[43.495s] [ 18%] [32mBuilding CXX object robot_model/CMakeFiles/moveit_robot_model.dir/src/revolute_joint_model.cpp.o[0m
[47.960s] [ 19%] [32mBuilding CXX object robot_model/CMakeFiles/moveit_robot_model.dir/src/prismatic_joint_model.cpp.o[0m
[50.811s] [ 19%] [32mBuilding CXX object robot_model/CMakeFiles/moveit_robot_model.dir/src/planar_joint_model.cpp.o[0m
[55.619s] [ 20%] [32mBuilding CXX object robot_model/CMakeFiles/moveit_robot_model.dir/src/link_model.cpp.o[0m
[61.529s] [ 21%] [32mBuilding CXX object robot_model/CMakeFiles/moveit_robot_model.dir/src/joint_model.cpp.o[0m
[66.167s] [ 22%] [32mBuilding CXX object robot_model/CMakeFiles/moveit_robot_model.dir/src/floating_joint_model.cpp.o[0m
[71.317s] [ 23%] [32m[1mLinking CXX shared library libmoveit_robot_model.so[0m
[71.587s] [ 23%] Built target moveit_robot_model
[71.622s] [ 23%] [32mBuilding CXX object transforms/CMakeFiles/test_transforms.dir/test/test_transforms.cpp.o[0m
[75.980s] [ 24%] [32m[1mLinking CXX executable test_transforms[0m
[76.190s] [ 24%] Built target test_transforms
[76.224s] [ 25%] [32mBuilding CXX object online_signal_smoothing/CMakeFiles/moveit_butterworth_filter.dir/src/butterworth_filter.cpp.o[0m
[85.064s] [ 25%] [32m[1mLinking CXX shared library libmoveit_butterworth_filter.so[0m
[85.321s] [ 25%] Built target moveit_butterworth_filter
[85.357s] [ 25%] [32mBuilding CXX object distance_field/CMakeFiles/test_distance_field.dir/test/test_distance_field.cpp.o[0m
[100.425s] [ 26%] [32m[1mLinking CXX executable test_distance_field[0m
[100.832s] [ 26%] Built target test_distance_field
[100.869s] [ 26%] [32mBuilding CXX object online_signal_smoothing/CMakeFiles/test_butterworth_filter.dir/test/test_butterworth_filter.cpp.o[0m
[111.004s] [ 27%] [32m[1mLinking CXX executable test_butterworth_filter[0m
[111.254s] [ 27%] Built target test_butterworth_filter
[111.288s] [ 28%] [32mBuilding CXX object distance_field/CMakeFiles/test_voxel_grid.dir/test/test_voxel_grid.cpp.o[0m
[117.850s] [ 28%] [32m[1mLinking CXX executable test_voxel_grid[0m
[118.149s] [ 28%] Built target test_voxel_grid
[118.184s] [ 29%] [32mBuilding CXX object utils/CMakeFiles/moveit_test_utils.dir/src/robot_model_test_utils.cpp.o[0m
[130.952s] [ 29%] [32m[1mLinking CXX shared library libmoveit_test_utils.so[0m
[131.212s] [ 29%] Built target moveit_test_utils
[131.245s] [ 29%] [32mBuilding CXX object robot_state/CMakeFiles/moveit_robot_state.dir/src/attached_body.cpp.o[0m
[136.942s] [ 29%] [32mBuilding CXX object robot_state/CMakeFiles/moveit_robot_state.dir/src/cartesian_interpolator.cpp.o[0m
[147.306s] [ 30%] [32mBuilding CXX object robot_state/CMakeFiles/moveit_robot_state.dir/src/robot_state.cpp.o[0m
[178.456s] [ 31%] [32mBuilding CXX object robot_state/CMakeFiles/moveit_robot_state.dir/src/conversions.cpp.o[0m
[193.064s] [ 32%] [32m[1mLinking CXX shared library libmoveit_robot_state.so[0m
[193.370s] [ 32%] Built target moveit_robot_state
[193.405s] [ 33%] [32mBuilding CXX object robot_model/CMakeFiles/test_robot_model.dir/test/test.cpp.o[0m
[201.746s] gmake[2]: *** [robot_model/CMakeFiles/test_robot_model.dir/build.make:76: robot_model/CMakeFiles/test_robot_model.dir/test/test.cpp.o] Interrupt
[201.747s] gmake[1]: *** [CMakeFiles/Makefile2:1624: robot_model/CMakeFiles/test_robot_model.dir/all] Interrupt
[201.747s] gmake: *** [Makefile:146: all] Interrupt
