[0.033s] Invoking command in '/home/zac/franka_ws/build/franka_ign_ros2_control': AMENT_PREFIX_PATH=/home/zac/franka_ws/install/franka_hardware:/home/zac/franka_ws/install/franka_msgs:${AMENT_PREFIX_PATH} CMAKE_PREFIX_PATH=/home/zac/franka_ws/install/franka_hardware:/home/zac/franka_ws/install/franka_msgs:/opt/ros/humble LD_LIBRARY_PATH=/home/zac/franka_ws/install/franka_hardware/lib:/home/zac/franka_ws/install/franka_msgs/lib:${LD_LIBRARY_PATH} PYTHONPATH=/home/zac/franka_ws/install/franka_msgs/local/lib/python3.10/dist-packages:${PYTHONPATH} /usr/bin/cmake --build /home/zac/franka_ws/build/franka_ign_ros2_control -- -j8 -l8
[0.100s] -- Found ament_cmake: 1.3.10 (/opt/ros/humble/share/ament_cmake/cmake)
[0.348s] -- Override CMake install command with custom implementation using symlinks instead of copying resources
[0.359s] -- Found ament_index_cpp: 1.4.0 (/opt/ros/humble/share/ament_index_cpp/cmake)
[0.360s] -- Found controller_manager: 2.42.0 (/opt/ros/humble/share/controller_manager/cmake)
[0.429s] -- Found rosidl_generator_c: 3.1.5 (/opt/ros/humble/share/rosidl_generator_c/cmake)
[0.436s] -- Found rosidl_adapter: 3.1.5 (/opt/ros/humble/share/rosidl_adapter/cmake)
[0.450s] -- Found rosidl_generator_cpp: 3.1.5 (/opt/ros/humble/share/rosidl_generator_cpp/cmake)
[0.474s] -- Using all available rosidl_typesupport_c: rosidl_typesupport_fastrtps_c;rosidl_typesupport_introspection_c
[0.505s] -- Using all available rosidl_typesupport_cpp: rosidl_typesupport_fastrtps_cpp;rosidl_typesupport_introspection_cpp
[0.936s] -- Found rmw_implementation_cmake: 6.1.2 (/opt/ros/humble/share/rmw_implementation_cmake/cmake)
[0.939s] -- Found rmw_fastrtps_cpp: 6.2.7 (/opt/ros/humble/share/rmw_fastrtps_cpp/cmake)
[0.987s] -- Found TinyXML2 via Config file: TinyXML2_DIR-NOTFOUND
[1.004s] -- Found TinyXML2 via Config file: TinyXML2_DIR-NOTFOUND
[1.040s] -- Found TinyXML2 via Config file: TinyXML2_DIR-NOTFOUND
[1.057s] -- Found TinyXML2 via Config file: TinyXML2_DIR-NOTFOUND
[1.078s] -- Using RMW implementation 'rmw_fastrtps_cpp' as default
[1.278s] -- Found yaml_cpp_vendor: 8.0.2 (/opt/ros/humble/share/yaml_cpp_vendor/cmake)
[1.279s] -- Found franka_hardware: 0.1.15 (/home/zac/franka_ws/install/franka_hardware/share/franka_hardware/cmake)
[1.290s] -- Found urdf: 2.6.0 (/opt/ros/humble/share/urdf/cmake)
[1.305s] -- Found kdl_parser: 2.6.4 (/opt/ros/humble/share/kdl_parser/cmake)
[1.309s] -- Found eigen3_cmake_module: 0.1.1 (/opt/ros/humble/share/eigen3_cmake_module/cmake)
[1.312s] -- Ensuring Eigen3 include directory is part of orocos-kdl CMake target
[1.319s] -- Found tf2_geometry_msgs: 0.25.7 (/opt/ros/humble/share/tf2_geometry_msgs/cmake)
[1.483s] -- Found tf2_eigen: 0.25.7 (/opt/ros/humble/share/tf2_eigen/cmake)
[1.489s] -- Looking for ignition-gazebo6 -- found version 6.16.0
[1.500s] -- Searching for dependencies of ignition-gazebo6
[1.501s] -- Looking for sdformat12 -- found version 12.7.2
[1.502s] -- Searching for dependencies of sdformat12
[1.517s] -- Looking for ignition-math6 -- found version 6.15.1
[1.518s] -- Searching for dependencies of ignition-math6
[1.521s] -- Looking for ignition-utils1 -- found version 1.5.1
[1.523s] -- Searching for dependencies of ignition-utils1
[1.527s] -- Looking for ignition-plugin1 -- found version 1.4.0
[1.528s] -- Searching for dependencies of ignition-plugin1
[1.529s] -- Searching for <ignition-plugin1> component [loader]
[1.531s] -- Looking for ignition-plugin1-loader -- found version 1.4.0
[1.532s] -- Searching for dependencies of ignition-plugin1-loader
[1.533s] -- Searching for <ignition-plugin1> component [register]
[1.535s] -- Looking for ignition-plugin1-register -- found version 1.4.0
[1.536s] -- Searching for dependencies of ignition-plugin1-register
[1.538s] -- Looking for ignition-transport11 -- found version 11.4.1
[1.540s] -- Searching for dependencies of ignition-transport11
[1.624s] -- Config-file not installed for ZeroMQ -- checking for pkg-config
[1.634s] -- Checking for module 'libzmq >= 4'
[1.658s] --   Found libzmq , version 4.3.4
[1.730s] -- Checking for module 'uuid'
[1.754s] --   Found uuid, version 2.37.2
[1.819s] -- Looking for ignition-utils1 -- found version 1.5.1
[1.820s] -- Searching for dependencies of ignition-utils1
[1.821s] -- Searching for <ignition-utils1> component [cli]
[1.822s] -- Looking for ignition-utils1-cli -- found version 1.5.1
[1.823s] -- Searching for dependencies of ignition-utils1-cli
[1.825s] -- Looking for ignition-msgs8 -- found version 8.7.0
[1.826s] -- Searching for dependencies of ignition-msgs8
[1.864s] -- Found Protobuf: /usr/lib/x86_64-linux-gnu/libprotobuf.so (found suitable version "3.12.4", minimum required is "3") 
[1.865s] -- Looking for ignition-math6 -- found version 6.15.1
[1.878s] -- Searching for <ignition-transport11> component [log]
[1.878s] -- Looking for ignition-transport11-log -- found version 11.4.1
[1.878s] -- Searching for dependencies of ignition-transport11-log
[1.879s] -- Searching for <ignition-transport11> component [parameters]
[1.879s] -- Looking for ignition-transport11-parameters -- found version 11.4.1
[1.880s] -- Searching for dependencies of ignition-transport11-parameters
[1.881s] -- Looking for ignition-msgs8 -- found version 8.7.0
[1.882s] -- Looking for ignition-common4 -- found version 4.7.0
[1.883s] -- Searching for dependencies of ignition-common4
[1.883s] -- Looking for dlfcn.h - found
[1.883s] -- Looking for libdl - found
[1.898s] -- Searching for <ignition-common4> component [profiler]
[1.899s] -- Looking for ignition-common4-profiler -- found version 4.7.0
[1.900s] -- Searching for dependencies of ignition-common4-profiler
[1.901s] -- Searching for <ignition-common4> component [events]
[1.902s] -- Looking for ignition-common4-events -- found version 4.7.0
[1.903s] -- Searching for dependencies of ignition-common4-events
[1.904s] -- Looking for ignition-math6 -- found version 6.15.1
[1.905s] -- Searching for <ignition-common4> component [av]
[1.907s] -- Looking for ignition-common4-av -- found version 4.7.0
[1.907s] -- Searching for dependencies of ignition-common4-av
[1.916s] -- Checking for module 'libswscale'
[1.941s] --   Found libswscale, version 5.9.100
[2.017s] -- Checking for module 'libavdevice >= 56.4.100'
[2.043s] --   Found libavdevice , version 58.13.100
[2.130s] -- Checking for module 'libavformat'
[2.159s] --   Found libavformat, version 58.76.100
[2.239s] -- Checking for module 'libavcodec'
[2.266s] --   Found libavcodec, version 58.134.100
[2.350s] -- Checking for module 'libavutil'
[2.376s] --   Found libavutil, version 56.70.100
[2.448s] -- Looking for ignition-fuel_tools7 -- found version 7.3.0
[2.449s] -- Searching for dependencies of ignition-fuel_tools7
[2.534s] -- Checking for module 'jsoncpp'
[2.561s] --   Found jsoncpp, version 1.9.5
[2.637s] -- Checking for module 'libzip'
[2.663s] --   Found libzip, version 1.7.3
[2.726s] -- Looking for ignition-common4 -- found version 4.7.0
[2.727s] -- Looking for ignition-math6 -- found version 6.15.1
[2.728s] -- Looking for ignition-msgs8 -- found version 8.7.0
[2.731s] -- Looking for ignition-gui6 -- found version 6.8.0
[2.732s] -- Searching for dependencies of ignition-gui6
[2.789s] -- Looking for ignition-math6 -- found version 6.15.1
[2.790s] -- Looking for ignition-common4 -- found version 4.7.0
[2.791s] -- Looking for ignition-plugin1 -- found version 1.4.0
[2.792s] -- Looking for ignition-transport11 -- found version 11.4.1
[2.793s] -- Looking for ignition-rendering6 -- found version 6.6.3
[2.794s] -- Searching for dependencies of ignition-rendering6
[2.795s] -- Looking for ignition-math6 -- found version 6.15.1
[2.796s] -- Searching for dependencies of ignition-math6
[2.796s] -- Searching for <ignition-math6> component [eigen3]
[2.797s] -- Looking for ignition-math6-eigen3 -- found version 6.15.1
[2.798s] -- Searching for dependencies of ignition-math6-eigen3
[2.801s] -- Looking for ignition-common4 -- found version 4.7.0
[2.802s] -- Searching for dependencies of ignition-common4
[2.803s] -- Looking for dlfcn.h - found
[2.803s] -- Looking for libdl - found
[2.821s] -- Searching for <ignition-common4> component [graphics]
[2.822s] -- Looking for ignition-common4-graphics -- found version 4.7.0
[2.823s] -- Searching for dependencies of ignition-common4-graphics
[2.824s] -- Looking for ignition-math6 -- found version 6.15.1
[2.825s] -- Looking for ignition-utils1 -- found version 1.5.1
[2.826s] -- Searching for <ignition-common4> component [events]
[2.828s] -- Looking for ignition-plugin1 -- found version 1.4.0
[2.829s] -- Searching for dependencies of ignition-plugin1
[2.829s] -- Searching for <ignition-plugin1> component [all]
[2.830s] -- Looking for all libraries of ignition-plugin1 -- found version 1.4.0
[2.831s] -- Looking for ignition-plugin1 -- found version 1.4.0
[2.836s] -- Looking for ignition-msgs8 -- found version 8.7.0
[2.868s] -- Looking for ignition-physics5 -- found version 5.3.2
[2.869s] -- Searching for dependencies of ignition-physics5
[2.870s] -- Looking for ignition-math6 -- found version 6.15.1
[2.871s] -- Looking for ignition-plugin1 -- found version 1.4.0
[2.872s] -- Looking for ignition-utils1 -- found version 1.5.1
[2.875s] -- Searching for <ignition-physics5> component [heightmap]
[2.875s] -- Looking for ignition-physics5-heightmap -- found version 5.3.2
[2.876s] -- Searching for dependencies of ignition-physics5-heightmap
[2.877s] -- Looking for ignition-common4 -- found version 4.7.0
[2.878s] -- Searching for <ignition-physics5> component [mesh]
[2.879s] -- Looking for ignition-physics5-mesh -- found version 5.3.2
[2.880s] -- Searching for dependencies of ignition-physics5-mesh
[2.880s] -- Looking for ignition-common4 -- found version 4.7.0
[2.881s] -- Searching for <ignition-physics5> component [sdf]
[2.882s] -- Looking for ignition-physics5-sdf -- found version 5.3.2
[2.883s] -- Searching for dependencies of ignition-physics5-sdf
[2.884s] -- Looking for sdformat12 -- found version 12.7.2
[2.886s] -- Looking for ignition-sensors6 -- found version 6.8.0
[2.887s] -- Searching for dependencies of ignition-sensors6
[2.928s] -- Found Protobuf: /usr/lib/x86_64-linux-gnu/libprotobuf.so (found version "3.12.4") 
[2.930s] -- Looking for ignition-math6 -- found version 6.15.1
[2.931s] -- Looking for ignition-common4 -- found version 4.7.0
[2.932s] -- Looking for ignition-transport11 -- found version 11.4.1
[2.933s] -- Looking for ignition-rendering6 -- found version 6.6.3
[2.934s] -- Looking for ignition-msgs8 -- found version 8.7.0
[2.935s] -- Looking for sdformat12 -- found version 12.7.2
[2.936s] -- Searching for <ignition-sensors6> component [air_pressure]
[2.937s] -- Looking for ignition-sensors6-air_pressure -- found version 6.8.0
[2.938s] -- Searching for dependencies of ignition-sensors6-air_pressure
[2.939s] -- Searching for <ignition-sensors6> component [altimeter]
[2.940s] -- Looking for ignition-sensors6-altimeter -- found version 6.8.0
[2.941s] -- Searching for dependencies of ignition-sensors6-altimeter
[2.942s] -- Searching for <ignition-sensors6> component [imu]
[2.943s] -- Looking for ignition-sensors6-imu -- found version 6.8.0
[2.944s] -- Searching for dependencies of ignition-sensors6-imu
[2.945s] -- Searching for <ignition-sensors6> component [force_torque]
[2.946s] -- Looking for ignition-sensors6-force_torque -- found version 6.8.0
[2.947s] -- Searching for dependencies of ignition-sensors6-force_torque
[2.948s] -- Searching for <ignition-sensors6> component [logical_camera]
[2.948s] -- Looking for ignition-sensors6-logical_camera -- found version 6.8.0
[2.950s] -- Searching for dependencies of ignition-sensors6-logical_camera
[2.951s] -- Searching for <ignition-sensors6> component [magnetometer]
[2.951s] -- Looking for ignition-sensors6-magnetometer -- found version 6.8.0
[2.953s] -- Searching for dependencies of ignition-sensors6-magnetometer
[2.954s] -- Searching for <ignition-sensors6> component [navsat]
[2.954s] -- Looking for ignition-sensors6-navsat -- found version 6.8.0
[2.955s] -- Searching for dependencies of ignition-sensors6-navsat
[2.956s] -- Searching for <ignition-sensors6> component [rendering]
[2.957s] -- Looking for ignition-sensors6-rendering -- found version 6.8.0
[2.958s] -- Searching for dependencies of ignition-sensors6-rendering
[2.959s] -- Searching for <ignition-sensors6> component [lidar]
[2.960s] -- Looking for ignition-sensors6-lidar -- found version 6.8.0
[2.961s] -- Searching for dependencies of ignition-sensors6-lidar
[2.962s] -- Looking for ignition-sensors6 -- found version 6.8.0
[2.963s] -- Searching for <ignition-sensors6> component [gpu_lidar]
[2.964s] -- Looking for ignition-sensors6-gpu_lidar -- found version 6.8.0
[2.965s] -- Searching for dependencies of ignition-sensors6-gpu_lidar
[2.966s] -- Looking for ignition-sensors6 -- found version 6.8.0
[2.967s] -- Searching for <ignition-sensors6> component [camera]
[2.968s] -- Looking for ignition-sensors6-camera -- found version 6.8.0
[2.969s] -- Searching for dependencies of ignition-sensors6-camera
[2.970s] -- Looking for ignition-sensors6 -- found version 6.8.0
[2.971s] -- Searching for <ignition-sensors6> component [boundingbox_camera]
[2.972s] -- Looking for ignition-sensors6-boundingbox_camera -- found version 6.8.0
[2.973s] -- Searching for dependencies of ignition-sensors6-boundingbox_camera
[2.974s] -- Searching for <ignition-sensors6> component [segmentation_camera]
[2.975s] -- Looking for ignition-sensors6-segmentation_camera -- found version 6.8.0
[2.976s] -- Searching for dependencies of ignition-sensors6-segmentation_camera
[2.977s] -- Searching for <ignition-sensors6> component [depth_camera]
[2.980s] -- Looking for ignition-sensors6-depth_camera -- found version 6.8.0
[2.981s] -- Searching for dependencies of ignition-sensors6-depth_camera
[2.982s] -- Looking for ignition-sensors6 -- found version 6.8.0
[2.983s] -- Searching for <ignition-sensors6> component [rgbd_camera]
[2.984s] -- Looking for ignition-sensors6-rgbd_camera -- found version 6.8.0
[2.985s] -- Searching for dependencies of ignition-sensors6-rgbd_camera
[2.986s] -- Looking for ignition-sensors6 -- found version 6.8.0
[2.987s] -- Searching for <ignition-sensors6> component [thermal_camera]
[2.988s] -- Looking for ignition-sensors6-thermal_camera -- found version 6.8.0
[2.989s] -- Searching for dependencies of ignition-sensors6-thermal_camera
[2.990s] -- Looking for ignition-sensors6 -- found version 6.8.0
[2.992s] -- Looking for ignition-rendering6 -- found version 6.6.3
[2.993s] -- Looking for ignition-math6 -- found version 6.15.1
[2.994s] -- Looking for ignition-utils1 -- found version 1.5.1
[3.039s] -- Compiling against Ignition Fortress
[3.040s] -- Looking for ignition-plugin1 -- found version 1.4.0
[3.126s] -- Found ament_lint_auto: 0.12.11 (/opt/ros/humble/share/ament_lint_auto/cmake)
[3.256s] -- Added test 'copyright' to check source files copyright and LICENSE
[3.260s] -- Added test 'cppcheck' to perform static code analysis on C / C++ code
[3.261s] -- Configured cppcheck include dirs: /home/zac/franka_ws/src/franka_ros2/franka_gazebo/franka_ign_ros2_control/include
[3.261s] -- Configured cppcheck exclude dirs and/or files: 
[3.265s] -- Added test 'cpplint' to check C / C++ code against the Google style
[3.265s] -- Configured cpplint exclude dirs and/or files: 
[3.267s] -- Added test 'lint_cmake' to check CMake code style
[3.271s] -- Added test 'uncrustify' to check C / C++ code style
[3.271s] -- Configured uncrustify additional arguments: 
[3.271s] -- Added test 'xmllint' to check XML markup files
[3.276s] -- Configuring done
[3.441s] -- Generating done
[3.448s] -- Build files have been written to: /home/zac/franka_ws/build/franka_ign_ros2_control
[3.507s] [35m[1mConsolidate compiler generated dependencies of target franka_ign_ros2_control-system[0m
[3.585s] [ 16%] [32mBuilding CXX object CMakeFiles/franka_ign_ros2_control-system.dir/src/ign_ros2_control_plugin.cpp.o[0m
[32.073s] [ 33%] [32mBuilding CXX object CMakeFiles/franka_ign_ros2_control-system.dir/src/model_kdl.cpp.o[0m
[39.814s] [ 50%] [32m[1mLinking CXX shared library libfranka_ign_ros2_control-system.so[0m
[40.563s] [ 50%] Built target franka_ign_ros2_control-system
[40.589s] [35m[1mConsolidate compiler generated dependencies of target ign_hardware_plugins[0m
[40.677s] [ 66%] [32mBuilding CXX object CMakeFiles/ign_hardware_plugins.dir/src/ign_system.cpp.o[0m
[40.677s] [ 83%] [32mBuilding CXX object CMakeFiles/ign_hardware_plugins.dir/src/model_kdl.cpp.o[0m
[74.372s] [100%] [32m[1mLinking CXX shared library libign_hardware_plugins.so[0m
[74.982s] [100%] Built target ign_hardware_plugins
[75.001s] Invoked command in '/home/zac/franka_ws/build/franka_ign_ros2_control' returned '0': AMENT_PREFIX_PATH=/home/zac/franka_ws/install/franka_hardware:/home/zac/franka_ws/install/franka_msgs:${AMENT_PREFIX_PATH} CMAKE_PREFIX_PATH=/home/zac/franka_ws/install/franka_hardware:/home/zac/franka_ws/install/franka_msgs:/opt/ros/humble LD_LIBRARY_PATH=/home/zac/franka_ws/install/franka_hardware/lib:/home/zac/franka_ws/install/franka_msgs/lib:${LD_LIBRARY_PATH} PYTHONPATH=/home/zac/franka_ws/install/franka_msgs/local/lib/python3.10/dist-packages:${PYTHONPATH} /usr/bin/cmake --build /home/zac/franka_ws/build/franka_ign_ros2_control -- -j8 -l8
[75.049s] Invoking command in '/home/zac/franka_ws/build/franka_ign_ros2_control': AMENT_PREFIX_PATH=/home/zac/franka_ws/install/franka_hardware:/home/zac/franka_ws/install/franka_msgs:${AMENT_PREFIX_PATH} CMAKE_PREFIX_PATH=/home/zac/franka_ws/install/franka_hardware:/home/zac/franka_ws/install/franka_msgs:/opt/ros/humble LD_LIBRARY_PATH=/home/zac/franka_ws/install/franka_hardware/lib:/home/zac/franka_ws/install/franka_msgs/lib:${LD_LIBRARY_PATH} PYTHONPATH=/home/zac/franka_ws/install/franka_msgs/local/lib/python3.10/dist-packages:${PYTHONPATH} /usr/bin/cmake --install /home/zac/franka_ws/build/franka_ign_ros2_control
[75.058s] -- Install configuration: "Release"
[75.059s] -- Execute custom install script
[75.059s] -- Up-to-date symlink: /home/zac/franka_ws/install/franka_ign_ros2_control/lib/libign_hardware_plugins.so
[75.060s] -- Up-to-date symlink: /home/zac/franka_ws/install/franka_ign_ros2_control/include/ign_ros2_control/ign_ros2_control_plugin.hpp
[75.060s] -- Up-to-date symlink: /home/zac/franka_ws/install/franka_ign_ros2_control/include/ign_ros2_control/ign_system.hpp
[75.061s] -- Up-to-date symlink: /home/zac/franka_ws/install/franka_ign_ros2_control/include/ign_ros2_control/ign_system_interface.hpp
[75.061s] -- Up-to-date symlink: /home/zac/franka_ws/install/franka_ign_ros2_control/include/ign_ros2_control/model_kdl.h
[75.061s] -- Up-to-date symlink: /home/zac/franka_ws/install/franka_ign_ros2_control/share/franka_ign_ros2_control/environment/library_path.sh
[75.062s] -- Up-to-date symlink: /home/zac/franka_ws/install/franka_ign_ros2_control/share/franka_ign_ros2_control/environment/library_path.dsv
[75.062s] -- Up-to-date symlink: /home/zac/franka_ws/install/franka_ign_ros2_control/lib/libfranka_ign_ros2_control-system.so
[75.063s] -- Up-to-date symlink: /home/zac/franka_ws/install/franka_ign_ros2_control/share/franka_ign_ros2_control//ign_hardware_plugins.xml
[75.063s] -- Up-to-date symlink: /home/zac/franka_ws/install/franka_ign_ros2_control/share/ament_index/resource_index/package_run_dependencies/franka_ign_ros2_control
[75.063s] -- Up-to-date symlink: /home/zac/franka_ws/install/franka_ign_ros2_control/share/ament_index/resource_index/parent_prefix_path/franka_ign_ros2_control
[75.064s] -- Up-to-date symlink: /home/zac/franka_ws/install/franka_ign_ros2_control/share/franka_ign_ros2_control/environment/ament_prefix_path.sh
[75.064s] -- Up-to-date symlink: /home/zac/franka_ws/install/franka_ign_ros2_control/share/franka_ign_ros2_control/environment/ament_prefix_path.dsv
[75.065s] -- Up-to-date symlink: /home/zac/franka_ws/install/franka_ign_ros2_control/share/franka_ign_ros2_control/environment/path.sh
[75.065s] -- Up-to-date symlink: /home/zac/franka_ws/install/franka_ign_ros2_control/share/franka_ign_ros2_control/environment/path.dsv
[75.065s] -- Up-to-date symlink: /home/zac/franka_ws/install/franka_ign_ros2_control/share/franka_ign_ros2_control/local_setup.bash
[75.066s] -- Up-to-date symlink: /home/zac/franka_ws/install/franka_ign_ros2_control/share/franka_ign_ros2_control/local_setup.sh
[75.066s] -- Up-to-date symlink: /home/zac/franka_ws/install/franka_ign_ros2_control/share/franka_ign_ros2_control/local_setup.zsh
[75.066s] -- Up-to-date symlink: /home/zac/franka_ws/install/franka_ign_ros2_control/share/franka_ign_ros2_control/local_setup.dsv
[75.067s] -- Symlinking: /home/zac/franka_ws/install/franka_ign_ros2_control/share/franka_ign_ros2_control/package.dsv
[75.081s] -- Up-to-date symlink: /home/zac/franka_ws/install/franka_ign_ros2_control/share/ament_index/resource_index/packages/franka_ign_ros2_control
[75.082s] -- Up-to-date symlink: /home/zac/franka_ws/install/franka_ign_ros2_control/share/ament_index/resource_index/franka_ign_ros2_control__pluginlib__plugin/franka_ign_ros2_control
[75.082s] -- Up-to-date symlink: /home/zac/franka_ws/install/franka_ign_ros2_control/share/franka_ign_ros2_control/cmake/ament_cmake_export_include_directories-extras.cmake
[75.083s] -- Up-to-date symlink: /home/zac/franka_ws/install/franka_ign_ros2_control/share/franka_ign_ros2_control/cmake/ament_cmake_export_libraries-extras.cmake
[75.083s] -- Up-to-date symlink: /home/zac/franka_ws/install/franka_ign_ros2_control/share/franka_ign_ros2_control/cmake/franka_ign_ros2_controlConfig.cmake
[75.083s] -- Up-to-date symlink: /home/zac/franka_ws/install/franka_ign_ros2_control/share/franka_ign_ros2_control/cmake/franka_ign_ros2_controlConfig-version.cmake
[75.084s] -- Up-to-date symlink: /home/zac/franka_ws/install/franka_ign_ros2_control/share/franka_ign_ros2_control/package.xml
[75.088s] Invoked command in '/home/zac/franka_ws/build/franka_ign_ros2_control' returned '0': AMENT_PREFIX_PATH=/home/zac/franka_ws/install/franka_hardware:/home/zac/franka_ws/install/franka_msgs:${AMENT_PREFIX_PATH} CMAKE_PREFIX_PATH=/home/zac/franka_ws/install/franka_hardware:/home/zac/franka_ws/install/franka_msgs:/opt/ros/humble LD_LIBRARY_PATH=/home/zac/franka_ws/install/franka_hardware/lib:/home/zac/franka_ws/install/franka_msgs/lib:${LD_LIBRARY_PATH} PYTHONPATH=/home/zac/franka_ws/install/franka_msgs/local/lib/python3.10/dist-packages:${PYTHONPATH} /usr/bin/cmake --install /home/zac/franka_ws/build/franka_ign_ros2_control
