[0.022s] Invoking command in '/home/zac/franka_ws/build/franka_fr3_moveit_config': AMENT_PREFIX_PATH=/home/zac/franka_ws/install/franka_hardware:/home/zac/franka_ws/install/franka_gripper:/home/zac/franka_ws/install/franka_msgs:/home/zac/franka_ws/install/franka_description:${AMENT_PREFIX_PATH} CMAKE_PREFIX_PATH=/home/zac/franka_ws/install/franka_hardware:/home/zac/franka_ws/install/franka_gripper:/home/zac/franka_ws/install/franka_msgs:/home/zac/franka_ws/install/franka_description:/opt/ros/humble LD_LIBRARY_PATH=/home/zac/franka_ws/install/franka_hardware/lib:/home/zac/franka_ws/install/franka_gripper/lib:/home/zac/franka_ws/install/franka_msgs/lib:${LD_LIBRARY_PATH} PYTHONPATH=/home/zac/franka_ws/install/franka_gripper/local/lib/python3.10/dist-packages:/home/zac/franka_ws/install/franka_msgs/local/lib/python3.10/dist-packages:${PYTHONPATH} /usr/bin/cmake /home/zac/franka_ws/src/franka_ros2/franka_fr3_moveit_config -DCMAKE_INSTALL_PREFIX=/home/zac/franka_ws/install/franka_fr3_moveit_config
[0.038s] -- Found ament_cmake: 1.3.10 (/opt/ros/humble/share/ament_cmake/cmake)
[0.242s] -- Found ament_lint_auto: 0.12.11 (/opt/ros/humble/share/ament_lint_auto/cmake)
[0.874s] -- Added test 'copyright' to check source files copyright and LICENSE
[0.880s] -- Added test 'flake8' to check Python code syntax and style conventions
[0.882s] -- Added test 'lint_cmake' to check CMake code style
[0.882s] -- Added test 'pep257' to check Python code against some of the docstring style conventions in PEP 257
[0.885s] -- Added test 'xmllint' to check XML markup files
[0.886s] -- Configuring done
[0.893s] -- Generating done
[0.895s] -- Build files have been written to: /home/zac/franka_ws/build/franka_fr3_moveit_config
[0.899s] Invoked command in '/home/zac/franka_ws/build/franka_fr3_moveit_config' returned '0': AMENT_PREFIX_PATH=/home/zac/franka_ws/install/franka_hardware:/home/zac/franka_ws/install/franka_gripper:/home/zac/franka_ws/install/franka_msgs:/home/zac/franka_ws/install/franka_description:${AMENT_PREFIX_PATH} CMAKE_PREFIX_PATH=/home/zac/franka_ws/install/franka_hardware:/home/zac/franka_ws/install/franka_gripper:/home/zac/franka_ws/install/franka_msgs:/home/zac/franka_ws/install/franka_description:/opt/ros/humble LD_LIBRARY_PATH=/home/zac/franka_ws/install/franka_hardware/lib:/home/zac/franka_ws/install/franka_gripper/lib:/home/zac/franka_ws/install/franka_msgs/lib:${LD_LIBRARY_PATH} PYTHONPATH=/home/zac/franka_ws/install/franka_gripper/local/lib/python3.10/dist-packages:/home/zac/franka_ws/install/franka_msgs/local/lib/python3.10/dist-packages:${PYTHONPATH} /usr/bin/cmake /home/zac/franka_ws/src/franka_ros2/franka_fr3_moveit_config -DCMAKE_INSTALL_PREFIX=/home/zac/franka_ws/install/franka_fr3_moveit_config
[0.901s] Invoking command in '/home/zac/franka_ws/build/franka_fr3_moveit_config': AMENT_PREFIX_PATH=/home/zac/franka_ws/install/franka_hardware:/home/zac/franka_ws/install/franka_gripper:/home/zac/franka_ws/install/franka_msgs:/home/zac/franka_ws/install/franka_description:${AMENT_PREFIX_PATH} CMAKE_PREFIX_PATH=/home/zac/franka_ws/install/franka_hardware:/home/zac/franka_ws/install/franka_gripper:/home/zac/franka_ws/install/franka_msgs:/home/zac/franka_ws/install/franka_description:/opt/ros/humble LD_LIBRARY_PATH=/home/zac/franka_ws/install/franka_hardware/lib:/home/zac/franka_ws/install/franka_gripper/lib:/home/zac/franka_ws/install/franka_msgs/lib:${LD_LIBRARY_PATH} PYTHONPATH=/home/zac/franka_ws/install/franka_gripper/local/lib/python3.10/dist-packages:/home/zac/franka_ws/install/franka_msgs/local/lib/python3.10/dist-packages:${PYTHONPATH} /usr/bin/cmake --build /home/zac/franka_ws/build/franka_fr3_moveit_config -- -j8 -l8
[0.960s] Invoked command in '/home/zac/franka_ws/build/franka_fr3_moveit_config' returned '0': AMENT_PREFIX_PATH=/home/zac/franka_ws/install/franka_hardware:/home/zac/franka_ws/install/franka_gripper:/home/zac/franka_ws/install/franka_msgs:/home/zac/franka_ws/install/franka_description:${AMENT_PREFIX_PATH} CMAKE_PREFIX_PATH=/home/zac/franka_ws/install/franka_hardware:/home/zac/franka_ws/install/franka_gripper:/home/zac/franka_ws/install/franka_msgs:/home/zac/franka_ws/install/franka_description:/opt/ros/humble LD_LIBRARY_PATH=/home/zac/franka_ws/install/franka_hardware/lib:/home/zac/franka_ws/install/franka_gripper/lib:/home/zac/franka_ws/install/franka_msgs/lib:${LD_LIBRARY_PATH} PYTHONPATH=/home/zac/franka_ws/install/franka_gripper/local/lib/python3.10/dist-packages:/home/zac/franka_ws/install/franka_msgs/local/lib/python3.10/dist-packages:${PYTHONPATH} /usr/bin/cmake --build /home/zac/franka_ws/build/franka_fr3_moveit_config -- -j8 -l8
[0.993s] Invoking command in '/home/zac/franka_ws/build/franka_fr3_moveit_config': AMENT_PREFIX_PATH=/home/zac/franka_ws/install/franka_hardware:/home/zac/franka_ws/install/franka_gripper:/home/zac/franka_ws/install/franka_msgs:/home/zac/franka_ws/install/franka_description:${AMENT_PREFIX_PATH} CMAKE_PREFIX_PATH=/home/zac/franka_ws/install/franka_hardware:/home/zac/franka_ws/install/franka_gripper:/home/zac/franka_ws/install/franka_msgs:/home/zac/franka_ws/install/franka_description:/opt/ros/humble LD_LIBRARY_PATH=/home/zac/franka_ws/install/franka_hardware/lib:/home/zac/franka_ws/install/franka_gripper/lib:/home/zac/franka_ws/install/franka_msgs/lib:${LD_LIBRARY_PATH} PYTHONPATH=/home/zac/franka_ws/install/franka_gripper/local/lib/python3.10/dist-packages:/home/zac/franka_ws/install/franka_msgs/local/lib/python3.10/dist-packages:${PYTHONPATH} /usr/bin/cmake --install /home/zac/franka_ws/build/franka_fr3_moveit_config
[1.004s] -- Install configuration: "Release"
[1.004s] -- Up-to-date: /home/zac/franka_ws/install/franka_fr3_moveit_config/share/franka_fr3_moveit_config/config
[1.005s] -- Up-to-date: /home/zac/franka_ws/install/franka_fr3_moveit_config/share/franka_fr3_moveit_config/config/ompl_planning.yaml
[1.005s] -- Up-to-date: /home/zac/franka_ws/install/franka_fr3_moveit_config/share/franka_fr3_moveit_config/config/fr3_controllers.yaml
[1.005s] -- Up-to-date: /home/zac/franka_ws/install/franka_fr3_moveit_config/share/franka_fr3_moveit_config/config/kinematics.yaml
[1.005s] -- Up-to-date: /home/zac/franka_ws/install/franka_fr3_moveit_config/share/franka_fr3_moveit_config/config/fr3_ros_controllers.yaml
[1.005s] -- Up-to-date: /home/zac/franka_ws/install/franka_fr3_moveit_config/share/franka_fr3_moveit_config/launch
[1.006s] -- Up-to-date: /home/zac/franka_ws/install/franka_fr3_moveit_config/share/franka_fr3_moveit_config/launch/moveit.launch.py
[1.006s] -- Up-to-date: /home/zac/franka_ws/install/franka_fr3_moveit_config/share/franka_fr3_moveit_config/launch/move_group.launch.py
[1.006s] -- Up-to-date: /home/zac/franka_ws/install/franka_fr3_moveit_config/share/franka_fr3_moveit_config/srdf
[1.006s] -- Up-to-date: /home/zac/franka_ws/install/franka_fr3_moveit_config/share/franka_fr3_moveit_config/srdf/fr3_arm_hand.xacro
[1.006s] -- Up-to-date: /home/zac/franka_ws/install/franka_fr3_moveit_config/share/franka_fr3_moveit_config/srdf/fr3_arm.srdf.xacro
[1.007s] -- Up-to-date: /home/zac/franka_ws/install/franka_fr3_moveit_config/share/franka_fr3_moveit_config/srdf/group_definition.xacro
[1.007s] -- Up-to-date: /home/zac/franka_ws/install/franka_fr3_moveit_config/share/franka_fr3_moveit_config/srdf/hand.xacro
[1.007s] -- Up-to-date: /home/zac/franka_ws/install/franka_fr3_moveit_config/share/franka_fr3_moveit_config/srdf/fr3_arm.xacro
[1.007s] -- Up-to-date: /home/zac/franka_ws/install/franka_fr3_moveit_config/share/franka_fr3_moveit_config/rviz
[1.007s] -- Up-to-date: /home/zac/franka_ws/install/franka_fr3_moveit_config/share/franka_fr3_moveit_config/rviz/moveit.rviz
[1.007s] -- Up-to-date: /home/zac/franka_ws/install/franka_fr3_moveit_config/share/ament_index/resource_index/package_run_dependencies/franka_fr3_moveit_config
[1.008s] -- Up-to-date: /home/zac/franka_ws/install/franka_fr3_moveit_config/share/ament_index/resource_index/parent_prefix_path/franka_fr3_moveit_config
[1.008s] -- Up-to-date: /home/zac/franka_ws/install/franka_fr3_moveit_config/share/franka_fr3_moveit_config/environment/ament_prefix_path.sh
[1.008s] -- Installing: /home/zac/franka_ws/install/franka_fr3_moveit_config/share/franka_fr3_moveit_config/environment/ament_prefix_path.dsv
[1.008s] -- Up-to-date: /home/zac/franka_ws/install/franka_fr3_moveit_config/share/franka_fr3_moveit_config/environment/path.sh
[1.008s] -- Installing: /home/zac/franka_ws/install/franka_fr3_moveit_config/share/franka_fr3_moveit_config/environment/path.dsv
[1.008s] -- Up-to-date: /home/zac/franka_ws/install/franka_fr3_moveit_config/share/franka_fr3_moveit_config/local_setup.bash
[1.009s] -- Up-to-date: /home/zac/franka_ws/install/franka_fr3_moveit_config/share/franka_fr3_moveit_config/local_setup.sh
[1.009s] -- Up-to-date: /home/zac/franka_ws/install/franka_fr3_moveit_config/share/franka_fr3_moveit_config/local_setup.zsh
[1.009s] -- Installing: /home/zac/franka_ws/install/franka_fr3_moveit_config/share/franka_fr3_moveit_config/local_setup.dsv
[1.009s] -- Installing: /home/zac/franka_ws/install/franka_fr3_moveit_config/share/franka_fr3_moveit_config/package.dsv
[1.009s] -- Up-to-date: /home/zac/franka_ws/install/franka_fr3_moveit_config/share/ament_index/resource_index/packages/franka_fr3_moveit_config
[1.009s] -- Up-to-date: /home/zac/franka_ws/install/franka_fr3_moveit_config/share/franka_fr3_moveit_config/cmake/franka_fr3_moveit_configConfig.cmake
[1.010s] -- Up-to-date: /home/zac/franka_ws/install/franka_fr3_moveit_config/share/franka_fr3_moveit_config/cmake/franka_fr3_moveit_configConfig-version.cmake
[1.010s] -- Up-to-date: /home/zac/franka_ws/install/franka_fr3_moveit_config/share/franka_fr3_moveit_config/package.xml
[1.012s] Invoked command in '/home/zac/franka_ws/build/franka_fr3_moveit_config' returned '0': AMENT_PREFIX_PATH=/home/zac/franka_ws/install/franka_hardware:/home/zac/franka_ws/install/franka_gripper:/home/zac/franka_ws/install/franka_msgs:/home/zac/franka_ws/install/franka_description:${AMENT_PREFIX_PATH} CMAKE_PREFIX_PATH=/home/zac/franka_ws/install/franka_hardware:/home/zac/franka_ws/install/franka_gripper:/home/zac/franka_ws/install/franka_msgs:/home/zac/franka_ws/install/franka_description:/opt/ros/humble LD_LIBRARY_PATH=/home/zac/franka_ws/install/franka_hardware/lib:/home/zac/franka_ws/install/franka_gripper/lib:/home/zac/franka_ws/install/franka_msgs/lib:${LD_LIBRARY_PATH} PYTHONPATH=/home/zac/franka_ws/install/franka_gripper/local/lib/python3.10/dist-packages:/home/zac/franka_ws/install/franka_msgs/local/lib/python3.10/dist-packages:${PYTHONPATH} /usr/bin/cmake --install /home/zac/franka_ws/build/franka_fr3_moveit_config
