[0.080s] Invoking command in '/home/zac/franka_ws/build/moveit_servo': AMENT_PREFIX_PATH=/home/zac/franka_ws/install/moveit_ros_planning_interface:/home/zac/franka_ws/install/moveit_ros_move_group:/home/zac/franka_ws/install/moveit_ros_warehouse:/home/zac/franka_ws/install/moveit_planners_ompl:/home/zac/franka_ws/install/moveit_kinematics:/home/zac/franka_ws/install/moveit_ros_planning:/home/zac/franka_ws/install/moveit_simple_controller_manager:/home/zac/franka_ws/install/moveit_ros_occupancy_map_monitor:/home/zac/franka_ws/install/moveit_core:/home/zac/franka_ws/install/moveit_configs_utils:/home/zac/franka_ws/install/moveit_resources_prbt_support:/home/zac/franka_ws/install/moveit_common:/home/zac/franka_ws/install/joint_trajectory_controller:/home/zac/franka_ws/install/integration_launch_testing:/home/zac/franka_ws/install/franka_bringup:/home/zac/franka_ws/install/franka_robot_state_broadcaster:/home/zac/franka_ws/install/franka_example_controllers:/home/zac/franka_ws/install/franka_semantic_components:/home/zac/franka_ws/install/franka_gazebo_bringup:/home/zac/franka_ws/install/franka_ign_ros2_control:/home/zac/franka_ws/install/franka_fr3_moveit_config:/home/zac/franka_ws/install/franka_hardware:/home/zac/franka_ws/install/franka_gripper:/home/zac/franka_ws/install/franka_msgs:/home/zac/franka_ws/install/franka_description:/opt/ros/humble CMAKE_PREFIX_PATH=/home/zac/franka_ws/install/moveit_ros_planning_interface:/home/zac/franka_ws/install/moveit_ros_move_group:/home/zac/franka_ws/install/moveit_ros_warehouse:/home/zac/franka_ws/install/moveit_planners_ompl:/home/zac/franka_ws/install/moveit_kinematics:/home/zac/franka_ws/install/moveit_ros_planning:/home/zac/franka_ws/install/moveit_simple_controller_manager:/home/zac/franka_ws/install/moveit_ros_occupancy_map_monitor:/home/zac/franka_ws/install/moveit_core:/home/zac/franka_ws/install/moveit_common:/home/zac/franka_ws/install/joint_trajectory_controller:/home/zac/franka_ws/install/moveit_resources_prbt_support:/home/zac/franka_ws/install/integration_launch_testing:/home/zac/franka_ws/install/franka_bringup:/home/zac/franka_ws/install/franka_robot_state_broadcaster:/home/zac/franka_ws/install/franka_example_controllers:/home/zac/franka_ws/install/franka_semantic_components:/home/zac/franka_ws/install/franka_gazebo_bringup:/home/zac/franka_ws/install/franka_ign_ros2_control:/home/zac/franka_ws/install/franka_fr3_moveit_config:/home/zac/franka_ws/install/franka_hardware:/home/zac/franka_ws/install/franka_gripper:/home/zac/franka_ws/install/franka_msgs:/home/zac/franka_ws/install/franka_description:/home/zac/franka_ws/install/moveit_configs_utils:/opt/ros/humble LD_LIBRARY_PATH=/home/zac/franka_ws/install/moveit_ros_planning_interface/lib:/home/zac/franka_ws/install/moveit_ros_move_group/lib:/home/zac/franka_ws/install/moveit_ros_warehouse/lib:/home/zac/franka_ws/install/moveit_planners_ompl/lib:/home/zac/franka_ws/install/moveit_kinematics/lib:/home/zac/franka_ws/install/moveit_ros_planning/lib:/home/zac/franka_ws/install/moveit_simple_controller_manager/lib:/home/zac/franka_ws/install/moveit_ros_occupancy_map_monitor/lib:/home/zac/franka_ws/install/moveit_core/lib:${LD_LIBRARY_PATH} PATH=/home/zac/franka_ws/install/moveit_core/bin:${PATH} PYTHONPATH=/home/zac/franka_ws/install/moveit_configs_utils/lib/python3.10/site-packages:/home/zac/franka_ws/build/moveit_configs_utils:/opt/ros/humble/local/lib/python3.10/dist-packages:/home/zac/franka_ws/install/franka_gripper/local/lib/python3.10/dist-packages:/home/zac/franka_ws/install/franka_msgs/local/lib/python3.10/dist-packages:/opt/ros/humble/lib/python3.10/site-packages:/opt/ros/humble/local/lib/python3.10/dist-packages /usr/bin/cmake /home/zac/franka_ws/src/moveit2/moveit_ros/moveit_servo -DCMAKE_INSTALL_PREFIX=/home/zac/franka_ws/install/moveit_servo
[0.184s] -- The C compiler identification is GNU 11.4.0
[0.302s] -- The CXX compiler identification is GNU 11.4.0
[0.314s] -- Detecting C compiler ABI info
[0.457s] -- Detecting C compiler ABI info - done
[0.475s] -- Check for working C compiler: /usr/bin/cc - skipped
[0.475s] -- Detecting C compile features
[0.476s] -- Detecting C compile features - done
[0.482s] -- Detecting CXX compiler ABI info
[0.652s] -- Detecting CXX compiler ABI info - done
[0.676s] -- Check for working CXX compiler: /usr/bin/c++ - skipped
[0.677s] -- Detecting CXX compile features
[0.678s] -- Detecting CXX compile features - done
[0.683s] -- Found moveit_common: 2.5.5 (/home/zac/franka_ws/install/moveit_common/share/moveit_common/cmake)
[0.694s] -- Found ament_cmake: 1.3.10 (/opt/ros/humble/share/ament_cmake/cmake)
[0.995s] -- Found Python3: /usr/bin/python3 (found version "3.10.12") found components: Interpreter 
[1.400s] [0mmoveit_servo: You did not request a specific build type: Choosing 'Release' for maximum performance[0m
[1.409s] -- Found eigen3_cmake_module: 0.1.1 (/opt/ros/humble/share/eigen3_cmake_module/cmake)
[1.429s] -- Found Eigen3: TRUE (found version "3.4.0") 
[1.438s] -- Found control_msgs: 4.6.0 (/opt/ros/humble/share/control_msgs/cmake)
[1.584s] -- Found rosidl_generator_c: 3.1.5 (/opt/ros/humble/share/rosidl_generator_c/cmake)
[1.610s] -- Found rosidl_adapter: 3.1.5 (/opt/ros/humble/share/rosidl_adapter/cmake)
[1.640s] -- Found rosidl_generator_cpp: 3.1.5 (/opt/ros/humble/share/rosidl_generator_cpp/cmake)
[1.678s] -- Using all available rosidl_typesupport_c: rosidl_typesupport_fastrtps_c;rosidl_typesupport_introspection_c
[1.735s] -- Using all available rosidl_typesupport_cpp: rosidl_typesupport_fastrtps_cpp;rosidl_typesupport_introspection_cpp
[2.113s] -- Found control_toolbox: 3.2.0 (/opt/ros/humble/share/control_toolbox/cmake)
[2.310s] -- Found rmw_implementation_cmake: 6.1.2 (/opt/ros/humble/share/rmw_implementation_cmake/cmake)
[2.325s] -- Found rmw_fastrtps_cpp: 6.2.7 (/opt/ros/humble/share/rmw_fastrtps_cpp/cmake)
[2.611s] -- Found OpenSSL: /usr/lib/x86_64-linux-gnu/libcrypto.so (found version "3.0.2")  
[2.692s] -- Found FastRTPS: /opt/ros/humble/include  
[2.811s] -- Using RMW implementation 'rmw_fastrtps_cpp' as default
[2.854s] -- Looking for pthread.h
[3.035s] -- Looking for pthread.h - found
[3.035s] -- Performing Test CMAKE_HAVE_LIBC_PTHREAD
[3.220s] -- Performing Test CMAKE_HAVE_LIBC_PTHREAD - Success
[3.223s] -- Found Threads: TRUE  
[3.470s] -- Found parameter_traits: 0.3.8 (/opt/ros/humble/share/parameter_traits/cmake)
[3.533s] -- Found rclcpp_lifecycle: 16.0.10 (/opt/ros/humble/share/rclcpp_lifecycle/cmake)
[3.718s] -- Found moveit_core: 2.5.5 (/home/zac/franka_ws/install/moveit_core/share/moveit_core/cmake)
[3.924s] -- Found Boost: /usr/lib/x86_64-linux-gnu/cmake/Boost-1.74.0/BoostConfig.cmake (found version "1.74.0") found components: chrono date_time filesystem iostreams program_options regex serialization system thread 
[4.109s] -- Found Boost: /usr/lib/x86_64-linux-gnu/cmake/Boost-1.74.0/BoostConfig.cmake (found version "1.74.0") found components: filesystem 
[4.383s] -- library: /usr/lib/x86_64-linux-gnu/libcurl.so
[4.507s] -- Ensuring Eigen3 include directory is part of orocos-kdl CMake target
[4.985s] -- Found moveit_ros_planning: 2.5.5 (/home/zac/franka_ws/install/moveit_ros_planning/share/moveit_ros_planning/cmake)
[4.994s] -- Found Boost: /usr/lib/x86_64-linux-gnu/cmake/Boost-1.74.0/BoostConfig.cmake (found version "1.74.0") found components: system filesystem date_time program_options thread chrono 
[5.057s] -- Found std_srvs: 4.2.4 (/opt/ros/humble/share/std_srvs/cmake)
[5.329s] -- Found ament_lint_auto: 0.12.11 (/opt/ros/humble/share/ament_lint_auto/cmake)
[5.341s] -- Found ament_cmake_gtest: 1.3.10 (/opt/ros/humble/share/ament_cmake_gtest/cmake)
[5.353s] -- Found ros_testing: 0.4.0 (/opt/ros/humble/share/ros_testing/cmake)
[5.364s] -- Found launch_testing_ament_cmake: 1.0.6 (/opt/ros/humble/share/launch_testing_ament_cmake/cmake)
[5.376s] -- Found python_cmake_module: 0.10.0 (/opt/ros/humble/share/python_cmake_module/cmake)
[5.422s] -- Found PythonInterp: /usr/bin/python3 (found suitable version "3.10.12", minimum required is "3.6") 
[5.439s] -- Found PythonLibs: /usr/lib/x86_64-linux-gnu/libpython3.10.so (found suitable version "3.10.12", minimum required is "3.5") 
[5.439s] -- Using PYTHON_EXECUTABLE: /usr/bin/python3
[5.440s] -- Using PYTHON_INCLUDE_DIRS: /usr/include/python3.10
[5.440s] -- Using PYTHON_LIBRARIES: /usr/lib/x86_64-linux-gnu/libpython3.10.so
[5.484s] -- Found PythonExtra: .so  
[5.494s] -- Found Boost: /usr/lib/x86_64-linux-gnu/cmake/Boost-1.74.0/BoostConfig.cmake (found version "1.74.0") found components: filesystem 
[5.714s] -- Found gtest sources under '/opt/ros/humble/src/gtest_vendor': C++ tests using 'Google Test' will be built
[5.861s] -- Added test 'cppcheck' to perform static code analysis on C / C++ code
[5.866s] -- Configured cppcheck include dirs: /home/zac/franka_ws/src/moveit2/moveit_ros/moveit_servo/include
[5.866s] -- Configured cppcheck exclude dirs and/or files: 
[5.870s] -- Added test 'lint_cmake' to check CMake code style
[5.873s] -- Added test 'pep257' to check Python code against some of the docstring style conventions in PEP 257
[5.876s] -- Added test 'xmllint' to check XML markup files
[5.884s] -- Configuring done
[6.379s] -- Generating done
[6.385s] -- Build files have been written to: /home/zac/franka_ws/build/moveit_servo
[6.424s] Invoked command in '/home/zac/franka_ws/build/moveit_servo' returned '0': AMENT_PREFIX_PATH=/home/zac/franka_ws/install/moveit_ros_planning_interface:/home/zac/franka_ws/install/moveit_ros_move_group:/home/zac/franka_ws/install/moveit_ros_warehouse:/home/zac/franka_ws/install/moveit_planners_ompl:/home/zac/franka_ws/install/moveit_kinematics:/home/zac/franka_ws/install/moveit_ros_planning:/home/zac/franka_ws/install/moveit_simple_controller_manager:/home/zac/franka_ws/install/moveit_ros_occupancy_map_monitor:/home/zac/franka_ws/install/moveit_core:/home/zac/franka_ws/install/moveit_configs_utils:/home/zac/franka_ws/install/moveit_resources_prbt_support:/home/zac/franka_ws/install/moveit_common:/home/zac/franka_ws/install/joint_trajectory_controller:/home/zac/franka_ws/install/integration_launch_testing:/home/zac/franka_ws/install/franka_bringup:/home/zac/franka_ws/install/franka_robot_state_broadcaster:/home/zac/franka_ws/install/franka_example_controllers:/home/zac/franka_ws/install/franka_semantic_components:/home/zac/franka_ws/install/franka_gazebo_bringup:/home/zac/franka_ws/install/franka_ign_ros2_control:/home/zac/franka_ws/install/franka_fr3_moveit_config:/home/zac/franka_ws/install/franka_hardware:/home/zac/franka_ws/install/franka_gripper:/home/zac/franka_ws/install/franka_msgs:/home/zac/franka_ws/install/franka_description:/opt/ros/humble CMAKE_PREFIX_PATH=/home/zac/franka_ws/install/moveit_ros_planning_interface:/home/zac/franka_ws/install/moveit_ros_move_group:/home/zac/franka_ws/install/moveit_ros_warehouse:/home/zac/franka_ws/install/moveit_planners_ompl:/home/zac/franka_ws/install/moveit_kinematics:/home/zac/franka_ws/install/moveit_ros_planning:/home/zac/franka_ws/install/moveit_simple_controller_manager:/home/zac/franka_ws/install/moveit_ros_occupancy_map_monitor:/home/zac/franka_ws/install/moveit_core:/home/zac/franka_ws/install/moveit_common:/home/zac/franka_ws/install/joint_trajectory_controller:/home/zac/franka_ws/install/moveit_resources_prbt_support:/home/zac/franka_ws/install/integration_launch_testing:/home/zac/franka_ws/install/franka_bringup:/home/zac/franka_ws/install/franka_robot_state_broadcaster:/home/zac/franka_ws/install/franka_example_controllers:/home/zac/franka_ws/install/franka_semantic_components:/home/zac/franka_ws/install/franka_gazebo_bringup:/home/zac/franka_ws/install/franka_ign_ros2_control:/home/zac/franka_ws/install/franka_fr3_moveit_config:/home/zac/franka_ws/install/franka_hardware:/home/zac/franka_ws/install/franka_gripper:/home/zac/franka_ws/install/franka_msgs:/home/zac/franka_ws/install/franka_description:/home/zac/franka_ws/install/moveit_configs_utils:/opt/ros/humble LD_LIBRARY_PATH=/home/zac/franka_ws/install/moveit_ros_planning_interface/lib:/home/zac/franka_ws/install/moveit_ros_move_group/lib:/home/zac/franka_ws/install/moveit_ros_warehouse/lib:/home/zac/franka_ws/install/moveit_planners_ompl/lib:/home/zac/franka_ws/install/moveit_kinematics/lib:/home/zac/franka_ws/install/moveit_ros_planning/lib:/home/zac/franka_ws/install/moveit_simple_controller_manager/lib:/home/zac/franka_ws/install/moveit_ros_occupancy_map_monitor/lib:/home/zac/franka_ws/install/moveit_core/lib:${LD_LIBRARY_PATH} PATH=/home/zac/franka_ws/install/moveit_core/bin:${PATH} PYTHONPATH=/home/zac/franka_ws/install/moveit_configs_utils/lib/python3.10/site-packages:/home/zac/franka_ws/build/moveit_configs_utils:/opt/ros/humble/local/lib/python3.10/dist-packages:/home/zac/franka_ws/install/franka_gripper/local/lib/python3.10/dist-packages:/home/zac/franka_ws/install/franka_msgs/local/lib/python3.10/dist-packages:/opt/ros/humble/lib/python3.10/site-packages:/opt/ros/humble/local/lib/python3.10/dist-packages /usr/bin/cmake /home/zac/franka_ws/src/moveit2/moveit_ros/moveit_servo -DCMAKE_INSTALL_PREFIX=/home/zac/franka_ws/install/moveit_servo
[6.429s] Invoking command in '/home/zac/franka_ws/build/moveit_servo': AMENT_PREFIX_PATH=/home/zac/franka_ws/install/moveit_ros_planning_interface:/home/zac/franka_ws/install/moveit_ros_move_group:/home/zac/franka_ws/install/moveit_ros_warehouse:/home/zac/franka_ws/install/moveit_planners_ompl:/home/zac/franka_ws/install/moveit_kinematics:/home/zac/franka_ws/install/moveit_ros_planning:/home/zac/franka_ws/install/moveit_simple_controller_manager:/home/zac/franka_ws/install/moveit_ros_occupancy_map_monitor:/home/zac/franka_ws/install/moveit_core:/home/zac/franka_ws/install/moveit_configs_utils:/home/zac/franka_ws/install/moveit_resources_prbt_support:/home/zac/franka_ws/install/moveit_common:/home/zac/franka_ws/install/joint_trajectory_controller:/home/zac/franka_ws/install/integration_launch_testing:/home/zac/franka_ws/install/franka_bringup:/home/zac/franka_ws/install/franka_robot_state_broadcaster:/home/zac/franka_ws/install/franka_example_controllers:/home/zac/franka_ws/install/franka_semantic_components:/home/zac/franka_ws/install/franka_gazebo_bringup:/home/zac/franka_ws/install/franka_ign_ros2_control:/home/zac/franka_ws/install/franka_fr3_moveit_config:/home/zac/franka_ws/install/franka_hardware:/home/zac/franka_ws/install/franka_gripper:/home/zac/franka_ws/install/franka_msgs:/home/zac/franka_ws/install/franka_description:/opt/ros/humble CMAKE_PREFIX_PATH=/home/zac/franka_ws/install/moveit_ros_planning_interface:/home/zac/franka_ws/install/moveit_ros_move_group:/home/zac/franka_ws/install/moveit_ros_warehouse:/home/zac/franka_ws/install/moveit_planners_ompl:/home/zac/franka_ws/install/moveit_kinematics:/home/zac/franka_ws/install/moveit_ros_planning:/home/zac/franka_ws/install/moveit_simple_controller_manager:/home/zac/franka_ws/install/moveit_ros_occupancy_map_monitor:/home/zac/franka_ws/install/moveit_core:/home/zac/franka_ws/install/moveit_common:/home/zac/franka_ws/install/joint_trajectory_controller:/home/zac/franka_ws/install/moveit_resources_prbt_support:/home/zac/franka_ws/install/integration_launch_testing:/home/zac/franka_ws/install/franka_bringup:/home/zac/franka_ws/install/franka_robot_state_broadcaster:/home/zac/franka_ws/install/franka_example_controllers:/home/zac/franka_ws/install/franka_semantic_components:/home/zac/franka_ws/install/franka_gazebo_bringup:/home/zac/franka_ws/install/franka_ign_ros2_control:/home/zac/franka_ws/install/franka_fr3_moveit_config:/home/zac/franka_ws/install/franka_hardware:/home/zac/franka_ws/install/franka_gripper:/home/zac/franka_ws/install/franka_msgs:/home/zac/franka_ws/install/franka_description:/home/zac/franka_ws/install/moveit_configs_utils:/opt/ros/humble LD_LIBRARY_PATH=/home/zac/franka_ws/install/moveit_ros_planning_interface/lib:/home/zac/franka_ws/install/moveit_ros_move_group/lib:/home/zac/franka_ws/install/moveit_ros_warehouse/lib:/home/zac/franka_ws/install/moveit_planners_ompl/lib:/home/zac/franka_ws/install/moveit_kinematics/lib:/home/zac/franka_ws/install/moveit_ros_planning/lib:/home/zac/franka_ws/install/moveit_simple_controller_manager/lib:/home/zac/franka_ws/install/moveit_ros_occupancy_map_monitor/lib:/home/zac/franka_ws/install/moveit_core/lib:${LD_LIBRARY_PATH} PATH=/home/zac/franka_ws/install/moveit_core/bin:${PATH} PYTHONPATH=/home/zac/franka_ws/install/moveit_configs_utils/lib/python3.10/site-packages:/home/zac/franka_ws/build/moveit_configs_utils:/opt/ros/humble/local/lib/python3.10/dist-packages:/home/zac/franka_ws/install/franka_gripper/local/lib/python3.10/dist-packages:/home/zac/franka_ws/install/franka_msgs/local/lib/python3.10/dist-packages:/opt/ros/humble/lib/python3.10/site-packages:/opt/ros/humble/local/lib/python3.10/dist-packages /usr/bin/cmake --build /home/zac/franka_ws/build/moveit_servo -- -j8 -l8
[6.574s] [  3%] [32mBuilding CXX object CMakeFiles/moveit_servo_lib_parameters.dir/src/servo_parameters.cpp.o[0m
[27.345s] [  6%] [32mBuilding CXX object CMakeFiles/moveit_servo_lib_parameters.dir/src/parameter_descriptor_builder.cpp.o[0m
[28.693s] [  9%] [32m[1mLinking CXX shared library libmoveit_servo_lib_parameters.so[0m
[29.146s] [  9%] Built target moveit_servo_lib_parameters
[29.189s] [ 12%] [32mBuilding CXX object gtest/CMakeFiles/gtest.dir/src/gtest-all.cc.o[0m
[43.127s] [ 15%] [32m[1mLinking CXX static library libgtest.a[0m
[43.248s] [ 15%] Built target gtest
[43.295s] [ 18%] [32mBuilding CXX object CMakeFiles/moveit_servo_lib.dir/src/collision_check.cpp.o[0m
[65.443s] [ 21%] [32mBuilding CXX object CMakeFiles/moveit_servo_lib.dir/src/utilities.cpp.o[0m
[90.085s] [ 24%] [32mBuilding CXX object CMakeFiles/moveit_servo_lib.dir/src/servo_calcs.cpp.o[0m
[175.571s] [ 27%] [32mBuilding CXX object CMakeFiles/moveit_servo_lib.dir/src/servo.cpp.o[0m
[196.073s] [ 30%] [32mBuilding CXX object CMakeFiles/moveit_servo_lib.dir/src/enforce_limits.cpp.o[0m
[205.061s] [ 33%] [32m[1mLinking CXX shared library libmoveit_servo_lib.so[0m
[206.022s] [ 33%] Built target moveit_servo_lib
[206.076s] [ 36%] [32mBuilding CXX object gtest/CMakeFiles/gtest_main.dir/src/gtest_main.cc.o[0m
[207.751s] [ 39%] [32m[1mLinking CXX static library libgtest_main.a[0m
[207.866s] [ 39%] Built target gtest_main
[207.914s] [ 42%] [32mBuilding CXX object CMakeFiles/servo_node.dir/src/servo_node.cpp.o[0m
[233.139s] [ 45%] [32m[1mLinking CXX shared library libservo_node.so[0m
[233.864s] [ 45%] Built target servo_node
[233.923s] [ 48%] [32mBuilding CXX object CMakeFiles/servo_calcs_unit_tests.dir/test/servo_calcs_unit_tests.cpp.o[0m
[275.444s] [ 51%] [32m[1mLinking CXX executable servo_calcs_unit_tests[0m
[276.497s] [ 51%] Built target servo_calcs_unit_tests
[276.544s] [ 54%] [32mBuilding CXX object CMakeFiles/servo_node_main.dir/src/servo_node_main.cpp.o[0m
[294.252s] [ 57%] [32m[1mLinking CXX executable servo_node_main[0m
[294.817s] [ 57%] Built target servo_node_main
[294.862s] [ 60%] [32mBuilding CXX object CMakeFiles/test_servo_collision.dir/test/test_servo_collision.cpp.o[0m
[345.379s] [ 63%] [32m[1mLinking CXX executable test_servo_collision[0m
[346.064s] [ 63%] Built target test_servo_collision
[346.105s] [ 66%] [32mBuilding CXX object CMakeFiles/test_servo_integration.dir/test/test_servo_interface.cpp.o[0m
[397.016s] [ 69%] [32m[1mLinking CXX executable test_servo_integration[0m
[397.787s] [ 69%] Built target test_servo_integration
[397.833s] [ 72%] [32mBuilding CXX object CMakeFiles/pose_tracking.dir/src/pose_tracking.cpp.o[0m
[432.458s] [ 75%] [32m[1mLinking CXX shared library libpose_tracking.so[0m
[433.001s] [ 75%] Built target pose_tracking
[433.048s] [ 78%] [32mBuilding CXX object CMakeFiles/fake_command_publisher.dir/test/publish_fake_jog_commands.cpp.o[0m
[440.656s] [ 81%] [32m[1mLinking CXX executable fake_command_publisher[0m
[440.897s] [ 81%] Built target fake_command_publisher
[440.941s] [ 84%] [32mBuilding CXX object CMakeFiles/test_servo_pose_tracking.dir/test/pose_tracking_test.cpp.o[0m
[480.586s] [ 87%] [32m[1mLinking CXX executable test_servo_pose_tracking[0m
[481.498s] [ 87%] Built target test_servo_pose_tracking
[481.542s] [ 90%] [32mBuilding CXX object CMakeFiles/servo_pose_tracking_demo.dir/src/cpp_interface_demo/pose_tracking_demo.cpp.o[0m
[517.645s] [ 93%] [32m[1mLinking CXX executable servo_pose_tracking_demo[0m
[518.455s] [ 93%] Built target servo_pose_tracking_demo
[518.500s] [ 96%] [32mBuilding CXX object CMakeFiles/servo_controller_input.dir/src/teleop_demo/joystick_servo_example.cpp.o[0m
[543.365s] [100%] [32m[1mLinking CXX shared library libservo_controller_input.so[0m
[544.094s] [100%] Built target servo_controller_input
[544.119s] Invoked command in '/home/zac/franka_ws/build/moveit_servo' returned '0': AMENT_PREFIX_PATH=/home/zac/franka_ws/install/moveit_ros_planning_interface:/home/zac/franka_ws/install/moveit_ros_move_group:/home/zac/franka_ws/install/moveit_ros_warehouse:/home/zac/franka_ws/install/moveit_planners_ompl:/home/zac/franka_ws/install/moveit_kinematics:/home/zac/franka_ws/install/moveit_ros_planning:/home/zac/franka_ws/install/moveit_simple_controller_manager:/home/zac/franka_ws/install/moveit_ros_occupancy_map_monitor:/home/zac/franka_ws/install/moveit_core:/home/zac/franka_ws/install/moveit_configs_utils:/home/zac/franka_ws/install/moveit_resources_prbt_support:/home/zac/franka_ws/install/moveit_common:/home/zac/franka_ws/install/joint_trajectory_controller:/home/zac/franka_ws/install/integration_launch_testing:/home/zac/franka_ws/install/franka_bringup:/home/zac/franka_ws/install/franka_robot_state_broadcaster:/home/zac/franka_ws/install/franka_example_controllers:/home/zac/franka_ws/install/franka_semantic_components:/home/zac/franka_ws/install/franka_gazebo_bringup:/home/zac/franka_ws/install/franka_ign_ros2_control:/home/zac/franka_ws/install/franka_fr3_moveit_config:/home/zac/franka_ws/install/franka_hardware:/home/zac/franka_ws/install/franka_gripper:/home/zac/franka_ws/install/franka_msgs:/home/zac/franka_ws/install/franka_description:/opt/ros/humble CMAKE_PREFIX_PATH=/home/zac/franka_ws/install/moveit_ros_planning_interface:/home/zac/franka_ws/install/moveit_ros_move_group:/home/zac/franka_ws/install/moveit_ros_warehouse:/home/zac/franka_ws/install/moveit_planners_ompl:/home/zac/franka_ws/install/moveit_kinematics:/home/zac/franka_ws/install/moveit_ros_planning:/home/zac/franka_ws/install/moveit_simple_controller_manager:/home/zac/franka_ws/install/moveit_ros_occupancy_map_monitor:/home/zac/franka_ws/install/moveit_core:/home/zac/franka_ws/install/moveit_common:/home/zac/franka_ws/install/joint_trajectory_controller:/home/zac/franka_ws/install/moveit_resources_prbt_support:/home/zac/franka_ws/install/integration_launch_testing:/home/zac/franka_ws/install/franka_bringup:/home/zac/franka_ws/install/franka_robot_state_broadcaster:/home/zac/franka_ws/install/franka_example_controllers:/home/zac/franka_ws/install/franka_semantic_components:/home/zac/franka_ws/install/franka_gazebo_bringup:/home/zac/franka_ws/install/franka_ign_ros2_control:/home/zac/franka_ws/install/franka_fr3_moveit_config:/home/zac/franka_ws/install/franka_hardware:/home/zac/franka_ws/install/franka_gripper:/home/zac/franka_ws/install/franka_msgs:/home/zac/franka_ws/install/franka_description:/home/zac/franka_ws/install/moveit_configs_utils:/opt/ros/humble LD_LIBRARY_PATH=/home/zac/franka_ws/install/moveit_ros_planning_interface/lib:/home/zac/franka_ws/install/moveit_ros_move_group/lib:/home/zac/franka_ws/install/moveit_ros_warehouse/lib:/home/zac/franka_ws/install/moveit_planners_ompl/lib:/home/zac/franka_ws/install/moveit_kinematics/lib:/home/zac/franka_ws/install/moveit_ros_planning/lib:/home/zac/franka_ws/install/moveit_simple_controller_manager/lib:/home/zac/franka_ws/install/moveit_ros_occupancy_map_monitor/lib:/home/zac/franka_ws/install/moveit_core/lib:${LD_LIBRARY_PATH} PATH=/home/zac/franka_ws/install/moveit_core/bin:${PATH} PYTHONPATH=/home/zac/franka_ws/install/moveit_configs_utils/lib/python3.10/site-packages:/home/zac/franka_ws/build/moveit_configs_utils:/opt/ros/humble/local/lib/python3.10/dist-packages:/home/zac/franka_ws/install/franka_gripper/local/lib/python3.10/dist-packages:/home/zac/franka_ws/install/franka_msgs/local/lib/python3.10/dist-packages:/opt/ros/humble/lib/python3.10/site-packages:/opt/ros/humble/local/lib/python3.10/dist-packages /usr/bin/cmake --build /home/zac/franka_ws/build/moveit_servo -- -j8 -l8
[544.281s] Invoking command in '/home/zac/franka_ws/build/moveit_servo': AMENT_PREFIX_PATH=/home/zac/franka_ws/install/moveit_ros_planning_interface:/home/zac/franka_ws/install/moveit_ros_move_group:/home/zac/franka_ws/install/moveit_ros_warehouse:/home/zac/franka_ws/install/moveit_planners_ompl:/home/zac/franka_ws/install/moveit_kinematics:/home/zac/franka_ws/install/moveit_ros_planning:/home/zac/franka_ws/install/moveit_simple_controller_manager:/home/zac/franka_ws/install/moveit_ros_occupancy_map_monitor:/home/zac/franka_ws/install/moveit_core:/home/zac/franka_ws/install/moveit_configs_utils:/home/zac/franka_ws/install/moveit_resources_prbt_support:/home/zac/franka_ws/install/moveit_common:/home/zac/franka_ws/install/joint_trajectory_controller:/home/zac/franka_ws/install/integration_launch_testing:/home/zac/franka_ws/install/franka_bringup:/home/zac/franka_ws/install/franka_robot_state_broadcaster:/home/zac/franka_ws/install/franka_example_controllers:/home/zac/franka_ws/install/franka_semantic_components:/home/zac/franka_ws/install/franka_gazebo_bringup:/home/zac/franka_ws/install/franka_ign_ros2_control:/home/zac/franka_ws/install/franka_fr3_moveit_config:/home/zac/franka_ws/install/franka_hardware:/home/zac/franka_ws/install/franka_gripper:/home/zac/franka_ws/install/franka_msgs:/home/zac/franka_ws/install/franka_description:/opt/ros/humble CMAKE_PREFIX_PATH=/home/zac/franka_ws/install/moveit_ros_planning_interface:/home/zac/franka_ws/install/moveit_ros_move_group:/home/zac/franka_ws/install/moveit_ros_warehouse:/home/zac/franka_ws/install/moveit_planners_ompl:/home/zac/franka_ws/install/moveit_kinematics:/home/zac/franka_ws/install/moveit_ros_planning:/home/zac/franka_ws/install/moveit_simple_controller_manager:/home/zac/franka_ws/install/moveit_ros_occupancy_map_monitor:/home/zac/franka_ws/install/moveit_core:/home/zac/franka_ws/install/moveit_common:/home/zac/franka_ws/install/joint_trajectory_controller:/home/zac/franka_ws/install/moveit_resources_prbt_support:/home/zac/franka_ws/install/integration_launch_testing:/home/zac/franka_ws/install/franka_bringup:/home/zac/franka_ws/install/franka_robot_state_broadcaster:/home/zac/franka_ws/install/franka_example_controllers:/home/zac/franka_ws/install/franka_semantic_components:/home/zac/franka_ws/install/franka_gazebo_bringup:/home/zac/franka_ws/install/franka_ign_ros2_control:/home/zac/franka_ws/install/franka_fr3_moveit_config:/home/zac/franka_ws/install/franka_hardware:/home/zac/franka_ws/install/franka_gripper:/home/zac/franka_ws/install/franka_msgs:/home/zac/franka_ws/install/franka_description:/home/zac/franka_ws/install/moveit_configs_utils:/opt/ros/humble LD_LIBRARY_PATH=/home/zac/franka_ws/install/moveit_ros_planning_interface/lib:/home/zac/franka_ws/install/moveit_ros_move_group/lib:/home/zac/franka_ws/install/moveit_ros_warehouse/lib:/home/zac/franka_ws/install/moveit_planners_ompl/lib:/home/zac/franka_ws/install/moveit_kinematics/lib:/home/zac/franka_ws/install/moveit_ros_planning/lib:/home/zac/franka_ws/install/moveit_simple_controller_manager/lib:/home/zac/franka_ws/install/moveit_ros_occupancy_map_monitor/lib:/home/zac/franka_ws/install/moveit_core/lib:${LD_LIBRARY_PATH} PATH=/home/zac/franka_ws/install/moveit_core/bin:${PATH} PYTHONPATH=/home/zac/franka_ws/install/moveit_configs_utils/lib/python3.10/site-packages:/home/zac/franka_ws/build/moveit_configs_utils:/opt/ros/humble/local/lib/python3.10/dist-packages:/home/zac/franka_ws/install/franka_gripper/local/lib/python3.10/dist-packages:/home/zac/franka_ws/install/franka_msgs/local/lib/python3.10/dist-packages:/opt/ros/humble/lib/python3.10/site-packages:/opt/ros/humble/local/lib/python3.10/dist-packages /usr/bin/cmake --install /home/zac/franka_ws/build/moveit_servo
[544.296s] -- Install configuration: "Release"
[544.296s] -- Installing: /home/zac/franka_ws/install/moveit_servo/lib/libmoveit_servo_lib.so.2.5.5
[544.303s] -- Set runtime path of "/home/zac/franka_ws/install/moveit_servo/lib/libmoveit_servo_lib.so.2.5.5" to ""
[544.304s] -- Installing: /home/zac/franka_ws/install/moveit_servo/lib/libmoveit_servo_lib.so
[544.304s] -- Installing: /home/zac/franka_ws/install/moveit_servo/lib/libmoveit_servo_lib_parameters.so.2.5.5
[544.305s] -- Set runtime path of "/home/zac/franka_ws/install/moveit_servo/lib/libmoveit_servo_lib_parameters.so.2.5.5" to ""
[544.305s] -- Installing: /home/zac/franka_ws/install/moveit_servo/lib/libmoveit_servo_lib_parameters.so
[544.305s] -- Installing: /home/zac/franka_ws/install/moveit_servo/lib/libpose_tracking.so
[544.309s] -- Set runtime path of "/home/zac/franka_ws/install/moveit_servo/lib/libpose_tracking.so" to ""
[544.309s] -- Installing: /home/zac/franka_ws/install/moveit_servo/lib/libservo_node.so
[544.310s] -- Set runtime path of "/home/zac/franka_ws/install/moveit_servo/lib/libservo_node.so" to ""
[544.310s] -- Installing: /home/zac/franka_ws/install/moveit_servo/lib/libservo_controller_input.so
[544.315s] -- Set runtime path of "/home/zac/franka_ws/install/moveit_servo/lib/libservo_controller_input.so" to ""
[544.315s] -- Installing: /home/zac/franka_ws/install/moveit_servo/lib/moveit_servo/servo_node_main
[544.315s] -- Set runtime path of "/home/zac/franka_ws/install/moveit_servo/lib/moveit_servo/servo_node_main" to ""
[544.316s] -- Installing: /home/zac/franka_ws/install/moveit_servo/lib/moveit_servo/servo_pose_tracking_demo
[544.318s] -- Set runtime path of "/home/zac/franka_ws/install/moveit_servo/lib/moveit_servo/servo_pose_tracking_demo" to ""
[544.318s] -- Installing: /home/zac/franka_ws/install/moveit_servo/lib/moveit_servo/fake_command_publisher
[544.320s] -- Set runtime path of "/home/zac/franka_ws/install/moveit_servo/lib/moveit_servo/fake_command_publisher" to ""
[544.320s] -- Installing: /home/zac/franka_ws/install/moveit_servo/include
[544.320s] -- Installing: /home/zac/franka_ws/install/moveit_servo/include/moveit_servo
[544.320s] -- Installing: /home/zac/franka_ws/install/moveit_servo/include/moveit_servo/servo_parameters.h
[544.320s] -- Installing: /home/zac/franka_ws/install/moveit_servo/include/moveit_servo/servo_server.h
[544.322s] -- Installing: /home/zac/franka_ws/install/moveit_servo/include/moveit_servo/collision_check.h
[544.323s] -- Installing: /home/zac/franka_ws/install/moveit_servo/include/moveit_servo/utilities.h
[544.323s] -- Installing: /home/zac/franka_ws/install/moveit_servo/include/moveit_servo/servo_node.h
[544.323s] -- Installing: /home/zac/franka_ws/install/moveit_servo/include/moveit_servo/pose_tracking.h
[544.323s] -- Installing: /home/zac/franka_ws/install/moveit_servo/include/moveit_servo/parameter_descriptor_builder.hpp
[544.324s] -- Installing: /home/zac/franka_ws/install/moveit_servo/include/moveit_servo/servo_calcs.h
[544.324s] -- Installing: /home/zac/franka_ws/install/moveit_servo/include/moveit_servo/status_codes.h
[544.324s] -- Installing: /home/zac/franka_ws/install/moveit_servo/include/moveit_servo/enforce_limits.hpp
[544.324s] -- Installing: /home/zac/franka_ws/install/moveit_servo/include/moveit_servo/make_shared_from_pool.h
[544.325s] -- Installing: /home/zac/franka_ws/install/moveit_servo/include/moveit_servo/servo.h
[544.325s] -- Installing: /home/zac/franka_ws/install/moveit_servo/share/moveit_servo/launch
[544.325s] -- Installing: /home/zac/franka_ws/install/moveit_servo/share/moveit_servo/launch/pose_tracking_example.launch.py
[544.327s] -- Installing: /home/zac/franka_ws/install/moveit_servo/share/moveit_servo/launch/servo_example.launch.py
[544.327s] -- Installing: /home/zac/franka_ws/install/moveit_servo/share/moveit_servo/config
[544.327s] -- Installing: /home/zac/franka_ws/install/moveit_servo/share/moveit_servo/config/panda_simulated_config_pose_tracking.yaml
[544.328s] -- Installing: /home/zac/franka_ws/install/moveit_servo/share/moveit_servo/config/demo_rviz_pose_tracking.rviz
[544.328s] -- Installing: /home/zac/franka_ws/install/moveit_servo/share/moveit_servo/config/panda_simulated_config.yaml
[544.329s] -- Installing: /home/zac/franka_ws/install/moveit_servo/share/moveit_servo/config/demo_rviz_config.rviz
[544.329s] -- Installing: /home/zac/franka_ws/install/moveit_servo/share/moveit_servo/config/pose_tracking_settings.yaml
[544.330s] -- Installing: /home/zac/franka_ws/install/moveit_servo/share/moveit_servo/environment/library_path.sh
[544.330s] -- Installing: /home/zac/franka_ws/install/moveit_servo/share/moveit_servo/environment/library_path.dsv
[544.331s] -- Installing: /home/zac/franka_ws/install/moveit_servo/share/ament_index/resource_index/package_run_dependencies/moveit_servo
[544.331s] -- Installing: /home/zac/franka_ws/install/moveit_servo/share/ament_index/resource_index/parent_prefix_path/moveit_servo
[544.331s] -- Installing: /home/zac/franka_ws/install/moveit_servo/share/moveit_servo/environment/ament_prefix_path.sh
[544.331s] -- Installing: /home/zac/franka_ws/install/moveit_servo/share/moveit_servo/environment/ament_prefix_path.dsv
[544.332s] -- Installing: /home/zac/franka_ws/install/moveit_servo/share/moveit_servo/environment/path.sh
[544.332s] -- Installing: /home/zac/franka_ws/install/moveit_servo/share/moveit_servo/environment/path.dsv
[544.332s] -- Installing: /home/zac/franka_ws/install/moveit_servo/share/moveit_servo/local_setup.bash
[544.332s] -- Installing: /home/zac/franka_ws/install/moveit_servo/share/moveit_servo/local_setup.sh
[544.333s] -- Installing: /home/zac/franka_ws/install/moveit_servo/share/moveit_servo/local_setup.zsh
[544.333s] -- Installing: /home/zac/franka_ws/install/moveit_servo/share/moveit_servo/local_setup.dsv
[544.333s] -- Installing: /home/zac/franka_ws/install/moveit_servo/share/moveit_servo/package.dsv
[544.334s] -- Installing: /home/zac/franka_ws/install/moveit_servo/share/ament_index/resource_index/packages/moveit_servo
[544.334s] -- Installing: /home/zac/franka_ws/install/moveit_servo/share/ament_index/resource_index/rclcpp_components/moveit_servo
[544.334s] -- Installing: /home/zac/franka_ws/install/moveit_servo/share/moveit_servo/cmake/export_moveit_servoExport.cmake
[544.334s] -- Installing: /home/zac/franka_ws/install/moveit_servo/share/moveit_servo/cmake/export_moveit_servoExport-release.cmake
[544.335s] -- Installing: /home/zac/franka_ws/install/moveit_servo/share/moveit_servo/cmake/ament_cmake_export_targets-extras.cmake
[544.335s] -- Installing: /home/zac/franka_ws/install/moveit_servo/share/moveit_servo/cmake/ament_cmake_export_dependencies-extras.cmake
[544.335s] -- Installing: /home/zac/franka_ws/install/moveit_servo/share/moveit_servo/cmake/moveit_servoConfig.cmake
[544.335s] -- Installing: /home/zac/franka_ws/install/moveit_servo/share/moveit_servo/cmake/moveit_servoConfig-version.cmake
[544.336s] -- Installing: /home/zac/franka_ws/install/moveit_servo/share/moveit_servo/package.xml
[544.339s] Invoked command in '/home/zac/franka_ws/build/moveit_servo' returned '0': AMENT_PREFIX_PATH=/home/zac/franka_ws/install/moveit_ros_planning_interface:/home/zac/franka_ws/install/moveit_ros_move_group:/home/zac/franka_ws/install/moveit_ros_warehouse:/home/zac/franka_ws/install/moveit_planners_ompl:/home/zac/franka_ws/install/moveit_kinematics:/home/zac/franka_ws/install/moveit_ros_planning:/home/zac/franka_ws/install/moveit_simple_controller_manager:/home/zac/franka_ws/install/moveit_ros_occupancy_map_monitor:/home/zac/franka_ws/install/moveit_core:/home/zac/franka_ws/install/moveit_configs_utils:/home/zac/franka_ws/install/moveit_resources_prbt_support:/home/zac/franka_ws/install/moveit_common:/home/zac/franka_ws/install/joint_trajectory_controller:/home/zac/franka_ws/install/integration_launch_testing:/home/zac/franka_ws/install/franka_bringup:/home/zac/franka_ws/install/franka_robot_state_broadcaster:/home/zac/franka_ws/install/franka_example_controllers:/home/zac/franka_ws/install/franka_semantic_components:/home/zac/franka_ws/install/franka_gazebo_bringup:/home/zac/franka_ws/install/franka_ign_ros2_control:/home/zac/franka_ws/install/franka_fr3_moveit_config:/home/zac/franka_ws/install/franka_hardware:/home/zac/franka_ws/install/franka_gripper:/home/zac/franka_ws/install/franka_msgs:/home/zac/franka_ws/install/franka_description:/opt/ros/humble CMAKE_PREFIX_PATH=/home/zac/franka_ws/install/moveit_ros_planning_interface:/home/zac/franka_ws/install/moveit_ros_move_group:/home/zac/franka_ws/install/moveit_ros_warehouse:/home/zac/franka_ws/install/moveit_planners_ompl:/home/zac/franka_ws/install/moveit_kinematics:/home/zac/franka_ws/install/moveit_ros_planning:/home/zac/franka_ws/install/moveit_simple_controller_manager:/home/zac/franka_ws/install/moveit_ros_occupancy_map_monitor:/home/zac/franka_ws/install/moveit_core:/home/zac/franka_ws/install/moveit_common:/home/zac/franka_ws/install/joint_trajectory_controller:/home/zac/franka_ws/install/moveit_resources_prbt_support:/home/zac/franka_ws/install/integration_launch_testing:/home/zac/franka_ws/install/franka_bringup:/home/zac/franka_ws/install/franka_robot_state_broadcaster:/home/zac/franka_ws/install/franka_example_controllers:/home/zac/franka_ws/install/franka_semantic_components:/home/zac/franka_ws/install/franka_gazebo_bringup:/home/zac/franka_ws/install/franka_ign_ros2_control:/home/zac/franka_ws/install/franka_fr3_moveit_config:/home/zac/franka_ws/install/franka_hardware:/home/zac/franka_ws/install/franka_gripper:/home/zac/franka_ws/install/franka_msgs:/home/zac/franka_ws/install/franka_description:/home/zac/franka_ws/install/moveit_configs_utils:/opt/ros/humble LD_LIBRARY_PATH=/home/zac/franka_ws/install/moveit_ros_planning_interface/lib:/home/zac/franka_ws/install/moveit_ros_move_group/lib:/home/zac/franka_ws/install/moveit_ros_warehouse/lib:/home/zac/franka_ws/install/moveit_planners_ompl/lib:/home/zac/franka_ws/install/moveit_kinematics/lib:/home/zac/franka_ws/install/moveit_ros_planning/lib:/home/zac/franka_ws/install/moveit_simple_controller_manager/lib:/home/zac/franka_ws/install/moveit_ros_occupancy_map_monitor/lib:/home/zac/franka_ws/install/moveit_core/lib:${LD_LIBRARY_PATH} PATH=/home/zac/franka_ws/install/moveit_core/bin:${PATH} PYTHONPATH=/home/zac/franka_ws/install/moveit_configs_utils/lib/python3.10/site-packages:/home/zac/franka_ws/build/moveit_configs_utils:/opt/ros/humble/local/lib/python3.10/dist-packages:/home/zac/franka_ws/install/franka_gripper/local/lib/python3.10/dist-packages:/home/zac/franka_ws/install/franka_msgs/local/lib/python3.10/dist-packages:/opt/ros/humble/lib/python3.10/site-packages:/opt/ros/humble/local/lib/python3.10/dist-packages /usr/bin/cmake --install /home/zac/franka_ws/build/moveit_servo
