[0.034s] Invoking command in '/home/zac/franka_ws/build/franka_description': CMAKE_PREFIX_PATH=/opt/ros/humble /usr/bin/cmake --build /home/zac/franka_ws/build/franka_description -- -j8 -l8
[0.090s] Invoked command in '/home/zac/franka_ws/build/franka_description' returned '0': CMAKE_PREFIX_PATH=/opt/ros/humble /usr/bin/cmake --build /home/zac/franka_ws/build/franka_description -- -j8 -l8
[0.152s] Invoking command in '/home/zac/franka_ws/build/franka_description': CMAKE_PREFIX_PATH=/opt/ros/humble /usr/bin/cmake --install /home/zac/franka_ws/build/franka_description
[0.164s] -- Install configuration: "Release"
[0.164s] -- Execute custom install script
[0.165s] -- Up-to-date symlink: /home/zac/franka_ws/install/franka_description/share/franka_description//launch/visualize_franka.launch.py
[0.166s] -- Up-to-date symlink: /home/zac/franka_ws/install/franka_description/share/franka_description//robots/common/franka_arm.ros2_control.xacro
[0.166s] -- Up-to-date symlink: /home/zac/franka_ws/install/franka_description/share/franka_description//robots/common/franka_arm.xacro
[0.167s] -- Up-to-date symlink: /home/zac/franka_ws/install/franka_description/share/franka_description//robots/common/franka_robot.xacro
[0.167s] -- Up-to-date symlink: /home/zac/franka_ws/install/franka_description/share/franka_description//robots/common/utils.xacro
[0.168s] -- Up-to-date symlink: /home/zac/franka_ws/install/franka_description/share/franka_description//robots/fer/dynamics.yaml
[0.168s] -- Up-to-date symlink: /home/zac/franka_ws/install/franka_description/share/franka_description//robots/fer/fer.urdf.xacro
[0.168s] -- Up-to-date symlink: /home/zac/franka_ws/install/franka_description/share/franka_description//robots/fer/inertials.yaml
[0.169s] -- Up-to-date symlink: /home/zac/franka_ws/install/franka_description/share/franka_description//robots/fer/joint_limits.yaml
[0.169s] -- Up-to-date symlink: /home/zac/franka_ws/install/franka_description/share/franka_description//robots/fer/kinematics.yaml
[0.169s] -- Up-to-date symlink: /home/zac/franka_ws/install/franka_description/share/franka_description//robots/fp3/dynamics.yaml
[0.170s] -- Up-to-date symlink: /home/zac/franka_ws/install/franka_description/share/franka_description//robots/fp3/fp3.urdf.xacro
[0.170s] -- Up-to-date symlink: /home/zac/franka_ws/install/franka_description/share/franka_description//robots/fp3/inertials.yaml
[0.170s] -- Up-to-date symlink: /home/zac/franka_ws/install/franka_description/share/franka_description//robots/fp3/joint_limits.yaml
[0.171s] -- Up-to-date symlink: /home/zac/franka_ws/install/franka_description/share/franka_description//robots/fp3/kinematics.yaml
[0.171s] -- Up-to-date symlink: /home/zac/franka_ws/install/franka_description/share/franka_description//robots/fr3/dynamics.yaml
[0.171s] -- Up-to-date symlink: /home/zac/franka_ws/install/franka_description/share/franka_description//robots/fr3/fr3.urdf.xacro
[0.172s] -- Up-to-date symlink: /home/zac/franka_ws/install/franka_description/share/franka_description//robots/fr3/inertials.yaml
[0.172s] -- Up-to-date symlink: /home/zac/franka_ws/install/franka_description/share/franka_description//robots/fr3/joint_limits.yaml
[0.172s] -- Up-to-date symlink: /home/zac/franka_ws/install/franka_description/share/franka_description//robots/fr3/kinematics.yaml
[0.173s] -- Up-to-date symlink: /home/zac/franka_ws/install/franka_description/share/franka_description//end_effectors/cobot_pump/cobot_pump.urdf.xacro
[0.174s] -- Up-to-date symlink: /home/zac/franka_ws/install/franka_description/share/franka_description//end_effectors/cobot_pump/cobot_pump_arguments.xacro
[0.174s] -- Up-to-date symlink: /home/zac/franka_ws/install/franka_description/share/franka_description//end_effectors/cobot_pump/inertials.yaml
[0.174s] -- Up-to-date symlink: /home/zac/franka_ws/install/franka_description/share/franka_description//end_effectors/common/ee_with_one_link.xacro
[0.175s] -- Up-to-date symlink: /home/zac/franka_ws/install/franka_description/share/franka_description//end_effectors/common/franka_hand.xacro
[0.175s] -- Up-to-date symlink: /home/zac/franka_ws/install/franka_description/share/franka_description//end_effectors/common/utils.xacro
[0.175s] -- Up-to-date symlink: /home/zac/franka_ws/install/franka_description/share/franka_description//end_effectors/franka_hand/franka_hand.urdf.xacro
[0.176s] -- Up-to-date symlink: /home/zac/franka_ws/install/franka_description/share/franka_description//end_effectors/franka_hand/franka_hand_arguments.xacro
[0.176s] -- Up-to-date symlink: /home/zac/franka_ws/install/franka_description/share/franka_description//end_effectors/franka_hand/inertials.yaml
[0.185s] -- Up-to-date symlink: /home/zac/franka_ws/install/franka_description/share/franka_description//meshes/robot_arms/fer/collision/hand.stl
[0.185s] -- Up-to-date symlink: /home/zac/franka_ws/install/franka_description/share/franka_description//meshes/robot_arms/fer/collision/link0.stl
[0.189s] -- Up-to-date symlink: /home/zac/franka_ws/install/franka_description/share/franka_description//meshes/robot_arms/fer/collision/link1.stl
[0.196s] -- Up-to-date symlink: /home/zac/franka_ws/install/franka_description/share/franka_description//meshes/robot_arms/fer/collision/link2.stl
[0.196s] -- Up-to-date symlink: /home/zac/franka_ws/install/franka_description/share/franka_description//meshes/robot_arms/fer/collision/link3.stl
[0.196s] -- Up-to-date symlink: /home/zac/franka_ws/install/franka_description/share/franka_description//meshes/robot_arms/fer/collision/link4.stl
[0.196s] -- Up-to-date symlink: /home/zac/franka_ws/install/franka_description/share/franka_description//meshes/robot_arms/fer/collision/link5.stl
[0.197s] -- Up-to-date symlink: /home/zac/franka_ws/install/franka_description/share/franka_description//meshes/robot_arms/fer/collision/link6.stl
[0.197s] -- Up-to-date symlink: /home/zac/franka_ws/install/franka_description/share/franka_description//meshes/robot_arms/fer/collision/link7.stl
[0.197s] -- Up-to-date symlink: /home/zac/franka_ws/install/franka_description/share/franka_description//meshes/robot_arms/fer/visual/finger.dae
[0.198s] -- Up-to-date symlink: /home/zac/franka_ws/install/franka_description/share/franka_description//meshes/robot_arms/fer/visual/hand.dae
[0.198s] -- Up-to-date symlink: /home/zac/franka_ws/install/franka_description/share/franka_description//meshes/robot_arms/fer/visual/link0.dae
[0.204s] -- Up-to-date symlink: /home/zac/franka_ws/install/franka_description/share/franka_description//meshes/robot_arms/fer/visual/link1.dae
[0.204s] -- Up-to-date symlink: /home/zac/franka_ws/install/franka_description/share/franka_description//meshes/robot_arms/fer/visual/link2.dae
[0.204s] -- Up-to-date symlink: /home/zac/franka_ws/install/franka_description/share/franka_description//meshes/robot_arms/fer/visual/link3.dae
[0.207s] -- Up-to-date symlink: /home/zac/franka_ws/install/franka_description/share/franka_description//meshes/robot_arms/fer/visual/link4.dae
[0.207s] -- Up-to-date symlink: /home/zac/franka_ws/install/franka_description/share/franka_description//meshes/robot_arms/fer/visual/link5.dae
[0.207s] -- Up-to-date symlink: /home/zac/franka_ws/install/franka_description/share/franka_description//meshes/robot_arms/fer/visual/link6.dae
[0.208s] -- Up-to-date symlink: /home/zac/franka_ws/install/franka_description/share/franka_description//meshes/robot_arms/fer/visual/link7.dae
[0.208s] -- Up-to-date symlink: /home/zac/franka_ws/install/franka_description/share/franka_description//meshes/robot_arms/fp3/collision/link0.stl
[0.208s] -- Up-to-date symlink: /home/zac/franka_ws/install/franka_description/share/franka_description//meshes/robot_arms/fp3/collision/link1.stl
[0.209s] -- Up-to-date symlink: /home/zac/franka_ws/install/franka_description/share/franka_description//meshes/robot_arms/fp3/collision/link2.stl
[0.215s] -- Up-to-date symlink: /home/zac/franka_ws/install/franka_description/share/franka_description//meshes/robot_arms/fp3/collision/link3.stl
[0.215s] -- Up-to-date symlink: /home/zac/franka_ws/install/franka_description/share/franka_description//meshes/robot_arms/fp3/collision/link4.stl
[0.216s] -- Up-to-date symlink: /home/zac/franka_ws/install/franka_description/share/franka_description//meshes/robot_arms/fp3/collision/link5.stl
[0.216s] -- Up-to-date symlink: /home/zac/franka_ws/install/franka_description/share/franka_description//meshes/robot_arms/fp3/collision/link6.stl
[0.216s] -- Up-to-date symlink: /home/zac/franka_ws/install/franka_description/share/franka_description//meshes/robot_arms/fp3/collision/link7.stl
[0.216s] -- Up-to-date symlink: /home/zac/franka_ws/install/franka_description/share/franka_description//meshes/robot_arms/fp3/visual/link0.dae
[0.216s] -- Up-to-date symlink: /home/zac/franka_ws/install/franka_description/share/franka_description//meshes/robot_arms/fp3/visual/link1.dae
[0.216s] -- Up-to-date symlink: /home/zac/franka_ws/install/franka_description/share/franka_description//meshes/robot_arms/fp3/visual/link2.dae
[0.217s] -- Up-to-date symlink: /home/zac/franka_ws/install/franka_description/share/franka_description//meshes/robot_arms/fp3/visual/link3.dae
[0.217s] -- Up-to-date symlink: /home/zac/franka_ws/install/franka_description/share/franka_description//meshes/robot_arms/fp3/visual/link4.dae
[0.217s] -- Up-to-date symlink: /home/zac/franka_ws/install/franka_description/share/franka_description//meshes/robot_arms/fp3/visual/link5.dae
[0.217s] -- Up-to-date symlink: /home/zac/franka_ws/install/franka_description/share/franka_description//meshes/robot_arms/fp3/visual/link6.dae
[0.217s] -- Up-to-date symlink: /home/zac/franka_ws/install/franka_description/share/franka_description//meshes/robot_arms/fp3/visual/link7.dae
[0.217s] -- Up-to-date symlink: /home/zac/franka_ws/install/franka_description/share/franka_description//meshes/robot_arms/fr3/collision/link0.stl
[0.218s] -- Up-to-date symlink: /home/zac/franka_ws/install/franka_description/share/franka_description//meshes/robot_arms/fr3/collision/link1.stl
[0.218s] -- Up-to-date symlink: /home/zac/franka_ws/install/franka_description/share/franka_description//meshes/robot_arms/fr3/collision/link2.stl
[0.218s] -- Up-to-date symlink: /home/zac/franka_ws/install/franka_description/share/franka_description//meshes/robot_arms/fr3/collision/link3.stl
[0.218s] -- Up-to-date symlink: /home/zac/franka_ws/install/franka_description/share/franka_description//meshes/robot_arms/fr3/collision/link4.stl
[0.219s] -- Up-to-date symlink: /home/zac/franka_ws/install/franka_description/share/franka_description//meshes/robot_arms/fr3/collision/link5.stl
[0.219s] -- Up-to-date symlink: /home/zac/franka_ws/install/franka_description/share/franka_description//meshes/robot_arms/fr3/collision/link6.stl
[0.219s] -- Up-to-date symlink: /home/zac/franka_ws/install/franka_description/share/franka_description//meshes/robot_arms/fr3/collision/link7.stl
[0.220s] -- Up-to-date symlink: /home/zac/franka_ws/install/franka_description/share/franka_description//meshes/robot_arms/fr3/visual/link0.dae
[0.220s] -- Up-to-date symlink: /home/zac/franka_ws/install/franka_description/share/franka_description//meshes/robot_arms/fr3/visual/link1.dae
[0.220s] -- Up-to-date symlink: /home/zac/franka_ws/install/franka_description/share/franka_description//meshes/robot_arms/fr3/visual/link2.dae
[0.220s] -- Up-to-date symlink: /home/zac/franka_ws/install/franka_description/share/franka_description//meshes/robot_arms/fr3/visual/link3.dae
[0.220s] -- Up-to-date symlink: /home/zac/franka_ws/install/franka_description/share/franka_description//meshes/robot_arms/fr3/visual/link4.dae
[0.220s] -- Up-to-date symlink: /home/zac/franka_ws/install/franka_description/share/franka_description//meshes/robot_arms/fr3/visual/link5.dae
[0.226s] -- Up-to-date symlink: /home/zac/franka_ws/install/franka_description/share/franka_description//meshes/robot_arms/fr3/visual/link6.dae
[0.226s] -- Up-to-date symlink: /home/zac/franka_ws/install/franka_description/share/franka_description//meshes/robot_arms/fr3/visual/link7.dae
[0.226s] -- Up-to-date symlink: /home/zac/franka_ws/install/franka_description/share/franka_description//meshes/robot_ee/cobot_pump/collision/cobot_pump.stl
[0.226s] -- Up-to-date symlink: /home/zac/franka_ws/install/franka_description/share/franka_description//meshes/robot_ee/cobot_pump/visual/cobot_pump.dae
[0.227s] -- Up-to-date symlink: /home/zac/franka_ws/install/franka_description/share/franka_description//meshes/robot_ee/franka_hand_black/collision/hand.stl
[0.227s] -- Up-to-date symlink: /home/zac/franka_ws/install/franka_description/share/franka_description//meshes/robot_ee/franka_hand_black/visual/finger.dae
[0.227s] -- Up-to-date symlink: /home/zac/franka_ws/install/franka_description/share/franka_description//meshes/robot_ee/franka_hand_black/visual/hand.dae
[0.227s] -- Up-to-date symlink: /home/zac/franka_ws/install/franka_description/share/franka_description//meshes/robot_ee/franka_hand_white/collision/hand.stl
[0.227s] -- Up-to-date symlink: /home/zac/franka_ws/install/franka_description/share/franka_description//meshes/robot_ee/franka_hand_white/visual/finger.dae
[0.228s] -- Up-to-date symlink: /home/zac/franka_ws/install/franka_description/share/franka_description//meshes/robot_ee/franka_hand_white/visual/hand.dae
[0.228s] -- Up-to-date symlink: /home/zac/franka_ws/install/franka_description/share/franka_description//rviz/visualize_franka.rviz
[0.228s] -- Up-to-date symlink: /home/zac/franka_ws/install/franka_description/share/ament_index/resource_index/package_run_dependencies/franka_description
[0.228s] -- Up-to-date symlink: /home/zac/franka_ws/install/franka_description/share/ament_index/resource_index/parent_prefix_path/franka_description
[0.228s] -- Up-to-date symlink: /home/zac/franka_ws/install/franka_description/share/franka_description/environment/ament_prefix_path.sh
[0.229s] -- Up-to-date symlink: /home/zac/franka_ws/install/franka_description/share/franka_description/environment/ament_prefix_path.dsv
[0.229s] -- Up-to-date symlink: /home/zac/franka_ws/install/franka_description/share/franka_description/environment/path.sh
[0.229s] -- Up-to-date symlink: /home/zac/franka_ws/install/franka_description/share/franka_description/environment/path.dsv
[0.229s] -- Up-to-date symlink: /home/zac/franka_ws/install/franka_description/share/franka_description/local_setup.bash
[0.229s] -- Up-to-date symlink: /home/zac/franka_ws/install/franka_description/share/franka_description/local_setup.sh
[0.229s] -- Up-to-date symlink: /home/zac/franka_ws/install/franka_description/share/franka_description/local_setup.zsh
[0.230s] -- Up-to-date symlink: /home/zac/franka_ws/install/franka_description/share/franka_description/local_setup.dsv
[0.230s] -- Symlinking: /home/zac/franka_ws/install/franka_description/share/franka_description/package.dsv
[0.247s] -- Up-to-date symlink: /home/zac/franka_ws/install/franka_description/share/ament_index/resource_index/packages/franka_description
[0.248s] -- Up-to-date symlink: /home/zac/franka_ws/install/franka_description/share/franka_description/cmake/franka_descriptionConfig.cmake
[0.248s] -- Up-to-date symlink: /home/zac/franka_ws/install/franka_description/share/franka_description/cmake/franka_descriptionConfig-version.cmake
[0.248s] -- Up-to-date symlink: /home/zac/franka_ws/install/franka_description/share/franka_description/package.xml
[0.253s] Invoked command in '/home/zac/franka_ws/build/franka_description' returned '0': CMAKE_PREFIX_PATH=/opt/ros/humble /usr/bin/cmake --install /home/zac/franka_ws/build/franka_description
