[0.013s] Invoking command in '/home/zac/franka_ws/build/franka_hardware': AMENT_PREFIX_PATH=/home/zac/franka_ws/install/franka_msgs:${AMENT_PREFIX_PATH} CMAKE_PREFIX_PATH=/home/zac/franka_ws/install/franka_msgs:/opt/ros/humble LD_LIBRARY_PATH=/home/zac/franka_ws/install/franka_msgs/lib:${LD_LIBRARY_PATH} PYTHONPATH=/home/zac/franka_ws/install/franka_msgs/local/lib/python3.10/dist-packages:${PYTHONPATH} /usr/bin/cmake --build /home/zac/franka_ws/build/franka_hardware -- -j8 -l8
[0.041s] -- Found ament_cmake: 1.3.10 (/opt/ros/humble/share/ament_cmake/cmake)
[0.179s] -- Found rclcpp: 16.0.10 (/opt/ros/humble/share/rclcpp/cmake)
[0.213s] -- Found rosidl_generator_c: 3.1.5 (/opt/ros/humble/share/rosidl_generator_c/cmake)
[0.216s] -- Found rosidl_adapter: 3.1.5 (/opt/ros/humble/share/rosidl_adapter/cmake)
[0.222s] -- Found rosidl_generator_cpp: 3.1.5 (/opt/ros/humble/share/rosidl_generator_cpp/cmake)
[0.233s] -- Using all available rosidl_typesupport_c: rosidl_typesupport_fastrtps_c;rosidl_typesupport_introspection_c
[0.247s] -- Using all available rosidl_typesupport_cpp: rosidl_typesupport_fastrtps_cpp;rosidl_typesupport_introspection_cpp
[0.283s] -- Found rmw_implementation_cmake: 6.1.2 (/opt/ros/humble/share/rmw_implementation_cmake/cmake)
[0.284s] -- Found rmw_fastrtps_cpp: 6.2.7 (/opt/ros/humble/share/rmw_fastrtps_cpp/cmake)
[0.415s] -- Using RMW implementation 'rmw_fastrtps_cpp' as default
[0.470s] -- Found rclcpp_action: 16.0.10 (/opt/ros/humble/share/rclcpp_action/cmake)
[0.504s] -- Found franka_msgs: 0.1.15 (/home/zac/franka_ws/install/franka_msgs/share/franka_msgs/cmake)
[0.564s] -- Found hardware_interface: 2.42.0 (/opt/ros/humble/share/hardware_interface/cmake)
[0.673s] -- Found rclcpp_components: 16.0.10 (/opt/ros/humble/share/rclcpp_components/cmake)
[0.700s] -- Found ament_cmake_clang_format: 0.12.11 (/opt/ros/humble/share/ament_cmake_clang_format/cmake)
[0.701s] -- Found ament_cmake_copyright: 0.12.11 (/opt/ros/humble/share/ament_cmake_copyright/cmake)
[0.702s] -- Found ament_cmake_cppcheck: 0.12.11 (/opt/ros/humble/share/ament_cmake_cppcheck/cmake)
[0.702s] -- Found ament_cmake_flake8: 0.12.11 (/opt/ros/humble/share/ament_cmake_flake8/cmake)
[0.703s] -- Found ament_cmake_lint_cmake: 0.12.11 (/opt/ros/humble/share/ament_cmake_lint_cmake/cmake)
[0.704s] -- Found ament_cmake_pep257: 0.12.11 (/opt/ros/humble/share/ament_cmake_pep257/cmake)
[0.704s] -- Found ament_cmake_xmllint: 0.12.11 (/opt/ros/humble/share/ament_cmake_xmllint/cmake)
[0.707s] -- Found ament_cmake_gmock: 1.3.10 (/opt/ros/humble/share/ament_cmake_gmock/cmake)
[0.708s] -- Found gmock sources under '/opt/ros/humble/src/gmock_vendor': C++ tests using 'Google Mock' will be built
[0.710s] -- Found ament_cmake_gtest: 1.3.10 (/opt/ros/humble/share/ament_cmake_gtest/cmake)
[0.711s] -- Found gtest sources under '/opt/ros/humble/src/gtest_vendor': C++ tests using 'Google Test' will be built
[0.788s] -- Configuring done
[0.917s] -- Generating done
[0.921s] -- Build files have been written to: /home/zac/franka_ws/build/franka_hardware
[0.955s] [35m[1mConsolidate compiler generated dependencies of target gmock_main[0m
[0.959s] [35m[1mConsolidate compiler generated dependencies of target franka_hardware[0m
[0.960s] [35m[1mConsolidate compiler generated dependencies of target gmock[0m
[0.972s] [ 11%] Built target gmock_main
[0.985s] [ 27%] Built target gmock
[0.998s] [ 33%] [32mBuilding CXX object CMakeFiles/franka_hardware.dir/src/franka_action_server.cpp.o[0m
[1.001s] [ 38%] [32mBuilding CXX object CMakeFiles/franka_hardware.dir/src/franka_hardware_interface.cpp.o[0m
[1.003s] [ 44%] [32mBuilding CXX object CMakeFiles/franka_hardware.dir/src/robot.cpp.o[0m
[1.003s] [ 50%] [32mBuilding CXX object CMakeFiles/franka_hardware.dir/src/franka_param_service_server.cpp.o[0m
[11.136s] [ 55%] [32m[1mLinking CXX shared library libfranka_hardware.so[0m
[11.389s] [ 61%] Built target franka_hardware
[11.402s] [35m[1mConsolidate compiler generated dependencies of target franka_hardware_robot_test[0m
[11.402s] [35m[1mConsolidate compiler generated dependencies of target franka_hardware_command_interface_test[0m
[11.403s] [35m[1mConsolidate compiler generated dependencies of target franka_hardware_test[0m
[11.429s] [ 66%] [32mBuilding CXX object test/CMakeFiles/franka_hardware_command_interface_test.dir/franka_hardware_cartesian_command_interface_test.cpp.o[0m
[11.429s] [ 72%] [32mBuilding CXX object test/CMakeFiles/franka_hardware_robot_test.dir/franka_robot_test.cpp.o[0m
[11.435s] [ 77%] [32mBuilding CXX object test/CMakeFiles/franka_hardware_test.dir/franka_action_server_test.cpp.o[0m
[11.436s] [ 83%] [32mBuilding CXX object test/CMakeFiles/franka_hardware_test.dir/franka_hardware_interface_test.cpp.o[0m
[18.203s] In file included from [01m[K/opt/ros/humble/src/gtest_vendor/include/gtest/gtest.h:375[m[K,
[18.204s]                  from [01m[K/opt/ros/humble/src/gmock_vendor/include/gmock/internal/gmock-internal-utils.h:47[m[K,
[18.204s]                  from [01m[K/opt/ros/humble/src/gmock_vendor/include/gmock/gmock-actions.h:51[m[K,
[18.204s]                  from [01m[K/opt/ros/humble/src/gmock_vendor/include/gmock/gmock.h:59[m[K,
[18.204s]                  from [01m[K/home/zac/franka_ws/src/franka_ros2/franka_hardware/test/franka_hardware_interface_test.cpp:15[m[K:
[18.204s] [01m[K/home/zac/franka_ws/src/franka_ros2/franka_hardware/test/franka_hardware_interface_test.cpp:[m[K In member function ‘[01m[Kvirtual void FrankaHardwareInterfaceTest_given_that_the_robot_interfaces_are_set_when_call_export_state_interface_robot_model_interface_exists_Test::TestBody()[m[K’:
[18.204s] [01m[K/home/zac/franka_ws/src/franka_ros2/franka_hardware/test/franka_hardware_interface_test.cpp:187:16:[m[K [01;35m[Kwarning: [m[Kdereferencing type-punned pointer will break strict-aliasing rules [[01;35m[K]8;;https://gcc.gnu.org/onlinedocs/gcc/Warning-Options.html#index-Wstrict-aliasing-Wstrict-aliasing]8;;[m[K]
[18.204s]   187 |               *[01;35m[Kreinterpret_cast<double*>(&model_address)[m[K,
[18.204s]       |                [01;35m[K^~~~~~~~~~~~~~~~~~~~~~~~~~~~~~~~~~~~~~~~~[m[K
[18.206s] [01m[K/home/zac/franka_ws/src/franka_ros2/franka_hardware/test/franka_hardware_interface_test.cpp:[m[K In member function ‘[01m[Kvirtual void FrankaHardwareInterfaceTest_given_that_the_robot_interfaces_are_set_when_call_export_state_interface_robot_state_interface_exists_Test::TestBody()[m[K’:
[18.206s] [01m[K/home/zac/franka_ws/src/franka_ros2/franka_hardware/test/franka_hardware_interface_test.cpp:219:16:[m[K [01;35m[Kwarning: [m[Kdereferencing type-punned pointer will break strict-aliasing rules [[01;35m[K]8;;https://gcc.gnu.org/onlinedocs/gcc/Warning-Options.html#index-Wstrict-aliasing-Wstrict-aliasing]8;;[m[K]
[18.207s]   219 |               *[01;35m[Kreinterpret_cast<double*>(&robot_state_address)[m[K,
[18.207s]       |                [01;35m[K^~~~~~~~~~~~~~~~~~~~~~~~~~~~~~~~~~~~~~~~~~~~~~~[m[K
[25.377s] [ 88%] [32m[1mLinking CXX executable franka_hardware_robot_test[0m
[25.680s] [ 88%] Built target franka_hardware_robot_test
[26.387s] [ 94%] [32m[1mLinking CXX executable franka_hardware_command_interface_test[0m
[26.727s] [ 94%] Built target franka_hardware_command_interface_test
[36.886s] [100%] [32m[1mLinking CXX executable franka_hardware_test[0m
[37.269s] [100%] Built target franka_hardware_test
[37.283s] Invoked command in '/home/zac/franka_ws/build/franka_hardware' returned '0': AMENT_PREFIX_PATH=/home/zac/franka_ws/install/franka_msgs:${AMENT_PREFIX_PATH} CMAKE_PREFIX_PATH=/home/zac/franka_ws/install/franka_msgs:/opt/ros/humble LD_LIBRARY_PATH=/home/zac/franka_ws/install/franka_msgs/lib:${LD_LIBRARY_PATH} PYTHONPATH=/home/zac/franka_ws/install/franka_msgs/local/lib/python3.10/dist-packages:${PYTHONPATH} /usr/bin/cmake --build /home/zac/franka_ws/build/franka_hardware -- -j8 -l8
[37.330s] Invoking command in '/home/zac/franka_ws/build/franka_hardware': AMENT_PREFIX_PATH=/home/zac/franka_ws/install/franka_msgs:${AMENT_PREFIX_PATH} CMAKE_PREFIX_PATH=/home/zac/franka_ws/install/franka_msgs:/opt/ros/humble LD_LIBRARY_PATH=/home/zac/franka_ws/install/franka_msgs/lib:${LD_LIBRARY_PATH} PYTHONPATH=/home/zac/franka_ws/install/franka_msgs/local/lib/python3.10/dist-packages:${PYTHONPATH} /usr/bin/cmake --install /home/zac/franka_ws/build/franka_hardware
[37.339s] -- Install configuration: "Release"
[37.339s] -- Up-to-date: /home/zac/franka_ws/install/franka_hardware/share/franka_hardware/franka_hardware.xml
[37.339s] -- Installing: /home/zac/franka_ws/install/franka_hardware/lib/libfranka_hardware.so
[37.342s] -- Set runtime path of "/home/zac/franka_ws/install/franka_hardware/lib/libfranka_hardware.so" to ""
[37.342s] -- Up-to-date: /home/zac/franka_ws/install/franka_hardware/include
[37.343s] -- Up-to-date: /home/zac/franka_ws/install/franka_hardware/include/franka_hardware
[37.343s] -- Up-to-date: /home/zac/franka_ws/install/franka_hardware/include/franka_hardware/franka_hardware_interface.hpp
[37.343s] -- Up-to-date: /home/zac/franka_ws/install/franka_hardware/include/franka_hardware/franka_action_server.hpp
[37.343s] -- Up-to-date: /home/zac/franka_ws/install/franka_hardware/include/franka_hardware/franka_param_service_server.hpp
[37.343s] -- Up-to-date: /home/zac/franka_ws/install/franka_hardware/include/franka_hardware/robot.hpp
[37.344s] -- Up-to-date: /home/zac/franka_ws/install/franka_hardware/include/franka_hardware/franka_executor.hpp
[37.344s] -- Up-to-date: /home/zac/franka_ws/install/franka_hardware/include/franka_hardware/model.hpp
[37.344s] -- Up-to-date: /home/zac/franka_ws/install/franka_hardware/share/franka_hardware/environment/library_path.sh
[37.344s] -- Installing: /home/zac/franka_ws/install/franka_hardware/share/franka_hardware/environment/library_path.dsv
[37.344s] -- Up-to-date: /home/zac/franka_ws/install/franka_hardware/share/ament_index/resource_index/package_run_dependencies/franka_hardware
[37.345s] -- Up-to-date: /home/zac/franka_ws/install/franka_hardware/share/ament_index/resource_index/parent_prefix_path/franka_hardware
[37.345s] -- Up-to-date: /home/zac/franka_ws/install/franka_hardware/share/franka_hardware/environment/ament_prefix_path.sh
[37.345s] -- Installing: /home/zac/franka_ws/install/franka_hardware/share/franka_hardware/environment/ament_prefix_path.dsv
[37.345s] -- Up-to-date: /home/zac/franka_ws/install/franka_hardware/share/franka_hardware/environment/path.sh
[37.345s] -- Installing: /home/zac/franka_ws/install/franka_hardware/share/franka_hardware/environment/path.dsv
[37.346s] -- Up-to-date: /home/zac/franka_ws/install/franka_hardware/share/franka_hardware/local_setup.bash
[37.346s] -- Up-to-date: /home/zac/franka_ws/install/franka_hardware/share/franka_hardware/local_setup.sh
[37.346s] -- Up-to-date: /home/zac/franka_ws/install/franka_hardware/share/franka_hardware/local_setup.zsh
[37.346s] -- Installing: /home/zac/franka_ws/install/franka_hardware/share/franka_hardware/local_setup.dsv
[37.346s] -- Installing: /home/zac/franka_ws/install/franka_hardware/share/franka_hardware/package.dsv
[37.346s] -- Up-to-date: /home/zac/franka_ws/install/franka_hardware/share/ament_index/resource_index/packages/franka_hardware
[37.346s] -- Up-to-date: /home/zac/franka_ws/install/franka_hardware/share/ament_index/resource_index/hardware_interface__pluginlib__plugin/franka_hardware
[37.347s] -- Up-to-date: /home/zac/franka_ws/install/franka_hardware/share/franka_hardware/cmake/ament_cmake_export_include_directories-extras.cmake
[37.347s] -- Up-to-date: /home/zac/franka_ws/install/franka_hardware/share/franka_hardware/cmake/ament_cmake_export_libraries-extras.cmake
[37.347s] -- Up-to-date: /home/zac/franka_ws/install/franka_hardware/share/franka_hardware/cmake/ament_cmake_export_dependencies-extras.cmake
[37.347s] -- Up-to-date: /home/zac/franka_ws/install/franka_hardware/share/franka_hardware/cmake/franka_hardwareConfig.cmake
[37.347s] -- Up-to-date: /home/zac/franka_ws/install/franka_hardware/share/franka_hardware/cmake/franka_hardwareConfig-version.cmake
[37.347s] -- Up-to-date: /home/zac/franka_ws/install/franka_hardware/share/franka_hardware/package.xml
[37.349s] Invoked command in '/home/zac/franka_ws/build/franka_hardware' returned '0': AMENT_PREFIX_PATH=/home/zac/franka_ws/install/franka_msgs:${AMENT_PREFIX_PATH} CMAKE_PREFIX_PATH=/home/zac/franka_ws/install/franka_msgs:/opt/ros/humble LD_LIBRARY_PATH=/home/zac/franka_ws/install/franka_msgs/lib:${LD_LIBRARY_PATH} PYTHONPATH=/home/zac/franka_ws/install/franka_msgs/local/lib/python3.10/dist-packages:${PYTHONPATH} /usr/bin/cmake --install /home/zac/franka_ws/build/franka_hardware
