[0.056s] Invoking command in '/home/zac/franka_ws/build/moveit_ros_perception': AMENT_PREFIX_PATH=/home/zac/franka_ws/install/moveit_ros_planning:/home/zac/franka_ws/install/moveit_ros_occupancy_map_monitor:/home/zac/franka_ws/install/moveit_core:${AMENT_PREFIX_PATH} CMAKE_PREFIX_PATH=/home/zac/franka_ws/install/moveit_ros_planning:/home/zac/franka_ws/install/moveit_ros_occupancy_map_monitor:/home/zac/franka_ws/install/moveit_core:/home/zac/franka_ws/install/moveit_common:/home/zac/franka_ws/install/moveit_resources_prbt_support:/home/zac/franka_ws/install/joint_trajectory_controller:/home/zac/franka_ws/install/integration_launch_testing:/home/zac/franka_ws/install/franka_bringup:/home/zac/franka_ws/install/franka_robot_state_broadcaster:/home/zac/franka_ws/install/franka_example_controllers:/home/zac/franka_ws/install/franka_semantic_components:/home/zac/franka_ws/install/franka_gazebo_bringup:/home/zac/franka_ws/install/franka_ign_ros2_control:/home/zac/franka_ws/install/franka_fr3_moveit_config:/home/zac/franka_ws/install/franka_hardware:/home/zac/franka_ws/install/franka_gripper:/home/zac/franka_ws/install/franka_msgs:/home/zac/franka_ws/install/franka_description:/home/zac/franka_ws/install/moveit_configs_utils:/opt/ros/humble LD_LIBRARY_PATH=/home/zac/franka_ws/install/moveit_ros_planning/lib:/home/zac/franka_ws/install/moveit_ros_occupancy_map_monitor/lib:/home/zac/franka_ws/install/moveit_core/lib:${LD_LIBRARY_PATH} PATH=/home/zac/franka_ws/install/moveit_core/bin:${PATH} /usr/bin/cmake /home/zac/franka_ws/src/moveit2/moveit_ros/perception -DCMAKE_INSTALL_PREFIX=/home/zac/franka_ws/install/moveit_ros_perception
[0.180s] -- The C compiler identification is GNU 11.4.0
[0.309s] -- The CXX compiler identification is GNU 11.4.0
[0.324s] -- Detecting C compiler ABI info
[0.482s] -- Detecting C compiler ABI info - done
[0.494s] -- Check for working C compiler: /usr/bin/cc - skipped
[0.494s] -- Detecting C compile features
[0.495s] -- Detecting C compile features - done
[0.501s] -- Detecting CXX compiler ABI info
[0.660s] -- Detecting CXX compiler ABI info - done
[0.679s] -- Check for working CXX compiler: /usr/bin/c++ - skipped
[0.679s] -- Detecting CXX compile features
[0.679s] -- Detecting CXX compile features - done
[0.681s] -- Found moveit_common: 2.5.5 (/home/zac/franka_ws/install/moveit_common/share/moveit_common/cmake)
[0.694s] -- Found ament_cmake: 1.3.10 (/opt/ros/humble/share/ament_cmake/cmake)
[1.084s] -- Found Python3: /usr/bin/python3 (found version "3.10.12") found components: Interpreter 
[1.629s] [0mmoveit_ros_perception: You did not request a specific build type: Choosing 'Release' for maximum performance[0m
[1.669s] -- Found OpenGL: /usr/lib/x86_64-linux-gnu/libOpenGL.so   
[1.850s] -- Found GLEW: /usr/include (found version "2.2.0") 
[1.878s] -- Found PkgConfig: /usr/bin/pkg-config (found version "0.29.2") 
[1.879s] -- Checking for module 'glut'
[1.887s] --   No package 'glut' found
[1.895s] -- Found GLUT: /usr/lib/x86_64-linux-gnu/libglut.so  
[1.906s] -- Found cv_bridge: 3.2.1 (/opt/ros/humble/share/cv_bridge/cmake)
[2.079s] -- Found rosidl_generator_c: 3.1.5 (/opt/ros/humble/share/rosidl_generator_c/cmake)
[2.107s] -- Found rosidl_adapter: 3.1.5 (/opt/ros/humble/share/rosidl_adapter/cmake)
[2.142s] -- Found rosidl_generator_cpp: 3.1.5 (/opt/ros/humble/share/rosidl_generator_cpp/cmake)
[2.197s] -- Using all available rosidl_typesupport_c: rosidl_typesupport_fastrtps_c;rosidl_typesupport_introspection_c
[2.271s] -- Using all available rosidl_typesupport_cpp: rosidl_typesupport_fastrtps_cpp;rosidl_typesupport_introspection_cpp
[2.509s] -- Found moveit_core: 2.5.5 (/home/zac/franka_ws/install/moveit_core/share/moveit_core/cmake)
[3.062s] -- Found Boost: /usr/lib/x86_64-linux-gnu/cmake/Boost-1.74.0/BoostConfig.cmake (found version "1.74.0") found components: chrono date_time filesystem iostreams program_options regex serialization system thread 
[3.254s] -- Found parameter_traits: 0.3.8 (/opt/ros/humble/share/parameter_traits/cmake)
[3.442s] -- Found rmw_implementation_cmake: 6.1.2 (/opt/ros/humble/share/rmw_implementation_cmake/cmake)
[3.459s] -- Found rmw_fastrtps_cpp: 6.2.7 (/opt/ros/humble/share/rmw_fastrtps_cpp/cmake)
[3.733s] -- Found OpenSSL: /usr/lib/x86_64-linux-gnu/libcrypto.so (found version "3.0.2")  
[3.787s] -- Found FastRTPS: /opt/ros/humble/include  
[3.975s] -- Using RMW implementation 'rmw_fastrtps_cpp' as default
[4.021s] -- Found Threads: TRUE  
[4.178s] -- Found Eigen3: TRUE (found version "3.4.0") 
[4.192s] -- Found rclcpp_lifecycle: 16.0.10 (/opt/ros/humble/share/rclcpp_lifecycle/cmake)
[4.281s] -- Found Boost: /usr/lib/x86_64-linux-gnu/cmake/Boost-1.74.0/BoostConfig.cmake (found version "1.74.0") found components: filesystem 
[4.585s] -- library: /usr/lib/x86_64-linux-gnu/libcurl.so
[4.770s] -- Ensuring Eigen3 include directory is part of orocos-kdl CMake target
[5.611s] -- Found image_transport: 3.1.9 (/opt/ros/humble/share/image_transport/cmake)
[5.620s] -- Found moveit_ros_occupancy_map_monitor: 2.5.5 (/home/zac/franka_ws/install/moveit_ros_occupancy_map_monitor/share/moveit_ros_occupancy_map_monitor/cmake)
[6.262s] -- Found OpenMP_C: -fopenmp (found version "4.5") 
[6.476s] -- Found OpenMP_CXX: -fopenmp (found version "4.5") 
[6.477s] -- Found OpenMP: TRUE (found version "4.5")  
[6.489s] -- Found OpenCV: /usr (found version "4.5.4") 
[6.498s] -- Found Boost: /usr/lib/x86_64-linux-gnu/cmake/Boost-1.74.0/BoostConfig.cmake (found version "1.74.0") found components: thread 
[6.590s] -- Performing Test COMPILER_HAS_HIDDEN_VISIBILITY
[6.758s] -- Performing Test COMPILER_HAS_HIDDEN_VISIBILITY - Success
[6.758s] -- Performing Test COMPILER_HAS_HIDDEN_INLINE_VISIBILITY
[6.909s] -- Performing Test COMPILER_HAS_HIDDEN_INLINE_VISIBILITY - Success
[6.910s] -- Performing Test COMPILER_HAS_DEPRECATED_ATTR
[7.077s] -- Performing Test COMPILER_HAS_DEPRECATED_ATTR - Success
[7.183s] -- Found ament_lint_auto: 0.12.11 (/opt/ros/humble/share/ament_lint_auto/cmake)
[7.272s] -- Added test 'cppcheck' to perform static code analysis on C / C++ code
[7.274s] -- Configured cppcheck include dirs: /home/zac/franka_ws/src/moveit2/moveit_ros/perception/depth_image_octomap_updater/include;/home/zac/franka_ws/src/moveit2/moveit_ros/perception/lazy_free_space_updater/include;/home/zac/franka_ws/src/moveit2/moveit_ros/perception/mesh_filter/include;/home/zac/franka_ws/src/moveit2/moveit_ros/perception/point_containment_filter/include;/home/zac/franka_ws/src/moveit2/moveit_ros/perception/pointcloud_octomap_updater/include;/home/zac/franka_ws/src/moveit2/moveit_ros/perception/semantic_world/include
[7.274s] -- Configured cppcheck exclude dirs and/or files: 
[7.281s] -- Added test 'lint_cmake' to check CMake code style
[7.286s] -- Added test 'xmllint' to check XML markup files
[7.293s] -- Configuring done
[7.653s] -- Generating done
[7.663s] -- Build files have been written to: /home/zac/franka_ws/build/moveit_ros_perception
[7.702s] Invoked command in '/home/zac/franka_ws/build/moveit_ros_perception' returned '0': AMENT_PREFIX_PATH=/home/zac/franka_ws/install/moveit_ros_planning:/home/zac/franka_ws/install/moveit_ros_occupancy_map_monitor:/home/zac/franka_ws/install/moveit_core:${AMENT_PREFIX_PATH} CMAKE_PREFIX_PATH=/home/zac/franka_ws/install/moveit_ros_planning:/home/zac/franka_ws/install/moveit_ros_occupancy_map_monitor:/home/zac/franka_ws/install/moveit_core:/home/zac/franka_ws/install/moveit_common:/home/zac/franka_ws/install/moveit_resources_prbt_support:/home/zac/franka_ws/install/joint_trajectory_controller:/home/zac/franka_ws/install/integration_launch_testing:/home/zac/franka_ws/install/franka_bringup:/home/zac/franka_ws/install/franka_robot_state_broadcaster:/home/zac/franka_ws/install/franka_example_controllers:/home/zac/franka_ws/install/franka_semantic_components:/home/zac/franka_ws/install/franka_gazebo_bringup:/home/zac/franka_ws/install/franka_ign_ros2_control:/home/zac/franka_ws/install/franka_fr3_moveit_config:/home/zac/franka_ws/install/franka_hardware:/home/zac/franka_ws/install/franka_gripper:/home/zac/franka_ws/install/franka_msgs:/home/zac/franka_ws/install/franka_description:/home/zac/franka_ws/install/moveit_configs_utils:/opt/ros/humble LD_LIBRARY_PATH=/home/zac/franka_ws/install/moveit_ros_planning/lib:/home/zac/franka_ws/install/moveit_ros_occupancy_map_monitor/lib:/home/zac/franka_ws/install/moveit_core/lib:${LD_LIBRARY_PATH} PATH=/home/zac/franka_ws/install/moveit_core/bin:${PATH} /usr/bin/cmake /home/zac/franka_ws/src/moveit2/moveit_ros/perception -DCMAKE_INSTALL_PREFIX=/home/zac/franka_ws/install/moveit_ros_perception
[7.706s] Invoking command in '/home/zac/franka_ws/build/moveit_ros_perception': AMENT_PREFIX_PATH=/home/zac/franka_ws/install/moveit_ros_planning:/home/zac/franka_ws/install/moveit_ros_occupancy_map_monitor:/home/zac/franka_ws/install/moveit_core:${AMENT_PREFIX_PATH} CMAKE_PREFIX_PATH=/home/zac/franka_ws/install/moveit_ros_planning:/home/zac/franka_ws/install/moveit_ros_occupancy_map_monitor:/home/zac/franka_ws/install/moveit_core:/home/zac/franka_ws/install/moveit_common:/home/zac/franka_ws/install/moveit_resources_prbt_support:/home/zac/franka_ws/install/joint_trajectory_controller:/home/zac/franka_ws/install/integration_launch_testing:/home/zac/franka_ws/install/franka_bringup:/home/zac/franka_ws/install/franka_robot_state_broadcaster:/home/zac/franka_ws/install/franka_example_controllers:/home/zac/franka_ws/install/franka_semantic_components:/home/zac/franka_ws/install/franka_gazebo_bringup:/home/zac/franka_ws/install/franka_ign_ros2_control:/home/zac/franka_ws/install/franka_fr3_moveit_config:/home/zac/franka_ws/install/franka_hardware:/home/zac/franka_ws/install/franka_gripper:/home/zac/franka_ws/install/franka_msgs:/home/zac/franka_ws/install/franka_description:/home/zac/franka_ws/install/moveit_configs_utils:/opt/ros/humble LD_LIBRARY_PATH=/home/zac/franka_ws/install/moveit_ros_planning/lib:/home/zac/franka_ws/install/moveit_ros_occupancy_map_monitor/lib:/home/zac/franka_ws/install/moveit_core/lib:${LD_LIBRARY_PATH} PATH=/home/zac/franka_ws/install/moveit_core/bin:${PATH} /usr/bin/cmake --build /home/zac/franka_ws/build/moveit_ros_perception -- -j8 -l8
[7.851s] [  5%] [32mBuilding CXX object lazy_free_space_updater/CMakeFiles/moveit_lazy_free_space_updater.dir/src/lazy_free_space_updater.cpp.o[0m
[11.906s] [ 10%] [32m[1mLinking CXX shared library libmoveit_lazy_free_space_updater.so[0m
[12.302s] [ 10%] Built target moveit_lazy_free_space_updater
[12.352s] [ 15%] [32mBuilding CXX object semantic_world/CMakeFiles/moveit_semantic_world.dir/src/semantic_world.cpp.o[0m
[55.685s] [ 20%] [32m[1mLinking CXX shared library libmoveit_semantic_world.so[0m
[56.548s] [ 20%] Built target moveit_semantic_world
[56.603s] [ 25%] [32mBuilding CXX object mesh_filter/CMakeFiles/moveit_mesh_filter.dir/src/mesh_filter_base.cpp.o[0m
[64.337s] [ 30%] [32mBuilding CXX object mesh_filter/CMakeFiles/moveit_mesh_filter.dir/src/gl_mesh.cpp.o[0m
[67.062s] [ 35%] [32mBuilding CXX object mesh_filter/CMakeFiles/moveit_mesh_filter.dir/src/gl_renderer.cpp.o[0m
[69.696s] [ 40%] [32mBuilding CXX object mesh_filter/CMakeFiles/moveit_mesh_filter.dir/src/stereo_camera_model.cpp.o[0m
[72.726s] [ 45%] [32mBuilding CXX object mesh_filter/CMakeFiles/moveit_mesh_filter.dir/src/sensor_model.cpp.o[0m
[75.278s] [ 50%] [32m[1mLinking CXX shared library libmoveit_mesh_filter.so[0m
[75.899s] [ 50%] Built target moveit_mesh_filter
[75.957s] [ 55%] [32mBuilding CXX object point_containment_filter/CMakeFiles/moveit_point_containment_filter.dir/src/shape_mask.cpp.o[0m
[82.017s] [ 60%] [32m[1mLinking CXX shared library libmoveit_point_containment_filter.so[0m
[82.378s] [ 60%] Built target moveit_point_containment_filter
[82.439s] [ 65%] [32mBuilding CXX object depth_image_octomap_updater/CMakeFiles/moveit_depth_image_octomap_updater_core.dir/src/depth_image_octomap_updater.cpp.o[0m
[96.735s] [ 70%] [32m[1mLinking CXX shared library libmoveit_depth_image_octomap_updater_core.so[0m
[97.188s] [ 70%] Built target moveit_depth_image_octomap_updater_core
[97.238s] [ 75%] [32mBuilding CXX object pointcloud_octomap_updater/CMakeFiles/moveit_pointcloud_octomap_updater_core.dir/src/pointcloud_octomap_updater.cpp.o[0m
[129.003s] [ 80%] [32m[1mLinking CXX shared library libmoveit_pointcloud_octomap_updater_core.so[0m
[129.637s] [ 80%] Built target moveit_pointcloud_octomap_updater_core
[129.714s] [ 85%] [32mBuilding CXX object depth_image_octomap_updater/CMakeFiles/moveit_depth_image_octomap_updater.dir/src/updater_plugin.cpp.o[0m
[139.111s] [ 90%] [32m[1mLinking CXX shared library libmoveit_depth_image_octomap_updater.so[0m
[139.473s] [ 90%] Built target moveit_depth_image_octomap_updater
[139.523s] [ 95%] [32mBuilding CXX object pointcloud_octomap_updater/CMakeFiles/moveit_pointcloud_octomap_updater.dir/src/plugin_init.cpp.o[0m
[149.471s] [100%] [32m[1mLinking CXX shared library libmoveit_pointcloud_octomap_updater.so[0m
[149.956s] [100%] Built target moveit_pointcloud_octomap_updater
[149.985s] Invoked command in '/home/zac/franka_ws/build/moveit_ros_perception' returned '0': AMENT_PREFIX_PATH=/home/zac/franka_ws/install/moveit_ros_planning:/home/zac/franka_ws/install/moveit_ros_occupancy_map_monitor:/home/zac/franka_ws/install/moveit_core:${AMENT_PREFIX_PATH} CMAKE_PREFIX_PATH=/home/zac/franka_ws/install/moveit_ros_planning:/home/zac/franka_ws/install/moveit_ros_occupancy_map_monitor:/home/zac/franka_ws/install/moveit_core:/home/zac/franka_ws/install/moveit_common:/home/zac/franka_ws/install/moveit_resources_prbt_support:/home/zac/franka_ws/install/joint_trajectory_controller:/home/zac/franka_ws/install/integration_launch_testing:/home/zac/franka_ws/install/franka_bringup:/home/zac/franka_ws/install/franka_robot_state_broadcaster:/home/zac/franka_ws/install/franka_example_controllers:/home/zac/franka_ws/install/franka_semantic_components:/home/zac/franka_ws/install/franka_gazebo_bringup:/home/zac/franka_ws/install/franka_ign_ros2_control:/home/zac/franka_ws/install/franka_fr3_moveit_config:/home/zac/franka_ws/install/franka_hardware:/home/zac/franka_ws/install/franka_gripper:/home/zac/franka_ws/install/franka_msgs:/home/zac/franka_ws/install/franka_description:/home/zac/franka_ws/install/moveit_configs_utils:/opt/ros/humble LD_LIBRARY_PATH=/home/zac/franka_ws/install/moveit_ros_planning/lib:/home/zac/franka_ws/install/moveit_ros_occupancy_map_monitor/lib:/home/zac/franka_ws/install/moveit_core/lib:${LD_LIBRARY_PATH} PATH=/home/zac/franka_ws/install/moveit_core/bin:${PATH} /usr/bin/cmake --build /home/zac/franka_ws/build/moveit_ros_perception -- -j8 -l8
[150.072s] Invoking command in '/home/zac/franka_ws/build/moveit_ros_perception': AMENT_PREFIX_PATH=/home/zac/franka_ws/install/moveit_ros_planning:/home/zac/franka_ws/install/moveit_ros_occupancy_map_monitor:/home/zac/franka_ws/install/moveit_core:${AMENT_PREFIX_PATH} CMAKE_PREFIX_PATH=/home/zac/franka_ws/install/moveit_ros_planning:/home/zac/franka_ws/install/moveit_ros_occupancy_map_monitor:/home/zac/franka_ws/install/moveit_core:/home/zac/franka_ws/install/moveit_common:/home/zac/franka_ws/install/moveit_resources_prbt_support:/home/zac/franka_ws/install/joint_trajectory_controller:/home/zac/franka_ws/install/integration_launch_testing:/home/zac/franka_ws/install/franka_bringup:/home/zac/franka_ws/install/franka_robot_state_broadcaster:/home/zac/franka_ws/install/franka_example_controllers:/home/zac/franka_ws/install/franka_semantic_components:/home/zac/franka_ws/install/franka_gazebo_bringup:/home/zac/franka_ws/install/franka_ign_ros2_control:/home/zac/franka_ws/install/franka_fr3_moveit_config:/home/zac/franka_ws/install/franka_hardware:/home/zac/franka_ws/install/franka_gripper:/home/zac/franka_ws/install/franka_msgs:/home/zac/franka_ws/install/franka_description:/home/zac/franka_ws/install/moveit_configs_utils:/opt/ros/humble LD_LIBRARY_PATH=/home/zac/franka_ws/install/moveit_ros_planning/lib:/home/zac/franka_ws/install/moveit_ros_occupancy_map_monitor/lib:/home/zac/franka_ws/install/moveit_core/lib:${LD_LIBRARY_PATH} PATH=/home/zac/franka_ws/install/moveit_core/bin:${PATH} /usr/bin/cmake --install /home/zac/franka_ws/build/moveit_ros_perception
[150.089s] -- Install configuration: "Release"
[150.092s] -- Installing: /home/zac/franka_ws/install/moveit_ros_perception/include
[150.093s] -- Installing: /home/zac/franka_ws/install/moveit_ros_perception/include/moveit
[150.093s] -- Installing: /home/zac/franka_ws/install/moveit_ros_perception/include/moveit/lazy_free_space_updater
[150.093s] -- Installing: /home/zac/franka_ws/install/moveit_ros_perception/include/moveit/lazy_free_space_updater/lazy_free_space_updater.h
[150.093s] -- Up-to-date: /home/zac/franka_ws/install/moveit_ros_perception/include
[150.094s] -- Up-to-date: /home/zac/franka_ws/install/moveit_ros_perception/include/moveit
[150.094s] -- Installing: /home/zac/franka_ws/install/moveit_ros_perception/include/moveit/point_containment_filter
[150.094s] -- Installing: /home/zac/franka_ws/install/moveit_ros_perception/include/moveit/point_containment_filter/shape_mask.h
[150.094s] -- Up-to-date: /home/zac/franka_ws/install/moveit_ros_perception/include
[150.095s] -- Up-to-date: /home/zac/franka_ws/install/moveit_ros_perception/include/moveit
[150.095s] -- Installing: /home/zac/franka_ws/install/moveit_ros_perception/include/moveit/pointcloud_octomap_updater
[150.095s] -- Installing: /home/zac/franka_ws/install/moveit_ros_perception/include/moveit/pointcloud_octomap_updater/pointcloud_octomap_updater.h
[150.095s] -- Up-to-date: /home/zac/franka_ws/install/moveit_ros_perception/include
[150.096s] -- Up-to-date: /home/zac/franka_ws/install/moveit_ros_perception/include/moveit
[150.096s] -- Installing: /home/zac/franka_ws/install/moveit_ros_perception/include/moveit/mesh_filter
[150.096s] -- Installing: /home/zac/franka_ws/install/moveit_ros_perception/include/moveit/mesh_filter/filter_job.h
[150.096s] -- Installing: /home/zac/franka_ws/install/moveit_ros_perception/include/moveit/mesh_filter/stereo_camera_model.h
[150.097s] -- Installing: /home/zac/franka_ws/install/moveit_ros_perception/include/moveit/mesh_filter/mesh_filter.h
[150.097s] -- Installing: /home/zac/franka_ws/install/moveit_ros_perception/include/moveit/mesh_filter/sensor_model.h
[150.097s] -- Installing: /home/zac/franka_ws/install/moveit_ros_perception/include/moveit/mesh_filter/transform_provider.h
[150.098s] -- Installing: /home/zac/franka_ws/install/moveit_ros_perception/include/moveit/mesh_filter/gl_renderer.h
[150.099s] -- Installing: /home/zac/franka_ws/install/moveit_ros_perception/include/moveit/mesh_filter/depth_self_filter_nodelet.h
[150.101s] -- Installing: /home/zac/franka_ws/install/moveit_ros_perception/include/moveit/mesh_filter/mesh_filter_base.h
[150.101s] -- Installing: /home/zac/franka_ws/install/moveit_ros_perception/include/moveit/mesh_filter/gl_mesh.h
[150.101s] -- Installing: /home/zac/franka_ws/install/moveit_ros_perception/include/moveit_mesh_filter_export.h
[150.102s] -- Up-to-date: /home/zac/franka_ws/install/moveit_ros_perception/include
[150.102s] -- Up-to-date: /home/zac/franka_ws/install/moveit_ros_perception/include/moveit
[150.103s] -- Installing: /home/zac/franka_ws/install/moveit_ros_perception/include/moveit/depth_image_octomap_updater
[150.103s] -- Installing: /home/zac/franka_ws/install/moveit_ros_perception/include/moveit/depth_image_octomap_updater/depth_image_octomap_updater.h
[150.103s] -- Up-to-date: /home/zac/franka_ws/install/moveit_ros_perception/include
[150.104s] -- Up-to-date: /home/zac/franka_ws/install/moveit_ros_perception/include/moveit
[150.104s] -- Installing: /home/zac/franka_ws/install/moveit_ros_perception/include/moveit/semantic_world
[150.104s] -- Installing: /home/zac/franka_ws/install/moveit_ros_perception/include/moveit/semantic_world/semantic_world.h
[150.104s] -- Installing: /home/zac/franka_ws/install/moveit_ros_perception/lib/libmoveit_depth_image_octomap_updater.so.2.5.5
[150.107s] -- Set runtime path of "/home/zac/franka_ws/install/moveit_ros_perception/lib/libmoveit_depth_image_octomap_updater.so.2.5.5" to ""
[150.107s] -- Installing: /home/zac/franka_ws/install/moveit_ros_perception/lib/libmoveit_depth_image_octomap_updater.so
[150.107s] -- Installing: /home/zac/franka_ws/install/moveit_ros_perception/lib/libmoveit_depth_image_octomap_updater_core.so.2.5.5
[150.108s] -- Set runtime path of "/home/zac/franka_ws/install/moveit_ros_perception/lib/libmoveit_depth_image_octomap_updater_core.so.2.5.5" to ""
[150.109s] -- Installing: /home/zac/franka_ws/install/moveit_ros_perception/lib/libmoveit_depth_image_octomap_updater_core.so
[150.109s] -- Installing: /home/zac/franka_ws/install/moveit_ros_perception/lib/libmoveit_lazy_free_space_updater.so.2.5.5
[150.111s] -- Set runtime path of "/home/zac/franka_ws/install/moveit_ros_perception/lib/libmoveit_lazy_free_space_updater.so.2.5.5" to ""
[150.111s] -- Installing: /home/zac/franka_ws/install/moveit_ros_perception/lib/libmoveit_lazy_free_space_updater.so
[150.111s] -- Installing: /home/zac/franka_ws/install/moveit_ros_perception/lib/libmoveit_mesh_filter.so.2.5.5
[150.112s] -- Set runtime path of "/home/zac/franka_ws/install/moveit_ros_perception/lib/libmoveit_mesh_filter.so.2.5.5" to ""
[150.112s] -- Installing: /home/zac/franka_ws/install/moveit_ros_perception/lib/libmoveit_mesh_filter.so
[150.113s] -- Installing: /home/zac/franka_ws/install/moveit_ros_perception/lib/libmoveit_point_containment_filter.so.2.5.5
[150.114s] -- Set runtime path of "/home/zac/franka_ws/install/moveit_ros_perception/lib/libmoveit_point_containment_filter.so.2.5.5" to ""
[150.115s] -- Installing: /home/zac/franka_ws/install/moveit_ros_perception/lib/libmoveit_point_containment_filter.so
[150.115s] -- Installing: /home/zac/franka_ws/install/moveit_ros_perception/lib/libmoveit_pointcloud_octomap_updater.so.2.5.5
[150.116s] -- Set runtime path of "/home/zac/franka_ws/install/moveit_ros_perception/lib/libmoveit_pointcloud_octomap_updater.so.2.5.5" to ""
[150.117s] -- Installing: /home/zac/franka_ws/install/moveit_ros_perception/lib/libmoveit_pointcloud_octomap_updater.so
[150.117s] -- Installing: /home/zac/franka_ws/install/moveit_ros_perception/lib/libmoveit_pointcloud_octomap_updater_core.so.2.5.5
[150.121s] -- Set runtime path of "/home/zac/franka_ws/install/moveit_ros_perception/lib/libmoveit_pointcloud_octomap_updater_core.so.2.5.5" to ""
[150.121s] -- Installing: /home/zac/franka_ws/install/moveit_ros_perception/lib/libmoveit_pointcloud_octomap_updater_core.so
[150.122s] -- Installing: /home/zac/franka_ws/install/moveit_ros_perception/lib/libmoveit_semantic_world.so.2.5.5
[150.126s] -- Set runtime path of "/home/zac/franka_ws/install/moveit_ros_perception/lib/libmoveit_semantic_world.so.2.5.5" to ""
[150.127s] -- Installing: /home/zac/franka_ws/install/moveit_ros_perception/lib/libmoveit_semantic_world.so
[150.128s] -- Installing: /home/zac/franka_ws/install/moveit_ros_perception/share/moveit_ros_perception/environment/library_path.sh
[150.128s] -- Installing: /home/zac/franka_ws/install/moveit_ros_perception/share/moveit_ros_perception/environment/library_path.dsv
[150.129s] -- Installing: /home/zac/franka_ws/install/moveit_ros_perception/share/moveit_ros_perception/pointcloud_octomap_updater_plugin_description.xml
[150.130s] -- Installing: /home/zac/franka_ws/install/moveit_ros_perception/share/moveit_ros_perception/depth_image_octomap_updater_plugin_description.xml
[150.131s] -- Installing: /home/zac/franka_ws/install/moveit_ros_perception/share/ament_index/resource_index/package_run_dependencies/moveit_ros_perception
[150.131s] -- Installing: /home/zac/franka_ws/install/moveit_ros_perception/share/ament_index/resource_index/parent_prefix_path/moveit_ros_perception
[150.132s] -- Installing: /home/zac/franka_ws/install/moveit_ros_perception/share/moveit_ros_perception/environment/ament_prefix_path.sh
[150.132s] -- Installing: /home/zac/franka_ws/install/moveit_ros_perception/share/moveit_ros_perception/environment/ament_prefix_path.dsv
[150.133s] -- Installing: /home/zac/franka_ws/install/moveit_ros_perception/share/moveit_ros_perception/environment/path.sh
[150.133s] -- Installing: /home/zac/franka_ws/install/moveit_ros_perception/share/moveit_ros_perception/environment/path.dsv
[150.134s] -- Installing: /home/zac/franka_ws/install/moveit_ros_perception/share/moveit_ros_perception/local_setup.bash
[150.134s] -- Installing: /home/zac/franka_ws/install/moveit_ros_perception/share/moveit_ros_perception/local_setup.sh
[150.135s] -- Installing: /home/zac/franka_ws/install/moveit_ros_perception/share/moveit_ros_perception/local_setup.zsh
[150.135s] -- Installing: /home/zac/franka_ws/install/moveit_ros_perception/share/moveit_ros_perception/local_setup.dsv
[150.136s] -- Installing: /home/zac/franka_ws/install/moveit_ros_perception/share/moveit_ros_perception/package.dsv
[150.137s] -- Installing: /home/zac/franka_ws/install/moveit_ros_perception/share/ament_index/resource_index/packages/moveit_ros_perception
[150.137s] -- Installing: /home/zac/franka_ws/install/moveit_ros_perception/share/ament_index/resource_index/moveit_ros_occupancy_map_monitor__pluginlib__plugin/moveit_ros_perception
[150.138s] -- Installing: /home/zac/franka_ws/install/moveit_ros_perception/share/moveit_ros_perception/cmake/export_moveit_ros_perceptionExport.cmake
[150.138s] -- Installing: /home/zac/franka_ws/install/moveit_ros_perception/share/moveit_ros_perception/cmake/export_moveit_ros_perceptionExport-release.cmake
[150.138s] -- Installing: /home/zac/franka_ws/install/moveit_ros_perception/share/moveit_ros_perception/cmake/ConfigExtras.cmake
[150.139s] -- Installing: /home/zac/franka_ws/install/moveit_ros_perception/share/moveit_ros_perception/cmake/ament_cmake_export_targets-extras.cmake
[150.139s] -- Installing: /home/zac/franka_ws/install/moveit_ros_perception/share/moveit_ros_perception/cmake/ament_cmake_export_dependencies-extras.cmake
[150.140s] -- Installing: /home/zac/franka_ws/install/moveit_ros_perception/share/moveit_ros_perception/cmake/moveit_ros_perceptionConfig.cmake
[150.140s] -- Installing: /home/zac/franka_ws/install/moveit_ros_perception/share/moveit_ros_perception/cmake/moveit_ros_perceptionConfig-version.cmake
[150.141s] -- Installing: /home/zac/franka_ws/install/moveit_ros_perception/share/moveit_ros_perception/package.xml
[150.146s] Invoked command in '/home/zac/franka_ws/build/moveit_ros_perception' returned '0': AMENT_PREFIX_PATH=/home/zac/franka_ws/install/moveit_ros_planning:/home/zac/franka_ws/install/moveit_ros_occupancy_map_monitor:/home/zac/franka_ws/install/moveit_core:${AMENT_PREFIX_PATH} CMAKE_PREFIX_PATH=/home/zac/franka_ws/install/moveit_ros_planning:/home/zac/franka_ws/install/moveit_ros_occupancy_map_monitor:/home/zac/franka_ws/install/moveit_core:/home/zac/franka_ws/install/moveit_common:/home/zac/franka_ws/install/moveit_resources_prbt_support:/home/zac/franka_ws/install/joint_trajectory_controller:/home/zac/franka_ws/install/integration_launch_testing:/home/zac/franka_ws/install/franka_bringup:/home/zac/franka_ws/install/franka_robot_state_broadcaster:/home/zac/franka_ws/install/franka_example_controllers:/home/zac/franka_ws/install/franka_semantic_components:/home/zac/franka_ws/install/franka_gazebo_bringup:/home/zac/franka_ws/install/franka_ign_ros2_control:/home/zac/franka_ws/install/franka_fr3_moveit_config:/home/zac/franka_ws/install/franka_hardware:/home/zac/franka_ws/install/franka_gripper:/home/zac/franka_ws/install/franka_msgs:/home/zac/franka_ws/install/franka_description:/home/zac/franka_ws/install/moveit_configs_utils:/opt/ros/humble LD_LIBRARY_PATH=/home/zac/franka_ws/install/moveit_ros_planning/lib:/home/zac/franka_ws/install/moveit_ros_occupancy_map_monitor/lib:/home/zac/franka_ws/install/moveit_core/lib:${LD_LIBRARY_PATH} PATH=/home/zac/franka_ws/install/moveit_core/bin:${PATH} /usr/bin/cmake --install /home/zac/franka_ws/build/moveit_ros_perception
