[0.066s] Invoking command in '/home/zac/franka_ws/build/franka_hardware': AMENT_PREFIX_PATH=/home/zac/franka_ws/install/franka_msgs:${AMENT_PREFIX_PATH} CMAKE_PREFIX_PATH=/home/zac/franka_ws/install/franka_msgs:/opt/ros/humble LD_LIBRARY_PATH=/home/zac/franka_ws/install/franka_msgs/lib:${LD_LIBRARY_PATH} PYTHONPATH=/home/zac/franka_ws/install/franka_msgs/local/lib/python3.10/dist-packages:${PYTHONPATH} /usr/bin/cmake --build /home/zac/franka_ws/build/franka_hardware -- -j8 -l8
[0.146s] -- Found ament_cmake: 1.3.10 (/opt/ros/humble/share/ament_cmake/cmake)
[0.568s] -- Override CMake install command with custom implementation using symlinks instead of copying resources
[0.588s] -- Found rclcpp: 16.0.10 (/opt/ros/humble/share/rclcpp/cmake)
[0.668s] -- Found rosidl_generator_c: 3.1.5 (/opt/ros/humble/share/rosidl_generator_c/cmake)
[0.675s] -- Found rosidl_adapter: 3.1.5 (/opt/ros/humble/share/rosidl_adapter/cmake)
[0.691s] -- Found rosidl_generator_cpp: 3.1.5 (/opt/ros/humble/share/rosidl_generator_cpp/cmake)
[0.727s] -- Using all available rosidl_typesupport_c: rosidl_typesupport_fastrtps_c;rosidl_typesupport_introspection_c
[0.800s] -- Using all available rosidl_typesupport_cpp: rosidl_typesupport_fastrtps_cpp;rosidl_typesupport_introspection_cpp
[0.898s] -- Found rmw_implementation_cmake: 6.1.2 (/opt/ros/humble/share/rmw_implementation_cmake/cmake)
[0.903s] -- Found rmw_fastrtps_cpp: 6.2.7 (/opt/ros/humble/share/rmw_fastrtps_cpp/cmake)
[1.204s] -- Using RMW implementation 'rmw_fastrtps_cpp' as default
[1.336s] -- Found rclcpp_action: 16.0.10 (/opt/ros/humble/share/rclcpp_action/cmake)
[1.424s] -- Found franka_msgs: 0.1.15 (/home/zac/franka_ws/install/franka_msgs/share/franka_msgs/cmake)
[1.599s] -- Found hardware_interface: 2.42.0 (/opt/ros/humble/share/hardware_interface/cmake)
[1.856s] -- Found rclcpp_components: 16.0.10 (/opt/ros/humble/share/rclcpp_components/cmake)
[1.925s] -- Found ament_cmake_clang_format: 0.12.11 (/opt/ros/humble/share/ament_cmake_clang_format/cmake)
[1.926s] -- Found ament_cmake_copyright: 0.12.11 (/opt/ros/humble/share/ament_cmake_copyright/cmake)
[1.926s] -- Found ament_cmake_cppcheck: 0.12.11 (/opt/ros/humble/share/ament_cmake_cppcheck/cmake)
[1.928s] -- Found ament_cmake_flake8: 0.12.11 (/opt/ros/humble/share/ament_cmake_flake8/cmake)
[1.930s] -- Found ament_cmake_lint_cmake: 0.12.11 (/opt/ros/humble/share/ament_cmake_lint_cmake/cmake)
[1.930s] -- Found ament_cmake_pep257: 0.12.11 (/opt/ros/humble/share/ament_cmake_pep257/cmake)
[1.931s] -- Found ament_cmake_xmllint: 0.12.11 (/opt/ros/humble/share/ament_cmake_xmllint/cmake)
[1.938s] -- Found ament_cmake_gmock: 1.3.10 (/opt/ros/humble/share/ament_cmake_gmock/cmake)
[1.939s] -- Found gmock sources under '/opt/ros/humble/src/gmock_vendor': C++ tests using 'Google Mock' will be built
[1.942s] -- Found ament_cmake_gtest: 1.3.10 (/opt/ros/humble/share/ament_cmake_gtest/cmake)
[1.944s] -- Found gtest sources under '/opt/ros/humble/src/gtest_vendor': C++ tests using 'Google Test' will be built
[2.109s] -- Configuring done
[2.426s] -- Generating done
[2.435s] -- Build files have been written to: /home/zac/franka_ws/build/franka_hardware
[2.535s] [35m[1mConsolidate compiler generated dependencies of target franka_hardware[0m
[2.563s] [35m[1mConsolidate compiler generated dependencies of target gmock_main[0m
[2.576s] [35m[1mConsolidate compiler generated dependencies of target gmock[0m
[2.629s] [  5%] [32mBuilding CXX object CMakeFiles/franka_hardware.dir/src/franka_action_server.cpp.o[0m
[2.671s] [ 11%] [32mBuilding CXX object CMakeFiles/franka_hardware.dir/src/robot.cpp.o[0m
[2.674s] [ 22%] Built target gmock_main
[2.748s] [ 27%] [32mBuilding CXX object CMakeFiles/franka_hardware.dir/src/franka_hardware_interface.cpp.o[0m
[2.752s] [ 33%] [32mBuilding CXX object CMakeFiles/franka_hardware.dir/src/franka_param_service_server.cpp.o[0m
[2.769s] [ 38%] [32mBuilding CXX object CMakeFiles/franka_hardware.dir/src/franka_executor.cpp.o[0m
[2.802s] [ 55%] Built target gmock
[19.591s] [ 61%] [32m[1mLinking CXX shared library libfranka_hardware.so[0m
[19.929s] [ 61%] Built target franka_hardware
[19.960s] [35m[1mConsolidate compiler generated dependencies of target franka_hardware_robot_test[0m
[19.960s] [35m[1mConsolidate compiler generated dependencies of target franka_hardware_test[0m
[19.963s] [35m[1mConsolidate compiler generated dependencies of target franka_hardware_command_interface_test[0m
[20.028s] [ 66%] [32mBuilding CXX object test/CMakeFiles/franka_hardware_robot_test.dir/franka_robot_test.cpp.o[0m
[20.066s] [ 72%] [32mBuilding CXX object test/CMakeFiles/franka_hardware_command_interface_test.dir/franka_hardware_cartesian_command_interface_test.cpp.o[0m
[20.075s] [ 77%] [32mBuilding CXX object test/CMakeFiles/franka_hardware_test.dir/franka_hardware_interface_test.cpp.o[0m
[20.083s] [ 83%] [32mBuilding CXX object test/CMakeFiles/franka_hardware_test.dir/franka_action_server_test.cpp.o[0m
[20.590s] gmake[2]: *** [test/CMakeFiles/franka_hardware_robot_test.dir/build.make:76: test/CMakeFiles/franka_hardware_robot_test.dir/franka_robot_test.cpp.o] Interrupt
[20.590s] gmake[2]: *** [test/CMakeFiles/franka_hardware_test.dir/build.make:90: test/CMakeFiles/franka_hardware_test.dir/franka_action_server_test.cpp.o] Interrupt
[20.592s] gmake[1]: *** [CMakeFiles/Makefile2:279: test/CMakeFiles/franka_hardware_robot_test.dir/all] Interrupt
[20.592s] gmake[2]: *** [test/CMakeFiles/franka_hardware_test.dir/build.make:76: test/CMakeFiles/franka_hardware_test.dir/franka_hardware_interface_test.cpp.o] Interrupt
[20.593s] gmake[1]: *** [CMakeFiles/Makefile2:223: test/CMakeFiles/franka_hardware_test.dir/all] Interrupt
[20.593s] gmake[2]: *** [test/CMakeFiles/franka_hardware_command_interface_test.dir/build.make:76: test/CMakeFiles/franka_hardware_command_interface_test.dir/franka_hardware_cartesian_command_interface_test.cpp.o] Interrupt
[20.602s] gmake[1]: *** [CMakeFiles/Makefile2:251: test/CMakeFiles/franka_hardware_command_interface_test.dir/all] Interrupt
[20.604s] gmake: *** [Makefile:146: all] Interrupt
[20.608s] Invoked command in '/home/zac/franka_ws/build/franka_hardware' returned '-2': AMENT_PREFIX_PATH=/home/zac/franka_ws/install/franka_msgs:${AMENT_PREFIX_PATH} CMAKE_PREFIX_PATH=/home/zac/franka_ws/install/franka_msgs:/opt/ros/humble LD_LIBRARY_PATH=/home/zac/franka_ws/install/franka_msgs/lib:${LD_LIBRARY_PATH} PYTHONPATH=/home/zac/franka_ws/install/franka_msgs/local/lib/python3.10/dist-packages:${PYTHONPATH} /usr/bin/cmake --build /home/zac/franka_ws/build/franka_hardware -- -j8 -l8
