-- Found moveit_common: 2.5.5 (/home/zac/franka_ws/install/moveit_common/share/moveit_common/cmake)
-- Found ament_cmake: 1.3.10 (/opt/ros/humble/share/ament_cmake/cmake)
-- Override CMake install command with custom implementation using symlinks instead of copying resources
[0mpilz_industrial_motion_planner: You did not request a specific build type: Choosing 'Release' for maximum performance[0m
-- Found eigen3_cmake_module: 0.1.1 (/opt/ros/humble/share/eigen3_cmake_module/cmake)
-- Found geometry_msgs: 4.2.4 (/opt/ros/humble/share/geometry_msgs/cmake)
-- Found rosidl_generator_c: 3.1.5 (/opt/ros/humble/share/rosidl_generator_c/cmake)
-- Found rosidl_adapter: 3.1.5 (/opt/ros/humble/share/rosidl_adapter/cmake)
-- Found rosidl_generator_cpp: 3.1.5 (/opt/ros/humble/share/rosidl_generator_cpp/cmake)
-- Using all available rosidl_typesupport_c: rosidl_typesupport_fastrtps_c;rosidl_typesupport_introspection_c
-- Using all available rosidl_typesupport_cpp: rosidl_typesupport_fastrtps_cpp;rosidl_typesupport_introspection_cpp
-- Found moveit_core: 2.5.5 (/home/zac/franka_ws/install/moveit_core/share/moveit_core/cmake)
-- Found Boost: /usr/lib/x86_64-linux-gnu/cmake/Boost-1.74.0/BoostConfig.cmake (found version "1.74.0") found components: chrono date_time filesystem iostreams program_options regex serialization system thread 
-- Found parameter_traits: 0.3.8 (/opt/ros/humble/share/parameter_traits/cmake)
-- Found rmw_implementation_cmake: 6.1.2 (/opt/ros/humble/share/rmw_implementation_cmake/cmake)
-- Found rmw_fastrtps_cpp: 6.2.7 (/opt/ros/humble/share/rmw_fastrtps_cpp/cmake)
-- Using RMW implementation 'rmw_fastrtps_cpp' as default
-- Found rclcpp_lifecycle: 16.0.10 (/opt/ros/humble/share/rclcpp_lifecycle/cmake)
-- Found Boost: /usr/lib/x86_64-linux-gnu/cmake/Boost-1.74.0/BoostConfig.cmake (found version "1.74.0") found components: filesystem 
-- library: /usr/lib/x86_64-linux-gnu/libcurl.so
-- Ensuring Eigen3 include directory is part of orocos-kdl CMake target
-- Found moveit_ros_move_group: 2.5.5 (/home/zac/franka_ws/install/moveit_ros_move_group/share/moveit_ros_move_group/cmake)
-- Found Boost: /usr/lib/x86_64-linux-gnu/cmake/Boost-1.74.0/BoostConfig.cmake (found version "1.74.0") found components: system filesystem date_time program_options thread 
-- Found Boost: /usr/lib/x86_64-linux-gnu/cmake/Boost-1.74.0/BoostConfig.cmake (found version "1.74.0") found components: system filesystem date_time program_options thread chrono 
-- Found moveit_ros_planning_interface: 2.5.5 (/home/zac/franka_ws/install/moveit_ros_planning_interface/share/moveit_ros_planning_interface/cmake)
-- Found Boost: /usr/lib/x86_64-linux-gnu/cmake/Boost-1.74.0/BoostConfig.cmake (found version "1.74.0") found components: date_time filesystem program_options system thread 
-- Found Boost: /usr/lib/x86_64-linux-gnu/cmake/Boost-1.74.0/BoostConfig.cmake (found version "1.74.0") found components: thread system filesystem regex date_time program_options 
-- Found tf2_eigen_kdl: 0.25.7 (/opt/ros/humble/share/tf2_eigen_kdl/cmake)
-- Found Boost: /usr/lib/x86_64-linux-gnu/cmake/Boost-1.74.0/BoostConfig.cmake (found version "1.74.0")  
-- Found ament_cmake_gtest: 1.3.10 (/opt/ros/humble/share/ament_cmake_gtest/cmake)
-- Found ament_cmake_gmock: 1.3.10 (/opt/ros/humble/share/ament_cmake_gmock/cmake)
-- Found ros_testing: 0.4.0 (/opt/ros/humble/share/ros_testing/cmake)
-- Found launch_testing_ament_cmake: 1.0.6 (/opt/ros/humble/share/launch_testing_ament_cmake/cmake)
-- Found python_cmake_module: 0.10.0 (/opt/ros/humble/share/python_cmake_module/cmake)
-- Using PYTHON_EXECUTABLE: /usr/bin/python3
-- Using PYTHON_INCLUDE_DIRS: /usr/include/python3.10
-- Using PYTHON_LIBRARIES: /usr/lib/x86_64-linux-gnu/libpython3.10.so
-- Found moveit_resources_prbt_support: 2.5.5 (/home/zac/franka_ws/install/moveit_resources_prbt_support/share/moveit_resources_prbt_support/cmake)
-- Found moveit_resources_prbt_moveit_config: 2.5.5 (/home/zac/franka_ws/install/moveit_resources_prbt_moveit_config/share/moveit_resources_prbt_moveit_config/cmake)
-- Found Boost: /usr/lib/x86_64-linux-gnu/cmake/Boost-1.74.0/BoostConfig.cmake (found version "1.74.0") found components: thread 
-- Found pilz_industrial_motion_planner_testutils: 2.5.5 (/home/zac/franka_ws/install/pilz_industrial_motion_planner_testutils/share/pilz_industrial_motion_planner_testutils/cmake)
-- Found gtest sources under '/opt/ros/humble/src/gtest_vendor': C++ tests using 'Google Test' will be built
-- Found gmock sources under '/opt/ros/humble/src/gmock_vendor': C++ tests using 'Google Mock' will be built
-- Found ament_lint_auto: 0.12.11 (/opt/ros/humble/share/ament_lint_auto/cmake)
-- Found launch_testing_ament_cmake: 1.0.6 (/opt/ros/humble/share/launch_testing_ament_cmake/cmake)
-- Found python_cmake_module: 0.10.0 (/opt/ros/humble/share/python_cmake_module/cmake)
-- Using PYTHON_EXECUTABLE: /usr/bin/python3
-- Using PYTHON_INCLUDE_DIRS: /usr/include/python3.10
-- Using PYTHON_LIBRARIES: /usr/lib/x86_64-linux-gnu/libpython3.10.so
-- Added test 'cppcheck' to perform static code analysis on C / C++ code
-- Configured cppcheck include dirs: /home/zac/franka_ws/src/moveit2/moveit_planners/pilz_industrial_motion_planner/include
-- Configured cppcheck exclude dirs and/or files: 
-- Added test 'pep257' to check Python code against some of the docstring style conventions in PEP 257
-- Added test 'xmllint' to check XML markup files
-- Configuring done
-- Generating done
-- Build files have been written to: /home/zac/franka_ws/build/pilz_industrial_motion_planner
[35m[1mConsolidate compiler generated dependencies of target planning_context_loader_base[0m
[35m[1mConsolidate compiler generated dependencies of target joint_limits_common[0m
[35m[1mConsolidate compiler generated dependencies of target trajectory_generation_common[0m
[  2%] Built target planning_context_loader_base
[ 10%] Built target joint_limits_common
[35m[1mConsolidate compiler generated dependencies of target gmock[0m
[35m[1mConsolidate compiler generated dependencies of target gmock_main[0m
[ 14%] Built target gmock
[ 16%] Built target gmock_main
[ 21%] Built target trajectory_generation_common
[35m[1mConsolidate compiler generated dependencies of target pilz_industrial_motion_planner[0m
[35m[1mConsolidate compiler generated dependencies of target gtest[0m
[35m[1mConsolidate compiler generated dependencies of target gtest_main[0m
[ 24%] Built target gtest
[35m[1mConsolidate compiler generated dependencies of target pilz_industrial_motion_planner_test_utils[0m
[ 26%] Built target gtest_main
[ 28%] Built target pilz_industrial_motion_planner
[35m[1mConsolidate compiler generated dependencies of target planning_context_loader_circ[0m
[35m[1mConsolidate compiler generated dependencies of target unittest_joint_limits_aggregator[0m
[ 31%] Built target pilz_industrial_motion_planner_test_utils
[ 32%] [32m[1mLinking CXX executable unittest_joint_limits_aggregator[0m
[35m[1mConsolidate compiler generated dependencies of target unittest_joint_limits_container[0m
[35m[1mConsolidate compiler generated dependencies of target unittest_joint_limit[0m
[35m[1mConsolidate compiler generated dependencies of target unittest_joint_limits_validator[0m
[ 37%] Built target planning_context_loader_circ
[ 38%] [32m[1mLinking CXX executable unittest_joint_limits_container[0m
[35m[1mConsolidate compiler generated dependencies of target planning_context_loader_lin[0m
[ 39%] [32m[1mLinking CXX executable unittest_joint_limits_validator[0m
[ 40%] [32m[1mLinking CXX executable unittest_joint_limit[0m
[ 45%] Built target planning_context_loader_lin
[35m[1mConsolidate compiler generated dependencies of target unittest_cartesian_limits_aggregator[0m
[ 46%] [32m[1mLinking CXX executable unittest_cartesian_limits_aggregator[0m
[ 48%] Built target unittest_joint_limits_container
[35m[1mConsolidate compiler generated dependencies of target unittest_planning_context_loaders[0m
[35m[1mConsolidate compiler generated dependencies of target planning_context_loader_ptp[0m
[ 49%] Built target unittest_joint_limits_validator
[ 50%] [32m[1mLinking CXX executable unittest_planning_context_loaders[0m
[ 51%] Built target unittest_joint_limits_aggregator
[35m[1mConsolidate compiler generated dependencies of target unittest_get_solver_tip_frame[0m
[ 53%] Built target unittest_joint_limit
[35m[1mConsolidate compiler generated dependencies of target unittest_velocity_profile_atrap[0m
[ 57%] Built target planning_context_loader_ptp
[35m[1mConsolidate compiler generated dependencies of target unittest_trajectory_generator[0m
[35m[1mConsolidate compiler generated dependencies of target unittest_trajectory_functions[0m
[ 59%] [32m[1mLinking CXX executable unittest_velocity_profile_atrap[0m
[ 60%] [32m[1mLinking CXX executable unittest_get_solver_tip_frame[0m
[ 61%] [32m[1mLinking CXX executable unittest_trajectory_functions[0m
[ 62%] [32m[1mLinking CXX executable unittest_trajectory_generator[0m
[ 63%] Built target unittest_cartesian_limits_aggregator
[35m[1mConsolidate compiler generated dependencies of target unittest_trajectory_blender_transition_window[0m
[ 65%] [32m[1mLinking CXX executable unittest_trajectory_blender_transition_window[0m
[ 66%] Built target unittest_planning_context_loaders
[35m[1mConsolidate compiler generated dependencies of target command_list_manager[0m
[35m[1mConsolidate compiler generated dependencies of target unittest_trajectory_generator_common[0m
[35m[1mConsolidate compiler generated dependencies of target unittest_trajectory_generator_circ[0m
[ 67%] Built target unittest_trajectory_functions
[35m[1mConsolidate compiler generated dependencies of target unittest_trajectory_generator_lin[0m
[ 68%] [32m[1mLinking CXX executable unittest_trajectory_generator_common[0m
[ 69%] [32m[1mLinking CXX executable unittest_trajectory_generator_circ[0m
[ 72%] Built target unittest_trajectory_generator
[ 75%] Built target command_list_manager
[35m[1mConsolidate compiler generated dependencies of target unittest_trajectory_generator_ptp[0m
[ 77%] [32m[1mLinking CXX executable unittest_trajectory_generator_lin[0m
[35m[1mConsolidate compiler generated dependencies of target unittest_pilz_industrial_motion_planner[0m
[ 78%] [32m[1mLinking CXX executable unittest_trajectory_generator_ptp[0m
[ 79%] [32m[1mLinking CXX executable unittest_pilz_industrial_motion_planner[0m
[ 81%] Built target unittest_trajectory_blender_transition_window
[35m[1mConsolidate compiler generated dependencies of target unittest_planning_context[0m
[ 83%] [32m[1mLinking CXX executable unittest_planning_context[0m
[ 84%] Built target unittest_pilz_industrial_motion_planner
[ 85%] Built target unittest_trajectory_generator_lin
[ 86%] Built target unittest_trajectory_generator_circ
[35m[1mConsolidate compiler generated dependencies of target sequence_capability[0m
[35m[1mConsolidate compiler generated dependencies of target unittest_pilz_industrial_motion_planner_direct[0m
[ 87%] Built target unittest_trajectory_generator_common
[ 89%] [32m[1mLinking CXX executable unittest_pilz_industrial_motion_planner_direct[0m
[ 90%] Built target unittest_trajectory_generator_ptp
[ 93%] Built target sequence_capability
[ 95%] Built target unittest_planning_context
[ 96%] Built target unittest_pilz_industrial_motion_planner_direct
[ 98%] Built target unittest_velocity_profile_atrap
[100%] Built target unittest_get_solver_tip_frame
-- Install configuration: "Release"
-- Execute custom install script
-- Symlinking: /home/zac/franka_ws/install/pilz_industrial_motion_planner/share/pilz_industrial_motion_planner/plugins/pilz_industrial_motion_planner_plugin_description.xml
-- Symlinking: /home/zac/franka_ws/install/pilz_industrial_motion_planner/share/pilz_industrial_motion_planner/plugins/sequence_capability_plugin_description.xml
-- Symlinking: /home/zac/franka_ws/install/pilz_industrial_motion_planner/share/pilz_industrial_motion_planner/plugins/planning_context_plugin_description.xml
-- Symlinking: /home/zac/franka_ws/install/pilz_industrial_motion_planner/include/joint_limits_copy/joint_limits.hpp
-- Symlinking: /home/zac/franka_ws/install/pilz_industrial_motion_planner/include/joint_limits_copy/joint_limits_rosparam.hpp
-- Symlinking: /home/zac/franka_ws/install/pilz_industrial_motion_planner/include/pilz_industrial_motion_planner/capability_names.h
-- Symlinking: /home/zac/franka_ws/install/pilz_industrial_motion_planner/include/pilz_industrial_motion_planner/cartesian_limit.h
-- Symlinking: /home/zac/franka_ws/install/pilz_industrial_motion_planner/include/pilz_industrial_motion_planner/cartesian_limits_aggregator.h
-- Symlinking: /home/zac/franka_ws/install/pilz_industrial_motion_planner/include/pilz_industrial_motion_planner/cartesian_trajectory.h
-- Symlinking: /home/zac/franka_ws/install/pilz_industrial_motion_planner/include/pilz_industrial_motion_planner/cartesian_trajectory_point.h
-- Symlinking: /home/zac/franka_ws/install/pilz_industrial_motion_planner/include/pilz_industrial_motion_planner/command_list_manager.h
-- Symlinking: /home/zac/franka_ws/install/pilz_industrial_motion_planner/include/pilz_industrial_motion_planner/joint_limits_aggregator.h
-- Symlinking: /home/zac/franka_ws/install/pilz_industrial_motion_planner/include/pilz_industrial_motion_planner/joint_limits_container.h
-- Symlinking: /home/zac/franka_ws/install/pilz_industrial_motion_planner/include/pilz_industrial_motion_planner/joint_limits_extension.h
-- Symlinking: /home/zac/franka_ws/install/pilz_industrial_motion_planner/include/pilz_industrial_motion_planner/joint_limits_interface_extension.h
-- Symlinking: /home/zac/franka_ws/install/pilz_industrial_motion_planner/include/pilz_industrial_motion_planner/joint_limits_validator.h
-- Symlinking: /home/zac/franka_ws/install/pilz_industrial_motion_planner/include/pilz_industrial_motion_planner/limits_container.h
-- Symlinking: /home/zac/franka_ws/install/pilz_industrial_motion_planner/include/pilz_industrial_motion_planner/move_group_sequence_action.h
-- Symlinking: /home/zac/franka_ws/install/pilz_industrial_motion_planner/include/pilz_industrial_motion_planner/move_group_sequence_service.h
-- Symlinking: /home/zac/franka_ws/install/pilz_industrial_motion_planner/include/pilz_industrial_motion_planner/path_circle_generator.h
-- Symlinking: /home/zac/franka_ws/install/pilz_industrial_motion_planner/include/pilz_industrial_motion_planner/pilz_industrial_motion_planner.h
-- Symlinking: /home/zac/franka_ws/install/pilz_industrial_motion_planner/include/pilz_industrial_motion_planner/plan_components_builder.h
-- Symlinking: /home/zac/franka_ws/install/pilz_industrial_motion_planner/include/pilz_industrial_motion_planner/planning_context_base.h
-- Symlinking: /home/zac/franka_ws/install/pilz_industrial_motion_planner/include/pilz_industrial_motion_planner/planning_context_circ.h
-- Symlinking: /home/zac/franka_ws/install/pilz_industrial_motion_planner/include/pilz_industrial_motion_planner/planning_context_lin.h
-- Symlinking: /home/zac/franka_ws/install/pilz_industrial_motion_planner/include/pilz_industrial_motion_planner/planning_context_loader.h
-- Symlinking: /home/zac/franka_ws/install/pilz_industrial_motion_planner/include/pilz_industrial_motion_planner/planning_context_loader_circ.h
-- Symlinking: /home/zac/franka_ws/install/pilz_industrial_motion_planner/include/pilz_industrial_motion_planner/planning_context_loader_lin.h
-- Symlinking: /home/zac/franka_ws/install/pilz_industrial_motion_planner/include/pilz_industrial_motion_planner/planning_context_loader_ptp.h
-- Symlinking: /home/zac/franka_ws/install/pilz_industrial_motion_planner/include/pilz_industrial_motion_planner/planning_context_ptp.h
-- Symlinking: /home/zac/franka_ws/install/pilz_industrial_motion_planner/include/pilz_industrial_motion_planner/planning_exceptions.h
-- Symlinking: /home/zac/franka_ws/install/pilz_industrial_motion_planner/include/pilz_industrial_motion_planner/tip_frame_getter.h
-- Symlinking: /home/zac/franka_ws/install/pilz_industrial_motion_planner/include/pilz_industrial_motion_planner/trajectory_blend_request.h
-- Symlinking: /home/zac/franka_ws/install/pilz_industrial_motion_planner/include/pilz_industrial_motion_planner/trajectory_blend_response.h
-- Symlinking: /home/zac/franka_ws/install/pilz_industrial_motion_planner/include/pilz_industrial_motion_planner/trajectory_blender.h
-- Symlinking: /home/zac/franka_ws/install/pilz_industrial_motion_planner/include/pilz_industrial_motion_planner/trajectory_blender_transition_window.h
-- Symlinking: /home/zac/franka_ws/install/pilz_industrial_motion_planner/include/pilz_industrial_motion_planner/trajectory_functions.h
-- Symlinking: /home/zac/franka_ws/install/pilz_industrial_motion_planner/include/pilz_industrial_motion_planner/trajectory_generation_exceptions.h
-- Symlinking: /home/zac/franka_ws/install/pilz_industrial_motion_planner/include/pilz_industrial_motion_planner/trajectory_generator.h
-- Symlinking: /home/zac/franka_ws/install/pilz_industrial_motion_planner/include/pilz_industrial_motion_planner/trajectory_generator_circ.h
-- Symlinking: /home/zac/franka_ws/install/pilz_industrial_motion_planner/include/pilz_industrial_motion_planner/trajectory_generator_lin.h
-- Symlinking: /home/zac/franka_ws/install/pilz_industrial_motion_planner/include/pilz_industrial_motion_planner/trajectory_generator_ptp.h
-- Symlinking: /home/zac/franka_ws/install/pilz_industrial_motion_planner/include/pilz_industrial_motion_planner/velocity_profile_atrap.h
-- Symlinking: /home/zac/franka_ws/install/pilz_industrial_motion_planner/share/pilz_industrial_motion_planner/environment/library_path.sh
-- Symlinking: /home/zac/franka_ws/install/pilz_industrial_motion_planner/share/pilz_industrial_motion_planner/environment/library_path.dsv
-- Symlinking: /home/zac/franka_ws/install/pilz_industrial_motion_planner/lib/pilz_industrial_motion_planner/unittest_pilz_industrial_motion_planner_direct
-- Symlinking: /home/zac/franka_ws/install/pilz_industrial_motion_planner/lib/pilz_industrial_motion_planner/unittest_velocity_profile_atrap
-- Symlinking: /home/zac/franka_ws/install/pilz_industrial_motion_planner/lib/pilz_industrial_motion_planner/unittest_trajectory_generator
-- Symlinking: /home/zac/franka_ws/install/pilz_industrial_motion_planner/lib/pilz_industrial_motion_planner/unittest_trajectory_functions
-- Symlinking: /home/zac/franka_ws/install/pilz_industrial_motion_planner/lib/pilz_industrial_motion_planner/unittest_trajectory_blender_transition_window
-- Symlinking: /home/zac/franka_ws/install/pilz_industrial_motion_planner/lib/pilz_industrial_motion_planner/unittest_trajectory_generator_common
-- Symlinking: /home/zac/franka_ws/install/pilz_industrial_motion_planner/lib/pilz_industrial_motion_planner/unittest_trajectory_generator_circ
-- Symlinking: /home/zac/franka_ws/install/pilz_industrial_motion_planner/lib/pilz_industrial_motion_planner/unittest_trajectory_generator_lin
-- Symlinking: /home/zac/franka_ws/install/pilz_industrial_motion_planner/lib/pilz_industrial_motion_planner/unittest_trajectory_generator_ptp
-- Symlinking: /home/zac/franka_ws/install/pilz_industrial_motion_planner/lib/pilz_industrial_motion_planner/unittest_pilz_industrial_motion_planner
-- Symlinking: /home/zac/franka_ws/install/pilz_industrial_motion_planner/lib/pilz_industrial_motion_planner/unittest_joint_limit
-- Symlinking: /home/zac/franka_ws/install/pilz_industrial_motion_planner/lib/pilz_industrial_motion_planner/unittest_joint_limits_aggregator
-- Symlinking: /home/zac/franka_ws/install/pilz_industrial_motion_planner/lib/pilz_industrial_motion_planner/unittest_joint_limits_container
-- Symlinking: /home/zac/franka_ws/install/pilz_industrial_motion_planner/lib/pilz_industrial_motion_planner/unittest_joint_limits_validator
-- Symlinking: /home/zac/franka_ws/install/pilz_industrial_motion_planner/lib/pilz_industrial_motion_planner/unittest_cartesian_limits_aggregator
-- Symlinking: /home/zac/franka_ws/install/pilz_industrial_motion_planner/lib/pilz_industrial_motion_planner/unittest_planning_context_loaders
-- Symlinking: /home/zac/franka_ws/install/pilz_industrial_motion_planner/lib/pilz_industrial_motion_planner/unittest_planning_context
-- Symlinking: /home/zac/franka_ws/install/pilz_industrial_motion_planner/lib/pilz_industrial_motion_planner/unittest_get_solver_tip_frame
-- Symlinking: /home/zac/franka_ws/install/pilz_industrial_motion_planner/share/pilz_industrial_motion_planner/config/unittest_cartesian_limits_aggregator.yaml
-- Symlinking: /home/zac/franka_ws/install/pilz_industrial_motion_planner/share/pilz_industrial_motion_planner/config/unittest_joint_limit_config.yaml
-- Symlinking: /home/zac/franka_ws/install/pilz_industrial_motion_planner/share/pilz_industrial_motion_planner/config/unittest_joint_limits_aggregator.yaml
-- Symlinking: /home/zac/franka_ws/install/pilz_industrial_motion_planner/share/pilz_industrial_motion_planner/config/unittest_trajectory_blender_transition_window.yaml
-- Symlinking: /home/zac/franka_ws/install/pilz_industrial_motion_planner/share/pilz_industrial_motion_planner/config/unittest_trajectory_functions.yaml
-- Symlinking: /home/zac/franka_ws/install/pilz_industrial_motion_planner/share/pilz_industrial_motion_planner/config/unittest_trajectory_generator_circ.yaml
-- Symlinking: /home/zac/franka_ws/install/pilz_industrial_motion_planner/share/pilz_industrial_motion_planner/config/unittest_trajectory_generator_common.yaml
-- Symlinking: /home/zac/franka_ws/install/pilz_industrial_motion_planner/share/pilz_industrial_motion_planner/config/unittest_trajectory_generator_lin.yaml
-- Symlinking: /home/zac/franka_ws/install/pilz_industrial_motion_planner/share/pilz_industrial_motion_planner/config/unittest_trajectory_generator_ptp.yaml
-- Symlinking: /home/zac/franka_ws/install/pilz_industrial_motion_planner/share/pilz_industrial_motion_planner/launch/common_parameters.py
-- Symlinking: /home/zac/franka_ws/install/pilz_industrial_motion_planner/share/pilz_industrial_motion_planner/launch/unittest_cartesian_limits_aggregator.test.py
-- Symlinking: /home/zac/franka_ws/install/pilz_industrial_motion_planner/share/pilz_industrial_motion_planner/launch/unittest_joint_limit.test.py
-- Symlinking: /home/zac/franka_ws/install/pilz_industrial_motion_planner/share/pilz_industrial_motion_planner/launch/unittest_joint_limits_aggregator.test.py
-- Symlinking: /home/zac/franka_ws/install/pilz_industrial_motion_planner/share/pilz_industrial_motion_planner/launch/unittest_pilz_industrial_motion_planner.test.py
-- Symlinking: /home/zac/franka_ws/install/pilz_industrial_motion_planner/share/pilz_industrial_motion_planner/launch/unittest_planning_context.test.py
-- Symlinking: /home/zac/franka_ws/install/pilz_industrial_motion_planner/share/pilz_industrial_motion_planner/launch/unittest_planning_context_loaders.test.py
-- Symlinking: /home/zac/franka_ws/install/pilz_industrial_motion_planner/share/pilz_industrial_motion_planner/launch/unittest_trajectory_blender_transition_window.test.py
-- Symlinking: /home/zac/franka_ws/install/pilz_industrial_motion_planner/share/pilz_industrial_motion_planner/launch/unittest_trajectory_functions.test.py
-- Symlinking: /home/zac/franka_ws/install/pilz_industrial_motion_planner/share/pilz_industrial_motion_planner/launch/unittest_trajectory_generator_circ.test.py
-- Symlinking: /home/zac/franka_ws/install/pilz_industrial_motion_planner/share/pilz_industrial_motion_planner/launch/unittest_trajectory_generator_common.test.py
-- Symlinking: /home/zac/franka_ws/install/pilz_industrial_motion_planner/share/pilz_industrial_motion_planner/launch/unittest_trajectory_generator_lin.test.py
-- Symlinking: /home/zac/franka_ws/install/pilz_industrial_motion_planner/share/pilz_industrial_motion_planner/launch/unittest_trajectory_generator_ptp.test.py
-- Symlinking: /home/zac/franka_ws/install/pilz_industrial_motion_planner/share/pilz_industrial_motion_planner/test_data/concept_testdata.odp
-- Symlinking: /home/zac/franka_ws/install/pilz_industrial_motion_planner/share/pilz_industrial_motion_planner/test_data/concept_testdata.png
-- Symlinking: /home/zac/franka_ws/install/pilz_industrial_motion_planner/share/pilz_industrial_motion_planner/test_data/frankaemika_panda/testdata_sequence.xml
-- Symlinking: /home/zac/franka_ws/install/pilz_industrial_motion_planner/share/pilz_industrial_motion_planner/test_data/prbt/testdata_deprecated.xml
-- Symlinking: /home/zac/franka_ws/install/pilz_industrial_motion_planner/share/pilz_industrial_motion_planner/test_data/prbt/testdata_sequence.xml
-- Symlinking: /home/zac/franka_ws/install/pilz_industrial_motion_planner/share/pilz_industrial_motion_planner/test_data/prbt/testdata_with_gripper.xml
-- Symlinking: /home/zac/franka_ws/install/pilz_industrial_motion_planner/share/pilz_industrial_motion_planner/test_data/testpoints.py
-- Symlinking: /home/zac/franka_ws/install/pilz_industrial_motion_planner/share/ament_index/resource_index/package_run_dependencies/pilz_industrial_motion_planner
-- Symlinking: /home/zac/franka_ws/install/pilz_industrial_motion_planner/share/ament_index/resource_index/parent_prefix_path/pilz_industrial_motion_planner
