[0.050s] Invoking command in '/home/zac/franka_ws/build/moveit_core': CMAKE_PREFIX_PATH=/home/zac/franka_ws/install/moveit_common:/home/zac/franka_ws/install/moveit_resources_prbt_support:/home/zac/franka_ws/install/joint_trajectory_controller:/home/zac/franka_ws/install/integration_launch_testing:/home/zac/franka_ws/install/franka_bringup:/home/zac/franka_ws/install/franka_robot_state_broadcaster:/home/zac/franka_ws/install/franka_example_controllers:/home/zac/franka_ws/install/franka_semantic_components:/home/zac/franka_ws/install/franka_gazebo_bringup:/home/zac/franka_ws/install/franka_ign_ros2_control:/home/zac/franka_ws/install/franka_fr3_moveit_config:/home/zac/franka_ws/install/franka_hardware:/home/zac/franka_ws/install/franka_gripper:/home/zac/franka_ws/install/franka_msgs:/home/zac/franka_ws/install/franka_description:/home/zac/franka_ws/install/moveit_configs_utils:/opt/ros/humble /usr/bin/cmake --build /home/zac/franka_ws/build/moveit_core -- -j8 -l8
[0.156s] [35m[1mConsolidate compiler generated dependencies of target moveit_transforms[0m
[0.198s] [  1%] Built target moveit_transforms
[0.219s] [35m[1mConsolidate compiler generated dependencies of target gmock[0m
[0.249s] [  3%] Built target gmock
[0.271s] [35m[1mConsolidate compiler generated dependencies of target gmock_main[0m
[0.297s] [  4%] Built target gmock_main
[0.319s] [35m[1mConsolidate compiler generated dependencies of target moveit_smoothing_base[0m
[0.354s] [  5%] Built target moveit_smoothing_base
[0.389s] [  6%] Built target moveit_butterworth_parameters
[0.410s] [35m[1mConsolidate compiler generated dependencies of target moveit_version[0m
[0.434s] [  8%] Built target moveit_version
[0.456s] [35m[1mConsolidate compiler generated dependencies of target gtest_main[0m
[0.484s] [  9%] Built target gtest_main
[0.502s] [35m[1mConsolidate compiler generated dependencies of target gtest[0m
[0.530s] [ 10%] Built target gtest
[0.549s] [35m[1mConsolidate compiler generated dependencies of target moveit_utils[0m
[0.577s] [ 12%] Built target moveit_utils
[0.595s] [35m[1mConsolidate compiler generated dependencies of target test_transforms[0m
[0.625s] [ 13%] Built target test_transforms
[0.649s] [35m[1mConsolidate compiler generated dependencies of target moveit_distance_field[0m
[0.719s] [ 15%] Built target moveit_distance_field
[0.739s] [35m[1mConsolidate compiler generated dependencies of target moveit_kinematics_base[0m
[0.776s] [ 16%] Built target moveit_kinematics_base
[0.798s] [35m[1mConsolidate compiler generated dependencies of target test_distance_field[0m
[0.846s] [ 17%] Built target test_distance_field
[0.866s] [35m[1mConsolidate compiler generated dependencies of target test_voxel_grid[0m
[0.900s] [ 18%] Built target test_voxel_grid
[0.920s] [35m[1mConsolidate compiler generated dependencies of target moveit_exceptions[0m
[0.947s] [ 19%] Built target moveit_exceptions
[0.978s] [35m[1mConsolidate compiler generated dependencies of target moveit_robot_model[0m
[1.064s] [ 26%] Built target moveit_robot_model
[1.089s] [35m[1mConsolidate compiler generated dependencies of target moveit_robot_state[0m
[1.154s] [ 29%] Built target moveit_robot_state
[1.172s] [35m[1mConsolidate compiler generated dependencies of target moveit_butterworth_filter[0m
[1.213s] [ 30%] Built target moveit_butterworth_filter
[1.248s] [ 30%] [32mBuilding CXX object kinematics_metrics/CMakeFiles/moveit_kinematics_metrics.dir/src/kinematics_metrics.cpp.o[0m
[27.337s] [ 31%] [32m[1mLinking CXX shared library libmoveit_kinematics_metrics.so[0m
[27.595s] [ 31%] Built target moveit_kinematics_metrics
[27.614s] [35m[1mConsolidate compiler generated dependencies of target test_butterworth_filter[0m
[27.655s] [ 32%] Built target test_butterworth_filter
[27.689s] [ 33%] [32mBuilding CXX object dynamics_solver/CMakeFiles/moveit_dynamics_solver.dir/src/dynamics_solver.cpp.o[0m
[36.076s] [ 34%] [32m[1mLinking CXX shared library libmoveit_dynamics_solver.so[0m
[36.353s] [ 34%] Built target moveit_dynamics_solver
[36.387s] [ 34%] [32mBuilding CXX object robot_trajectory/CMakeFiles/moveit_robot_trajectory.dir/src/robot_trajectory.cpp.o[0m
[48.626s] [ 35%] [32m[1mLinking CXX shared library libmoveit_robot_trajectory.so[0m
[48.882s] [ 35%] Built target moveit_robot_trajectory
[48.915s] [ 36%] [32mBuilding CXX object collision_detection/CMakeFiles/moveit_collision_detection.dir/src/allvalid/collision_env_allvalid.cpp.o[0m
[56.215s] [ 37%] [32mBuilding CXX object collision_detection/CMakeFiles/moveit_collision_detection.dir/src/collision_tools.cpp.o[0m
[66.112s] [ 38%] [32mBuilding CXX object collision_detection/CMakeFiles/moveit_collision_detection.dir/src/world.cpp.o[0m
[71.743s] [ 38%] [32mBuilding CXX object collision_detection/CMakeFiles/moveit_collision_detection.dir/src/world_diff.cpp.o[0m
[74.784s] [ 39%] [32mBuilding CXX object collision_detection/CMakeFiles/moveit_collision_detection.dir/src/collision_env.cpp.o[0m
[82.746s] [ 39%] [32mBuilding CXX object collision_detection/CMakeFiles/moveit_collision_detection.dir/src/collision_plugin_cache.cpp.o[0m
[99.462s] [ 39%] [32mBuilding CXX object collision_detection/CMakeFiles/moveit_collision_detection.dir/src/collision_octomap_filter.cpp.o[0m
[107.449s] [ 40%] [32mBuilding CXX object collision_detection/CMakeFiles/moveit_collision_detection.dir/src/collision_matrix.cpp.o[0m
[115.417s] [ 40%] [32mBuilding CXX object collision_detection/CMakeFiles/moveit_collision_detection.dir/src/collision_common.cpp.o[0m
[121.599s] [ 41%] [32m[1mLinking CXX shared library libmoveit_collision_detection.so[0m
[121.897s] [ 41%] Built target moveit_collision_detection
[121.930s] [ 42%] [32mBuilding CXX object planning_interface/CMakeFiles/moveit_planning_interface.dir/src/planning_interface.cpp.o[0m
[134.130s] [ 42%] [32mBuilding CXX object planning_interface/CMakeFiles/moveit_planning_interface.dir/src/planning_response.cpp.o[0m
[143.297s] [ 43%] [32m[1mLinking CXX shared library libmoveit_planning_interface.so[0m
[143.532s] [ 43%] Built target moveit_planning_interface
[143.565s] [ 44%] [32mBuilding CXX object collision_detection_bullet/CMakeFiles/moveit_collision_detection_bullet.dir/src/bullet_integration/bullet_utils.cpp.o[0m
[153.954s] [ 44%] [32mBuilding CXX object collision_detection_bullet/CMakeFiles/moveit_collision_detection_bullet.dir/src/bullet_integration/bullet_discrete_bvh_manager.cpp.o[0m
[161.294s] [ 45%] [32mBuilding CXX object collision_detection_bullet/CMakeFiles/moveit_collision_detection_bullet.dir/src/bullet_integration/bullet_cast_bvh_manager.cpp.o[0m
[169.063s] [ 45%] [32mBuilding CXX object collision_detection_bullet/CMakeFiles/moveit_collision_detection_bullet.dir/src/collision_env_bullet.cpp.o[0m
[179.362s] [ 46%] [32mBuilding CXX object collision_detection_bullet/CMakeFiles/moveit_collision_detection_bullet.dir/src/bullet_integration/bullet_bvh_manager.cpp.o[0m
[186.666s] [ 47%] [32mBuilding CXX object collision_detection_bullet/CMakeFiles/moveit_collision_detection_bullet.dir/src/bullet_integration/contact_checker_common.cpp.o[0m
[193.603s] [ 47%] [32mBuilding CXX object collision_detection_bullet/CMakeFiles/moveit_collision_detection_bullet.dir/src/bullet_integration/ros_bullet_utils.cpp.o[0m
[201.211s] [ 48%] [32m[1mLinking CXX shared library libmoveit_collision_detection_bullet.so[0m
[201.573s] [ 48%] Built target moveit_collision_detection_bullet
[201.609s] [ 48%] [32mBuilding CXX object collision_detection/CMakeFiles/test_all_valid.dir/test/test_all_valid.cpp.o[0m
[211.138s] [ 49%] [32m[1mLinking CXX executable test_all_valid[0m
[211.530s] [ 49%] Built target test_all_valid
[211.564s] [ 50%] [32mBuilding CXX object collision_detection/CMakeFiles/test_world_diff.dir/test/test_world_diff.cpp.o[0m
[218.817s] [ 51%] [32m[1mLinking CXX executable test_world_diff[0m
[219.237s] [ 51%] Built target test_world_diff
[219.274s] [ 52%] [32mBuilding CXX object collision_detection/CMakeFiles/test_world.dir/test/test_world.cpp.o[0m
[227.324s] [ 52%] [32m[1mLinking CXX executable test_world[0m
[227.668s] [ 52%] Built target test_world
[227.701s] [ 52%] [32mBuilding CXX object collision_detection_fcl/CMakeFiles/moveit_collision_detection_fcl.dir/src/collision_common.cpp.o[0m
[240.187s] [ 53%] [32mBuilding CXX object collision_detection_fcl/CMakeFiles/moveit_collision_detection_fcl.dir/src/collision_env_fcl.cpp.o[0m
[250.800s] [ 54%] [32m[1mLinking CXX shared library libmoveit_collision_detection_fcl.so[0m
[251.181s] [ 54%] Built target moveit_collision_detection_fcl
[251.217s] [ 55%] [32mBuilding CXX object trajectory_processing/CMakeFiles/moveit_trajectory_processing.dir/src/iterative_time_parameterization.cpp.o[0m
[261.198s] [ 55%] [32mBuilding CXX object trajectory_processing/CMakeFiles/moveit_trajectory_processing.dir/src/time_optimal_trajectory_generation.cpp.o[0m
[272.900s] [ 56%] [32mBuilding CXX object trajectory_processing/CMakeFiles/moveit_trajectory_processing.dir/src/trajectory_tools.cpp.o[0m
[274.060s] [ 57%] [32mBuilding CXX object trajectory_processing/CMakeFiles/moveit_trajectory_processing.dir/src/ruckig_traj_smoothing.cpp.o[0m
[286.520s] [ 57%] [32mBuilding CXX object trajectory_processing/CMakeFiles/moveit_trajectory_processing.dir/src/iterative_spline_parameterization.cpp.o[0m
[297.645s] [ 58%] [32m[1mLinking CXX shared library libmoveit_trajectory_processing.so[0m
[297.921s] [ 58%] Built target moveit_trajectory_processing
[297.957s] [ 58%] [32mBuilding CXX object kinematic_constraints/CMakeFiles/moveit_kinematic_constraints.dir/src/kinematic_constraint.cpp.o[0m
[317.797s] [ 59%] [32mBuilding CXX object kinematic_constraints/CMakeFiles/moveit_kinematic_constraints.dir/src/utils.cpp.o[0m
[333.562s] [ 60%] [32m[1mLinking CXX shared library libmoveit_kinematic_constraints.so[0m
[333.867s] [ 60%] Built target moveit_kinematic_constraints
[333.887s] [35m[1mConsolidate compiler generated dependencies of target moveit_test_utils[0m
[333.934s] [ 61%] Built target moveit_test_utils
[333.968s] [ 62%] [32mBuilding CXX object planning_scene/CMakeFiles/moveit_planning_scene.dir/src/planning_scene.cpp.o[0m
[359.325s] [ 62%] [32m[1mLinking CXX shared library libmoveit_planning_scene.so[0m
[359.655s] [ 62%] Built target moveit_planning_scene
[359.690s] [ 62%] [32mBuilding CXX object robot_state/CMakeFiles/test_aabb.dir/test/test_aabb.cpp.o[0m
[371.249s] [ 63%] [32m[1mLinking CXX executable test_aabb[0m
[371.631s] [ 63%] Built target test_aabb
[371.666s] [ 63%] [32mBuilding CXX object robot_state/CMakeFiles/test_cartesian_interpolator.dir/test/test_cartesian_interpolator.cpp.o[0m
[380.628s] [ 64%] [32m[1mLinking CXX executable test_cartesian_interpolator[0m
[380.980s] [ 64%] Built target test_cartesian_interpolator
[381.017s] [ 65%] [32mBuilding CXX object robot_trajectory/CMakeFiles/test_robot_trajectory.dir/test/test_robot_trajectory.cpp.o[0m
[393.861s] [ 65%] [32m[1mLinking CXX executable test_robot_trajectory[0m
[394.300s] [ 65%] Built target test_robot_trajectory
[394.339s] [ 65%] [32mBuilding CXX object trajectory_processing/CMakeFiles/test_time_parameterization.dir/test/test_time_parameterization.cpp.o[0m
[406.840s] [ 66%] [32m[1mLinking CXX executable test_time_parameterization[0m
[407.233s] [ 66%] Built target test_time_parameterization
[407.269s] [ 67%] [32mBuilding CXX object trajectory_processing/CMakeFiles/test_time_optimal_trajectory_generation.dir/test/test_time_optimal_trajectory_generation.cpp.o[0m
[421.479s] [ 68%] [32m[1mLinking CXX executable test_time_optimal_trajectory_generation[0m
[421.894s] [ 68%] Built target test_time_optimal_trajectory_generation
[421.930s] [ 69%] [32mBuilding CXX object trajectory_processing/CMakeFiles/test_ruckig_traj_smoothing.dir/test/test_ruckig_traj_smoothing.cpp.o[0m
[433.368s] [ 69%] [32m[1mLinking CXX executable test_ruckig_traj_smoothing[0m
[433.798s] [ 69%] Built target test_ruckig_traj_smoothing
[433.839s] [ 69%] [32mBuilding CXX object collision_detection_bullet/CMakeFiles/collision_detector_bullet_plugin.dir/src/collision_detector_bullet_plugin_loader.cpp.o[0m
[445.009s] [ 70%] [32m[1mLinking CXX shared library libcollision_detector_bullet_plugin.so[0m
[445.258s] [ 70%] Built target collision_detector_bullet_plugin
[445.293s] [ 71%] [32mBuilding CXX object collision_detection_bullet/CMakeFiles/test_bullet_collision_detection.dir/test/test_bullet_collision_detection_pr2.cpp.o[0m
[459.221s] [ 71%] [32m[1mLinking CXX executable test_bullet_collision_detection[0m
[459.756s] [ 71%] Built target test_bullet_collision_detection
[459.790s] [ 72%] [32mBuilding CXX object collision_detection_bullet/CMakeFiles/test_bullet_collision_detection_panda.dir/test/test_bullet_collision_detection_panda.cpp.o[0m
[471.678s] [ 72%] [32m[1mLinking CXX executable test_bullet_collision_detection_panda[0m
[472.074s] [ 72%] Built target test_bullet_collision_detection_panda
[472.108s] [ 73%] [32mBuilding CXX object collision_detection_bullet/CMakeFiles/test_bullet_continuous_collision_checking.dir/test/test_bullet_continuous_collision_checking.cpp.o[0m
[486.896s] [ 74%] [32m[1mLinking CXX executable test_bullet_continuous_collision_checking[0m
[487.318s] [ 74%] Built target test_bullet_continuous_collision_checking
[487.353s] [ 74%] [32mBuilding CXX object collision_detection_fcl/CMakeFiles/collision_detector_fcl_plugin.dir/src/collision_detector_fcl_plugin_loader.cpp.o[0m
[499.470s] [ 75%] [32m[1mLinking CXX shared library libcollision_detector_fcl_plugin.so[0m
[499.711s] [ 75%] Built target collision_detector_fcl_plugin
[499.745s] [ 76%] [32mBuilding CXX object collision_detection_fcl/CMakeFiles/test_fcl_collision_env.dir/test/test_fcl_env.cpp.o[0m
[513.328s] [ 77%] [32m[1mLinking CXX executable test_fcl_collision_env[0m
[513.761s] [ 77%] Built target test_fcl_collision_env
[513.795s] [ 78%] [32mBuilding CXX object collision_detection_fcl/CMakeFiles/test_fcl_collision_detection.dir/test/test_fcl_collision_detection_pr2.cpp.o[0m
[529.130s] [ 78%] [32m[1mLinking CXX executable test_fcl_collision_detection[0m
[529.610s] [ 78%] Built target test_fcl_collision_detection
[529.643s] [ 79%] [32mBuilding CXX object collision_detection_fcl/CMakeFiles/test_fcl_collision_detection_panda.dir/test/test_fcl_collision_detection_panda.cpp.o[0m
[543.816s] [ 79%] [32m[1mLinking CXX executable test_fcl_collision_detection_panda[0m
[544.252s] [ 79%] Built target test_fcl_collision_detection_panda
[544.287s] [ 79%] [32mBuilding CXX object collision_distance_field/CMakeFiles/moveit_collision_distance_field.dir/src/collision_distance_field_types.cpp.o[0m
[553.972s] [ 80%] [32mBuilding CXX object collision_distance_field/CMakeFiles/moveit_collision_distance_field.dir/src/collision_common_distance_field.cpp.o[0m
[565.732s] [ 80%] [32mBuilding CXX object collision_distance_field/CMakeFiles/moveit_collision_distance_field.dir/src/collision_env_distance_field.cpp.o[0m
[585.737s] [ 81%] [32mBuilding CXX object collision_distance_field/CMakeFiles/moveit_collision_distance_field.dir/src/collision_env_hybrid.cpp.o[0m
[599.269s] [ 82%] [32m[1mLinking CXX shared library libmoveit_collision_distance_field.so[0m
[599.604s] [ 82%] Built target moveit_collision_distance_field
[599.637s] [ 82%] [32mBuilding CXX object constraint_samplers/CMakeFiles/moveit_constraint_samplers.dir/src/constraint_sampler.cpp.o[0m
[609.473s] [ 83%] [32mBuilding CXX object constraint_samplers/CMakeFiles/moveit_constraint_samplers.dir/src/constraint_sampler_manager.cpp.o[0m
[621.867s] [ 83%] [32mBuilding CXX object constraint_samplers/CMakeFiles/moveit_constraint_samplers.dir/src/constraint_sampler_tools.cpp.o[0m
[632.486s] [ 84%] [32mBuilding CXX object constraint_samplers/CMakeFiles/moveit_constraint_samplers.dir/src/default_constraint_samplers.cpp.o[0m
[647.262s] [ 84%] [32mBuilding CXX object constraint_samplers/CMakeFiles/moveit_constraint_samplers.dir/src/union_constraint_sampler.cpp.o[0m
[658.574s] [ 85%] [32m[1mLinking CXX shared library libmoveit_constraint_samplers.so[0m
[658.910s] [ 85%] Built target moveit_constraint_samplers
[658.946s] [ 85%] [32mBuilding CXX object planning_request_adapter/CMakeFiles/moveit_planning_request_adapter.dir/src/planning_request_adapter.cpp.o[0m
[669.864s] [ 86%] [32m[1mLinking CXX shared library libmoveit_planning_request_adapter.so[0m
[670.126s] [ 86%] Built target moveit_planning_request_adapter
[670.158s] [ 87%] [32mBuilding CXX object planning_scene/CMakeFiles/test_planning_scene.dir/test/test_planning_scene.cpp.o[0m
[690.812s] [ 87%] [32m[1mLinking CXX executable test_planning_scene[0m
[691.235s] [ 87%] Built target test_planning_scene
[691.271s] [ 88%] [32mBuilding CXX object planning_scene/CMakeFiles/test_collision_objects.dir/test/test_collision_objects.cpp.o[0m
[706.767s] [ 88%] [32m[1mLinking CXX executable test_collision_objects[0m
[707.192s] [ 88%] Built target test_collision_objects
[707.228s] [ 88%] [32mBuilding CXX object planning_scene/CMakeFiles/test_multi_threaded.dir/test/test_multi_threaded.cpp.o[0m
[720.070s] [ 89%] [32m[1mLinking CXX executable test_multi_threaded[0m
[720.515s] [ 89%] Built target test_multi_threaded
[720.554s] [ 90%] [32mBuilding CXX object collision_distance_field/CMakeFiles/test_collision_distance_field.dir/test/test_collision_distance_field.cpp.o[0m
[737.012s] [ 90%] [32m[1mLinking CXX executable test_collision_distance_field[0m
[737.467s] [ 90%] Built target test_collision_distance_field
[737.504s] [ 91%] [32mBuilding CXX object constraint_samplers/CMakeFiles/test_constraint_samplers.dir/test/test_constraint_samplers.cpp.o[0m
[757.974s] [ 92%] [32mBuilding CXX object constraint_samplers/CMakeFiles/test_constraint_samplers.dir/test/pr2_arm_kinematics_plugin.cpp.o[0m
[768.093s] [ 92%] [32mBuilding CXX object constraint_samplers/CMakeFiles/test_constraint_samplers.dir/test/pr2_arm_ik.cpp.o[0m
[777.320s] [ 93%] [32m[1mLinking CXX executable test_constraint_samplers[0m
[777.809s] [ 93%] Built target test_constraint_samplers
[777.846s] [ 93%] [32mBuilding CXX object robot_state/CMakeFiles/test_robot_state_complex.dir/test/test_kinematic_complex.cpp.o[0m
[790.979s] [ 94%] [32m[1mLinking CXX executable test_robot_state_complex[0m
[791.421s] [ 94%] Built target test_robot_state_complex
[791.459s] [ 94%] [32mBuilding CXX object robot_state/CMakeFiles/test_robot_state_benchmark.dir/test/robot_state_benchmark.cpp.o[0m
[802.230s] [ 95%] [32m[1mLinking CXX executable test_robot_state_benchmark[0m
[802.590s] [ 95%] Built target test_robot_state_benchmark
[802.628s] [ 96%] [32mBuilding CXX object robot_state/CMakeFiles/test_robot_state.dir/test/robot_state_test.cpp.o[0m
[817.083s] [ 97%] [32m[1mLinking CXX executable test_robot_state[0m
[817.505s] [ 97%] Built target test_robot_state
[817.544s] [ 98%] [32mBuilding CXX object robot_model/CMakeFiles/test_robot_model.dir/test/test.cpp.o[0m
[826.564s] [ 98%] [32m[1mLinking CXX executable test_robot_model[0m
[826.918s] [ 98%] Built target test_robot_model
[826.953s] [ 98%] [32mBuilding CXX object kinematic_constraints/CMakeFiles/test_orientation_constraints.dir/test/test_orientation_constraints.cpp.o[0m
[841.639s] [ 99%] [32m[1mLinking CXX executable test_orientation_constraints[0m
[842.047s] [ 99%] Built target test_orientation_constraints
[842.083s] [ 99%] [32mBuilding CXX object kinematic_constraints/CMakeFiles/test_constraints.dir/test/test_constraints.cpp.o[0m
[858.902s] [100%] [32m[1mLinking CXX executable test_constraints[0m
[859.310s] [100%] Built target test_constraints
[859.335s] Invoked command in '/home/zac/franka_ws/build/moveit_core' returned '0': CMAKE_PREFIX_PATH=/home/zac/franka_ws/install/moveit_common:/home/zac/franka_ws/install/moveit_resources_prbt_support:/home/zac/franka_ws/install/joint_trajectory_controller:/home/zac/franka_ws/install/integration_launch_testing:/home/zac/franka_ws/install/franka_bringup:/home/zac/franka_ws/install/franka_robot_state_broadcaster:/home/zac/franka_ws/install/franka_example_controllers:/home/zac/franka_ws/install/franka_semantic_components:/home/zac/franka_ws/install/franka_gazebo_bringup:/home/zac/franka_ws/install/franka_ign_ros2_control:/home/zac/franka_ws/install/franka_fr3_moveit_config:/home/zac/franka_ws/install/franka_hardware:/home/zac/franka_ws/install/franka_gripper:/home/zac/franka_ws/install/franka_msgs:/home/zac/franka_ws/install/franka_description:/home/zac/franka_ws/install/moveit_configs_utils:/opt/ros/humble /usr/bin/cmake --build /home/zac/franka_ws/build/moveit_core -- -j8 -l8
[859.484s] Invoking command in '/home/zac/franka_ws/build/moveit_core': CMAKE_PREFIX_PATH=/home/zac/franka_ws/install/moveit_common:/home/zac/franka_ws/install/moveit_resources_prbt_support:/home/zac/franka_ws/install/joint_trajectory_controller:/home/zac/franka_ws/install/integration_launch_testing:/home/zac/franka_ws/install/franka_bringup:/home/zac/franka_ws/install/franka_robot_state_broadcaster:/home/zac/franka_ws/install/franka_example_controllers:/home/zac/franka_ws/install/franka_semantic_components:/home/zac/franka_ws/install/franka_gazebo_bringup:/home/zac/franka_ws/install/franka_ign_ros2_control:/home/zac/franka_ws/install/franka_fr3_moveit_config:/home/zac/franka_ws/install/franka_hardware:/home/zac/franka_ws/install/franka_gripper:/home/zac/franka_ws/install/franka_msgs:/home/zac/franka_ws/install/franka_description:/home/zac/franka_ws/install/moveit_configs_utils:/opt/ros/humble /usr/bin/cmake --install /home/zac/franka_ws/build/moveit_core
[859.494s] -- Install configuration: "Release"
[859.495s] -- Execute custom install script
[859.495s] -- Symlinking: /home/zac/franka_ws/install/moveit_core/include/moveit/version.h
[859.509s] -- Symlinking: /home/zac/franka_ws/install/moveit_core/include/moveit/collision_distance_field/collision_common_distance_field.h
[859.523s] -- Symlinking: /home/zac/franka_ws/install/moveit_core/include/moveit/collision_distance_field/collision_detector_allocator_distance_field.h
[859.535s] -- Symlinking: /home/zac/franka_ws/install/moveit_core/include/moveit/collision_distance_field/collision_detector_allocator_hybrid.h
[859.548s] -- Symlinking: /home/zac/franka_ws/install/moveit_core/include/moveit/collision_distance_field/collision_distance_field_types.h
[859.564s] -- Symlinking: /home/zac/franka_ws/install/moveit_core/include/moveit/collision_distance_field/collision_env_distance_field.h
[859.578s] -- Symlinking: /home/zac/franka_ws/install/moveit_core/include/moveit/collision_distance_field/collision_env_hybrid.h
[859.592s] -- Symlinking: /home/zac/franka_ws/install/moveit_core/include/moveit_collision_distance_field_export.h
[859.605s] -- Symlinking: /home/zac/franka_ws/install/moveit_core/include/moveit/constraint_samplers/constraint_sampler.h
[859.619s] -- Symlinking: /home/zac/franka_ws/install/moveit_core/include/moveit/constraint_samplers/constraint_sampler_allocator.h
[859.631s] -- Symlinking: /home/zac/franka_ws/install/moveit_core/include/moveit/constraint_samplers/constraint_sampler_manager.h
[859.646s] -- Symlinking: /home/zac/franka_ws/install/moveit_core/include/moveit/constraint_samplers/constraint_sampler_tools.h
[859.660s] -- Symlinking: /home/zac/franka_ws/install/moveit_core/include/moveit/constraint_samplers/default_constraint_samplers.h
[859.674s] -- Symlinking: /home/zac/franka_ws/install/moveit_core/include/moveit/constraint_samplers/union_constraint_sampler.h
[859.688s] -- Symlinking: /home/zac/franka_ws/install/moveit_core/include/moveit/controller_manager/controller_manager.h
[859.701s] -- Symlinking: /home/zac/franka_ws/install/moveit_core/include/moveit/distance_field/distance_field.h
[859.716s] -- Symlinking: /home/zac/franka_ws/install/moveit_core/include/moveit/distance_field/find_internal_points.h
[859.729s] -- Symlinking: /home/zac/franka_ws/install/moveit_core/include/moveit/distance_field/propagation_distance_field.h
[859.744s] -- Symlinking: /home/zac/franka_ws/install/moveit_core/include/moveit/distance_field/voxel_grid.h
[859.759s] -- Symlinking: /home/zac/franka_ws/install/moveit_core/include/moveit/dynamics_solver/dynamics_solver.h
[859.773s] -- Symlinking: /home/zac/franka_ws/install/moveit_core/include/moveit/exceptions/exceptions.h
[859.787s] -- Symlinking: /home/zac/franka_ws/install/moveit_core/include/moveit/kinematics_base/kinematics_base.h
[859.801s] -- Symlinking: /home/zac/franka_ws/install/moveit_core/include/moveit_kinematics_base_export.h
[859.817s] -- Symlinking: /home/zac/franka_ws/install/moveit_core/include/moveit/kinematic_constraints/kinematic_constraint.h
[859.831s] -- Symlinking: /home/zac/franka_ws/install/moveit_core/include/moveit/kinematic_constraints/utils.h
[859.846s] -- Symlinking: /home/zac/franka_ws/install/moveit_core/include/moveit/kinematics_metrics/kinematics_metrics.h
[859.860s] -- Symlinking: /home/zac/franka_ws/install/moveit_core/include/moveit/macros/class_forward.h
[859.875s] -- Symlinking: /home/zac/franka_ws/install/moveit_core/include/moveit/macros/console_colors.h
[859.888s] -- Symlinking: /home/zac/franka_ws/install/moveit_core/include/moveit/macros/declare_ptr.h
[859.903s] -- Symlinking: /home/zac/franka_ws/install/moveit_core/include/moveit/macros/deprecation.h
[859.917s] -- Symlinking: /home/zac/franka_ws/install/moveit_core/include/moveit_butterworth_parameters/moveit_butterworth_parameters.hpp
[859.932s] -- Symlinking: /home/zac/franka_ws/install/moveit_core/include/moveit/online_signal_smoothing/butterworth_filter.h
[859.947s] -- Symlinking: /home/zac/franka_ws/install/moveit_core/include/moveit/online_signal_smoothing/smoothing_base_class.h
[859.963s] -- Symlinking: /home/zac/franka_ws/install/moveit_core/include/moveit_smoothing_base_export.h
[859.978s] -- Symlinking: /home/zac/franka_ws/install/moveit_core/include/moveit_butterworth_filter_export.h
[859.992s] -- Symlinking: /home/zac/franka_ws/install/moveit_core/include/moveit/planning_interface/planning_interface.h
[860.007s] -- Symlinking: /home/zac/franka_ws/install/moveit_core/include/moveit/planning_interface/planning_request.h
[860.022s] -- Symlinking: /home/zac/franka_ws/install/moveit_core/include/moveit/planning_interface/planning_response.h
[860.039s] -- Symlinking: /home/zac/franka_ws/install/moveit_core/include/moveit/planning_request_adapter/planning_request_adapter.h
[860.053s] -- Symlinking: /home/zac/franka_ws/install/moveit_core/include/moveit/planning_scene/planning_scene.h
[860.071s] -- Symlinking: /home/zac/franka_ws/install/moveit_core/include/moveit_planning_scene_export.h
[860.085s] -- Symlinking: /home/zac/franka_ws/install/moveit_core/include/moveit/robot_model/aabb.h
[860.102s] -- Symlinking: /home/zac/franka_ws/install/moveit_core/include/moveit/robot_model/fixed_joint_model.h
[860.117s] -- Symlinking: /home/zac/franka_ws/install/moveit_core/include/moveit/robot_model/floating_joint_model.h
[860.132s] -- Symlinking: /home/zac/franka_ws/install/moveit_core/include/moveit/robot_model/joint_model.h
[860.147s] -- Symlinking: /home/zac/franka_ws/install/moveit_core/include/moveit/robot_model/joint_model_group.h
[860.162s] -- Symlinking: /home/zac/franka_ws/install/moveit_core/include/moveit/robot_model/link_model.h
[860.177s] -- Symlinking: /home/zac/franka_ws/install/moveit_core/include/moveit/robot_model/planar_joint_model.h
[860.193s] -- Symlinking: /home/zac/franka_ws/install/moveit_core/include/moveit/robot_model/prismatic_joint_model.h
[860.209s] -- Symlinking: /home/zac/franka_ws/install/moveit_core/include/moveit/robot_model/revolute_joint_model.h
[860.227s] -- Symlinking: /home/zac/franka_ws/install/moveit_core/include/moveit/robot_model/robot_model.h
[860.241s] -- Symlinking: /home/zac/franka_ws/install/moveit_core/include/moveit/robot_state/attached_body.h
[860.255s] -- Symlinking: /home/zac/franka_ws/install/moveit_core/include/moveit/robot_state/cartesian_interpolator.h
[860.271s] -- Symlinking: /home/zac/franka_ws/install/moveit_core/include/moveit/robot_state/conversions.h
[860.286s] -- Symlinking: /home/zac/franka_ws/install/moveit_core/include/moveit/robot_state/robot_state.h
[860.303s] -- Symlinking: /home/zac/franka_ws/install/moveit_core/include/moveit/robot_trajectory/robot_trajectory.h
[860.319s] -- Symlinking: /home/zac/franka_ws/install/moveit_core/include/moveit/sensor_manager/sensor_manager.h
[860.334s] -- Symlinking: /home/zac/franka_ws/install/moveit_core/include/moveit/trajectory_processing/iterative_spline_parameterization.h
[860.351s] -- Symlinking: /home/zac/franka_ws/install/moveit_core/include/moveit/trajectory_processing/iterative_time_parameterization.h
[860.368s] -- Symlinking: /home/zac/franka_ws/install/moveit_core/include/moveit/trajectory_processing/ruckig_traj_smoothing.h
[860.385s] -- Symlinking: /home/zac/franka_ws/install/moveit_core/include/moveit/trajectory_processing/time_optimal_trajectory_generation.h
[860.399s] -- Symlinking: /home/zac/franka_ws/install/moveit_core/include/moveit/trajectory_processing/time_parameterization.h
[860.416s] -- Symlinking: /home/zac/franka_ws/install/moveit_core/include/moveit/trajectory_processing/trajectory_tools.h
[860.429s] -- Symlinking: /home/zac/franka_ws/install/moveit_core/include/moveit/transforms/transforms.h
[860.443s] -- Symlinking: /home/zac/franka_ws/install/moveit_core/include/moveit/utils/lexical_casts.h
[860.458s] -- Symlinking: /home/zac/franka_ws/install/moveit_core/include/moveit/utils/message_checks.h
[860.472s] -- Symlinking: /home/zac/franka_ws/install/moveit_core/include/moveit/utils/moveit_error_code.h
[860.485s] -- Symlinking: /home/zac/franka_ws/install/moveit_core/include/moveit/utils/rclcpp_utils.h
[860.498s] -- Symlinking: /home/zac/franka_ws/install/moveit_core/include/moveit/utils/robot_model_test_utils.h
[860.514s] -- Symlinking: /home/zac/franka_ws/install/moveit_core/bin/moveit_version
[860.528s] -- Symlinking: /home/zac/franka_ws/install/moveit_core/include/moveit/collision_detection/allvalid/collision_detector_allocator_allvalid.h
[860.542s] -- Symlinking: /home/zac/franka_ws/install/moveit_core/include/moveit/collision_detection/allvalid/collision_env_allvalid.h
[860.556s] -- Symlinking: /home/zac/franka_ws/install/moveit_core/include/moveit/collision_detection/collision_common.h
[860.571s] -- Symlinking: /home/zac/franka_ws/install/moveit_core/include/moveit/collision_detection/collision_detector_allocator.h
[860.585s] -- Symlinking: /home/zac/franka_ws/install/moveit_core/include/moveit/collision_detection/collision_env.h
[860.598s] -- Symlinking: /home/zac/franka_ws/install/moveit_core/include/moveit/collision_detection/collision_matrix.h
[860.613s] -- Symlinking: /home/zac/franka_ws/install/moveit_core/include/moveit/collision_detection/collision_octomap_filter.h
[860.627s] -- Symlinking: /home/zac/franka_ws/install/moveit_core/include/moveit/collision_detection/collision_plugin.h
[860.641s] -- Symlinking: /home/zac/franka_ws/install/moveit_core/include/moveit/collision_detection/collision_plugin_cache.h
[860.654s] -- Symlinking: /home/zac/franka_ws/install/moveit_core/include/moveit/collision_detection/collision_tools.h
[860.669s] -- Symlinking: /home/zac/franka_ws/install/moveit_core/include/moveit/collision_detection/occupancy_map.h
[860.683s] -- Symlinking: /home/zac/franka_ws/install/moveit_core/include/moveit/collision_detection/test_collision_common_panda.h
[860.699s] -- Symlinking: /home/zac/franka_ws/install/moveit_core/include/moveit/collision_detection/test_collision_common_pr2.h
[860.716s] -- Symlinking: /home/zac/franka_ws/install/moveit_core/include/moveit/collision_detection/world.h
[860.730s] -- Symlinking: /home/zac/franka_ws/install/moveit_core/include/moveit/collision_detection/world_diff.h
[860.745s] -- Symlinking: /home/zac/franka_ws/install/moveit_core/include/moveit_collision_detection_export.h
[860.761s] -- Symlinking: /home/zac/franka_ws/install/moveit_core/include/moveit/collision_detection_bullet/bullet_integration/basic_types.h
[860.777s] -- Symlinking: /home/zac/franka_ws/install/moveit_core/include/moveit/collision_detection_bullet/bullet_integration/bullet_bvh_manager.h
[860.792s] -- Symlinking: /home/zac/franka_ws/install/moveit_core/include/moveit/collision_detection_bullet/bullet_integration/bullet_cast_bvh_manager.h
[860.807s] -- Symlinking: /home/zac/franka_ws/install/moveit_core/include/moveit/collision_detection_bullet/bullet_integration/bullet_discrete_bvh_manager.h
[860.821s] -- Symlinking: /home/zac/franka_ws/install/moveit_core/include/moveit/collision_detection_bullet/bullet_integration/bullet_utils.h
[860.835s] -- Symlinking: /home/zac/franka_ws/install/moveit_core/include/moveit/collision_detection_bullet/bullet_integration/contact_checker_common.h
[860.847s] -- Symlinking: /home/zac/franka_ws/install/moveit_core/include/moveit/collision_detection_bullet/bullet_integration/ros_bullet_utils.h
[860.862s] -- Symlinking: /home/zac/franka_ws/install/moveit_core/include/moveit/collision_detection_bullet/collision_detector_allocator_bullet.h
[860.875s] -- Symlinking: /home/zac/franka_ws/install/moveit_core/include/moveit/collision_detection_bullet/collision_detector_bullet_plugin_loader.h
[860.889s] -- Symlinking: /home/zac/franka_ws/install/moveit_core/include/moveit/collision_detection_bullet/collision_env_bullet.h
[860.903s] -- Symlinking: /home/zac/franka_ws/install/moveit_core/include/moveit_collision_detection_bullet_export.h
[860.918s] -- Symlinking: /home/zac/franka_ws/install/moveit_core/include/moveit/collision_detection_fcl/collision_common.h
[860.933s] -- Symlinking: /home/zac/franka_ws/install/moveit_core/include/moveit/collision_detection_fcl/collision_detector_allocator_fcl.h
[860.951s] -- Symlinking: /home/zac/franka_ws/install/moveit_core/include/moveit/collision_detection_fcl/collision_detector_fcl_plugin_loader.h
[860.966s] -- Symlinking: /home/zac/franka_ws/install/moveit_core/include/moveit/collision_detection_fcl/collision_env_fcl.h
[860.978s] -- Symlinking: /home/zac/franka_ws/install/moveit_core/include/moveit/collision_detection_fcl/fcl_compat.h
[860.993s] -- Symlinking: /home/zac/franka_ws/install/moveit_core/include/moveit_collision_detection_fcl_export.h
[861.008s] -- Symlinking: /home/zac/franka_ws/install/moveit_core/share/moveit_core/environment/library_path.sh
[861.025s] -- Symlinking: /home/zac/franka_ws/install/moveit_core/share/moveit_core/environment/library_path.dsv
[861.038s] -- Symlinking: /home/zac/franka_ws/install/moveit_core/share/moveit_core//collision_detector_fcl_description.xml
[861.053s] -- Symlinking: /home/zac/franka_ws/install/moveit_core/share/moveit_core//collision_detector_bullet_description.xml
[861.069s] -- Symlinking: /home/zac/franka_ws/install/moveit_core/share/moveit_core//filter_plugin_butterworth.xml
[861.086s] -- Symlinking: /home/zac/franka_ws/install/moveit_core/share/ament_index/resource_index/package_run_dependencies/moveit_core
[861.101s] -- Symlinking: /home/zac/franka_ws/install/moveit_core/share/ament_index/resource_index/parent_prefix_path/moveit_core
[861.116s] -- Symlinking: /home/zac/franka_ws/install/moveit_core/share/moveit_core/environment/ament_prefix_path.sh
[861.132s] -- Symlinking: /home/zac/franka_ws/install/moveit_core/share/moveit_core/environment/ament_prefix_path.dsv
[861.147s] -- Symlinking: /home/zac/franka_ws/install/moveit_core/share/moveit_core/environment/path.sh
[861.163s] -- Symlinking: /home/zac/franka_ws/install/moveit_core/share/moveit_core/environment/path.dsv
[861.179s] -- Symlinking: /home/zac/franka_ws/install/moveit_core/share/moveit_core/local_setup.bash
[861.193s] -- Symlinking: /home/zac/franka_ws/install/moveit_core/share/moveit_core/local_setup.sh
[861.207s] -- Symlinking: /home/zac/franka_ws/install/moveit_core/share/moveit_core/local_setup.zsh
[861.223s] -- Symlinking: /home/zac/franka_ws/install/moveit_core/share/moveit_core/local_setup.dsv
[861.236s] -- Symlinking: /home/zac/franka_ws/install/moveit_core/share/moveit_core/package.dsv
[861.251s] -- Symlinking: /home/zac/franka_ws/install/moveit_core/share/ament_index/resource_index/packages/moveit_core
[861.264s] -- Symlinking: /home/zac/franka_ws/install/moveit_core/share/ament_index/resource_index/moveit_core__pluginlib__plugin/moveit_core
[861.278s] -- Symlinking: /home/zac/franka_ws/install/moveit_core/share/moveit_core/cmake/ConfigExtras.cmake
[861.292s] -- Symlinking: /home/zac/franka_ws/install/moveit_core/share/moveit_core/cmake/ament_cmake_export_targets-extras.cmake
[861.306s] -- Symlinking: /home/zac/franka_ws/install/moveit_core/share/moveit_core/cmake/ament_cmake_export_dependencies-extras.cmake
[861.319s] -- Symlinking: /home/zac/franka_ws/install/moveit_core/share/moveit_core/cmake/moveit_coreConfig.cmake
[861.332s] -- Symlinking: /home/zac/franka_ws/install/moveit_core/share/moveit_core/cmake/moveit_coreConfig-version.cmake
[861.347s] -- Symlinking: /home/zac/franka_ws/install/moveit_core/share/moveit_core/package.xml
[861.364s] -- Installing: /home/zac/franka_ws/install/moveit_core/lib/libcollision_detector_bullet_plugin.so.2.5.5
[861.365s] -- Set runtime path of "/home/zac/franka_ws/install/moveit_core/lib/libcollision_detector_bullet_plugin.so.2.5.5" to ""
[861.365s] -- Installing: /home/zac/franka_ws/install/moveit_core/lib/libcollision_detector_bullet_plugin.so
[861.365s] -- Installing: /home/zac/franka_ws/install/moveit_core/lib/libmoveit_butterworth_filter.so.2.5.5
[861.366s] -- Set runtime path of "/home/zac/franka_ws/install/moveit_core/lib/libmoveit_butterworth_filter.so.2.5.5" to ""
[861.366s] -- Installing: /home/zac/franka_ws/install/moveit_core/lib/libmoveit_butterworth_filter.so
[861.366s] -- Installing: /home/zac/franka_ws/install/moveit_core/lib/libmoveit_collision_distance_field.so.2.5.5
[861.369s] -- Set runtime path of "/home/zac/franka_ws/install/moveit_core/lib/libmoveit_collision_distance_field.so.2.5.5" to ""
[861.369s] -- Installing: /home/zac/franka_ws/install/moveit_core/lib/libmoveit_collision_distance_field.so
[861.369s] -- Installing: /home/zac/franka_ws/install/moveit_core/lib/libmoveit_collision_detection.so.2.5.5
[861.371s] -- Set runtime path of "/home/zac/franka_ws/install/moveit_core/lib/libmoveit_collision_detection.so.2.5.5" to ""
[861.371s] -- Installing: /home/zac/franka_ws/install/moveit_core/lib/libmoveit_collision_detection.so
[861.372s] -- Installing: /home/zac/franka_ws/install/moveit_core/lib/libmoveit_collision_detection_fcl.so.2.5.5
[861.373s] -- Set runtime path of "/home/zac/franka_ws/install/moveit_core/lib/libmoveit_collision_detection_fcl.so.2.5.5" to ""
[861.373s] -- Installing: /home/zac/franka_ws/install/moveit_core/lib/libmoveit_collision_detection_fcl.so
[861.373s] -- Installing: /home/zac/franka_ws/install/moveit_core/lib/libmoveit_collision_detection_bullet.so.2.5.5
[861.375s] -- Set runtime path of "/home/zac/franka_ws/install/moveit_core/lib/libmoveit_collision_detection_bullet.so.2.5.5" to ""
[861.375s] -- Installing: /home/zac/franka_ws/install/moveit_core/lib/libmoveit_collision_detection_bullet.so
[861.376s] -- Installing: /home/zac/franka_ws/install/moveit_core/lib/libmoveit_dynamics_solver.so.2.5.5
[861.376s] -- Set runtime path of "/home/zac/franka_ws/install/moveit_core/lib/libmoveit_dynamics_solver.so.2.5.5" to ""
[861.377s] -- Installing: /home/zac/franka_ws/install/moveit_core/lib/libmoveit_dynamics_solver.so
[861.377s] -- Installing: /home/zac/franka_ws/install/moveit_core/lib/libmoveit_constraint_samplers.so.2.5.5
[861.378s] -- Set runtime path of "/home/zac/franka_ws/install/moveit_core/lib/libmoveit_constraint_samplers.so.2.5.5" to ""
[861.379s] -- Installing: /home/zac/franka_ws/install/moveit_core/lib/libmoveit_constraint_samplers.so
[861.379s] -- Installing: /home/zac/franka_ws/install/moveit_core/lib/libmoveit_distance_field.so.2.5.5
[861.380s] -- Set runtime path of "/home/zac/franka_ws/install/moveit_core/lib/libmoveit_distance_field.so.2.5.5" to ""
[861.381s] -- Installing: /home/zac/franka_ws/install/moveit_core/lib/libmoveit_distance_field.so
[861.381s] -- Installing: /home/zac/franka_ws/install/moveit_core/lib/libmoveit_exceptions.so.2.5.5
[861.381s] -- Set runtime path of "/home/zac/franka_ws/install/moveit_core/lib/libmoveit_exceptions.so.2.5.5" to ""
[861.381s] -- Installing: /home/zac/franka_ws/install/moveit_core/lib/libmoveit_exceptions.so
[861.382s] -- Installing: /home/zac/franka_ws/install/moveit_core/lib/libmoveit_kinematics_base.so
[861.382s] -- Set runtime path of "/home/zac/franka_ws/install/moveit_core/lib/libmoveit_kinematics_base.so" to ""
[861.383s] -- Installing: /home/zac/franka_ws/install/moveit_core/lib/libmoveit_kinematic_constraints.so.2.5.5
[861.384s] -- Set runtime path of "/home/zac/franka_ws/install/moveit_core/lib/libmoveit_kinematic_constraints.so.2.5.5" to ""
[861.384s] -- Installing: /home/zac/franka_ws/install/moveit_core/lib/libmoveit_kinematic_constraints.so
[861.384s] -- Installing: /home/zac/franka_ws/install/moveit_core/lib/libmoveit_kinematics_metrics.so.2.5.5
[861.385s] -- Set runtime path of "/home/zac/franka_ws/install/moveit_core/lib/libmoveit_kinematics_metrics.so.2.5.5" to ""
[861.386s] -- Installing: /home/zac/franka_ws/install/moveit_core/lib/libmoveit_kinematics_metrics.so
[861.386s] -- Installing: /home/zac/franka_ws/install/moveit_core/lib/libmoveit_planning_interface.so.2.5.5
[861.387s] -- Set runtime path of "/home/zac/franka_ws/install/moveit_core/lib/libmoveit_planning_interface.so.2.5.5" to ""
[861.387s] -- Installing: /home/zac/franka_ws/install/moveit_core/lib/libmoveit_planning_interface.so
[861.387s] -- Installing: /home/zac/franka_ws/install/moveit_core/lib/libmoveit_planning_scene.so.2.5.5
[861.389s] -- Set runtime path of "/home/zac/franka_ws/install/moveit_core/lib/libmoveit_planning_scene.so.2.5.5" to ""
[861.389s] -- Installing: /home/zac/franka_ws/install/moveit_core/lib/libmoveit_planning_scene.so
[861.389s] -- Installing: /home/zac/franka_ws/install/moveit_core/lib/libmoveit_planning_request_adapter.so.2.5.5
[861.390s] -- Set runtime path of "/home/zac/franka_ws/install/moveit_core/lib/libmoveit_planning_request_adapter.so.2.5.5" to ""
[861.390s] -- Installing: /home/zac/franka_ws/install/moveit_core/lib/libmoveit_planning_request_adapter.so
[861.391s] -- Installing: /home/zac/franka_ws/install/moveit_core/lib/libmoveit_robot_model.so.2.5.5
[861.392s] -- Set runtime path of "/home/zac/franka_ws/install/moveit_core/lib/libmoveit_robot_model.so.2.5.5" to ""
[861.392s] -- Installing: /home/zac/franka_ws/install/moveit_core/lib/libmoveit_robot_model.so
[861.392s] -- Installing: /home/zac/franka_ws/install/moveit_core/lib/libmoveit_robot_state.so.2.5.5
[861.394s] -- Set runtime path of "/home/zac/franka_ws/install/moveit_core/lib/libmoveit_robot_state.so.2.5.5" to ""
[861.394s] -- Installing: /home/zac/franka_ws/install/moveit_core/lib/libmoveit_robot_state.so
[861.395s] -- Installing: /home/zac/franka_ws/install/moveit_core/lib/libmoveit_robot_trajectory.so.2.5.5
[861.396s] -- Set runtime path of "/home/zac/franka_ws/install/moveit_core/lib/libmoveit_robot_trajectory.so.2.5.5" to ""
[861.396s] -- Installing: /home/zac/franka_ws/install/moveit_core/lib/libmoveit_robot_trajectory.so
[861.396s] -- Installing: /home/zac/franka_ws/install/moveit_core/lib/libmoveit_smoothing_base.so.2.5.5
[861.397s] -- Set runtime path of "/home/zac/franka_ws/install/moveit_core/lib/libmoveit_smoothing_base.so.2.5.5" to ""
[861.397s] -- Installing: /home/zac/franka_ws/install/moveit_core/lib/libmoveit_smoothing_base.so
[861.397s] -- Installing: /home/zac/franka_ws/install/moveit_core/lib/libmoveit_test_utils.so.2.5.5
[861.398s] -- Set runtime path of "/home/zac/franka_ws/install/moveit_core/lib/libmoveit_test_utils.so.2.5.5" to ""
[861.398s] -- Installing: /home/zac/franka_ws/install/moveit_core/lib/libmoveit_test_utils.so
[861.398s] -- Installing: /home/zac/franka_ws/install/moveit_core/lib/libmoveit_trajectory_processing.so.2.5.5
[861.400s] -- Set runtime path of "/home/zac/franka_ws/install/moveit_core/lib/libmoveit_trajectory_processing.so.2.5.5" to ""
[861.400s] -- Installing: /home/zac/franka_ws/install/moveit_core/lib/libmoveit_trajectory_processing.so
[861.400s] -- Installing: /home/zac/franka_ws/install/moveit_core/lib/libmoveit_transforms.so.2.5.5
[861.401s] -- Set runtime path of "/home/zac/franka_ws/install/moveit_core/lib/libmoveit_transforms.so.2.5.5" to ""
[861.402s] -- Installing: /home/zac/franka_ws/install/moveit_core/lib/libmoveit_transforms.so
[861.402s] -- Installing: /home/zac/franka_ws/install/moveit_core/lib/libmoveit_utils.so.2.5.5
[861.402s] -- Set runtime path of "/home/zac/franka_ws/install/moveit_core/lib/libmoveit_utils.so.2.5.5" to ""
[861.403s] -- Installing: /home/zac/franka_ws/install/moveit_core/lib/libmoveit_utils.so
[861.403s] -- Installing: /home/zac/franka_ws/install/moveit_core/share/moveit_core/cmake/export_moveit_coreExport.cmake
[861.403s] -- Installing: /home/zac/franka_ws/install/moveit_core/share/moveit_core/cmake/export_moveit_coreExport-release.cmake
[861.407s] Invoked command in '/home/zac/franka_ws/build/moveit_core' returned '0': CMAKE_PREFIX_PATH=/home/zac/franka_ws/install/moveit_common:/home/zac/franka_ws/install/moveit_resources_prbt_support:/home/zac/franka_ws/install/joint_trajectory_controller:/home/zac/franka_ws/install/integration_launch_testing:/home/zac/franka_ws/install/franka_bringup:/home/zac/franka_ws/install/franka_robot_state_broadcaster:/home/zac/franka_ws/install/franka_example_controllers:/home/zac/franka_ws/install/franka_semantic_components:/home/zac/franka_ws/install/franka_gazebo_bringup:/home/zac/franka_ws/install/franka_ign_ros2_control:/home/zac/franka_ws/install/franka_fr3_moveit_config:/home/zac/franka_ws/install/franka_hardware:/home/zac/franka_ws/install/franka_gripper:/home/zac/franka_ws/install/franka_msgs:/home/zac/franka_ws/install/franka_description:/home/zac/franka_ws/install/moveit_configs_utils:/opt/ros/humble /usr/bin/cmake --install /home/zac/franka_ws/build/moveit_core
