[0.060s] Invoking command in '/home/zac/franka_ws/build/franka_gripper': AMENT_PREFIX_PATH=/home/zac/franka_ws/install/franka_msgs:${AMENT_PREFIX_PATH} CMAKE_PREFIX_PATH=/home/zac/franka_ws/install/franka_msgs:/opt/ros/humble LD_LIBRARY_PATH=/home/zac/franka_ws/install/franka_msgs/lib:${LD_LIBRARY_PATH} PYTHONPATH=/home/zac/franka_ws/install/franka_msgs/local/lib/python3.10/dist-packages:${PYTHONPATH} /usr/bin/cmake --build /home/zac/franka_ws/build/franka_gripper -- -j8 -l8
[0.139s] -- Found ament_cmake: 1.3.10 (/opt/ros/humble/share/ament_cmake/cmake)
[0.492s] -- Override CMake install command with custom implementation using symlinks instead of copying resources
[0.513s] -- Found franka_msgs: 0.1.15 (/home/zac/franka_ws/install/franka_msgs/share/franka_msgs/cmake)
[0.606s] -- Found rosidl_generator_c: 3.1.5 (/opt/ros/humble/share/rosidl_generator_c/cmake)
[0.613s] -- Found rosidl_adapter: 3.1.5 (/opt/ros/humble/share/rosidl_adapter/cmake)
[0.629s] -- Found rosidl_generator_cpp: 3.1.5 (/opt/ros/humble/share/rosidl_generator_cpp/cmake)
[0.658s] -- Using all available rosidl_typesupport_c: rosidl_typesupport_fastrtps_c;rosidl_typesupport_introspection_c
[0.700s] -- Using all available rosidl_typesupport_cpp: rosidl_typesupport_fastrtps_cpp;rosidl_typesupport_introspection_cpp
[0.978s] -- Found rclcpp: 16.0.10 (/opt/ros/humble/share/rclcpp/cmake)
[1.045s] -- Found rmw_implementation_cmake: 6.1.2 (/opt/ros/humble/share/rmw_implementation_cmake/cmake)
[1.049s] -- Found rmw_fastrtps_cpp: 6.2.7 (/opt/ros/humble/share/rmw_fastrtps_cpp/cmake)
[1.361s] -- Using RMW implementation 'rmw_fastrtps_cpp' as default
[1.470s] -- Found rclcpp_action: 16.0.10 (/opt/ros/humble/share/rclcpp_action/cmake)
[1.491s] -- Found rclcpp_components: 16.0.10 (/opt/ros/humble/share/rclcpp_components/cmake)
[1.540s] -- Found std_srvs: 4.2.4 (/opt/ros/humble/share/std_srvs/cmake)
[1.580s] -- Found control_msgs: 4.6.0 (/opt/ros/humble/share/control_msgs/cmake)
[1.903s] -- Found ament_cmake_clang_format: 0.12.11 (/opt/ros/humble/share/ament_cmake_clang_format/cmake)
[1.905s] -- Found ament_cmake_copyright: 0.12.11 (/opt/ros/humble/share/ament_cmake_copyright/cmake)
[1.907s] -- Found ament_cmake_cppcheck: 0.12.11 (/opt/ros/humble/share/ament_cmake_cppcheck/cmake)
[1.909s] -- Found ament_cmake_flake8: 0.12.11 (/opt/ros/humble/share/ament_cmake_flake8/cmake)
[1.911s] -- Found ament_cmake_lint_cmake: 0.12.11 (/opt/ros/humble/share/ament_cmake_lint_cmake/cmake)
[1.913s] -- Found ament_cmake_pep257: 0.12.11 (/opt/ros/humble/share/ament_cmake_pep257/cmake)
[1.915s] -- Found ament_cmake_xmllint: 0.12.11 (/opt/ros/humble/share/ament_cmake_xmllint/cmake)
[2.068s] -- Configuring done
[2.163s] -- Generating done
[2.173s] -- Build files have been written to: /home/zac/franka_ws/build/franka_gripper
[2.257s] [35m[1mConsolidate compiler generated dependencies of target franka_gripper_node[0m
[2.292s] [35m[1mConsolidate compiler generated dependencies of target gripper_server[0m
[2.371s] [  0%] Built target ament_cmake_python_symlink_franka_gripper
[2.375s] [ 50%] Built target franka_gripper_node
[2.389s] [ 75%] [32mBuilding CXX object CMakeFiles/gripper_server.dir/src/gripper_action_server.cpp.o[0m
[3.469s] running egg_info
[3.471s] writing franka_gripper.egg-info/PKG-INFO
[3.471s] writing dependency_links to franka_gripper.egg-info/dependency_links.txt
[3.472s] writing top-level names to franka_gripper.egg-info/top_level.txt
[3.483s] reading manifest file 'franka_gripper.egg-info/SOURCES.txt'
[3.487s] writing manifest file 'franka_gripper.egg-info/SOURCES.txt'
[3.653s] [ 75%] Built target ament_cmake_python_build_franka_gripper_egg
[20.563s] gmake[2]: *** wait: No child processes.  Stop.
[20.563s] gmake[2]: *** Waiting for unfinished jobs....
[20.563s] gmake[2]: *** wait: No child processes.  Stop.
[20.565s] gmake[1]: *** [CMakeFiles/Makefile2:142: CMakeFiles/gripper_server.dir/all] Error 2
[20.565s] gmake: *** [Makefile:146: all] Interrupt
