[0.085s] Invoking command in '/home/zac/franka_ws/build/moveit_common': CMAKE_PREFIX_PATH=${CMAKE_PREFIX_PATH}:/home/zac/franka_ws/install/moveit_configs_utils:/opt/ros/humble /usr/bin/cmake /home/zac/franka_ws/src/moveit2/moveit_common -DCMAKE_INSTALL_PREFIX=/home/zac/franka_ws/install/moveit_common
[0.583s] -- Found ament_cmake: 1.3.10 (/opt/ros/humble/share/ament_cmake/cmake)
[0.584s] -- Override CMake install command with custom implementation using symlinks instead of copying resources
[0.584s] -- Found ament_lint_auto: 0.12.11 (/opt/ros/humble/share/ament_lint_auto/cmake)
[0.584s] -- Added test 'copyright' to check source files copyright and LICENSE
[0.584s] -- Added test 'lint_cmake' to check CMake code style
[0.584s] -- Added test 'xmllint' to check XML markup files
[0.584s] -- Configuring done
[0.585s] -- Generating done
[0.585s] -- Build files have been written to: /home/zac/franka_ws/build/moveit_common
[0.629s] Invoked command in '/home/zac/franka_ws/build/moveit_common' returned '0': CMAKE_PREFIX_PATH=${CMAKE_PREFIX_PATH}:/home/zac/franka_ws/install/moveit_configs_utils:/opt/ros/humble /usr/bin/cmake /home/zac/franka_ws/src/moveit2/moveit_common -DCMAKE_INSTALL_PREFIX=/home/zac/franka_ws/install/moveit_common
[0.634s] Invoking command in '/home/zac/franka_ws/build/moveit_common': CMAKE_PREFIX_PATH=${CMAKE_PREFIX_PATH}:/home/zac/franka_ws/install/moveit_configs_utils:/opt/ros/humble /usr/bin/cmake --build /home/zac/franka_ws/build/moveit_common -- -j8 -l8
[0.747s] Invoked command in '/home/zac/franka_ws/build/moveit_common' returned '0': CMAKE_PREFIX_PATH=${CMAKE_PREFIX_PATH}:/home/zac/franka_ws/install/moveit_configs_utils:/opt/ros/humble /usr/bin/cmake --build /home/zac/franka_ws/build/moveit_common -- -j8 -l8
[0.891s] Invoking command in '/home/zac/franka_ws/build/moveit_common': CMAKE_PREFIX_PATH=${CMAKE_PREFIX_PATH}:/home/zac/franka_ws/install/moveit_configs_utils:/opt/ros/humble /usr/bin/cmake --install /home/zac/franka_ws/build/moveit_common
[0.907s] -- Install configuration: ""
[0.909s] -- Execute custom install script
[0.910s] -- Up-to-date symlink: /home/zac/franka_ws/install/moveit_common/share/ament_index/resource_index/package_run_dependencies/moveit_common
[0.910s] -- Up-to-date symlink: /home/zac/franka_ws/install/moveit_common/share/ament_index/resource_index/parent_prefix_path/moveit_common
[0.910s] -- Up-to-date symlink: /home/zac/franka_ws/install/moveit_common/share/moveit_common/environment/ament_prefix_path.sh
[0.911s] -- Up-to-date symlink: /home/zac/franka_ws/install/moveit_common/share/moveit_common/environment/ament_prefix_path.dsv
[0.911s] -- Up-to-date symlink: /home/zac/franka_ws/install/moveit_common/share/moveit_common/environment/path.sh
[0.912s] -- Up-to-date symlink: /home/zac/franka_ws/install/moveit_common/share/moveit_common/environment/path.dsv
[0.912s] -- Up-to-date symlink: /home/zac/franka_ws/install/moveit_common/share/moveit_common/local_setup.bash
[0.912s] -- Up-to-date symlink: /home/zac/franka_ws/install/moveit_common/share/moveit_common/local_setup.sh
[0.913s] -- Up-to-date symlink: /home/zac/franka_ws/install/moveit_common/share/moveit_common/local_setup.zsh
[0.913s] -- Up-to-date symlink: /home/zac/franka_ws/install/moveit_common/share/moveit_common/local_setup.dsv
[0.913s] -- Symlinking: /home/zac/franka_ws/install/moveit_common/share/moveit_common/package.dsv
[0.936s] -- Up-to-date symlink: /home/zac/franka_ws/install/moveit_common/share/ament_index/resource_index/packages/moveit_common
[0.937s] -- Up-to-date symlink: /home/zac/franka_ws/install/moveit_common/share/moveit_common/cmake/moveit_common-extras.cmake
[0.937s] -- Up-to-date symlink: /home/zac/franka_ws/install/moveit_common/share/moveit_common/cmake/moveit_commonConfig.cmake
[0.938s] -- Up-to-date symlink: /home/zac/franka_ws/install/moveit_common/share/moveit_common/cmake/moveit_commonConfig-version.cmake
[0.939s] -- Up-to-date symlink: /home/zac/franka_ws/install/moveit_common/share/moveit_common/package.xml
[0.940s] -- Up-to-date symlink: /home/zac/franka_ws/install/moveit_common/share/moveit_common/cmake/moveit_package.cmake
[0.946s] Invoked command in '/home/zac/franka_ws/build/moveit_common' returned '0': CMAKE_PREFIX_PATH=${CMAKE_PREFIX_PATH}:/home/zac/franka_ws/install/moveit_configs_utils:/opt/ros/humble /usr/bin/cmake --install /home/zac/franka_ws/build/moveit_common
