[0.051s] Invoking command in '/home/zac/franka_ws/build/moveit_core': CMAKE_PREFIX_PATH=/home/zac/franka_ws/install/moveit_common:/home/zac/franka_ws/install/moveit_resources_prbt_support:/home/zac/franka_ws/install/joint_trajectory_controller:/home/zac/franka_ws/install/integration_launch_testing:/home/zac/franka_ws/install/franka_bringup:/home/zac/franka_ws/install/franka_robot_state_broadcaster:/home/zac/franka_ws/install/franka_example_controllers:/home/zac/franka_ws/install/franka_semantic_components:/home/zac/franka_ws/install/franka_gazebo_bringup:/home/zac/franka_ws/install/franka_ign_ros2_control:/home/zac/franka_ws/install/franka_fr3_moveit_config:/home/zac/franka_ws/install/franka_hardware:/home/zac/franka_ws/install/franka_gripper:/home/zac/franka_ws/install/franka_msgs:/home/zac/franka_ws/install/franka_description:/home/zac/franka_ws/install/moveit_configs_utils:/opt/ros/humble /usr/bin/cmake /home/zac/franka_ws/src/moveit2/moveit_core -DCMAKE_INSTALL_PREFIX=/home/zac/franka_ws/install/moveit_core
[0.077s] -- Found moveit_common: 2.5.5 (/home/zac/franka_ws/install/moveit_common/share/moveit_common/cmake)
[0.077s] -- Found ament_cmake: 1.3.10 (/opt/ros/humble/share/ament_cmake/cmake)
[0.410s] -- Override CMake install command with custom implementation using symlinks instead of copying resources
[0.567s] [0mmoveit_core: You did not request a specific build type: Choosing 'Release' for maximum performance[0m
[0.568s] -- Found angles: 1.15.0 (/opt/ros/humble/share/angles/cmake)
[0.628s] -- Found common_interfaces: 4.2.4 (/opt/ros/humble/share/common_interfaces/cmake)
[0.628s] -- Found eigen_stl_containers: 1.0.0 (/opt/ros/humble/share/eigen_stl_containers/cmake)
[0.631s] -- Found eigen3_cmake_module: 0.1.1 (/opt/ros/humble/share/eigen3_cmake_module/cmake)
[0.637s] -- Found generate_parameter_library: 0.3.8 (/opt/ros/humble/share/generate_parameter_library/cmake)
[0.639s] -- Found parameter_traits: 0.3.8 (/opt/ros/humble/share/parameter_traits/cmake)
[0.689s] -- Found rosidl_generator_c: 3.1.5 (/opt/ros/humble/share/rosidl_generator_c/cmake)
[0.695s] -- Found rosidl_adapter: 3.1.5 (/opt/ros/humble/share/rosidl_adapter/cmake)
[0.707s] -- Found rosidl_generator_cpp: 3.1.5 (/opt/ros/humble/share/rosidl_generator_cpp/cmake)
[0.728s] -- Using all available rosidl_typesupport_c: rosidl_typesupport_fastrtps_c;rosidl_typesupport_introspection_c
[0.757s] -- Using all available rosidl_typesupport_cpp: rosidl_typesupport_fastrtps_cpp;rosidl_typesupport_introspection_cpp
[0.833s] -- Found rmw_implementation_cmake: 6.1.2 (/opt/ros/humble/share/rmw_implementation_cmake/cmake)
[0.838s] -- Found rmw_fastrtps_cpp: 6.2.7 (/opt/ros/humble/share/rmw_fastrtps_cpp/cmake)
[1.123s] -- Using RMW implementation 'rmw_fastrtps_cpp' as default
[1.279s] -- Found rclcpp_lifecycle: 16.0.10 (/opt/ros/humble/share/rclcpp_lifecycle/cmake)
[1.320s] -- Found geometric_shapes: 2.1.3 (/opt/ros/humble/share/geometric_shapes/cmake)
[1.331s] -- Found Boost: /usr/lib/x86_64-linux-gnu/cmake/Boost-1.74.0/BoostConfig.cmake (found version "1.74.0") found components: filesystem 
[1.463s] -- library: /usr/lib/x86_64-linux-gnu/libcurl.so
[1.608s] -- Found kdl_parser: 2.6.4 (/opt/ros/humble/share/kdl_parser/cmake)
[1.617s] -- Ensuring Eigen3 include directory is part of orocos-kdl CMake target
[1.621s] -- Found moveit_msgs: 2.2.1 (/opt/ros/humble/share/moveit_msgs/cmake)
[1.901s] -- Found pluginlib: 5.1.0 (/opt/ros/humble/share/pluginlib/cmake)
[1.940s] -- Found srdfdom: 2.0.4 (/opt/ros/humble/share/srdfdom/cmake)
[1.954s] -- Found tf2_eigen: 0.25.7 (/opt/ros/humble/share/tf2_eigen/cmake)
[2.111s] -- Found tf2_geometry_msgs: 0.25.7 (/opt/ros/humble/share/tf2_geometry_msgs/cmake)
[2.117s] -- Found tf2_kdl: 0.25.7 (/opt/ros/humble/share/tf2_kdl/cmake)
[2.165s] -- Found Boost: /usr/lib/x86_64-linux-gnu/cmake/Boost-1.74.0/BoostConfig.cmake (found version "1.74.0") found components: chrono date_time filesystem iostreams program_options regex serialization system thread 
[2.173s] --  *** Building MoveIt 2.5.5-Alpha ***
[2.199s] -- Found ament_cmake_gtest: 1.3.10 (/opt/ros/humble/share/ament_cmake_gtest/cmake)
[2.201s] -- Found gtest sources under '/opt/ros/humble/src/gtest_vendor': C++ tests using 'Google Test' will be built
[2.226s] -- Found ament_cmake_gmock: 1.3.10 (/opt/ros/humble/share/ament_cmake_gmock/cmake)
[2.230s] -- Found gmock sources under '/opt/ros/humble/src/gmock_vendor': C++ tests using 'Google Mock' will be built
[2.237s] -- Found ament_cmake_gtest: 1.3.10 (/opt/ros/humble/share/ament_cmake_gtest/cmake)
[2.238s] -- Found gtest sources under '/opt/ros/humble/src/gtest_vendor': C++ tests using 'Google Test' will be built
[2.258s] -- Found ament_cmake_gtest: 1.3.10 (/opt/ros/humble/share/ament_cmake_gtest/cmake)
[2.259s] -- Found gtest sources under '/opt/ros/humble/src/gtest_vendor': C++ tests using 'Google Test' will be built
[2.322s] -- Found ament_cmake_gtest: 1.3.10 (/opt/ros/humble/share/ament_cmake_gtest/cmake)
[2.324s] -- Found gtest sources under '/opt/ros/humble/src/gtest_vendor': C++ tests using 'Google Test' will be built
[2.351s] -- Found ament_lint_auto: 0.12.11 (/opt/ros/humble/share/ament_lint_auto/cmake)
[2.353s] -- Found ament_cmake_gtest: 1.3.10 (/opt/ros/humble/share/ament_cmake_gtest/cmake)
[2.354s] -- Found gtest sources under '/opt/ros/humble/src/gtest_vendor': C++ tests using 'Google Test' will be built
[2.392s] -- Found ament_cmake_gtest: 1.3.10 (/opt/ros/humble/share/ament_cmake_gtest/cmake)
[2.394s] -- Found gtest sources under '/opt/ros/humble/src/gtest_vendor': C++ tests using 'Google Test' will be built
[2.420s] -- Found ament_cmake_gtest: 1.3.10 (/opt/ros/humble/share/ament_cmake_gtest/cmake)
[2.422s] -- Found gtest sources under '/opt/ros/humble/src/gtest_vendor': C++ tests using 'Google Test' will be built
[2.446s] -- Found ament_cmake_gtest: 1.3.10 (/opt/ros/humble/share/ament_cmake_gtest/cmake)
[2.448s] -- Found gtest sources under '/opt/ros/humble/src/gtest_vendor': C++ tests using 'Google Test' will be built
[2.473s] -- Found gtest sources under '/opt/ros/humble/src/gtest_vendor': C++ tests using 'Google Test' will be built
[2.497s] -- Found gtest sources under '/opt/ros/humble/src/gtest_vendor': C++ tests using 'Google Test' will be built
[2.519s] -- Found ament_cmake_gtest: 1.3.10 (/opt/ros/humble/share/ament_cmake_gtest/cmake)
[2.521s] -- Found gtest sources under '/opt/ros/humble/src/gtest_vendor': C++ tests using 'Google Test' will be built
[2.563s] -- Found gtest sources under '/opt/ros/humble/src/gtest_vendor': C++ tests using 'Google Test' will be built
[2.592s] -- Found gtest sources under '/opt/ros/humble/src/gtest_vendor': C++ tests using 'Google Test' will be built
[2.619s] -- Found gtest sources under '/opt/ros/humble/src/gtest_vendor': C++ tests using 'Google Test' will be built
[2.632s] -- Found ament_lint_auto: 0.12.11 (/opt/ros/humble/share/ament_lint_auto/cmake)
[2.714s] -- Added test 'cppcheck' to perform static code analysis on C / C++ code
[2.718s] -- Configured cppcheck include dirs: /home/zac/franka_ws/src/moveit2/moveit_core/exceptions/include;/home/zac/franka_ws/src/moveit2/moveit_core/collision_detection/include;/home/zac/franka_ws/src/moveit2/moveit_core/collision_detection_fcl/include;/home/zac/franka_ws/src/moveit2/moveit_core/collision_detection_bullet/include;/home/zac/franka_ws/src/moveit2/moveit_core/constraint_samplers/include;/home/zac/franka_ws/src/moveit2/moveit_core/controller_manager/include;/home/zac/franka_ws/src/moveit2/moveit_core/distance_field/include;/home/zac/franka_ws/src/moveit2/moveit_core/collision_distance_field/include;/home/zac/franka_ws/src/moveit2/moveit_core/dynamics_solver/include;/home/zac/franka_ws/src/moveit2/moveit_core/kinematics_base/include;/home/zac/franka_ws/src/moveit2/moveit_core/kinematics_metrics/include;/home/zac/franka_ws/src/moveit2/moveit_core/robot_model/include;/home/zac/franka_ws/src/moveit2/moveit_core/transforms/include;/home/zac/franka_ws/src/moveit2/moveit_core/robot_state/include;/home/zac/franka_ws/src/moveit2/moveit_core/robot_trajectory/include;/home/zac/franka_ws/src/moveit2/moveit_core/kinematic_constraints/include;/home/zac/franka_ws/src/moveit2/moveit_core/macros/include;/home/zac/franka_ws/src/moveit2/moveit_core/online_signal_smoothing/include;/home/zac/franka_ws/src/moveit2/moveit_core/planning_interface/include;/home/zac/franka_ws/src/moveit2/moveit_core/planning_request_adapter/include;/home/zac/franka_ws/src/moveit2/moveit_core/planning_scene/include;/home/zac/franka_ws/src/moveit2/moveit_core/sensor_manager/include;/home/zac/franka_ws/src/moveit2/moveit_core/trajectory_processing/include;/home/zac/franka_ws/src/moveit2/moveit_core/utils/include
[2.718s] -- Configured cppcheck exclude dirs and/or files: 
[2.727s] -- Added test 'pep257' to check Python code against some of the docstring style conventions in PEP 257
[2.735s] -- Added test 'xmllint' to check XML markup files
[2.740s] -- Configuring done
[4.343s] -- Generating done
[4.364s] -- Build files have been written to: /home/zac/franka_ws/build/moveit_core
