[0.084s] Invoking command in '/home/zac/franka_ws/build/moveit_plugins': AMENT_PREFIX_PATH=/home/zac/franka_ws/install/moveit_simple_controller_manager:/home/zac/franka_ws/install/moveit_core:/home/zac/franka_ws/install/moveit_common:${AMENT_PREFIX_PATH} CMAKE_PREFIX_PATH=/home/zac/franka_ws/install/moveit_simple_controller_manager:/home/zac/franka_ws/install/moveit_core:/home/zac/franka_ws/install/moveit_common:/opt/ros/humble LD_LIBRARY_PATH=/home/zac/franka_ws/install/moveit_simple_controller_manager/lib:/home/zac/franka_ws/install/moveit_core/lib:${LD_LIBRARY_PATH} PATH=/home/zac/franka_ws/install/moveit_core/bin:${PATH} /usr/bin/cmake /home/zac/franka_ws/src/moveit2/moveit_plugins/moveit_plugins -DAMENT_CMAKE_SYMLINK_INSTALL=1 -DCMAKE_INSTALL_PREFIX=/home/zac/franka_ws/install/moveit_plugins
[0.120s] -- Found ament_cmake: 1.3.10 (/opt/ros/humble/share/ament_cmake/cmake)
[0.692s] -- Override CMake install command with custom implementation using symlinks instead of copying resources
[0.782s] -- Found ament_lint_auto: 0.12.11 (/opt/ros/humble/share/ament_lint_auto/cmake)
[1.007s] -- Added test 'copyright' to check source files copyright and LICENSE
[1.010s] -- Added test 'lint_cmake' to check CMake code style
[1.012s] -- Added test 'xmllint' to check XML markup files
[1.015s] -- Configuring done
[1.040s] -- Generating done
[1.043s] -- Build files have been written to: /home/zac/franka_ws/build/moveit_plugins
[1.073s] Invoked command in '/home/zac/franka_ws/build/moveit_plugins' returned '0': AMENT_PREFIX_PATH=/home/zac/franka_ws/install/moveit_simple_controller_manager:/home/zac/franka_ws/install/moveit_core:/home/zac/franka_ws/install/moveit_common:${AMENT_PREFIX_PATH} CMAKE_PREFIX_PATH=/home/zac/franka_ws/install/moveit_simple_controller_manager:/home/zac/franka_ws/install/moveit_core:/home/zac/franka_ws/install/moveit_common:/opt/ros/humble LD_LIBRARY_PATH=/home/zac/franka_ws/install/moveit_simple_controller_manager/lib:/home/zac/franka_ws/install/moveit_core/lib:${LD_LIBRARY_PATH} PATH=/home/zac/franka_ws/install/moveit_core/bin:${PATH} /usr/bin/cmake /home/zac/franka_ws/src/moveit2/moveit_plugins/moveit_plugins -DAMENT_CMAKE_SYMLINK_INSTALL=1 -DCMAKE_INSTALL_PREFIX=/home/zac/franka_ws/install/moveit_plugins
[1.074s] Invoking command in '/home/zac/franka_ws/build/moveit_plugins': AMENT_PREFIX_PATH=/home/zac/franka_ws/install/moveit_simple_controller_manager:/home/zac/franka_ws/install/moveit_core:/home/zac/franka_ws/install/moveit_common:${AMENT_PREFIX_PATH} CMAKE_PREFIX_PATH=/home/zac/franka_ws/install/moveit_simple_controller_manager:/home/zac/franka_ws/install/moveit_core:/home/zac/franka_ws/install/moveit_common:/opt/ros/humble LD_LIBRARY_PATH=/home/zac/franka_ws/install/moveit_simple_controller_manager/lib:/home/zac/franka_ws/install/moveit_core/lib:${LD_LIBRARY_PATH} PATH=/home/zac/franka_ws/install/moveit_core/bin:${PATH} /usr/bin/cmake --build /home/zac/franka_ws/build/moveit_plugins -- -j8 -l8
[1.198s] Invoked command in '/home/zac/franka_ws/build/moveit_plugins' returned '0': AMENT_PREFIX_PATH=/home/zac/franka_ws/install/moveit_simple_controller_manager:/home/zac/franka_ws/install/moveit_core:/home/zac/franka_ws/install/moveit_common:${AMENT_PREFIX_PATH} CMAKE_PREFIX_PATH=/home/zac/franka_ws/install/moveit_simple_controller_manager:/home/zac/franka_ws/install/moveit_core:/home/zac/franka_ws/install/moveit_common:/opt/ros/humble LD_LIBRARY_PATH=/home/zac/franka_ws/install/moveit_simple_controller_manager/lib:/home/zac/franka_ws/install/moveit_core/lib:${LD_LIBRARY_PATH} PATH=/home/zac/franka_ws/install/moveit_core/bin:${PATH} /usr/bin/cmake --build /home/zac/franka_ws/build/moveit_plugins -- -j8 -l8
[1.292s] Invoking command in '/home/zac/franka_ws/build/moveit_plugins': AMENT_PREFIX_PATH=/home/zac/franka_ws/install/moveit_simple_controller_manager:/home/zac/franka_ws/install/moveit_core:/home/zac/franka_ws/install/moveit_common:${AMENT_PREFIX_PATH} CMAKE_PREFIX_PATH=/home/zac/franka_ws/install/moveit_simple_controller_manager:/home/zac/franka_ws/install/moveit_core:/home/zac/franka_ws/install/moveit_common:/opt/ros/humble LD_LIBRARY_PATH=/home/zac/franka_ws/install/moveit_simple_controller_manager/lib:/home/zac/franka_ws/install/moveit_core/lib:${LD_LIBRARY_PATH} PATH=/home/zac/franka_ws/install/moveit_core/bin:${PATH} /usr/bin/cmake --install /home/zac/franka_ws/build/moveit_plugins
[1.308s] -- Install configuration: ""
[1.308s] -- Execute custom install script
[1.308s] -- Symlinking: /home/zac/franka_ws/install/moveit_plugins/share/ament_index/resource_index/package_run_dependencies/moveit_plugins
[1.333s] -- Symlinking: /home/zac/franka_ws/install/moveit_plugins/share/ament_index/resource_index/parent_prefix_path/moveit_plugins
[1.351s] -- Symlinking: /home/zac/franka_ws/install/moveit_plugins/share/moveit_plugins/environment/ament_prefix_path.sh
[1.384s] -- Symlinking: /home/zac/franka_ws/install/moveit_plugins/share/moveit_plugins/environment/ament_prefix_path.dsv
[1.420s] -- Symlinking: /home/zac/franka_ws/install/moveit_plugins/share/moveit_plugins/environment/path.sh
[1.439s] -- Symlinking: /home/zac/franka_ws/install/moveit_plugins/share/moveit_plugins/environment/path.dsv
[1.467s] -- Symlinking: /home/zac/franka_ws/install/moveit_plugins/share/moveit_plugins/local_setup.bash
[1.507s] -- Symlinking: /home/zac/franka_ws/install/moveit_plugins/share/moveit_plugins/local_setup.sh
[1.525s] -- Symlinking: /home/zac/franka_ws/install/moveit_plugins/share/moveit_plugins/local_setup.zsh
[1.546s] -- Symlinking: /home/zac/franka_ws/install/moveit_plugins/share/moveit_plugins/local_setup.dsv
[1.595s] -- Symlinking: /home/zac/franka_ws/install/moveit_plugins/share/moveit_plugins/package.dsv
[1.619s] -- Symlinking: /home/zac/franka_ws/install/moveit_plugins/share/ament_index/resource_index/packages/moveit_plugins
[1.645s] -- Symlinking: /home/zac/franka_ws/install/moveit_plugins/share/moveit_plugins/cmake/moveit_pluginsConfig.cmake
[1.681s] -- Symlinking: /home/zac/franka_ws/install/moveit_plugins/share/moveit_plugins/cmake/moveit_pluginsConfig-version.cmake
[1.699s] -- Symlinking: /home/zac/franka_ws/install/moveit_plugins/share/moveit_plugins/package.xml
[1.733s] Invoked command in '/home/zac/franka_ws/build/moveit_plugins' returned '0': AMENT_PREFIX_PATH=/home/zac/franka_ws/install/moveit_simple_controller_manager:/home/zac/franka_ws/install/moveit_core:/home/zac/franka_ws/install/moveit_common:${AMENT_PREFIX_PATH} CMAKE_PREFIX_PATH=/home/zac/franka_ws/install/moveit_simple_controller_manager:/home/zac/franka_ws/install/moveit_core:/home/zac/franka_ws/install/moveit_common:/opt/ros/humble LD_LIBRARY_PATH=/home/zac/franka_ws/install/moveit_simple_controller_manager/lib:/home/zac/franka_ws/install/moveit_core/lib:${LD_LIBRARY_PATH} PATH=/home/zac/franka_ws/install/moveit_core/bin:${PATH} /usr/bin/cmake --install /home/zac/franka_ws/build/moveit_plugins
