[0.026s] Invoking command in '/home/zac/franka_ws/build/moveit_core': AMENT_PREFIX_PATH=/home/zac/franka_ws/install/moveit_common:${AMENT_PREFIX_PATH} CMAKE_PREFIX_PATH=/home/zac/franka_ws/install/moveit_common:/opt/ros/humble /usr/bin/cmake /home/zac/franka_ws/src/moveit2/moveit_core -DAMENT_CMAKE_SYMLINK_INSTALL=1 -DCMAKE_INSTALL_PREFIX=/home/zac/franka_ws/install/moveit_core
[0.056s] -- Found moveit_common: 2.5.5 (/home/zac/franka_ws/install/moveit_common/share/moveit_common/cmake)
[0.059s] -- Found ament_cmake: 1.3.10 (/opt/ros/humble/share/ament_cmake/cmake)
[0.336s] -- Override CMake install command with custom implementation using symlinks instead of copying resources
[0.518s] [0mmoveit_core: You did not request a specific build type: Choosing 'Release' for maximum performance[0m
[0.518s] -- Found angles: 1.15.0 (/opt/ros/humble/share/angles/cmake)
[0.570s] -- Found common_interfaces: 4.2.4 (/opt/ros/humble/share/common_interfaces/cmake)
[0.570s] -- Found eigen_stl_containers: 1.0.0 (/opt/ros/humble/share/eigen_stl_containers/cmake)
[0.575s] -- Found eigen3_cmake_module: 0.1.1 (/opt/ros/humble/share/eigen3_cmake_module/cmake)
[0.586s] -- Found generate_parameter_library: 0.3.8 (/opt/ros/humble/share/generate_parameter_library/cmake)
[0.590s] -- Found parameter_traits: 0.3.8 (/opt/ros/humble/share/parameter_traits/cmake)
[0.634s] -- Found rosidl_generator_c: 3.1.5 (/opt/ros/humble/share/rosidl_generator_c/cmake)
[0.638s] -- Found rosidl_adapter: 3.1.5 (/opt/ros/humble/share/rosidl_adapter/cmake)
[0.652s] -- Found rosidl_generator_cpp: 3.1.5 (/opt/ros/humble/share/rosidl_generator_cpp/cmake)
[0.677s] -- Using all available rosidl_typesupport_c: rosidl_typesupport_fastrtps_c;rosidl_typesupport_introspection_c
[0.701s] -- Using all available rosidl_typesupport_cpp: rosidl_typesupport_fastrtps_cpp;rosidl_typesupport_introspection_cpp
[0.759s] -- Found rmw_implementation_cmake: 6.1.2 (/opt/ros/humble/share/rmw_implementation_cmake/cmake)
[0.761s] -- Found rmw_fastrtps_cpp: 6.2.7 (/opt/ros/humble/share/rmw_fastrtps_cpp/cmake)
[0.973s] -- Using RMW implementation 'rmw_fastrtps_cpp' as default
[1.118s] -- Found rclcpp_lifecycle: 16.0.10 (/opt/ros/humble/share/rclcpp_lifecycle/cmake)
[1.144s] -- Found geometric_shapes: 2.1.3 (/opt/ros/humble/share/geometric_shapes/cmake)
[1.155s] -- Found Boost: /usr/lib/x86_64-linux-gnu/cmake/Boost-1.74.0/BoostConfig.cmake (found version "1.74.0") found components: filesystem 
[1.272s] -- library: /usr/lib/x86_64-linux-gnu/libcurl.so
[1.427s] -- Found kdl_parser: 2.6.4 (/opt/ros/humble/share/kdl_parser/cmake)
[1.437s] -- Ensuring Eigen3 include directory is part of orocos-kdl CMake target
[1.443s] -- Found moveit_msgs: 2.2.1 (/opt/ros/humble/share/moveit_msgs/cmake)
[1.710s] -- Found pluginlib: 5.1.0 (/opt/ros/humble/share/pluginlib/cmake)
[1.758s] -- Found srdfdom: 2.0.4 (/opt/ros/humble/share/srdfdom/cmake)
[1.789s] -- Found tf2_eigen: 0.25.7 (/opt/ros/humble/share/tf2_eigen/cmake)
[1.984s] -- Found tf2_geometry_msgs: 0.25.7 (/opt/ros/humble/share/tf2_geometry_msgs/cmake)
[1.992s] -- Found tf2_kdl: 0.25.7 (/opt/ros/humble/share/tf2_kdl/cmake)
[2.048s] -- Found Boost: /usr/lib/x86_64-linux-gnu/cmake/Boost-1.74.0/BoostConfig.cmake (found version "1.74.0") found components: chrono date_time filesystem iostreams program_options regex serialization system thread 
[2.053s] --  *** Building MoveIt 2.5.5-Alpha ***
[2.067s] -- Found ament_cmake_gtest: 1.3.10 (/opt/ros/humble/share/ament_cmake_gtest/cmake)
[2.070s] -- Found gtest sources under '/opt/ros/humble/src/gtest_vendor': C++ tests using 'Google Test' will be built
[2.092s] -- Found ament_cmake_gmock: 1.3.10 (/opt/ros/humble/share/ament_cmake_gmock/cmake)
[2.097s] -- Found gmock sources under '/opt/ros/humble/src/gmock_vendor': C++ tests using 'Google Mock' will be built
[2.104s] -- Found ament_cmake_gtest: 1.3.10 (/opt/ros/humble/share/ament_cmake_gtest/cmake)
[2.106s] -- Found gtest sources under '/opt/ros/humble/src/gtest_vendor': C++ tests using 'Google Test' will be built
[2.126s] -- Found ament_cmake_gtest: 1.3.10 (/opt/ros/humble/share/ament_cmake_gtest/cmake)
[2.128s] -- Found gtest sources under '/opt/ros/humble/src/gtest_vendor': C++ tests using 'Google Test' will be built
[2.175s] -- Found ament_cmake_gtest: 1.3.10 (/opt/ros/humble/share/ament_cmake_gtest/cmake)
[2.179s] -- Found gtest sources under '/opt/ros/humble/src/gtest_vendor': C++ tests using 'Google Test' will be built
[2.208s] -- Found ament_lint_auto: 0.12.11 (/opt/ros/humble/share/ament_lint_auto/cmake)
[2.210s] -- Found ament_cmake_gtest: 1.3.10 (/opt/ros/humble/share/ament_cmake_gtest/cmake)
[2.211s] -- Found gtest sources under '/opt/ros/humble/src/gtest_vendor': C++ tests using 'Google Test' will be built
[2.247s] -- Found ament_cmake_gtest: 1.3.10 (/opt/ros/humble/share/ament_cmake_gtest/cmake)
[2.249s] -- Found gtest sources under '/opt/ros/humble/src/gtest_vendor': C++ tests using 'Google Test' will be built
[2.272s] -- Found ament_cmake_gtest: 1.3.10 (/opt/ros/humble/share/ament_cmake_gtest/cmake)
[2.274s] -- Found gtest sources under '/opt/ros/humble/src/gtest_vendor': C++ tests using 'Google Test' will be built
[2.291s] -- Found ament_cmake_gtest: 1.3.10 (/opt/ros/humble/share/ament_cmake_gtest/cmake)
[2.294s] -- Found gtest sources under '/opt/ros/humble/src/gtest_vendor': C++ tests using 'Google Test' will be built
[2.321s] -- Found gtest sources under '/opt/ros/humble/src/gtest_vendor': C++ tests using 'Google Test' will be built
[2.343s] -- Found gtest sources under '/opt/ros/humble/src/gtest_vendor': C++ tests using 'Google Test' will be built
[2.368s] -- Found ament_cmake_gtest: 1.3.10 (/opt/ros/humble/share/ament_cmake_gtest/cmake)
[2.370s] -- Found gtest sources under '/opt/ros/humble/src/gtest_vendor': C++ tests using 'Google Test' will be built
[2.411s] -- Found gtest sources under '/opt/ros/humble/src/gtest_vendor': C++ tests using 'Google Test' will be built
[2.442s] -- Found gtest sources under '/opt/ros/humble/src/gtest_vendor': C++ tests using 'Google Test' will be built
[2.468s] -- Found gtest sources under '/opt/ros/humble/src/gtest_vendor': C++ tests using 'Google Test' will be built
[2.486s] -- Found ament_lint_auto: 0.12.11 (/opt/ros/humble/share/ament_lint_auto/cmake)
[2.601s] -- Added test 'cppcheck' to perform static code analysis on C / C++ code
[2.605s] -- Configured cppcheck include dirs: /home/zac/franka_ws/src/moveit2/moveit_core/exceptions/include;/home/zac/franka_ws/src/moveit2/moveit_core/collision_detection/include;/home/zac/franka_ws/src/moveit2/moveit_core/collision_detection_fcl/include;/home/zac/franka_ws/src/moveit2/moveit_core/collision_detection_bullet/include;/home/zac/franka_ws/src/moveit2/moveit_core/constraint_samplers/include;/home/zac/franka_ws/src/moveit2/moveit_core/controller_manager/include;/home/zac/franka_ws/src/moveit2/moveit_core/distance_field/include;/home/zac/franka_ws/src/moveit2/moveit_core/collision_distance_field/include;/home/zac/franka_ws/src/moveit2/moveit_core/dynamics_solver/include;/home/zac/franka_ws/src/moveit2/moveit_core/kinematics_base/include;/home/zac/franka_ws/src/moveit2/moveit_core/kinematics_metrics/include;/home/zac/franka_ws/src/moveit2/moveit_core/robot_model/include;/home/zac/franka_ws/src/moveit2/moveit_core/transforms/include;/home/zac/franka_ws/src/moveit2/moveit_core/robot_state/include;/home/zac/franka_ws/src/moveit2/moveit_core/robot_trajectory/include;/home/zac/franka_ws/src/moveit2/moveit_core/kinematic_constraints/include;/home/zac/franka_ws/src/moveit2/moveit_core/macros/include;/home/zac/franka_ws/src/moveit2/moveit_core/online_signal_smoothing/include;/home/zac/franka_ws/src/moveit2/moveit_core/planning_interface/include;/home/zac/franka_ws/src/moveit2/moveit_core/planning_request_adapter/include;/home/zac/franka_ws/src/moveit2/moveit_core/planning_scene/include;/home/zac/franka_ws/src/moveit2/moveit_core/sensor_manager/include;/home/zac/franka_ws/src/moveit2/moveit_core/trajectory_processing/include;/home/zac/franka_ws/src/moveit2/moveit_core/utils/include
[2.605s] -- Configured cppcheck exclude dirs and/or files: 
[2.617s] -- Added test 'pep257' to check Python code against some of the docstring style conventions in PEP 257
[2.628s] -- Added test 'xmllint' to check XML markup files
[2.637s] -- Configuring done
[4.570s] -- Generating done
[4.598s] -- Build files have been written to: /home/zac/franka_ws/build/moveit_core
[4.655s] Invoked command in '/home/zac/franka_ws/build/moveit_core' returned '0': AMENT_PREFIX_PATH=/home/zac/franka_ws/install/moveit_common:${AMENT_PREFIX_PATH} CMAKE_PREFIX_PATH=/home/zac/franka_ws/install/moveit_common:/opt/ros/humble /usr/bin/cmake /home/zac/franka_ws/src/moveit2/moveit_core -DAMENT_CMAKE_SYMLINK_INSTALL=1 -DCMAKE_INSTALL_PREFIX=/home/zac/franka_ws/install/moveit_core
[4.661s] Invoking command in '/home/zac/franka_ws/build/moveit_core': AMENT_PREFIX_PATH=/home/zac/franka_ws/install/moveit_common:${AMENT_PREFIX_PATH} CMAKE_PREFIX_PATH=/home/zac/franka_ws/install/moveit_common:/opt/ros/humble /usr/bin/cmake --build /home/zac/franka_ws/build/moveit_core -- -j8 -l8
[4.756s] [35m[1mConsolidate compiler generated dependencies of target moveit_utils[0m
[4.762s] [35m[1mConsolidate compiler generated dependencies of target moveit_transforms[0m
[4.763s] [35m[1mConsolidate compiler generated dependencies of target moveit_kinematics_base[0m
[4.766s] [35m[1mConsolidate compiler generated dependencies of target moveit_exceptions[0m
[4.768s] [35m[1mConsolidate compiler generated dependencies of target gtest[0m
[4.769s] [35m[1mConsolidate compiler generated dependencies of target gtest_main[0m
[4.780s] [35m[1mConsolidate compiler generated dependencies of target gmock[0m
[4.784s] [35m[1mConsolidate compiler generated dependencies of target moveit_distance_field[0m
[4.795s] [  2%] Built target moveit_utils
[4.806s] [  3%] Built target moveit_exceptions
[4.818s] [  4%] Built target gtest_main
[4.825s] [35m[1mConsolidate compiler generated dependencies of target gmock_main[0m
[4.868s] [  6%] Built target gmock
[4.871s] [35m[1mConsolidate compiler generated dependencies of target moveit_smoothing_base[0m
[4.901s] [  7%] Built target gtest
[4.913s] [  9%] Built target moveit_kinematics_base
[4.913s] [  9%] Built target moveit_butterworth_parameters
[4.929s] [35m[1mConsolidate compiler generated dependencies of target moveit_version[0m
[4.969s] [ 10%] Built target gmock_main
[4.992s] [ 11%] Built target moveit_smoothing_base
[4.993s] [ 12%] Built target moveit_transforms
[4.994s] [ 14%] Built target moveit_version
[5.005s] [ 16%] Built target moveit_distance_field
[5.008s] [35m[1mConsolidate compiler generated dependencies of target moveit_robot_model[0m
[5.016s] [35m[1mConsolidate compiler generated dependencies of target test_transforms[0m
[5.029s] [35m[1mConsolidate compiler generated dependencies of target test_voxel_grid[0m
[5.030s] [35m[1mConsolidate compiler generated dependencies of target test_distance_field[0m
[5.063s] [ 17%] Built target test_transforms
[5.080s] [ 18%] Built target test_voxel_grid
[5.107s] [ 19%] Built target test_distance_field
[5.145s] [ 26%] Built target moveit_robot_model
[5.168s] [35m[1mConsolidate compiler generated dependencies of target moveit_butterworth_filter[0m
[5.169s] [35m[1mConsolidate compiler generated dependencies of target moveit_test_utils[0m
[5.175s] [35m[1mConsolidate compiler generated dependencies of target moveit_robot_state[0m
[5.234s] [ 27%] Built target moveit_butterworth_filter
[5.249s] [ 28%] Built target moveit_test_utils
[5.257s] [35m[1mConsolidate compiler generated dependencies of target test_butterworth_filter[0m
[5.267s] [35m[1mConsolidate compiler generated dependencies of target test_robot_model[0m
[5.287s] [ 31%] Built target moveit_robot_state
[5.327s] [35m[1mConsolidate compiler generated dependencies of target moveit_dynamics_solver[0m
[5.328s] [35m[1mConsolidate compiler generated dependencies of target moveit_robot_trajectory[0m
[5.335s] [35m[1mConsolidate compiler generated dependencies of target moveit_kinematics_metrics[0m
[5.346s] [35m[1mConsolidate compiler generated dependencies of target test_robot_state_benchmark[0m
[5.363s] [35m[1mConsolidate compiler generated dependencies of target test_robot_state[0m
[5.366s] [ 32%] Built target test_butterworth_filter
[5.370s] [ 33%] Built target test_robot_model
[5.386s] [35m[1mConsolidate compiler generated dependencies of target moveit_collision_detection[0m
[5.403s] [35m[1mConsolidate compiler generated dependencies of target test_robot_state_complex[0m
[5.404s] [35m[1mConsolidate compiler generated dependencies of target test_aabb[0m
[5.405s] [ 35%] Built target moveit_dynamics_solver
[5.438s] [ 36%] Built target moveit_robot_trajectory
[5.451s] [35m[1mConsolidate compiler generated dependencies of target test_cartesian_interpolator[0m
[5.475s] [ 37%] Built target moveit_kinematics_metrics
[5.508s] [ 38%] Built target test_robot_state_benchmark
[5.532s] [ 40%] Built target test_robot_state
[5.541s] [35m[1mConsolidate compiler generated dependencies of target moveit_trajectory_processing[0m
[5.546s] [35m[1mConsolidate compiler generated dependencies of target moveit_planning_interface[0m
[5.548s] [35m[1mConsolidate compiler generated dependencies of target test_robot_trajectory[0m
[5.564s] [ 41%] Built target test_aabb
[5.574s] [ 42%] Built target test_cartesian_interpolator
[5.582s] [ 48%] Built target moveit_collision_detection
[5.595s] [ 49%] Built target test_robot_state_complex
[5.619s] [35m[1mConsolidate compiler generated dependencies of target moveit_collision_detection_fcl[0m
[5.622s] [35m[1mConsolidate compiler generated dependencies of target test_all_valid[0m
[5.629s] [35m[1mConsolidate compiler generated dependencies of target test_world[0m
[5.633s] [35m[1mConsolidate compiler generated dependencies of target test_world_diff[0m
[5.664s] [35m[1mConsolidate compiler generated dependencies of target moveit_collision_detection_bullet[0m
[5.692s] [ 53%] Built target moveit_trajectory_processing
[5.731s] [ 55%] Built target test_world_diff
[5.732s] [ 57%] Built target moveit_planning_interface
[5.745s] [35m[1mConsolidate compiler generated dependencies of target test_time_parameterization[0m
[5.770s] [ 58%] Built target test_all_valid
[5.770s] [ 59%] Built target test_world
[5.778s] [ 60%] Built target test_robot_trajectory
[5.779s] [ 62%] Built target moveit_collision_detection_fcl
[5.783s] [35m[1mConsolidate compiler generated dependencies of target test_ruckig_traj_smoothing[0m
[5.793s] [35m[1mConsolidate compiler generated dependencies of target test_time_optimal_trajectory_generation[0m
[5.817s] [35m[1mConsolidate compiler generated dependencies of target test_fcl_collision_env[0m
[5.841s] [35m[1mConsolidate compiler generated dependencies of target test_fcl_collision_detection_panda[0m
[5.843s] [35m[1mConsolidate compiler generated dependencies of target moveit_kinematic_constraints[0m
[5.848s] [35m[1mConsolidate compiler generated dependencies of target test_fcl_collision_detection[0m
[5.866s] [ 67%] Built target moveit_collision_detection_bullet
[5.884s] [ 68%] Built target test_time_parameterization
[5.890s] [ 70%] Built target test_time_optimal_trajectory_generation
[5.910s] [35m[1mConsolidate compiler generated dependencies of target test_bullet_collision_detection[0m
[5.915s] [ 71%] Built target test_ruckig_traj_smoothing
[5.928s] [35m[1mConsolidate compiler generated dependencies of target test_bullet_collision_detection_panda[0m
[5.937s] [35m[1mConsolidate compiler generated dependencies of target test_bullet_continuous_collision_checking[0m
[5.979s] [ 72%] Built target test_fcl_collision_detection
[5.981s] [ 73%] Built target test_fcl_collision_detection_panda
[5.990s] [ 75%] Built target test_fcl_collision_env
[6.058s] [ 77%] Built target moveit_kinematic_constraints
[6.065s] [ 78%] Built target test_bullet_collision_detection
[6.072s] [ 79%] Built target test_bullet_collision_detection_panda
[6.078s] [ 81%] Built target test_bullet_continuous_collision_checking
[6.084s] [35m[1mConsolidate compiler generated dependencies of target test_constraints[0m
[6.089s] [35m[1mConsolidate compiler generated dependencies of target moveit_planning_scene[0m
[6.098s] [35m[1mConsolidate compiler generated dependencies of target test_orientation_constraints[0m
[6.162s] [ 82%] Built target test_constraints
[6.179s] [ 83%] Built target test_orientation_constraints
[6.199s] [ 84%] Built target moveit_planning_scene
[6.248s] [35m[1mConsolidate compiler generated dependencies of target moveit_planning_request_adapter[0m
[6.259s] [35m[1mConsolidate compiler generated dependencies of target collision_detector_fcl_plugin[0m
[6.276s] [35m[1mConsolidate compiler generated dependencies of target test_collision_objects[0m
[6.295s] [35m[1mConsolidate compiler generated dependencies of target test_multi_threaded[0m
[6.300s] [35m[1mConsolidate compiler generated dependencies of target moveit_collision_distance_field[0m
[6.301s] [35m[1mConsolidate compiler generated dependencies of target test_planning_scene[0m
[6.304s] [35m[1mConsolidate compiler generated dependencies of target collision_detector_bullet_plugin[0m
[6.324s] [35m[1mConsolidate compiler generated dependencies of target moveit_constraint_samplers[0m
[6.347s] [ 85%] Built target moveit_planning_request_adapter
[6.385s] [ 86%] Built target test_multi_threaded
[6.417s] [ 87%] Built target test_collision_objects
[6.464s] [ 88%] Built target collision_detector_fcl_plugin
[6.492s] [ 89%] Built target collision_detector_bullet_plugin
[6.493s] [ 90%] Built target test_planning_scene
[6.513s] [ 93%] Built target moveit_constraint_samplers
[6.524s] [ 96%] Built target moveit_collision_distance_field
[6.545s] [35m[1mConsolidate compiler generated dependencies of target test_constraint_samplers[0m
[6.550s] [35m[1mConsolidate compiler generated dependencies of target test_collision_distance_field[0m
[6.628s] [ 97%] Built target test_collision_distance_field
[6.656s] [100%] Built target test_constraint_samplers
[6.680s] Invoked command in '/home/zac/franka_ws/build/moveit_core' returned '0': AMENT_PREFIX_PATH=/home/zac/franka_ws/install/moveit_common:${AMENT_PREFIX_PATH} CMAKE_PREFIX_PATH=/home/zac/franka_ws/install/moveit_common:/opt/ros/humble /usr/bin/cmake --build /home/zac/franka_ws/build/moveit_core -- -j8 -l8
[6.807s] Invoking command in '/home/zac/franka_ws/build/moveit_core': AMENT_PREFIX_PATH=/home/zac/franka_ws/install/moveit_common:${AMENT_PREFIX_PATH} CMAKE_PREFIX_PATH=/home/zac/franka_ws/install/moveit_common:/opt/ros/humble /usr/bin/cmake --install /home/zac/franka_ws/build/moveit_core
[6.823s] -- Install configuration: "Release"
[6.823s] -- Execute custom install script
[6.823s] -- Up-to-date symlink: /home/zac/franka_ws/install/moveit_core/include/moveit/version.h
[6.824s] -- Up-to-date symlink: /home/zac/franka_ws/install/moveit_core/include/moveit/collision_distance_field/collision_common_distance_field.h
[6.824s] -- Up-to-date symlink: /home/zac/franka_ws/install/moveit_core/include/moveit/collision_distance_field/collision_detector_allocator_distance_field.h
[6.824s] -- Up-to-date symlink: /home/zac/franka_ws/install/moveit_core/include/moveit/collision_distance_field/collision_detector_allocator_hybrid.h
[6.825s] -- Up-to-date symlink: /home/zac/franka_ws/install/moveit_core/include/moveit/collision_distance_field/collision_distance_field_types.h
[6.825s] -- Up-to-date symlink: /home/zac/franka_ws/install/moveit_core/include/moveit/collision_distance_field/collision_env_distance_field.h
[6.827s] -- Up-to-date symlink: /home/zac/franka_ws/install/moveit_core/include/moveit/collision_distance_field/collision_env_hybrid.h
[6.827s] -- Up-to-date symlink: /home/zac/franka_ws/install/moveit_core/include/moveit_collision_distance_field_export.h
[6.828s] -- Up-to-date symlink: /home/zac/franka_ws/install/moveit_core/include/moveit/constraint_samplers/constraint_sampler.h
[6.828s] -- Up-to-date symlink: /home/zac/franka_ws/install/moveit_core/include/moveit/constraint_samplers/constraint_sampler_allocator.h
[6.828s] -- Up-to-date symlink: /home/zac/franka_ws/install/moveit_core/include/moveit/constraint_samplers/constraint_sampler_manager.h
[6.828s] -- Up-to-date symlink: /home/zac/franka_ws/install/moveit_core/include/moveit/constraint_samplers/constraint_sampler_tools.h
[6.828s] -- Up-to-date symlink: /home/zac/franka_ws/install/moveit_core/include/moveit/constraint_samplers/default_constraint_samplers.h
[6.829s] -- Up-to-date symlink: /home/zac/franka_ws/install/moveit_core/include/moveit/constraint_samplers/union_constraint_sampler.h
[6.829s] -- Up-to-date symlink: /home/zac/franka_ws/install/moveit_core/include/moveit/controller_manager/controller_manager.h
[6.830s] -- Up-to-date symlink: /home/zac/franka_ws/install/moveit_core/include/moveit/distance_field/distance_field.h
[6.830s] -- Up-to-date symlink: /home/zac/franka_ws/install/moveit_core/include/moveit/distance_field/find_internal_points.h
[6.831s] -- Up-to-date symlink: /home/zac/franka_ws/install/moveit_core/include/moveit/distance_field/propagation_distance_field.h
[6.831s] -- Up-to-date symlink: /home/zac/franka_ws/install/moveit_core/include/moveit/distance_field/voxel_grid.h
[6.832s] -- Up-to-date symlink: /home/zac/franka_ws/install/moveit_core/include/moveit/dynamics_solver/dynamics_solver.h
[6.832s] -- Up-to-date symlink: /home/zac/franka_ws/install/moveit_core/include/moveit/exceptions/exceptions.h
[6.833s] -- Up-to-date symlink: /home/zac/franka_ws/install/moveit_core/include/moveit/kinematics_base/kinematics_base.h
[6.833s] -- Up-to-date symlink: /home/zac/franka_ws/install/moveit_core/include/moveit_kinematics_base_export.h
[6.834s] -- Up-to-date symlink: /home/zac/franka_ws/install/moveit_core/include/moveit/kinematic_constraints/kinematic_constraint.h
[6.834s] -- Up-to-date symlink: /home/zac/franka_ws/install/moveit_core/include/moveit/kinematic_constraints/utils.h
[6.835s] -- Up-to-date symlink: /home/zac/franka_ws/install/moveit_core/include/moveit/kinematics_metrics/kinematics_metrics.h
[6.836s] -- Up-to-date symlink: /home/zac/franka_ws/install/moveit_core/include/moveit/macros/class_forward.h
[6.836s] -- Up-to-date symlink: /home/zac/franka_ws/install/moveit_core/include/moveit/macros/console_colors.h
[6.837s] -- Up-to-date symlink: /home/zac/franka_ws/install/moveit_core/include/moveit/macros/declare_ptr.h
[6.837s] -- Up-to-date symlink: /home/zac/franka_ws/install/moveit_core/include/moveit/macros/deprecation.h
[6.837s] -- Up-to-date symlink: /home/zac/franka_ws/install/moveit_core/include/moveit_butterworth_parameters/moveit_butterworth_parameters.hpp
[6.838s] -- Up-to-date symlink: /home/zac/franka_ws/install/moveit_core/include/moveit/online_signal_smoothing/butterworth_filter.h
[6.839s] -- Up-to-date symlink: /home/zac/franka_ws/install/moveit_core/include/moveit/online_signal_smoothing/smoothing_base_class.h
[6.839s] -- Up-to-date symlink: /home/zac/franka_ws/install/moveit_core/include/moveit_smoothing_base_export.h
[6.839s] -- Up-to-date symlink: /home/zac/franka_ws/install/moveit_core/include/moveit_butterworth_filter_export.h
[6.841s] -- Up-to-date symlink: /home/zac/franka_ws/install/moveit_core/include/moveit/planning_interface/planning_interface.h
[6.842s] -- Up-to-date symlink: /home/zac/franka_ws/install/moveit_core/include/moveit/planning_interface/planning_request.h
[6.843s] -- Up-to-date symlink: /home/zac/franka_ws/install/moveit_core/include/moveit/planning_interface/planning_response.h
[6.843s] -- Up-to-date symlink: /home/zac/franka_ws/install/moveit_core/include/moveit/planning_request_adapter/planning_request_adapter.h
[6.843s] -- Up-to-date symlink: /home/zac/franka_ws/install/moveit_core/include/moveit/planning_scene/planning_scene.h
[6.843s] -- Up-to-date symlink: /home/zac/franka_ws/install/moveit_core/include/moveit_planning_scene_export.h
[6.843s] -- Up-to-date symlink: /home/zac/franka_ws/install/moveit_core/include/moveit/robot_model/aabb.h
[6.844s] -- Up-to-date symlink: /home/zac/franka_ws/install/moveit_core/include/moveit/robot_model/fixed_joint_model.h
[6.844s] -- Up-to-date symlink: /home/zac/franka_ws/install/moveit_core/include/moveit/robot_model/floating_joint_model.h
[6.844s] -- Up-to-date symlink: /home/zac/franka_ws/install/moveit_core/include/moveit/robot_model/joint_model.h
[6.845s] -- Up-to-date symlink: /home/zac/franka_ws/install/moveit_core/include/moveit/robot_model/joint_model_group.h
[6.845s] -- Up-to-date symlink: /home/zac/franka_ws/install/moveit_core/include/moveit/robot_model/link_model.h
[6.845s] -- Up-to-date symlink: /home/zac/franka_ws/install/moveit_core/include/moveit/robot_model/planar_joint_model.h
[6.846s] -- Up-to-date symlink: /home/zac/franka_ws/install/moveit_core/include/moveit/robot_model/prismatic_joint_model.h
[6.846s] -- Up-to-date symlink: /home/zac/franka_ws/install/moveit_core/include/moveit/robot_model/revolute_joint_model.h
[6.846s] -- Up-to-date symlink: /home/zac/franka_ws/install/moveit_core/include/moveit/robot_model/robot_model.h
[6.847s] -- Up-to-date symlink: /home/zac/franka_ws/install/moveit_core/include/moveit/robot_state/attached_body.h
[6.848s] -- Up-to-date symlink: /home/zac/franka_ws/install/moveit_core/include/moveit/robot_state/cartesian_interpolator.h
[6.848s] -- Up-to-date symlink: /home/zac/franka_ws/install/moveit_core/include/moveit/robot_state/conversions.h
[6.848s] -- Up-to-date symlink: /home/zac/franka_ws/install/moveit_core/include/moveit/robot_state/robot_state.h
[6.849s] -- Up-to-date symlink: /home/zac/franka_ws/install/moveit_core/include/moveit/robot_trajectory/robot_trajectory.h
[6.849s] -- Up-to-date symlink: /home/zac/franka_ws/install/moveit_core/include/moveit/sensor_manager/sensor_manager.h
[6.852s] -- Up-to-date symlink: /home/zac/franka_ws/install/moveit_core/include/moveit/trajectory_processing/iterative_spline_parameterization.h
[6.853s] -- Up-to-date symlink: /home/zac/franka_ws/install/moveit_core/include/moveit/trajectory_processing/iterative_time_parameterization.h
[6.853s] -- Up-to-date symlink: /home/zac/franka_ws/install/moveit_core/include/moveit/trajectory_processing/ruckig_traj_smoothing.h
[6.853s] -- Up-to-date symlink: /home/zac/franka_ws/install/moveit_core/include/moveit/trajectory_processing/time_optimal_trajectory_generation.h
[6.853s] -- Up-to-date symlink: /home/zac/franka_ws/install/moveit_core/include/moveit/trajectory_processing/time_parameterization.h
[6.853s] -- Up-to-date symlink: /home/zac/franka_ws/install/moveit_core/include/moveit/trajectory_processing/trajectory_tools.h
[6.855s] -- Up-to-date symlink: /home/zac/franka_ws/install/moveit_core/include/moveit/transforms/transforms.h
[6.855s] -- Up-to-date symlink: /home/zac/franka_ws/install/moveit_core/include/moveit/utils/lexical_casts.h
[6.855s] -- Up-to-date symlink: /home/zac/franka_ws/install/moveit_core/include/moveit/utils/message_checks.h
[6.855s] -- Up-to-date symlink: /home/zac/franka_ws/install/moveit_core/include/moveit/utils/moveit_error_code.h
[6.855s] -- Up-to-date symlink: /home/zac/franka_ws/install/moveit_core/include/moveit/utils/rclcpp_utils.h
[6.855s] -- Up-to-date symlink: /home/zac/franka_ws/install/moveit_core/include/moveit/utils/robot_model_test_utils.h
[6.856s] -- Up-to-date symlink: /home/zac/franka_ws/install/moveit_core/bin/moveit_version
[6.856s] -- Up-to-date symlink: /home/zac/franka_ws/install/moveit_core/include/moveit/collision_detection/allvalid/collision_detector_allocator_allvalid.h
[6.857s] -- Up-to-date symlink: /home/zac/franka_ws/install/moveit_core/include/moveit/collision_detection/allvalid/collision_env_allvalid.h
[6.857s] -- Up-to-date symlink: /home/zac/franka_ws/install/moveit_core/include/moveit/collision_detection/collision_common.h
[6.857s] -- Up-to-date symlink: /home/zac/franka_ws/install/moveit_core/include/moveit/collision_detection/collision_detector_allocator.h
[6.858s] -- Up-to-date symlink: /home/zac/franka_ws/install/moveit_core/include/moveit/collision_detection/collision_env.h
[6.859s] -- Up-to-date symlink: /home/zac/franka_ws/install/moveit_core/include/moveit/collision_detection/collision_matrix.h
[6.859s] -- Up-to-date symlink: /home/zac/franka_ws/install/moveit_core/include/moveit/collision_detection/collision_octomap_filter.h
[6.859s] -- Up-to-date symlink: /home/zac/franka_ws/install/moveit_core/include/moveit/collision_detection/collision_plugin.h
[6.860s] -- Up-to-date symlink: /home/zac/franka_ws/install/moveit_core/include/moveit/collision_detection/collision_plugin_cache.h
[6.864s] -- Up-to-date symlink: /home/zac/franka_ws/install/moveit_core/include/moveit/collision_detection/collision_tools.h
[6.865s] -- Up-to-date symlink: /home/zac/franka_ws/install/moveit_core/include/moveit/collision_detection/occupancy_map.h
[6.865s] -- Up-to-date symlink: /home/zac/franka_ws/install/moveit_core/include/moveit/collision_detection/test_collision_common_panda.h
[6.865s] -- Up-to-date symlink: /home/zac/franka_ws/install/moveit_core/include/moveit/collision_detection/test_collision_common_pr2.h
[6.865s] -- Up-to-date symlink: /home/zac/franka_ws/install/moveit_core/include/moveit/collision_detection/world.h
[6.865s] -- Up-to-date symlink: /home/zac/franka_ws/install/moveit_core/include/moveit/collision_detection/world_diff.h
[6.865s] -- Up-to-date symlink: /home/zac/franka_ws/install/moveit_core/include/moveit_collision_detection_export.h
[6.866s] -- Up-to-date symlink: /home/zac/franka_ws/install/moveit_core/include/moveit/collision_detection_bullet/bullet_integration/basic_types.h
[6.866s] -- Up-to-date symlink: /home/zac/franka_ws/install/moveit_core/include/moveit/collision_detection_bullet/bullet_integration/bullet_bvh_manager.h
[6.866s] -- Up-to-date symlink: /home/zac/franka_ws/install/moveit_core/include/moveit/collision_detection_bullet/bullet_integration/bullet_cast_bvh_manager.h
[6.867s] -- Up-to-date symlink: /home/zac/franka_ws/install/moveit_core/include/moveit/collision_detection_bullet/bullet_integration/bullet_discrete_bvh_manager.h
[6.867s] -- Up-to-date symlink: /home/zac/franka_ws/install/moveit_core/include/moveit/collision_detection_bullet/bullet_integration/bullet_utils.h
[6.867s] -- Up-to-date symlink: /home/zac/franka_ws/install/moveit_core/include/moveit/collision_detection_bullet/bullet_integration/contact_checker_common.h
[6.867s] -- Up-to-date symlink: /home/zac/franka_ws/install/moveit_core/include/moveit/collision_detection_bullet/bullet_integration/ros_bullet_utils.h
[6.868s] -- Up-to-date symlink: /home/zac/franka_ws/install/moveit_core/include/moveit/collision_detection_bullet/collision_detector_allocator_bullet.h
[6.868s] -- Up-to-date symlink: /home/zac/franka_ws/install/moveit_core/include/moveit/collision_detection_bullet/collision_detector_bullet_plugin_loader.h
[6.868s] -- Up-to-date symlink: /home/zac/franka_ws/install/moveit_core/include/moveit/collision_detection_bullet/collision_env_bullet.h
[6.868s] -- Up-to-date symlink: /home/zac/franka_ws/install/moveit_core/include/moveit_collision_detection_bullet_export.h
[6.868s] -- Up-to-date symlink: /home/zac/franka_ws/install/moveit_core/include/moveit/collision_detection_fcl/collision_common.h
[6.869s] -- Up-to-date symlink: /home/zac/franka_ws/install/moveit_core/include/moveit/collision_detection_fcl/collision_detector_allocator_fcl.h
[6.872s] -- Up-to-date symlink: /home/zac/franka_ws/install/moveit_core/include/moveit/collision_detection_fcl/collision_detector_fcl_plugin_loader.h
[6.873s] -- Up-to-date symlink: /home/zac/franka_ws/install/moveit_core/include/moveit/collision_detection_fcl/collision_env_fcl.h
[6.873s] -- Up-to-date symlink: /home/zac/franka_ws/install/moveit_core/include/moveit/collision_detection_fcl/fcl_compat.h
[6.873s] -- Up-to-date symlink: /home/zac/franka_ws/install/moveit_core/include/moveit_collision_detection_fcl_export.h
[6.873s] -- Up-to-date symlink: /home/zac/franka_ws/install/moveit_core/share/moveit_core/environment/library_path.sh
[6.874s] -- Up-to-date symlink: /home/zac/franka_ws/install/moveit_core/share/moveit_core/environment/library_path.dsv
[6.874s] -- Up-to-date symlink: /home/zac/franka_ws/install/moveit_core/share/moveit_core//collision_detector_fcl_description.xml
[6.874s] -- Up-to-date symlink: /home/zac/franka_ws/install/moveit_core/share/moveit_core//collision_detector_bullet_description.xml
[6.874s] -- Up-to-date symlink: /home/zac/franka_ws/install/moveit_core/share/moveit_core//filter_plugin_butterworth.xml
[6.874s] -- Up-to-date symlink: /home/zac/franka_ws/install/moveit_core/share/ament_index/resource_index/package_run_dependencies/moveit_core
[6.875s] -- Up-to-date symlink: /home/zac/franka_ws/install/moveit_core/share/ament_index/resource_index/parent_prefix_path/moveit_core
[6.875s] -- Up-to-date symlink: /home/zac/franka_ws/install/moveit_core/share/moveit_core/environment/ament_prefix_path.sh
[6.875s] -- Up-to-date symlink: /home/zac/franka_ws/install/moveit_core/share/moveit_core/environment/ament_prefix_path.dsv
[6.875s] -- Up-to-date symlink: /home/zac/franka_ws/install/moveit_core/share/moveit_core/environment/path.sh
[6.875s] -- Up-to-date symlink: /home/zac/franka_ws/install/moveit_core/share/moveit_core/environment/path.dsv
[6.875s] -- Up-to-date symlink: /home/zac/franka_ws/install/moveit_core/share/moveit_core/local_setup.bash
[6.876s] -- Up-to-date symlink: /home/zac/franka_ws/install/moveit_core/share/moveit_core/local_setup.sh
[6.876s] -- Up-to-date symlink: /home/zac/franka_ws/install/moveit_core/share/moveit_core/local_setup.zsh
[6.876s] -- Up-to-date symlink: /home/zac/franka_ws/install/moveit_core/share/moveit_core/local_setup.dsv
[6.876s] -- Symlinking: /home/zac/franka_ws/install/moveit_core/share/moveit_core/package.dsv
[6.892s] -- Up-to-date symlink: /home/zac/franka_ws/install/moveit_core/share/ament_index/resource_index/packages/moveit_core
[6.893s] -- Up-to-date symlink: /home/zac/franka_ws/install/moveit_core/share/ament_index/resource_index/moveit_core__pluginlib__plugin/moveit_core
[6.893s] -- Up-to-date symlink: /home/zac/franka_ws/install/moveit_core/share/moveit_core/cmake/ConfigExtras.cmake
[6.893s] -- Up-to-date symlink: /home/zac/franka_ws/install/moveit_core/share/moveit_core/cmake/ament_cmake_export_targets-extras.cmake
[6.893s] -- Up-to-date symlink: /home/zac/franka_ws/install/moveit_core/share/moveit_core/cmake/ament_cmake_export_dependencies-extras.cmake
[6.893s] -- Up-to-date symlink: /home/zac/franka_ws/install/moveit_core/share/moveit_core/cmake/moveit_coreConfig.cmake
[6.893s] -- Up-to-date symlink: /home/zac/franka_ws/install/moveit_core/share/moveit_core/cmake/moveit_coreConfig-version.cmake
[6.896s] -- Up-to-date symlink: /home/zac/franka_ws/install/moveit_core/share/moveit_core/package.xml
[6.901s] -- Up-to-date: /home/zac/franka_ws/install/moveit_core/lib/libcollision_detector_bullet_plugin.so.2.5.5
[6.901s] -- Up-to-date: /home/zac/franka_ws/install/moveit_core/lib/libcollision_detector_bullet_plugin.so
[6.902s] -- Up-to-date: /home/zac/franka_ws/install/moveit_core/lib/libmoveit_butterworth_filter.so.2.5.5
[6.903s] -- Up-to-date: /home/zac/franka_ws/install/moveit_core/lib/libmoveit_butterworth_filter.so
[6.904s] -- Up-to-date: /home/zac/franka_ws/install/moveit_core/lib/libmoveit_collision_distance_field.so.2.5.5
[6.904s] -- Up-to-date: /home/zac/franka_ws/install/moveit_core/lib/libmoveit_collision_distance_field.so
[6.905s] -- Up-to-date: /home/zac/franka_ws/install/moveit_core/lib/libmoveit_collision_detection.so.2.5.5
[6.906s] -- Up-to-date: /home/zac/franka_ws/install/moveit_core/lib/libmoveit_collision_detection.so
[6.907s] -- Up-to-date: /home/zac/franka_ws/install/moveit_core/lib/libmoveit_collision_detection_fcl.so.2.5.5
[6.907s] -- Up-to-date: /home/zac/franka_ws/install/moveit_core/lib/libmoveit_collision_detection_fcl.so
[6.908s] -- Up-to-date: /home/zac/franka_ws/install/moveit_core/lib/libmoveit_collision_detection_bullet.so.2.5.5
[6.909s] -- Up-to-date: /home/zac/franka_ws/install/moveit_core/lib/libmoveit_collision_detection_bullet.so
[6.910s] -- Up-to-date: /home/zac/franka_ws/install/moveit_core/lib/libmoveit_dynamics_solver.so.2.5.5
[6.910s] -- Up-to-date: /home/zac/franka_ws/install/moveit_core/lib/libmoveit_dynamics_solver.so
[6.912s] -- Up-to-date: /home/zac/franka_ws/install/moveit_core/lib/libmoveit_constraint_samplers.so.2.5.5
[6.912s] -- Up-to-date: /home/zac/franka_ws/install/moveit_core/lib/libmoveit_constraint_samplers.so
[6.914s] -- Up-to-date: /home/zac/franka_ws/install/moveit_core/lib/libmoveit_distance_field.so.2.5.5
[6.914s] -- Up-to-date: /home/zac/franka_ws/install/moveit_core/lib/libmoveit_distance_field.so
[6.916s] -- Up-to-date: /home/zac/franka_ws/install/moveit_core/lib/libmoveit_exceptions.so.2.5.5
[6.917s] -- Up-to-date: /home/zac/franka_ws/install/moveit_core/lib/libmoveit_exceptions.so
[6.917s] -- Up-to-date: /home/zac/franka_ws/install/moveit_core/lib/libmoveit_kinematics_base.so
[6.918s] -- Up-to-date: /home/zac/franka_ws/install/moveit_core/lib/libmoveit_kinematic_constraints.so.2.5.5
[6.919s] -- Up-to-date: /home/zac/franka_ws/install/moveit_core/lib/libmoveit_kinematic_constraints.so
[6.921s] -- Up-to-date: /home/zac/franka_ws/install/moveit_core/lib/libmoveit_kinematics_metrics.so.2.5.5
[6.921s] -- Up-to-date: /home/zac/franka_ws/install/moveit_core/lib/libmoveit_kinematics_metrics.so
[6.924s] -- Up-to-date: /home/zac/franka_ws/install/moveit_core/lib/libmoveit_planning_interface.so.2.5.5
[6.925s] -- Up-to-date: /home/zac/franka_ws/install/moveit_core/lib/libmoveit_planning_interface.so
[6.925s] -- Up-to-date: /home/zac/franka_ws/install/moveit_core/lib/libmoveit_planning_scene.so.2.5.5
[6.925s] -- Up-to-date: /home/zac/franka_ws/install/moveit_core/lib/libmoveit_planning_scene.so
[6.926s] -- Up-to-date: /home/zac/franka_ws/install/moveit_core/lib/libmoveit_planning_request_adapter.so.2.5.5
[6.926s] -- Up-to-date: /home/zac/franka_ws/install/moveit_core/lib/libmoveit_planning_request_adapter.so
[6.928s] -- Up-to-date: /home/zac/franka_ws/install/moveit_core/lib/libmoveit_robot_model.so.2.5.5
[6.928s] -- Up-to-date: /home/zac/franka_ws/install/moveit_core/lib/libmoveit_robot_model.so
[6.929s] -- Up-to-date: /home/zac/franka_ws/install/moveit_core/lib/libmoveit_robot_state.so.2.5.5
[6.930s] -- Up-to-date: /home/zac/franka_ws/install/moveit_core/lib/libmoveit_robot_state.so
[6.931s] -- Up-to-date: /home/zac/franka_ws/install/moveit_core/lib/libmoveit_robot_trajectory.so.2.5.5
[6.931s] -- Up-to-date: /home/zac/franka_ws/install/moveit_core/lib/libmoveit_robot_trajectory.so
[6.932s] -- Up-to-date: /home/zac/franka_ws/install/moveit_core/lib/libmoveit_smoothing_base.so.2.5.5
[6.933s] -- Up-to-date: /home/zac/franka_ws/install/moveit_core/lib/libmoveit_smoothing_base.so
[6.934s] -- Up-to-date: /home/zac/franka_ws/install/moveit_core/lib/libmoveit_test_utils.so.2.5.5
[6.935s] -- Up-to-date: /home/zac/franka_ws/install/moveit_core/lib/libmoveit_test_utils.so
[6.936s] -- Up-to-date: /home/zac/franka_ws/install/moveit_core/lib/libmoveit_trajectory_processing.so.2.5.5
[6.937s] -- Up-to-date: /home/zac/franka_ws/install/moveit_core/lib/libmoveit_trajectory_processing.so
[6.938s] -- Up-to-date: /home/zac/franka_ws/install/moveit_core/lib/libmoveit_transforms.so.2.5.5
[6.939s] -- Up-to-date: /home/zac/franka_ws/install/moveit_core/lib/libmoveit_transforms.so
[6.940s] -- Up-to-date: /home/zac/franka_ws/install/moveit_core/lib/libmoveit_utils.so.2.5.5
[6.940s] -- Up-to-date: /home/zac/franka_ws/install/moveit_core/lib/libmoveit_utils.so
[6.941s] -- Up-to-date: /home/zac/franka_ws/install/moveit_core/share/moveit_core/cmake/export_moveit_coreExport.cmake
[6.941s] -- Up-to-date: /home/zac/franka_ws/install/moveit_core/share/moveit_core/cmake/export_moveit_coreExport-release.cmake
[6.945s] Invoked command in '/home/zac/franka_ws/build/moveit_core' returned '0': AMENT_PREFIX_PATH=/home/zac/franka_ws/install/moveit_common:${AMENT_PREFIX_PATH} CMAKE_PREFIX_PATH=/home/zac/franka_ws/install/moveit_common:/opt/ros/humble /usr/bin/cmake --install /home/zac/franka_ws/build/moveit_core
