[0.499s] Invoking command in '/home/zac/franka_ws/build/moveit_resources_prbt_support': CMAKE_PREFIX_PATH=${CMAKE_PREFIX_PATH}:/opt/ros/humble /usr/bin/cmake /home/zac/franka_ws/src/moveit2/moveit_planners/test_configs/prbt_support -DAMENT_CMAKE_SYMLINK_INSTALL=1 -DCMAKE_INSTALL_PREFIX=/home/zac/franka_ws/install/moveit_resources_prbt_support
[0.647s] -- The C compiler identification is GNU 11.4.0
[0.793s] -- The CXX compiler identification is GNU 11.4.0
[0.811s] -- Detecting C compiler ABI info
[1.016s] -- Detecting C compiler ABI info - done
[1.035s] -- Check for working C compiler: /usr/bin/cc - skipped
[1.036s] -- Detecting C compile features
[1.037s] -- Detecting C compile features - done
[1.044s] -- Detecting CXX compiler ABI info
[1.284s] -- Detecting CXX compiler ABI info - done
[1.312s] -- Check for working CXX compiler: /usr/bin/c++ - skipped
[1.312s] -- Detecting CXX compile features
[1.313s] -- Detecting CXX compile features - done
[1.329s] -- Found ament_cmake: 1.3.10 (/opt/ros/humble/share/ament_cmake/cmake)
[1.788s] -- Found Python3: /usr/bin/python3 (found version "3.10.12") found components: Interpreter 
[1.989s] -- Override CMake install command with custom implementation using symlinks instead of copying resources
[2.319s] -- Configuring done
[2.335s] -- Generating done
[2.337s] -- Build files have been written to: /home/zac/franka_ws/build/moveit_resources_prbt_support
[2.348s] Invoked command in '/home/zac/franka_ws/build/moveit_resources_prbt_support' returned '0': CMAKE_PREFIX_PATH=${CMAKE_PREFIX_PATH}:/opt/ros/humble /usr/bin/cmake /home/zac/franka_ws/src/moveit2/moveit_planners/test_configs/prbt_support -DAMENT_CMAKE_SYMLINK_INSTALL=1 -DCMAKE_INSTALL_PREFIX=/home/zac/franka_ws/install/moveit_resources_prbt_support
[2.351s] Invoking command in '/home/zac/franka_ws/build/moveit_resources_prbt_support': CMAKE_PREFIX_PATH=${CMAKE_PREFIX_PATH}:/opt/ros/humble /usr/bin/cmake --build /home/zac/franka_ws/build/moveit_resources_prbt_support -- -j8 -l8
[2.449s] Invoked command in '/home/zac/franka_ws/build/moveit_resources_prbt_support' returned '0': CMAKE_PREFIX_PATH=${CMAKE_PREFIX_PATH}:/opt/ros/humble /usr/bin/cmake --build /home/zac/franka_ws/build/moveit_resources_prbt_support -- -j8 -l8
[2.527s] Invoking command in '/home/zac/franka_ws/build/moveit_resources_prbt_support': CMAKE_PREFIX_PATH=${CMAKE_PREFIX_PATH}:/opt/ros/humble /usr/bin/cmake --install /home/zac/franka_ws/build/moveit_resources_prbt_support
[2.552s] -- Install configuration: ""
[2.553s] -- Execute custom install script
[2.554s] -- Symlinking: /home/zac/franka_ws/install/moveit_resources_prbt_support/share/ament_index/resource_index/package_run_dependencies/moveit_resources_prbt_support
[2.576s] -- Symlinking: /home/zac/franka_ws/install/moveit_resources_prbt_support/share/ament_index/resource_index/parent_prefix_path/moveit_resources_prbt_support
[2.599s] -- Symlinking: /home/zac/franka_ws/install/moveit_resources_prbt_support/share/moveit_resources_prbt_support/environment/ament_prefix_path.sh
[2.622s] -- Symlinking: /home/zac/franka_ws/install/moveit_resources_prbt_support/share/moveit_resources_prbt_support/environment/ament_prefix_path.dsv
[2.643s] -- Symlinking: /home/zac/franka_ws/install/moveit_resources_prbt_support/share/moveit_resources_prbt_support/environment/path.sh
[2.666s] -- Symlinking: /home/zac/franka_ws/install/moveit_resources_prbt_support/share/moveit_resources_prbt_support/environment/path.dsv
[2.688s] -- Symlinking: /home/zac/franka_ws/install/moveit_resources_prbt_support/share/moveit_resources_prbt_support/local_setup.bash
[2.709s] -- Symlinking: /home/zac/franka_ws/install/moveit_resources_prbt_support/share/moveit_resources_prbt_support/local_setup.sh
[2.735s] -- Symlinking: /home/zac/franka_ws/install/moveit_resources_prbt_support/share/moveit_resources_prbt_support/local_setup.zsh
[2.758s] -- Symlinking: /home/zac/franka_ws/install/moveit_resources_prbt_support/share/moveit_resources_prbt_support/local_setup.dsv
[2.782s] -- Symlinking: /home/zac/franka_ws/install/moveit_resources_prbt_support/share/moveit_resources_prbt_support/package.dsv
[2.812s] -- Symlinking: /home/zac/franka_ws/install/moveit_resources_prbt_support/share/ament_index/resource_index/packages/moveit_resources_prbt_support
[2.840s] -- Symlinking: /home/zac/franka_ws/install/moveit_resources_prbt_support/share/moveit_resources_prbt_support/cmake/moveit_resources_prbt_supportConfig.cmake
[2.861s] -- Symlinking: /home/zac/franka_ws/install/moveit_resources_prbt_support/share/moveit_resources_prbt_support/cmake/moveit_resources_prbt_supportConfig-version.cmake
[2.882s] -- Symlinking: /home/zac/franka_ws/install/moveit_resources_prbt_support/share/moveit_resources_prbt_support/package.xml
[2.916s] -- Symlinking: /home/zac/franka_ws/install/moveit_resources_prbt_support/share/moveit_resources_prbt_support/urdf/prbt.ros2_control.xacro
[2.963s] -- Symlinking: /home/zac/franka_ws/install/moveit_resources_prbt_support/share/moveit_resources_prbt_support/urdf/prbt.xacro
[2.988s] -- Symlinking: /home/zac/franka_ws/install/moveit_resources_prbt_support/share/moveit_resources_prbt_support/urdf/prbt_macro.xacro
[3.015s] -- Symlinking: /home/zac/franka_ws/install/moveit_resources_prbt_support/share/moveit_resources_prbt_support/urdf/simple_gripper_brackets.urdf.xacro
[3.039s] -- Symlinking: /home/zac/franka_ws/install/moveit_resources_prbt_support/share/moveit_resources_prbt_support/meshes/flange.dae
[3.065s] -- Symlinking: /home/zac/franka_ws/install/moveit_resources_prbt_support/share/moveit_resources_prbt_support/meshes/flange.stl
[3.089s] -- Symlinking: /home/zac/franka_ws/install/moveit_resources_prbt_support/share/moveit_resources_prbt_support/meshes/foot.dae
[3.127s] -- Symlinking: /home/zac/franka_ws/install/moveit_resources_prbt_support/share/moveit_resources_prbt_support/meshes/foot.stl
[3.149s] -- Symlinking: /home/zac/franka_ws/install/moveit_resources_prbt_support/share/moveit_resources_prbt_support/meshes/link_1.dae
[3.182s] -- Symlinking: /home/zac/franka_ws/install/moveit_resources_prbt_support/share/moveit_resources_prbt_support/meshes/link_1.stl
[3.208s] -- Symlinking: /home/zac/franka_ws/install/moveit_resources_prbt_support/share/moveit_resources_prbt_support/meshes/link_2.dae
[3.231s] -- Symlinking: /home/zac/franka_ws/install/moveit_resources_prbt_support/share/moveit_resources_prbt_support/meshes/link_2.stl
[3.247s] -- Symlinking: /home/zac/franka_ws/install/moveit_resources_prbt_support/share/moveit_resources_prbt_support/meshes/link_3.dae
[3.266s] -- Symlinking: /home/zac/franka_ws/install/moveit_resources_prbt_support/share/moveit_resources_prbt_support/meshes/link_3.stl
[3.286s] -- Symlinking: /home/zac/franka_ws/install/moveit_resources_prbt_support/share/moveit_resources_prbt_support/meshes/link_4.dae
[3.302s] -- Symlinking: /home/zac/franka_ws/install/moveit_resources_prbt_support/share/moveit_resources_prbt_support/meshes/link_4.stl
[3.320s] -- Symlinking: /home/zac/franka_ws/install/moveit_resources_prbt_support/share/moveit_resources_prbt_support/meshes/link_5.dae
[3.334s] -- Symlinking: /home/zac/franka_ws/install/moveit_resources_prbt_support/share/moveit_resources_prbt_support/meshes/link_5.stl
[3.351s] -- Symlinking: /home/zac/franka_ws/install/moveit_resources_prbt_support/share/moveit_resources_prbt_support/config/manipulator_controller.yaml
[3.364s] -- Symlinking: /home/zac/franka_ws/install/moveit_resources_prbt_support/share/moveit_resources_prbt_support/config/manipulator_driver.yaml
[3.380s] -- Symlinking: /home/zac/franka_ws/install/moveit_resources_prbt_support/share/moveit_resources_prbt_support/config/prbt_0_1.dcf
[3.401s] Invoked command in '/home/zac/franka_ws/build/moveit_resources_prbt_support' returned '0': CMAKE_PREFIX_PATH=${CMAKE_PREFIX_PATH}:/opt/ros/humble /usr/bin/cmake --install /home/zac/franka_ws/build/moveit_resources_prbt_support
