[0.044s] Invoking command in '/home/zac/franka_ws/build/franka_ign_ros2_control': CMAKE_PREFIX_PATH=/home/zac/franka_ws/install/franka_hardware:/home/zac/franka_ws/install/franka_msgs:/home/zac/franka_ws/install/pilz_industrial_motion_planner_testutils:/home/zac/franka_ws/install/moveit_runtime:/home/zac/franka_ws/install/moveit:/home/zac/franka_ws/install/moveit_planners:/home/zac/franka_ws/install/pilz_industrial_motion_planner:/home/zac/franka_ws/install/moveit_ros_control_interface:/home/zac/franka_ws/install/moveit_plugins:/home/zac/franka_ws/install/moveit_simple_controller_manager:/home/zac/franka_ws/install/moveit_setup_assistant:/home/zac/franka_ws/install/moveit_setup_srdf_plugins:/home/zac/franka_ws/install/moveit_setup_core_plugins:/home/zac/franka_ws/install/moveit_setup_controllers:/home/zac/franka_ws/install/moveit_setup_app_plugins:/home/zac/franka_ws/install/moveit_setup_framework:/home/zac/franka_ws/install/moveit_servo:/home/zac/franka_ws/install/moveit_ros:/home/zac/franka_ws/install/franka_fr3_moveit_config:/home/zac/franka_ws/install/moveit_ros_visualization:/home/zac/franka_ws/install/moveit_hybrid_planning:/home/zac/franka_ws/install/moveit_ros_planning_interface:/home/zac/franka_ws/install/moveit_ros_benchmarks:/home/zac/franka_ws/install/moveit_ros_warehouse:/home/zac/franka_ws/install/moveit_ros_robot_interaction:/home/zac/franka_ws/install/moveit_ros_perception:/home/zac/franka_ws/install/moveit_resources_prbt_pg70_support:/home/zac/franka_ws/install/moveit_resources_prbt_moveit_config:/home/zac/franka_ws/install/moveit_ros_move_group:/home/zac/franka_ws/install/moveit_planners_ompl:/home/zac/franka_ws/install/moveit_ros_planning:/home/zac/franka_ws/install/moveit_ros_occupancy_map_monitor:/home/zac/franka_ws/install/moveit_resources_prbt_support:/home/zac/franka_ws/install/moveit_resources_prbt_ikfast_manipulator_plugin:/home/zac/franka_ws/install/moveit_planners_chomp:/home/zac/franka_ws/install/moveit_kinematics:/home/zac/franka_ws/install/moveit_chomp_optimizer_adapter:/home/zac/franka_ws/install/chomp_motion_planner:/home/zac/franka_ws/install/moveit_core:/home/zac/franka_ws/install/moveit_common:/home/zac/franka_ws/install/joint_trajectory_controller:/home/zac/franka_ws/install/integration_launch_testing:/home/zac/franka_ws/install/franka_bringup:/home/zac/franka_ws/install/franka_robot_state_broadcaster:/home/zac/franka_ws/install/franka_example_controllers:/home/zac/franka_ws/install/franka_semantic_components:/home/zac/franka_ws/install/franka_gazebo_bringup:/home/zac/franka_ws/install/franka_ign_ros2_control:/home/zac/franka_ws/install/franka_gripper:/home/zac/franka_ws/install/franka_description:/home/zac/franka_ws/install/moveit_configs_utils:/opt/ros/humble LD_LIBRARY_PATH=/home/zac/franka_ws/install/franka_hardware/lib:/home/zac/franka_ws/install/franka_msgs/lib:/home/zac/franka_ws/install/pilz_industrial_motion_planner_testutils/lib:/home/zac/franka_ws/install/pilz_industrial_motion_planner/lib:/home/zac/franka_ws/install/moveit_ros_control_interface/lib:/home/zac/franka_ws/install/moveit_simple_controller_manager/lib:/home/zac/franka_ws/install/moveit_setup_assistant/lib:/home/zac/franka_ws/install/moveit_setup_srdf_plugins/lib:/home/zac/franka_ws/install/moveit_setup_core_plugins/lib:/home/zac/franka_ws/install/moveit_setup_controllers/lib:/home/zac/franka_ws/install/moveit_setup_app_plugins/lib:/home/zac/franka_ws/install/moveit_setup_framework/lib:/home/zac/franka_ws/install/moveit_servo/lib:/home/zac/franka_ws/install/moveit_ros_visualization/lib:/home/zac/franka_ws/install/moveit_hybrid_planning/lib:/home/zac/franka_ws/install/moveit_ros_planning_interface/lib:/home/zac/franka_ws/install/moveit_ros_benchmarks/lib:/home/zac/franka_ws/install/moveit_ros_warehouse/lib:/home/zac/franka_ws/install/moveit_ros_robot_interaction/lib:/home/zac/franka_ws/install/moveit_ros_perception/lib:/home/zac/franka_ws/install/moveit_ros_move_group/lib:/home/zac/franka_ws/install/moveit_planners_ompl/lib:/home/zac/franka_ws/install/moveit_ros_planning/lib:/home/zac/franka_ws/install/moveit_ros_occupancy_map_monitor/lib:/home/zac/franka_ws/install/moveit_resources_prbt_ikfast_manipulator_plugin/lib:/home/zac/franka_ws/install/moveit_planners_chomp/lib:/home/zac/franka_ws/install/moveit_kinematics/lib:/home/zac/franka_ws/install/moveit_chomp_optimizer_adapter/lib:/home/zac/franka_ws/install/chomp_motion_planner/lib:/home/zac/franka_ws/install/moveit_core/lib:/home/zac/franka_ws/install/joint_trajectory_controller/lib:/home/zac/franka_ws/install/integration_launch_testing/lib:/home/zac/franka_ws/install/franka_robot_state_broadcaster/lib:/home/zac/franka_ws/install/franka_example_controllers/lib:/home/zac/franka_ws/install/franka_semantic_components/lib:/home/zac/franka_ws/install/franka_ign_ros2_control/lib:/home/zac/franka_ws/install/franka_gripper/lib:/opt/ros/humble/opt/rviz_ogre_vendor/lib:/opt/ros/humble/lib/x86_64-linux-gnu:/opt/ros/humble/lib /usr/bin/cmake /home/zac/franka_ws/src/franka_ros2/franka_gazebo/franka_ign_ros2_control -DCMAKE_INSTALL_PREFIX=/home/zac/franka_ws/install/franka_ign_ros2_control
[0.084s] -- Found ament_cmake: 1.3.10 (/opt/ros/humble/share/ament_cmake/cmake)
[0.289s] -- Override CMake install command with custom implementation using symlinks instead of copying resources
[0.306s] -- Found ament_index_cpp: 1.4.0 (/opt/ros/humble/share/ament_index_cpp/cmake)
[0.308s] -- Found controller_manager: 2.42.0 (/opt/ros/humble/share/controller_manager/cmake)
[0.387s] -- Found rosidl_generator_c: 3.1.5 (/opt/ros/humble/share/rosidl_generator_c/cmake)
[0.394s] -- Found rosidl_adapter: 3.1.5 (/opt/ros/humble/share/rosidl_adapter/cmake)
[0.406s] -- Found rosidl_generator_cpp: 3.1.5 (/opt/ros/humble/share/rosidl_generator_cpp/cmake)
[0.432s] -- Using all available rosidl_typesupport_c: rosidl_typesupport_fastrtps_c;rosidl_typesupport_introspection_c
[0.463s] -- Using all available rosidl_typesupport_cpp: rosidl_typesupport_fastrtps_cpp;rosidl_typesupport_introspection_cpp
[0.874s] -- Found rmw_implementation_cmake: 6.1.2 (/opt/ros/humble/share/rmw_implementation_cmake/cmake)
[0.880s] -- Found rmw_fastrtps_cpp: 6.2.7 (/opt/ros/humble/share/rmw_fastrtps_cpp/cmake)
[0.923s] -- Found TinyXML2 via Config file: TinyXML2_DIR-NOTFOUND
[0.943s] -- Found TinyXML2 via Config file: TinyXML2_DIR-NOTFOUND
[0.980s] -- Found TinyXML2 via Config file: TinyXML2_DIR-NOTFOUND
[0.998s] -- Found TinyXML2 via Config file: TinyXML2_DIR-NOTFOUND
[1.026s] -- Using RMW implementation 'rmw_fastrtps_cpp' as default
[1.177s] -- Found yaml_cpp_vendor: 8.0.2 (/opt/ros/humble/share/yaml_cpp_vendor/cmake)
[1.178s] -- Found franka_hardware: 0.1.15 (/home/zac/franka_ws/install/franka_hardware/share/franka_hardware/cmake)
[1.185s] -- Found urdf: 2.6.0 (/opt/ros/humble/share/urdf/cmake)
[1.193s] -- Found kdl_parser: 2.6.4 (/opt/ros/humble/share/kdl_parser/cmake)
[1.199s] -- Found eigen3_cmake_module: 0.1.1 (/opt/ros/humble/share/eigen3_cmake_module/cmake)
[1.201s] -- Ensuring Eigen3 include directory is part of orocos-kdl CMake target
[1.207s] -- Found tf2_geometry_msgs: 0.25.7 (/opt/ros/humble/share/tf2_geometry_msgs/cmake)
[1.302s] -- Found tf2_eigen: 0.25.7 (/opt/ros/humble/share/tf2_eigen/cmake)
[1.311s] -- Looking for ignition-gazebo6 -- found version 6.16.0
[1.327s] -- Searching for dependencies of ignition-gazebo6
[1.329s] -- Looking for sdformat12 -- found version 12.7.2
[1.330s] -- Searching for dependencies of sdformat12
[1.347s] -- Looking for ignition-math6 -- found version 6.15.1
[1.348s] -- Searching for dependencies of ignition-math6
[1.351s] -- Looking for ignition-utils1 -- found version 1.5.1
[1.352s] -- Searching for dependencies of ignition-utils1
[1.356s] -- Looking for ignition-plugin1 -- found version 1.4.0
[1.357s] -- Searching for dependencies of ignition-plugin1
[1.358s] -- Searching for <ignition-plugin1> component [loader]
[1.360s] -- Looking for ignition-plugin1-loader -- found version 1.4.0
[1.361s] -- Searching for dependencies of ignition-plugin1-loader
[1.363s] -- Searching for <ignition-plugin1> component [register]
[1.365s] -- Looking for ignition-plugin1-register -- found version 1.4.0
[1.366s] -- Searching for dependencies of ignition-plugin1-register
[1.369s] -- Looking for ignition-transport11 -- found version 11.4.1
[1.371s] -- Searching for dependencies of ignition-transport11
[1.478s] -- Config-file not installed for ZeroMQ -- checking for pkg-config
[1.487s] -- Checking for module 'libzmq >= 4'
[1.529s] --   Found libzmq , version 4.3.4
[1.650s] -- Checking for module 'uuid'
[1.698s] --   Found uuid, version 2.37.2
[1.818s] -- Looking for ignition-utils1 -- found version 1.5.1
[1.820s] -- Searching for dependencies of ignition-utils1
[1.820s] -- Searching for <ignition-utils1> component [cli]
[1.822s] -- Looking for ignition-utils1-cli -- found version 1.5.1
[1.824s] -- Searching for dependencies of ignition-utils1-cli
[1.826s] -- Looking for ignition-msgs8 -- found version 8.7.0
[1.827s] -- Searching for dependencies of ignition-msgs8
[1.893s] -- Found Protobuf: /usr/lib/x86_64-linux-gnu/libprotobuf.so (found suitable version "3.12.4", minimum required is "3") 
[1.895s] -- Looking for ignition-math6 -- found version 6.15.1
[1.929s] -- Searching for <ignition-transport11> component [log]
[1.930s] -- Looking for ignition-transport11-log -- found version 11.4.1
[1.931s] -- Searching for dependencies of ignition-transport11-log
[1.935s] -- Searching for <ignition-transport11> component [parameters]
[1.938s] -- Looking for ignition-transport11-parameters -- found version 11.4.1
[1.939s] -- Searching for dependencies of ignition-transport11-parameters
[1.941s] -- Looking for ignition-msgs8 -- found version 8.7.0
[1.943s] -- Looking for ignition-common4 -- found version 4.7.0
[1.944s] -- Searching for dependencies of ignition-common4
[1.946s] -- Looking for dlfcn.h - found
[1.946s] -- Looking for libdl - found
[1.981s] -- Searching for <ignition-common4> component [profiler]
[1.982s] -- Looking for ignition-common4-profiler -- found version 4.7.0
[1.983s] -- Searching for dependencies of ignition-common4-profiler
[1.984s] -- Searching for <ignition-common4> component [events]
[1.986s] -- Looking for ignition-common4-events -- found version 4.7.0
[1.986s] -- Searching for dependencies of ignition-common4-events
[1.987s] -- Looking for ignition-math6 -- found version 6.15.1
[1.990s] -- Searching for <ignition-common4> component [av]
[1.991s] -- Looking for ignition-common4-av -- found version 4.7.0
[1.992s] -- Searching for dependencies of ignition-common4-av
[2.004s] -- Checking for module 'libswscale'
[2.050s] --   Found libswscale, version 5.9.100
[2.159s] -- Checking for module 'libavdevice >= 56.4.100'
[2.200s] --   Found libavdevice , version 58.13.100
[2.310s] -- Checking for module 'libavformat'
[2.349s] --   Found libavformat, version 58.76.100
[2.462s] -- Checking for module 'libavcodec'
[2.505s] --   Found libavcodec, version 58.134.100
[2.622s] -- Checking for module 'libavutil'
[2.669s] --   Found libavutil, version 56.70.100
[2.782s] -- Looking for ignition-fuel_tools7 -- found version 7.3.0
[2.783s] -- Searching for dependencies of ignition-fuel_tools7
[2.891s] -- Checking for module 'jsoncpp'
[2.936s] --   Found jsoncpp, version 1.9.5
[3.035s] -- Checking for module 'libzip'
[3.074s] --   Found libzip, version 1.7.3
[3.160s] -- Looking for ignition-common4 -- found version 4.7.0
[3.161s] -- Looking for ignition-math6 -- found version 6.15.1
[3.162s] -- Looking for ignition-msgs8 -- found version 8.7.0
[3.165s] -- Looking for ignition-gui6 -- found version 6.8.0
[3.165s] -- Searching for dependencies of ignition-gui6
[3.222s] -- Looking for ignition-math6 -- found version 6.15.1
[3.223s] -- Looking for ignition-common4 -- found version 4.7.0
[3.224s] -- Looking for ignition-plugin1 -- found version 1.4.0
[3.224s] -- Looking for ignition-transport11 -- found version 11.4.1
[3.226s] -- Looking for ignition-rendering6 -- found version 6.6.3
[3.226s] -- Searching for dependencies of ignition-rendering6
[3.227s] -- Looking for ignition-math6 -- found version 6.15.1
[3.228s] -- Searching for dependencies of ignition-math6
[3.228s] -- Searching for <ignition-math6> component [eigen3]
[3.229s] -- Looking for ignition-math6-eigen3 -- found version 6.15.1
[3.230s] -- Searching for dependencies of ignition-math6-eigen3
[3.232s] -- Looking for ignition-common4 -- found version 4.7.0
[3.233s] -- Searching for dependencies of ignition-common4
[3.233s] -- Looking for dlfcn.h - found
[3.233s] -- Looking for libdl - found
[3.248s] -- Searching for <ignition-common4> component [graphics]
[3.250s] -- Looking for ignition-common4-graphics -- found version 4.7.0
[3.250s] -- Searching for dependencies of ignition-common4-graphics
[3.251s] -- Looking for ignition-math6 -- found version 6.15.1
[3.252s] -- Looking for ignition-utils1 -- found version 1.5.1
[3.253s] -- Searching for <ignition-common4> component [events]
[3.255s] -- Looking for ignition-plugin1 -- found version 1.4.0
[3.255s] -- Searching for dependencies of ignition-plugin1
[3.255s] -- Searching for <ignition-plugin1> component [all]
[3.256s] -- Looking for all libraries of ignition-plugin1 -- found version 1.4.0
[3.257s] -- Looking for ignition-plugin1 -- found version 1.4.0
[3.261s] -- Looking for ignition-msgs8 -- found version 8.7.0
[3.312s] -- Looking for ignition-physics5 -- found version 5.3.2
[3.313s] -- Searching for dependencies of ignition-physics5
[3.314s] -- Looking for ignition-math6 -- found version 6.15.1
[3.315s] -- Looking for ignition-plugin1 -- found version 1.4.0
[3.316s] -- Looking for ignition-utils1 -- found version 1.5.1
[3.320s] -- Searching for <ignition-physics5> component [heightmap]
[3.321s] -- Looking for ignition-physics5-heightmap -- found version 5.3.2
[3.322s] -- Searching for dependencies of ignition-physics5-heightmap
[3.323s] -- Looking for ignition-common4 -- found version 4.7.0
[3.324s] -- Searching for <ignition-physics5> component [mesh]
[3.326s] -- Looking for ignition-physics5-mesh -- found version 5.3.2
[3.327s] -- Searching for dependencies of ignition-physics5-mesh
[3.327s] -- Looking for ignition-common4 -- found version 4.7.0
[3.328s] -- Searching for <ignition-physics5> component [sdf]
[3.329s] -- Looking for ignition-physics5-sdf -- found version 5.3.2
[3.330s] -- Searching for dependencies of ignition-physics5-sdf
[3.330s] -- Looking for sdformat12 -- found version 12.7.2
[3.332s] -- Looking for ignition-sensors6 -- found version 6.8.0
[3.333s] -- Searching for dependencies of ignition-sensors6
[3.392s] -- Found Protobuf: /usr/lib/x86_64-linux-gnu/libprotobuf.so (found version "3.12.4") 
[3.394s] -- Looking for ignition-math6 -- found version 6.15.1
[3.395s] -- Looking for ignition-common4 -- found version 4.7.0
[3.395s] -- Looking for ignition-transport11 -- found version 11.4.1
[3.396s] -- Looking for ignition-rendering6 -- found version 6.6.3
[3.397s] -- Looking for ignition-msgs8 -- found version 8.7.0
[3.398s] -- Looking for sdformat12 -- found version 12.7.2
[3.400s] -- Searching for <ignition-sensors6> component [air_pressure]
[3.401s] -- Looking for ignition-sensors6-air_pressure -- found version 6.8.0
[3.403s] -- Searching for dependencies of ignition-sensors6-air_pressure
[3.404s] -- Searching for <ignition-sensors6> component [altimeter]
[3.405s] -- Looking for ignition-sensors6-altimeter -- found version 6.8.0
[3.406s] -- Searching for dependencies of ignition-sensors6-altimeter
[3.407s] -- Searching for <ignition-sensors6> component [imu]
[3.408s] -- Looking for ignition-sensors6-imu -- found version 6.8.0
[3.409s] -- Searching for dependencies of ignition-sensors6-imu
[3.410s] -- Searching for <ignition-sensors6> component [force_torque]
[3.412s] -- Looking for ignition-sensors6-force_torque -- found version 6.8.0
[3.412s] -- Searching for dependencies of ignition-sensors6-force_torque
[3.413s] -- Searching for <ignition-sensors6> component [logical_camera]
[3.415s] -- Looking for ignition-sensors6-logical_camera -- found version 6.8.0
[3.415s] -- Searching for dependencies of ignition-sensors6-logical_camera
[3.417s] -- Searching for <ignition-sensors6> component [magnetometer]
[3.418s] -- Looking for ignition-sensors6-magnetometer -- found version 6.8.0
[3.419s] -- Searching for dependencies of ignition-sensors6-magnetometer
[3.419s] -- Searching for <ignition-sensors6> component [navsat]
[3.421s] -- Looking for ignition-sensors6-navsat -- found version 6.8.0
[3.422s] -- Searching for dependencies of ignition-sensors6-navsat
[3.422s] -- Searching for <ignition-sensors6> component [rendering]
[3.424s] -- Looking for ignition-sensors6-rendering -- found version 6.8.0
[3.425s] -- Searching for dependencies of ignition-sensors6-rendering
[3.425s] -- Searching for <ignition-sensors6> component [lidar]
[3.427s] -- Looking for ignition-sensors6-lidar -- found version 6.8.0
[3.428s] -- Searching for dependencies of ignition-sensors6-lidar
[3.428s] -- Looking for ignition-sensors6 -- found version 6.8.0
[3.429s] -- Searching for <ignition-sensors6> component [gpu_lidar]
[3.431s] -- Looking for ignition-sensors6-gpu_lidar -- found version 6.8.0
[3.431s] -- Searching for dependencies of ignition-sensors6-gpu_lidar
[3.432s] -- Looking for ignition-sensors6 -- found version 6.8.0
[3.433s] -- Searching for <ignition-sensors6> component [camera]
[3.434s] -- Looking for ignition-sensors6-camera -- found version 6.8.0
[3.435s] -- Searching for dependencies of ignition-sensors6-camera
[3.435s] -- Looking for ignition-sensors6 -- found version 6.8.0
[3.436s] -- Searching for <ignition-sensors6> component [boundingbox_camera]
[3.438s] -- Looking for ignition-sensors6-boundingbox_camera -- found version 6.8.0
[3.438s] -- Searching for dependencies of ignition-sensors6-boundingbox_camera
[3.439s] -- Searching for <ignition-sensors6> component [segmentation_camera]
[3.440s] -- Looking for ignition-sensors6-segmentation_camera -- found version 6.8.0
[3.441s] -- Searching for dependencies of ignition-sensors6-segmentation_camera
[3.442s] -- Searching for <ignition-sensors6> component [depth_camera]
[3.445s] -- Looking for ignition-sensors6-depth_camera -- found version 6.8.0
[3.446s] -- Searching for dependencies of ignition-sensors6-depth_camera
[3.447s] -- Looking for ignition-sensors6 -- found version 6.8.0
[3.448s] -- Searching for <ignition-sensors6> component [rgbd_camera]
[3.449s] -- Looking for ignition-sensors6-rgbd_camera -- found version 6.8.0
[3.450s] -- Searching for dependencies of ignition-sensors6-rgbd_camera
[3.451s] -- Looking for ignition-sensors6 -- found version 6.8.0
[3.452s] -- Searching for <ignition-sensors6> component [thermal_camera]
[3.453s] -- Looking for ignition-sensors6-thermal_camera -- found version 6.8.0
[3.454s] -- Searching for dependencies of ignition-sensors6-thermal_camera
[3.454s] -- Looking for ignition-sensors6 -- found version 6.8.0
[3.456s] -- Looking for ignition-rendering6 -- found version 6.6.3
[3.456s] -- Looking for ignition-math6 -- found version 6.15.1
[3.458s] -- Looking for ignition-utils1 -- found version 1.5.1
[3.503s] -- Compiling against Ignition Fortress
[3.504s] -- Looking for ignition-plugin1 -- found version 1.4.0
[3.614s] -- Found ament_lint_auto: 0.12.11 (/opt/ros/humble/share/ament_lint_auto/cmake)
[3.731s] -- Added test 'copyright' to check source files copyright and LICENSE
[3.733s] -- Added test 'cppcheck' to perform static code analysis on C / C++ code
[3.733s] -- Configured cppcheck include dirs: /home/zac/franka_ws/src/franka_ros2/franka_gazebo/franka_ign_ros2_control/include
[3.734s] -- Configured cppcheck exclude dirs and/or files: 
[3.735s] -- Added test 'cpplint' to check C / C++ code against the Google style
[3.735s] -- Configured cpplint exclude dirs and/or files: 
[3.736s] -- Added test 'lint_cmake' to check CMake code style
[3.738s] -- Added test 'uncrustify' to check C / C++ code style
[3.738s] -- Configured uncrustify additional arguments: 
[3.739s] -- Added test 'xmllint' to check XML markup files
[3.744s] -- Configuring done
[3.877s] -- Generating done
[3.881s] -- Build files have been written to: /home/zac/franka_ws/build/franka_ign_ros2_control
[3.905s] Invoked command in '/home/zac/franka_ws/build/franka_ign_ros2_control' returned '0': CMAKE_PREFIX_PATH=/home/zac/franka_ws/install/franka_hardware:/home/zac/franka_ws/install/franka_msgs:/home/zac/franka_ws/install/pilz_industrial_motion_planner_testutils:/home/zac/franka_ws/install/moveit_runtime:/home/zac/franka_ws/install/moveit:/home/zac/franka_ws/install/moveit_planners:/home/zac/franka_ws/install/pilz_industrial_motion_planner:/home/zac/franka_ws/install/moveit_ros_control_interface:/home/zac/franka_ws/install/moveit_plugins:/home/zac/franka_ws/install/moveit_simple_controller_manager:/home/zac/franka_ws/install/moveit_setup_assistant:/home/zac/franka_ws/install/moveit_setup_srdf_plugins:/home/zac/franka_ws/install/moveit_setup_core_plugins:/home/zac/franka_ws/install/moveit_setup_controllers:/home/zac/franka_ws/install/moveit_setup_app_plugins:/home/zac/franka_ws/install/moveit_setup_framework:/home/zac/franka_ws/install/moveit_servo:/home/zac/franka_ws/install/moveit_ros:/home/zac/franka_ws/install/franka_fr3_moveit_config:/home/zac/franka_ws/install/moveit_ros_visualization:/home/zac/franka_ws/install/moveit_hybrid_planning:/home/zac/franka_ws/install/moveit_ros_planning_interface:/home/zac/franka_ws/install/moveit_ros_benchmarks:/home/zac/franka_ws/install/moveit_ros_warehouse:/home/zac/franka_ws/install/moveit_ros_robot_interaction:/home/zac/franka_ws/install/moveit_ros_perception:/home/zac/franka_ws/install/moveit_resources_prbt_pg70_support:/home/zac/franka_ws/install/moveit_resources_prbt_moveit_config:/home/zac/franka_ws/install/moveit_ros_move_group:/home/zac/franka_ws/install/moveit_planners_ompl:/home/zac/franka_ws/install/moveit_ros_planning:/home/zac/franka_ws/install/moveit_ros_occupancy_map_monitor:/home/zac/franka_ws/install/moveit_resources_prbt_support:/home/zac/franka_ws/install/moveit_resources_prbt_ikfast_manipulator_plugin:/home/zac/franka_ws/install/moveit_planners_chomp:/home/zac/franka_ws/install/moveit_kinematics:/home/zac/franka_ws/install/moveit_chomp_optimizer_adapter:/home/zac/franka_ws/install/chomp_motion_planner:/home/zac/franka_ws/install/moveit_core:/home/zac/franka_ws/install/moveit_common:/home/zac/franka_ws/install/joint_trajectory_controller:/home/zac/franka_ws/install/integration_launch_testing:/home/zac/franka_ws/install/franka_bringup:/home/zac/franka_ws/install/franka_robot_state_broadcaster:/home/zac/franka_ws/install/franka_example_controllers:/home/zac/franka_ws/install/franka_semantic_components:/home/zac/franka_ws/install/franka_gazebo_bringup:/home/zac/franka_ws/install/franka_ign_ros2_control:/home/zac/franka_ws/install/franka_gripper:/home/zac/franka_ws/install/franka_description:/home/zac/franka_ws/install/moveit_configs_utils:/opt/ros/humble LD_LIBRARY_PATH=/home/zac/franka_ws/install/franka_hardware/lib:/home/zac/franka_ws/install/franka_msgs/lib:/home/zac/franka_ws/install/pilz_industrial_motion_planner_testutils/lib:/home/zac/franka_ws/install/pilz_industrial_motion_planner/lib:/home/zac/franka_ws/install/moveit_ros_control_interface/lib:/home/zac/franka_ws/install/moveit_simple_controller_manager/lib:/home/zac/franka_ws/install/moveit_setup_assistant/lib:/home/zac/franka_ws/install/moveit_setup_srdf_plugins/lib:/home/zac/franka_ws/install/moveit_setup_core_plugins/lib:/home/zac/franka_ws/install/moveit_setup_controllers/lib:/home/zac/franka_ws/install/moveit_setup_app_plugins/lib:/home/zac/franka_ws/install/moveit_setup_framework/lib:/home/zac/franka_ws/install/moveit_servo/lib:/home/zac/franka_ws/install/moveit_ros_visualization/lib:/home/zac/franka_ws/install/moveit_hybrid_planning/lib:/home/zac/franka_ws/install/moveit_ros_planning_interface/lib:/home/zac/franka_ws/install/moveit_ros_benchmarks/lib:/home/zac/franka_ws/install/moveit_ros_warehouse/lib:/home/zac/franka_ws/install/moveit_ros_robot_interaction/lib:/home/zac/franka_ws/install/moveit_ros_perception/lib:/home/zac/franka_ws/install/moveit_ros_move_group/lib:/home/zac/franka_ws/install/moveit_planners_ompl/lib:/home/zac/franka_ws/install/moveit_ros_planning/lib:/home/zac/franka_ws/install/moveit_ros_occupancy_map_monitor/lib:/home/zac/franka_ws/install/moveit_resources_prbt_ikfast_manipulator_plugin/lib:/home/zac/franka_ws/install/moveit_planners_chomp/lib:/home/zac/franka_ws/install/moveit_kinematics/lib:/home/zac/franka_ws/install/moveit_chomp_optimizer_adapter/lib:/home/zac/franka_ws/install/chomp_motion_planner/lib:/home/zac/franka_ws/install/moveit_core/lib:/home/zac/franka_ws/install/joint_trajectory_controller/lib:/home/zac/franka_ws/install/integration_launch_testing/lib:/home/zac/franka_ws/install/franka_robot_state_broadcaster/lib:/home/zac/franka_ws/install/franka_example_controllers/lib:/home/zac/franka_ws/install/franka_semantic_components/lib:/home/zac/franka_ws/install/franka_ign_ros2_control/lib:/home/zac/franka_ws/install/franka_gripper/lib:/opt/ros/humble/opt/rviz_ogre_vendor/lib:/opt/ros/humble/lib/x86_64-linux-gnu:/opt/ros/humble/lib /usr/bin/cmake /home/zac/franka_ws/src/franka_ros2/franka_gazebo/franka_ign_ros2_control -DCMAKE_INSTALL_PREFIX=/home/zac/franka_ws/install/franka_ign_ros2_control
[3.908s] Invoking command in '/home/zac/franka_ws/build/franka_ign_ros2_control': CMAKE_PREFIX_PATH=/home/zac/franka_ws/install/franka_hardware:/home/zac/franka_ws/install/franka_msgs:/home/zac/franka_ws/install/pilz_industrial_motion_planner_testutils:/home/zac/franka_ws/install/moveit_runtime:/home/zac/franka_ws/install/moveit:/home/zac/franka_ws/install/moveit_planners:/home/zac/franka_ws/install/pilz_industrial_motion_planner:/home/zac/franka_ws/install/moveit_ros_control_interface:/home/zac/franka_ws/install/moveit_plugins:/home/zac/franka_ws/install/moveit_simple_controller_manager:/home/zac/franka_ws/install/moveit_setup_assistant:/home/zac/franka_ws/install/moveit_setup_srdf_plugins:/home/zac/franka_ws/install/moveit_setup_core_plugins:/home/zac/franka_ws/install/moveit_setup_controllers:/home/zac/franka_ws/install/moveit_setup_app_plugins:/home/zac/franka_ws/install/moveit_setup_framework:/home/zac/franka_ws/install/moveit_servo:/home/zac/franka_ws/install/moveit_ros:/home/zac/franka_ws/install/franka_fr3_moveit_config:/home/zac/franka_ws/install/moveit_ros_visualization:/home/zac/franka_ws/install/moveit_hybrid_planning:/home/zac/franka_ws/install/moveit_ros_planning_interface:/home/zac/franka_ws/install/moveit_ros_benchmarks:/home/zac/franka_ws/install/moveit_ros_warehouse:/home/zac/franka_ws/install/moveit_ros_robot_interaction:/home/zac/franka_ws/install/moveit_ros_perception:/home/zac/franka_ws/install/moveit_resources_prbt_pg70_support:/home/zac/franka_ws/install/moveit_resources_prbt_moveit_config:/home/zac/franka_ws/install/moveit_ros_move_group:/home/zac/franka_ws/install/moveit_planners_ompl:/home/zac/franka_ws/install/moveit_ros_planning:/home/zac/franka_ws/install/moveit_ros_occupancy_map_monitor:/home/zac/franka_ws/install/moveit_resources_prbt_support:/home/zac/franka_ws/install/moveit_resources_prbt_ikfast_manipulator_plugin:/home/zac/franka_ws/install/moveit_planners_chomp:/home/zac/franka_ws/install/moveit_kinematics:/home/zac/franka_ws/install/moveit_chomp_optimizer_adapter:/home/zac/franka_ws/install/chomp_motion_planner:/home/zac/franka_ws/install/moveit_core:/home/zac/franka_ws/install/moveit_common:/home/zac/franka_ws/install/joint_trajectory_controller:/home/zac/franka_ws/install/integration_launch_testing:/home/zac/franka_ws/install/franka_bringup:/home/zac/franka_ws/install/franka_robot_state_broadcaster:/home/zac/franka_ws/install/franka_example_controllers:/home/zac/franka_ws/install/franka_semantic_components:/home/zac/franka_ws/install/franka_gazebo_bringup:/home/zac/franka_ws/install/franka_ign_ros2_control:/home/zac/franka_ws/install/franka_gripper:/home/zac/franka_ws/install/franka_description:/home/zac/franka_ws/install/moveit_configs_utils:/opt/ros/humble LD_LIBRARY_PATH=/home/zac/franka_ws/install/franka_hardware/lib:/home/zac/franka_ws/install/franka_msgs/lib:/home/zac/franka_ws/install/pilz_industrial_motion_planner_testutils/lib:/home/zac/franka_ws/install/pilz_industrial_motion_planner/lib:/home/zac/franka_ws/install/moveit_ros_control_interface/lib:/home/zac/franka_ws/install/moveit_simple_controller_manager/lib:/home/zac/franka_ws/install/moveit_setup_assistant/lib:/home/zac/franka_ws/install/moveit_setup_srdf_plugins/lib:/home/zac/franka_ws/install/moveit_setup_core_plugins/lib:/home/zac/franka_ws/install/moveit_setup_controllers/lib:/home/zac/franka_ws/install/moveit_setup_app_plugins/lib:/home/zac/franka_ws/install/moveit_setup_framework/lib:/home/zac/franka_ws/install/moveit_servo/lib:/home/zac/franka_ws/install/moveit_ros_visualization/lib:/home/zac/franka_ws/install/moveit_hybrid_planning/lib:/home/zac/franka_ws/install/moveit_ros_planning_interface/lib:/home/zac/franka_ws/install/moveit_ros_benchmarks/lib:/home/zac/franka_ws/install/moveit_ros_warehouse/lib:/home/zac/franka_ws/install/moveit_ros_robot_interaction/lib:/home/zac/franka_ws/install/moveit_ros_perception/lib:/home/zac/franka_ws/install/moveit_ros_move_group/lib:/home/zac/franka_ws/install/moveit_planners_ompl/lib:/home/zac/franka_ws/install/moveit_ros_planning/lib:/home/zac/franka_ws/install/moveit_ros_occupancy_map_monitor/lib:/home/zac/franka_ws/install/moveit_resources_prbt_ikfast_manipulator_plugin/lib:/home/zac/franka_ws/install/moveit_planners_chomp/lib:/home/zac/franka_ws/install/moveit_kinematics/lib:/home/zac/franka_ws/install/moveit_chomp_optimizer_adapter/lib:/home/zac/franka_ws/install/chomp_motion_planner/lib:/home/zac/franka_ws/install/moveit_core/lib:/home/zac/franka_ws/install/joint_trajectory_controller/lib:/home/zac/franka_ws/install/integration_launch_testing/lib:/home/zac/franka_ws/install/franka_robot_state_broadcaster/lib:/home/zac/franka_ws/install/franka_example_controllers/lib:/home/zac/franka_ws/install/franka_semantic_components/lib:/home/zac/franka_ws/install/franka_ign_ros2_control/lib:/home/zac/franka_ws/install/franka_gripper/lib:/opt/ros/humble/opt/rviz_ogre_vendor/lib:/opt/ros/humble/lib/x86_64-linux-gnu:/opt/ros/humble/lib /usr/bin/cmake --build /home/zac/franka_ws/build/franka_ign_ros2_control -- -j8 -l8
[4.014s] [35m[1mConsolidate compiler generated dependencies of target franka_ign_ros2_control-system[0m
[4.016s] [35m[1mConsolidate compiler generated dependencies of target ign_hardware_plugins[0m
[4.083s] [ 50%] Built target franka_ign_ros2_control-system
[4.095s] [100%] Built target ign_hardware_plugins
[4.120s] Invoked command in '/home/zac/franka_ws/build/franka_ign_ros2_control' returned '0': CMAKE_PREFIX_PATH=/home/zac/franka_ws/install/franka_hardware:/home/zac/franka_ws/install/franka_msgs:/home/zac/franka_ws/install/pilz_industrial_motion_planner_testutils:/home/zac/franka_ws/install/moveit_runtime:/home/zac/franka_ws/install/moveit:/home/zac/franka_ws/install/moveit_planners:/home/zac/franka_ws/install/pilz_industrial_motion_planner:/home/zac/franka_ws/install/moveit_ros_control_interface:/home/zac/franka_ws/install/moveit_plugins:/home/zac/franka_ws/install/moveit_simple_controller_manager:/home/zac/franka_ws/install/moveit_setup_assistant:/home/zac/franka_ws/install/moveit_setup_srdf_plugins:/home/zac/franka_ws/install/moveit_setup_core_plugins:/home/zac/franka_ws/install/moveit_setup_controllers:/home/zac/franka_ws/install/moveit_setup_app_plugins:/home/zac/franka_ws/install/moveit_setup_framework:/home/zac/franka_ws/install/moveit_servo:/home/zac/franka_ws/install/moveit_ros:/home/zac/franka_ws/install/franka_fr3_moveit_config:/home/zac/franka_ws/install/moveit_ros_visualization:/home/zac/franka_ws/install/moveit_hybrid_planning:/home/zac/franka_ws/install/moveit_ros_planning_interface:/home/zac/franka_ws/install/moveit_ros_benchmarks:/home/zac/franka_ws/install/moveit_ros_warehouse:/home/zac/franka_ws/install/moveit_ros_robot_interaction:/home/zac/franka_ws/install/moveit_ros_perception:/home/zac/franka_ws/install/moveit_resources_prbt_pg70_support:/home/zac/franka_ws/install/moveit_resources_prbt_moveit_config:/home/zac/franka_ws/install/moveit_ros_move_group:/home/zac/franka_ws/install/moveit_planners_ompl:/home/zac/franka_ws/install/moveit_ros_planning:/home/zac/franka_ws/install/moveit_ros_occupancy_map_monitor:/home/zac/franka_ws/install/moveit_resources_prbt_support:/home/zac/franka_ws/install/moveit_resources_prbt_ikfast_manipulator_plugin:/home/zac/franka_ws/install/moveit_planners_chomp:/home/zac/franka_ws/install/moveit_kinematics:/home/zac/franka_ws/install/moveit_chomp_optimizer_adapter:/home/zac/franka_ws/install/chomp_motion_planner:/home/zac/franka_ws/install/moveit_core:/home/zac/franka_ws/install/moveit_common:/home/zac/franka_ws/install/joint_trajectory_controller:/home/zac/franka_ws/install/integration_launch_testing:/home/zac/franka_ws/install/franka_bringup:/home/zac/franka_ws/install/franka_robot_state_broadcaster:/home/zac/franka_ws/install/franka_example_controllers:/home/zac/franka_ws/install/franka_semantic_components:/home/zac/franka_ws/install/franka_gazebo_bringup:/home/zac/franka_ws/install/franka_ign_ros2_control:/home/zac/franka_ws/install/franka_gripper:/home/zac/franka_ws/install/franka_description:/home/zac/franka_ws/install/moveit_configs_utils:/opt/ros/humble LD_LIBRARY_PATH=/home/zac/franka_ws/install/franka_hardware/lib:/home/zac/franka_ws/install/franka_msgs/lib:/home/zac/franka_ws/install/pilz_industrial_motion_planner_testutils/lib:/home/zac/franka_ws/install/pilz_industrial_motion_planner/lib:/home/zac/franka_ws/install/moveit_ros_control_interface/lib:/home/zac/franka_ws/install/moveit_simple_controller_manager/lib:/home/zac/franka_ws/install/moveit_setup_assistant/lib:/home/zac/franka_ws/install/moveit_setup_srdf_plugins/lib:/home/zac/franka_ws/install/moveit_setup_core_plugins/lib:/home/zac/franka_ws/install/moveit_setup_controllers/lib:/home/zac/franka_ws/install/moveit_setup_app_plugins/lib:/home/zac/franka_ws/install/moveit_setup_framework/lib:/home/zac/franka_ws/install/moveit_servo/lib:/home/zac/franka_ws/install/moveit_ros_visualization/lib:/home/zac/franka_ws/install/moveit_hybrid_planning/lib:/home/zac/franka_ws/install/moveit_ros_planning_interface/lib:/home/zac/franka_ws/install/moveit_ros_benchmarks/lib:/home/zac/franka_ws/install/moveit_ros_warehouse/lib:/home/zac/franka_ws/install/moveit_ros_robot_interaction/lib:/home/zac/franka_ws/install/moveit_ros_perception/lib:/home/zac/franka_ws/install/moveit_ros_move_group/lib:/home/zac/franka_ws/install/moveit_planners_ompl/lib:/home/zac/franka_ws/install/moveit_ros_planning/lib:/home/zac/franka_ws/install/moveit_ros_occupancy_map_monitor/lib:/home/zac/franka_ws/install/moveit_resources_prbt_ikfast_manipulator_plugin/lib:/home/zac/franka_ws/install/moveit_planners_chomp/lib:/home/zac/franka_ws/install/moveit_kinematics/lib:/home/zac/franka_ws/install/moveit_chomp_optimizer_adapter/lib:/home/zac/franka_ws/install/chomp_motion_planner/lib:/home/zac/franka_ws/install/moveit_core/lib:/home/zac/franka_ws/install/joint_trajectory_controller/lib:/home/zac/franka_ws/install/integration_launch_testing/lib:/home/zac/franka_ws/install/franka_robot_state_broadcaster/lib:/home/zac/franka_ws/install/franka_example_controllers/lib:/home/zac/franka_ws/install/franka_semantic_components/lib:/home/zac/franka_ws/install/franka_ign_ros2_control/lib:/home/zac/franka_ws/install/franka_gripper/lib:/opt/ros/humble/opt/rviz_ogre_vendor/lib:/opt/ros/humble/lib/x86_64-linux-gnu:/opt/ros/humble/lib /usr/bin/cmake --build /home/zac/franka_ws/build/franka_ign_ros2_control -- -j8 -l8
[4.229s] Invoking command in '/home/zac/franka_ws/build/franka_ign_ros2_control': CMAKE_PREFIX_PATH=/home/zac/franka_ws/install/franka_hardware:/home/zac/franka_ws/install/franka_msgs:/home/zac/franka_ws/install/pilz_industrial_motion_planner_testutils:/home/zac/franka_ws/install/moveit_runtime:/home/zac/franka_ws/install/moveit:/home/zac/franka_ws/install/moveit_planners:/home/zac/franka_ws/install/pilz_industrial_motion_planner:/home/zac/franka_ws/install/moveit_ros_control_interface:/home/zac/franka_ws/install/moveit_plugins:/home/zac/franka_ws/install/moveit_simple_controller_manager:/home/zac/franka_ws/install/moveit_setup_assistant:/home/zac/franka_ws/install/moveit_setup_srdf_plugins:/home/zac/franka_ws/install/moveit_setup_core_plugins:/home/zac/franka_ws/install/moveit_setup_controllers:/home/zac/franka_ws/install/moveit_setup_app_plugins:/home/zac/franka_ws/install/moveit_setup_framework:/home/zac/franka_ws/install/moveit_servo:/home/zac/franka_ws/install/moveit_ros:/home/zac/franka_ws/install/franka_fr3_moveit_config:/home/zac/franka_ws/install/moveit_ros_visualization:/home/zac/franka_ws/install/moveit_hybrid_planning:/home/zac/franka_ws/install/moveit_ros_planning_interface:/home/zac/franka_ws/install/moveit_ros_benchmarks:/home/zac/franka_ws/install/moveit_ros_warehouse:/home/zac/franka_ws/install/moveit_ros_robot_interaction:/home/zac/franka_ws/install/moveit_ros_perception:/home/zac/franka_ws/install/moveit_resources_prbt_pg70_support:/home/zac/franka_ws/install/moveit_resources_prbt_moveit_config:/home/zac/franka_ws/install/moveit_ros_move_group:/home/zac/franka_ws/install/moveit_planners_ompl:/home/zac/franka_ws/install/moveit_ros_planning:/home/zac/franka_ws/install/moveit_ros_occupancy_map_monitor:/home/zac/franka_ws/install/moveit_resources_prbt_support:/home/zac/franka_ws/install/moveit_resources_prbt_ikfast_manipulator_plugin:/home/zac/franka_ws/install/moveit_planners_chomp:/home/zac/franka_ws/install/moveit_kinematics:/home/zac/franka_ws/install/moveit_chomp_optimizer_adapter:/home/zac/franka_ws/install/chomp_motion_planner:/home/zac/franka_ws/install/moveit_core:/home/zac/franka_ws/install/moveit_common:/home/zac/franka_ws/install/joint_trajectory_controller:/home/zac/franka_ws/install/integration_launch_testing:/home/zac/franka_ws/install/franka_bringup:/home/zac/franka_ws/install/franka_robot_state_broadcaster:/home/zac/franka_ws/install/franka_example_controllers:/home/zac/franka_ws/install/franka_semantic_components:/home/zac/franka_ws/install/franka_gazebo_bringup:/home/zac/franka_ws/install/franka_ign_ros2_control:/home/zac/franka_ws/install/franka_gripper:/home/zac/franka_ws/install/franka_description:/home/zac/franka_ws/install/moveit_configs_utils:/opt/ros/humble LD_LIBRARY_PATH=/home/zac/franka_ws/install/franka_hardware/lib:/home/zac/franka_ws/install/franka_msgs/lib:/home/zac/franka_ws/install/pilz_industrial_motion_planner_testutils/lib:/home/zac/franka_ws/install/pilz_industrial_motion_planner/lib:/home/zac/franka_ws/install/moveit_ros_control_interface/lib:/home/zac/franka_ws/install/moveit_simple_controller_manager/lib:/home/zac/franka_ws/install/moveit_setup_assistant/lib:/home/zac/franka_ws/install/moveit_setup_srdf_plugins/lib:/home/zac/franka_ws/install/moveit_setup_core_plugins/lib:/home/zac/franka_ws/install/moveit_setup_controllers/lib:/home/zac/franka_ws/install/moveit_setup_app_plugins/lib:/home/zac/franka_ws/install/moveit_setup_framework/lib:/home/zac/franka_ws/install/moveit_servo/lib:/home/zac/franka_ws/install/moveit_ros_visualization/lib:/home/zac/franka_ws/install/moveit_hybrid_planning/lib:/home/zac/franka_ws/install/moveit_ros_planning_interface/lib:/home/zac/franka_ws/install/moveit_ros_benchmarks/lib:/home/zac/franka_ws/install/moveit_ros_warehouse/lib:/home/zac/franka_ws/install/moveit_ros_robot_interaction/lib:/home/zac/franka_ws/install/moveit_ros_perception/lib:/home/zac/franka_ws/install/moveit_ros_move_group/lib:/home/zac/franka_ws/install/moveit_planners_ompl/lib:/home/zac/franka_ws/install/moveit_ros_planning/lib:/home/zac/franka_ws/install/moveit_ros_occupancy_map_monitor/lib:/home/zac/franka_ws/install/moveit_resources_prbt_ikfast_manipulator_plugin/lib:/home/zac/franka_ws/install/moveit_planners_chomp/lib:/home/zac/franka_ws/install/moveit_kinematics/lib:/home/zac/franka_ws/install/moveit_chomp_optimizer_adapter/lib:/home/zac/franka_ws/install/chomp_motion_planner/lib:/home/zac/franka_ws/install/moveit_core/lib:/home/zac/franka_ws/install/joint_trajectory_controller/lib:/home/zac/franka_ws/install/integration_launch_testing/lib:/home/zac/franka_ws/install/franka_robot_state_broadcaster/lib:/home/zac/franka_ws/install/franka_example_controllers/lib:/home/zac/franka_ws/install/franka_semantic_components/lib:/home/zac/franka_ws/install/franka_ign_ros2_control/lib:/home/zac/franka_ws/install/franka_gripper/lib:/opt/ros/humble/opt/rviz_ogre_vendor/lib:/opt/ros/humble/lib/x86_64-linux-gnu:/opt/ros/humble/lib /usr/bin/cmake --install /home/zac/franka_ws/build/franka_ign_ros2_control
[4.246s] -- Install configuration: "Release"
[4.247s] -- Execute custom install script
[4.247s] -- Up-to-date symlink: /home/zac/franka_ws/install/franka_ign_ros2_control/lib/libign_hardware_plugins.so
[4.248s] -- Up-to-date symlink: /home/zac/franka_ws/install/franka_ign_ros2_control/include/ign_ros2_control/ign_ros2_control_plugin.hpp
[4.248s] -- Up-to-date symlink: /home/zac/franka_ws/install/franka_ign_ros2_control/include/ign_ros2_control/ign_system.hpp
[4.248s] -- Up-to-date symlink: /home/zac/franka_ws/install/franka_ign_ros2_control/include/ign_ros2_control/ign_system_interface.hpp
[4.249s] -- Up-to-date symlink: /home/zac/franka_ws/install/franka_ign_ros2_control/include/ign_ros2_control/model_kdl.h
[4.249s] -- Up-to-date symlink: /home/zac/franka_ws/install/franka_ign_ros2_control/share/franka_ign_ros2_control/environment/library_path.sh
[4.249s] -- Up-to-date symlink: /home/zac/franka_ws/install/franka_ign_ros2_control/share/franka_ign_ros2_control/environment/library_path.dsv
[4.250s] -- Up-to-date symlink: /home/zac/franka_ws/install/franka_ign_ros2_control/lib/libfranka_ign_ros2_control-system.so
[4.250s] -- Up-to-date symlink: /home/zac/franka_ws/install/franka_ign_ros2_control/share/franka_ign_ros2_control//ign_hardware_plugins.xml
[4.251s] -- Up-to-date symlink: /home/zac/franka_ws/install/franka_ign_ros2_control/share/ament_index/resource_index/package_run_dependencies/franka_ign_ros2_control
[4.251s] -- Up-to-date symlink: /home/zac/franka_ws/install/franka_ign_ros2_control/share/ament_index/resource_index/parent_prefix_path/franka_ign_ros2_control
[4.251s] -- Up-to-date symlink: /home/zac/franka_ws/install/franka_ign_ros2_control/share/franka_ign_ros2_control/environment/ament_prefix_path.sh
[4.252s] -- Up-to-date symlink: /home/zac/franka_ws/install/franka_ign_ros2_control/share/franka_ign_ros2_control/environment/ament_prefix_path.dsv
[4.252s] -- Up-to-date symlink: /home/zac/franka_ws/install/franka_ign_ros2_control/share/franka_ign_ros2_control/environment/path.sh
[4.252s] -- Up-to-date symlink: /home/zac/franka_ws/install/franka_ign_ros2_control/share/franka_ign_ros2_control/environment/path.dsv
[4.253s] -- Up-to-date symlink: /home/zac/franka_ws/install/franka_ign_ros2_control/share/franka_ign_ros2_control/local_setup.bash
[4.253s] -- Up-to-date symlink: /home/zac/franka_ws/install/franka_ign_ros2_control/share/franka_ign_ros2_control/local_setup.sh
[4.253s] -- Up-to-date symlink: /home/zac/franka_ws/install/franka_ign_ros2_control/share/franka_ign_ros2_control/local_setup.zsh
[4.254s] -- Up-to-date symlink: /home/zac/franka_ws/install/franka_ign_ros2_control/share/franka_ign_ros2_control/local_setup.dsv
[4.254s] -- Symlinking: /home/zac/franka_ws/install/franka_ign_ros2_control/share/franka_ign_ros2_control/package.dsv
[4.275s] -- Up-to-date symlink: /home/zac/franka_ws/install/franka_ign_ros2_control/share/ament_index/resource_index/packages/franka_ign_ros2_control
[4.275s] -- Up-to-date symlink: /home/zac/franka_ws/install/franka_ign_ros2_control/share/ament_index/resource_index/franka_ign_ros2_control__pluginlib__plugin/franka_ign_ros2_control
[4.275s] -- Up-to-date symlink: /home/zac/franka_ws/install/franka_ign_ros2_control/share/franka_ign_ros2_control/cmake/ament_cmake_export_include_directories-extras.cmake
[4.276s] -- Up-to-date symlink: /home/zac/franka_ws/install/franka_ign_ros2_control/share/franka_ign_ros2_control/cmake/ament_cmake_export_libraries-extras.cmake
[4.276s] -- Up-to-date symlink: /home/zac/franka_ws/install/franka_ign_ros2_control/share/franka_ign_ros2_control/cmake/franka_ign_ros2_controlConfig.cmake
[4.276s] -- Up-to-date symlink: /home/zac/franka_ws/install/franka_ign_ros2_control/share/franka_ign_ros2_control/cmake/franka_ign_ros2_controlConfig-version.cmake
[4.276s] -- Up-to-date symlink: /home/zac/franka_ws/install/franka_ign_ros2_control/share/franka_ign_ros2_control/package.xml
[4.280s] Invoked command in '/home/zac/franka_ws/build/franka_ign_ros2_control' returned '0': CMAKE_PREFIX_PATH=/home/zac/franka_ws/install/franka_hardware:/home/zac/franka_ws/install/franka_msgs:/home/zac/franka_ws/install/pilz_industrial_motion_planner_testutils:/home/zac/franka_ws/install/moveit_runtime:/home/zac/franka_ws/install/moveit:/home/zac/franka_ws/install/moveit_planners:/home/zac/franka_ws/install/pilz_industrial_motion_planner:/home/zac/franka_ws/install/moveit_ros_control_interface:/home/zac/franka_ws/install/moveit_plugins:/home/zac/franka_ws/install/moveit_simple_controller_manager:/home/zac/franka_ws/install/moveit_setup_assistant:/home/zac/franka_ws/install/moveit_setup_srdf_plugins:/home/zac/franka_ws/install/moveit_setup_core_plugins:/home/zac/franka_ws/install/moveit_setup_controllers:/home/zac/franka_ws/install/moveit_setup_app_plugins:/home/zac/franka_ws/install/moveit_setup_framework:/home/zac/franka_ws/install/moveit_servo:/home/zac/franka_ws/install/moveit_ros:/home/zac/franka_ws/install/franka_fr3_moveit_config:/home/zac/franka_ws/install/moveit_ros_visualization:/home/zac/franka_ws/install/moveit_hybrid_planning:/home/zac/franka_ws/install/moveit_ros_planning_interface:/home/zac/franka_ws/install/moveit_ros_benchmarks:/home/zac/franka_ws/install/moveit_ros_warehouse:/home/zac/franka_ws/install/moveit_ros_robot_interaction:/home/zac/franka_ws/install/moveit_ros_perception:/home/zac/franka_ws/install/moveit_resources_prbt_pg70_support:/home/zac/franka_ws/install/moveit_resources_prbt_moveit_config:/home/zac/franka_ws/install/moveit_ros_move_group:/home/zac/franka_ws/install/moveit_planners_ompl:/home/zac/franka_ws/install/moveit_ros_planning:/home/zac/franka_ws/install/moveit_ros_occupancy_map_monitor:/home/zac/franka_ws/install/moveit_resources_prbt_support:/home/zac/franka_ws/install/moveit_resources_prbt_ikfast_manipulator_plugin:/home/zac/franka_ws/install/moveit_planners_chomp:/home/zac/franka_ws/install/moveit_kinematics:/home/zac/franka_ws/install/moveit_chomp_optimizer_adapter:/home/zac/franka_ws/install/chomp_motion_planner:/home/zac/franka_ws/install/moveit_core:/home/zac/franka_ws/install/moveit_common:/home/zac/franka_ws/install/joint_trajectory_controller:/home/zac/franka_ws/install/integration_launch_testing:/home/zac/franka_ws/install/franka_bringup:/home/zac/franka_ws/install/franka_robot_state_broadcaster:/home/zac/franka_ws/install/franka_example_controllers:/home/zac/franka_ws/install/franka_semantic_components:/home/zac/franka_ws/install/franka_gazebo_bringup:/home/zac/franka_ws/install/franka_ign_ros2_control:/home/zac/franka_ws/install/franka_gripper:/home/zac/franka_ws/install/franka_description:/home/zac/franka_ws/install/moveit_configs_utils:/opt/ros/humble LD_LIBRARY_PATH=/home/zac/franka_ws/install/franka_hardware/lib:/home/zac/franka_ws/install/franka_msgs/lib:/home/zac/franka_ws/install/pilz_industrial_motion_planner_testutils/lib:/home/zac/franka_ws/install/pilz_industrial_motion_planner/lib:/home/zac/franka_ws/install/moveit_ros_control_interface/lib:/home/zac/franka_ws/install/moveit_simple_controller_manager/lib:/home/zac/franka_ws/install/moveit_setup_assistant/lib:/home/zac/franka_ws/install/moveit_setup_srdf_plugins/lib:/home/zac/franka_ws/install/moveit_setup_core_plugins/lib:/home/zac/franka_ws/install/moveit_setup_controllers/lib:/home/zac/franka_ws/install/moveit_setup_app_plugins/lib:/home/zac/franka_ws/install/moveit_setup_framework/lib:/home/zac/franka_ws/install/moveit_servo/lib:/home/zac/franka_ws/install/moveit_ros_visualization/lib:/home/zac/franka_ws/install/moveit_hybrid_planning/lib:/home/zac/franka_ws/install/moveit_ros_planning_interface/lib:/home/zac/franka_ws/install/moveit_ros_benchmarks/lib:/home/zac/franka_ws/install/moveit_ros_warehouse/lib:/home/zac/franka_ws/install/moveit_ros_robot_interaction/lib:/home/zac/franka_ws/install/moveit_ros_perception/lib:/home/zac/franka_ws/install/moveit_ros_move_group/lib:/home/zac/franka_ws/install/moveit_planners_ompl/lib:/home/zac/franka_ws/install/moveit_ros_planning/lib:/home/zac/franka_ws/install/moveit_ros_occupancy_map_monitor/lib:/home/zac/franka_ws/install/moveit_resources_prbt_ikfast_manipulator_plugin/lib:/home/zac/franka_ws/install/moveit_planners_chomp/lib:/home/zac/franka_ws/install/moveit_kinematics/lib:/home/zac/franka_ws/install/moveit_chomp_optimizer_adapter/lib:/home/zac/franka_ws/install/chomp_motion_planner/lib:/home/zac/franka_ws/install/moveit_core/lib:/home/zac/franka_ws/install/joint_trajectory_controller/lib:/home/zac/franka_ws/install/integration_launch_testing/lib:/home/zac/franka_ws/install/franka_robot_state_broadcaster/lib:/home/zac/franka_ws/install/franka_example_controllers/lib:/home/zac/franka_ws/install/franka_semantic_components/lib:/home/zac/franka_ws/install/franka_ign_ros2_control/lib:/home/zac/franka_ws/install/franka_gripper/lib:/opt/ros/humble/opt/rviz_ogre_vendor/lib:/opt/ros/humble/lib/x86_64-linux-gnu:/opt/ros/humble/lib /usr/bin/cmake --install /home/zac/franka_ws/build/franka_ign_ros2_control
