[0.029s] Invoking command in '/home/zac/franka_ws/build/franka_semantic_components': AMENT_PREFIX_PATH=/home/zac/franka_ws/install/franka_hardware:/home/zac/franka_ws/install/franka_msgs:${AMENT_PREFIX_PATH} CMAKE_PREFIX_PATH=/home/zac/franka_ws/install/franka_hardware:/home/zac/franka_ws/install/franka_msgs:/opt/ros/humble LD_LIBRARY_PATH=/home/zac/franka_ws/install/franka_hardware/lib:/home/zac/franka_ws/install/franka_msgs/lib:${LD_LIBRARY_PATH} PYTHONPATH=/home/zac/franka_ws/install/franka_msgs/local/lib/python3.10/dist-packages:${PYTHONPATH} /usr/bin/cmake --build /home/zac/franka_ws/build/franka_semantic_components -- -j8 -l8
[0.084s] -- Found ament_cmake: 1.3.10 (/opt/ros/humble/share/ament_cmake/cmake)
[0.318s] -- Override CMake install command with custom implementation using symlinks instead of copying resources
[0.344s] -- Found franka_hardware: 0.1.15 (/home/zac/franka_ws/install/franka_hardware/share/franka_hardware/cmake)
[0.400s] -- Found rosidl_generator_c: 3.1.5 (/opt/ros/humble/share/rosidl_generator_c/cmake)
[0.406s] -- Found rosidl_adapter: 3.1.5 (/opt/ros/humble/share/rosidl_adapter/cmake)
[0.416s] -- Found rosidl_generator_cpp: 3.1.5 (/opt/ros/humble/share/rosidl_generator_cpp/cmake)
[0.431s] -- Using all available rosidl_typesupport_c: rosidl_typesupport_fastrtps_c;rosidl_typesupport_introspection_c
[0.454s] -- Using all available rosidl_typesupport_cpp: rosidl_typesupport_fastrtps_cpp;rosidl_typesupport_introspection_cpp
[0.748s] -- Found rmw_implementation_cmake: 6.1.2 (/opt/ros/humble/share/rmw_implementation_cmake/cmake)
[0.751s] -- Found rmw_fastrtps_cpp: 6.2.7 (/opt/ros/humble/share/rmw_fastrtps_cpp/cmake)
[0.781s] -- Found TinyXML2 via Config file: TinyXML2_DIR-NOTFOUND
[0.794s] -- Found TinyXML2 via Config file: TinyXML2_DIR-NOTFOUND
[0.822s] -- Found TinyXML2 via Config file: TinyXML2_DIR-NOTFOUND
[0.842s] -- Found TinyXML2 via Config file: TinyXML2_DIR-NOTFOUND
[0.863s] -- Using RMW implementation 'rmw_fastrtps_cpp' as default
[0.980s] -- Found franka_msgs: 0.1.15 (/home/zac/franka_ws/install/franka_msgs/share/franka_msgs/cmake)
[1.036s] -- Found urdf: 2.6.0 (/opt/ros/humble/share/urdf/cmake)
[1.084s] -- Found ament_cmake_clang_format: 0.12.11 (/opt/ros/humble/share/ament_cmake_clang_format/cmake)
[1.085s] -- Found ament_cmake_copyright: 0.12.11 (/opt/ros/humble/share/ament_cmake_copyright/cmake)
[1.086s] -- Found ament_cmake_cppcheck: 0.12.11 (/opt/ros/humble/share/ament_cmake_cppcheck/cmake)
[1.087s] -- Found ament_cmake_flake8: 0.12.11 (/opt/ros/humble/share/ament_cmake_flake8/cmake)
[1.088s] -- Found ament_cmake_lint_cmake: 0.12.11 (/opt/ros/humble/share/ament_cmake_lint_cmake/cmake)
[1.089s] -- Found ament_cmake_pep257: 0.12.11 (/opt/ros/humble/share/ament_cmake_pep257/cmake)
[1.091s] -- Found ament_cmake_xmllint: 0.12.11 (/opt/ros/humble/share/ament_cmake_xmllint/cmake)
[1.092s] -- Found ament_cmake_gmock: 1.3.10 (/opt/ros/humble/share/ament_cmake_gmock/cmake)
[1.093s] -- Found controller_interface: 2.42.0 (/opt/ros/humble/share/controller_interface/cmake)
[1.107s] -- Found gmock sources under '/opt/ros/humble/src/gmock_vendor': C++ tests using 'Google Mock' will be built
[1.110s] -- Found ament_cmake_gtest: 1.3.10 (/opt/ros/humble/share/ament_cmake_gtest/cmake)
[1.112s] -- Found gtest sources under '/opt/ros/humble/src/gtest_vendor': C++ tests using 'Google Test' will be built
[1.324s] -- Configuring done
[1.744s] -- Generating done
[1.750s] -- Build files have been written to: /home/zac/franka_ws/build/franka_semantic_components
[1.797s] [35m[1mConsolidate compiler generated dependencies of target franka_semantic_components[0m
[1.869s] [  4%] [32mBuilding CXX object CMakeFiles/franka_semantic_components.dir/src/franka_robot_state.cpp.o[0m
[5.150s] [  9%] [32mBuilding CXX object CMakeFiles/franka_semantic_components.dir/src/translation_utils.cpp.o[0m
[7.557s] [ 13%] [32mBuilding CXX object CMakeFiles/franka_semantic_components.dir/src/franka_semantic_component_interface.cpp.o[0m
[9.097s] [ 18%] [32mBuilding CXX object CMakeFiles/franka_semantic_components.dir/src/franka_cartesian_pose_interface.cpp.o[0m
[12.028s] [ 22%] [32mBuilding CXX object CMakeFiles/franka_semantic_components.dir/src/franka_cartesian_velocity_interface.cpp.o[0m
[14.456s] [ 27%] [32mBuilding CXX object CMakeFiles/franka_semantic_components.dir/src/franka_robot_model.cpp.o[0m
[16.252s] [ 31%] [32m[1mLinking CXX shared library libfranka_semantic_components.so[0m
[16.507s] [ 31%] Built target franka_semantic_components
[16.523s] [35m[1mConsolidate compiler generated dependencies of target gmock[0m
[16.552s] [ 45%] Built target gmock
[16.568s] [35m[1mConsolidate compiler generated dependencies of target gmock_main[0m
[16.594s] [ 54%] Built target gmock_main
[16.610s] [35m[1mConsolidate compiler generated dependencies of target test_franka_robot_state[0m
[16.641s] [ 59%] [32mBuilding CXX object CMakeFiles/test_franka_robot_state.dir/test/franka_robot_state_test.cpp.o[0m
[23.166s] [ 63%] [32m[1mLinking CXX executable test_franka_robot_state[0m
[23.477s] [ 63%] Built target test_franka_robot_state
[23.494s] [35m[1mConsolidate compiler generated dependencies of target franka_cartesian_pose_interface_test[0m
[23.494s] [35m[1mConsolidate compiler generated dependencies of target franka_cartesian_velocity_interface_test[0m
[23.497s] [35m[1mConsolidate compiler generated dependencies of target franka_semantic_component_interface_test[0m
[23.529s] [ 68%] [32mBuilding CXX object CMakeFiles/franka_cartesian_pose_interface_test.dir/test/franka_cartesian_pose_interface_test.cpp.o[0m
[23.529s] [ 72%] [32mBuilding CXX object CMakeFiles/franka_semantic_component_interface_test.dir/test/franka_semantic_interface_test.cpp.o[0m
[23.536s] [ 77%] [32mBuilding CXX object CMakeFiles/franka_cartesian_velocity_interface_test.dir/test/franka_cartesian_velocity_interface_test.cpp.o[0m
[28.299s] [ 81%] [32m[1mLinking CXX executable franka_cartesian_velocity_interface_test[0m
[28.720s] [ 81%] Built target franka_cartesian_velocity_interface_test
[28.737s] [35m[1mConsolidate compiler generated dependencies of target test_franka_robot_model[0m
[28.764s] [ 86%] [32mBuilding CXX object CMakeFiles/test_franka_robot_model.dir/test/franka_robot_model_test.cpp.o[0m
[29.028s] [ 90%] [32m[1mLinking CXX executable franka_semantic_component_interface_test[0m
[29.342s] [ 90%] Built target franka_semantic_component_interface_test
[30.841s] [ 95%] [32m[1mLinking CXX executable franka_cartesian_pose_interface_test[0m
[31.239s] [ 95%] Built target franka_cartesian_pose_interface_test
[37.002s] [100%] [32m[1mLinking CXX executable test_franka_robot_model[0m
[37.336s] [100%] Built target test_franka_robot_model
[37.354s] Invoked command in '/home/zac/franka_ws/build/franka_semantic_components' returned '0': AMENT_PREFIX_PATH=/home/zac/franka_ws/install/franka_hardware:/home/zac/franka_ws/install/franka_msgs:${AMENT_PREFIX_PATH} CMAKE_PREFIX_PATH=/home/zac/franka_ws/install/franka_hardware:/home/zac/franka_ws/install/franka_msgs:/opt/ros/humble LD_LIBRARY_PATH=/home/zac/franka_ws/install/franka_hardware/lib:/home/zac/franka_ws/install/franka_msgs/lib:${LD_LIBRARY_PATH} PYTHONPATH=/home/zac/franka_ws/install/franka_msgs/local/lib/python3.10/dist-packages:${PYTHONPATH} /usr/bin/cmake --build /home/zac/franka_ws/build/franka_semantic_components -- -j8 -l8
[37.438s] Invoking command in '/home/zac/franka_ws/build/franka_semantic_components': AMENT_PREFIX_PATH=/home/zac/franka_ws/install/franka_hardware:/home/zac/franka_ws/install/franka_msgs:${AMENT_PREFIX_PATH} CMAKE_PREFIX_PATH=/home/zac/franka_ws/install/franka_hardware:/home/zac/franka_ws/install/franka_msgs:/opt/ros/humble LD_LIBRARY_PATH=/home/zac/franka_ws/install/franka_hardware/lib:/home/zac/franka_ws/install/franka_msgs/lib:${LD_LIBRARY_PATH} PYTHONPATH=/home/zac/franka_ws/install/franka_msgs/local/lib/python3.10/dist-packages:${PYTHONPATH} /usr/bin/cmake --install /home/zac/franka_ws/build/franka_semantic_components
[37.448s] -- Install configuration: "Release"
[37.449s] -- Execute custom install script
[37.449s] -- Up-to-date symlink: /home/zac/franka_ws/install/franka_semantic_components/lib/libfranka_semantic_components.so
[37.450s] -- Up-to-date symlink: /home/zac/franka_ws/install/franka_semantic_components/include/franka_semantic_components/franka_cartesian_pose_interface.hpp
[37.450s] -- Up-to-date symlink: /home/zac/franka_ws/install/franka_semantic_components/include/franka_semantic_components/franka_cartesian_velocity_interface.hpp
[37.450s] -- Up-to-date symlink: /home/zac/franka_ws/install/franka_semantic_components/include/franka_semantic_components/franka_robot_model.hpp
[37.450s] -- Up-to-date symlink: /home/zac/franka_ws/install/franka_semantic_components/include/franka_semantic_components/franka_robot_state.hpp
[37.451s] -- Up-to-date symlink: /home/zac/franka_ws/install/franka_semantic_components/include/franka_semantic_components/franka_semantic_component_interface.hpp
[37.451s] -- Up-to-date symlink: /home/zac/franka_ws/install/franka_semantic_components/share/franka_semantic_components/robot_description_test.txt
[37.451s] -- Up-to-date symlink: /home/zac/franka_ws/install/franka_semantic_components/share/franka_semantic_components/environment/library_path.sh
[37.452s] -- Up-to-date symlink: /home/zac/franka_ws/install/franka_semantic_components/share/franka_semantic_components/environment/library_path.dsv
[37.452s] -- Up-to-date symlink: /home/zac/franka_ws/install/franka_semantic_components/share/ament_index/resource_index/package_run_dependencies/franka_semantic_components
[37.452s] -- Up-to-date symlink: /home/zac/franka_ws/install/franka_semantic_components/share/ament_index/resource_index/parent_prefix_path/franka_semantic_components
[37.453s] -- Up-to-date symlink: /home/zac/franka_ws/install/franka_semantic_components/share/franka_semantic_components/environment/ament_prefix_path.sh
[37.453s] -- Up-to-date symlink: /home/zac/franka_ws/install/franka_semantic_components/share/franka_semantic_components/environment/ament_prefix_path.dsv
[37.453s] -- Up-to-date symlink: /home/zac/franka_ws/install/franka_semantic_components/share/franka_semantic_components/environment/path.sh
[37.454s] -- Up-to-date symlink: /home/zac/franka_ws/install/franka_semantic_components/share/franka_semantic_components/environment/path.dsv
[37.454s] -- Up-to-date symlink: /home/zac/franka_ws/install/franka_semantic_components/share/franka_semantic_components/local_setup.bash
[37.454s] -- Up-to-date symlink: /home/zac/franka_ws/install/franka_semantic_components/share/franka_semantic_components/local_setup.sh
[37.454s] -- Up-to-date symlink: /home/zac/franka_ws/install/franka_semantic_components/share/franka_semantic_components/local_setup.zsh
[37.454s] -- Up-to-date symlink: /home/zac/franka_ws/install/franka_semantic_components/share/franka_semantic_components/local_setup.dsv
[37.455s] -- Symlinking: /home/zac/franka_ws/install/franka_semantic_components/share/franka_semantic_components/package.dsv
[37.468s] -- Up-to-date symlink: /home/zac/franka_ws/install/franka_semantic_components/share/ament_index/resource_index/packages/franka_semantic_components
[37.468s] -- Up-to-date symlink: /home/zac/franka_ws/install/franka_semantic_components/share/franka_semantic_components/cmake/ament_cmake_export_include_directories-extras.cmake
[37.468s] -- Up-to-date symlink: /home/zac/franka_ws/install/franka_semantic_components/share/franka_semantic_components/cmake/ament_cmake_export_libraries-extras.cmake
[37.468s] -- Up-to-date symlink: /home/zac/franka_ws/install/franka_semantic_components/share/franka_semantic_components/cmake/ament_cmake_export_dependencies-extras.cmake
[37.468s] -- Up-to-date symlink: /home/zac/franka_ws/install/franka_semantic_components/share/franka_semantic_components/cmake/franka_semantic_componentsConfig.cmake
[37.469s] -- Up-to-date symlink: /home/zac/franka_ws/install/franka_semantic_components/share/franka_semantic_components/cmake/franka_semantic_componentsConfig-version.cmake
[37.469s] -- Up-to-date symlink: /home/zac/franka_ws/install/franka_semantic_components/share/franka_semantic_components/package.xml
[37.473s] Invoked command in '/home/zac/franka_ws/build/franka_semantic_components' returned '0': AMENT_PREFIX_PATH=/home/zac/franka_ws/install/franka_hardware:/home/zac/franka_ws/install/franka_msgs:${AMENT_PREFIX_PATH} CMAKE_PREFIX_PATH=/home/zac/franka_ws/install/franka_hardware:/home/zac/franka_ws/install/franka_msgs:/opt/ros/humble LD_LIBRARY_PATH=/home/zac/franka_ws/install/franka_hardware/lib:/home/zac/franka_ws/install/franka_msgs/lib:${LD_LIBRARY_PATH} PYTHONPATH=/home/zac/franka_ws/install/franka_msgs/local/lib/python3.10/dist-packages:${PYTHONPATH} /usr/bin/cmake --install /home/zac/franka_ws/build/franka_semantic_components
