[0.002s] Invoking command in '/home/zac/franka_ws/build/franka_robot_state_broadcaster': AMENT_PREFIX_PATH=/home/zac/franka_ws/install/franka_semantic_components:/home/zac/franka_ws/install/franka_hardware:/home/zac/franka_ws/install/franka_msgs:${AMENT_PREFIX_PATH} CMAKE_PREFIX_PATH=/home/zac/franka_ws/install/franka_semantic_components:/home/zac/franka_ws/install/franka_hardware:/home/zac/franka_ws/install/franka_msgs:/opt/ros/humble LD_LIBRARY_PATH=/home/zac/franka_ws/install/franka_semantic_components/lib:/home/zac/franka_ws/install/franka_hardware/lib:/home/zac/franka_ws/install/franka_msgs/lib:${LD_LIBRARY_PATH} PYTHONPATH=/home/zac/franka_ws/install/franka_msgs/local/lib/python3.10/dist-packages:${PYTHONPATH} /usr/bin/cmake /home/zac/franka_ws/src/franka_ros2/franka_robot_state_broadcaster -DCMAKE_BUILD_TYPE=Release -DCMAKE_INSTALL_PREFIX=/home/zac/franka_ws/install/franka_robot_state_broadcaster
[0.069s] -- The C compiler identification is GNU 11.4.0
[0.136s] -- The CXX compiler identification is GNU 11.4.0
[0.144s] -- Detecting C compiler ABI info
[0.229s] -- Detecting C compiler ABI info - done
[0.237s] -- Check for working C compiler: /usr/bin/cc - skipped
[0.237s] -- Detecting C compile features
[0.238s] -- Detecting C compile features - done
[0.243s] -- Detecting CXX compiler ABI info
[0.338s] -- Detecting CXX compiler ABI info - done
[0.347s] -- Check for working CXX compiler: /usr/bin/c++ - skipped
[0.347s] -- Detecting CXX compile features
[0.347s] -- Detecting CXX compile features - done
[0.352s] -- Found ament_cmake: 1.3.10 (/opt/ros/humble/share/ament_cmake/cmake)
[0.524s] -- Found Python3: /usr/bin/python3 (found version "3.10.12") found components: Interpreter 
[0.635s] -- Found builtin_interfaces: 1.2.1 (/opt/ros/humble/share/builtin_interfaces/cmake)
[0.680s] -- Found rosidl_generator_c: 3.1.5 (/opt/ros/humble/share/rosidl_generator_c/cmake)
[0.688s] -- Found rosidl_adapter: 3.1.5 (/opt/ros/humble/share/rosidl_adapter/cmake)
[0.700s] -- Found rosidl_generator_cpp: 3.1.5 (/opt/ros/humble/share/rosidl_generator_cpp/cmake)
[0.716s] -- Using all available rosidl_typesupport_c: rosidl_typesupport_fastrtps_c;rosidl_typesupport_introspection_c
[0.737s] -- Using all available rosidl_typesupport_cpp: rosidl_typesupport_fastrtps_cpp;rosidl_typesupport_introspection_cpp
[0.757s] -- Found control_msgs: 4.6.0 (/opt/ros/humble/share/control_msgs/cmake)
[0.972s] -- Found controller_interface: 2.42.0 (/opt/ros/humble/share/controller_interface/cmake)
[1.089s] -- Found rmw_implementation_cmake: 6.1.2 (/opt/ros/humble/share/rmw_implementation_cmake/cmake)
[1.093s] -- Found rmw_fastrtps_cpp: 6.2.7 (/opt/ros/humble/share/rmw_fastrtps_cpp/cmake)
[1.129s] -- Found TinyXML2 via Config file: TinyXML2_DIR-NOTFOUND
[1.203s] -- Found OpenSSL: /usr/lib/x86_64-linux-gnu/libcrypto.so (found version "3.0.2")  
[1.206s] -- Found TinyXML2 via Config file: TinyXML2_DIR-NOTFOUND
[1.224s] -- Found FastRTPS: /opt/ros/humble/include  
[1.227s] -- Found TinyXML2 via Config file: TinyXML2_DIR-NOTFOUND
[1.238s] -- Found TinyXML2 via Config file: TinyXML2_DIR-NOTFOUND
[1.250s] -- Using RMW implementation 'rmw_fastrtps_cpp' as default
[1.263s] -- Looking for pthread.h
[1.348s] -- Looking for pthread.h - found
[1.348s] -- Performing Test CMAKE_HAVE_LIBC_PTHREAD
[1.439s] -- Performing Test CMAKE_HAVE_LIBC_PTHREAD - Success
[1.441s] -- Found Threads: TRUE  
[1.558s] -- Found controller_manager: 2.42.0 (/opt/ros/humble/share/controller_manager/cmake)
[1.631s] -- Found franka_msgs: 0.1.15 (/home/zac/franka_ws/install/franka_msgs/share/franka_msgs/cmake)
[1.679s] -- Found franka_semantic_components: 0.1.0 (/home/zac/franka_ws/install/franka_semantic_components/share/franka_semantic_components/cmake)
[1.744s] -- Found generate_parameter_library: 0.3.8 (/opt/ros/humble/share/generate_parameter_library/cmake)
[1.748s] -- Found parameter_traits: 0.3.8 (/opt/ros/humble/share/parameter_traits/cmake)
[1.791s] -- Found visualization_msgs: 4.2.4 (/opt/ros/humble/share/visualization_msgs/cmake)
[1.915s] -- Found ament_cmake_gmock: 1.3.10 (/opt/ros/humble/share/ament_cmake_gmock/cmake)
[1.918s] -- Found ament_cmake_clang_format: 0.12.11 (/opt/ros/humble/share/ament_cmake_clang_format/cmake)
[1.922s] -- Found ament_cmake_copyright: 0.12.11 (/opt/ros/humble/share/ament_cmake_copyright/cmake)
[1.925s] -- Found ament_cmake_cppcheck: 0.12.11 (/opt/ros/humble/share/ament_cmake_cppcheck/cmake)
[1.929s] -- Found ament_cmake_flake8: 0.12.11 (/opt/ros/humble/share/ament_cmake_flake8/cmake)
[1.933s] -- Found ament_cmake_lint_cmake: 0.12.11 (/opt/ros/humble/share/ament_cmake_lint_cmake/cmake)
[1.936s] -- Found ament_cmake_pep257: 0.12.11 (/opt/ros/humble/share/ament_cmake_pep257/cmake)
[1.940s] -- Found ament_cmake_xmllint: 0.12.11 (/opt/ros/humble/share/ament_cmake_xmllint/cmake)
[1.943s] -- Found ros2_control_test_assets: 2.42.0 (/opt/ros/humble/share/ros2_control_test_assets/cmake)
[1.952s] -- Found gmock sources under '/opt/ros/humble/src/gmock_vendor': C++ tests using 'Google Mock' will be built
[1.961s] -- Found ament_cmake_gtest: 1.3.10 (/opt/ros/humble/share/ament_cmake_gtest/cmake)
[1.962s] -- Found gtest sources under '/opt/ros/humble/src/gtest_vendor': C++ tests using 'Google Test' will be built
[1.981s] -- Found gmock sources under '/opt/ros/humble/src/gmock_vendor': C++ tests using 'Google Mock' will be built
[1.981s] -- Found ament_cmake_gtest: 1.3.10 (/opt/ros/humble/share/ament_cmake_gtest/cmake)
[1.982s] -- Found gtest sources under '/opt/ros/humble/src/gtest_vendor': C++ tests using 'Google Test' will be built
[2.073s] -- Configuring done
[2.228s] -- Generating done
[2.231s] -- Build files have been written to: /home/zac/franka_ws/build/franka_robot_state_broadcaster
[2.246s] Invoked command in '/home/zac/franka_ws/build/franka_robot_state_broadcaster' returned '0': AMENT_PREFIX_PATH=/home/zac/franka_ws/install/franka_semantic_components:/home/zac/franka_ws/install/franka_hardware:/home/zac/franka_ws/install/franka_msgs:${AMENT_PREFIX_PATH} CMAKE_PREFIX_PATH=/home/zac/franka_ws/install/franka_semantic_components:/home/zac/franka_ws/install/franka_hardware:/home/zac/franka_ws/install/franka_msgs:/opt/ros/humble LD_LIBRARY_PATH=/home/zac/franka_ws/install/franka_semantic_components/lib:/home/zac/franka_ws/install/franka_hardware/lib:/home/zac/franka_ws/install/franka_msgs/lib:${LD_LIBRARY_PATH} PYTHONPATH=/home/zac/franka_ws/install/franka_msgs/local/lib/python3.10/dist-packages:${PYTHONPATH} /usr/bin/cmake /home/zac/franka_ws/src/franka_ros2/franka_robot_state_broadcaster -DCMAKE_BUILD_TYPE=Release -DCMAKE_INSTALL_PREFIX=/home/zac/franka_ws/install/franka_robot_state_broadcaster
[2.248s] Invoking command in '/home/zac/franka_ws/build/franka_robot_state_broadcaster': AMENT_PREFIX_PATH=/home/zac/franka_ws/install/franka_semantic_components:/home/zac/franka_ws/install/franka_hardware:/home/zac/franka_ws/install/franka_msgs:${AMENT_PREFIX_PATH} CMAKE_PREFIX_PATH=/home/zac/franka_ws/install/franka_semantic_components:/home/zac/franka_ws/install/franka_hardware:/home/zac/franka_ws/install/franka_msgs:/opt/ros/humble LD_LIBRARY_PATH=/home/zac/franka_ws/install/franka_semantic_components/lib:/home/zac/franka_ws/install/franka_hardware/lib:/home/zac/franka_ws/install/franka_msgs/lib:${LD_LIBRARY_PATH} PYTHONPATH=/home/zac/franka_ws/install/franka_msgs/local/lib/python3.10/dist-packages:${PYTHONPATH} /usr/bin/cmake --build /home/zac/franka_ws/build/franka_robot_state_broadcaster -- -j8 -l8
[2.309s] [  8%] [32mBuilding CXX object gmock/CMakeFiles/gmock.dir/opt/ros/humble/src/gtest_vendor/src/gtest-all.cc.o[0m
[2.309s] [ 16%] [32mBuilding CXX object gmock/CMakeFiles/gmock.dir/src/gmock-all.cc.o[0m
[2.312s] [ 33%] [32mBuilding CXX object gmock/CMakeFiles/gmock_main.dir/src/gmock_main.cc.o[0m
[2.312s] [ 33%] [34m[1mRunning `/opt/ros/humble/bin/generate_parameter_library_cpp /home/zac/franka_ws/build/franka_robot_state_broadcaster/franka_robot_state_broadcaster_parameters/include//franka_robot_state_broadcaster_parameters.hpp /home/zac/franka_ws/src/franka_ros2/franka_robot_state_broadcaster/src/franka_robot_state_broadcaster_parameters.yaml `[0m
[2.574s] [ 33%] Built target franka_robot_state_broadcaster_parameters
[2.610s] [ 41%] [32mBuilding CXX object CMakeFiles/franka_robot_state_broadcaster.dir/src/franka_robot_state_broadcaster.cpp.o[0m
[4.727s] [ 50%] [32m[1mLinking CXX static library libgmock_main.a[0m
[4.872s] [ 50%] Built target gmock_main
[18.322s] [ 58%] [32m[1mLinking CXX static library libgmock.a[0m
[18.386s] [ 58%] Built target gmock
[22.818s] [ 66%] [32m[1mLinking CXX shared library libfranka_robot_state_broadcaster.so[0m
[23.070s] [ 66%] Built target franka_robot_state_broadcaster
[23.096s] [ 75%] [32mBuilding CXX object CMakeFiles/franka_robot_state_broadcaster_test.dir/test/test_franka_robot_state_broadcaster.cpp.o[0m
[31.943s] [ 83%] [32m[1mLinking CXX executable franka_robot_state_broadcaster_test[0m
[32.315s] [ 83%] Built target franka_robot_state_broadcaster_test
[32.346s] [ 91%] [32mBuilding CXX object CMakeFiles/test_load_franka_robot_state_broadcaster.dir/test/test_load_franka_robot_state_broadcaster.cpp.o[0m
[39.664s] [100%] [32m[1mLinking CXX executable test_load_franka_robot_state_broadcaster[0m
[39.965s] [100%] Built target test_load_franka_robot_state_broadcaster
[39.979s] Invoked command in '/home/zac/franka_ws/build/franka_robot_state_broadcaster' returned '0': AMENT_PREFIX_PATH=/home/zac/franka_ws/install/franka_semantic_components:/home/zac/franka_ws/install/franka_hardware:/home/zac/franka_ws/install/franka_msgs:${AMENT_PREFIX_PATH} CMAKE_PREFIX_PATH=/home/zac/franka_ws/install/franka_semantic_components:/home/zac/franka_ws/install/franka_hardware:/home/zac/franka_ws/install/franka_msgs:/opt/ros/humble LD_LIBRARY_PATH=/home/zac/franka_ws/install/franka_semantic_components/lib:/home/zac/franka_ws/install/franka_hardware/lib:/home/zac/franka_ws/install/franka_msgs/lib:${LD_LIBRARY_PATH} PYTHONPATH=/home/zac/franka_ws/install/franka_msgs/local/lib/python3.10/dist-packages:${PYTHONPATH} /usr/bin/cmake --build /home/zac/franka_ws/build/franka_robot_state_broadcaster -- -j8 -l8
[40.024s] Invoking command in '/home/zac/franka_ws/build/franka_robot_state_broadcaster': AMENT_PREFIX_PATH=/home/zac/franka_ws/install/franka_semantic_components:/home/zac/franka_ws/install/franka_hardware:/home/zac/franka_ws/install/franka_msgs:${AMENT_PREFIX_PATH} CMAKE_PREFIX_PATH=/home/zac/franka_ws/install/franka_semantic_components:/home/zac/franka_ws/install/franka_hardware:/home/zac/franka_ws/install/franka_msgs:/opt/ros/humble LD_LIBRARY_PATH=/home/zac/franka_ws/install/franka_semantic_components/lib:/home/zac/franka_ws/install/franka_hardware/lib:/home/zac/franka_ws/install/franka_msgs/lib:${LD_LIBRARY_PATH} PYTHONPATH=/home/zac/franka_ws/install/franka_msgs/local/lib/python3.10/dist-packages:${PYTHONPATH} /usr/bin/cmake --install /home/zac/franka_ws/build/franka_robot_state_broadcaster
[40.033s] -- Install configuration: "Release"
[40.033s] -- Installing: /home/zac/franka_ws/install/franka_robot_state_broadcaster/include/franka_robot_state_broadcaster_parameters
[40.033s] -- Installing: /home/zac/franka_ws/install/franka_robot_state_broadcaster/include/franka_robot_state_broadcaster_parameters/franka_robot_state_broadcaster_parameters.hpp
[40.033s] -- Installing: /home/zac/franka_ws/install/franka_robot_state_broadcaster/share/franka_robot_state_broadcaster/franka_robot_state_broadcaster.xml
[40.033s] -- Installing: /home/zac/franka_ws/install/franka_robot_state_broadcaster/lib/libfranka_robot_state_broadcaster.so
[40.035s] -- Set runtime path of "/home/zac/franka_ws/install/franka_robot_state_broadcaster/lib/libfranka_robot_state_broadcaster.so" to ""
[40.036s] -- Up-to-date: /home/zac/franka_ws/install/franka_robot_state_broadcaster/include
[40.036s] -- Installing: /home/zac/franka_ws/install/franka_robot_state_broadcaster/include/franka_robot_state_broadcaster
[40.036s] -- Installing: /home/zac/franka_ws/install/franka_robot_state_broadcaster/include/franka_robot_state_broadcaster/franka_robot_state_broadcaster.hpp
[40.036s] -- Installing: /home/zac/franka_ws/install/franka_robot_state_broadcaster/share/franka_robot_state_broadcaster/environment/library_path.sh
[40.036s] -- Installing: /home/zac/franka_ws/install/franka_robot_state_broadcaster/share/franka_robot_state_broadcaster/environment/library_path.dsv
[40.037s] -- Installing: /home/zac/franka_ws/install/franka_robot_state_broadcaster/share/ament_index/resource_index/package_run_dependencies/franka_robot_state_broadcaster
[40.037s] -- Installing: /home/zac/franka_ws/install/franka_robot_state_broadcaster/share/ament_index/resource_index/parent_prefix_path/franka_robot_state_broadcaster
[40.037s] -- Installing: /home/zac/franka_ws/install/franka_robot_state_broadcaster/share/franka_robot_state_broadcaster/environment/ament_prefix_path.sh
[40.037s] -- Installing: /home/zac/franka_ws/install/franka_robot_state_broadcaster/share/franka_robot_state_broadcaster/environment/ament_prefix_path.dsv
[40.037s] -- Installing: /home/zac/franka_ws/install/franka_robot_state_broadcaster/share/franka_robot_state_broadcaster/environment/path.sh
[40.038s] -- Installing: /home/zac/franka_ws/install/franka_robot_state_broadcaster/share/franka_robot_state_broadcaster/environment/path.dsv
[40.038s] -- Installing: /home/zac/franka_ws/install/franka_robot_state_broadcaster/share/franka_robot_state_broadcaster/local_setup.bash
[40.038s] -- Installing: /home/zac/franka_ws/install/franka_robot_state_broadcaster/share/franka_robot_state_broadcaster/local_setup.sh
[40.038s] -- Installing: /home/zac/franka_ws/install/franka_robot_state_broadcaster/share/franka_robot_state_broadcaster/local_setup.zsh
[40.039s] -- Installing: /home/zac/franka_ws/install/franka_robot_state_broadcaster/share/franka_robot_state_broadcaster/local_setup.dsv
[40.039s] -- Installing: /home/zac/franka_ws/install/franka_robot_state_broadcaster/share/franka_robot_state_broadcaster/package.dsv
[40.039s] -- Installing: /home/zac/franka_ws/install/franka_robot_state_broadcaster/share/ament_index/resource_index/packages/franka_robot_state_broadcaster
[40.039s] -- Installing: /home/zac/franka_ws/install/franka_robot_state_broadcaster/share/ament_index/resource_index/controller_interface__pluginlib__plugin/franka_robot_state_broadcaster
[40.040s] -- Installing: /home/zac/franka_ws/install/franka_robot_state_broadcaster/share/franka_robot_state_broadcaster/cmake/ament_cmake_export_include_directories-extras.cmake
[40.040s] -- Installing: /home/zac/franka_ws/install/franka_robot_state_broadcaster/share/franka_robot_state_broadcaster/cmake/ament_cmake_export_libraries-extras.cmake
[40.040s] -- Installing: /home/zac/franka_ws/install/franka_robot_state_broadcaster/share/franka_robot_state_broadcaster/cmake/ament_cmake_export_dependencies-extras.cmake
[40.040s] -- Installing: /home/zac/franka_ws/install/franka_robot_state_broadcaster/share/franka_robot_state_broadcaster/cmake/franka_robot_state_broadcasterConfig.cmake
[40.041s] -- Installing: /home/zac/franka_ws/install/franka_robot_state_broadcaster/share/franka_robot_state_broadcaster/cmake/franka_robot_state_broadcasterConfig-version.cmake
[40.041s] -- Installing: /home/zac/franka_ws/install/franka_robot_state_broadcaster/share/franka_robot_state_broadcaster/package.xml
[40.044s] Invoked command in '/home/zac/franka_ws/build/franka_robot_state_broadcaster' returned '0': AMENT_PREFIX_PATH=/home/zac/franka_ws/install/franka_semantic_components:/home/zac/franka_ws/install/franka_hardware:/home/zac/franka_ws/install/franka_msgs:${AMENT_PREFIX_PATH} CMAKE_PREFIX_PATH=/home/zac/franka_ws/install/franka_semantic_components:/home/zac/franka_ws/install/franka_hardware:/home/zac/franka_ws/install/franka_msgs:/opt/ros/humble LD_LIBRARY_PATH=/home/zac/franka_ws/install/franka_semantic_components/lib:/home/zac/franka_ws/install/franka_hardware/lib:/home/zac/franka_ws/install/franka_msgs/lib:${LD_LIBRARY_PATH} PYTHONPATH=/home/zac/franka_ws/install/franka_msgs/local/lib/python3.10/dist-packages:${PYTHONPATH} /usr/bin/cmake --install /home/zac/franka_ws/build/franka_robot_state_broadcaster
