[0.016s] Invoking command in '/home/zac/franka_ws/build/franka_ign_ros2_control': AMENT_PREFIX_PATH=/home/zac/franka_ws/install/franka_hardware:/home/zac/franka_ws/install/franka_msgs:${AMENT_PREFIX_PATH} CMAKE_PREFIX_PATH=/home/zac/franka_ws/install/franka_hardware:/home/zac/franka_ws/install/franka_msgs:/opt/ros/humble LD_LIBRARY_PATH=/home/zac/franka_ws/install/franka_hardware/lib:/home/zac/franka_ws/install/franka_msgs/lib:${LD_LIBRARY_PATH} PYTHONPATH=/home/zac/franka_ws/install/franka_msgs/local/lib/python3.10/dist-packages:${PYTHONPATH} /usr/bin/cmake /home/zac/franka_ws/src/franka_ros2/franka_gazebo/franka_ign_ros2_control -DCMAKE_BUILD_TYPE=Release -DCMAKE_INSTALL_PREFIX=/home/zac/franka_ws/install/franka_ign_ros2_control
[0.032s] -- Found ament_cmake: 1.3.10 (/opt/ros/humble/share/ament_cmake/cmake)
[0.191s] -- Found ament_index_cpp: 1.4.0 (/opt/ros/humble/share/ament_index_cpp/cmake)
[0.192s] -- Found controller_manager: 2.42.0 (/opt/ros/humble/share/controller_manager/cmake)
[0.227s] -- Found rosidl_generator_c: 3.1.5 (/opt/ros/humble/share/rosidl_generator_c/cmake)
[0.230s] -- Found rosidl_adapter: 3.1.5 (/opt/ros/humble/share/rosidl_adapter/cmake)
[0.237s] -- Found rosidl_generator_cpp: 3.1.5 (/opt/ros/humble/share/rosidl_generator_cpp/cmake)
[0.247s] -- Using all available rosidl_typesupport_c: rosidl_typesupport_fastrtps_c;rosidl_typesupport_introspection_c
[0.261s] -- Using all available rosidl_typesupport_cpp: rosidl_typesupport_fastrtps_cpp;rosidl_typesupport_introspection_cpp
[0.457s] -- Found rmw_implementation_cmake: 6.1.2 (/opt/ros/humble/share/rmw_implementation_cmake/cmake)
[0.459s] -- Found rmw_fastrtps_cpp: 6.2.7 (/opt/ros/humble/share/rmw_fastrtps_cpp/cmake)
[0.481s] -- Found TinyXML2 via Config file: TinyXML2_DIR-NOTFOUND
[0.491s] -- Found TinyXML2 via Config file: TinyXML2_DIR-NOTFOUND
[0.509s] -- Found TinyXML2 via Config file: TinyXML2_DIR-NOTFOUND
[0.519s] -- Found TinyXML2 via Config file: TinyXML2_DIR-NOTFOUND
[0.531s] -- Using RMW implementation 'rmw_fastrtps_cpp' as default
[0.621s] -- Found yaml_cpp_vendor: 8.0.2 (/opt/ros/humble/share/yaml_cpp_vendor/cmake)
[0.622s] -- Found franka_hardware: 0.1.15 (/home/zac/franka_ws/install/franka_hardware/share/franka_hardware/cmake)
[0.627s] -- Found urdf: 2.6.0 (/opt/ros/humble/share/urdf/cmake)
[0.633s] -- Found kdl_parser: 2.6.4 (/opt/ros/humble/share/kdl_parser/cmake)
[0.635s] -- Found eigen3_cmake_module: 0.1.1 (/opt/ros/humble/share/eigen3_cmake_module/cmake)
[0.637s] -- Ensuring Eigen3 include directory is part of orocos-kdl CMake target
[0.645s] -- Found tf2_geometry_msgs: 0.25.7 (/opt/ros/humble/share/tf2_geometry_msgs/cmake)
[0.720s] -- Found tf2_eigen: 0.25.7 (/opt/ros/humble/share/tf2_eigen/cmake)
[0.727s] -- Looking for ignition-gazebo6 -- found version 6.16.0
[0.734s] -- Searching for dependencies of ignition-gazebo6
[0.737s] -- Looking for sdformat12 -- found version 12.7.2
[0.738s] -- Searching for dependencies of sdformat12
[0.744s] -- Checking for module 'tinyxml2'
[0.762s] --   Found tinyxml2, version 9.0.0
[0.807s] -- Looking for ignition-math6 -- found version 6.15.1
[0.808s] -- Searching for dependencies of ignition-math6
[0.812s] -- Looking for ignition-utils1 -- found version 1.5.1
[0.813s] -- Searching for dependencies of ignition-utils1
[0.817s] -- Looking for ignition-plugin1 -- found version 1.4.0
[0.818s] -- Searching for dependencies of ignition-plugin1
[0.818s] -- Searching for <ignition-plugin1> component [loader]
[0.822s] -- Looking for ignition-plugin1-loader -- found version 1.4.0
[0.823s] -- Searching for dependencies of ignition-plugin1-loader
[0.823s] -- Searching for <ignition-plugin1> component [register]
[0.827s] -- Looking for ignition-plugin1-register -- found version 1.4.0
[0.827s] -- Searching for dependencies of ignition-plugin1-register
[0.832s] -- Looking for ignition-transport11 -- found version 11.4.1
[0.832s] -- Searching for dependencies of ignition-transport11
[0.862s] -- Found Protobuf: /usr/lib/x86_64-linux-gnu/libprotobuf.so (found version "3.12.4") 
[0.878s] -- Config-file not installed for ZeroMQ -- checking for pkg-config
[0.884s] -- Checking for module 'libzmq >= 4'
[0.902s] --   Found libzmq , version 4.3.4
[0.951s] -- Found ZeroMQ: TRUE (Required is at least version "4") 
[0.958s] -- Checking for module 'uuid'
[0.975s] --   Found uuid, version 2.37.2
[1.020s] -- Found UUID: TRUE  
[1.021s] -- Looking for ignition-utils1 -- found version 1.5.1
[1.021s] -- Searching for dependencies of ignition-utils1
[1.022s] -- Searching for <ignition-utils1> component [cli]
[1.026s] -- Looking for ignition-utils1-cli -- found version 1.5.1
[1.027s] -- Searching for dependencies of ignition-utils1-cli
[1.031s] -- Looking for ignition-msgs8 -- found version 8.7.0
[1.031s] -- Searching for dependencies of ignition-msgs8
[1.057s] -- Found Protobuf: /usr/lib/x86_64-linux-gnu/libprotobuf.so (found suitable version "3.12.4", minimum required is "3") 
[1.058s] -- Looking for ignition-math6 -- found version 6.15.1
[1.070s] -- Searching for <ignition-transport11> component [log]
[1.075s] -- Looking for ignition-transport11-log -- found version 11.4.1
[1.077s] -- Searching for dependencies of ignition-transport11-log
[1.079s] -- Searching for <ignition-transport11> component [parameters]
[1.084s] -- Looking for ignition-transport11-parameters -- found version 11.4.1
[1.085s] -- Searching for dependencies of ignition-transport11-parameters
[1.087s] -- Looking for ignition-msgs8 -- found version 8.7.0
[1.092s] -- Looking for ignition-common4 -- found version 4.7.0
[1.093s] -- Searching for dependencies of ignition-common4
[1.094s] -- Looking for dlfcn.h - found
[1.096s] -- Looking for libdl - found
[1.099s] -- Found DL: TRUE  
[1.136s] -- Searching for <ignition-common4> component [profiler]
[1.141s] -- Looking for ignition-common4-profiler -- found version 4.7.0
[1.142s] -- Searching for dependencies of ignition-common4-profiler
[1.145s] -- Searching for <ignition-common4> component [events]
[1.150s] -- Looking for ignition-common4-events -- found version 4.7.0
[1.151s] -- Searching for dependencies of ignition-common4-events
[1.151s] -- Looking for ignition-math6 -- found version 6.15.1
[1.153s] -- Searching for <ignition-common4> component [av]
[1.158s] -- Looking for ignition-common4-av -- found version 4.7.0
[1.161s] -- Searching for dependencies of ignition-common4-av
[1.192s] -- Checking for module 'libswscale'
[1.249s] --   Found libswscale, version 5.9.100
[1.376s] -- Found SWSCALE: TRUE  
[1.392s] -- Checking for module 'libavdevice >= 56.4.100'
[1.441s] --   Found libavdevice , version 58.13.100
[1.536s] -- Found AVDEVICE: TRUE (Required is at least version "56.4.100") 
[1.547s] -- Checking for module 'libavformat'
[1.593s] --   Found libavformat, version 58.76.100
[1.893s] -- Found AVFORMAT: TRUE  
[1.920s] -- Checking for module 'libavcodec'
[2.025s] --   Found libavcodec, version 58.134.100
[2.350s] -- Found AVCODEC: TRUE  
[2.368s] -- Checking for module 'libavutil'
[2.485s] --   Found libavutil, version 56.70.100
[2.727s] -- Found AVUTIL: TRUE  
[2.737s] -- Looking for ignition-fuel_tools7 -- found version 7.3.0
[2.739s] -- Searching for dependencies of ignition-fuel_tools7
[3.228s] -- Found CURL: /usr/lib/x86_64-linux-gnu/libcurl.so (found version "7.81.0")  
[3.247s] -- Checking for module 'jsoncpp'
[3.321s] --   Found jsoncpp, version 1.9.5
[3.404s] -- Found JSONCPP: TRUE  
[3.417s] -- Checking for module 'libzip'
[3.469s] --   Found libzip, version 1.7.3
[3.725s] -- Found ZIP: TRUE  
[3.726s] -- Looking for ignition-common4 -- found version 4.7.0
[3.726s] -- Looking for ignition-math6 -- found version 6.15.1
[3.727s] -- Looking for ignition-msgs8 -- found version 8.7.0
[3.745s] -- Looking for ignition-gui6 -- found version 6.8.0
[3.746s] -- Searching for dependencies of ignition-gui6
[3.822s] -- Looking for ignition-math6 -- found version 6.15.1
[3.822s] -- Looking for ignition-common4 -- found version 4.7.0
[3.823s] -- Looking for ignition-plugin1 -- found version 1.4.0
[3.824s] -- Looking for ignition-transport11 -- found version 11.4.1
[3.829s] -- Looking for ignition-rendering6 -- found version 6.6.3
[3.830s] -- Searching for dependencies of ignition-rendering6
[3.831s] -- Looking for ignition-math6 -- found version 6.15.1
[3.832s] -- Searching for dependencies of ignition-math6
[3.832s] -- Searching for <ignition-math6> component [eigen3]
[3.839s] -- Looking for ignition-math6-eigen3 -- found version 6.15.1
[3.841s] -- Searching for dependencies of ignition-math6-eigen3
[3.844s] -- Looking for ignition-common4 -- found version 4.7.0
[3.845s] -- Searching for dependencies of ignition-common4
[3.845s] -- Looking for dlfcn.h - found
[3.845s] -- Looking for libdl - found
[3.876s] -- Searching for <ignition-common4> component [graphics]
[3.881s] -- Looking for ignition-common4-graphics -- found version 4.7.0
[3.882s] -- Searching for dependencies of ignition-common4-graphics
[3.883s] -- Looking for ignition-math6 -- found version 6.15.1
[3.885s] -- Looking for ignition-utils1 -- found version 1.5.1
[3.886s] -- Searching for <ignition-common4> component [events]
[3.888s] -- Looking for ignition-plugin1 -- found version 1.4.0
[3.889s] -- Searching for dependencies of ignition-plugin1
[3.890s] -- Searching for <ignition-plugin1> component [all]
[3.895s] -- Looking for all libraries of ignition-plugin1 -- found version 1.4.0
[3.896s] -- Looking for ignition-plugin1 -- found version 1.4.0
[3.901s] -- Looking for ignition-msgs8 -- found version 8.7.0
[3.950s] -- Looking for ignition-physics5 -- found version 5.3.2
[3.951s] -- Searching for dependencies of ignition-physics5
[3.953s] -- Looking for ignition-math6 -- found version 6.15.1
[3.954s] -- Looking for ignition-plugin1 -- found version 1.4.0
[3.955s] -- Looking for ignition-utils1 -- found version 1.5.1
[3.958s] -- Searching for <ignition-physics5> component [heightmap]
[3.962s] -- Looking for ignition-physics5-heightmap -- found version 5.3.2
[3.963s] -- Searching for dependencies of ignition-physics5-heightmap
[3.963s] -- Looking for ignition-common4 -- found version 4.7.0
[3.964s] -- Searching for <ignition-physics5> component [mesh]
[3.968s] -- Looking for ignition-physics5-mesh -- found version 5.3.2
[3.969s] -- Searching for dependencies of ignition-physics5-mesh
[3.969s] -- Looking for ignition-common4 -- found version 4.7.0
[3.970s] -- Searching for <ignition-physics5> component [sdf]
[3.973s] -- Looking for ignition-physics5-sdf -- found version 5.3.2
[3.974s] -- Searching for dependencies of ignition-physics5-sdf
[3.975s] -- Looking for sdformat12 -- found version 12.7.2
[3.979s] -- Looking for ignition-sensors6 -- found version 6.8.0
[3.980s] -- Searching for dependencies of ignition-sensors6
[4.011s] -- Found Protobuf: /usr/lib/x86_64-linux-gnu/libprotobuf.so (found version "3.12.4") 
[4.012s] -- Looking for ignition-math6 -- found version 6.15.1
[4.013s] -- Looking for ignition-common4 -- found version 4.7.0
[4.014s] -- Looking for ignition-transport11 -- found version 11.4.1
[4.015s] -- Looking for ignition-rendering6 -- found version 6.6.3
[4.016s] -- Looking for ignition-msgs8 -- found version 8.7.0
[4.017s] -- Looking for sdformat12 -- found version 12.7.2
[4.019s] -- Searching for <ignition-sensors6> component [air_pressure]
[4.024s] -- Looking for ignition-sensors6-air_pressure -- found version 6.8.0
[4.026s] -- Searching for dependencies of ignition-sensors6-air_pressure
[4.027s] -- Searching for <ignition-sensors6> component [altimeter]
[4.032s] -- Looking for ignition-sensors6-altimeter -- found version 6.8.0
[4.033s] -- Searching for dependencies of ignition-sensors6-altimeter
[4.034s] -- Searching for <ignition-sensors6> component [imu]
[4.041s] -- Looking for ignition-sensors6-imu -- found version 6.8.0
[4.042s] -- Searching for dependencies of ignition-sensors6-imu
[4.043s] -- Searching for <ignition-sensors6> component [force_torque]
[4.048s] -- Looking for ignition-sensors6-force_torque -- found version 6.8.0
[4.049s] -- Searching for dependencies of ignition-sensors6-force_torque
[4.050s] -- Searching for <ignition-sensors6> component [logical_camera]
[4.055s] -- Looking for ignition-sensors6-logical_camera -- found version 6.8.0
[4.056s] -- Searching for dependencies of ignition-sensors6-logical_camera
[4.057s] -- Searching for <ignition-sensors6> component [magnetometer]
[4.062s] -- Looking for ignition-sensors6-magnetometer -- found version 6.8.0
[4.063s] -- Searching for dependencies of ignition-sensors6-magnetometer
[4.064s] -- Searching for <ignition-sensors6> component [navsat]
[4.069s] -- Looking for ignition-sensors6-navsat -- found version 6.8.0
[4.070s] -- Searching for dependencies of ignition-sensors6-navsat
[4.071s] -- Searching for <ignition-sensors6> component [rendering]
[4.076s] -- Looking for ignition-sensors6-rendering -- found version 6.8.0
[4.078s] -- Searching for dependencies of ignition-sensors6-rendering
[4.079s] -- Searching for <ignition-sensors6> component [lidar]
[4.086s] -- Looking for ignition-sensors6-lidar -- found version 6.8.0
[4.087s] -- Searching for dependencies of ignition-sensors6-lidar
[4.088s] -- Looking for ignition-sensors6 -- found version 6.8.0
[4.089s] -- Searching for <ignition-sensors6> component [gpu_lidar]
[4.094s] -- Looking for ignition-sensors6-gpu_lidar -- found version 6.8.0
[4.095s] -- Searching for dependencies of ignition-sensors6-gpu_lidar
[4.096s] -- Looking for ignition-sensors6 -- found version 6.8.0
[4.097s] -- Searching for <ignition-sensors6> component [camera]
[4.102s] -- Looking for ignition-sensors6-camera -- found version 6.8.0
[4.103s] -- Searching for dependencies of ignition-sensors6-camera
[4.104s] -- Looking for ignition-sensors6 -- found version 6.8.0
[4.105s] -- Searching for <ignition-sensors6> component [boundingbox_camera]
[4.110s] -- Looking for ignition-sensors6-boundingbox_camera -- found version 6.8.0
[4.111s] -- Searching for dependencies of ignition-sensors6-boundingbox_camera
[4.112s] -- Searching for <ignition-sensors6> component [segmentation_camera]
[4.117s] -- Looking for ignition-sensors6-segmentation_camera -- found version 6.8.0
[4.119s] -- Searching for dependencies of ignition-sensors6-segmentation_camera
[4.120s] -- Searching for <ignition-sensors6> component [depth_camera]
[4.125s] -- Looking for ignition-sensors6-depth_camera -- found version 6.8.0
[4.126s] -- Searching for dependencies of ignition-sensors6-depth_camera
[4.128s] -- Looking for ignition-sensors6 -- found version 6.8.0
[4.129s] -- Searching for <ignition-sensors6> component [rgbd_camera]
[4.134s] -- Looking for ignition-sensors6-rgbd_camera -- found version 6.8.0
[4.136s] -- Searching for dependencies of ignition-sensors6-rgbd_camera
[4.137s] -- Looking for ignition-sensors6 -- found version 6.8.0
[4.138s] -- Searching for <ignition-sensors6> component [thermal_camera]
[4.144s] -- Looking for ignition-sensors6-thermal_camera -- found version 6.8.0
[4.145s] -- Searching for dependencies of ignition-sensors6-thermal_camera
[4.146s] -- Looking for ignition-sensors6 -- found version 6.8.0
[4.149s] -- Looking for ignition-rendering6 -- found version 6.6.3
[4.150s] -- Looking for ignition-math6 -- found version 6.15.1
[4.156s] -- Looking for ignition-utils1 -- found version 1.5.1
[4.195s] -- Compiling against Ignition Fortress
[4.196s] -- Looking for ignition-plugin1 -- found version 1.4.0
[4.274s] -- Found ament_lint_auto: 0.12.11 (/opt/ros/humble/share/ament_lint_auto/cmake)
[4.456s] -- Added test 'copyright' to check source files copyright and LICENSE
[4.459s] -- Added test 'cppcheck' to perform static code analysis on C / C++ code
[4.460s] -- Configured cppcheck include dirs: /home/zac/franka_ws/src/franka_ros2/franka_gazebo/franka_ign_ros2_control/include
[4.461s] -- Configured cppcheck exclude dirs and/or files: 
[4.464s] -- Added test 'cpplint' to check C / C++ code against the Google style
[4.464s] -- Configured cpplint exclude dirs and/or files: 
[4.466s] -- Added test 'lint_cmake' to check CMake code style
[4.469s] -- Added test 'uncrustify' to check C / C++ code style
[4.470s] -- Configured uncrustify additional arguments: 
[4.471s] -- Added test 'xmllint' to check XML markup files
[4.477s] -- Configuring done
[4.654s] -- Generating done
[4.661s] -- Build files have been written to: /home/zac/franka_ws/build/franka_ign_ros2_control
[4.694s] Invoked command in '/home/zac/franka_ws/build/franka_ign_ros2_control' returned '0': AMENT_PREFIX_PATH=/home/zac/franka_ws/install/franka_hardware:/home/zac/franka_ws/install/franka_msgs:${AMENT_PREFIX_PATH} CMAKE_PREFIX_PATH=/home/zac/franka_ws/install/franka_hardware:/home/zac/franka_ws/install/franka_msgs:/opt/ros/humble LD_LIBRARY_PATH=/home/zac/franka_ws/install/franka_hardware/lib:/home/zac/franka_ws/install/franka_msgs/lib:${LD_LIBRARY_PATH} PYTHONPATH=/home/zac/franka_ws/install/franka_msgs/local/lib/python3.10/dist-packages:${PYTHONPATH} /usr/bin/cmake /home/zac/franka_ws/src/franka_ros2/franka_gazebo/franka_ign_ros2_control -DCMAKE_BUILD_TYPE=Release -DCMAKE_INSTALL_PREFIX=/home/zac/franka_ws/install/franka_ign_ros2_control
[4.697s] Invoking command in '/home/zac/franka_ws/build/franka_ign_ros2_control': AMENT_PREFIX_PATH=/home/zac/franka_ws/install/franka_hardware:/home/zac/franka_ws/install/franka_msgs:${AMENT_PREFIX_PATH} CMAKE_PREFIX_PATH=/home/zac/franka_ws/install/franka_hardware:/home/zac/franka_ws/install/franka_msgs:/opt/ros/humble LD_LIBRARY_PATH=/home/zac/franka_ws/install/franka_hardware/lib:/home/zac/franka_ws/install/franka_msgs/lib:${LD_LIBRARY_PATH} PYTHONPATH=/home/zac/franka_ws/install/franka_msgs/local/lib/python3.10/dist-packages:${PYTHONPATH} /usr/bin/cmake --build /home/zac/franka_ws/build/franka_ign_ros2_control -- -j8 -l8
[4.808s] [ 16%] [32mBuilding CXX object CMakeFiles/franka_ign_ros2_control-system.dir/src/ign_ros2_control_plugin.cpp.o[0m
[4.809s] [ 33%] [32mBuilding CXX object CMakeFiles/franka_ign_ros2_control-system.dir/src/model_kdl.cpp.o[0m
[4.812s] [ 50%] [32mBuilding CXX object CMakeFiles/ign_hardware_plugins.dir/src/ign_system.cpp.o[0m
[4.829s] [ 66%] [32mBuilding CXX object CMakeFiles/ign_hardware_plugins.dir/src/model_kdl.cpp.o[0m
[27.557s] [ 83%] [32m[1mLinking CXX shared library libfranka_ign_ros2_control-system.so[0m
[28.086s] [ 83%] Built target franka_ign_ros2_control-system
[32.660s] [100%] [32m[1mLinking CXX shared library libign_hardware_plugins.so[0m
[33.117s] [100%] Built target ign_hardware_plugins
[33.131s] Invoked command in '/home/zac/franka_ws/build/franka_ign_ros2_control' returned '0': AMENT_PREFIX_PATH=/home/zac/franka_ws/install/franka_hardware:/home/zac/franka_ws/install/franka_msgs:${AMENT_PREFIX_PATH} CMAKE_PREFIX_PATH=/home/zac/franka_ws/install/franka_hardware:/home/zac/franka_ws/install/franka_msgs:/opt/ros/humble LD_LIBRARY_PATH=/home/zac/franka_ws/install/franka_hardware/lib:/home/zac/franka_ws/install/franka_msgs/lib:${LD_LIBRARY_PATH} PYTHONPATH=/home/zac/franka_ws/install/franka_msgs/local/lib/python3.10/dist-packages:${PYTHONPATH} /usr/bin/cmake --build /home/zac/franka_ws/build/franka_ign_ros2_control -- -j8 -l8
[33.171s] Invoking command in '/home/zac/franka_ws/build/franka_ign_ros2_control': AMENT_PREFIX_PATH=/home/zac/franka_ws/install/franka_hardware:/home/zac/franka_ws/install/franka_msgs:${AMENT_PREFIX_PATH} CMAKE_PREFIX_PATH=/home/zac/franka_ws/install/franka_hardware:/home/zac/franka_ws/install/franka_msgs:/opt/ros/humble LD_LIBRARY_PATH=/home/zac/franka_ws/install/franka_hardware/lib:/home/zac/franka_ws/install/franka_msgs/lib:${LD_LIBRARY_PATH} PYTHONPATH=/home/zac/franka_ws/install/franka_msgs/local/lib/python3.10/dist-packages:${PYTHONPATH} /usr/bin/cmake --install /home/zac/franka_ws/build/franka_ign_ros2_control
[33.180s] -- Install configuration: "Release"
[33.180s] -- Installing: /home/zac/franka_ws/install/franka_ign_ros2_control/lib/libign_hardware_plugins.so
[33.182s] -- Set runtime path of "/home/zac/franka_ws/install/franka_ign_ros2_control/lib/libign_hardware_plugins.so" to ""
[33.182s] -- Installing: /home/zac/franka_ws/install/franka_ign_ros2_control/include
[33.183s] -- Installing: /home/zac/franka_ws/install/franka_ign_ros2_control/include/ign_ros2_control
[33.183s] -- Installing: /home/zac/franka_ws/install/franka_ign_ros2_control/include/ign_ros2_control/model_kdl.h
[33.183s] -- Installing: /home/zac/franka_ws/install/franka_ign_ros2_control/include/ign_ros2_control/ign_ros2_control_plugin.hpp
[33.183s] -- Installing: /home/zac/franka_ws/install/franka_ign_ros2_control/include/ign_ros2_control/ign_system_interface.hpp
[33.183s] -- Installing: /home/zac/franka_ws/install/franka_ign_ros2_control/include/ign_ros2_control/ign_system.hpp
[33.184s] -- Installing: /home/zac/franka_ws/install/franka_ign_ros2_control/share/franka_ign_ros2_control/environment/library_path.sh
[33.184s] -- Installing: /home/zac/franka_ws/install/franka_ign_ros2_control/share/franka_ign_ros2_control/environment/library_path.dsv
[33.184s] -- Installing: /home/zac/franka_ws/install/franka_ign_ros2_control/lib/libfranka_ign_ros2_control-system.so
[33.202s] -- Set runtime path of "/home/zac/franka_ws/install/franka_ign_ros2_control/lib/libfranka_ign_ros2_control-system.so" to ""
[33.202s] -- Installing: /home/zac/franka_ws/install/franka_ign_ros2_control/share/franka_ign_ros2_control/ign_hardware_plugins.xml
[33.203s] -- Installing: /home/zac/franka_ws/install/franka_ign_ros2_control/share/ament_index/resource_index/package_run_dependencies/franka_ign_ros2_control
[33.203s] -- Installing: /home/zac/franka_ws/install/franka_ign_ros2_control/share/ament_index/resource_index/parent_prefix_path/franka_ign_ros2_control
[33.203s] -- Installing: /home/zac/franka_ws/install/franka_ign_ros2_control/share/franka_ign_ros2_control/environment/ament_prefix_path.sh
[33.203s] -- Installing: /home/zac/franka_ws/install/franka_ign_ros2_control/share/franka_ign_ros2_control/environment/ament_prefix_path.dsv
[33.204s] -- Installing: /home/zac/franka_ws/install/franka_ign_ros2_control/share/franka_ign_ros2_control/environment/path.sh
[33.204s] -- Installing: /home/zac/franka_ws/install/franka_ign_ros2_control/share/franka_ign_ros2_control/environment/path.dsv
[33.204s] -- Installing: /home/zac/franka_ws/install/franka_ign_ros2_control/share/franka_ign_ros2_control/local_setup.bash
[33.204s] -- Installing: /home/zac/franka_ws/install/franka_ign_ros2_control/share/franka_ign_ros2_control/local_setup.sh
[33.204s] -- Installing: /home/zac/franka_ws/install/franka_ign_ros2_control/share/franka_ign_ros2_control/local_setup.zsh
[33.205s] -- Installing: /home/zac/franka_ws/install/franka_ign_ros2_control/share/franka_ign_ros2_control/local_setup.dsv
[33.205s] -- Installing: /home/zac/franka_ws/install/franka_ign_ros2_control/share/franka_ign_ros2_control/package.dsv
[33.205s] -- Installing: /home/zac/franka_ws/install/franka_ign_ros2_control/share/ament_index/resource_index/packages/franka_ign_ros2_control
[33.205s] -- Installing: /home/zac/franka_ws/install/franka_ign_ros2_control/share/ament_index/resource_index/franka_ign_ros2_control__pluginlib__plugin/franka_ign_ros2_control
[33.206s] -- Installing: /home/zac/franka_ws/install/franka_ign_ros2_control/share/franka_ign_ros2_control/cmake/ament_cmake_export_include_directories-extras.cmake
[33.206s] -- Installing: /home/zac/franka_ws/install/franka_ign_ros2_control/share/franka_ign_ros2_control/cmake/ament_cmake_export_libraries-extras.cmake
[33.206s] -- Installing: /home/zac/franka_ws/install/franka_ign_ros2_control/share/franka_ign_ros2_control/cmake/franka_ign_ros2_controlConfig.cmake
[33.206s] -- Installing: /home/zac/franka_ws/install/franka_ign_ros2_control/share/franka_ign_ros2_control/cmake/franka_ign_ros2_controlConfig-version.cmake
[33.206s] -- Installing: /home/zac/franka_ws/install/franka_ign_ros2_control/share/franka_ign_ros2_control/package.xml
[33.209s] Invoked command in '/home/zac/franka_ws/build/franka_ign_ros2_control' returned '0': AMENT_PREFIX_PATH=/home/zac/franka_ws/install/franka_hardware:/home/zac/franka_ws/install/franka_msgs:${AMENT_PREFIX_PATH} CMAKE_PREFIX_PATH=/home/zac/franka_ws/install/franka_hardware:/home/zac/franka_ws/install/franka_msgs:/opt/ros/humble LD_LIBRARY_PATH=/home/zac/franka_ws/install/franka_hardware/lib:/home/zac/franka_ws/install/franka_msgs/lib:${LD_LIBRARY_PATH} PYTHONPATH=/home/zac/franka_ws/install/franka_msgs/local/lib/python3.10/dist-packages:${PYTHONPATH} /usr/bin/cmake --install /home/zac/franka_ws/build/franka_ign_ros2_control
