[0.463s] Invoking command in '/home/zac/franka_ws/build/franka_description': CMAKE_PREFIX_PATH=${CMAKE_PREFIX_PATH}:/opt/ros/humble /usr/bin/cmake --build /home/zac/franka_ws/build/franka_description -- -j8 -l8
[0.593s] Invoked command in '/home/zac/franka_ws/build/franka_description' returned '0': CMAKE_PREFIX_PATH=${CMAKE_PREFIX_PATH}:/opt/ros/humble /usr/bin/cmake --build /home/zac/franka_ws/build/franka_description -- -j8 -l8
[0.678s] Invoking command in '/home/zac/franka_ws/build/franka_description': CMAKE_PREFIX_PATH=${CMAKE_PREFIX_PATH}:/opt/ros/humble /usr/bin/cmake --install /home/zac/franka_ws/build/franka_description
[0.694s] -- Install configuration: "Release"
[0.694s] -- Execute custom install script
[0.695s] -- Up-to-date symlink: /home/zac/franka_ws/install/franka_description/share/franka_description//launch/visualize_franka.launch.py
[0.696s] -- Up-to-date symlink: /home/zac/franka_ws/install/franka_description/share/franka_description//robots/common/franka_arm.ros2_control.xacro
[0.696s] -- Up-to-date symlink: /home/zac/franka_ws/install/franka_description/share/franka_description//robots/common/franka_arm.xacro
[0.696s] -- Up-to-date symlink: /home/zac/franka_ws/install/franka_description/share/franka_description//robots/common/franka_robot.xacro
[0.696s] -- Up-to-date symlink: /home/zac/franka_ws/install/franka_description/share/franka_description//robots/common/utils.xacro
[0.697s] -- Up-to-date symlink: /home/zac/franka_ws/install/franka_description/share/franka_description//robots/fer/dynamics.yaml
[0.697s] -- Up-to-date symlink: /home/zac/franka_ws/install/franka_description/share/franka_description//robots/fer/fer.urdf.xacro
[0.697s] -- Up-to-date symlink: /home/zac/franka_ws/install/franka_description/share/franka_description//robots/fer/inertials.yaml
[0.697s] -- Up-to-date symlink: /home/zac/franka_ws/install/franka_description/share/franka_description//robots/fer/joint_limits.yaml
[0.698s] -- Up-to-date symlink: /home/zac/franka_ws/install/franka_description/share/franka_description//robots/fer/kinematics.yaml
[0.698s] -- Up-to-date symlink: /home/zac/franka_ws/install/franka_description/share/franka_description//robots/fp3/dynamics.yaml
[0.698s] -- Up-to-date symlink: /home/zac/franka_ws/install/franka_description/share/franka_description//robots/fp3/fp3.urdf.xacro
[0.699s] -- Up-to-date symlink: /home/zac/franka_ws/install/franka_description/share/franka_description//robots/fp3/inertials.yaml
[0.699s] -- Up-to-date symlink: /home/zac/franka_ws/install/franka_description/share/franka_description//robots/fp3/joint_limits.yaml
[0.699s] -- Up-to-date symlink: /home/zac/franka_ws/install/franka_description/share/franka_description//robots/fp3/kinematics.yaml
[0.700s] -- Up-to-date symlink: /home/zac/franka_ws/install/franka_description/share/franka_description//robots/fr3/dynamics.yaml
[0.700s] -- Up-to-date symlink: /home/zac/franka_ws/install/franka_description/share/franka_description//robots/fr3/fr3.urdf.xacro
[0.700s] -- Up-to-date symlink: /home/zac/franka_ws/install/franka_description/share/franka_description//robots/fr3/inertials.yaml
[0.701s] -- Up-to-date symlink: /home/zac/franka_ws/install/franka_description/share/franka_description//robots/fr3/joint_limits.yaml
[0.701s] -- Up-to-date symlink: /home/zac/franka_ws/install/franka_description/share/franka_description//robots/fr3/kinematics.yaml
[0.702s] -- Up-to-date symlink: /home/zac/franka_ws/install/franka_description/share/franka_description//end_effectors/cobot_pump/cobot_pump.urdf.xacro
[0.703s] -- Up-to-date symlink: /home/zac/franka_ws/install/franka_description/share/franka_description//end_effectors/cobot_pump/cobot_pump_arguments.xacro
[0.704s] -- Up-to-date symlink: /home/zac/franka_ws/install/franka_description/share/franka_description//end_effectors/cobot_pump/inertials.yaml
[0.705s] -- Up-to-date symlink: /home/zac/franka_ws/install/franka_description/share/franka_description//end_effectors/common/ee_with_one_link.xacro
[0.705s] -- Up-to-date symlink: /home/zac/franka_ws/install/franka_description/share/franka_description//end_effectors/common/franka_hand.xacro
[0.706s] -- Up-to-date symlink: /home/zac/franka_ws/install/franka_description/share/franka_description//end_effectors/common/utils.xacro
[0.707s] -- Up-to-date symlink: /home/zac/franka_ws/install/franka_description/share/franka_description//end_effectors/franka_hand/franka_hand.urdf.xacro
[0.707s] -- Up-to-date symlink: /home/zac/franka_ws/install/franka_description/share/franka_description//end_effectors/franka_hand/franka_hand_arguments.xacro
[0.708s] -- Up-to-date symlink: /home/zac/franka_ws/install/franka_description/share/franka_description//end_effectors/franka_hand/inertials.yaml
[0.713s] -- Up-to-date symlink: /home/zac/franka_ws/install/franka_description/share/franka_description//meshes/robot_arms/fer/collision/hand.stl
[0.713s] -- Up-to-date symlink: /home/zac/franka_ws/install/franka_description/share/franka_description//meshes/robot_arms/fer/collision/link0.stl
[0.713s] -- Up-to-date symlink: /home/zac/franka_ws/install/franka_description/share/franka_description//meshes/robot_arms/fer/collision/link1.stl
[0.714s] -- Up-to-date symlink: /home/zac/franka_ws/install/franka_description/share/franka_description//meshes/robot_arms/fer/collision/link2.stl
[0.715s] -- Up-to-date symlink: /home/zac/franka_ws/install/franka_description/share/franka_description//meshes/robot_arms/fer/collision/link3.stl
[0.715s] -- Up-to-date symlink: /home/zac/franka_ws/install/franka_description/share/franka_description//meshes/robot_arms/fer/collision/link4.stl
[0.715s] -- Up-to-date symlink: /home/zac/franka_ws/install/franka_description/share/franka_description//meshes/robot_arms/fer/collision/link5.stl
[0.716s] -- Up-to-date symlink: /home/zac/franka_ws/install/franka_description/share/franka_description//meshes/robot_arms/fer/collision/link6.stl
[0.716s] -- Up-to-date symlink: /home/zac/franka_ws/install/franka_description/share/franka_description//meshes/robot_arms/fer/collision/link7.stl
[0.717s] -- Up-to-date symlink: /home/zac/franka_ws/install/franka_description/share/franka_description//meshes/robot_arms/fer/visual/finger.dae
[0.717s] -- Up-to-date symlink: /home/zac/franka_ws/install/franka_description/share/franka_description//meshes/robot_arms/fer/visual/hand.dae
[0.717s] -- Up-to-date symlink: /home/zac/franka_ws/install/franka_description/share/franka_description//meshes/robot_arms/fer/visual/link0.dae
[0.718s] -- Up-to-date symlink: /home/zac/franka_ws/install/franka_description/share/franka_description//meshes/robot_arms/fer/visual/link1.dae
[0.718s] -- Up-to-date symlink: /home/zac/franka_ws/install/franka_description/share/franka_description//meshes/robot_arms/fer/visual/link2.dae
[0.719s] -- Up-to-date symlink: /home/zac/franka_ws/install/franka_description/share/franka_description//meshes/robot_arms/fer/visual/link3.dae
[0.719s] -- Up-to-date symlink: /home/zac/franka_ws/install/franka_description/share/franka_description//meshes/robot_arms/fer/visual/link4.dae
[0.720s] -- Up-to-date symlink: /home/zac/franka_ws/install/franka_description/share/franka_description//meshes/robot_arms/fer/visual/link5.dae
[0.720s] -- Up-to-date symlink: /home/zac/franka_ws/install/franka_description/share/franka_description//meshes/robot_arms/fer/visual/link6.dae
[0.721s] -- Up-to-date symlink: /home/zac/franka_ws/install/franka_description/share/franka_description//meshes/robot_arms/fer/visual/link7.dae
[0.721s] -- Up-to-date symlink: /home/zac/franka_ws/install/franka_description/share/franka_description//meshes/robot_arms/fp3/collision/link0.stl
[0.721s] -- Up-to-date symlink: /home/zac/franka_ws/install/franka_description/share/franka_description//meshes/robot_arms/fp3/collision/link1.stl
[0.722s] -- Up-to-date symlink: /home/zac/franka_ws/install/franka_description/share/franka_description//meshes/robot_arms/fp3/collision/link2.stl
[0.722s] -- Up-to-date symlink: /home/zac/franka_ws/install/franka_description/share/franka_description//meshes/robot_arms/fp3/collision/link3.stl
[0.722s] -- Up-to-date symlink: /home/zac/franka_ws/install/franka_description/share/franka_description//meshes/robot_arms/fp3/collision/link4.stl
[0.722s] -- Up-to-date symlink: /home/zac/franka_ws/install/franka_description/share/franka_description//meshes/robot_arms/fp3/collision/link5.stl
[0.722s] -- Up-to-date symlink: /home/zac/franka_ws/install/franka_description/share/franka_description//meshes/robot_arms/fp3/collision/link6.stl
[0.722s] -- Up-to-date symlink: /home/zac/franka_ws/install/franka_description/share/franka_description//meshes/robot_arms/fp3/collision/link7.stl
[0.722s] -- Up-to-date symlink: /home/zac/franka_ws/install/franka_description/share/franka_description//meshes/robot_arms/fp3/visual/link0.dae
[0.722s] -- Up-to-date symlink: /home/zac/franka_ws/install/franka_description/share/franka_description//meshes/robot_arms/fp3/visual/link1.dae
[0.723s] -- Up-to-date symlink: /home/zac/franka_ws/install/franka_description/share/franka_description//meshes/robot_arms/fp3/visual/link2.dae
[0.723s] -- Up-to-date symlink: /home/zac/franka_ws/install/franka_description/share/franka_description//meshes/robot_arms/fp3/visual/link3.dae
[0.723s] -- Up-to-date symlink: /home/zac/franka_ws/install/franka_description/share/franka_description//meshes/robot_arms/fp3/visual/link4.dae
[0.723s] -- Up-to-date symlink: /home/zac/franka_ws/install/franka_description/share/franka_description//meshes/robot_arms/fp3/visual/link5.dae
[0.723s] -- Up-to-date symlink: /home/zac/franka_ws/install/franka_description/share/franka_description//meshes/robot_arms/fp3/visual/link6.dae
[0.723s] -- Up-to-date symlink: /home/zac/franka_ws/install/franka_description/share/franka_description//meshes/robot_arms/fp3/visual/link7.dae
[0.724s] -- Up-to-date symlink: /home/zac/franka_ws/install/franka_description/share/franka_description//meshes/robot_arms/fr3/collision/link0.stl
[0.724s] -- Up-to-date symlink: /home/zac/franka_ws/install/franka_description/share/franka_description//meshes/robot_arms/fr3/collision/link1.stl
[0.724s] -- Up-to-date symlink: /home/zac/franka_ws/install/franka_description/share/franka_description//meshes/robot_arms/fr3/collision/link2.stl
[0.725s] -- Up-to-date symlink: /home/zac/franka_ws/install/franka_description/share/franka_description//meshes/robot_arms/fr3/collision/link3.stl
[0.725s] -- Up-to-date symlink: /home/zac/franka_ws/install/franka_description/share/franka_description//meshes/robot_arms/fr3/collision/link4.stl
[0.725s] -- Up-to-date symlink: /home/zac/franka_ws/install/franka_description/share/franka_description//meshes/robot_arms/fr3/collision/link5.stl
[0.725s] -- Up-to-date symlink: /home/zac/franka_ws/install/franka_description/share/franka_description//meshes/robot_arms/fr3/collision/link6.stl
[0.726s] -- Up-to-date symlink: /home/zac/franka_ws/install/franka_description/share/franka_description//meshes/robot_arms/fr3/collision/link7.stl
[0.726s] -- Up-to-date symlink: /home/zac/franka_ws/install/franka_description/share/franka_description//meshes/robot_arms/fr3/visual/link0.dae
[0.726s] -- Up-to-date symlink: /home/zac/franka_ws/install/franka_description/share/franka_description//meshes/robot_arms/fr3/visual/link1.dae
[0.727s] -- Up-to-date symlink: /home/zac/franka_ws/install/franka_description/share/franka_description//meshes/robot_arms/fr3/visual/link2.dae
[0.727s] -- Up-to-date symlink: /home/zac/franka_ws/install/franka_description/share/franka_description//meshes/robot_arms/fr3/visual/link3.dae
[0.729s] -- Up-to-date symlink: /home/zac/franka_ws/install/franka_description/share/franka_description//meshes/robot_arms/fr3/visual/link4.dae
[0.729s] -- Up-to-date symlink: /home/zac/franka_ws/install/franka_description/share/franka_description//meshes/robot_arms/fr3/visual/link5.dae
[0.731s] -- Up-to-date symlink: /home/zac/franka_ws/install/franka_description/share/franka_description//meshes/robot_arms/fr3/visual/link6.dae
[0.731s] -- Up-to-date symlink: /home/zac/franka_ws/install/franka_description/share/franka_description//meshes/robot_arms/fr3/visual/link7.dae
[0.732s] -- Up-to-date symlink: /home/zac/franka_ws/install/franka_description/share/franka_description//meshes/robot_ee/cobot_pump/collision/cobot_pump.stl
[0.732s] -- Up-to-date symlink: /home/zac/franka_ws/install/franka_description/share/franka_description//meshes/robot_ee/cobot_pump/visual/cobot_pump.dae
[0.732s] -- Up-to-date symlink: /home/zac/franka_ws/install/franka_description/share/franka_description//meshes/robot_ee/franka_hand_black/collision/hand.stl
[0.733s] -- Up-to-date symlink: /home/zac/franka_ws/install/franka_description/share/franka_description//meshes/robot_ee/franka_hand_black/visual/finger.dae
[0.733s] -- Up-to-date symlink: /home/zac/franka_ws/install/franka_description/share/franka_description//meshes/robot_ee/franka_hand_black/visual/hand.dae
[0.733s] -- Up-to-date symlink: /home/zac/franka_ws/install/franka_description/share/franka_description//meshes/robot_ee/franka_hand_white/collision/hand.stl
[0.733s] -- Up-to-date symlink: /home/zac/franka_ws/install/franka_description/share/franka_description//meshes/robot_ee/franka_hand_white/visual/finger.dae
[0.734s] -- Up-to-date symlink: /home/zac/franka_ws/install/franka_description/share/franka_description//meshes/robot_ee/franka_hand_white/visual/hand.dae
[0.734s] -- Up-to-date symlink: /home/zac/franka_ws/install/franka_description/share/franka_description//rviz/visualize_franka.rviz
[0.735s] -- Up-to-date symlink: /home/zac/franka_ws/install/franka_description/share/ament_index/resource_index/package_run_dependencies/franka_description
[0.735s] -- Up-to-date symlink: /home/zac/franka_ws/install/franka_description/share/ament_index/resource_index/parent_prefix_path/franka_description
[0.735s] -- Up-to-date symlink: /home/zac/franka_ws/install/franka_description/share/franka_description/environment/ament_prefix_path.sh
[0.736s] -- Up-to-date symlink: /home/zac/franka_ws/install/franka_description/share/franka_description/environment/ament_prefix_path.dsv
[0.736s] -- Up-to-date symlink: /home/zac/franka_ws/install/franka_description/share/franka_description/environment/path.sh
[0.737s] -- Up-to-date symlink: /home/zac/franka_ws/install/franka_description/share/franka_description/environment/path.dsv
[0.737s] -- Up-to-date symlink: /home/zac/franka_ws/install/franka_description/share/franka_description/local_setup.bash
[0.738s] -- Up-to-date symlink: /home/zac/franka_ws/install/franka_description/share/franka_description/local_setup.sh
[0.739s] -- Up-to-date symlink: /home/zac/franka_ws/install/franka_description/share/franka_description/local_setup.zsh
[0.739s] -- Up-to-date symlink: /home/zac/franka_ws/install/franka_description/share/franka_description/local_setup.dsv
[0.739s] -- Symlinking: /home/zac/franka_ws/install/franka_description/share/franka_description/package.dsv
[0.761s] -- Up-to-date symlink: /home/zac/franka_ws/install/franka_description/share/ament_index/resource_index/packages/franka_description
[0.761s] -- Up-to-date symlink: /home/zac/franka_ws/install/franka_description/share/franka_description/cmake/franka_descriptionConfig.cmake
[0.762s] -- Up-to-date symlink: /home/zac/franka_ws/install/franka_description/share/franka_description/cmake/franka_descriptionConfig-version.cmake
[0.762s] -- Up-to-date symlink: /home/zac/franka_ws/install/franka_description/share/franka_description/package.xml
[0.786s] Invoked command in '/home/zac/franka_ws/build/franka_description' returned '0': CMAKE_PREFIX_PATH=${CMAKE_PREFIX_PATH}:/opt/ros/humble /usr/bin/cmake --install /home/zac/franka_ws/build/franka_description
