[1.729s] Invoking command in '/home/zac/franka_ws/build/moveit_configs_utils': PYTHONPATH=/home/zac/franka_ws/build/moveit_configs_utils/prefix_override:/usr/lib/python3/dist-packages/colcon_core/task/python/colcon_distutils_commands:/home/zac/franka_ws/install/moveit_configs_utils/lib/python3.10/site-packages:${PYTHONPATH} /usr/bin/python3 -W ignore:setup.py install is deprecated setup.py develop --editable --build-directory /home/zac/franka_ws/build/moveit_configs_utils/build --no-deps symlink_data
[2.491s] running develop
[2.492s] /usr/lib/python3/dist-packages/setuptools/command/easy_install.py:158: EasyInstallDeprecationWarning: easy_install command is deprecated. Use build and pip and other standards-based tools.
[2.492s]   warnings.warn(
[3.185s] running egg_info
[3.186s] creating moveit_configs_utils.egg-info
[3.187s] writing moveit_configs_utils.egg-info/PKG-INFO
[3.188s] writing dependency_links to moveit_configs_utils.egg-info/dependency_links.txt
[3.189s] writing entry points to moveit_configs_utils.egg-info/entry_points.txt
[3.190s] writing requirements to moveit_configs_utils.egg-info/requires.txt
[3.190s] writing top-level names to moveit_configs_utils.egg-info/top_level.txt
[3.191s] writing manifest file 'moveit_configs_utils.egg-info/SOURCES.txt'
[3.195s] reading manifest file 'moveit_configs_utils.egg-info/SOURCES.txt'
[3.199s] writing manifest file 'moveit_configs_utils.egg-info/SOURCES.txt'
[3.200s] running build_ext
[3.201s] Creating /home/zac/franka_ws/install/moveit_configs_utils/lib/python3.10/site-packages/moveit-configs-utils.egg-link (link to .)
[3.202s] 
[3.202s] Installed /home/zac/franka_ws/build/moveit_configs_utils
[3.202s] running symlink_data
[3.205s] creating /home/zac/franka_ws/install/moveit_configs_utils/share/ament_index
[3.207s] creating /home/zac/franka_ws/install/moveit_configs_utils/share/ament_index/resource_index
[3.207s] creating /home/zac/franka_ws/install/moveit_configs_utils/share/ament_index/resource_index/packages
[3.207s] symbolically linking /home/zac/franka_ws/build/moveit_configs_utils/resource/moveit_configs_utils -> /home/zac/franka_ws/install/moveit_configs_utils/share/ament_index/resource_index/packages
[3.207s] symbolically linking /home/zac/franka_ws/build/moveit_configs_utils/package.xml -> /home/zac/franka_ws/install/moveit_configs_utils/share/moveit_configs_utils
[3.207s] creating /home/zac/franka_ws/install/moveit_configs_utils/share/moveit_configs_utils/default_configs
[3.208s] symbolically linking /home/zac/franka_ws/build/moveit_configs_utils/default_configs/pilz_industrial_motion_planner_planning.yaml -> /home/zac/franka_ws/install/moveit_configs_utils/share/moveit_configs_utils/default_configs
[3.208s] symbolically linking /home/zac/franka_ws/build/moveit_configs_utils/default_configs/ompl_planning.yaml -> /home/zac/franka_ws/install/moveit_configs_utils/share/moveit_configs_utils/default_configs
[3.208s] symbolically linking /home/zac/franka_ws/build/moveit_configs_utils/default_configs/chomp_planning.yaml -> /home/zac/franka_ws/install/moveit_configs_utils/share/moveit_configs_utils/default_configs
[3.208s] symbolically linking /home/zac/franka_ws/build/moveit_configs_utils/default_configs/ompl_defaults.yaml -> /home/zac/franka_ws/install/moveit_configs_utils/share/moveit_configs_utils/default_configs
[3.266s] Invoked command in '/home/zac/franka_ws/build/moveit_configs_utils' returned '0': PYTHONPATH=/home/zac/franka_ws/build/moveit_configs_utils/prefix_override:/usr/lib/python3/dist-packages/colcon_core/task/python/colcon_distutils_commands:/home/zac/franka_ws/install/moveit_configs_utils/lib/python3.10/site-packages:${PYTHONPATH} /usr/bin/python3 -W ignore:setup.py install is deprecated setup.py develop --editable --build-directory /home/zac/franka_ws/build/moveit_configs_utils/build --no-deps symlink_data
