[0.033s] Invoking command in '/home/zac/franka_ws/build/franka_description': CMAKE_PREFIX_PATH=/opt/ros/humble /usr/bin/cmake --build /home/zac/franka_ws/build/franka_description -- -j8 -l8
[0.089s] Invoked command in '/home/zac/franka_ws/build/franka_description' returned '0': CMAKE_PREFIX_PATH=/opt/ros/humble /usr/bin/cmake --build /home/zac/franka_ws/build/franka_description -- -j8 -l8
[0.165s] Invoking command in '/home/zac/franka_ws/build/franka_description': CMAKE_PREFIX_PATH=/opt/ros/humble /usr/bin/cmake --install /home/zac/franka_ws/build/franka_description
[0.180s] -- Install configuration: "Release"
[0.182s] -- Execute custom install script
[0.183s] -- Up-to-date symlink: /home/zac/franka_ws/install/franka_description/share/franka_description//launch/visualize_franka.launch.py
[0.184s] -- Up-to-date symlink: /home/zac/franka_ws/install/franka_description/share/franka_description//robots/common/franka_arm.ros2_control.xacro
[0.185s] -- Up-to-date symlink: /home/zac/franka_ws/install/franka_description/share/franka_description//robots/common/franka_arm.xacro
[0.185s] -- Up-to-date symlink: /home/zac/franka_ws/install/franka_description/share/franka_description//robots/common/franka_robot.xacro
[0.188s] -- Up-to-date symlink: /home/zac/franka_ws/install/franka_description/share/franka_description//robots/common/utils.xacro
[0.188s] -- Up-to-date symlink: /home/zac/franka_ws/install/franka_description/share/franka_description//robots/fer/dynamics.yaml
[0.189s] -- Up-to-date symlink: /home/zac/franka_ws/install/franka_description/share/franka_description//robots/fer/fer.urdf.xacro
[0.190s] -- Up-to-date symlink: /home/zac/franka_ws/install/franka_description/share/franka_description//robots/fer/inertials.yaml
[0.191s] -- Up-to-date symlink: /home/zac/franka_ws/install/franka_description/share/franka_description//robots/fer/joint_limits.yaml
[0.192s] -- Up-to-date symlink: /home/zac/franka_ws/install/franka_description/share/franka_description//robots/fer/kinematics.yaml
[0.196s] -- Up-to-date symlink: /home/zac/franka_ws/install/franka_description/share/franka_description//robots/fp3/dynamics.yaml
[0.197s] -- Up-to-date symlink: /home/zac/franka_ws/install/franka_description/share/franka_description//robots/fp3/fp3.urdf.xacro
[0.197s] -- Up-to-date symlink: /home/zac/franka_ws/install/franka_description/share/franka_description//robots/fp3/inertials.yaml
[0.198s] -- Up-to-date symlink: /home/zac/franka_ws/install/franka_description/share/franka_description//robots/fp3/joint_limits.yaml
[0.204s] -- Up-to-date symlink: /home/zac/franka_ws/install/franka_description/share/franka_description//robots/fp3/kinematics.yaml
[0.206s] -- Up-to-date symlink: /home/zac/franka_ws/install/franka_description/share/franka_description//robots/fr3/dynamics.yaml
[0.207s] -- Up-to-date symlink: /home/zac/franka_ws/install/franka_description/share/franka_description//robots/fr3/fr3.urdf.xacro
[0.207s] -- Up-to-date symlink: /home/zac/franka_ws/install/franka_description/share/franka_description//robots/fr3/inertials.yaml
[0.210s] -- Up-to-date symlink: /home/zac/franka_ws/install/franka_description/share/franka_description//robots/fr3/joint_limits.yaml
[0.211s] -- Up-to-date symlink: /home/zac/franka_ws/install/franka_description/share/franka_description//robots/fr3/kinematics.yaml
[0.218s] -- Up-to-date symlink: /home/zac/franka_ws/install/franka_description/share/franka_description//end_effectors/cobot_pump/cobot_pump.urdf.xacro
[0.220s] -- Up-to-date symlink: /home/zac/franka_ws/install/franka_description/share/franka_description//end_effectors/cobot_pump/cobot_pump_arguments.xacro
[0.220s] -- Up-to-date symlink: /home/zac/franka_ws/install/franka_description/share/franka_description//end_effectors/cobot_pump/inertials.yaml
[0.220s] -- Up-to-date symlink: /home/zac/franka_ws/install/franka_description/share/franka_description//end_effectors/common/ee_with_one_link.xacro
[0.220s] -- Up-to-date symlink: /home/zac/franka_ws/install/franka_description/share/franka_description//end_effectors/common/franka_hand.xacro
[0.221s] -- Up-to-date symlink: /home/zac/franka_ws/install/franka_description/share/franka_description//end_effectors/common/utils.xacro
[0.221s] -- Up-to-date symlink: /home/zac/franka_ws/install/franka_description/share/franka_description//end_effectors/franka_hand/franka_hand.urdf.xacro
[0.222s] -- Up-to-date symlink: /home/zac/franka_ws/install/franka_description/share/franka_description//end_effectors/franka_hand/franka_hand_arguments.xacro
[0.222s] -- Up-to-date symlink: /home/zac/franka_ws/install/franka_description/share/franka_description//end_effectors/franka_hand/inertials.yaml
[0.247s] -- Up-to-date symlink: /home/zac/franka_ws/install/franka_description/share/franka_description//meshes/robot_arms/fer/collision/hand.stl
[0.247s] -- Up-to-date symlink: /home/zac/franka_ws/install/franka_description/share/franka_description//meshes/robot_arms/fer/collision/link0.stl
[0.248s] -- Up-to-date symlink: /home/zac/franka_ws/install/franka_description/share/franka_description//meshes/robot_arms/fer/collision/link1.stl
[0.248s] -- Up-to-date symlink: /home/zac/franka_ws/install/franka_description/share/franka_description//meshes/robot_arms/fer/collision/link2.stl
[0.248s] -- Up-to-date symlink: /home/zac/franka_ws/install/franka_description/share/franka_description//meshes/robot_arms/fer/collision/link3.stl
[0.248s] -- Up-to-date symlink: /home/zac/franka_ws/install/franka_description/share/franka_description//meshes/robot_arms/fer/collision/link4.stl
[0.249s] -- Up-to-date symlink: /home/zac/franka_ws/install/franka_description/share/franka_description//meshes/robot_arms/fer/collision/link5.stl
[0.249s] -- Up-to-date symlink: /home/zac/franka_ws/install/franka_description/share/franka_description//meshes/robot_arms/fer/collision/link6.stl
[0.249s] -- Up-to-date symlink: /home/zac/franka_ws/install/franka_description/share/franka_description//meshes/robot_arms/fer/collision/link7.stl
[0.250s] -- Up-to-date symlink: /home/zac/franka_ws/install/franka_description/share/franka_description//meshes/robot_arms/fer/visual/finger.dae
[0.250s] -- Up-to-date symlink: /home/zac/franka_ws/install/franka_description/share/franka_description//meshes/robot_arms/fer/visual/hand.dae
[0.250s] -- Up-to-date symlink: /home/zac/franka_ws/install/franka_description/share/franka_description//meshes/robot_arms/fer/visual/link0.dae
[0.250s] -- Up-to-date symlink: /home/zac/franka_ws/install/franka_description/share/franka_description//meshes/robot_arms/fer/visual/link1.dae
[0.253s] -- Up-to-date symlink: /home/zac/franka_ws/install/franka_description/share/franka_description//meshes/robot_arms/fer/visual/link2.dae
[0.253s] -- Up-to-date symlink: /home/zac/franka_ws/install/franka_description/share/franka_description//meshes/robot_arms/fer/visual/link3.dae
[0.253s] -- Up-to-date symlink: /home/zac/franka_ws/install/franka_description/share/franka_description//meshes/robot_arms/fer/visual/link4.dae
[0.253s] -- Up-to-date symlink: /home/zac/franka_ws/install/franka_description/share/franka_description//meshes/robot_arms/fer/visual/link5.dae
[0.254s] -- Up-to-date symlink: /home/zac/franka_ws/install/franka_description/share/franka_description//meshes/robot_arms/fer/visual/link6.dae
[0.254s] -- Up-to-date symlink: /home/zac/franka_ws/install/franka_description/share/franka_description//meshes/robot_arms/fer/visual/link7.dae
[0.254s] -- Up-to-date symlink: /home/zac/franka_ws/install/franka_description/share/franka_description//meshes/robot_arms/fp3/collision/link0.stl
[0.255s] -- Up-to-date symlink: /home/zac/franka_ws/install/franka_description/share/franka_description//meshes/robot_arms/fp3/collision/link1.stl
[0.255s] -- Up-to-date symlink: /home/zac/franka_ws/install/franka_description/share/franka_description//meshes/robot_arms/fp3/collision/link2.stl
[0.256s] -- Up-to-date symlink: /home/zac/franka_ws/install/franka_description/share/franka_description//meshes/robot_arms/fp3/collision/link3.stl
[0.257s] -- Up-to-date symlink: /home/zac/franka_ws/install/franka_description/share/franka_description//meshes/robot_arms/fp3/collision/link4.stl
[0.257s] -- Up-to-date symlink: /home/zac/franka_ws/install/franka_description/share/franka_description//meshes/robot_arms/fp3/collision/link5.stl
[0.257s] -- Up-to-date symlink: /home/zac/franka_ws/install/franka_description/share/franka_description//meshes/robot_arms/fp3/collision/link6.stl
[0.258s] -- Up-to-date symlink: /home/zac/franka_ws/install/franka_description/share/franka_description//meshes/robot_arms/fp3/collision/link7.stl
[0.258s] -- Up-to-date symlink: /home/zac/franka_ws/install/franka_description/share/franka_description//meshes/robot_arms/fp3/visual/link0.dae
[0.258s] -- Up-to-date symlink: /home/zac/franka_ws/install/franka_description/share/franka_description//meshes/robot_arms/fp3/visual/link1.dae
[0.259s] -- Up-to-date symlink: /home/zac/franka_ws/install/franka_description/share/franka_description//meshes/robot_arms/fp3/visual/link2.dae
[0.259s] -- Up-to-date symlink: /home/zac/franka_ws/install/franka_description/share/franka_description//meshes/robot_arms/fp3/visual/link3.dae
[0.259s] -- Up-to-date symlink: /home/zac/franka_ws/install/franka_description/share/franka_description//meshes/robot_arms/fp3/visual/link4.dae
[0.260s] -- Up-to-date symlink: /home/zac/franka_ws/install/franka_description/share/franka_description//meshes/robot_arms/fp3/visual/link5.dae
[0.261s] -- Up-to-date symlink: /home/zac/franka_ws/install/franka_description/share/franka_description//meshes/robot_arms/fp3/visual/link6.dae
[0.261s] -- Up-to-date symlink: /home/zac/franka_ws/install/franka_description/share/franka_description//meshes/robot_arms/fp3/visual/link7.dae
[0.262s] -- Up-to-date symlink: /home/zac/franka_ws/install/franka_description/share/franka_description//meshes/robot_arms/fr3/collision/link0.stl
[0.263s] -- Up-to-date symlink: /home/zac/franka_ws/install/franka_description/share/franka_description//meshes/robot_arms/fr3/collision/link1.stl
[0.263s] -- Up-to-date symlink: /home/zac/franka_ws/install/franka_description/share/franka_description//meshes/robot_arms/fr3/collision/link2.stl
[0.263s] -- Up-to-date symlink: /home/zac/franka_ws/install/franka_description/share/franka_description//meshes/robot_arms/fr3/collision/link3.stl
[0.264s] -- Up-to-date symlink: /home/zac/franka_ws/install/franka_description/share/franka_description//meshes/robot_arms/fr3/collision/link4.stl
[0.264s] -- Up-to-date symlink: /home/zac/franka_ws/install/franka_description/share/franka_description//meshes/robot_arms/fr3/collision/link5.stl
[0.264s] -- Up-to-date symlink: /home/zac/franka_ws/install/franka_description/share/franka_description//meshes/robot_arms/fr3/collision/link6.stl
[0.277s] -- Up-to-date symlink: /home/zac/franka_ws/install/franka_description/share/franka_description//meshes/robot_arms/fr3/collision/link7.stl
[0.278s] -- Up-to-date symlink: /home/zac/franka_ws/install/franka_description/share/franka_description//meshes/robot_arms/fr3/visual/link0.dae
[0.279s] -- Up-to-date symlink: /home/zac/franka_ws/install/franka_description/share/franka_description//meshes/robot_arms/fr3/visual/link1.dae
[0.279s] -- Up-to-date symlink: /home/zac/franka_ws/install/franka_description/share/franka_description//meshes/robot_arms/fr3/visual/link2.dae
[0.280s] -- Up-to-date symlink: /home/zac/franka_ws/install/franka_description/share/franka_description//meshes/robot_arms/fr3/visual/link3.dae
[0.281s] -- Up-to-date symlink: /home/zac/franka_ws/install/franka_description/share/franka_description//meshes/robot_arms/fr3/visual/link4.dae
[0.282s] -- Up-to-date symlink: /home/zac/franka_ws/install/franka_description/share/franka_description//meshes/robot_arms/fr3/visual/link5.dae
[0.282s] -- Up-to-date symlink: /home/zac/franka_ws/install/franka_description/share/franka_description//meshes/robot_arms/fr3/visual/link6.dae
[0.282s] -- Up-to-date symlink: /home/zac/franka_ws/install/franka_description/share/franka_description//meshes/robot_arms/fr3/visual/link7.dae
[0.282s] -- Up-to-date symlink: /home/zac/franka_ws/install/franka_description/share/franka_description//meshes/robot_ee/cobot_pump/collision/cobot_pump.stl
[0.282s] -- Up-to-date symlink: /home/zac/franka_ws/install/franka_description/share/franka_description//meshes/robot_ee/cobot_pump/visual/cobot_pump.dae
[0.283s] -- Up-to-date symlink: /home/zac/franka_ws/install/franka_description/share/franka_description//meshes/robot_ee/franka_hand_black/collision/hand.stl
[0.283s] -- Up-to-date symlink: /home/zac/franka_ws/install/franka_description/share/franka_description//meshes/robot_ee/franka_hand_black/visual/finger.dae
[0.283s] -- Up-to-date symlink: /home/zac/franka_ws/install/franka_description/share/franka_description//meshes/robot_ee/franka_hand_black/visual/hand.dae
[0.283s] -- Up-to-date symlink: /home/zac/franka_ws/install/franka_description/share/franka_description//meshes/robot_ee/franka_hand_white/collision/hand.stl
[0.284s] -- Up-to-date symlink: /home/zac/franka_ws/install/franka_description/share/franka_description//meshes/robot_ee/franka_hand_white/visual/finger.dae
[0.284s] -- Up-to-date symlink: /home/zac/franka_ws/install/franka_description/share/franka_description//meshes/robot_ee/franka_hand_white/visual/hand.dae
[0.284s] -- Up-to-date symlink: /home/zac/franka_ws/install/franka_description/share/franka_description//rviz/visualize_franka.rviz
[0.284s] -- Up-to-date symlink: /home/zac/franka_ws/install/franka_description/share/ament_index/resource_index/package_run_dependencies/franka_description
[0.284s] -- Up-to-date symlink: /home/zac/franka_ws/install/franka_description/share/ament_index/resource_index/parent_prefix_path/franka_description
[0.284s] -- Up-to-date symlink: /home/zac/franka_ws/install/franka_description/share/franka_description/environment/ament_prefix_path.sh
[0.285s] -- Up-to-date symlink: /home/zac/franka_ws/install/franka_description/share/franka_description/environment/ament_prefix_path.dsv
[0.285s] -- Up-to-date symlink: /home/zac/franka_ws/install/franka_description/share/franka_description/environment/path.sh
[0.285s] -- Up-to-date symlink: /home/zac/franka_ws/install/franka_description/share/franka_description/environment/path.dsv
[0.285s] -- Up-to-date symlink: /home/zac/franka_ws/install/franka_description/share/franka_description/local_setup.bash
[0.285s] -- Up-to-date symlink: /home/zac/franka_ws/install/franka_description/share/franka_description/local_setup.sh
[0.286s] -- Up-to-date symlink: /home/zac/franka_ws/install/franka_description/share/franka_description/local_setup.zsh
[0.286s] -- Up-to-date symlink: /home/zac/franka_ws/install/franka_description/share/franka_description/local_setup.dsv
[0.286s] -- Symlinking: /home/zac/franka_ws/install/franka_description/share/franka_description/package.dsv
[0.304s] -- Up-to-date symlink: /home/zac/franka_ws/install/franka_description/share/ament_index/resource_index/packages/franka_description
[0.305s] -- Up-to-date symlink: /home/zac/franka_ws/install/franka_description/share/franka_description/cmake/franka_descriptionConfig.cmake
[0.306s] -- Up-to-date symlink: /home/zac/franka_ws/install/franka_description/share/franka_description/cmake/franka_descriptionConfig-version.cmake
[0.307s] -- Up-to-date symlink: /home/zac/franka_ws/install/franka_description/share/franka_description/package.xml
[0.312s] Invoked command in '/home/zac/franka_ws/build/franka_description' returned '0': CMAKE_PREFIX_PATH=/opt/ros/humble /usr/bin/cmake --install /home/zac/franka_ws/build/franka_description
