[0.058s] Invoking command in '/home/zac/franka_ws/build/moveit_planners_ompl': AMENT_PREFIX_PATH=/home/zac/franka_ws/install/moveit_ros_planning:/home/zac/franka_ws/install/moveit_ros_occupancy_map_monitor:/home/zac/franka_ws/install/moveit_core:${AMENT_PREFIX_PATH} CMAKE_PREFIX_PATH=/home/zac/franka_ws/install/moveit_ros_planning:/home/zac/franka_ws/install/moveit_ros_occupancy_map_monitor:/home/zac/franka_ws/install/moveit_core:/home/zac/franka_ws/install/moveit_common:/home/zac/franka_ws/install/moveit_resources_prbt_support:/home/zac/franka_ws/install/joint_trajectory_controller:/home/zac/franka_ws/install/integration_launch_testing:/home/zac/franka_ws/install/franka_bringup:/home/zac/franka_ws/install/franka_robot_state_broadcaster:/home/zac/franka_ws/install/franka_example_controllers:/home/zac/franka_ws/install/franka_semantic_components:/home/zac/franka_ws/install/franka_gazebo_bringup:/home/zac/franka_ws/install/franka_ign_ros2_control:/home/zac/franka_ws/install/franka_fr3_moveit_config:/home/zac/franka_ws/install/franka_hardware:/home/zac/franka_ws/install/franka_gripper:/home/zac/franka_ws/install/franka_msgs:/home/zac/franka_ws/install/franka_description:/home/zac/franka_ws/install/moveit_configs_utils:/opt/ros/humble LD_LIBRARY_PATH=/home/zac/franka_ws/install/moveit_ros_planning/lib:/home/zac/franka_ws/install/moveit_ros_occupancy_map_monitor/lib:/home/zac/franka_ws/install/moveit_core/lib:${LD_LIBRARY_PATH} PATH=/home/zac/franka_ws/install/moveit_core/bin:${PATH} /usr/bin/cmake /home/zac/franka_ws/src/moveit2/moveit_planners/ompl -DCMAKE_INSTALL_PREFIX=/home/zac/franka_ws/install/moveit_planners_ompl
[0.212s] -- The C compiler identification is GNU 11.4.0
[0.336s] -- The CXX compiler identification is GNU 11.4.0
[0.350s] -- Detecting C compiler ABI info
[0.485s] -- Detecting C compiler ABI info - done
[0.501s] -- Check for working C compiler: /usr/bin/cc - skipped
[0.501s] -- Detecting C compile features
[0.502s] -- Detecting C compile features - done
[0.508s] -- Detecting CXX compiler ABI info
[0.673s] -- Detecting CXX compiler ABI info - done
[0.695s] -- Check for working CXX compiler: /usr/bin/c++ - skipped
[0.696s] -- Detecting CXX compile features
[0.696s] -- Detecting CXX compile features - done
[0.698s] -- Found moveit_common: 2.5.5 (/home/zac/franka_ws/install/moveit_common/share/moveit_common/cmake)
[0.709s] -- Found ament_cmake: 1.3.10 (/opt/ros/humble/share/ament_cmake/cmake)
[1.082s] -- Found Python3: /usr/bin/python3 (found version "3.10.12") found components: Interpreter 
[1.562s] [0mmoveit_planners_ompl: You did not request a specific build type: Choosing 'Release' for maximum performance[0m
[2.029s] -- Found Boost: /usr/lib/x86_64-linux-gnu/cmake/Boost-1.74.0/BoostConfig.cmake (found version "1.74.0") found components: system filesystem date_time thread serialization 
[2.035s] -- Found moveit_core: 2.5.5 (/home/zac/franka_ws/install/moveit_core/share/moveit_core/cmake)
[2.100s] -- Found Boost: /usr/lib/x86_64-linux-gnu/cmake/Boost-1.74.0/BoostConfig.cmake (found version "1.74.0") found components: chrono date_time filesystem iostreams program_options regex serialization system thread 
[2.329s] -- Found parameter_traits: 0.3.8 (/opt/ros/humble/share/parameter_traits/cmake)
[2.504s] -- Found rosidl_generator_c: 3.1.5 (/opt/ros/humble/share/rosidl_generator_c/cmake)
[2.529s] -- Found rosidl_adapter: 3.1.5 (/opt/ros/humble/share/rosidl_adapter/cmake)
[2.562s] -- Found rosidl_generator_cpp: 3.1.5 (/opt/ros/humble/share/rosidl_generator_cpp/cmake)
[2.612s] -- Using all available rosidl_typesupport_c: rosidl_typesupport_fastrtps_c;rosidl_typesupport_introspection_c
[2.679s] -- Using all available rosidl_typesupport_cpp: rosidl_typesupport_fastrtps_cpp;rosidl_typesupport_introspection_cpp
[2.866s] -- Found rmw_implementation_cmake: 6.1.2 (/opt/ros/humble/share/rmw_implementation_cmake/cmake)
[2.881s] -- Found rmw_fastrtps_cpp: 6.2.7 (/opt/ros/humble/share/rmw_fastrtps_cpp/cmake)
[3.170s] -- Found OpenSSL: /usr/lib/x86_64-linux-gnu/libcrypto.so (found version "3.0.2")  
[3.239s] -- Found FastRTPS: /opt/ros/humble/include  
[3.363s] -- Using RMW implementation 'rmw_fastrtps_cpp' as default
[3.407s] -- Found Threads: TRUE  
[3.607s] -- Found Eigen3: TRUE (found version "3.4.0") 
[3.618s] -- Found rclcpp_lifecycle: 16.0.10 (/opt/ros/humble/share/rclcpp_lifecycle/cmake)
[3.706s] -- Found Boost: /usr/lib/x86_64-linux-gnu/cmake/Boost-1.74.0/BoostConfig.cmake (found version "1.74.0") found components: filesystem 
[4.045s] -- library: /usr/lib/x86_64-linux-gnu/libcurl.so
[4.258s] -- Ensuring Eigen3 include directory is part of orocos-kdl CMake target
[5.157s] -- Found moveit_ros_planning: 2.5.5 (/home/zac/franka_ws/install/moveit_ros_planning/share/moveit_ros_planning/cmake)
[5.170s] -- Found Boost: /usr/lib/x86_64-linux-gnu/cmake/Boost-1.74.0/BoostConfig.cmake (found version "1.74.0") found components: system filesystem date_time program_options thread chrono 
[5.252s] -- Found ompl: /opt/ros/humble/include/ompl-1.6;/usr/include;/usr/include/eigen3  
[5.842s] -- Found OpenMP_C: -fopenmp (found version "4.5") 
[6.076s] -- Found OpenMP_CXX: -fopenmp (found version "4.5") 
[6.077s] -- Found OpenMP: TRUE (found version "4.5")  
[6.129s] -- Found ament_cmake_gtest: 1.3.10 (/opt/ros/humble/share/ament_cmake_gtest/cmake)
[6.147s] -- Found gtest sources under '/opt/ros/humble/src/gtest_vendor': C++ tests using 'Google Test' will be built
[6.293s] -- Found ament_lint_auto: 0.12.11 (/opt/ros/humble/share/ament_lint_auto/cmake)
[6.468s] -- Added test 'cppcheck' to perform static code analysis on C / C++ code
[6.469s] -- Configured cppcheck include dirs: /home/zac/franka_ws/src/moveit2/moveit_planners/ompl/ompl_interface/include
[6.469s] -- Configured cppcheck exclude dirs and/or files: 
[6.476s] -- Added test 'lint_cmake' to check CMake code style
[6.482s] -- Added test 'xmllint' to check XML markup files
[6.486s] -- Configuring done
[6.879s] -- Generating done
[6.886s] -- Build files have been written to: /home/zac/franka_ws/build/moveit_planners_ompl
[6.928s] Invoked command in '/home/zac/franka_ws/build/moveit_planners_ompl' returned '0': AMENT_PREFIX_PATH=/home/zac/franka_ws/install/moveit_ros_planning:/home/zac/franka_ws/install/moveit_ros_occupancy_map_monitor:/home/zac/franka_ws/install/moveit_core:${AMENT_PREFIX_PATH} CMAKE_PREFIX_PATH=/home/zac/franka_ws/install/moveit_ros_planning:/home/zac/franka_ws/install/moveit_ros_occupancy_map_monitor:/home/zac/franka_ws/install/moveit_core:/home/zac/franka_ws/install/moveit_common:/home/zac/franka_ws/install/moveit_resources_prbt_support:/home/zac/franka_ws/install/joint_trajectory_controller:/home/zac/franka_ws/install/integration_launch_testing:/home/zac/franka_ws/install/franka_bringup:/home/zac/franka_ws/install/franka_robot_state_broadcaster:/home/zac/franka_ws/install/franka_example_controllers:/home/zac/franka_ws/install/franka_semantic_components:/home/zac/franka_ws/install/franka_gazebo_bringup:/home/zac/franka_ws/install/franka_ign_ros2_control:/home/zac/franka_ws/install/franka_fr3_moveit_config:/home/zac/franka_ws/install/franka_hardware:/home/zac/franka_ws/install/franka_gripper:/home/zac/franka_ws/install/franka_msgs:/home/zac/franka_ws/install/franka_description:/home/zac/franka_ws/install/moveit_configs_utils:/opt/ros/humble LD_LIBRARY_PATH=/home/zac/franka_ws/install/moveit_ros_planning/lib:/home/zac/franka_ws/install/moveit_ros_occupancy_map_monitor/lib:/home/zac/franka_ws/install/moveit_core/lib:${LD_LIBRARY_PATH} PATH=/home/zac/franka_ws/install/moveit_core/bin:${PATH} /usr/bin/cmake /home/zac/franka_ws/src/moveit2/moveit_planners/ompl -DCMAKE_INSTALL_PREFIX=/home/zac/franka_ws/install/moveit_planners_ompl
[6.929s] Invoking command in '/home/zac/franka_ws/build/moveit_planners_ompl': AMENT_PREFIX_PATH=/home/zac/franka_ws/install/moveit_ros_planning:/home/zac/franka_ws/install/moveit_ros_occupancy_map_monitor:/home/zac/franka_ws/install/moveit_core:${AMENT_PREFIX_PATH} CMAKE_PREFIX_PATH=/home/zac/franka_ws/install/moveit_ros_planning:/home/zac/franka_ws/install/moveit_ros_occupancy_map_monitor:/home/zac/franka_ws/install/moveit_core:/home/zac/franka_ws/install/moveit_common:/home/zac/franka_ws/install/moveit_resources_prbt_support:/home/zac/franka_ws/install/joint_trajectory_controller:/home/zac/franka_ws/install/integration_launch_testing:/home/zac/franka_ws/install/franka_bringup:/home/zac/franka_ws/install/franka_robot_state_broadcaster:/home/zac/franka_ws/install/franka_example_controllers:/home/zac/franka_ws/install/franka_semantic_components:/home/zac/franka_ws/install/franka_gazebo_bringup:/home/zac/franka_ws/install/franka_ign_ros2_control:/home/zac/franka_ws/install/franka_fr3_moveit_config:/home/zac/franka_ws/install/franka_hardware:/home/zac/franka_ws/install/franka_gripper:/home/zac/franka_ws/install/franka_msgs:/home/zac/franka_ws/install/franka_description:/home/zac/franka_ws/install/moveit_configs_utils:/opt/ros/humble LD_LIBRARY_PATH=/home/zac/franka_ws/install/moveit_ros_planning/lib:/home/zac/franka_ws/install/moveit_ros_occupancy_map_monitor/lib:/home/zac/franka_ws/install/moveit_core/lib:${LD_LIBRARY_PATH} PATH=/home/zac/franka_ws/install/moveit_core/bin:${PATH} /usr/bin/cmake --build /home/zac/franka_ws/build/moveit_planners_ompl -- -j8 -l8
[7.051s] [  2%] [32mBuilding CXX object ompl_interface/CMakeFiles/moveit_ompl_interface.dir/src/ompl_interface.cpp.o[0m
[28.738s] [  4%] [32mBuilding CXX object ompl_interface/CMakeFiles/moveit_ompl_interface.dir/src/parameterization/joint_space/constrained_planning_state_space.cpp.o[0m
[46.797s] [  7%] [32mBuilding CXX object ompl_interface/CMakeFiles/moveit_ompl_interface.dir/src/parameterization/joint_space/constrained_planning_state_space_factory.cpp.o[0m
[65.494s] [  9%] [32mBuilding CXX object ompl_interface/CMakeFiles/moveit_ompl_interface.dir/src/parameterization/joint_space/joint_model_state_space.cpp.o[0m
[81.407s] [ 12%] [32mBuilding CXX object ompl_interface/CMakeFiles/moveit_ompl_interface.dir/src/parameterization/joint_space/joint_model_state_space_factory.cpp.o[0m
[98.024s] [ 14%] [32mBuilding CXX object ompl_interface/CMakeFiles/moveit_ompl_interface.dir/src/parameterization/work_space/pose_model_state_space.cpp.o[0m
[116.199s] [ 17%] [32mBuilding CXX object ompl_interface/CMakeFiles/moveit_ompl_interface.dir/src/parameterization/work_space/pose_model_state_space_factory.cpp.o[0m
[132.766s] [ 19%] [32mBuilding CXX object ompl_interface/CMakeFiles/moveit_ompl_interface.dir/src/detail/ompl_constraints.cpp.o[0m
[152.458s] [ 21%] [32mBuilding CXX object ompl_interface/CMakeFiles/moveit_ompl_interface.dir/src/detail/threadsafe_state_storage.cpp.o[0m
[161.406s] [ 24%] [32mBuilding CXX object ompl_interface/CMakeFiles/moveit_ompl_interface.dir/src/detail/state_validity_checker.cpp.o[0m
[179.734s] [ 26%] [32mBuilding CXX object ompl_interface/CMakeFiles/moveit_ompl_interface.dir/src/detail/projection_evaluators.cpp.o[0m
[196.508s] [ 29%] [32mBuilding CXX object ompl_interface/CMakeFiles/moveit_ompl_interface.dir/src/detail/goal_union.cpp.o[0m
[200.064s] [ 31%] [32mBuilding CXX object ompl_interface/CMakeFiles/moveit_ompl_interface.dir/src/detail/constraints_library.cpp.o[0m
[222.604s] [ 34%] [32mBuilding CXX object ompl_interface/CMakeFiles/moveit_ompl_interface.dir/src/detail/constrained_sampler.cpp.o[0m
[238.297s] [ 36%] [32mBuilding CXX object ompl_interface/CMakeFiles/moveit_ompl_interface.dir/src/detail/constrained_valid_state_sampler.cpp.o[0m
[253.760s] [ 39%] [32mBuilding CXX object ompl_interface/CMakeFiles/moveit_ompl_interface.dir/src/detail/constrained_goal_sampler.cpp.o[0m
[270.337s] [ 41%] [32mBuilding CXX object ompl_interface/CMakeFiles/moveit_ompl_interface.dir/src/parameterization/model_based_state_space_factory.cpp.o[0m
[285.604s] [ 43%] [32mBuilding CXX object ompl_interface/CMakeFiles/moveit_ompl_interface.dir/src/parameterization/model_based_state_space.cpp.o[0m
[300.712s] [ 46%] [32mBuilding CXX object ompl_interface/CMakeFiles/moveit_ompl_interface.dir/src/model_based_planning_context.cpp.o[0m
[328.047s] [ 48%] [32mBuilding CXX object ompl_interface/CMakeFiles/moveit_ompl_interface.dir/src/planning_context_manager.cpp.o[0m
[355.881s] [ 51%] [32m[1mLinking CXX shared library libmoveit_ompl_interface.so[0m
[356.754s] [ 51%] Built target moveit_ompl_interface
[356.791s] [ 53%] [32mBuilding CXX object gtest/CMakeFiles/gtest.dir/src/gtest-all.cc.o[0m
[368.593s] [ 56%] [32m[1mLinking CXX static library libgtest.a[0m
[368.724s] [ 56%] Built target gtest
[368.767s] [ 58%] [32mBuilding CXX object ompl_interface/CMakeFiles/moveit_ompl_planner_plugin.dir/src/ompl_planner_manager.cpp.o[0m
[386.339s] [ 60%] [32m[1mLinking CXX shared library libmoveit_ompl_planner_plugin.so[0m
[387.040s] [ 60%] Built target moveit_ompl_planner_plugin
[387.080s] [ 63%] [32mBuilding CXX object ompl_interface/CMakeFiles/moveit_generate_state_database.dir/scripts/generate_state_database.cpp.o[0m
[408.595s] [ 65%] [32m[1mLinking CXX executable generate_state_database[0m
[409.341s] [ 65%] Built target moveit_generate_state_database
[409.381s] [ 68%] [32mBuilding CXX object gtest/CMakeFiles/gtest_main.dir/src/gtest_main.cc.o[0m
[410.887s] [ 70%] [32m[1mLinking CXX static library libgtest_main.a[0m
[410.997s] [ 70%] Built target gtest_main
[411.038s] [ 73%] [32mBuilding CXX object ompl_interface/CMakeFiles/test_state_space.dir/test/test_state_space.cpp.o[0m
[425.264s] [ 75%] [32m[1mLinking CXX executable test_state_space[0m
[426.080s] [ 75%] Built target test_state_space
[426.117s] [ 78%] [32mBuilding CXX object ompl_interface/CMakeFiles/test_threadsafe_state_storage.dir/test/test_threadsafe_state_storage.cpp.o[0m
[435.121s] [ 80%] [32m[1mLinking CXX executable test_threadsafe_state_storage[0m
[435.785s] [ 80%] Built target test_threadsafe_state_storage
[435.828s] [ 82%] [32mBuilding CXX object ompl_interface/CMakeFiles/test_constrained_state_validity_checker.dir/test/test_constrained_state_validity_checker.cpp.o[0m
[454.501s] [ 85%] [32m[1mLinking CXX executable test_constrained_state_validity_checker[0m
[455.459s] [ 85%] Built target test_constrained_state_validity_checker
[455.498s] [ 87%] [32mBuilding CXX object ompl_interface/CMakeFiles/test_constrained_planning_state_space.dir/test/test_constrained_planning_state_space.cpp.o[0m
[471.454s] [ 90%] [32m[1mLinking CXX executable test_constrained_planning_state_space[0m
[472.380s] [ 90%] Built target test_constrained_planning_state_space
[472.421s] [ 92%] [32mBuilding CXX object ompl_interface/CMakeFiles/test_planning_context_manager.dir/test/test_planning_context_manager.cpp.o[0m
[493.648s] [ 95%] [32m[1mLinking CXX executable test_planning_context_manager[0m
[494.394s] [ 95%] Built target test_planning_context_manager
[494.434s] [ 97%] [32mBuilding CXX object ompl_interface/CMakeFiles/test_state_validity_checker.dir/test/test_state_validity_checker.cpp.o[0m
[513.290s] [100%] [32m[1mLinking CXX executable test_state_validity_checker[0m
[514.254s] [100%] Built target test_state_validity_checker
[514.274s] Invoked command in '/home/zac/franka_ws/build/moveit_planners_ompl' returned '0': AMENT_PREFIX_PATH=/home/zac/franka_ws/install/moveit_ros_planning:/home/zac/franka_ws/install/moveit_ros_occupancy_map_monitor:/home/zac/franka_ws/install/moveit_core:${AMENT_PREFIX_PATH} CMAKE_PREFIX_PATH=/home/zac/franka_ws/install/moveit_ros_planning:/home/zac/franka_ws/install/moveit_ros_occupancy_map_monitor:/home/zac/franka_ws/install/moveit_core:/home/zac/franka_ws/install/moveit_common:/home/zac/franka_ws/install/moveit_resources_prbt_support:/home/zac/franka_ws/install/joint_trajectory_controller:/home/zac/franka_ws/install/integration_launch_testing:/home/zac/franka_ws/install/franka_bringup:/home/zac/franka_ws/install/franka_robot_state_broadcaster:/home/zac/franka_ws/install/franka_example_controllers:/home/zac/franka_ws/install/franka_semantic_components:/home/zac/franka_ws/install/franka_gazebo_bringup:/home/zac/franka_ws/install/franka_ign_ros2_control:/home/zac/franka_ws/install/franka_fr3_moveit_config:/home/zac/franka_ws/install/franka_hardware:/home/zac/franka_ws/install/franka_gripper:/home/zac/franka_ws/install/franka_msgs:/home/zac/franka_ws/install/franka_description:/home/zac/franka_ws/install/moveit_configs_utils:/opt/ros/humble LD_LIBRARY_PATH=/home/zac/franka_ws/install/moveit_ros_planning/lib:/home/zac/franka_ws/install/moveit_ros_occupancy_map_monitor/lib:/home/zac/franka_ws/install/moveit_core/lib:${LD_LIBRARY_PATH} PATH=/home/zac/franka_ws/install/moveit_core/bin:${PATH} /usr/bin/cmake --build /home/zac/franka_ws/build/moveit_planners_ompl -- -j8 -l8
[514.338s] Invoking command in '/home/zac/franka_ws/build/moveit_planners_ompl': AMENT_PREFIX_PATH=/home/zac/franka_ws/install/moveit_ros_planning:/home/zac/franka_ws/install/moveit_ros_occupancy_map_monitor:/home/zac/franka_ws/install/moveit_core:${AMENT_PREFIX_PATH} CMAKE_PREFIX_PATH=/home/zac/franka_ws/install/moveit_ros_planning:/home/zac/franka_ws/install/moveit_ros_occupancy_map_monitor:/home/zac/franka_ws/install/moveit_core:/home/zac/franka_ws/install/moveit_common:/home/zac/franka_ws/install/moveit_resources_prbt_support:/home/zac/franka_ws/install/joint_trajectory_controller:/home/zac/franka_ws/install/integration_launch_testing:/home/zac/franka_ws/install/franka_bringup:/home/zac/franka_ws/install/franka_robot_state_broadcaster:/home/zac/franka_ws/install/franka_example_controllers:/home/zac/franka_ws/install/franka_semantic_components:/home/zac/franka_ws/install/franka_gazebo_bringup:/home/zac/franka_ws/install/franka_ign_ros2_control:/home/zac/franka_ws/install/franka_fr3_moveit_config:/home/zac/franka_ws/install/franka_hardware:/home/zac/franka_ws/install/franka_gripper:/home/zac/franka_ws/install/franka_msgs:/home/zac/franka_ws/install/franka_description:/home/zac/franka_ws/install/moveit_configs_utils:/opt/ros/humble LD_LIBRARY_PATH=/home/zac/franka_ws/install/moveit_ros_planning/lib:/home/zac/franka_ws/install/moveit_ros_occupancy_map_monitor/lib:/home/zac/franka_ws/install/moveit_core/lib:${LD_LIBRARY_PATH} PATH=/home/zac/franka_ws/install/moveit_core/bin:${PATH} /usr/bin/cmake --install /home/zac/franka_ws/build/moveit_planners_ompl
[514.351s] -- Install configuration: "Release"
[514.352s] -- Installing: /home/zac/franka_ws/install/moveit_planners_ompl/lib/moveit_planners_ompl/generate_state_database
[514.353s] -- Set runtime path of "/home/zac/franka_ws/install/moveit_planners_ompl/lib/moveit_planners_ompl/generate_state_database" to ""
[514.354s] -- Installing: /home/zac/franka_ws/install/moveit_planners_ompl/include
[514.354s] -- Installing: /home/zac/franka_ws/install/moveit_planners_ompl/include/moveit
[514.354s] -- Installing: /home/zac/franka_ws/install/moveit_planners_ompl/include/moveit/ompl_interface
[514.354s] -- Installing: /home/zac/franka_ws/install/moveit_planners_ompl/include/moveit/ompl_interface/model_based_planning_context.h
[514.354s] -- Installing: /home/zac/franka_ws/install/moveit_planners_ompl/include/moveit/ompl_interface/ompl_interface.h
[514.354s] -- Installing: /home/zac/franka_ws/install/moveit_planners_ompl/include/moveit/ompl_interface/planning_context_manager.h
[514.354s] -- Installing: /home/zac/franka_ws/install/moveit_planners_ompl/include/moveit/ompl_interface/detail
[514.355s] -- Installing: /home/zac/franka_ws/install/moveit_planners_ompl/include/moveit/ompl_interface/detail/constraints_library.h
[514.355s] -- Installing: /home/zac/franka_ws/install/moveit_planners_ompl/include/moveit/ompl_interface/detail/constrained_valid_state_sampler.h
[514.355s] -- Installing: /home/zac/franka_ws/install/moveit_planners_ompl/include/moveit/ompl_interface/detail/constrained_goal_sampler.h
[514.355s] -- Installing: /home/zac/franka_ws/install/moveit_planners_ompl/include/moveit/ompl_interface/detail/projection_evaluators.h
[514.355s] -- Installing: /home/zac/franka_ws/install/moveit_planners_ompl/include/moveit/ompl_interface/detail/constrained_sampler.h
[514.356s] -- Installing: /home/zac/franka_ws/install/moveit_planners_ompl/include/moveit/ompl_interface/detail/ompl_constraints.h
[514.356s] -- Installing: /home/zac/franka_ws/install/moveit_planners_ompl/include/moveit/ompl_interface/detail/goal_union.h
[514.356s] -- Installing: /home/zac/franka_ws/install/moveit_planners_ompl/include/moveit/ompl_interface/detail/constraint_approximations.h
[514.358s] -- Installing: /home/zac/franka_ws/install/moveit_planners_ompl/include/moveit/ompl_interface/detail/state_validity_checker.h
[514.359s] -- Installing: /home/zac/franka_ws/install/moveit_planners_ompl/include/moveit/ompl_interface/detail/threadsafe_state_storage.h
[514.359s] -- Installing: /home/zac/franka_ws/install/moveit_planners_ompl/include/moveit/ompl_interface/parameterization
[514.360s] -- Installing: /home/zac/franka_ws/install/moveit_planners_ompl/include/moveit/ompl_interface/parameterization/model_based_state_space.h
[514.360s] -- Installing: /home/zac/franka_ws/install/moveit_planners_ompl/include/moveit/ompl_interface/parameterization/work_space
[514.360s] -- Installing: /home/zac/franka_ws/install/moveit_planners_ompl/include/moveit/ompl_interface/parameterization/work_space/pose_model_state_space_factory.h
[514.360s] -- Installing: /home/zac/franka_ws/install/moveit_planners_ompl/include/moveit/ompl_interface/parameterization/work_space/pose_model_state_space.h
[514.360s] -- Installing: /home/zac/franka_ws/install/moveit_planners_ompl/include/moveit/ompl_interface/parameterization/model_based_state_space_factory.h
[514.360s] -- Installing: /home/zac/franka_ws/install/moveit_planners_ompl/include/moveit/ompl_interface/parameterization/joint_space
[514.361s] -- Installing: /home/zac/franka_ws/install/moveit_planners_ompl/include/moveit/ompl_interface/parameterization/joint_space/constrained_planning_state_space_factory.h
[514.361s] -- Installing: /home/zac/franka_ws/install/moveit_planners_ompl/include/moveit/ompl_interface/parameterization/joint_space/constrained_planning_state_space.h
[514.361s] -- Installing: /home/zac/franka_ws/install/moveit_planners_ompl/include/moveit/ompl_interface/parameterization/joint_space/joint_model_state_space_factory.h
[514.361s] -- Installing: /home/zac/franka_ws/install/moveit_planners_ompl/include/moveit/ompl_interface/parameterization/joint_space/joint_model_state_space.h
[514.362s] -- Installing: /home/zac/franka_ws/install/moveit_planners_ompl/lib/libmoveit_ompl_interface.so.2.5.5
[514.367s] -- Set runtime path of "/home/zac/franka_ws/install/moveit_planners_ompl/lib/libmoveit_ompl_interface.so.2.5.5" to ""
[514.367s] -- Installing: /home/zac/franka_ws/install/moveit_planners_ompl/lib/libmoveit_ompl_interface.so
[514.367s] -- Installing: /home/zac/franka_ws/install/moveit_planners_ompl/lib/libmoveit_ompl_planner_plugin.so.2.5.5
[514.369s] -- Set runtime path of "/home/zac/franka_ws/install/moveit_planners_ompl/lib/libmoveit_ompl_planner_plugin.so.2.5.5" to ""
[514.369s] -- Installing: /home/zac/franka_ws/install/moveit_planners_ompl/lib/libmoveit_ompl_planner_plugin.so
[514.369s] -- Installing: /home/zac/franka_ws/install/moveit_planners_ompl/share/moveit_planners_ompl/environment/library_path.sh
[514.369s] -- Installing: /home/zac/franka_ws/install/moveit_planners_ompl/share/moveit_planners_ompl/environment/library_path.dsv
[514.369s] -- Installing: /home/zac/franka_ws/install/moveit_planners_ompl/share/moveit_planners_ompl/ompl_interface_plugin_description.xml
[514.370s] -- Installing: /home/zac/franka_ws/install/moveit_planners_ompl/share/ament_index/resource_index/package_run_dependencies/moveit_planners_ompl
[514.370s] -- Installing: /home/zac/franka_ws/install/moveit_planners_ompl/share/ament_index/resource_index/parent_prefix_path/moveit_planners_ompl
[514.371s] -- Installing: /home/zac/franka_ws/install/moveit_planners_ompl/share/moveit_planners_ompl/environment/ament_prefix_path.sh
[514.371s] -- Installing: /home/zac/franka_ws/install/moveit_planners_ompl/share/moveit_planners_ompl/environment/ament_prefix_path.dsv
[514.371s] -- Installing: /home/zac/franka_ws/install/moveit_planners_ompl/share/moveit_planners_ompl/environment/path.sh
[514.371s] -- Installing: /home/zac/franka_ws/install/moveit_planners_ompl/share/moveit_planners_ompl/environment/path.dsv
[514.372s] -- Installing: /home/zac/franka_ws/install/moveit_planners_ompl/share/moveit_planners_ompl/local_setup.bash
[514.372s] -- Installing: /home/zac/franka_ws/install/moveit_planners_ompl/share/moveit_planners_ompl/local_setup.sh
[514.372s] -- Installing: /home/zac/franka_ws/install/moveit_planners_ompl/share/moveit_planners_ompl/local_setup.zsh
[514.372s] -- Installing: /home/zac/franka_ws/install/moveit_planners_ompl/share/moveit_planners_ompl/local_setup.dsv
[514.373s] -- Installing: /home/zac/franka_ws/install/moveit_planners_ompl/share/moveit_planners_ompl/package.dsv
[514.373s] -- Installing: /home/zac/franka_ws/install/moveit_planners_ompl/share/ament_index/resource_index/packages/moveit_planners_ompl
[514.373s] -- Installing: /home/zac/franka_ws/install/moveit_planners_ompl/share/ament_index/resource_index/moveit_core__pluginlib__plugin/moveit_planners_ompl
[514.374s] -- Installing: /home/zac/franka_ws/install/moveit_planners_ompl/share/moveit_planners_ompl/cmake/export_moveit_planners_omplExport.cmake
[514.374s] -- Installing: /home/zac/franka_ws/install/moveit_planners_ompl/share/moveit_planners_ompl/cmake/export_moveit_planners_omplExport-release.cmake
[514.374s] -- Installing: /home/zac/franka_ws/install/moveit_planners_ompl/share/moveit_planners_ompl/cmake/ament_cmake_export_targets-extras.cmake
[514.375s] -- Installing: /home/zac/franka_ws/install/moveit_planners_ompl/share/moveit_planners_ompl/cmake/ament_cmake_export_dependencies-extras.cmake
[514.375s] -- Installing: /home/zac/franka_ws/install/moveit_planners_ompl/share/moveit_planners_ompl/cmake/moveit_planners_omplConfig.cmake
[514.375s] -- Installing: /home/zac/franka_ws/install/moveit_planners_ompl/share/moveit_planners_ompl/cmake/moveit_planners_omplConfig-version.cmake
[514.376s] -- Installing: /home/zac/franka_ws/install/moveit_planners_ompl/share/moveit_planners_ompl/package.xml
[514.380s] Invoked command in '/home/zac/franka_ws/build/moveit_planners_ompl' returned '0': AMENT_PREFIX_PATH=/home/zac/franka_ws/install/moveit_ros_planning:/home/zac/franka_ws/install/moveit_ros_occupancy_map_monitor:/home/zac/franka_ws/install/moveit_core:${AMENT_PREFIX_PATH} CMAKE_PREFIX_PATH=/home/zac/franka_ws/install/moveit_ros_planning:/home/zac/franka_ws/install/moveit_ros_occupancy_map_monitor:/home/zac/franka_ws/install/moveit_core:/home/zac/franka_ws/install/moveit_common:/home/zac/franka_ws/install/moveit_resources_prbt_support:/home/zac/franka_ws/install/joint_trajectory_controller:/home/zac/franka_ws/install/integration_launch_testing:/home/zac/franka_ws/install/franka_bringup:/home/zac/franka_ws/install/franka_robot_state_broadcaster:/home/zac/franka_ws/install/franka_example_controllers:/home/zac/franka_ws/install/franka_semantic_components:/home/zac/franka_ws/install/franka_gazebo_bringup:/home/zac/franka_ws/install/franka_ign_ros2_control:/home/zac/franka_ws/install/franka_fr3_moveit_config:/home/zac/franka_ws/install/franka_hardware:/home/zac/franka_ws/install/franka_gripper:/home/zac/franka_ws/install/franka_msgs:/home/zac/franka_ws/install/franka_description:/home/zac/franka_ws/install/moveit_configs_utils:/opt/ros/humble LD_LIBRARY_PATH=/home/zac/franka_ws/install/moveit_ros_planning/lib:/home/zac/franka_ws/install/moveit_ros_occupancy_map_monitor/lib:/home/zac/franka_ws/install/moveit_core/lib:${LD_LIBRARY_PATH} PATH=/home/zac/franka_ws/install/moveit_core/bin:${PATH} /usr/bin/cmake --install /home/zac/franka_ws/build/moveit_planners_ompl
