[0.017s] Invoking command in '/home/zac/franka_ws/build/franka_description': /usr/bin/cmake /home/zac/franka_ws/src/franka_description -DCMAKE_INSTALL_PREFIX=/home/zac/franka_ws/install/franka_description
[0.034s] -- Found ament_cmake: 1.3.10 (/opt/ros/humble/share/ament_cmake/cmake)
[0.233s] Traceback (most recent call last):
[0.233s]   File "/opt/ros/humble/share/ament_cmake_core/cmake/package_templates/templates_2_cmake.py", line 21, in <module>
[0.233s]     from ament_package.templates import get_environment_hook_template_path
[0.234s] ModuleNotFoundError: No module named 'ament_package'
[0.252s] [31mCMake Error at /opt/ros/humble/share/ament_cmake_core/cmake/ament_cmake_package_templates-extras.cmake:41 (message):
[0.252s]   execute_process(/usr/bin/python3
[0.253s]   /opt/ros/humble/share/ament_cmake_core/cmake/package_templates/templates_2_cmake.py
[0.253s]   /home/zac/franka_ws/build/franka_description/ament_cmake_package_templates/templates.cmake)
[0.253s]   returned error code 1
[0.253s] Call Stack (most recent call first):
[0.253s]   /opt/ros/humble/share/ament_cmake_core/cmake/ament_cmake_coreConfig.cmake:41 (include)
[0.253s]   /opt/ros/humble/share/ament_cmake/cmake/ament_cmake_export_dependencies-extras.cmake:15 (find_package)
[0.253s]   /opt/ros/humble/share/ament_cmake/cmake/ament_cmakeConfig.cmake:41 (include)
[0.253s]   CMakeLists.txt:17 (find_package)
[0.253s] 
[0.253s] [0m
[0.253s] -- Configuring incomplete, errors occurred!
[0.254s] See also "/home/zac/franka_ws/build/franka_description/CMakeFiles/CMakeOutput.log".
[0.257s] Invoked command in '/home/zac/franka_ws/build/franka_description' returned '1': /usr/bin/cmake /home/zac/franka_ws/src/franka_description -DCMAKE_INSTALL_PREFIX=/home/zac/franka_ws/install/franka_description
