[0.017s] Invoking command in '/home/zac/franka_ws/build/franka_semantic_components': AMENT_PREFIX_PATH=/home/zac/franka_ws/install/franka_hardware:/home/zac/franka_ws/install/franka_msgs:${AMENT_PREFIX_PATH} CMAKE_PREFIX_PATH=/home/zac/franka_ws/install/franka_hardware:/home/zac/franka_ws/install/franka_msgs:/opt/ros/humble LD_LIBRARY_PATH=/home/zac/franka_ws/install/franka_hardware/lib:/home/zac/franka_ws/install/franka_msgs/lib:${LD_LIBRARY_PATH} PYTHONPATH=/home/zac/franka_ws/install/franka_msgs/local/lib/python3.10/dist-packages:${PYTHONPATH} /usr/bin/cmake --build /home/zac/franka_ws/build/franka_semantic_components -- -j8 -l8
[0.045s] -- Found ament_cmake: 1.3.10 (/opt/ros/humble/share/ament_cmake/cmake)
[0.197s] -- Found franka_hardware: 0.1.15 (/home/zac/franka_ws/install/franka_hardware/share/franka_hardware/cmake)
[0.231s] -- Found rosidl_generator_c: 3.1.5 (/opt/ros/humble/share/rosidl_generator_c/cmake)
[0.234s] -- Found rosidl_adapter: 3.1.5 (/opt/ros/humble/share/rosidl_adapter/cmake)
[0.241s] -- Found rosidl_generator_cpp: 3.1.5 (/opt/ros/humble/share/rosidl_generator_cpp/cmake)
[0.251s] -- Using all available rosidl_typesupport_c: rosidl_typesupport_fastrtps_c;rosidl_typesupport_introspection_c
[0.266s] -- Using all available rosidl_typesupport_cpp: rosidl_typesupport_fastrtps_cpp;rosidl_typesupport_introspection_cpp
[0.460s] -- Found rmw_implementation_cmake: 6.1.2 (/opt/ros/humble/share/rmw_implementation_cmake/cmake)
[0.462s] -- Found rmw_fastrtps_cpp: 6.2.7 (/opt/ros/humble/share/rmw_fastrtps_cpp/cmake)
[0.484s] -- Found TinyXML2 via Config file: TinyXML2_DIR-NOTFOUND
[0.494s] -- Found TinyXML2 via Config file: TinyXML2_DIR-NOTFOUND
[0.512s] -- Found TinyXML2 via Config file: TinyXML2_DIR-NOTFOUND
[0.523s] -- Found TinyXML2 via Config file: TinyXML2_DIR-NOTFOUND
[0.534s] -- Using RMW implementation 'rmw_fastrtps_cpp' as default
[0.587s] -- Found franka_msgs: 0.1.15 (/home/zac/franka_ws/install/franka_msgs/share/franka_msgs/cmake)
[0.613s] -- Found urdf: 2.6.0 (/opt/ros/humble/share/urdf/cmake)
[0.635s] -- Found ament_cmake_clang_format: 0.12.11 (/opt/ros/humble/share/ament_cmake_clang_format/cmake)
[0.636s] -- Found ament_cmake_copyright: 0.12.11 (/opt/ros/humble/share/ament_cmake_copyright/cmake)
[0.637s] -- Found ament_cmake_cppcheck: 0.12.11 (/opt/ros/humble/share/ament_cmake_cppcheck/cmake)
[0.637s] -- Found ament_cmake_flake8: 0.12.11 (/opt/ros/humble/share/ament_cmake_flake8/cmake)
[0.638s] -- Found ament_cmake_lint_cmake: 0.12.11 (/opt/ros/humble/share/ament_cmake_lint_cmake/cmake)
[0.638s] -- Found ament_cmake_pep257: 0.12.11 (/opt/ros/humble/share/ament_cmake_pep257/cmake)
[0.639s] -- Found ament_cmake_xmllint: 0.12.11 (/opt/ros/humble/share/ament_cmake_xmllint/cmake)
[0.640s] -- Found ament_cmake_gmock: 1.3.10 (/opt/ros/humble/share/ament_cmake_gmock/cmake)
[0.641s] -- Found controller_interface: 2.42.0 (/opt/ros/humble/share/controller_interface/cmake)
[0.647s] -- Found gmock sources under '/opt/ros/humble/src/gmock_vendor': C++ tests using 'Google Mock' will be built
[0.649s] -- Found ament_cmake_gtest: 1.3.10 (/opt/ros/humble/share/ament_cmake_gtest/cmake)
[0.650s] -- Found gtest sources under '/opt/ros/humble/src/gtest_vendor': C++ tests using 'Google Test' will be built
[0.769s] -- Configuring done
[1.027s] -- Generating done
[1.033s] -- Build files have been written to: /home/zac/franka_ws/build/franka_semantic_components
[1.082s] [  9%] [32mBuilding CXX object gmock/CMakeFiles/gmock_main.dir/src/gmock_main.cc.o[0m
[1.083s] [  9%] [32mBuilding CXX object CMakeFiles/franka_semantic_components.dir/src/franka_robot_state.cpp.o[0m
[1.083s] [ 13%] [32mBuilding CXX object gmock/CMakeFiles/gmock.dir/opt/ros/humble/src/gtest_vendor/src/gtest-all.cc.o[0m
[1.083s] [ 18%] [32mBuilding CXX object gmock/CMakeFiles/gmock.dir/src/gmock-all.cc.o[0m
[1.083s] [ 22%] [32mBuilding CXX object CMakeFiles/franka_semantic_components.dir/src/franka_cartesian_velocity_interface.cpp.o[0m
[1.084s] [ 27%] [32mBuilding CXX object CMakeFiles/franka_semantic_components.dir/src/franka_cartesian_pose_interface.cpp.o[0m
[1.085s] [ 31%] [32mBuilding CXX object CMakeFiles/franka_semantic_components.dir/src/franka_robot_model.cpp.o[0m
[1.094s] [ 36%] [32mBuilding CXX object CMakeFiles/franka_semantic_components.dir/src/franka_semantic_component_interface.cpp.o[0m
[3.244s] [ 40%] [32mBuilding CXX object CMakeFiles/franka_semantic_components.dir/src/translation_utils.cpp.o[0m
[3.747s] [ 45%] [32m[1mLinking CXX static library libgmock_main.a[0m
[3.867s] [ 45%] Built target gmock_main
[6.676s] [ 50%] [32m[1mLinking CXX shared library libfranka_semantic_components.so[0m
[7.087s] [ 50%] Built target franka_semantic_components
[14.142s] [ 54%] [32m[1mLinking CXX static library libgmock.a[0m
[14.196s] [ 54%] Built target gmock
[14.224s] [ 63%] [32mBuilding CXX object CMakeFiles/test_franka_robot_state.dir/test/franka_robot_state_test.cpp.o[0m
[14.224s] [ 63%] [32mBuilding CXX object CMakeFiles/test_franka_robot_model.dir/test/franka_robot_model_test.cpp.o[0m
[19.108s] [ 68%] [32m[1mLinking CXX executable test_franka_robot_model[0m
[19.399s] [ 68%] Built target test_franka_robot_model
[20.226s] [ 72%] [32m[1mLinking CXX executable test_franka_robot_state[0m
[20.488s] [ 72%] Built target test_franka_robot_state
[20.514s] [ 77%] [32mBuilding CXX object CMakeFiles/franka_cartesian_pose_interface_test.dir/test/franka_cartesian_pose_interface_test.cpp.o[0m
[24.730s] [ 81%] [32m[1mLinking CXX executable franka_cartesian_pose_interface_test[0m
[24.987s] [ 81%] Built target franka_cartesian_pose_interface_test
[25.013s] [ 86%] [32mBuilding CXX object CMakeFiles/franka_cartesian_velocity_interface_test.dir/test/franka_cartesian_velocity_interface_test.cpp.o[0m
[30.541s] [ 90%] [32m[1mLinking CXX executable franka_cartesian_velocity_interface_test[0m
[30.824s] [ 90%] Built target franka_cartesian_velocity_interface_test
[30.854s] [ 95%] [32mBuilding CXX object CMakeFiles/franka_semantic_component_interface_test.dir/test/franka_semantic_interface_test.cpp.o[0m
[34.846s] [100%] [32m[1mLinking CXX executable franka_semantic_component_interface_test[0m
[35.071s] [100%] Built target franka_semantic_component_interface_test
[35.084s] Invoked command in '/home/zac/franka_ws/build/franka_semantic_components' returned '0': AMENT_PREFIX_PATH=/home/zac/franka_ws/install/franka_hardware:/home/zac/franka_ws/install/franka_msgs:${AMENT_PREFIX_PATH} CMAKE_PREFIX_PATH=/home/zac/franka_ws/install/franka_hardware:/home/zac/franka_ws/install/franka_msgs:/opt/ros/humble LD_LIBRARY_PATH=/home/zac/franka_ws/install/franka_hardware/lib:/home/zac/franka_ws/install/franka_msgs/lib:${LD_LIBRARY_PATH} PYTHONPATH=/home/zac/franka_ws/install/franka_msgs/local/lib/python3.10/dist-packages:${PYTHONPATH} /usr/bin/cmake --build /home/zac/franka_ws/build/franka_semantic_components -- -j8 -l8
[35.150s] Invoking command in '/home/zac/franka_ws/build/franka_semantic_components': AMENT_PREFIX_PATH=/home/zac/franka_ws/install/franka_hardware:/home/zac/franka_ws/install/franka_msgs:${AMENT_PREFIX_PATH} CMAKE_PREFIX_PATH=/home/zac/franka_ws/install/franka_hardware:/home/zac/franka_ws/install/franka_msgs:/opt/ros/humble LD_LIBRARY_PATH=/home/zac/franka_ws/install/franka_hardware/lib:/home/zac/franka_ws/install/franka_msgs/lib:${LD_LIBRARY_PATH} PYTHONPATH=/home/zac/franka_ws/install/franka_msgs/local/lib/python3.10/dist-packages:${PYTHONPATH} /usr/bin/cmake --install /home/zac/franka_ws/build/franka_semantic_components
[35.158s] -- Install configuration: "Release"
[35.158s] -- Installing: /home/zac/franka_ws/install/franka_semantic_components/lib/libfranka_semantic_components.so
[35.159s] -- Set runtime path of "/home/zac/franka_ws/install/franka_semantic_components/lib/libfranka_semantic_components.so" to ""
[35.159s] -- Installing: /home/zac/franka_ws/install/franka_semantic_components/include
[35.159s] -- Installing: /home/zac/franka_ws/install/franka_semantic_components/include/franka_semantic_components
[35.159s] -- Installing: /home/zac/franka_ws/install/franka_semantic_components/include/franka_semantic_components/franka_robot_model.hpp
[35.159s] -- Installing: /home/zac/franka_ws/install/franka_semantic_components/include/franka_semantic_components/franka_robot_state.hpp
[35.159s] -- Installing: /home/zac/franka_ws/install/franka_semantic_components/include/franka_semantic_components/franka_cartesian_pose_interface.hpp
[35.160s] -- Installing: /home/zac/franka_ws/install/franka_semantic_components/include/franka_semantic_components/franka_cartesian_velocity_interface.hpp
[35.160s] -- Installing: /home/zac/franka_ws/install/franka_semantic_components/include/franka_semantic_components/franka_semantic_component_interface.hpp
[35.160s] -- Installing: /home/zac/franka_ws/install/franka_semantic_components/share/franka_semantic_components/robot_description_test.txt
[35.160s] -- Installing: /home/zac/franka_ws/install/franka_semantic_components/share/franka_semantic_components/environment/library_path.sh
[35.160s] -- Installing: /home/zac/franka_ws/install/franka_semantic_components/share/franka_semantic_components/environment/library_path.dsv
[35.161s] -- Installing: /home/zac/franka_ws/install/franka_semantic_components/share/ament_index/resource_index/package_run_dependencies/franka_semantic_components
[35.161s] -- Installing: /home/zac/franka_ws/install/franka_semantic_components/share/ament_index/resource_index/parent_prefix_path/franka_semantic_components
[35.161s] -- Installing: /home/zac/franka_ws/install/franka_semantic_components/share/franka_semantic_components/environment/ament_prefix_path.sh
[35.161s] -- Installing: /home/zac/franka_ws/install/franka_semantic_components/share/franka_semantic_components/environment/ament_prefix_path.dsv
[35.162s] -- Installing: /home/zac/franka_ws/install/franka_semantic_components/share/franka_semantic_components/environment/path.sh
[35.162s] -- Installing: /home/zac/franka_ws/install/franka_semantic_components/share/franka_semantic_components/environment/path.dsv
[35.162s] -- Installing: /home/zac/franka_ws/install/franka_semantic_components/share/franka_semantic_components/local_setup.bash
[35.162s] -- Installing: /home/zac/franka_ws/install/franka_semantic_components/share/franka_semantic_components/local_setup.sh
[35.162s] -- Installing: /home/zac/franka_ws/install/franka_semantic_components/share/franka_semantic_components/local_setup.zsh
[35.162s] -- Installing: /home/zac/franka_ws/install/franka_semantic_components/share/franka_semantic_components/local_setup.dsv
[35.163s] -- Installing: /home/zac/franka_ws/install/franka_semantic_components/share/franka_semantic_components/package.dsv
[35.163s] -- Installing: /home/zac/franka_ws/install/franka_semantic_components/share/ament_index/resource_index/packages/franka_semantic_components
[35.163s] -- Installing: /home/zac/franka_ws/install/franka_semantic_components/share/franka_semantic_components/cmake/ament_cmake_export_include_directories-extras.cmake
[35.163s] -- Installing: /home/zac/franka_ws/install/franka_semantic_components/share/franka_semantic_components/cmake/ament_cmake_export_libraries-extras.cmake
[35.163s] -- Installing: /home/zac/franka_ws/install/franka_semantic_components/share/franka_semantic_components/cmake/ament_cmake_export_dependencies-extras.cmake
[35.164s] -- Installing: /home/zac/franka_ws/install/franka_semantic_components/share/franka_semantic_components/cmake/franka_semantic_componentsConfig.cmake
[35.164s] -- Installing: /home/zac/franka_ws/install/franka_semantic_components/share/franka_semantic_components/cmake/franka_semantic_componentsConfig-version.cmake
[35.164s] -- Installing: /home/zac/franka_ws/install/franka_semantic_components/share/franka_semantic_components/package.xml
[35.167s] Invoked command in '/home/zac/franka_ws/build/franka_semantic_components' returned '0': AMENT_PREFIX_PATH=/home/zac/franka_ws/install/franka_hardware:/home/zac/franka_ws/install/franka_msgs:${AMENT_PREFIX_PATH} CMAKE_PREFIX_PATH=/home/zac/franka_ws/install/franka_hardware:/home/zac/franka_ws/install/franka_msgs:/opt/ros/humble LD_LIBRARY_PATH=/home/zac/franka_ws/install/franka_hardware/lib:/home/zac/franka_ws/install/franka_msgs/lib:${LD_LIBRARY_PATH} PYTHONPATH=/home/zac/franka_ws/install/franka_msgs/local/lib/python3.10/dist-packages:${PYTHONPATH} /usr/bin/cmake --install /home/zac/franka_ws/build/franka_semantic_components
