[0.114s] Invoking command in '/home/zac/franka_ws/build/moveit_setup_controllers': AMENT_PREFIX_PATH=/home/zac/franka_ws/install/moveit_setup_framework:/home/zac/franka_ws/install/moveit_ros_visualization:/home/zac/franka_ws/install/moveit_ros_planning_interface:/home/zac/franka_ws/install/moveit_ros_move_group:/home/zac/franka_ws/install/moveit_ros_warehouse:/home/zac/franka_ws/install/moveit_ros_robot_interaction:/home/zac/franka_ws/install/moveit_planners_ompl:/home/zac/franka_ws/install/moveit_kinematics:/home/zac/franka_ws/install/moveit_ros_planning:/home/zac/franka_ws/install/moveit_simple_controller_manager:/home/zac/franka_ws/install/moveit_ros_occupancy_map_monitor:/home/zac/franka_ws/install/moveit_core:/home/zac/franka_ws/install/moveit_configs_utils:/home/zac/franka_ws/install/moveit_common:${AMENT_PREFIX_PATH} CMAKE_PREFIX_PATH=/home/zac/franka_ws/install/moveit_setup_framework:/home/zac/franka_ws/install/moveit_ros_visualization:/home/zac/franka_ws/install/moveit_ros_planning_interface:/home/zac/franka_ws/install/moveit_ros_move_group:/home/zac/franka_ws/install/moveit_ros_warehouse:/home/zac/franka_ws/install/moveit_ros_robot_interaction:/home/zac/franka_ws/install/moveit_planners_ompl:/home/zac/franka_ws/install/moveit_kinematics:/home/zac/franka_ws/install/moveit_ros_planning:/home/zac/franka_ws/install/moveit_simple_controller_manager:/home/zac/franka_ws/install/moveit_ros_occupancy_map_monitor:/home/zac/franka_ws/install/moveit_core:/home/zac/franka_ws/install/moveit_common:/opt/ros/humble LD_LIBRARY_PATH=/home/zac/franka_ws/install/moveit_setup_framework/lib:/home/zac/franka_ws/install/moveit_ros_visualization/lib:/home/zac/franka_ws/install/moveit_ros_planning_interface/lib:/home/zac/franka_ws/install/moveit_ros_move_group/lib:/home/zac/franka_ws/install/moveit_ros_warehouse/lib:/home/zac/franka_ws/install/moveit_ros_robot_interaction/lib:/home/zac/franka_ws/install/moveit_planners_ompl/lib:/home/zac/franka_ws/install/moveit_kinematics/lib:/home/zac/franka_ws/install/moveit_ros_planning/lib:/home/zac/franka_ws/install/moveit_simple_controller_manager/lib:/home/zac/franka_ws/install/moveit_ros_occupancy_map_monitor/lib:/home/zac/franka_ws/install/moveit_core/lib:${LD_LIBRARY_PATH} PATH=/home/zac/franka_ws/install/moveit_core/bin:${PATH} PYTHONPATH=/home/zac/franka_ws/build/moveit_configs_utils:/home/zac/franka_ws/install/moveit_configs_utils/lib/python3.10/site-packages:${PYTHONPATH} /usr/bin/cmake /home/zac/franka_ws/src/moveit2/moveit_setup_assistant/moveit_setup_controllers -DAMENT_CMAKE_SYMLINK_INSTALL=1 -DCMAKE_INSTALL_PREFIX=/home/zac/franka_ws/install/moveit_setup_controllers
[0.139s] -- Found moveit_common: 2.5.5 (/home/zac/franka_ws/install/moveit_common/share/moveit_common/cmake)
[0.140s] -- Found ament_cmake: 1.3.10 (/opt/ros/humble/share/ament_cmake/cmake)
[0.393s] -- Override CMake install command with custom implementation using symlinks instead of copying resources
[0.529s] [0mmoveit_setup_controllers: You did not request a specific build type: Choosing 'Release' for maximum performance[0m
[0.529s] -- Found ament_cmake_ros: 0.10.0 (/opt/ros/humble/share/ament_cmake_ros/cmake)
[0.536s] -- Found ament_index_cpp: 1.4.0 (/opt/ros/humble/share/ament_index_cpp/cmake)
[0.538s] -- Found moveit_setup_framework: 2.5.5 (/home/zac/franka_ws/install/moveit_setup_framework/share/moveit_setup_framework/cmake)
[0.613s] -- Found rosidl_generator_c: 3.1.5 (/opt/ros/humble/share/rosidl_generator_c/cmake)
[0.618s] -- Found rosidl_adapter: 3.1.5 (/opt/ros/humble/share/rosidl_adapter/cmake)
[0.634s] -- Found rosidl_generator_cpp: 3.1.5 (/opt/ros/humble/share/rosidl_generator_cpp/cmake)
[0.654s] -- Using all available rosidl_typesupport_c: rosidl_typesupport_fastrtps_c;rosidl_typesupport_introspection_c
[0.676s] -- Using all available rosidl_typesupport_cpp: rosidl_typesupport_fastrtps_cpp;rosidl_typesupport_introspection_cpp
[0.753s] -- Found rmw_implementation_cmake: 6.1.2 (/opt/ros/humble/share/rmw_implementation_cmake/cmake)
[0.764s] -- Found rmw_fastrtps_cpp: 6.2.7 (/opt/ros/humble/share/rmw_fastrtps_cpp/cmake)
[1.074s] -- Using RMW implementation 'rmw_fastrtps_cpp' as default
[1.281s] -- Found Boost: /usr/lib/x86_64-linux-gnu/cmake/Boost-1.74.0/BoostConfig.cmake (found version "1.74.0") found components: chrono date_time filesystem iostreams program_options regex serialization system thread 
[1.343s] -- Found parameter_traits: 0.3.8 (/opt/ros/humble/share/parameter_traits/cmake)
[1.369s] -- Found rclcpp_lifecycle: 16.0.10 (/opt/ros/humble/share/rclcpp_lifecycle/cmake)
[1.427s] -- Found Boost: /usr/lib/x86_64-linux-gnu/cmake/Boost-1.74.0/BoostConfig.cmake (found version "1.74.0") found components: filesystem 
[1.551s] -- library: /usr/lib/x86_64-linux-gnu/libcurl.so
[1.697s] -- Ensuring Eigen3 include directory is part of orocos-kdl CMake target
[2.162s] -- Found Boost: /usr/lib/x86_64-linux-gnu/cmake/Boost-1.74.0/BoostConfig.cmake (found version "1.74.0") found components: system filesystem date_time program_options thread chrono 
[2.212s] -- Found Boost: /usr/lib/x86_64-linux-gnu/cmake/Boost-1.74.0/BoostConfig.cmake (found version "1.74.0") found components: thread date_time system filesystem 
[2.231s] -- Found Boost: /usr/lib/x86_64-linux-gnu/cmake/Boost-1.74.0/BoostConfig.cmake (found version "1.74.0") found components: date_time filesystem program_options system thread 
[2.251s] -- Found Boost: /usr/lib/x86_64-linux-gnu/cmake/Boost-1.74.0/BoostConfig.cmake (found version "1.74.0") found components: thread system filesystem regex date_time program_options 
[2.284s] -- Found Boost: /usr/lib/x86_64-linux-gnu/cmake/Boost-1.74.0/BoostConfig.cmake (found version "1.74.0") found components: system filesystem date_time program_options thread 
[2.369s] -- Setting OGRE_DIR to: '/opt/ros/humble/share/rviz_ogre_vendor/cmake/../../../opt/rviz_ogre_vendor/lib/OGRE/cmake'
[2.373s] -- Found OGRE
[2.373s] --   static     : OFF
[2.373s] --   components : HLMS;MeshLodGenerator;Overlay;Paging;Property;RTShaderSystem;Terrain;Volume
[2.374s] --   plugins    : Plugin_BSPSceneManager;Plugin_OctreeSceneManager;Plugin_PCZSceneManager;Plugin_ParticleFX;RenderSystem_GL;RenderSystem_GL3Plus;Codec_STBI
[2.374s] --   media      : /opt/ros/humble/opt/rviz_ogre_vendor/share/OGRE/Media
[2.374s] -- OGRE_LIBRARIES: OgreHLMS;OgreMeshLodGenerator;OgreOverlay;OgrePaging;OgreProperty;OgreRTShaderSystem;OgreTerrain;OgreVolume;OgreMain
[2.374s] -- OGRE_LIBRARY_DIRS: /opt/ros/humble/opt/rviz_ogre_vendor/lib
[2.374s] -- OGRE_PLUGINS: Plugin_BSPSceneManager;Plugin_OctreeSceneManager;Plugin_PCZSceneManager;Plugin_ParticleFX;RenderSystem_GL;RenderSystem_GL3Plus;Codec_STBI
[2.374s] -- OGRE_PLUGIN_DIR: /opt/ros/humble/opt/rviz_ogre_vendor/lib/OGRE
[2.375s] -- rviz_ogre_vendor::OgreOverlay for IMPORTED_LOCATION_RELEASE: /opt/ros/humble/opt/rviz_ogre_vendor/lib/libOgreOverlay.so
[2.375s] -- rviz_ogre_vendor::OgreOverlay for IMPORTED_LOCATION_DEBUG: /opt/ros/humble/opt/rviz_ogre_vendor/lib/libOgreOverlay.so
[2.375s] -- rviz_ogre_vendor::OgreMain for IMPORTED_LOCATION_RELEASE: /opt/ros/humble/opt/rviz_ogre_vendor/lib/libOgreMain.so
[2.375s] -- rviz_ogre_vendor::OgreMain for IMPORTED_LOCATION_DEBUG: /opt/ros/humble/opt/rviz_ogre_vendor/lib/libOgreMain.so
[2.377s] -- Could not find freeimage library
[2.486s] -- Setting assimp_DIR to: '/opt/ros/humble/share/rviz_assimp_vendor/cmake/../../../opt/rviz_assimp_vendor/lib/cmake/assimp-4.1'
[2.689s] -- Found ament_lint_auto: 0.12.11 (/opt/ros/humble/share/ament_lint_auto/cmake)
[2.761s] Invoked command in '/home/zac/franka_ws/build/moveit_setup_controllers' returned '-2': AMENT_PREFIX_PATH=/home/zac/franka_ws/install/moveit_setup_framework:/home/zac/franka_ws/install/moveit_ros_visualization:/home/zac/franka_ws/install/moveit_ros_planning_interface:/home/zac/franka_ws/install/moveit_ros_move_group:/home/zac/franka_ws/install/moveit_ros_warehouse:/home/zac/franka_ws/install/moveit_ros_robot_interaction:/home/zac/franka_ws/install/moveit_planners_ompl:/home/zac/franka_ws/install/moveit_kinematics:/home/zac/franka_ws/install/moveit_ros_planning:/home/zac/franka_ws/install/moveit_simple_controller_manager:/home/zac/franka_ws/install/moveit_ros_occupancy_map_monitor:/home/zac/franka_ws/install/moveit_core:/home/zac/franka_ws/install/moveit_configs_utils:/home/zac/franka_ws/install/moveit_common:${AMENT_PREFIX_PATH} CMAKE_PREFIX_PATH=/home/zac/franka_ws/install/moveit_setup_framework:/home/zac/franka_ws/install/moveit_ros_visualization:/home/zac/franka_ws/install/moveit_ros_planning_interface:/home/zac/franka_ws/install/moveit_ros_move_group:/home/zac/franka_ws/install/moveit_ros_warehouse:/home/zac/franka_ws/install/moveit_ros_robot_interaction:/home/zac/franka_ws/install/moveit_planners_ompl:/home/zac/franka_ws/install/moveit_kinematics:/home/zac/franka_ws/install/moveit_ros_planning:/home/zac/franka_ws/install/moveit_simple_controller_manager:/home/zac/franka_ws/install/moveit_ros_occupancy_map_monitor:/home/zac/franka_ws/install/moveit_core:/home/zac/franka_ws/install/moveit_common:/opt/ros/humble LD_LIBRARY_PATH=/home/zac/franka_ws/install/moveit_setup_framework/lib:/home/zac/franka_ws/install/moveit_ros_visualization/lib:/home/zac/franka_ws/install/moveit_ros_planning_interface/lib:/home/zac/franka_ws/install/moveit_ros_move_group/lib:/home/zac/franka_ws/install/moveit_ros_warehouse/lib:/home/zac/franka_ws/install/moveit_ros_robot_interaction/lib:/home/zac/franka_ws/install/moveit_planners_ompl/lib:/home/zac/franka_ws/install/moveit_kinematics/lib:/home/zac/franka_ws/install/moveit_ros_planning/lib:/home/zac/franka_ws/install/moveit_simple_controller_manager/lib:/home/zac/franka_ws/install/moveit_ros_occupancy_map_monitor/lib:/home/zac/franka_ws/install/moveit_core/lib:${LD_LIBRARY_PATH} PATH=/home/zac/franka_ws/install/moveit_core/bin:${PATH} PYTHONPATH=/home/zac/franka_ws/build/moveit_configs_utils:/home/zac/franka_ws/install/moveit_configs_utils/lib/python3.10/site-packages:${PYTHONPATH} /usr/bin/cmake /home/zac/franka_ws/src/moveit2/moveit_setup_assistant/moveit_setup_controllers -DAMENT_CMAKE_SYMLINK_INSTALL=1 -DCMAKE_INSTALL_PREFIX=/home/zac/franka_ws/install/moveit_setup_controllers
