[0.091s] Invoking command in '/home/zac/franka_ws/build/moveit_ros_warehouse': AMENT_PREFIX_PATH=/home/zac/franka_ws/install/moveit_ros_planning:/home/zac/franka_ws/install/moveit_ros_occupancy_map_monitor:/home/zac/franka_ws/install/moveit_core:/home/zac/franka_ws/install/moveit_common:${AMENT_PREFIX_PATH} CMAKE_PREFIX_PATH=/home/zac/franka_ws/install/moveit_ros_planning:/home/zac/franka_ws/install/moveit_ros_occupancy_map_monitor:/home/zac/franka_ws/install/moveit_core:/home/zac/franka_ws/install/moveit_common:/opt/ros/humble LD_LIBRARY_PATH=/home/zac/franka_ws/install/moveit_ros_planning/lib:/home/zac/franka_ws/install/moveit_ros_occupancy_map_monitor/lib:/home/zac/franka_ws/install/moveit_core/lib:${LD_LIBRARY_PATH} PATH=/home/zac/franka_ws/install/moveit_core/bin:${PATH} /usr/bin/cmake /home/zac/franka_ws/src/moveit2/moveit_ros/warehouse -DAMENT_CMAKE_SYMLINK_INSTALL=1 -DCMAKE_INSTALL_PREFIX=/home/zac/franka_ws/install/moveit_ros_warehouse
[0.122s] -- Found moveit_common: 2.5.5 (/home/zac/franka_ws/install/moveit_common/share/moveit_common/cmake)
[0.123s] -- Found ament_cmake: 1.3.10 (/opt/ros/humble/share/ament_cmake/cmake)
[0.528s] -- Override CMake install command with custom implementation using symlinks instead of copying resources
[0.774s] -- Found rclcpp: 16.0.10 (/opt/ros/humble/share/rclcpp/cmake)
[0.775s] [0mmoveit_ros_warehouse: You did not request a specific build type: Choosing 'Release' for maximum performance[0m
[0.865s] -- Found rosidl_generator_c: 3.1.5 (/opt/ros/humble/share/rosidl_generator_c/cmake)
[0.872s] -- Found rosidl_adapter: 3.1.5 (/opt/ros/humble/share/rosidl_adapter/cmake)
[0.887s] -- Found rosidl_generator_cpp: 3.1.5 (/opt/ros/humble/share/rosidl_generator_cpp/cmake)
[0.909s] -- Using all available rosidl_typesupport_c: rosidl_typesupport_fastrtps_c;rosidl_typesupport_introspection_c
[0.941s] -- Using all available rosidl_typesupport_cpp: rosidl_typesupport_fastrtps_cpp;rosidl_typesupport_introspection_cpp
[1.045s] -- Found rmw_implementation_cmake: 6.1.2 (/opt/ros/humble/share/rmw_implementation_cmake/cmake)
[1.049s] -- Found rmw_fastrtps_cpp: 6.2.7 (/opt/ros/humble/share/rmw_fastrtps_cpp/cmake)
[1.407s] -- Using RMW implementation 'rmw_fastrtps_cpp' as default
[1.663s] -- Found moveit_core: 2.5.5 (/home/zac/franka_ws/install/moveit_core/share/moveit_core/cmake)
[1.733s] -- Found Boost: /usr/lib/x86_64-linux-gnu/cmake/Boost-1.74.0/BoostConfig.cmake (found version "1.74.0") found components: chrono date_time filesystem iostreams program_options regex serialization system thread 
[1.899s] -- Found parameter_traits: 0.3.8 (/opt/ros/humble/share/parameter_traits/cmake)
[1.956s] -- Found rclcpp_lifecycle: 16.0.10 (/opt/ros/humble/share/rclcpp_lifecycle/cmake)
[2.058s] -- Found Boost: /usr/lib/x86_64-linux-gnu/cmake/Boost-1.74.0/BoostConfig.cmake (found version "1.74.0") found components: filesystem 
[2.242s] -- library: /usr/lib/x86_64-linux-gnu/libcurl.so
[2.445s] -- Ensuring Eigen3 include directory is part of orocos-kdl CMake target
[3.050s] -- Found warehouse_ros: 2.0.4 (/opt/ros/humble/share/warehouse_ros/cmake)
[3.067s] -- Found moveit_ros_planning: 2.5.5 (/home/zac/franka_ws/install/moveit_ros_planning/share/moveit_ros_planning/cmake)
[3.078s] -- Found Boost: /usr/lib/x86_64-linux-gnu/cmake/Boost-1.74.0/BoostConfig.cmake (found version "1.74.0") found components: system filesystem date_time program_options thread chrono 
[3.164s] -- Found Boost: /usr/lib/x86_64-linux-gnu/cmake/Boost-1.74.0/BoostConfig.cmake (found version "1.74.0") found components: thread system filesystem regex date_time program_options 
[3.305s] -- Found ament_lint_auto: 0.12.11 (/opt/ros/humble/share/ament_lint_auto/cmake)
[3.368s] -- Added test 'cppcheck' to perform static code analysis on C / C++ code
[3.369s] -- Configured cppcheck include dirs: /home/zac/franka_ws/src/moveit2/moveit_ros/warehouse/include
[3.370s] -- Configured cppcheck exclude dirs and/or files: 
[3.377s] -- Added test 'lint_cmake' to check CMake code style
[3.378s] -- Added test 'pep257' to check Python code against some of the docstring style conventions in PEP 257
[3.382s] -- Added test 'xmllint' to check XML markup files
[3.419s] -- Configuring done
[3.907s] -- Generating done
[3.917s] -- Build files have been written to: /home/zac/franka_ws/build/moveit_ros_warehouse
[3.944s] Invoked command in '/home/zac/franka_ws/build/moveit_ros_warehouse' returned '0': AMENT_PREFIX_PATH=/home/zac/franka_ws/install/moveit_ros_planning:/home/zac/franka_ws/install/moveit_ros_occupancy_map_monitor:/home/zac/franka_ws/install/moveit_core:/home/zac/franka_ws/install/moveit_common:${AMENT_PREFIX_PATH} CMAKE_PREFIX_PATH=/home/zac/franka_ws/install/moveit_ros_planning:/home/zac/franka_ws/install/moveit_ros_occupancy_map_monitor:/home/zac/franka_ws/install/moveit_core:/home/zac/franka_ws/install/moveit_common:/opt/ros/humble LD_LIBRARY_PATH=/home/zac/franka_ws/install/moveit_ros_planning/lib:/home/zac/franka_ws/install/moveit_ros_occupancy_map_monitor/lib:/home/zac/franka_ws/install/moveit_core/lib:${LD_LIBRARY_PATH} PATH=/home/zac/franka_ws/install/moveit_core/bin:${PATH} /usr/bin/cmake /home/zac/franka_ws/src/moveit2/moveit_ros/warehouse -DAMENT_CMAKE_SYMLINK_INSTALL=1 -DCMAKE_INSTALL_PREFIX=/home/zac/franka_ws/install/moveit_ros_warehouse
[3.951s] Invoking command in '/home/zac/franka_ws/build/moveit_ros_warehouse': AMENT_PREFIX_PATH=/home/zac/franka_ws/install/moveit_ros_planning:/home/zac/franka_ws/install/moveit_ros_occupancy_map_monitor:/home/zac/franka_ws/install/moveit_core:/home/zac/franka_ws/install/moveit_common:${AMENT_PREFIX_PATH} CMAKE_PREFIX_PATH=/home/zac/franka_ws/install/moveit_ros_planning:/home/zac/franka_ws/install/moveit_ros_occupancy_map_monitor:/home/zac/franka_ws/install/moveit_core:/home/zac/franka_ws/install/moveit_common:/opt/ros/humble LD_LIBRARY_PATH=/home/zac/franka_ws/install/moveit_ros_planning/lib:/home/zac/franka_ws/install/moveit_ros_occupancy_map_monitor/lib:/home/zac/franka_ws/install/moveit_core/lib:${LD_LIBRARY_PATH} PATH=/home/zac/franka_ws/install/moveit_core/bin:${PATH} /usr/bin/cmake --build /home/zac/franka_ws/build/moveit_ros_warehouse -- -j8 -l8
[4.186s] [35m[1mConsolidate compiler generated dependencies of target moveit_warehouse[0m
[4.468s] [ 40%] Built target moveit_warehouse
[4.526s] [35m[1mConsolidate compiler generated dependencies of target moveit_warehouse_import_from_text[0m
[4.534s] [35m[1mConsolidate compiler generated dependencies of target moveit_init_demo_warehouse[0m
[4.561s] [35m[1mConsolidate compiler generated dependencies of target moveit_save_to_warehouse[0m
[4.568s] [35m[1mConsolidate compiler generated dependencies of target moveit_warehouse_broadcast[0m
[4.571s] [35m[1mConsolidate compiler generated dependencies of target moveit_warehouse_save_as_text[0m
[4.572s] [35m[1mConsolidate compiler generated dependencies of target moveit_warehouse_services[0m
[4.732s] [ 45%] [32m[1mLinking CXX executable moveit_warehouse_services[0m
[4.910s] [ 50%] [32m[1mLinking CXX executable moveit_warehouse_broadcast[0m
[4.958s] [ 55%] [32m[1mLinking CXX executable moveit_init_demo_warehouse[0m
[4.988s] [ 60%] [32m[1mLinking CXX executable moveit_warehouse_import_from_text[0m
[5.052s] [ 65%] [32m[1mLinking CXX executable moveit_save_to_warehouse[0m
[5.142s] [ 70%] [32m[1mLinking CXX executable moveit_warehouse_save_as_text[0m
[6.158s] [ 75%] Built target moveit_warehouse_services
[6.283s] [ 80%] Built target moveit_warehouse_broadcast
[6.564s] [ 85%] Built target moveit_warehouse_import_from_text
[6.588s] [ 90%] Built target moveit_init_demo_warehouse
[6.748s] [ 95%] Built target moveit_warehouse_save_as_text
[6.885s] [100%] Built target moveit_save_to_warehouse
[6.904s] Invoked command in '/home/zac/franka_ws/build/moveit_ros_warehouse' returned '0': AMENT_PREFIX_PATH=/home/zac/franka_ws/install/moveit_ros_planning:/home/zac/franka_ws/install/moveit_ros_occupancy_map_monitor:/home/zac/franka_ws/install/moveit_core:/home/zac/franka_ws/install/moveit_common:${AMENT_PREFIX_PATH} CMAKE_PREFIX_PATH=/home/zac/franka_ws/install/moveit_ros_planning:/home/zac/franka_ws/install/moveit_ros_occupancy_map_monitor:/home/zac/franka_ws/install/moveit_core:/home/zac/franka_ws/install/moveit_common:/opt/ros/humble LD_LIBRARY_PATH=/home/zac/franka_ws/install/moveit_ros_planning/lib:/home/zac/franka_ws/install/moveit_ros_occupancy_map_monitor/lib:/home/zac/franka_ws/install/moveit_core/lib:${LD_LIBRARY_PATH} PATH=/home/zac/franka_ws/install/moveit_core/bin:${PATH} /usr/bin/cmake --build /home/zac/franka_ws/build/moveit_ros_warehouse -- -j8 -l8
[6.993s] Invoking command in '/home/zac/franka_ws/build/moveit_ros_warehouse': AMENT_PREFIX_PATH=/home/zac/franka_ws/install/moveit_ros_planning:/home/zac/franka_ws/install/moveit_ros_occupancy_map_monitor:/home/zac/franka_ws/install/moveit_core:/home/zac/franka_ws/install/moveit_common:${AMENT_PREFIX_PATH} CMAKE_PREFIX_PATH=/home/zac/franka_ws/install/moveit_ros_planning:/home/zac/franka_ws/install/moveit_ros_occupancy_map_monitor:/home/zac/franka_ws/install/moveit_core:/home/zac/franka_ws/install/moveit_common:/opt/ros/humble LD_LIBRARY_PATH=/home/zac/franka_ws/install/moveit_ros_planning/lib:/home/zac/franka_ws/install/moveit_ros_occupancy_map_monitor/lib:/home/zac/franka_ws/install/moveit_core/lib:${LD_LIBRARY_PATH} PATH=/home/zac/franka_ws/install/moveit_core/bin:${PATH} /usr/bin/cmake --install /home/zac/franka_ws/build/moveit_ros_warehouse
[7.004s] -- Install configuration: "Release"
[7.005s] -- Execute custom install script
[7.005s] -- Symlinking: /home/zac/franka_ws/install/moveit_ros_warehouse/lib/moveit_ros_warehouse/moveit_save_to_warehouse
[7.019s] -- Symlinking: /home/zac/franka_ws/install/moveit_ros_warehouse/lib/moveit_ros_warehouse/moveit_warehouse_broadcast
[7.032s] -- Symlinking: /home/zac/franka_ws/install/moveit_ros_warehouse/lib/moveit_ros_warehouse/moveit_warehouse_import_from_text
[7.044s] -- Symlinking: /home/zac/franka_ws/install/moveit_ros_warehouse/lib/moveit_ros_warehouse/moveit_warehouse_save_as_text
[7.058s] -- Symlinking: /home/zac/franka_ws/install/moveit_ros_warehouse/lib/moveit_ros_warehouse/moveit_init_demo_warehouse
[7.072s] -- Symlinking: /home/zac/franka_ws/install/moveit_ros_warehouse/lib/moveit_ros_warehouse/moveit_warehouse_services
[7.085s] -- Symlinking: /home/zac/franka_ws/install/moveit_ros_warehouse/include/moveit/warehouse/constraints_storage.h
[7.098s] -- Symlinking: /home/zac/franka_ws/install/moveit_ros_warehouse/include/moveit/warehouse/moveit_message_storage.h
[7.113s] -- Symlinking: /home/zac/franka_ws/install/moveit_ros_warehouse/include/moveit/warehouse/planning_scene_storage.h
[7.126s] -- Symlinking: /home/zac/franka_ws/install/moveit_ros_warehouse/include/moveit/warehouse/planning_scene_world_storage.h
[7.140s] -- Symlinking: /home/zac/franka_ws/install/moveit_ros_warehouse/include/moveit/warehouse/state_storage.h
[7.153s] -- Symlinking: /home/zac/franka_ws/install/moveit_ros_warehouse/include/moveit/warehouse/trajectory_constraints_storage.h
[7.166s] -- Symlinking: /home/zac/franka_ws/install/moveit_ros_warehouse/include/moveit/warehouse/warehouse_connector.h
[7.180s] -- Symlinking: /home/zac/franka_ws/install/moveit_ros_warehouse/include/moveit_warehouse_export.h
[7.196s] -- Symlinking: /home/zac/franka_ws/install/moveit_ros_warehouse/share/moveit_ros_warehouse/environment/library_path.sh
[7.215s] -- Symlinking: /home/zac/franka_ws/install/moveit_ros_warehouse/share/moveit_ros_warehouse/environment/library_path.dsv
[7.230s] -- Symlinking: /home/zac/franka_ws/install/moveit_ros_warehouse/share/ament_index/resource_index/package_run_dependencies/moveit_ros_warehouse
[7.244s] -- Symlinking: /home/zac/franka_ws/install/moveit_ros_warehouse/share/ament_index/resource_index/parent_prefix_path/moveit_ros_warehouse
[7.256s] -- Symlinking: /home/zac/franka_ws/install/moveit_ros_warehouse/share/moveit_ros_warehouse/environment/ament_prefix_path.sh
[7.270s] -- Symlinking: /home/zac/franka_ws/install/moveit_ros_warehouse/share/moveit_ros_warehouse/environment/ament_prefix_path.dsv
[7.287s] -- Symlinking: /home/zac/franka_ws/install/moveit_ros_warehouse/share/moveit_ros_warehouse/environment/path.sh
[7.301s] -- Symlinking: /home/zac/franka_ws/install/moveit_ros_warehouse/share/moveit_ros_warehouse/environment/path.dsv
[7.316s] -- Symlinking: /home/zac/franka_ws/install/moveit_ros_warehouse/share/moveit_ros_warehouse/local_setup.bash
[7.330s] -- Symlinking: /home/zac/franka_ws/install/moveit_ros_warehouse/share/moveit_ros_warehouse/local_setup.sh
[7.343s] -- Symlinking: /home/zac/franka_ws/install/moveit_ros_warehouse/share/moveit_ros_warehouse/local_setup.zsh
[7.356s] -- Symlinking: /home/zac/franka_ws/install/moveit_ros_warehouse/share/moveit_ros_warehouse/local_setup.dsv
[7.370s] -- Symlinking: /home/zac/franka_ws/install/moveit_ros_warehouse/share/moveit_ros_warehouse/package.dsv
[7.382s] -- Symlinking: /home/zac/franka_ws/install/moveit_ros_warehouse/share/ament_index/resource_index/packages/moveit_ros_warehouse
[7.398s] -- Symlinking: /home/zac/franka_ws/install/moveit_ros_warehouse/share/moveit_ros_warehouse/cmake/ConfigExtras.cmake
[7.412s] -- Symlinking: /home/zac/franka_ws/install/moveit_ros_warehouse/share/moveit_ros_warehouse/cmake/ament_cmake_export_targets-extras.cmake
[7.425s] -- Symlinking: /home/zac/franka_ws/install/moveit_ros_warehouse/share/moveit_ros_warehouse/cmake/ament_cmake_export_dependencies-extras.cmake
[7.438s] -- Symlinking: /home/zac/franka_ws/install/moveit_ros_warehouse/share/moveit_ros_warehouse/cmake/moveit_ros_warehouseConfig.cmake
[7.451s] -- Symlinking: /home/zac/franka_ws/install/moveit_ros_warehouse/share/moveit_ros_warehouse/cmake/moveit_ros_warehouseConfig-version.cmake
[7.465s] -- Symlinking: /home/zac/franka_ws/install/moveit_ros_warehouse/share/moveit_ros_warehouse/package.xml
[7.479s] -- Up-to-date: /home/zac/franka_ws/install/moveit_ros_warehouse/lib/libmoveit_warehouse.so.2.5.5
[7.479s] -- Up-to-date: /home/zac/franka_ws/install/moveit_ros_warehouse/lib/libmoveit_warehouse.so
[7.479s] -- Up-to-date: /home/zac/franka_ws/install/moveit_ros_warehouse/share/moveit_ros_warehouse/cmake/export_moveit_ros_warehouseExport.cmake
[7.480s] -- Up-to-date: /home/zac/franka_ws/install/moveit_ros_warehouse/share/moveit_ros_warehouse/cmake/export_moveit_ros_warehouseExport-release.cmake
[7.484s] Invoked command in '/home/zac/franka_ws/build/moveit_ros_warehouse' returned '0': AMENT_PREFIX_PATH=/home/zac/franka_ws/install/moveit_ros_planning:/home/zac/franka_ws/install/moveit_ros_occupancy_map_monitor:/home/zac/franka_ws/install/moveit_core:/home/zac/franka_ws/install/moveit_common:${AMENT_PREFIX_PATH} CMAKE_PREFIX_PATH=/home/zac/franka_ws/install/moveit_ros_planning:/home/zac/franka_ws/install/moveit_ros_occupancy_map_monitor:/home/zac/franka_ws/install/moveit_core:/home/zac/franka_ws/install/moveit_common:/opt/ros/humble LD_LIBRARY_PATH=/home/zac/franka_ws/install/moveit_ros_planning/lib:/home/zac/franka_ws/install/moveit_ros_occupancy_map_monitor/lib:/home/zac/franka_ws/install/moveit_core/lib:${LD_LIBRARY_PATH} PATH=/home/zac/franka_ws/install/moveit_core/bin:${PATH} /usr/bin/cmake --install /home/zac/franka_ws/build/moveit_ros_warehouse
