[1.556s] Invoking command in '/home/zac/franka_ws/build/moveit_configs_utils': PYTHONPATH=/home/zac/franka_ws/build/moveit_configs_utils/prefix_override:/usr/lib/python3/dist-packages/colcon_core/task/python/colcon_distutils_commands:/home/zac/franka_ws/install/moveit_configs_utils/lib/python3.10/site-packages:${PYTHONPATH} /usr/bin/python3 -W ignore:setup.py install is deprecated setup.py develop --uninstall --editable --build-directory /home/zac/franka_ws/build/moveit_configs_utils/build
[2.196s] running develop
[2.196s] /usr/lib/python3/dist-packages/setuptools/command/easy_install.py:158: EasyInstallDeprecationWarning: easy_install command is deprecated. Use build and pip and other standards-based tools.
[2.197s]   warnings.warn(
[2.708s] Removing /home/zac/franka_ws/install/moveit_configs_utils/lib/python3.10/site-packages/moveit-configs-utils.egg-link (link to .)
[2.763s] Invoked command in '/home/zac/franka_ws/build/moveit_configs_utils' returned '0': PYTHONPATH=/home/zac/franka_ws/build/moveit_configs_utils/prefix_override:/usr/lib/python3/dist-packages/colcon_core/task/python/colcon_distutils_commands:/home/zac/franka_ws/install/moveit_configs_utils/lib/python3.10/site-packages:${PYTHONPATH} /usr/bin/python3 -W ignore:setup.py install is deprecated setup.py develop --uninstall --editable --build-directory /home/zac/franka_ws/build/moveit_configs_utils/build
[2.766s] Invoking command in '/home/zac/franka_ws/src/moveit2/moveit_configs_utils': PYTHONPATH=/home/zac/franka_ws/build/moveit_configs_utils/prefix_override:/usr/lib/python3/dist-packages/colcon_core/task/python/colcon_distutils_commands:/home/zac/franka_ws/install/moveit_configs_utils/lib/python3.10/site-packages:${PYTHONPATH} /usr/bin/python3 -W ignore:setup.py install is deprecated setup.py egg_info --egg-base ../../../build/moveit_configs_utils build --build-base /home/zac/franka_ws/build/moveit_configs_utils/build install --record /home/zac/franka_ws/build/moveit_configs_utils/install.log --single-version-externally-managed install_data --force
[3.301s] running egg_info
[3.302s] writing ../../../build/moveit_configs_utils/moveit_configs_utils.egg-info/PKG-INFO
[3.302s] writing dependency_links to ../../../build/moveit_configs_utils/moveit_configs_utils.egg-info/dependency_links.txt
[3.302s] writing entry points to ../../../build/moveit_configs_utils/moveit_configs_utils.egg-info/entry_points.txt
[3.303s] writing requirements to ../../../build/moveit_configs_utils/moveit_configs_utils.egg-info/requires.txt
[3.303s] writing top-level names to ../../../build/moveit_configs_utils/moveit_configs_utils.egg-info/top_level.txt
[3.306s] reading manifest file '../../../build/moveit_configs_utils/moveit_configs_utils.egg-info/SOURCES.txt'
[3.308s] writing manifest file '../../../build/moveit_configs_utils/moveit_configs_utils.egg-info/SOURCES.txt'
[3.309s] running build
[3.309s] running build_py
[3.309s] creating /home/zac/franka_ws/build/moveit_configs_utils/build
[3.309s] creating /home/zac/franka_ws/build/moveit_configs_utils/build/lib
[3.310s] creating /home/zac/franka_ws/build/moveit_configs_utils/build/lib/moveit_configs_utils
[3.310s] copying moveit_configs_utils/moveit_configs_builder.py -> /home/zac/franka_ws/build/moveit_configs_utils/build/lib/moveit_configs_utils
[3.310s] copying moveit_configs_utils/__init__.py -> /home/zac/franka_ws/build/moveit_configs_utils/build/lib/moveit_configs_utils
[3.310s] copying moveit_configs_utils/launches.py -> /home/zac/franka_ws/build/moveit_configs_utils/build/lib/moveit_configs_utils
[3.310s] copying moveit_configs_utils/launch_utils.py -> /home/zac/franka_ws/build/moveit_configs_utils/build/lib/moveit_configs_utils
[3.311s] creating /home/zac/franka_ws/build/moveit_configs_utils/build/lib/moveit_configs_utils/substitutions
[3.311s] copying moveit_configs_utils/substitutions/xacro.py -> /home/zac/franka_ws/build/moveit_configs_utils/build/lib/moveit_configs_utils/substitutions
[3.311s] copying moveit_configs_utils/substitutions/__init__.py -> /home/zac/franka_ws/build/moveit_configs_utils/build/lib/moveit_configs_utils/substitutions
[3.312s] running install
[3.312s] running install_lib
[3.314s] creating /home/zac/franka_ws/install/moveit_configs_utils/lib/python3.10/site-packages/moveit_configs_utils
[3.314s] copying /home/zac/franka_ws/build/moveit_configs_utils/build/lib/moveit_configs_utils/moveit_configs_builder.py -> /home/zac/franka_ws/install/moveit_configs_utils/lib/python3.10/site-packages/moveit_configs_utils
[3.314s] creating /home/zac/franka_ws/install/moveit_configs_utils/lib/python3.10/site-packages/moveit_configs_utils/substitutions
[3.314s] copying /home/zac/franka_ws/build/moveit_configs_utils/build/lib/moveit_configs_utils/substitutions/xacro.py -> /home/zac/franka_ws/install/moveit_configs_utils/lib/python3.10/site-packages/moveit_configs_utils/substitutions
[3.315s] copying /home/zac/franka_ws/build/moveit_configs_utils/build/lib/moveit_configs_utils/substitutions/__init__.py -> /home/zac/franka_ws/install/moveit_configs_utils/lib/python3.10/site-packages/moveit_configs_utils/substitutions
[3.315s] copying /home/zac/franka_ws/build/moveit_configs_utils/build/lib/moveit_configs_utils/__init__.py -> /home/zac/franka_ws/install/moveit_configs_utils/lib/python3.10/site-packages/moveit_configs_utils
[3.315s] copying /home/zac/franka_ws/build/moveit_configs_utils/build/lib/moveit_configs_utils/launches.py -> /home/zac/franka_ws/install/moveit_configs_utils/lib/python3.10/site-packages/moveit_configs_utils
[3.316s] copying /home/zac/franka_ws/build/moveit_configs_utils/build/lib/moveit_configs_utils/launch_utils.py -> /home/zac/franka_ws/install/moveit_configs_utils/lib/python3.10/site-packages/moveit_configs_utils
[3.317s] byte-compiling /home/zac/franka_ws/install/moveit_configs_utils/lib/python3.10/site-packages/moveit_configs_utils/moveit_configs_builder.py to moveit_configs_builder.cpython-310.pyc
[3.322s] byte-compiling /home/zac/franka_ws/install/moveit_configs_utils/lib/python3.10/site-packages/moveit_configs_utils/substitutions/xacro.py to xacro.cpython-310.pyc
[3.323s] byte-compiling /home/zac/franka_ws/install/moveit_configs_utils/lib/python3.10/site-packages/moveit_configs_utils/substitutions/__init__.py to __init__.cpython-310.pyc
[3.323s] byte-compiling /home/zac/franka_ws/install/moveit_configs_utils/lib/python3.10/site-packages/moveit_configs_utils/__init__.py to __init__.cpython-310.pyc
[3.324s] byte-compiling /home/zac/franka_ws/install/moveit_configs_utils/lib/python3.10/site-packages/moveit_configs_utils/launches.py to launches.cpython-310.pyc
[3.326s] byte-compiling /home/zac/franka_ws/install/moveit_configs_utils/lib/python3.10/site-packages/moveit_configs_utils/launch_utils.py to launch_utils.cpython-310.pyc
[3.327s] running install_data
[3.327s] copying resource/moveit_configs_utils -> /home/zac/franka_ws/install/moveit_configs_utils/share/ament_index/resource_index/packages
[3.327s] copying package.xml -> /home/zac/franka_ws/install/moveit_configs_utils/share/moveit_configs_utils
[3.328s] copying default_configs/pilz_industrial_motion_planner_planning.yaml -> /home/zac/franka_ws/install/moveit_configs_utils/share/moveit_configs_utils/default_configs
[3.328s] copying default_configs/ompl_planning.yaml -> /home/zac/franka_ws/install/moveit_configs_utils/share/moveit_configs_utils/default_configs
[3.328s] copying default_configs/chomp_planning.yaml -> /home/zac/franka_ws/install/moveit_configs_utils/share/moveit_configs_utils/default_configs
[3.328s] copying default_configs/ompl_defaults.yaml -> /home/zac/franka_ws/install/moveit_configs_utils/share/moveit_configs_utils/default_configs
[3.329s] running install_egg_info
[3.332s] Copying ../../../build/moveit_configs_utils/moveit_configs_utils.egg-info to /home/zac/franka_ws/install/moveit_configs_utils/lib/python3.10/site-packages/moveit_configs_utils-2.5.5-py3.10.egg-info
[3.334s] running install_scripts
[3.375s] writing list of installed files to '/home/zac/franka_ws/build/moveit_configs_utils/install.log'
[3.420s] Invoked command in '/home/zac/franka_ws/src/moveit2/moveit_configs_utils' returned '0': PYTHONPATH=/home/zac/franka_ws/build/moveit_configs_utils/prefix_override:/usr/lib/python3/dist-packages/colcon_core/task/python/colcon_distutils_commands:/home/zac/franka_ws/install/moveit_configs_utils/lib/python3.10/site-packages:${PYTHONPATH} /usr/bin/python3 -W ignore:setup.py install is deprecated setup.py egg_info --egg-base ../../../build/moveit_configs_utils build --build-base /home/zac/franka_ws/build/moveit_configs_utils/build install --record /home/zac/franka_ws/build/moveit_configs_utils/install.log --single-version-externally-managed install_data --force
