[0.529s] Invoking command in '/home/zac/franka_ws/build/franka_description': CMAKE_PREFIX_PATH=${CMAKE_PREFIX_PATH}:/home/zac/franka_ws/install/moveit_configs_utils:/opt/ros/humble /usr/bin/cmake /home/zac/franka_ws/src/franka_description -DCMAKE_INSTALL_PREFIX=/home/zac/franka_ws/install/franka_description
[0.574s] -- Found ament_cmake: 1.3.10 (/opt/ros/humble/share/ament_cmake/cmake)
[0.863s] -- Override CMake install command with custom implementation using symlinks instead of copying resources
[0.879s] -- Found ament_lint_auto: 0.12.11 (/opt/ros/humble/share/ament_lint_auto/cmake)
[1.748s] -- Added test 'copyright' to check source files copyright and LICENSE
[1.802s] -- Added test 'flake8' to check Python code syntax and style conventions
[1.809s] -- Added test 'lint_cmake' to check CMake code style
[1.812s] -- Added test 'pep257' to check Python code against some of the docstring style conventions in PEP 257
[1.848s] -- Added test 'xmllint' to check XML markup files
[1.850s] -- Configuring done
[1.858s] -- Generating done
[1.862s] -- Build files have been written to: /home/zac/franka_ws/build/franka_description
[1.867s] Invoked command in '/home/zac/franka_ws/build/franka_description' returned '0': CMAKE_PREFIX_PATH=${CMAKE_PREFIX_PATH}:/home/zac/franka_ws/install/moveit_configs_utils:/opt/ros/humble /usr/bin/cmake /home/zac/franka_ws/src/franka_description -DCMAKE_INSTALL_PREFIX=/home/zac/franka_ws/install/franka_description
[1.871s] Invoking command in '/home/zac/franka_ws/build/franka_description': CMAKE_PREFIX_PATH=${CMAKE_PREFIX_PATH}:/home/zac/franka_ws/install/moveit_configs_utils:/opt/ros/humble /usr/bin/cmake --build /home/zac/franka_ws/build/franka_description -- -j8 -l8
[1.964s] Invoked command in '/home/zac/franka_ws/build/franka_description' returned '0': CMAKE_PREFIX_PATH=${CMAKE_PREFIX_PATH}:/home/zac/franka_ws/install/moveit_configs_utils:/opt/ros/humble /usr/bin/cmake --build /home/zac/franka_ws/build/franka_description -- -j8 -l8
[2.027s] Invoking command in '/home/zac/franka_ws/build/franka_description': CMAKE_PREFIX_PATH=${CMAKE_PREFIX_PATH}:/home/zac/franka_ws/install/moveit_configs_utils:/opt/ros/humble /usr/bin/cmake --install /home/zac/franka_ws/build/franka_description
[2.044s] -- Install configuration: "Release"
[2.044s] -- Execute custom install script
[2.045s] -- Up-to-date symlink: /home/zac/franka_ws/install/franka_description/share/franka_description//launch/visualize_franka.launch.py
[2.047s] -- Up-to-date symlink: /home/zac/franka_ws/install/franka_description/share/franka_description//robots/common/franka_arm.ros2_control.xacro
[2.047s] -- Up-to-date symlink: /home/zac/franka_ws/install/franka_description/share/franka_description//robots/common/franka_arm.xacro
[2.047s] -- Up-to-date symlink: /home/zac/franka_ws/install/franka_description/share/franka_description//robots/common/franka_robot.xacro
[2.048s] -- Up-to-date symlink: /home/zac/franka_ws/install/franka_description/share/franka_description//robots/common/utils.xacro
[2.048s] -- Up-to-date symlink: /home/zac/franka_ws/install/franka_description/share/franka_description//robots/fer/dynamics.yaml
[2.048s] -- Up-to-date symlink: /home/zac/franka_ws/install/franka_description/share/franka_description//robots/fer/fer.urdf.xacro
[2.049s] -- Up-to-date symlink: /home/zac/franka_ws/install/franka_description/share/franka_description//robots/fer/inertials.yaml
[2.049s] -- Up-to-date symlink: /home/zac/franka_ws/install/franka_description/share/franka_description//robots/fer/joint_limits.yaml
[2.049s] -- Up-to-date symlink: /home/zac/franka_ws/install/franka_description/share/franka_description//robots/fer/kinematics.yaml
[2.050s] -- Up-to-date symlink: /home/zac/franka_ws/install/franka_description/share/franka_description//robots/fp3/dynamics.yaml
[2.050s] -- Up-to-date symlink: /home/zac/franka_ws/install/franka_description/share/franka_description//robots/fp3/fp3.urdf.xacro
[2.050s] -- Up-to-date symlink: /home/zac/franka_ws/install/franka_description/share/franka_description//robots/fp3/inertials.yaml
[2.050s] -- Up-to-date symlink: /home/zac/franka_ws/install/franka_description/share/franka_description//robots/fp3/joint_limits.yaml
[2.051s] -- Up-to-date symlink: /home/zac/franka_ws/install/franka_description/share/franka_description//robots/fp3/kinematics.yaml
[2.051s] -- Up-to-date symlink: /home/zac/franka_ws/install/franka_description/share/franka_description//robots/fr3/dynamics.yaml
[2.051s] -- Up-to-date symlink: /home/zac/franka_ws/install/franka_description/share/franka_description//robots/fr3/fr3.urdf.xacro
[2.051s] -- Up-to-date symlink: /home/zac/franka_ws/install/franka_description/share/franka_description//robots/fr3/inertials.yaml
[2.052s] -- Up-to-date symlink: /home/zac/franka_ws/install/franka_description/share/franka_description//robots/fr3/joint_limits.yaml
[2.052s] -- Up-to-date symlink: /home/zac/franka_ws/install/franka_description/share/franka_description//robots/fr3/kinematics.yaml
[2.053s] -- Up-to-date symlink: /home/zac/franka_ws/install/franka_description/share/franka_description//end_effectors/cobot_pump/cobot_pump.urdf.xacro
[2.053s] -- Up-to-date symlink: /home/zac/franka_ws/install/franka_description/share/franka_description//end_effectors/cobot_pump/cobot_pump_arguments.xacro
[2.054s] -- Up-to-date symlink: /home/zac/franka_ws/install/franka_description/share/franka_description//end_effectors/cobot_pump/inertials.yaml
[2.054s] -- Up-to-date symlink: /home/zac/franka_ws/install/franka_description/share/franka_description//end_effectors/common/ee_with_one_link.xacro
[2.054s] -- Up-to-date symlink: /home/zac/franka_ws/install/franka_description/share/franka_description//end_effectors/common/franka_hand.xacro
[2.054s] -- Up-to-date symlink: /home/zac/franka_ws/install/franka_description/share/franka_description//end_effectors/common/utils.xacro
[2.055s] -- Up-to-date symlink: /home/zac/franka_ws/install/franka_description/share/franka_description//end_effectors/franka_hand/franka_hand.urdf.xacro
[2.055s] -- Up-to-date symlink: /home/zac/franka_ws/install/franka_description/share/franka_description//end_effectors/franka_hand/franka_hand_arguments.xacro
[2.056s] -- Up-to-date symlink: /home/zac/franka_ws/install/franka_description/share/franka_description//end_effectors/franka_hand/inertials.yaml
[2.058s] -- Up-to-date symlink: /home/zac/franka_ws/install/franka_description/share/franka_description//meshes/robot_arms/fer/collision/hand.stl
[2.058s] -- Up-to-date symlink: /home/zac/franka_ws/install/franka_description/share/franka_description//meshes/robot_arms/fer/collision/link0.stl
[2.059s] -- Up-to-date symlink: /home/zac/franka_ws/install/franka_description/share/franka_description//meshes/robot_arms/fer/collision/link1.stl
[2.059s] -- Up-to-date symlink: /home/zac/franka_ws/install/franka_description/share/franka_description//meshes/robot_arms/fer/collision/link2.stl
[2.059s] -- Up-to-date symlink: /home/zac/franka_ws/install/franka_description/share/franka_description//meshes/robot_arms/fer/collision/link3.stl
[2.059s] -- Up-to-date symlink: /home/zac/franka_ws/install/franka_description/share/franka_description//meshes/robot_arms/fer/collision/link4.stl
[2.060s] -- Up-to-date symlink: /home/zac/franka_ws/install/franka_description/share/franka_description//meshes/robot_arms/fer/collision/link5.stl
[2.060s] -- Up-to-date symlink: /home/zac/franka_ws/install/franka_description/share/franka_description//meshes/robot_arms/fer/collision/link6.stl
[2.060s] -- Up-to-date symlink: /home/zac/franka_ws/install/franka_description/share/franka_description//meshes/robot_arms/fer/collision/link7.stl
[2.064s] -- Up-to-date symlink: /home/zac/franka_ws/install/franka_description/share/franka_description//meshes/robot_arms/fer/visual/finger.dae
[2.064s] -- Up-to-date symlink: /home/zac/franka_ws/install/franka_description/share/franka_description//meshes/robot_arms/fer/visual/hand.dae
[2.064s] -- Up-to-date symlink: /home/zac/franka_ws/install/franka_description/share/franka_description//meshes/robot_arms/fer/visual/link0.dae
[2.064s] -- Up-to-date symlink: /home/zac/franka_ws/install/franka_description/share/franka_description//meshes/robot_arms/fer/visual/link1.dae
[2.065s] -- Up-to-date symlink: /home/zac/franka_ws/install/franka_description/share/franka_description//meshes/robot_arms/fer/visual/link2.dae
[2.065s] -- Up-to-date symlink: /home/zac/franka_ws/install/franka_description/share/franka_description//meshes/robot_arms/fer/visual/link3.dae
[2.065s] -- Up-to-date symlink: /home/zac/franka_ws/install/franka_description/share/franka_description//meshes/robot_arms/fer/visual/link4.dae
[2.065s] -- Up-to-date symlink: /home/zac/franka_ws/install/franka_description/share/franka_description//meshes/robot_arms/fer/visual/link5.dae
[2.065s] -- Up-to-date symlink: /home/zac/franka_ws/install/franka_description/share/franka_description//meshes/robot_arms/fer/visual/link6.dae
[2.066s] -- Up-to-date symlink: /home/zac/franka_ws/install/franka_description/share/franka_description//meshes/robot_arms/fer/visual/link7.dae
[2.066s] -- Up-to-date symlink: /home/zac/franka_ws/install/franka_description/share/franka_description//meshes/robot_arms/fp3/collision/link0.stl
[2.066s] -- Up-to-date symlink: /home/zac/franka_ws/install/franka_description/share/franka_description//meshes/robot_arms/fp3/collision/link1.stl
[2.066s] -- Up-to-date symlink: /home/zac/franka_ws/install/franka_description/share/franka_description//meshes/robot_arms/fp3/collision/link2.stl
[2.067s] -- Up-to-date symlink: /home/zac/franka_ws/install/franka_description/share/franka_description//meshes/robot_arms/fp3/collision/link3.stl
[2.067s] -- Up-to-date symlink: /home/zac/franka_ws/install/franka_description/share/franka_description//meshes/robot_arms/fp3/collision/link4.stl
[2.067s] -- Up-to-date symlink: /home/zac/franka_ws/install/franka_description/share/franka_description//meshes/robot_arms/fp3/collision/link5.stl
[2.067s] -- Up-to-date symlink: /home/zac/franka_ws/install/franka_description/share/franka_description//meshes/robot_arms/fp3/collision/link6.stl
[2.068s] -- Up-to-date symlink: /home/zac/franka_ws/install/franka_description/share/franka_description//meshes/robot_arms/fp3/collision/link7.stl
[2.069s] -- Up-to-date symlink: /home/zac/franka_ws/install/franka_description/share/franka_description//meshes/robot_arms/fp3/visual/link0.dae
[2.069s] -- Up-to-date symlink: /home/zac/franka_ws/install/franka_description/share/franka_description//meshes/robot_arms/fp3/visual/link1.dae
[2.069s] -- Up-to-date symlink: /home/zac/franka_ws/install/franka_description/share/franka_description//meshes/robot_arms/fp3/visual/link2.dae
[2.069s] -- Up-to-date symlink: /home/zac/franka_ws/install/franka_description/share/franka_description//meshes/robot_arms/fp3/visual/link3.dae
[2.069s] -- Up-to-date symlink: /home/zac/franka_ws/install/franka_description/share/franka_description//meshes/robot_arms/fp3/visual/link4.dae
[2.070s] -- Up-to-date symlink: /home/zac/franka_ws/install/franka_description/share/franka_description//meshes/robot_arms/fp3/visual/link5.dae
[2.070s] -- Up-to-date symlink: /home/zac/franka_ws/install/franka_description/share/franka_description//meshes/robot_arms/fp3/visual/link6.dae
[2.070s] -- Up-to-date symlink: /home/zac/franka_ws/install/franka_description/share/franka_description//meshes/robot_arms/fp3/visual/link7.dae
[2.070s] -- Up-to-date symlink: /home/zac/franka_ws/install/franka_description/share/franka_description//meshes/robot_arms/fr3/collision/link0.stl
[2.071s] -- Up-to-date symlink: /home/zac/franka_ws/install/franka_description/share/franka_description//meshes/robot_arms/fr3/collision/link1.stl
[2.071s] -- Up-to-date symlink: /home/zac/franka_ws/install/franka_description/share/franka_description//meshes/robot_arms/fr3/collision/link2.stl
[2.071s] -- Up-to-date symlink: /home/zac/franka_ws/install/franka_description/share/franka_description//meshes/robot_arms/fr3/collision/link3.stl
[2.074s] -- Up-to-date symlink: /home/zac/franka_ws/install/franka_description/share/franka_description//meshes/robot_arms/fr3/collision/link4.stl
[2.074s] -- Up-to-date symlink: /home/zac/franka_ws/install/franka_description/share/franka_description//meshes/robot_arms/fr3/collision/link5.stl
[2.075s] -- Up-to-date symlink: /home/zac/franka_ws/install/franka_description/share/franka_description//meshes/robot_arms/fr3/collision/link6.stl
[2.076s] -- Up-to-date symlink: /home/zac/franka_ws/install/franka_description/share/franka_description//meshes/robot_arms/fr3/collision/link7.stl
[2.076s] -- Up-to-date symlink: /home/zac/franka_ws/install/franka_description/share/franka_description//meshes/robot_arms/fr3/visual/link0.dae
[2.077s] -- Up-to-date symlink: /home/zac/franka_ws/install/franka_description/share/franka_description//meshes/robot_arms/fr3/visual/link1.dae
[2.077s] -- Up-to-date symlink: /home/zac/franka_ws/install/franka_description/share/franka_description//meshes/robot_arms/fr3/visual/link2.dae
[2.077s] -- Up-to-date symlink: /home/zac/franka_ws/install/franka_description/share/franka_description//meshes/robot_arms/fr3/visual/link3.dae
[2.078s] -- Up-to-date symlink: /home/zac/franka_ws/install/franka_description/share/franka_description//meshes/robot_arms/fr3/visual/link4.dae
[2.078s] -- Up-to-date symlink: /home/zac/franka_ws/install/franka_description/share/franka_description//meshes/robot_arms/fr3/visual/link5.dae
[2.078s] -- Up-to-date symlink: /home/zac/franka_ws/install/franka_description/share/franka_description//meshes/robot_arms/fr3/visual/link6.dae
[2.079s] -- Up-to-date symlink: /home/zac/franka_ws/install/franka_description/share/franka_description//meshes/robot_arms/fr3/visual/link7.dae
[2.079s] -- Up-to-date symlink: /home/zac/franka_ws/install/franka_description/share/franka_description//meshes/robot_ee/cobot_pump/collision/cobot_pump.stl
[2.079s] -- Up-to-date symlink: /home/zac/franka_ws/install/franka_description/share/franka_description//meshes/robot_ee/cobot_pump/visual/cobot_pump.dae
[2.080s] -- Up-to-date symlink: /home/zac/franka_ws/install/franka_description/share/franka_description//meshes/robot_ee/franka_hand_black/collision/hand.stl
[2.080s] -- Up-to-date symlink: /home/zac/franka_ws/install/franka_description/share/franka_description//meshes/robot_ee/franka_hand_black/visual/finger.dae
[2.080s] -- Up-to-date symlink: /home/zac/franka_ws/install/franka_description/share/franka_description//meshes/robot_ee/franka_hand_black/visual/hand.dae
[2.081s] -- Up-to-date symlink: /home/zac/franka_ws/install/franka_description/share/franka_description//meshes/robot_ee/franka_hand_white/collision/hand.stl
[2.081s] -- Up-to-date symlink: /home/zac/franka_ws/install/franka_description/share/franka_description//meshes/robot_ee/franka_hand_white/visual/finger.dae
[2.081s] -- Up-to-date symlink: /home/zac/franka_ws/install/franka_description/share/franka_description//meshes/robot_ee/franka_hand_white/visual/hand.dae
[2.082s] -- Up-to-date symlink: /home/zac/franka_ws/install/franka_description/share/franka_description//rviz/visualize_franka.rviz
[2.082s] -- Up-to-date symlink: /home/zac/franka_ws/install/franka_description/share/ament_index/resource_index/package_run_dependencies/franka_description
[2.083s] -- Up-to-date symlink: /home/zac/franka_ws/install/franka_description/share/ament_index/resource_index/parent_prefix_path/franka_description
[2.083s] -- Up-to-date symlink: /home/zac/franka_ws/install/franka_description/share/franka_description/environment/ament_prefix_path.sh
[2.084s] -- Up-to-date symlink: /home/zac/franka_ws/install/franka_description/share/franka_description/environment/ament_prefix_path.dsv
[2.084s] -- Up-to-date symlink: /home/zac/franka_ws/install/franka_description/share/franka_description/environment/path.sh
[2.084s] -- Up-to-date symlink: /home/zac/franka_ws/install/franka_description/share/franka_description/environment/path.dsv
[2.085s] -- Up-to-date symlink: /home/zac/franka_ws/install/franka_description/share/franka_description/local_setup.bash
[2.085s] -- Up-to-date symlink: /home/zac/franka_ws/install/franka_description/share/franka_description/local_setup.sh
[2.085s] -- Up-to-date symlink: /home/zac/franka_ws/install/franka_description/share/franka_description/local_setup.zsh
[2.086s] -- Up-to-date symlink: /home/zac/franka_ws/install/franka_description/share/franka_description/local_setup.dsv
[2.086s] -- Symlinking: /home/zac/franka_ws/install/franka_description/share/franka_description/package.dsv
[2.107s] -- Up-to-date symlink: /home/zac/franka_ws/install/franka_description/share/ament_index/resource_index/packages/franka_description
[2.108s] -- Up-to-date symlink: /home/zac/franka_ws/install/franka_description/share/franka_description/cmake/franka_descriptionConfig.cmake
[2.108s] -- Up-to-date symlink: /home/zac/franka_ws/install/franka_description/share/franka_description/cmake/franka_descriptionConfig-version.cmake
[2.109s] -- Up-to-date symlink: /home/zac/franka_ws/install/franka_description/share/franka_description/package.xml
[2.115s] Invoked command in '/home/zac/franka_ws/build/franka_description' returned '0': CMAKE_PREFIX_PATH=${CMAKE_PREFIX_PATH}:/home/zac/franka_ws/install/moveit_configs_utils:/opt/ros/humble /usr/bin/cmake --install /home/zac/franka_ws/build/franka_description
