[0.480s] Invoking command in '/home/zac/franka_ws/build/franka_msgs': CMAKE_PREFIX_PATH=${CMAKE_PREFIX_PATH}:/home/zac/franka_ws/install/moveit_configs_utils:/opt/ros/humble /usr/bin/cmake --build /home/zac/franka_ws/build/franka_msgs -- -j8 -l8
[0.530s] -- Found ament_cmake: 1.3.10 (/opt/ros/humble/share/ament_cmake/cmake)
[0.848s] -- Override CMake install command with custom implementation using symlinks instead of copying resources
[0.864s] -- Found rosidl_default_generators: 1.2.0 (/opt/ros/humble/share/rosidl_default_generators/cmake)
[0.875s] -- Using all available rosidl_typesupport_c: rosidl_typesupport_fastrtps_c;rosidl_typesupport_introspection_c
[0.879s] -- Found rosidl_adapter: 3.1.5 (/opt/ros/humble/share/rosidl_adapter/cmake)
[0.939s] -- Using all available rosidl_typesupport_cpp: rosidl_typesupport_fastrtps_cpp;rosidl_typesupport_introspection_cpp
[0.988s] -- Found std_msgs: 4.2.4 (/opt/ros/humble/share/std_msgs/cmake)
[1.032s] -- Found geometry_msgs: 4.2.4 (/opt/ros/humble/share/geometry_msgs/cmake)
[1.058s] -- Found sensor_msgs: 4.2.4 (/opt/ros/humble/share/sensor_msgs/cmake)
[1.947s] -- Found ament_cmake_ros: 0.10.0 (/opt/ros/humble/share/ament_cmake_ros/cmake)
[2.427s] -- Using all available rosidl_typesupport_c: rosidl_typesupport_fastrtps_c;rosidl_typesupport_introspection_c
[3.067s] -- Using all available rosidl_typesupport_cpp: rosidl_typesupport_fastrtps_cpp;rosidl_typesupport_introspection_cpp
[3.107s] -- Found python_cmake_module: 0.10.0 (/opt/ros/humble/share/python_cmake_module/cmake)
[3.145s] -- Using PYTHON_EXECUTABLE: /usr/bin/python3
[3.145s] -- Using PYTHON_INCLUDE_DIRS: /usr/include/python3.10
[3.146s] -- Using PYTHON_LIBRARIES: /usr/lib/x86_64-linux-gnu/libpython3.10.so
[3.269s] -- Found ament_lint_auto: 0.12.11 (/opt/ros/humble/share/ament_lint_auto/cmake)
[3.284s] -- Added test 'copyright' to check source files copyright and LICENSE
[3.291s] -- Added test 'lint_cmake' to check CMake code style
[3.296s] -- Added test 'xmllint' to check XML markup files
[3.302s] -- Configuring done
[3.426s] -- Generating done
[3.432s] -- Build files have been written to: /home/zac/franka_ws/build/franka_msgs
[3.501s] [  0%] Built target franka_msgs__cpp
[3.551s] [  0%] Built target ament_cmake_python_symlink_franka_msgs
[3.575s] [35m[1mConsolidate compiler generated dependencies of target franka_msgs__rosidl_typesupport_introspection_cpp[0m
[3.625s] [ 12%] Built target franka_msgs__rosidl_typesupport_introspection_cpp
[4.054s] running egg_info
[4.054s] creating franka_msgs.egg-info
[4.055s] writing franka_msgs.egg-info/PKG-INFO
[4.055s] writing dependency_links to franka_msgs.egg-info/dependency_links.txt
[4.055s] writing top-level names to franka_msgs.egg-info/top_level.txt
[4.056s] writing manifest file 'franka_msgs.egg-info/SOURCES.txt'
[4.060s] reading manifest file 'franka_msgs.egg-info/SOURCES.txt'
[4.062s] writing manifest file 'franka_msgs.egg-info/SOURCES.txt'
[4.107s] [ 12%] Built target ament_cmake_python_build_franka_msgs_egg
[4.132s] [35m[1mConsolidate compiler generated dependencies of target franka_msgs__rosidl_typesupport_fastrtps_cpp[0m
[4.185s] [ 24%] Built target franka_msgs__rosidl_typesupport_fastrtps_cpp
[4.209s] [35m[1mConsolidate compiler generated dependencies of target franka_msgs__rosidl_typesupport_cpp[0m
[4.254s] [ 36%] Built target franka_msgs__rosidl_typesupport_cpp
[4.278s] [35m[1mConsolidate compiler generated dependencies of target franka_msgs__rosidl_generator_c[0m
[4.312s] [ 48%] Built target franka_msgs__rosidl_generator_c
[4.337s] [35m[1mConsolidate compiler generated dependencies of target franka_msgs__rosidl_typesupport_fastrtps_c[0m
[4.389s] [ 60%] Built target franka_msgs__rosidl_typesupport_fastrtps_c
[4.410s] [35m[1mConsolidate compiler generated dependencies of target franka_msgs__rosidl_typesupport_c[0m
[4.439s] [ 72%] Built target franka_msgs__rosidl_typesupport_c
[4.461s] [35m[1mConsolidate compiler generated dependencies of target franka_msgs__rosidl_typesupport_introspection_c[0m
[4.495s] [ 84%] Built target franka_msgs__rosidl_typesupport_introspection_c
[4.531s] [ 84%] Built target franka_msgs
[4.569s] [ 85%] Built target franka_msgs__py
[4.596s] [35m[1mConsolidate compiler generated dependencies of target franka_msgs__rosidl_generator_py[0m
[4.646s] [ 96%] Built target franka_msgs__rosidl_generator_py
[4.664s] [35m[1mConsolidate compiler generated dependencies of target franka_msgs__rosidl_typesupport_fastrtps_c__pyext[0m
[4.691s] [ 96%] [32m[1mLinking C shared library rosidl_generator_py/franka_msgs/franka_msgs_s__rosidl_typesupport_fastrtps_c.cpython-310-x86_64-linux-gnu.so[0m
[4.785s] [ 97%] Built target franka_msgs__rosidl_typesupport_fastrtps_c__pyext
[4.805s] [35m[1mConsolidate compiler generated dependencies of target franka_msgs__rosidl_typesupport_c__pyext[0m
[4.830s] [ 97%] [32m[1mLinking C shared library rosidl_generator_py/franka_msgs/franka_msgs_s__rosidl_typesupport_c.cpython-310-x86_64-linux-gnu.so[0m
[4.920s] [ 98%] Built target franka_msgs__rosidl_typesupport_c__pyext
[4.939s] [35m[1mConsolidate compiler generated dependencies of target franka_msgs__rosidl_typesupport_introspection_c__pyext[0m
[4.967s] [ 99%] [32m[1mLinking C shared library rosidl_generator_py/franka_msgs/franka_msgs_s__rosidl_typesupport_introspection_c.cpython-310-x86_64-linux-gnu.so[0m
[5.056s] [100%] Built target franka_msgs__rosidl_typesupport_introspection_c__pyext
[5.077s] Invoked command in '/home/zac/franka_ws/build/franka_msgs' returned '0': CMAKE_PREFIX_PATH=${CMAKE_PREFIX_PATH}:/home/zac/franka_ws/install/moveit_configs_utils:/opt/ros/humble /usr/bin/cmake --build /home/zac/franka_ws/build/franka_msgs -- -j8 -l8
[5.850s] Invoking command in '/home/zac/franka_ws/build/franka_msgs': CMAKE_PREFIX_PATH=${CMAKE_PREFIX_PATH}:/home/zac/franka_ws/install/moveit_configs_utils:/opt/ros/humble /usr/bin/cmake --install /home/zac/franka_ws/build/franka_msgs
[5.864s] -- Install configuration: "Release"
[5.866s] -- Execute custom install script
[5.866s] -- Symlinking: /home/zac/franka_ws/install/franka_msgs/share/ament_index/resource_index/rosidl_interfaces/franka_msgs
[5.887s] -- Symlinking: /home/zac/franka_ws/install/franka_msgs/include/franka_msgs/franka_msgs/action/detail/error_recovery__functions.h
[5.903s] -- Symlinking: /home/zac/franka_ws/install/franka_msgs/include/franka_msgs/franka_msgs/action/detail/error_recovery__struct.h
[5.918s] -- Symlinking: /home/zac/franka_ws/install/franka_msgs/include/franka_msgs/franka_msgs/action/detail/error_recovery__type_support.h
[5.933s] -- Symlinking: /home/zac/franka_ws/install/franka_msgs/include/franka_msgs/franka_msgs/action/detail/grasp__functions.h
[5.947s] -- Symlinking: /home/zac/franka_ws/install/franka_msgs/include/franka_msgs/franka_msgs/action/detail/grasp__struct.h
[5.962s] -- Symlinking: /home/zac/franka_ws/install/franka_msgs/include/franka_msgs/franka_msgs/action/detail/grasp__type_support.h
[5.978s] -- Symlinking: /home/zac/franka_ws/install/franka_msgs/include/franka_msgs/franka_msgs/action/detail/homing__functions.h
[5.993s] -- Symlinking: /home/zac/franka_ws/install/franka_msgs/include/franka_msgs/franka_msgs/action/detail/homing__struct.h
[6.007s] -- Symlinking: /home/zac/franka_ws/install/franka_msgs/include/franka_msgs/franka_msgs/action/detail/homing__type_support.h
[6.026s] -- Symlinking: /home/zac/franka_ws/install/franka_msgs/include/franka_msgs/franka_msgs/action/detail/move__functions.h
[6.040s] -- Symlinking: /home/zac/franka_ws/install/franka_msgs/include/franka_msgs/franka_msgs/action/detail/move__struct.h
[6.055s] -- Symlinking: /home/zac/franka_ws/install/franka_msgs/include/franka_msgs/franka_msgs/action/detail/move__type_support.h
[6.068s] -- Symlinking: /home/zac/franka_ws/install/franka_msgs/include/franka_msgs/franka_msgs/action/error_recovery.h
[6.085s] -- Symlinking: /home/zac/franka_ws/install/franka_msgs/include/franka_msgs/franka_msgs/action/grasp.h
[6.101s] -- Symlinking: /home/zac/franka_ws/install/franka_msgs/include/franka_msgs/franka_msgs/action/homing.h
[6.116s] -- Symlinking: /home/zac/franka_ws/install/franka_msgs/include/franka_msgs/franka_msgs/action/move.h
[6.131s] -- Symlinking: /home/zac/franka_ws/install/franka_msgs/include/franka_msgs/franka_msgs/msg/collision_indicators.h
[6.148s] -- Symlinking: /home/zac/franka_ws/install/franka_msgs/include/franka_msgs/franka_msgs/msg/detail/collision_indicators__functions.h
[6.162s] -- Symlinking: /home/zac/franka_ws/install/franka_msgs/include/franka_msgs/franka_msgs/msg/detail/collision_indicators__struct.h
[6.180s] -- Symlinking: /home/zac/franka_ws/install/franka_msgs/include/franka_msgs/franka_msgs/msg/detail/collision_indicators__type_support.h
[6.195s] -- Symlinking: /home/zac/franka_ws/install/franka_msgs/include/franka_msgs/franka_msgs/msg/detail/elbow__functions.h
[6.210s] -- Symlinking: /home/zac/franka_ws/install/franka_msgs/include/franka_msgs/franka_msgs/msg/detail/elbow__struct.h
[6.225s] -- Symlinking: /home/zac/franka_ws/install/franka_msgs/include/franka_msgs/franka_msgs/msg/detail/elbow__type_support.h
[6.240s] -- Symlinking: /home/zac/franka_ws/install/franka_msgs/include/franka_msgs/franka_msgs/msg/detail/errors__functions.h
[6.254s] -- Symlinking: /home/zac/franka_ws/install/franka_msgs/include/franka_msgs/franka_msgs/msg/detail/errors__struct.h
[6.268s] -- Symlinking: /home/zac/franka_ws/install/franka_msgs/include/franka_msgs/franka_msgs/msg/detail/errors__type_support.h
[6.283s] -- Symlinking: /home/zac/franka_ws/install/franka_msgs/include/franka_msgs/franka_msgs/msg/detail/franka_robot_state__functions.h
[6.298s] -- Symlinking: /home/zac/franka_ws/install/franka_msgs/include/franka_msgs/franka_msgs/msg/detail/franka_robot_state__struct.h
[6.315s] -- Symlinking: /home/zac/franka_ws/install/franka_msgs/include/franka_msgs/franka_msgs/msg/detail/franka_robot_state__type_support.h
[6.330s] -- Symlinking: /home/zac/franka_ws/install/franka_msgs/include/franka_msgs/franka_msgs/msg/detail/grasp_epsilon__functions.h
[6.349s] -- Symlinking: /home/zac/franka_ws/install/franka_msgs/include/franka_msgs/franka_msgs/msg/detail/grasp_epsilon__struct.h
[6.364s] -- Symlinking: /home/zac/franka_ws/install/franka_msgs/include/franka_msgs/franka_msgs/msg/detail/grasp_epsilon__type_support.h
[6.379s] -- Symlinking: /home/zac/franka_ws/install/franka_msgs/include/franka_msgs/franka_msgs/msg/elbow.h
[6.393s] -- Symlinking: /home/zac/franka_ws/install/franka_msgs/include/franka_msgs/franka_msgs/msg/errors.h
[6.409s] -- Symlinking: /home/zac/franka_ws/install/franka_msgs/include/franka_msgs/franka_msgs/msg/franka_robot_state.h
[6.423s] -- Symlinking: /home/zac/franka_ws/install/franka_msgs/include/franka_msgs/franka_msgs/msg/grasp_epsilon.h
[6.439s] -- Symlinking: /home/zac/franka_ws/install/franka_msgs/include/franka_msgs/franka_msgs/msg/rosidl_generator_c__visibility_control.h
[6.453s] -- Symlinking: /home/zac/franka_ws/install/franka_msgs/include/franka_msgs/franka_msgs/srv/detail/set_cartesian_stiffness__functions.h
[6.471s] -- Symlinking: /home/zac/franka_ws/install/franka_msgs/include/franka_msgs/franka_msgs/srv/detail/set_cartesian_stiffness__struct.h
[6.486s] -- Symlinking: /home/zac/franka_ws/install/franka_msgs/include/franka_msgs/franka_msgs/srv/detail/set_cartesian_stiffness__type_support.h
[6.502s] -- Symlinking: /home/zac/franka_ws/install/franka_msgs/include/franka_msgs/franka_msgs/srv/detail/set_force_torque_collision_behavior__functions.h
[6.516s] -- Symlinking: /home/zac/franka_ws/install/franka_msgs/include/franka_msgs/franka_msgs/srv/detail/set_force_torque_collision_behavior__struct.h
[6.532s] -- Symlinking: /home/zac/franka_ws/install/franka_msgs/include/franka_msgs/franka_msgs/srv/detail/set_force_torque_collision_behavior__type_support.h
[6.548s] -- Symlinking: /home/zac/franka_ws/install/franka_msgs/include/franka_msgs/franka_msgs/srv/detail/set_full_collision_behavior__functions.h
[6.565s] -- Symlinking: /home/zac/franka_ws/install/franka_msgs/include/franka_msgs/franka_msgs/srv/detail/set_full_collision_behavior__struct.h
[6.579s] -- Symlinking: /home/zac/franka_ws/install/franka_msgs/include/franka_msgs/franka_msgs/srv/detail/set_full_collision_behavior__type_support.h
[6.594s] -- Symlinking: /home/zac/franka_ws/install/franka_msgs/include/franka_msgs/franka_msgs/srv/detail/set_joint_stiffness__functions.h
[6.609s] -- Symlinking: /home/zac/franka_ws/install/franka_msgs/include/franka_msgs/franka_msgs/srv/detail/set_joint_stiffness__struct.h
[6.625s] -- Symlinking: /home/zac/franka_ws/install/franka_msgs/include/franka_msgs/franka_msgs/srv/detail/set_joint_stiffness__type_support.h
[6.640s] -- Symlinking: /home/zac/franka_ws/install/franka_msgs/include/franka_msgs/franka_msgs/srv/detail/set_load__functions.h
[6.658s] -- Symlinking: /home/zac/franka_ws/install/franka_msgs/include/franka_msgs/franka_msgs/srv/detail/set_load__struct.h
[6.673s] -- Symlinking: /home/zac/franka_ws/install/franka_msgs/include/franka_msgs/franka_msgs/srv/detail/set_load__type_support.h
[6.689s] -- Symlinking: /home/zac/franka_ws/install/franka_msgs/include/franka_msgs/franka_msgs/srv/detail/set_stiffness_frame__functions.h
[6.703s] -- Symlinking: /home/zac/franka_ws/install/franka_msgs/include/franka_msgs/franka_msgs/srv/detail/set_stiffness_frame__struct.h
[6.717s] -- Symlinking: /home/zac/franka_ws/install/franka_msgs/include/franka_msgs/franka_msgs/srv/detail/set_stiffness_frame__type_support.h
[6.732s] -- Symlinking: /home/zac/franka_ws/install/franka_msgs/include/franka_msgs/franka_msgs/srv/detail/set_tcp_frame__functions.h
[6.745s] -- Symlinking: /home/zac/franka_ws/install/franka_msgs/include/franka_msgs/franka_msgs/srv/detail/set_tcp_frame__struct.h
[6.761s] -- Symlinking: /home/zac/franka_ws/install/franka_msgs/include/franka_msgs/franka_msgs/srv/detail/set_tcp_frame__type_support.h
[6.775s] -- Symlinking: /home/zac/franka_ws/install/franka_msgs/include/franka_msgs/franka_msgs/srv/set_cartesian_stiffness.h
[6.793s] -- Symlinking: /home/zac/franka_ws/install/franka_msgs/include/franka_msgs/franka_msgs/srv/set_force_torque_collision_behavior.h
[6.807s] -- Symlinking: /home/zac/franka_ws/install/franka_msgs/include/franka_msgs/franka_msgs/srv/set_full_collision_behavior.h
[6.826s] -- Symlinking: /home/zac/franka_ws/install/franka_msgs/include/franka_msgs/franka_msgs/srv/set_joint_stiffness.h
[6.839s] -- Symlinking: /home/zac/franka_ws/install/franka_msgs/include/franka_msgs/franka_msgs/srv/set_load.h
[6.858s] -- Symlinking: /home/zac/franka_ws/install/franka_msgs/include/franka_msgs/franka_msgs/srv/set_stiffness_frame.h
[6.872s] -- Symlinking: /home/zac/franka_ws/install/franka_msgs/include/franka_msgs/franka_msgs/srv/set_tcp_frame.h
[6.887s] -- Symlinking: /home/zac/franka_ws/install/franka_msgs/share/franka_msgs/environment/library_path.sh
[6.903s] -- Symlinking: /home/zac/franka_ws/install/franka_msgs/share/franka_msgs/environment/library_path.dsv
[6.921s] -- Symlinking: /home/zac/franka_ws/install/franka_msgs/include/franka_msgs/franka_msgs/action/detail/error_recovery__rosidl_typesupport_fastrtps_c.h
[6.935s] -- Symlinking: /home/zac/franka_ws/install/franka_msgs/include/franka_msgs/franka_msgs/action/detail/grasp__rosidl_typesupport_fastrtps_c.h
[6.951s] -- Symlinking: /home/zac/franka_ws/install/franka_msgs/include/franka_msgs/franka_msgs/action/detail/homing__rosidl_typesupport_fastrtps_c.h
[6.965s] -- Symlinking: /home/zac/franka_ws/install/franka_msgs/include/franka_msgs/franka_msgs/action/detail/move__rosidl_typesupport_fastrtps_c.h
[6.980s] -- Symlinking: /home/zac/franka_ws/install/franka_msgs/include/franka_msgs/franka_msgs/msg/detail/collision_indicators__rosidl_typesupport_fastrtps_c.h
[6.996s] -- Symlinking: /home/zac/franka_ws/install/franka_msgs/include/franka_msgs/franka_msgs/msg/detail/elbow__rosidl_typesupport_fastrtps_c.h
[7.011s] -- Symlinking: /home/zac/franka_ws/install/franka_msgs/include/franka_msgs/franka_msgs/msg/detail/errors__rosidl_typesupport_fastrtps_c.h
[7.026s] -- Symlinking: /home/zac/franka_ws/install/franka_msgs/include/franka_msgs/franka_msgs/msg/detail/franka_robot_state__rosidl_typesupport_fastrtps_c.h
[7.041s] -- Symlinking: /home/zac/franka_ws/install/franka_msgs/include/franka_msgs/franka_msgs/msg/detail/grasp_epsilon__rosidl_typesupport_fastrtps_c.h
[7.059s] -- Symlinking: /home/zac/franka_ws/install/franka_msgs/include/franka_msgs/franka_msgs/msg/rosidl_typesupport_fastrtps_c__visibility_control.h
[7.075s] -- Symlinking: /home/zac/franka_ws/install/franka_msgs/include/franka_msgs/franka_msgs/srv/detail/set_cartesian_stiffness__rosidl_typesupport_fastrtps_c.h
[7.089s] -- Symlinking: /home/zac/franka_ws/install/franka_msgs/include/franka_msgs/franka_msgs/srv/detail/set_force_torque_collision_behavior__rosidl_typesupport_fastrtps_c.h
[7.104s] -- Symlinking: /home/zac/franka_ws/install/franka_msgs/include/franka_msgs/franka_msgs/srv/detail/set_full_collision_behavior__rosidl_typesupport_fastrtps_c.h
[7.119s] -- Symlinking: /home/zac/franka_ws/install/franka_msgs/include/franka_msgs/franka_msgs/srv/detail/set_joint_stiffness__rosidl_typesupport_fastrtps_c.h
[7.134s] -- Symlinking: /home/zac/franka_ws/install/franka_msgs/include/franka_msgs/franka_msgs/srv/detail/set_load__rosidl_typesupport_fastrtps_c.h
[7.150s] -- Symlinking: /home/zac/franka_ws/install/franka_msgs/include/franka_msgs/franka_msgs/srv/detail/set_stiffness_frame__rosidl_typesupport_fastrtps_c.h
[7.164s] -- Symlinking: /home/zac/franka_ws/install/franka_msgs/include/franka_msgs/franka_msgs/srv/detail/set_tcp_frame__rosidl_typesupport_fastrtps_c.h
[7.181s] -- Symlinking: /home/zac/franka_ws/install/franka_msgs/include/franka_msgs/franka_msgs/action/detail/error_recovery__rosidl_typesupport_introspection_c.h
[7.197s] -- Symlinking: /home/zac/franka_ws/install/franka_msgs/include/franka_msgs/franka_msgs/action/detail/grasp__rosidl_typesupport_introspection_c.h
[7.213s] -- Symlinking: /home/zac/franka_ws/install/franka_msgs/include/franka_msgs/franka_msgs/action/detail/homing__rosidl_typesupport_introspection_c.h
[7.228s] -- Symlinking: /home/zac/franka_ws/install/franka_msgs/include/franka_msgs/franka_msgs/action/detail/move__rosidl_typesupport_introspection_c.h
[7.243s] -- Symlinking: /home/zac/franka_ws/install/franka_msgs/include/franka_msgs/franka_msgs/msg/detail/collision_indicators__rosidl_typesupport_introspection_c.h
[7.257s] -- Symlinking: /home/zac/franka_ws/install/franka_msgs/include/franka_msgs/franka_msgs/msg/detail/elbow__rosidl_typesupport_introspection_c.h
[7.272s] -- Symlinking: /home/zac/franka_ws/install/franka_msgs/include/franka_msgs/franka_msgs/msg/detail/errors__rosidl_typesupport_introspection_c.h
[7.286s] -- Symlinking: /home/zac/franka_ws/install/franka_msgs/include/franka_msgs/franka_msgs/msg/detail/franka_robot_state__rosidl_typesupport_introspection_c.h
[7.303s] -- Symlinking: /home/zac/franka_ws/install/franka_msgs/include/franka_msgs/franka_msgs/msg/detail/grasp_epsilon__rosidl_typesupport_introspection_c.h
[7.319s] -- Symlinking: /home/zac/franka_ws/install/franka_msgs/include/franka_msgs/franka_msgs/msg/rosidl_typesupport_introspection_c__visibility_control.h
[7.335s] -- Symlinking: /home/zac/franka_ws/install/franka_msgs/include/franka_msgs/franka_msgs/srv/detail/set_cartesian_stiffness__rosidl_typesupport_introspection_c.h
[7.348s] -- Symlinking: /home/zac/franka_ws/install/franka_msgs/include/franka_msgs/franka_msgs/srv/detail/set_force_torque_collision_behavior__rosidl_typesupport_introspection_c.h
[7.364s] -- Symlinking: /home/zac/franka_ws/install/franka_msgs/include/franka_msgs/franka_msgs/srv/detail/set_full_collision_behavior__rosidl_typesupport_introspection_c.h
[7.379s] -- Symlinking: /home/zac/franka_ws/install/franka_msgs/include/franka_msgs/franka_msgs/srv/detail/set_joint_stiffness__rosidl_typesupport_introspection_c.h
[7.394s] -- Symlinking: /home/zac/franka_ws/install/franka_msgs/include/franka_msgs/franka_msgs/srv/detail/set_load__rosidl_typesupport_introspection_c.h
[7.410s] -- Symlinking: /home/zac/franka_ws/install/franka_msgs/include/franka_msgs/franka_msgs/srv/detail/set_stiffness_frame__rosidl_typesupport_introspection_c.h
[7.426s] -- Symlinking: /home/zac/franka_ws/install/franka_msgs/include/franka_msgs/franka_msgs/srv/detail/set_tcp_frame__rosidl_typesupport_introspection_c.h
[7.441s] -- Symlinking: /home/zac/franka_ws/install/franka_msgs/include/franka_msgs/franka_msgs/action/detail/error_recovery__builder.hpp
[7.456s] -- Symlinking: /home/zac/franka_ws/install/franka_msgs/include/franka_msgs/franka_msgs/action/detail/error_recovery__struct.hpp
[7.470s] -- Symlinking: /home/zac/franka_ws/install/franka_msgs/include/franka_msgs/franka_msgs/action/detail/error_recovery__traits.hpp
[7.485s] -- Symlinking: /home/zac/franka_ws/install/franka_msgs/include/franka_msgs/franka_msgs/action/detail/grasp__builder.hpp
[7.501s] -- Symlinking: /home/zac/franka_ws/install/franka_msgs/include/franka_msgs/franka_msgs/action/detail/grasp__struct.hpp
[7.515s] -- Symlinking: /home/zac/franka_ws/install/franka_msgs/include/franka_msgs/franka_msgs/action/detail/grasp__traits.hpp
[7.531s] -- Symlinking: /home/zac/franka_ws/install/franka_msgs/include/franka_msgs/franka_msgs/action/detail/homing__builder.hpp
[7.545s] -- Symlinking: /home/zac/franka_ws/install/franka_msgs/include/franka_msgs/franka_msgs/action/detail/homing__struct.hpp
[7.560s] -- Symlinking: /home/zac/franka_ws/install/franka_msgs/include/franka_msgs/franka_msgs/action/detail/homing__traits.hpp
[7.575s] -- Symlinking: /home/zac/franka_ws/install/franka_msgs/include/franka_msgs/franka_msgs/action/detail/move__builder.hpp
[7.590s] -- Symlinking: /home/zac/franka_ws/install/franka_msgs/include/franka_msgs/franka_msgs/action/detail/move__struct.hpp
[7.605s] -- Symlinking: /home/zac/franka_ws/install/franka_msgs/include/franka_msgs/franka_msgs/action/detail/move__traits.hpp
[7.621s] -- Symlinking: /home/zac/franka_ws/install/franka_msgs/include/franka_msgs/franka_msgs/action/error_recovery.hpp
[7.635s] -- Symlinking: /home/zac/franka_ws/install/franka_msgs/include/franka_msgs/franka_msgs/action/grasp.hpp
[7.650s] -- Symlinking: /home/zac/franka_ws/install/franka_msgs/include/franka_msgs/franka_msgs/action/homing.hpp
[7.665s] -- Symlinking: /home/zac/franka_ws/install/franka_msgs/include/franka_msgs/franka_msgs/action/move.hpp
[7.681s] -- Symlinking: /home/zac/franka_ws/install/franka_msgs/include/franka_msgs/franka_msgs/msg/collision_indicators.hpp
[7.696s] -- Symlinking: /home/zac/franka_ws/install/franka_msgs/include/franka_msgs/franka_msgs/msg/detail/collision_indicators__builder.hpp
[7.711s] -- Symlinking: /home/zac/franka_ws/install/franka_msgs/include/franka_msgs/franka_msgs/msg/detail/collision_indicators__struct.hpp
[7.726s] -- Symlinking: /home/zac/franka_ws/install/franka_msgs/include/franka_msgs/franka_msgs/msg/detail/collision_indicators__traits.hpp
[7.740s] -- Symlinking: /home/zac/franka_ws/install/franka_msgs/include/franka_msgs/franka_msgs/msg/detail/elbow__builder.hpp
[7.755s] -- Symlinking: /home/zac/franka_ws/install/franka_msgs/include/franka_msgs/franka_msgs/msg/detail/elbow__struct.hpp
[7.769s] -- Symlinking: /home/zac/franka_ws/install/franka_msgs/include/franka_msgs/franka_msgs/msg/detail/elbow__traits.hpp
[7.787s] -- Symlinking: /home/zac/franka_ws/install/franka_msgs/include/franka_msgs/franka_msgs/msg/detail/errors__builder.hpp
[7.802s] -- Symlinking: /home/zac/franka_ws/install/franka_msgs/include/franka_msgs/franka_msgs/msg/detail/errors__struct.hpp
[7.818s] -- Symlinking: /home/zac/franka_ws/install/franka_msgs/include/franka_msgs/franka_msgs/msg/detail/errors__traits.hpp
[7.832s] -- Symlinking: /home/zac/franka_ws/install/franka_msgs/include/franka_msgs/franka_msgs/msg/detail/franka_robot_state__builder.hpp
[7.848s] -- Symlinking: /home/zac/franka_ws/install/franka_msgs/include/franka_msgs/franka_msgs/msg/detail/franka_robot_state__struct.hpp
[7.862s] -- Symlinking: /home/zac/franka_ws/install/franka_msgs/include/franka_msgs/franka_msgs/msg/detail/franka_robot_state__traits.hpp
[7.878s] -- Symlinking: /home/zac/franka_ws/install/franka_msgs/include/franka_msgs/franka_msgs/msg/detail/grasp_epsilon__builder.hpp
[7.892s] -- Symlinking: /home/zac/franka_ws/install/franka_msgs/include/franka_msgs/franka_msgs/msg/detail/grasp_epsilon__struct.hpp
[7.909s] -- Symlinking: /home/zac/franka_ws/install/franka_msgs/include/franka_msgs/franka_msgs/msg/detail/grasp_epsilon__traits.hpp
[7.924s] -- Symlinking: /home/zac/franka_ws/install/franka_msgs/include/franka_msgs/franka_msgs/msg/elbow.hpp
[7.940s] -- Symlinking: /home/zac/franka_ws/install/franka_msgs/include/franka_msgs/franka_msgs/msg/errors.hpp
[7.955s] -- Symlinking: /home/zac/franka_ws/install/franka_msgs/include/franka_msgs/franka_msgs/msg/franka_robot_state.hpp
[7.971s] -- Symlinking: /home/zac/franka_ws/install/franka_msgs/include/franka_msgs/franka_msgs/msg/grasp_epsilon.hpp
[7.987s] -- Symlinking: /home/zac/franka_ws/install/franka_msgs/include/franka_msgs/franka_msgs/srv/detail/set_cartesian_stiffness__builder.hpp
[8.005s] -- Symlinking: /home/zac/franka_ws/install/franka_msgs/include/franka_msgs/franka_msgs/srv/detail/set_cartesian_stiffness__struct.hpp
[8.020s] -- Symlinking: /home/zac/franka_ws/install/franka_msgs/include/franka_msgs/franka_msgs/srv/detail/set_cartesian_stiffness__traits.hpp
[8.037s] -- Symlinking: /home/zac/franka_ws/install/franka_msgs/include/franka_msgs/franka_msgs/srv/detail/set_force_torque_collision_behavior__builder.hpp
[8.051s] -- Symlinking: /home/zac/franka_ws/install/franka_msgs/include/franka_msgs/franka_msgs/srv/detail/set_force_torque_collision_behavior__struct.hpp
[8.067s] -- Symlinking: /home/zac/franka_ws/install/franka_msgs/include/franka_msgs/franka_msgs/srv/detail/set_force_torque_collision_behavior__traits.hpp
[8.082s] -- Symlinking: /home/zac/franka_ws/install/franka_msgs/include/franka_msgs/franka_msgs/srv/detail/set_full_collision_behavior__builder.hpp
[8.099s] -- Symlinking: /home/zac/franka_ws/install/franka_msgs/include/franka_msgs/franka_msgs/srv/detail/set_full_collision_behavior__struct.hpp
[8.114s] -- Symlinking: /home/zac/franka_ws/install/franka_msgs/include/franka_msgs/franka_msgs/srv/detail/set_full_collision_behavior__traits.hpp
[8.130s] -- Symlinking: /home/zac/franka_ws/install/franka_msgs/include/franka_msgs/franka_msgs/srv/detail/set_joint_stiffness__builder.hpp
[8.144s] -- Symlinking: /home/zac/franka_ws/install/franka_msgs/include/franka_msgs/franka_msgs/srv/detail/set_joint_stiffness__struct.hpp
[8.162s] -- Symlinking: /home/zac/franka_ws/install/franka_msgs/include/franka_msgs/franka_msgs/srv/detail/set_joint_stiffness__traits.hpp
[8.178s] -- Symlinking: /home/zac/franka_ws/install/franka_msgs/include/franka_msgs/franka_msgs/srv/detail/set_load__builder.hpp
[8.192s] -- Symlinking: /home/zac/franka_ws/install/franka_msgs/include/franka_msgs/franka_msgs/srv/detail/set_load__struct.hpp
[8.209s] -- Symlinking: /home/zac/franka_ws/install/franka_msgs/include/franka_msgs/franka_msgs/srv/detail/set_load__traits.hpp
[8.224s] -- Symlinking: /home/zac/franka_ws/install/franka_msgs/include/franka_msgs/franka_msgs/srv/detail/set_stiffness_frame__builder.hpp
[8.239s] -- Symlinking: /home/zac/franka_ws/install/franka_msgs/include/franka_msgs/franka_msgs/srv/detail/set_stiffness_frame__struct.hpp
[8.252s] -- Symlinking: /home/zac/franka_ws/install/franka_msgs/include/franka_msgs/franka_msgs/srv/detail/set_stiffness_frame__traits.hpp
[8.268s] -- Symlinking: /home/zac/franka_ws/install/franka_msgs/include/franka_msgs/franka_msgs/srv/detail/set_tcp_frame__builder.hpp
[8.282s] -- Symlinking: /home/zac/franka_ws/install/franka_msgs/include/franka_msgs/franka_msgs/srv/detail/set_tcp_frame__struct.hpp
[8.301s] -- Symlinking: /home/zac/franka_ws/install/franka_msgs/include/franka_msgs/franka_msgs/srv/detail/set_tcp_frame__traits.hpp
[8.328s] -- Symlinking: /home/zac/franka_ws/install/franka_msgs/include/franka_msgs/franka_msgs/srv/set_cartesian_stiffness.hpp
[8.368s] -- Symlinking: /home/zac/franka_ws/install/franka_msgs/include/franka_msgs/franka_msgs/srv/set_force_torque_collision_behavior.hpp
[8.389s] -- Symlinking: /home/zac/franka_ws/install/franka_msgs/include/franka_msgs/franka_msgs/srv/set_full_collision_behavior.hpp
[8.403s] -- Symlinking: /home/zac/franka_ws/install/franka_msgs/include/franka_msgs/franka_msgs/srv/set_joint_stiffness.hpp
[8.419s] -- Symlinking: /home/zac/franka_ws/install/franka_msgs/include/franka_msgs/franka_msgs/srv/set_load.hpp
[8.432s] -- Symlinking: /home/zac/franka_ws/install/franka_msgs/include/franka_msgs/franka_msgs/srv/set_stiffness_frame.hpp
[8.446s] -- Symlinking: /home/zac/franka_ws/install/franka_msgs/include/franka_msgs/franka_msgs/srv/set_tcp_frame.hpp
[8.464s] -- Symlinking: /home/zac/franka_ws/install/franka_msgs/include/franka_msgs/franka_msgs/action/detail/error_recovery__rosidl_typesupport_fastrtps_cpp.hpp
[8.479s] -- Symlinking: /home/zac/franka_ws/install/franka_msgs/include/franka_msgs/franka_msgs/action/detail/grasp__rosidl_typesupport_fastrtps_cpp.hpp
[8.494s] -- Symlinking: /home/zac/franka_ws/install/franka_msgs/include/franka_msgs/franka_msgs/action/detail/homing__rosidl_typesupport_fastrtps_cpp.hpp
[8.508s] -- Symlinking: /home/zac/franka_ws/install/franka_msgs/include/franka_msgs/franka_msgs/action/detail/move__rosidl_typesupport_fastrtps_cpp.hpp
[8.523s] -- Symlinking: /home/zac/franka_ws/install/franka_msgs/include/franka_msgs/franka_msgs/msg/detail/collision_indicators__rosidl_typesupport_fastrtps_cpp.hpp
[8.537s] -- Symlinking: /home/zac/franka_ws/install/franka_msgs/include/franka_msgs/franka_msgs/msg/detail/elbow__rosidl_typesupport_fastrtps_cpp.hpp
[8.553s] -- Symlinking: /home/zac/franka_ws/install/franka_msgs/include/franka_msgs/franka_msgs/msg/detail/errors__rosidl_typesupport_fastrtps_cpp.hpp
[8.567s] -- Symlinking: /home/zac/franka_ws/install/franka_msgs/include/franka_msgs/franka_msgs/msg/detail/franka_robot_state__rosidl_typesupport_fastrtps_cpp.hpp
[8.582s] -- Symlinking: /home/zac/franka_ws/install/franka_msgs/include/franka_msgs/franka_msgs/msg/detail/grasp_epsilon__rosidl_typesupport_fastrtps_cpp.hpp
[8.598s] -- Symlinking: /home/zac/franka_ws/install/franka_msgs/include/franka_msgs/franka_msgs/msg/rosidl_typesupport_fastrtps_cpp__visibility_control.h
[8.614s] -- Symlinking: /home/zac/franka_ws/install/franka_msgs/include/franka_msgs/franka_msgs/srv/detail/set_cartesian_stiffness__rosidl_typesupport_fastrtps_cpp.hpp
[8.628s] -- Symlinking: /home/zac/franka_ws/install/franka_msgs/include/franka_msgs/franka_msgs/srv/detail/set_force_torque_collision_behavior__rosidl_typesupport_fastrtps_cpp.hpp
[8.644s] -- Symlinking: /home/zac/franka_ws/install/franka_msgs/include/franka_msgs/franka_msgs/srv/detail/set_full_collision_behavior__rosidl_typesupport_fastrtps_cpp.hpp
[8.659s] -- Symlinking: /home/zac/franka_ws/install/franka_msgs/include/franka_msgs/franka_msgs/srv/detail/set_joint_stiffness__rosidl_typesupport_fastrtps_cpp.hpp
[8.674s] -- Symlinking: /home/zac/franka_ws/install/franka_msgs/include/franka_msgs/franka_msgs/srv/detail/set_load__rosidl_typesupport_fastrtps_cpp.hpp
[8.688s] -- Symlinking: /home/zac/franka_ws/install/franka_msgs/include/franka_msgs/franka_msgs/srv/detail/set_stiffness_frame__rosidl_typesupport_fastrtps_cpp.hpp
[8.704s] -- Symlinking: /home/zac/franka_ws/install/franka_msgs/include/franka_msgs/franka_msgs/srv/detail/set_tcp_frame__rosidl_typesupport_fastrtps_cpp.hpp
[8.720s] -- Symlinking: /home/zac/franka_ws/install/franka_msgs/include/franka_msgs/franka_msgs/action/detail/error_recovery__rosidl_typesupport_introspection_cpp.hpp
[8.736s] -- Symlinking: /home/zac/franka_ws/install/franka_msgs/include/franka_msgs/franka_msgs/action/detail/grasp__rosidl_typesupport_introspection_cpp.hpp
[8.751s] -- Symlinking: /home/zac/franka_ws/install/franka_msgs/include/franka_msgs/franka_msgs/action/detail/homing__rosidl_typesupport_introspection_cpp.hpp
[8.766s] -- Symlinking: /home/zac/franka_ws/install/franka_msgs/include/franka_msgs/franka_msgs/action/detail/move__rosidl_typesupport_introspection_cpp.hpp
[8.781s] -- Symlinking: /home/zac/franka_ws/install/franka_msgs/include/franka_msgs/franka_msgs/msg/detail/collision_indicators__rosidl_typesupport_introspection_cpp.hpp
[8.796s] -- Symlinking: /home/zac/franka_ws/install/franka_msgs/include/franka_msgs/franka_msgs/msg/detail/elbow__rosidl_typesupport_introspection_cpp.hpp
[8.811s] -- Symlinking: /home/zac/franka_ws/install/franka_msgs/include/franka_msgs/franka_msgs/msg/detail/errors__rosidl_typesupport_introspection_cpp.hpp
[8.824s] -- Symlinking: /home/zac/franka_ws/install/franka_msgs/include/franka_msgs/franka_msgs/msg/detail/franka_robot_state__rosidl_typesupport_introspection_cpp.hpp
[8.840s] -- Symlinking: /home/zac/franka_ws/install/franka_msgs/include/franka_msgs/franka_msgs/msg/detail/grasp_epsilon__rosidl_typesupport_introspection_cpp.hpp
[8.854s] -- Symlinking: /home/zac/franka_ws/install/franka_msgs/include/franka_msgs/franka_msgs/srv/detail/set_cartesian_stiffness__rosidl_typesupport_introspection_cpp.hpp
[8.870s] -- Symlinking: /home/zac/franka_ws/install/franka_msgs/include/franka_msgs/franka_msgs/srv/detail/set_force_torque_collision_behavior__rosidl_typesupport_introspection_cpp.hpp
[8.884s] -- Symlinking: /home/zac/franka_ws/install/franka_msgs/include/franka_msgs/franka_msgs/srv/detail/set_full_collision_behavior__rosidl_typesupport_introspection_cpp.hpp
[8.903s] -- Symlinking: /home/zac/franka_ws/install/franka_msgs/include/franka_msgs/franka_msgs/srv/detail/set_joint_stiffness__rosidl_typesupport_introspection_cpp.hpp
[8.918s] -- Symlinking: /home/zac/franka_ws/install/franka_msgs/include/franka_msgs/franka_msgs/srv/detail/set_load__rosidl_typesupport_introspection_cpp.hpp
[8.933s] -- Symlinking: /home/zac/franka_ws/install/franka_msgs/include/franka_msgs/franka_msgs/srv/detail/set_stiffness_frame__rosidl_typesupport_introspection_cpp.hpp
[8.947s] -- Symlinking: /home/zac/franka_ws/install/franka_msgs/include/franka_msgs/franka_msgs/srv/detail/set_tcp_frame__rosidl_typesupport_introspection_cpp.hpp
[8.963s] -- Symlinking: /home/zac/franka_ws/install/franka_msgs/share/franka_msgs/environment/pythonpath.sh
[8.978s] -- Symlinking: /home/zac/franka_ws/install/franka_msgs/share/franka_msgs/environment/pythonpath.dsv
[8.995s] -- Symlinking: /home/zac/franka_ws/install/franka_msgs/local/lib/python3.10/dist-packages/franka_msgs-0.1.15-py3.10.egg-info/PKG-INFO
[9.009s] -- Symlinking: /home/zac/franka_ws/install/franka_msgs/local/lib/python3.10/dist-packages/franka_msgs-0.1.15-py3.10.egg-info/SOURCES.txt
[9.024s] -- Symlinking: /home/zac/franka_ws/install/franka_msgs/local/lib/python3.10/dist-packages/franka_msgs-0.1.15-py3.10.egg-info/dependency_links.txt
[9.039s] -- Symlinking: /home/zac/franka_ws/install/franka_msgs/local/lib/python3.10/dist-packages/franka_msgs-0.1.15-py3.10.egg-info/top_level.txt
[9.057s] -- Symlinking: /home/zac/franka_ws/install/franka_msgs/local/lib/python3.10/dist-packages/franka_msgs/__init__.py
[9.072s] -- Symlinking: /home/zac/franka_ws/install/franka_msgs/local/lib/python3.10/dist-packages/franka_msgs/_franka_msgs_s.ep.rosidl_typesupport_c.c
[9.088s] -- Symlinking: /home/zac/franka_ws/install/franka_msgs/local/lib/python3.10/dist-packages/franka_msgs/_franka_msgs_s.ep.rosidl_typesupport_fastrtps_c.c
[9.103s] -- Symlinking: /home/zac/franka_ws/install/franka_msgs/local/lib/python3.10/dist-packages/franka_msgs/_franka_msgs_s.ep.rosidl_typesupport_introspection_c.c
[9.119s] -- Symlinking: /home/zac/franka_ws/install/franka_msgs/local/lib/python3.10/dist-packages/franka_msgs/action/__init__.py
[9.133s] -- Symlinking: /home/zac/franka_ws/install/franka_msgs/local/lib/python3.10/dist-packages/franka_msgs/action/_error_recovery.py
[9.147s] -- Symlinking: /home/zac/franka_ws/install/franka_msgs/local/lib/python3.10/dist-packages/franka_msgs/action/_error_recovery_s.c
[9.163s] -- Symlinking: /home/zac/franka_ws/install/franka_msgs/local/lib/python3.10/dist-packages/franka_msgs/action/_grasp.py
[9.177s] -- Symlinking: /home/zac/franka_ws/install/franka_msgs/local/lib/python3.10/dist-packages/franka_msgs/action/_grasp_s.c
[9.193s] -- Symlinking: /home/zac/franka_ws/install/franka_msgs/local/lib/python3.10/dist-packages/franka_msgs/action/_homing.py
[9.207s] -- Symlinking: /home/zac/franka_ws/install/franka_msgs/local/lib/python3.10/dist-packages/franka_msgs/action/_homing_s.c
[9.226s] -- Symlinking: /home/zac/franka_ws/install/franka_msgs/local/lib/python3.10/dist-packages/franka_msgs/action/_move.py
[9.244s] -- Symlinking: /home/zac/franka_ws/install/franka_msgs/local/lib/python3.10/dist-packages/franka_msgs/action/_move_s.c
[9.258s] -- Symlinking: /home/zac/franka_ws/install/franka_msgs/local/lib/python3.10/dist-packages/franka_msgs/franka_msgs_s__rosidl_typesupport_c.cpython-310-x86_64-linux-gnu.so
[9.271s] -- Symlinking: /home/zac/franka_ws/install/franka_msgs/local/lib/python3.10/dist-packages/franka_msgs/franka_msgs_s__rosidl_typesupport_fastrtps_c.cpython-310-x86_64-linux-gnu.so
[9.289s] -- Symlinking: /home/zac/franka_ws/install/franka_msgs/local/lib/python3.10/dist-packages/franka_msgs/franka_msgs_s__rosidl_typesupport_introspection_c.cpython-310-x86_64-linux-gnu.so
[9.304s] -- Symlinking: /home/zac/franka_ws/install/franka_msgs/local/lib/python3.10/dist-packages/franka_msgs/libfranka_msgs__rosidl_generator_py.so
[9.320s] -- Symlinking: /home/zac/franka_ws/install/franka_msgs/local/lib/python3.10/dist-packages/franka_msgs/msg/__init__.py
[9.334s] -- Symlinking: /home/zac/franka_ws/install/franka_msgs/local/lib/python3.10/dist-packages/franka_msgs/msg/_collision_indicators.py
[9.349s] -- Symlinking: /home/zac/franka_ws/install/franka_msgs/local/lib/python3.10/dist-packages/franka_msgs/msg/_collision_indicators_s.c
[9.364s] -- Symlinking: /home/zac/franka_ws/install/franka_msgs/local/lib/python3.10/dist-packages/franka_msgs/msg/_elbow.py
[9.381s] -- Symlinking: /home/zac/franka_ws/install/franka_msgs/local/lib/python3.10/dist-packages/franka_msgs/msg/_elbow_s.c
[9.395s] -- Symlinking: /home/zac/franka_ws/install/franka_msgs/local/lib/python3.10/dist-packages/franka_msgs/msg/_errors.py
[9.412s] -- Symlinking: /home/zac/franka_ws/install/franka_msgs/local/lib/python3.10/dist-packages/franka_msgs/msg/_errors_s.c
[9.427s] -- Symlinking: /home/zac/franka_ws/install/franka_msgs/local/lib/python3.10/dist-packages/franka_msgs/msg/_franka_robot_state.py
[9.442s] -- Symlinking: /home/zac/franka_ws/install/franka_msgs/local/lib/python3.10/dist-packages/franka_msgs/msg/_franka_robot_state_s.c
[9.456s] -- Symlinking: /home/zac/franka_ws/install/franka_msgs/local/lib/python3.10/dist-packages/franka_msgs/msg/_grasp_epsilon.py
[9.471s] -- Symlinking: /home/zac/franka_ws/install/franka_msgs/local/lib/python3.10/dist-packages/franka_msgs/msg/_grasp_epsilon_s.c
[9.485s] -- Symlinking: /home/zac/franka_ws/install/franka_msgs/local/lib/python3.10/dist-packages/franka_msgs/srv/__init__.py
[9.502s] -- Symlinking: /home/zac/franka_ws/install/franka_msgs/local/lib/python3.10/dist-packages/franka_msgs/srv/_set_cartesian_stiffness.py
[9.517s] -- Symlinking: /home/zac/franka_ws/install/franka_msgs/local/lib/python3.10/dist-packages/franka_msgs/srv/_set_cartesian_stiffness_s.c
[9.533s] -- Symlinking: /home/zac/franka_ws/install/franka_msgs/local/lib/python3.10/dist-packages/franka_msgs/srv/_set_force_torque_collision_behavior.py
[9.549s] -- Symlinking: /home/zac/franka_ws/install/franka_msgs/local/lib/python3.10/dist-packages/franka_msgs/srv/_set_force_torque_collision_behavior_s.c
[9.564s] -- Symlinking: /home/zac/franka_ws/install/franka_msgs/local/lib/python3.10/dist-packages/franka_msgs/srv/_set_full_collision_behavior.py
[9.580s] -- Symlinking: /home/zac/franka_ws/install/franka_msgs/local/lib/python3.10/dist-packages/franka_msgs/srv/_set_full_collision_behavior_s.c
[9.594s] -- Symlinking: /home/zac/franka_ws/install/franka_msgs/local/lib/python3.10/dist-packages/franka_msgs/srv/_set_joint_stiffness.py
[9.610s] -- Symlinking: /home/zac/franka_ws/install/franka_msgs/local/lib/python3.10/dist-packages/franka_msgs/srv/_set_joint_stiffness_s.c
[9.624s] -- Symlinking: /home/zac/franka_ws/install/franka_msgs/local/lib/python3.10/dist-packages/franka_msgs/srv/_set_load.py
[9.640s] -- Symlinking: /home/zac/franka_ws/install/franka_msgs/local/lib/python3.10/dist-packages/franka_msgs/srv/_set_load_s.c
[9.655s] -- Symlinking: /home/zac/franka_ws/install/franka_msgs/local/lib/python3.10/dist-packages/franka_msgs/srv/_set_stiffness_frame.py
[9.671s] -- Symlinking: /home/zac/franka_ws/install/franka_msgs/local/lib/python3.10/dist-packages/franka_msgs/srv/_set_stiffness_frame_s.c
[9.685s] -- Symlinking: /home/zac/franka_ws/install/franka_msgs/local/lib/python3.10/dist-packages/franka_msgs/srv/_set_tcp_frame.py
[9.702s] -- Symlinking: /home/zac/franka_ws/install/franka_msgs/local/lib/python3.10/dist-packages/franka_msgs/srv/_set_tcp_frame_s.c
[9.717s] -- Up-to-date symlink: /home/zac/franka_ws/install/franka_msgs/local/lib/python3.10/dist-packages/franka_msgs/franka_msgs_s__rosidl_typesupport_fastrtps_c.cpython-310-x86_64-linux-gnu.so
[9.717s] -- Up-to-date symlink: /home/zac/franka_ws/install/franka_msgs/local/lib/python3.10/dist-packages/franka_msgs/franka_msgs_s__rosidl_typesupport_introspection_c.cpython-310-x86_64-linux-gnu.so
[9.718s] -- Up-to-date symlink: /home/zac/franka_ws/install/franka_msgs/local/lib/python3.10/dist-packages/franka_msgs/franka_msgs_s__rosidl_typesupport_c.cpython-310-x86_64-linux-gnu.so
[9.718s] -- Symlinking: /home/zac/franka_ws/install/franka_msgs/share/franka_msgs/action/ErrorRecovery.idl
[9.734s] -- Symlinking: /home/zac/franka_ws/install/franka_msgs/share/franka_msgs/action/Grasp.idl
[9.748s] -- Symlinking: /home/zac/franka_ws/install/franka_msgs/share/franka_msgs/action/Homing.idl
[9.764s] -- Symlinking: /home/zac/franka_ws/install/franka_msgs/share/franka_msgs/action/Move.idl
[9.779s] -- Symlinking: /home/zac/franka_ws/install/franka_msgs/share/franka_msgs/msg/CollisionIndicators.idl
[9.799s] -- Symlinking: /home/zac/franka_ws/install/franka_msgs/share/franka_msgs/msg/Elbow.idl
[9.813s] -- Symlinking: /home/zac/franka_ws/install/franka_msgs/share/franka_msgs/msg/Errors.idl
[9.832s] -- Symlinking: /home/zac/franka_ws/install/franka_msgs/share/franka_msgs/msg/GraspEpsilon.idl
[9.848s] -- Symlinking: /home/zac/franka_ws/install/franka_msgs/share/franka_msgs/msg/FrankaRobotState.idl
[9.864s] -- Symlinking: /home/zac/franka_ws/install/franka_msgs/share/franka_msgs/srv/SetCartesianStiffness.idl
[9.879s] -- Symlinking: /home/zac/franka_ws/install/franka_msgs/share/franka_msgs/srv/SetTCPFrame.idl
[9.896s] -- Symlinking: /home/zac/franka_ws/install/franka_msgs/share/franka_msgs/srv/SetForceTorqueCollisionBehavior.idl
[9.911s] -- Symlinking: /home/zac/franka_ws/install/franka_msgs/share/franka_msgs/srv/SetFullCollisionBehavior.idl
[9.927s] -- Symlinking: /home/zac/franka_ws/install/franka_msgs/share/franka_msgs/srv/SetJointStiffness.idl
[9.941s] -- Symlinking: /home/zac/franka_ws/install/franka_msgs/share/franka_msgs/srv/SetStiffnessFrame.idl
[9.957s] -- Symlinking: /home/zac/franka_ws/install/franka_msgs/share/franka_msgs/srv/SetLoad.idl
[9.971s] -- Symlinking: /home/zac/franka_ws/install/franka_msgs/share/franka_msgs/action/ErrorRecovery.action
[9.988s] -- Symlinking: /home/zac/franka_ws/install/franka_msgs/share/franka_msgs/action/Grasp.action
[10.002s] -- Symlinking: /home/zac/franka_ws/install/franka_msgs/share/franka_msgs/action/Homing.action
[10.018s] -- Symlinking: /home/zac/franka_ws/install/franka_msgs/share/franka_msgs/action/Move.action
[10.033s] -- Symlinking: /home/zac/franka_ws/install/franka_msgs/share/franka_msgs/msg/CollisionIndicators.msg
[10.048s] -- Symlinking: /home/zac/franka_ws/install/franka_msgs/share/franka_msgs/msg/Elbow.msg
[10.063s] -- Symlinking: /home/zac/franka_ws/install/franka_msgs/share/franka_msgs/msg/Errors.msg
[10.077s] -- Symlinking: /home/zac/franka_ws/install/franka_msgs/share/franka_msgs/msg/GraspEpsilon.msg
[10.092s] -- Symlinking: /home/zac/franka_ws/install/franka_msgs/share/franka_msgs/msg/FrankaRobotState.msg
[10.107s] -- Symlinking: /home/zac/franka_ws/install/franka_msgs/share/franka_msgs/srv/SetCartesianStiffness.srv
[10.122s] -- Symlinking: /home/zac/franka_ws/install/franka_msgs/share/franka_msgs/srv/SetCartesianStiffness_Request.msg
[10.138s] -- Symlinking: /home/zac/franka_ws/install/franka_msgs/share/franka_msgs/srv/SetCartesianStiffness_Response.msg
[10.154s] -- Symlinking: /home/zac/franka_ws/install/franka_msgs/share/franka_msgs/srv/SetTCPFrame.srv
[10.168s] -- Symlinking: /home/zac/franka_ws/install/franka_msgs/share/franka_msgs/srv/SetTCPFrame_Request.msg
[10.184s] -- Symlinking: /home/zac/franka_ws/install/franka_msgs/share/franka_msgs/srv/SetTCPFrame_Response.msg
[10.200s] -- Symlinking: /home/zac/franka_ws/install/franka_msgs/share/franka_msgs/srv/SetForceTorqueCollisionBehavior.srv
[10.216s] -- Symlinking: /home/zac/franka_ws/install/franka_msgs/share/franka_msgs/srv/SetForceTorqueCollisionBehavior_Request.msg
[10.230s] -- Symlinking: /home/zac/franka_ws/install/franka_msgs/share/franka_msgs/srv/SetForceTorqueCollisionBehavior_Response.msg
[10.249s] -- Symlinking: /home/zac/franka_ws/install/franka_msgs/share/franka_msgs/srv/SetFullCollisionBehavior.srv
[10.263s] -- Symlinking: /home/zac/franka_ws/install/franka_msgs/share/franka_msgs/srv/SetFullCollisionBehavior_Request.msg
[10.279s] -- Symlinking: /home/zac/franka_ws/install/franka_msgs/share/franka_msgs/srv/SetFullCollisionBehavior_Response.msg
[10.298s] -- Symlinking: /home/zac/franka_ws/install/franka_msgs/share/franka_msgs/srv/SetJointStiffness.srv
[10.314s] -- Symlinking: /home/zac/franka_ws/install/franka_msgs/share/franka_msgs/srv/SetJointStiffness_Request.msg
[10.328s] -- Symlinking: /home/zac/franka_ws/install/franka_msgs/share/franka_msgs/srv/SetJointStiffness_Response.msg
[10.343s] -- Symlinking: /home/zac/franka_ws/install/franka_msgs/share/franka_msgs/srv/SetStiffnessFrame.srv
[10.358s] -- Symlinking: /home/zac/franka_ws/install/franka_msgs/share/franka_msgs/srv/SetStiffnessFrame_Request.msg
[10.372s] -- Symlinking: /home/zac/franka_ws/install/franka_msgs/share/franka_msgs/srv/SetStiffnessFrame_Response.msg
[10.387s] -- Symlinking: /home/zac/franka_ws/install/franka_msgs/share/franka_msgs/srv/SetLoad.srv
[10.403s] -- Symlinking: /home/zac/franka_ws/install/franka_msgs/share/franka_msgs/srv/SetLoad_Request.msg
[10.416s] -- Symlinking: /home/zac/franka_ws/install/franka_msgs/share/franka_msgs/srv/SetLoad_Response.msg
[10.430s] -- Symlinking: /home/zac/franka_ws/install/franka_msgs/share/ament_index/resource_index/package_run_dependencies/franka_msgs
[10.444s] -- Symlinking: /home/zac/franka_ws/install/franka_msgs/share/ament_index/resource_index/parent_prefix_path/franka_msgs
[10.458s] -- Symlinking: /home/zac/franka_ws/install/franka_msgs/share/franka_msgs/environment/ament_prefix_path.sh
[10.474s] -- Symlinking: /home/zac/franka_ws/install/franka_msgs/share/franka_msgs/environment/ament_prefix_path.dsv
[10.488s] -- Symlinking: /home/zac/franka_ws/install/franka_msgs/share/franka_msgs/environment/path.sh
[10.504s] -- Symlinking: /home/zac/franka_ws/install/franka_msgs/share/franka_msgs/environment/path.dsv
[10.518s] -- Symlinking: /home/zac/franka_ws/install/franka_msgs/share/franka_msgs/local_setup.bash
[10.534s] -- Symlinking: /home/zac/franka_ws/install/franka_msgs/share/franka_msgs/local_setup.sh
[10.548s] -- Symlinking: /home/zac/franka_ws/install/franka_msgs/share/franka_msgs/local_setup.zsh
[10.564s] -- Symlinking: /home/zac/franka_ws/install/franka_msgs/share/franka_msgs/local_setup.dsv
[10.579s] -- Symlinking: /home/zac/franka_ws/install/franka_msgs/share/franka_msgs/package.dsv
[10.594s] -- Symlinking: /home/zac/franka_ws/install/franka_msgs/share/ament_index/resource_index/packages/franka_msgs
[10.609s] -- Symlinking: /home/zac/franka_ws/install/franka_msgs/share/franka_msgs/cmake/rosidl_cmake-extras.cmake
[10.626s] -- Symlinking: /home/zac/franka_ws/install/franka_msgs/share/franka_msgs/cmake/ament_cmake_export_dependencies-extras.cmake
[10.640s] -- Symlinking: /home/zac/franka_ws/install/franka_msgs/share/franka_msgs/cmake/ament_cmake_export_include_directories-extras.cmake
[10.655s] -- Symlinking: /home/zac/franka_ws/install/franka_msgs/share/franka_msgs/cmake/ament_cmake_export_libraries-extras.cmake
[10.670s] -- Symlinking: /home/zac/franka_ws/install/franka_msgs/share/franka_msgs/cmake/ament_cmake_export_targets-extras.cmake
[10.684s] -- Symlinking: /home/zac/franka_ws/install/franka_msgs/share/franka_msgs/cmake/rosidl_cmake_export_typesupport_targets-extras.cmake
[10.699s] -- Symlinking: /home/zac/franka_ws/install/franka_msgs/share/franka_msgs/cmake/rosidl_cmake_export_typesupport_libraries-extras.cmake
[10.714s] -- Symlinking: /home/zac/franka_ws/install/franka_msgs/share/franka_msgs/cmake/franka_msgsConfig.cmake
[10.729s] -- Symlinking: /home/zac/franka_ws/install/franka_msgs/share/franka_msgs/cmake/franka_msgsConfig-version.cmake
[10.744s] -- Symlinking: /home/zac/franka_ws/install/franka_msgs/share/franka_msgs/package.xml
[10.760s] -- Up-to-date: /home/zac/franka_ws/install/franka_msgs/lib/libfranka_msgs__rosidl_generator_c.so
[10.760s] -- Up-to-date: /home/zac/franka_ws/install/franka_msgs/lib/libfranka_msgs__rosidl_typesupport_fastrtps_c.so
[10.761s] -- Up-to-date: /home/zac/franka_ws/install/franka_msgs/lib/libfranka_msgs__rosidl_typesupport_introspection_c.so
[10.762s] -- Up-to-date: /home/zac/franka_ws/install/franka_msgs/lib/libfranka_msgs__rosidl_typesupport_c.so
[10.762s] -- Up-to-date: /home/zac/franka_ws/install/franka_msgs/lib/libfranka_msgs__rosidl_typesupport_fastrtps_cpp.so
[10.763s] -- Up-to-date: /home/zac/franka_ws/install/franka_msgs/lib/libfranka_msgs__rosidl_typesupport_introspection_cpp.so
[10.763s] -- Up-to-date: /home/zac/franka_ws/install/franka_msgs/lib/libfranka_msgs__rosidl_typesupport_cpp.so
[10.818s] Listing '/home/zac/franka_ws/install/franka_msgs/local/lib/python3.10/dist-packages/franka_msgs'...
[10.819s] Compiling '/home/zac/franka_ws/install/franka_msgs/local/lib/python3.10/dist-packages/franka_msgs/__init__.py'...
[10.819s] Listing '/home/zac/franka_ws/install/franka_msgs/local/lib/python3.10/dist-packages/franka_msgs/action'...
[10.819s] Listing '/home/zac/franka_ws/install/franka_msgs/local/lib/python3.10/dist-packages/franka_msgs/msg'...
[10.819s] Listing '/home/zac/franka_ws/install/franka_msgs/local/lib/python3.10/dist-packages/franka_msgs/srv'...
[10.826s] -- Up-to-date: /home/zac/franka_ws/install/franka_msgs/lib/libfranka_msgs__rosidl_generator_py.so
[10.826s] -- Up-to-date: /home/zac/franka_ws/install/franka_msgs/share/franka_msgs/cmake/export_franka_msgs__rosidl_generator_cExport.cmake
[10.826s] -- Up-to-date: /home/zac/franka_ws/install/franka_msgs/share/franka_msgs/cmake/export_franka_msgs__rosidl_generator_cExport-release.cmake
[10.826s] -- Up-to-date: /home/zac/franka_ws/install/franka_msgs/share/franka_msgs/cmake/export_franka_msgs__rosidl_typesupport_fastrtps_cExport.cmake
[10.827s] -- Up-to-date: /home/zac/franka_ws/install/franka_msgs/share/franka_msgs/cmake/export_franka_msgs__rosidl_typesupport_fastrtps_cExport-release.cmake
[10.827s] -- Up-to-date: /home/zac/franka_ws/install/franka_msgs/share/franka_msgs/cmake/franka_msgs__rosidl_typesupport_introspection_cExport.cmake
[10.827s] -- Up-to-date: /home/zac/franka_ws/install/franka_msgs/share/franka_msgs/cmake/franka_msgs__rosidl_typesupport_introspection_cExport-release.cmake
[10.827s] -- Up-to-date: /home/zac/franka_ws/install/franka_msgs/share/franka_msgs/cmake/franka_msgs__rosidl_typesupport_cExport.cmake
[10.827s] -- Up-to-date: /home/zac/franka_ws/install/franka_msgs/share/franka_msgs/cmake/franka_msgs__rosidl_typesupport_cExport-release.cmake
[10.827s] -- Up-to-date: /home/zac/franka_ws/install/franka_msgs/share/franka_msgs/cmake/export_franka_msgs__rosidl_generator_cppExport.cmake
[10.827s] -- Up-to-date: /home/zac/franka_ws/install/franka_msgs/share/franka_msgs/cmake/export_franka_msgs__rosidl_typesupport_fastrtps_cppExport.cmake
[10.828s] -- Up-to-date: /home/zac/franka_ws/install/franka_msgs/share/franka_msgs/cmake/export_franka_msgs__rosidl_typesupport_fastrtps_cppExport-release.cmake
[10.828s] -- Up-to-date: /home/zac/franka_ws/install/franka_msgs/share/franka_msgs/cmake/franka_msgs__rosidl_typesupport_introspection_cppExport.cmake
[10.828s] -- Up-to-date: /home/zac/franka_ws/install/franka_msgs/share/franka_msgs/cmake/franka_msgs__rosidl_typesupport_introspection_cppExport-release.cmake
[10.828s] -- Up-to-date: /home/zac/franka_ws/install/franka_msgs/share/franka_msgs/cmake/franka_msgs__rosidl_typesupport_cppExport.cmake
[10.828s] -- Up-to-date: /home/zac/franka_ws/install/franka_msgs/share/franka_msgs/cmake/franka_msgs__rosidl_typesupport_cppExport-release.cmake
[10.828s] -- Up-to-date: /home/zac/franka_ws/install/franka_msgs/share/franka_msgs/cmake/export_franka_msgs__rosidl_generator_pyExport.cmake
[10.828s] -- Up-to-date: /home/zac/franka_ws/install/franka_msgs/share/franka_msgs/cmake/export_franka_msgs__rosidl_generator_pyExport-release.cmake
[10.832s] Invoked command in '/home/zac/franka_ws/build/franka_msgs' returned '0': CMAKE_PREFIX_PATH=${CMAKE_PREFIX_PATH}:/home/zac/franka_ws/install/moveit_configs_utils:/opt/ros/humble /usr/bin/cmake --install /home/zac/franka_ws/build/franka_msgs
