[0.080s] Invoking command in '/home/zac/franka_ws/build/moveit_common': CMAKE_PREFIX_PATH=${CMAKE_PREFIX_PATH}:/home/zac/franka_ws/install/moveit_configs_utils:/opt/ros/humble /usr/bin/cmake --build /home/zac/franka_ws/build/moveit_common -- -j8 -l8
[0.532s] Invoked command in '/home/zac/franka_ws/build/moveit_common' returned '0': CMAKE_PREFIX_PATH=${CMAKE_PREFIX_PATH}:/home/zac/franka_ws/install/moveit_configs_utils:/opt/ros/humble /usr/bin/cmake --build /home/zac/franka_ws/build/moveit_common -- -j8 -l8
[0.619s] Invoking command in '/home/zac/franka_ws/build/moveit_common': CMAKE_PREFIX_PATH=${CMAKE_PREFIX_PATH}:/home/zac/franka_ws/install/moveit_configs_utils:/opt/ros/humble /usr/bin/cmake --install /home/zac/franka_ws/build/moveit_common
[0.635s] -- Install configuration: ""
[0.636s] -- Execute custom install script
[0.638s] -- Up-to-date symlink: /home/zac/franka_ws/install/moveit_common/share/ament_index/resource_index/package_run_dependencies/moveit_common
[0.638s] -- Up-to-date symlink: /home/zac/franka_ws/install/moveit_common/share/ament_index/resource_index/parent_prefix_path/moveit_common
[0.640s] -- Up-to-date symlink: /home/zac/franka_ws/install/moveit_common/share/moveit_common/environment/ament_prefix_path.sh
[0.641s] -- Up-to-date symlink: /home/zac/franka_ws/install/moveit_common/share/moveit_common/environment/ament_prefix_path.dsv
[0.643s] -- Up-to-date symlink: /home/zac/franka_ws/install/moveit_common/share/moveit_common/environment/path.sh
[0.643s] -- Up-to-date symlink: /home/zac/franka_ws/install/moveit_common/share/moveit_common/environment/path.dsv
[0.644s] -- Up-to-date symlink: /home/zac/franka_ws/install/moveit_common/share/moveit_common/local_setup.bash
[0.644s] -- Up-to-date symlink: /home/zac/franka_ws/install/moveit_common/share/moveit_common/local_setup.sh
[0.645s] -- Up-to-date symlink: /home/zac/franka_ws/install/moveit_common/share/moveit_common/local_setup.zsh
[0.646s] -- Up-to-date symlink: /home/zac/franka_ws/install/moveit_common/share/moveit_common/local_setup.dsv
[0.646s] -- Symlinking: /home/zac/franka_ws/install/moveit_common/share/moveit_common/package.dsv
[0.669s] -- Up-to-date symlink: /home/zac/franka_ws/install/moveit_common/share/ament_index/resource_index/packages/moveit_common
[0.670s] -- Up-to-date symlink: /home/zac/franka_ws/install/moveit_common/share/moveit_common/cmake/moveit_common-extras.cmake
[0.671s] -- Up-to-date symlink: /home/zac/franka_ws/install/moveit_common/share/moveit_common/cmake/moveit_commonConfig.cmake
[0.672s] -- Up-to-date symlink: /home/zac/franka_ws/install/moveit_common/share/moveit_common/cmake/moveit_commonConfig-version.cmake
[0.672s] -- Up-to-date symlink: /home/zac/franka_ws/install/moveit_common/share/moveit_common/package.xml
[0.675s] -- Up-to-date symlink: /home/zac/franka_ws/install/moveit_common/share/moveit_common/cmake/moveit_package.cmake
[0.680s] Invoked command in '/home/zac/franka_ws/build/moveit_common' returned '0': CMAKE_PREFIX_PATH=${CMAKE_PREFIX_PATH}:/home/zac/franka_ws/install/moveit_configs_utils:/opt/ros/humble /usr/bin/cmake --install /home/zac/franka_ws/build/moveit_common
