[0.027s] Invoking command in '/home/zac/franka_ws/build/franka_msgs': CMAKE_PREFIX_PATH=/opt/ros/humble /usr/bin/cmake /home/zac/franka_ws/src/franka_ros2/franka_msgs -DCMAKE_BUILD_TYPE=Release -DCMAKE_INSTALL_PREFIX=/home/zac/franka_ws/install/franka_msgs
[0.045s] -- Found ament_cmake: 1.3.10 (/opt/ros/humble/share/ament_cmake/cmake)
[0.192s] -- Found rosidl_default_generators: 1.2.0 (/opt/ros/humble/share/rosidl_default_generators/cmake)
[0.194s] -- Using all available rosidl_typesupport_c: rosidl_typesupport_fastrtps_c;rosidl_typesupport_introspection_c
[0.199s] -- Found rosidl_adapter: 3.1.5 (/opt/ros/humble/share/rosidl_adapter/cmake)
[0.260s] -- Using all available rosidl_typesupport_cpp: rosidl_typesupport_fastrtps_cpp;rosidl_typesupport_introspection_cpp
[0.310s] -- Found std_msgs: 4.2.4 (/opt/ros/humble/share/std_msgs/cmake)
[0.357s] -- Found geometry_msgs: 4.2.4 (/opt/ros/humble/share/geometry_msgs/cmake)
[0.383s] -- Found sensor_msgs: 4.2.4 (/opt/ros/humble/share/sensor_msgs/cmake)
[1.029s] -- Found ament_cmake_ros: 0.10.0 (/opt/ros/humble/share/ament_cmake_ros/cmake)
[1.362s] -- Using all available rosidl_typesupport_c: rosidl_typesupport_fastrtps_c;rosidl_typesupport_introspection_c
[1.777s] -- Using all available rosidl_typesupport_cpp: rosidl_typesupport_fastrtps_cpp;rosidl_typesupport_introspection_cpp
[1.801s] -- Found python_cmake_module: 0.10.0 (/opt/ros/humble/share/python_cmake_module/cmake)
[1.825s] -- Using PYTHON_EXECUTABLE: /usr/bin/python3
[1.825s] -- Using PYTHON_INCLUDE_DIRS: /usr/include/python3.10
[1.825s] -- Using PYTHON_LIBRARIES: /usr/lib/x86_64-linux-gnu/libpython3.10.so
[1.885s] -- Found ament_lint_auto: 0.12.11 (/opt/ros/humble/share/ament_lint_auto/cmake)
[1.896s] -- Added test 'copyright' to check source files copyright and LICENSE
[1.900s] -- Added test 'lint_cmake' to check CMake code style
[1.902s] -- Added test 'xmllint' to check XML markup files
[1.904s] -- Configuring done
[1.984s] -- Generating done
[1.989s] -- Build files have been written to: /home/zac/franka_ws/build/franka_msgs
[1.998s] Invoked command in '/home/zac/franka_ws/build/franka_msgs' returned '0': CMAKE_PREFIX_PATH=/opt/ros/humble /usr/bin/cmake /home/zac/franka_ws/src/franka_ros2/franka_msgs -DCMAKE_BUILD_TYPE=Release -DCMAKE_INSTALL_PREFIX=/home/zac/franka_ws/install/franka_msgs
[2.000s] Invoking command in '/home/zac/franka_ws/build/franka_msgs': CMAKE_PREFIX_PATH=/opt/ros/humble /usr/bin/cmake --build /home/zac/franka_ws/build/franka_msgs -- -j8 -l8
[2.052s] [35m[1mConsolidate compiler generated dependencies of target franka_msgs__rosidl_generator_c[0m
[2.061s] [  0%] Built target franka_msgs__cpp
[2.077s] [ 12%] Built target franka_msgs__rosidl_generator_c
[2.078s] [ 12%] Built target ament_cmake_python_copy_franka_msgs
[2.079s] [35m[1mConsolidate compiler generated dependencies of target franka_msgs__rosidl_typesupport_fastrtps_cpp[0m
[2.080s] [35m[1mConsolidate compiler generated dependencies of target franka_msgs__rosidl_typesupport_introspection_cpp[0m
[2.083s] [35m[1mConsolidate compiler generated dependencies of target franka_msgs__rosidl_typesupport_cpp[0m
[2.098s] [35m[1mConsolidate compiler generated dependencies of target franka_msgs__rosidl_typesupport_c[0m
[2.100s] [35m[1mConsolidate compiler generated dependencies of target franka_msgs__rosidl_typesupport_introspection_c[0m
[2.105s] [35m[1mConsolidate compiler generated dependencies of target franka_msgs__rosidl_typesupport_fastrtps_c[0m
[2.129s] [ 28%] Built target franka_msgs__rosidl_typesupport_c
[2.129s] [ 36%] Built target franka_msgs__rosidl_typesupport_introspection_cpp
[2.132s] [ 48%] Built target franka_msgs__rosidl_typesupport_cpp
[2.134s] [ 60%] Built target franka_msgs__rosidl_typesupport_introspection_c
[2.139s] [ 72%] Built target franka_msgs__rosidl_typesupport_fastrtps_cpp
[2.149s] [ 84%] Built target franka_msgs__rosidl_typesupport_fastrtps_c
[2.172s] [ 84%] Built target franka_msgs
[2.197s] [ 85%] Built target franka_msgs__py
[2.212s] [35m[1mConsolidate compiler generated dependencies of target franka_msgs__rosidl_generator_py[0m
[2.249s] [ 96%] Built target franka_msgs__rosidl_generator_py
[2.261s] [35m[1mConsolidate compiler generated dependencies of target franka_msgs__rosidl_typesupport_introspection_c__pyext[0m
[2.261s] [35m[1mConsolidate compiler generated dependencies of target franka_msgs__rosidl_typesupport_fastrtps_c__pyext[0m
[2.261s] [35m[1mConsolidate compiler generated dependencies of target franka_msgs__rosidl_typesupport_c__pyext[0m
[2.278s] [ 99%] Built target franka_msgs__rosidl_typesupport_fastrtps_c__pyext
[2.278s] [ 99%] Built target franka_msgs__rosidl_typesupport_c__pyext
[2.278s] [100%] Built target franka_msgs__rosidl_typesupport_introspection_c__pyext
[2.363s] running egg_info
[2.364s] writing franka_msgs.egg-info/PKG-INFO
[2.364s] writing dependency_links to franka_msgs.egg-info/dependency_links.txt
[2.365s] writing top-level names to franka_msgs.egg-info/top_level.txt
[2.368s] reading manifest file 'franka_msgs.egg-info/SOURCES.txt'
[2.369s] writing manifest file 'franka_msgs.egg-info/SOURCES.txt'
[2.396s] [100%] Built target ament_cmake_python_build_franka_msgs_egg
[2.410s] Invoked command in '/home/zac/franka_ws/build/franka_msgs' returned '0': CMAKE_PREFIX_PATH=/opt/ros/humble /usr/bin/cmake --build /home/zac/franka_ws/build/franka_msgs -- -j8 -l8
[2.818s] Invoking command in '/home/zac/franka_ws/build/franka_msgs': CMAKE_PREFIX_PATH=/opt/ros/humble /usr/bin/cmake --install /home/zac/franka_ws/build/franka_msgs
[2.827s] -- Install configuration: "Release"
[2.827s] -- Up-to-date: /home/zac/franka_ws/install/franka_msgs/share/ament_index/resource_index/rosidl_interfaces/franka_msgs
[2.827s] -- Up-to-date: /home/zac/franka_ws/install/franka_msgs/include/franka_msgs/franka_msgs
[2.827s] -- Up-to-date: /home/zac/franka_ws/install/franka_msgs/include/franka_msgs/franka_msgs/srv
[2.828s] -- Up-to-date: /home/zac/franka_ws/install/franka_msgs/include/franka_msgs/franka_msgs/srv/set_load.h
[2.828s] -- Up-to-date: /home/zac/franka_ws/install/franka_msgs/include/franka_msgs/franka_msgs/srv/set_joint_stiffness.h
[2.828s] -- Up-to-date: /home/zac/franka_ws/install/franka_msgs/include/franka_msgs/franka_msgs/srv/set_full_collision_behavior.h
[2.828s] -- Up-to-date: /home/zac/franka_ws/install/franka_msgs/include/franka_msgs/franka_msgs/srv/detail
[2.828s] -- Up-to-date: /home/zac/franka_ws/install/franka_msgs/include/franka_msgs/franka_msgs/srv/detail/set_tcp_frame__type_support.h
[2.828s] -- Up-to-date: /home/zac/franka_ws/install/franka_msgs/include/franka_msgs/franka_msgs/srv/detail/set_stiffness_frame__struct.h
[2.828s] -- Up-to-date: /home/zac/franka_ws/install/franka_msgs/include/franka_msgs/franka_msgs/srv/detail/set_force_torque_collision_behavior__struct.h
[2.829s] -- Up-to-date: /home/zac/franka_ws/install/franka_msgs/include/franka_msgs/franka_msgs/srv/detail/set_force_torque_collision_behavior__functions.h
[2.829s] -- Up-to-date: /home/zac/franka_ws/install/franka_msgs/include/franka_msgs/franka_msgs/srv/detail/set_stiffness_frame__type_support.h
[2.829s] -- Up-to-date: /home/zac/franka_ws/install/franka_msgs/include/franka_msgs/franka_msgs/srv/detail/set_joint_stiffness__type_support.h
[2.829s] -- Up-to-date: /home/zac/franka_ws/install/franka_msgs/include/franka_msgs/franka_msgs/srv/detail/set_joint_stiffness__functions.c
[2.829s] -- Up-to-date: /home/zac/franka_ws/install/franka_msgs/include/franka_msgs/franka_msgs/srv/detail/set_joint_stiffness__functions.h
[2.829s] -- Up-to-date: /home/zac/franka_ws/install/franka_msgs/include/franka_msgs/franka_msgs/srv/detail/set_load__type_support.h
[2.830s] -- Up-to-date: /home/zac/franka_ws/install/franka_msgs/include/franka_msgs/franka_msgs/srv/detail/set_full_collision_behavior__functions.h
[2.830s] -- Up-to-date: /home/zac/franka_ws/install/franka_msgs/include/franka_msgs/franka_msgs/srv/detail/set_tcp_frame__functions.h
[2.830s] -- Up-to-date: /home/zac/franka_ws/install/franka_msgs/include/franka_msgs/franka_msgs/srv/detail/set_full_collision_behavior__struct.h
[2.830s] -- Up-to-date: /home/zac/franka_ws/install/franka_msgs/include/franka_msgs/franka_msgs/srv/detail/set_full_collision_behavior__type_support.h
[2.830s] -- Up-to-date: /home/zac/franka_ws/install/franka_msgs/include/franka_msgs/franka_msgs/srv/detail/set_cartesian_stiffness__functions.c
[2.830s] -- Up-to-date: /home/zac/franka_ws/install/franka_msgs/include/franka_msgs/franka_msgs/srv/detail/set_load__functions.h
[2.830s] -- Up-to-date: /home/zac/franka_ws/install/franka_msgs/include/franka_msgs/franka_msgs/srv/detail/set_tcp_frame__functions.c
[2.831s] -- Up-to-date: /home/zac/franka_ws/install/franka_msgs/include/franka_msgs/franka_msgs/srv/detail/set_cartesian_stiffness__type_support.h
[2.831s] -- Up-to-date: /home/zac/franka_ws/install/franka_msgs/include/franka_msgs/franka_msgs/srv/detail/set_cartesian_stiffness__functions.h
[2.831s] -- Up-to-date: /home/zac/franka_ws/install/franka_msgs/include/franka_msgs/franka_msgs/srv/detail/set_load__struct.h
[2.831s] -- Up-to-date: /home/zac/franka_ws/install/franka_msgs/include/franka_msgs/franka_msgs/srv/detail/set_tcp_frame__struct.h
[2.831s] -- Up-to-date: /home/zac/franka_ws/install/franka_msgs/include/franka_msgs/franka_msgs/srv/detail/set_full_collision_behavior__functions.c
[2.831s] -- Up-to-date: /home/zac/franka_ws/install/franka_msgs/include/franka_msgs/franka_msgs/srv/detail/set_cartesian_stiffness__struct.h
[2.831s] -- Up-to-date: /home/zac/franka_ws/install/franka_msgs/include/franka_msgs/franka_msgs/srv/detail/set_load__functions.c
[2.831s] -- Up-to-date: /home/zac/franka_ws/install/franka_msgs/include/franka_msgs/franka_msgs/srv/detail/set_force_torque_collision_behavior__functions.c
[2.831s] -- Up-to-date: /home/zac/franka_ws/install/franka_msgs/include/franka_msgs/franka_msgs/srv/detail/set_stiffness_frame__functions.h
[2.831s] -- Up-to-date: /home/zac/franka_ws/install/franka_msgs/include/franka_msgs/franka_msgs/srv/detail/set_stiffness_frame__functions.c
[2.831s] -- Up-to-date: /home/zac/franka_ws/install/franka_msgs/include/franka_msgs/franka_msgs/srv/detail/set_force_torque_collision_behavior__type_support.h
[2.831s] -- Up-to-date: /home/zac/franka_ws/install/franka_msgs/include/franka_msgs/franka_msgs/srv/detail/set_joint_stiffness__struct.h
[2.831s] -- Up-to-date: /home/zac/franka_ws/install/franka_msgs/include/franka_msgs/franka_msgs/srv/set_stiffness_frame.h
[2.831s] -- Up-to-date: /home/zac/franka_ws/install/franka_msgs/include/franka_msgs/franka_msgs/srv/set_force_torque_collision_behavior.h
[2.832s] -- Up-to-date: /home/zac/franka_ws/install/franka_msgs/include/franka_msgs/franka_msgs/srv/set_cartesian_stiffness.h
[2.832s] -- Up-to-date: /home/zac/franka_ws/install/franka_msgs/include/franka_msgs/franka_msgs/srv/set_tcp_frame.h
[2.832s] -- Up-to-date: /home/zac/franka_ws/install/franka_msgs/include/franka_msgs/franka_msgs/action
[2.832s] -- Up-to-date: /home/zac/franka_ws/install/franka_msgs/include/franka_msgs/franka_msgs/action/grasp.h
[2.833s] -- Up-to-date: /home/zac/franka_ws/install/franka_msgs/include/franka_msgs/franka_msgs/action/error_recovery.h
[2.833s] -- Up-to-date: /home/zac/franka_ws/install/franka_msgs/include/franka_msgs/franka_msgs/action/move.h
[2.833s] -- Up-to-date: /home/zac/franka_ws/install/franka_msgs/include/franka_msgs/franka_msgs/action/homing.h
[2.833s] -- Up-to-date: /home/zac/franka_ws/install/franka_msgs/include/franka_msgs/franka_msgs/action/detail
[2.833s] -- Up-to-date: /home/zac/franka_ws/install/franka_msgs/include/franka_msgs/franka_msgs/action/detail/grasp__functions.c
[2.833s] -- Up-to-date: /home/zac/franka_ws/install/franka_msgs/include/franka_msgs/franka_msgs/action/detail/grasp__type_support.h
[2.833s] -- Up-to-date: /home/zac/franka_ws/install/franka_msgs/include/franka_msgs/franka_msgs/action/detail/homing__functions.c
[2.833s] -- Up-to-date: /home/zac/franka_ws/install/franka_msgs/include/franka_msgs/franka_msgs/action/detail/move__functions.h
[2.834s] -- Up-to-date: /home/zac/franka_ws/install/franka_msgs/include/franka_msgs/franka_msgs/action/detail/homing__functions.h
[2.834s] -- Up-to-date: /home/zac/franka_ws/install/franka_msgs/include/franka_msgs/franka_msgs/action/detail/error_recovery__type_support.h
[2.834s] -- Up-to-date: /home/zac/franka_ws/install/franka_msgs/include/franka_msgs/franka_msgs/action/detail/error_recovery__struct.h
[2.834s] -- Up-to-date: /home/zac/franka_ws/install/franka_msgs/include/franka_msgs/franka_msgs/action/detail/homing__struct.h
[2.834s] -- Up-to-date: /home/zac/franka_ws/install/franka_msgs/include/franka_msgs/franka_msgs/action/detail/error_recovery__functions.c
[2.834s] -- Up-to-date: /home/zac/franka_ws/install/franka_msgs/include/franka_msgs/franka_msgs/action/detail/move__type_support.h
[2.834s] -- Up-to-date: /home/zac/franka_ws/install/franka_msgs/include/franka_msgs/franka_msgs/action/detail/homing__type_support.h
[2.835s] -- Up-to-date: /home/zac/franka_ws/install/franka_msgs/include/franka_msgs/franka_msgs/action/detail/move__struct.h
[2.835s] -- Up-to-date: /home/zac/franka_ws/install/franka_msgs/include/franka_msgs/franka_msgs/action/detail/error_recovery__functions.h
[2.835s] -- Up-to-date: /home/zac/franka_ws/install/franka_msgs/include/franka_msgs/franka_msgs/action/detail/grasp__struct.h
[2.835s] -- Up-to-date: /home/zac/franka_ws/install/franka_msgs/include/franka_msgs/franka_msgs/action/detail/grasp__functions.h
[2.835s] -- Up-to-date: /home/zac/franka_ws/install/franka_msgs/include/franka_msgs/franka_msgs/action/detail/move__functions.c
[2.835s] -- Up-to-date: /home/zac/franka_ws/install/franka_msgs/include/franka_msgs/franka_msgs/msg
[2.835s] -- Up-to-date: /home/zac/franka_ws/install/franka_msgs/include/franka_msgs/franka_msgs/msg/errors.h
[2.835s] -- Up-to-date: /home/zac/franka_ws/install/franka_msgs/include/franka_msgs/franka_msgs/msg/grasp_epsilon.h
[2.835s] -- Up-to-date: /home/zac/franka_ws/install/franka_msgs/include/franka_msgs/franka_msgs/msg/elbow.h
[2.836s] -- Up-to-date: /home/zac/franka_ws/install/franka_msgs/include/franka_msgs/franka_msgs/msg/detail
[2.836s] -- Up-to-date: /home/zac/franka_ws/install/franka_msgs/include/franka_msgs/franka_msgs/msg/detail/elbow__functions.h
[2.836s] -- Up-to-date: /home/zac/franka_ws/install/franka_msgs/include/franka_msgs/franka_msgs/msg/detail/errors__functions.c
[2.836s] -- Up-to-date: /home/zac/franka_ws/install/franka_msgs/include/franka_msgs/franka_msgs/msg/detail/franka_robot_state__type_support.h
[2.836s] -- Up-to-date: /home/zac/franka_ws/install/franka_msgs/include/franka_msgs/franka_msgs/msg/detail/grasp_epsilon__functions.c
[2.836s] -- Up-to-date: /home/zac/franka_ws/install/franka_msgs/include/franka_msgs/franka_msgs/msg/detail/grasp_epsilon__functions.h
[2.836s] -- Up-to-date: /home/zac/franka_ws/install/franka_msgs/include/franka_msgs/franka_msgs/msg/detail/collision_indicators__functions.h
[2.836s] -- Up-to-date: /home/zac/franka_ws/install/franka_msgs/include/franka_msgs/franka_msgs/msg/detail/errors__struct.h
[2.836s] -- Up-to-date: /home/zac/franka_ws/install/franka_msgs/include/franka_msgs/franka_msgs/msg/detail/grasp_epsilon__struct.h
[2.836s] -- Up-to-date: /home/zac/franka_ws/install/franka_msgs/include/franka_msgs/franka_msgs/msg/detail/collision_indicators__type_support.h
[2.836s] -- Up-to-date: /home/zac/franka_ws/install/franka_msgs/include/franka_msgs/franka_msgs/msg/detail/elbow__functions.c
[2.837s] -- Up-to-date: /home/zac/franka_ws/install/franka_msgs/include/franka_msgs/franka_msgs/msg/detail/franka_robot_state__functions.c
[2.837s] -- Up-to-date: /home/zac/franka_ws/install/franka_msgs/include/franka_msgs/franka_msgs/msg/detail/collision_indicators__struct.h
[2.837s] -- Up-to-date: /home/zac/franka_ws/install/franka_msgs/include/franka_msgs/franka_msgs/msg/detail/elbow__type_support.h
[2.837s] -- Up-to-date: /home/zac/franka_ws/install/franka_msgs/include/franka_msgs/franka_msgs/msg/detail/franka_robot_state__struct.h
[2.837s] -- Up-to-date: /home/zac/franka_ws/install/franka_msgs/include/franka_msgs/franka_msgs/msg/detail/errors__functions.h
[2.837s] -- Up-to-date: /home/zac/franka_ws/install/franka_msgs/include/franka_msgs/franka_msgs/msg/detail/collision_indicators__functions.c
[2.837s] -- Up-to-date: /home/zac/franka_ws/install/franka_msgs/include/franka_msgs/franka_msgs/msg/detail/elbow__struct.h
[2.838s] -- Up-to-date: /home/zac/franka_ws/install/franka_msgs/include/franka_msgs/franka_msgs/msg/detail/franka_robot_state__functions.h
[2.838s] -- Up-to-date: /home/zac/franka_ws/install/franka_msgs/include/franka_msgs/franka_msgs/msg/detail/errors__type_support.h
[2.838s] -- Up-to-date: /home/zac/franka_ws/install/franka_msgs/include/franka_msgs/franka_msgs/msg/detail/grasp_epsilon__type_support.h
[2.838s] -- Up-to-date: /home/zac/franka_ws/install/franka_msgs/include/franka_msgs/franka_msgs/msg/collision_indicators.h
[2.838s] -- Up-to-date: /home/zac/franka_ws/install/franka_msgs/include/franka_msgs/franka_msgs/msg/rosidl_generator_c__visibility_control.h
[2.839s] -- Up-to-date: /home/zac/franka_ws/install/franka_msgs/include/franka_msgs/franka_msgs/msg/franka_robot_state.h
[2.839s] -- Up-to-date: /home/zac/franka_ws/install/franka_msgs/share/franka_msgs/environment/library_path.sh
[2.839s] -- Installing: /home/zac/franka_ws/install/franka_msgs/share/franka_msgs/environment/library_path.dsv
[2.839s] -- Up-to-date: /home/zac/franka_ws/install/franka_msgs/lib/libfranka_msgs__rosidl_generator_c.so
[2.839s] -- Up-to-date: /home/zac/franka_ws/install/franka_msgs/include/franka_msgs/franka_msgs
[2.840s] -- Up-to-date: /home/zac/franka_ws/install/franka_msgs/include/franka_msgs/franka_msgs/srv
[2.840s] -- Up-to-date: /home/zac/franka_ws/install/franka_msgs/include/franka_msgs/franka_msgs/srv/detail
[2.840s] -- Up-to-date: /home/zac/franka_ws/install/franka_msgs/include/franka_msgs/franka_msgs/srv/detail/set_force_torque_collision_behavior__rosidl_typesupport_fastrtps_c.h
[2.840s] -- Up-to-date: /home/zac/franka_ws/install/franka_msgs/include/franka_msgs/franka_msgs/srv/detail/set_full_collision_behavior__rosidl_typesupport_fastrtps_c.h
[2.840s] -- Up-to-date: /home/zac/franka_ws/install/franka_msgs/include/franka_msgs/franka_msgs/srv/detail/set_load__rosidl_typesupport_fastrtps_c.h
[2.841s] -- Up-to-date: /home/zac/franka_ws/install/franka_msgs/include/franka_msgs/franka_msgs/srv/detail/set_stiffness_frame__rosidl_typesupport_fastrtps_c.h
[2.841s] -- Up-to-date: /home/zac/franka_ws/install/franka_msgs/include/franka_msgs/franka_msgs/srv/detail/set_cartesian_stiffness__rosidl_typesupport_fastrtps_c.h
[2.841s] -- Up-to-date: /home/zac/franka_ws/install/franka_msgs/include/franka_msgs/franka_msgs/srv/detail/set_tcp_frame__rosidl_typesupport_fastrtps_c.h
[2.841s] -- Up-to-date: /home/zac/franka_ws/install/franka_msgs/include/franka_msgs/franka_msgs/srv/detail/set_joint_stiffness__rosidl_typesupport_fastrtps_c.h
[2.841s] -- Up-to-date: /home/zac/franka_ws/install/franka_msgs/include/franka_msgs/franka_msgs/action
[2.841s] -- Up-to-date: /home/zac/franka_ws/install/franka_msgs/include/franka_msgs/franka_msgs/action/detail
[2.841s] -- Up-to-date: /home/zac/franka_ws/install/franka_msgs/include/franka_msgs/franka_msgs/action/detail/grasp__rosidl_typesupport_fastrtps_c.h
[2.842s] -- Up-to-date: /home/zac/franka_ws/install/franka_msgs/include/franka_msgs/franka_msgs/action/detail/error_recovery__rosidl_typesupport_fastrtps_c.h
[2.842s] -- Up-to-date: /home/zac/franka_ws/install/franka_msgs/include/franka_msgs/franka_msgs/action/detail/homing__rosidl_typesupport_fastrtps_c.h
[2.842s] -- Up-to-date: /home/zac/franka_ws/install/franka_msgs/include/franka_msgs/franka_msgs/action/detail/move__rosidl_typesupport_fastrtps_c.h
[2.842s] -- Up-to-date: /home/zac/franka_ws/install/franka_msgs/include/franka_msgs/franka_msgs/msg
[2.842s] -- Up-to-date: /home/zac/franka_ws/install/franka_msgs/include/franka_msgs/franka_msgs/msg/detail
[2.843s] -- Up-to-date: /home/zac/franka_ws/install/franka_msgs/include/franka_msgs/franka_msgs/msg/detail/collision_indicators__rosidl_typesupport_fastrtps_c.h
[2.843s] -- Up-to-date: /home/zac/franka_ws/install/franka_msgs/include/franka_msgs/franka_msgs/msg/detail/elbow__rosidl_typesupport_fastrtps_c.h
[2.843s] -- Up-to-date: /home/zac/franka_ws/install/franka_msgs/include/franka_msgs/franka_msgs/msg/detail/errors__rosidl_typesupport_fastrtps_c.h
[2.843s] -- Up-to-date: /home/zac/franka_ws/install/franka_msgs/include/franka_msgs/franka_msgs/msg/detail/grasp_epsilon__rosidl_typesupport_fastrtps_c.h
[2.843s] -- Up-to-date: /home/zac/franka_ws/install/franka_msgs/include/franka_msgs/franka_msgs/msg/detail/franka_robot_state__rosidl_typesupport_fastrtps_c.h
[2.843s] -- Up-to-date: /home/zac/franka_ws/install/franka_msgs/include/franka_msgs/franka_msgs/msg/rosidl_typesupport_fastrtps_c__visibility_control.h
[2.843s] -- Up-to-date: /home/zac/franka_ws/install/franka_msgs/lib/libfranka_msgs__rosidl_typesupport_fastrtps_c.so
[2.843s] -- Up-to-date: /home/zac/franka_ws/install/franka_msgs/include/franka_msgs/franka_msgs
[2.843s] -- Up-to-date: /home/zac/franka_ws/install/franka_msgs/include/franka_msgs/franka_msgs/srv
[2.844s] -- Up-to-date: /home/zac/franka_ws/install/franka_msgs/include/franka_msgs/franka_msgs/srv/detail
[2.844s] -- Up-to-date: /home/zac/franka_ws/install/franka_msgs/include/franka_msgs/franka_msgs/srv/detail/set_cartesian_stiffness__rosidl_typesupport_introspection_c.h
[2.844s] -- Up-to-date: /home/zac/franka_ws/install/franka_msgs/include/franka_msgs/franka_msgs/srv/detail/set_full_collision_behavior__rosidl_typesupport_introspection_c.h
[2.844s] -- Up-to-date: /home/zac/franka_ws/install/franka_msgs/include/franka_msgs/franka_msgs/srv/detail/set_full_collision_behavior__type_support.c
[2.844s] -- Up-to-date: /home/zac/franka_ws/install/franka_msgs/include/franka_msgs/franka_msgs/srv/detail/set_force_torque_collision_behavior__rosidl_typesupport_introspection_c.h
[2.844s] -- Up-to-date: /home/zac/franka_ws/install/franka_msgs/include/franka_msgs/franka_msgs/srv/detail/set_joint_stiffness__type_support.c
[2.844s] -- Up-to-date: /home/zac/franka_ws/install/franka_msgs/include/franka_msgs/franka_msgs/srv/detail/set_joint_stiffness__rosidl_typesupport_introspection_c.h
[2.844s] -- Up-to-date: /home/zac/franka_ws/install/franka_msgs/include/franka_msgs/franka_msgs/srv/detail/set_tcp_frame__rosidl_typesupport_introspection_c.h
[2.845s] -- Up-to-date: /home/zac/franka_ws/install/franka_msgs/include/franka_msgs/franka_msgs/srv/detail/set_stiffness_frame__rosidl_typesupport_introspection_c.h
[2.845s] -- Up-to-date: /home/zac/franka_ws/install/franka_msgs/include/franka_msgs/franka_msgs/srv/detail/set_force_torque_collision_behavior__type_support.c
[2.845s] -- Up-to-date: /home/zac/franka_ws/install/franka_msgs/include/franka_msgs/franka_msgs/srv/detail/set_stiffness_frame__type_support.c
[2.845s] -- Up-to-date: /home/zac/franka_ws/install/franka_msgs/include/franka_msgs/franka_msgs/srv/detail/set_tcp_frame__type_support.c
[2.845s] -- Up-to-date: /home/zac/franka_ws/install/franka_msgs/include/franka_msgs/franka_msgs/srv/detail/set_load__type_support.c
[2.846s] -- Up-to-date: /home/zac/franka_ws/install/franka_msgs/include/franka_msgs/franka_msgs/srv/detail/set_cartesian_stiffness__type_support.c
[2.846s] -- Up-to-date: /home/zac/franka_ws/install/franka_msgs/include/franka_msgs/franka_msgs/srv/detail/set_load__rosidl_typesupport_introspection_c.h
[2.846s] -- Up-to-date: /home/zac/franka_ws/install/franka_msgs/include/franka_msgs/franka_msgs/action
[2.846s] -- Up-to-date: /home/zac/franka_ws/install/franka_msgs/include/franka_msgs/franka_msgs/action/detail
[2.846s] -- Up-to-date: /home/zac/franka_ws/install/franka_msgs/include/franka_msgs/franka_msgs/action/detail/error_recovery__type_support.c
[2.846s] -- Up-to-date: /home/zac/franka_ws/install/franka_msgs/include/franka_msgs/franka_msgs/action/detail/homing__type_support.c
[2.846s] -- Up-to-date: /home/zac/franka_ws/install/franka_msgs/include/franka_msgs/franka_msgs/action/detail/error_recovery__rosidl_typesupport_introspection_c.h
[2.846s] -- Up-to-date: /home/zac/franka_ws/install/franka_msgs/include/franka_msgs/franka_msgs/action/detail/homing__rosidl_typesupport_introspection_c.h
[2.847s] -- Up-to-date: /home/zac/franka_ws/install/franka_msgs/include/franka_msgs/franka_msgs/action/detail/move__type_support.c
[2.847s] -- Up-to-date: /home/zac/franka_ws/install/franka_msgs/include/franka_msgs/franka_msgs/action/detail/move__rosidl_typesupport_introspection_c.h
[2.847s] -- Up-to-date: /home/zac/franka_ws/install/franka_msgs/include/franka_msgs/franka_msgs/action/detail/grasp__type_support.c
[2.847s] -- Up-to-date: /home/zac/franka_ws/install/franka_msgs/include/franka_msgs/franka_msgs/action/detail/grasp__rosidl_typesupport_introspection_c.h
[2.847s] -- Up-to-date: /home/zac/franka_ws/install/franka_msgs/include/franka_msgs/franka_msgs/msg
[2.847s] -- Up-to-date: /home/zac/franka_ws/install/franka_msgs/include/franka_msgs/franka_msgs/msg/rosidl_typesupport_introspection_c__visibility_control.h
[2.847s] -- Up-to-date: /home/zac/franka_ws/install/franka_msgs/include/franka_msgs/franka_msgs/msg/detail
[2.847s] -- Up-to-date: /home/zac/franka_ws/install/franka_msgs/include/franka_msgs/franka_msgs/msg/detail/elbow__type_support.c
[2.847s] -- Up-to-date: /home/zac/franka_ws/install/franka_msgs/include/franka_msgs/franka_msgs/msg/detail/elbow__rosidl_typesupport_introspection_c.h
[2.847s] -- Up-to-date: /home/zac/franka_ws/install/franka_msgs/include/franka_msgs/franka_msgs/msg/detail/collision_indicators__type_support.c
[2.847s] -- Up-to-date: /home/zac/franka_ws/install/franka_msgs/include/franka_msgs/franka_msgs/msg/detail/collision_indicators__rosidl_typesupport_introspection_c.h
[2.847s] -- Up-to-date: /home/zac/franka_ws/install/franka_msgs/include/franka_msgs/franka_msgs/msg/detail/franka_robot_state__rosidl_typesupport_introspection_c.h
[2.847s] -- Up-to-date: /home/zac/franka_ws/install/franka_msgs/include/franka_msgs/franka_msgs/msg/detail/grasp_epsilon__type_support.c
[2.847s] -- Up-to-date: /home/zac/franka_ws/install/franka_msgs/include/franka_msgs/franka_msgs/msg/detail/errors__type_support.c
[2.847s] -- Up-to-date: /home/zac/franka_ws/install/franka_msgs/include/franka_msgs/franka_msgs/msg/detail/grasp_epsilon__rosidl_typesupport_introspection_c.h
[2.847s] -- Up-to-date: /home/zac/franka_ws/install/franka_msgs/include/franka_msgs/franka_msgs/msg/detail/franka_robot_state__type_support.c
[2.848s] -- Up-to-date: /home/zac/franka_ws/install/franka_msgs/include/franka_msgs/franka_msgs/msg/detail/errors__rosidl_typesupport_introspection_c.h
[2.848s] -- Up-to-date: /home/zac/franka_ws/install/franka_msgs/lib/libfranka_msgs__rosidl_typesupport_introspection_c.so
[2.848s] -- Up-to-date: /home/zac/franka_ws/install/franka_msgs/lib/libfranka_msgs__rosidl_typesupport_c.so
[2.848s] -- Up-to-date: /home/zac/franka_ws/install/franka_msgs/include/franka_msgs/franka_msgs
[2.848s] -- Up-to-date: /home/zac/franka_ws/install/franka_msgs/include/franka_msgs/franka_msgs/srv
[2.848s] -- Up-to-date: /home/zac/franka_ws/install/franka_msgs/include/franka_msgs/franka_msgs/srv/set_joint_stiffness.hpp
[2.848s] -- Up-to-date: /home/zac/franka_ws/install/franka_msgs/include/franka_msgs/franka_msgs/srv/set_tcp_frame.hpp
[2.848s] -- Up-to-date: /home/zac/franka_ws/install/franka_msgs/include/franka_msgs/franka_msgs/srv/set_cartesian_stiffness.hpp
[2.848s] -- Up-to-date: /home/zac/franka_ws/install/franka_msgs/include/franka_msgs/franka_msgs/srv/set_load.hpp
[2.848s] -- Up-to-date: /home/zac/franka_ws/install/franka_msgs/include/franka_msgs/franka_msgs/srv/set_full_collision_behavior.hpp
[2.848s] -- Up-to-date: /home/zac/franka_ws/install/franka_msgs/include/franka_msgs/franka_msgs/srv/detail
[2.848s] -- Up-to-date: /home/zac/franka_ws/install/franka_msgs/include/franka_msgs/franka_msgs/srv/detail/set_stiffness_frame__struct.hpp
[2.848s] -- Up-to-date: /home/zac/franka_ws/install/franka_msgs/include/franka_msgs/franka_msgs/srv/detail/set_load__struct.hpp
[2.849s] -- Up-to-date: /home/zac/franka_ws/install/franka_msgs/include/franka_msgs/franka_msgs/srv/detail/set_tcp_frame__struct.hpp
[2.849s] -- Up-to-date: /home/zac/franka_ws/install/franka_msgs/include/franka_msgs/franka_msgs/srv/detail/set_full_collision_behavior__builder.hpp
[2.849s] -- Up-to-date: /home/zac/franka_ws/install/franka_msgs/include/franka_msgs/franka_msgs/srv/detail/set_joint_stiffness__traits.hpp
[2.849s] -- Up-to-date: /home/zac/franka_ws/install/franka_msgs/include/franka_msgs/franka_msgs/srv/detail/set_load__builder.hpp
[2.849s] -- Up-to-date: /home/zac/franka_ws/install/franka_msgs/include/franka_msgs/franka_msgs/srv/detail/set_stiffness_frame__traits.hpp
[2.849s] -- Up-to-date: /home/zac/franka_ws/install/franka_msgs/include/franka_msgs/franka_msgs/srv/detail/set_joint_stiffness__struct.hpp
[2.849s] -- Up-to-date: /home/zac/franka_ws/install/franka_msgs/include/franka_msgs/franka_msgs/srv/detail/set_load__traits.hpp
[2.849s] -- Up-to-date: /home/zac/franka_ws/install/franka_msgs/include/franka_msgs/franka_msgs/srv/detail/set_tcp_frame__traits.hpp
[2.849s] -- Up-to-date: /home/zac/franka_ws/install/franka_msgs/include/franka_msgs/franka_msgs/srv/detail/set_force_torque_collision_behavior__struct.hpp
[2.849s] -- Up-to-date: /home/zac/franka_ws/install/franka_msgs/include/franka_msgs/franka_msgs/srv/detail/set_force_torque_collision_behavior__traits.hpp
[2.849s] -- Up-to-date: /home/zac/franka_ws/install/franka_msgs/include/franka_msgs/franka_msgs/srv/detail/set_joint_stiffness__builder.hpp
[2.849s] -- Up-to-date: /home/zac/franka_ws/install/franka_msgs/include/franka_msgs/franka_msgs/srv/detail/set_cartesian_stiffness__struct.hpp
[2.850s] -- Up-to-date: /home/zac/franka_ws/install/franka_msgs/include/franka_msgs/franka_msgs/srv/detail/set_full_collision_behavior__traits.hpp
[2.850s] -- Up-to-date: /home/zac/franka_ws/install/franka_msgs/include/franka_msgs/franka_msgs/srv/detail/set_force_torque_collision_behavior__builder.hpp
[2.850s] -- Up-to-date: /home/zac/franka_ws/install/franka_msgs/include/franka_msgs/franka_msgs/srv/detail/set_full_collision_behavior__struct.hpp
[2.850s] -- Up-to-date: /home/zac/franka_ws/install/franka_msgs/include/franka_msgs/franka_msgs/srv/detail/set_stiffness_frame__builder.hpp
[2.850s] -- Up-to-date: /home/zac/franka_ws/install/franka_msgs/include/franka_msgs/franka_msgs/srv/detail/set_cartesian_stiffness__builder.hpp
[2.850s] -- Up-to-date: /home/zac/franka_ws/install/franka_msgs/include/franka_msgs/franka_msgs/srv/detail/set_tcp_frame__builder.hpp
[2.850s] -- Up-to-date: /home/zac/franka_ws/install/franka_msgs/include/franka_msgs/franka_msgs/srv/detail/set_cartesian_stiffness__traits.hpp
[2.850s] -- Up-to-date: /home/zac/franka_ws/install/franka_msgs/include/franka_msgs/franka_msgs/srv/set_force_torque_collision_behavior.hpp
[2.850s] -- Up-to-date: /home/zac/franka_ws/install/franka_msgs/include/franka_msgs/franka_msgs/srv/set_stiffness_frame.hpp
[2.850s] -- Up-to-date: /home/zac/franka_ws/install/franka_msgs/include/franka_msgs/franka_msgs/action
[2.850s] -- Up-to-date: /home/zac/franka_ws/install/franka_msgs/include/franka_msgs/franka_msgs/action/homing.hpp
[2.850s] -- Up-to-date: /home/zac/franka_ws/install/franka_msgs/include/franka_msgs/franka_msgs/action/detail
[2.850s] -- Up-to-date: /home/zac/franka_ws/install/franka_msgs/include/franka_msgs/franka_msgs/action/detail/error_recovery__struct.hpp
[2.850s] -- Up-to-date: /home/zac/franka_ws/install/franka_msgs/include/franka_msgs/franka_msgs/action/detail/move__traits.hpp
[2.851s] -- Up-to-date: /home/zac/franka_ws/install/franka_msgs/include/franka_msgs/franka_msgs/action/detail/grasp__builder.hpp
[2.851s] -- Up-to-date: /home/zac/franka_ws/install/franka_msgs/include/franka_msgs/franka_msgs/action/detail/homing__builder.hpp
[2.851s] -- Up-to-date: /home/zac/franka_ws/install/franka_msgs/include/franka_msgs/franka_msgs/action/detail/move__struct.hpp
[2.851s] -- Up-to-date: /home/zac/franka_ws/install/franka_msgs/include/franka_msgs/franka_msgs/action/detail/error_recovery__traits.hpp
[2.851s] -- Up-to-date: /home/zac/franka_ws/install/franka_msgs/include/franka_msgs/franka_msgs/action/detail/move__builder.hpp
[2.851s] -- Up-to-date: /home/zac/franka_ws/install/franka_msgs/include/franka_msgs/franka_msgs/action/detail/homing__traits.hpp
[2.851s] -- Up-to-date: /home/zac/franka_ws/install/franka_msgs/include/franka_msgs/franka_msgs/action/detail/homing__struct.hpp
[2.851s] -- Up-to-date: /home/zac/franka_ws/install/franka_msgs/include/franka_msgs/franka_msgs/action/detail/grasp__traits.hpp
[2.851s] -- Up-to-date: /home/zac/franka_ws/install/franka_msgs/include/franka_msgs/franka_msgs/action/detail/grasp__struct.hpp
[2.851s] -- Up-to-date: /home/zac/franka_ws/install/franka_msgs/include/franka_msgs/franka_msgs/action/detail/error_recovery__builder.hpp
[2.851s] -- Up-to-date: /home/zac/franka_ws/install/franka_msgs/include/franka_msgs/franka_msgs/action/move.hpp
[2.851s] -- Up-to-date: /home/zac/franka_ws/install/franka_msgs/include/franka_msgs/franka_msgs/action/grasp.hpp
[2.851s] -- Up-to-date: /home/zac/franka_ws/install/franka_msgs/include/franka_msgs/franka_msgs/action/error_recovery.hpp
[2.851s] -- Up-to-date: /home/zac/franka_ws/install/franka_msgs/include/franka_msgs/franka_msgs/msg
[2.851s] -- Up-to-date: /home/zac/franka_ws/install/franka_msgs/include/franka_msgs/franka_msgs/msg/elbow.hpp
[2.852s] -- Up-to-date: /home/zac/franka_ws/install/franka_msgs/include/franka_msgs/franka_msgs/msg/franka_robot_state.hpp
[2.852s] -- Up-to-date: /home/zac/franka_ws/install/franka_msgs/include/franka_msgs/franka_msgs/msg/errors.hpp
[2.852s] -- Up-to-date: /home/zac/franka_ws/install/franka_msgs/include/franka_msgs/franka_msgs/msg/detail
[2.852s] -- Up-to-date: /home/zac/franka_ws/install/franka_msgs/include/franka_msgs/franka_msgs/msg/detail/collision_indicators__builder.hpp
[2.852s] -- Up-to-date: /home/zac/franka_ws/install/franka_msgs/include/franka_msgs/franka_msgs/msg/detail/elbow__struct.hpp
[2.852s] -- Up-to-date: /home/zac/franka_ws/install/franka_msgs/include/franka_msgs/franka_msgs/msg/detail/franka_robot_state__traits.hpp
[2.852s] -- Up-to-date: /home/zac/franka_ws/install/franka_msgs/include/franka_msgs/franka_msgs/msg/detail/errors__struct.hpp
[2.852s] -- Up-to-date: /home/zac/franka_ws/install/franka_msgs/include/franka_msgs/franka_msgs/msg/detail/franka_robot_state__builder.hpp
[2.852s] -- Up-to-date: /home/zac/franka_ws/install/franka_msgs/include/franka_msgs/franka_msgs/msg/detail/errors__builder.hpp
[2.852s] -- Up-to-date: /home/zac/franka_ws/install/franka_msgs/include/franka_msgs/franka_msgs/msg/detail/franka_robot_state__struct.hpp
[2.852s] -- Up-to-date: /home/zac/franka_ws/install/franka_msgs/include/franka_msgs/franka_msgs/msg/detail/grasp_epsilon__traits.hpp
[2.852s] -- Up-to-date: /home/zac/franka_ws/install/franka_msgs/include/franka_msgs/franka_msgs/msg/detail/collision_indicators__traits.hpp
[2.852s] -- Up-to-date: /home/zac/franka_ws/install/franka_msgs/include/franka_msgs/franka_msgs/msg/detail/grasp_epsilon__struct.hpp
[2.852s] -- Up-to-date: /home/zac/franka_ws/install/franka_msgs/include/franka_msgs/franka_msgs/msg/detail/elbow__builder.hpp
[2.852s] -- Up-to-date: /home/zac/franka_ws/install/franka_msgs/include/franka_msgs/franka_msgs/msg/detail/collision_indicators__struct.hpp
[2.852s] -- Up-to-date: /home/zac/franka_ws/install/franka_msgs/include/franka_msgs/franka_msgs/msg/detail/grasp_epsilon__builder.hpp
[2.853s] -- Up-to-date: /home/zac/franka_ws/install/franka_msgs/include/franka_msgs/franka_msgs/msg/detail/errors__traits.hpp
[2.853s] -- Up-to-date: /home/zac/franka_ws/install/franka_msgs/include/franka_msgs/franka_msgs/msg/detail/elbow__traits.hpp
[2.853s] -- Up-to-date: /home/zac/franka_ws/install/franka_msgs/include/franka_msgs/franka_msgs/msg/grasp_epsilon.hpp
[2.853s] -- Up-to-date: /home/zac/franka_ws/install/franka_msgs/include/franka_msgs/franka_msgs/msg/collision_indicators.hpp
[2.853s] -- Up-to-date: /home/zac/franka_ws/install/franka_msgs/include/franka_msgs/franka_msgs
[2.853s] -- Up-to-date: /home/zac/franka_ws/install/franka_msgs/include/franka_msgs/franka_msgs/srv
[2.853s] -- Up-to-date: /home/zac/franka_ws/install/franka_msgs/include/franka_msgs/franka_msgs/srv/detail
[2.853s] -- Up-to-date: /home/zac/franka_ws/install/franka_msgs/include/franka_msgs/franka_msgs/srv/detail/set_full_collision_behavior__rosidl_typesupport_fastrtps_cpp.hpp
[2.853s] -- Up-to-date: /home/zac/franka_ws/install/franka_msgs/include/franka_msgs/franka_msgs/srv/detail/set_tcp_frame__rosidl_typesupport_fastrtps_cpp.hpp
[2.853s] -- Up-to-date: /home/zac/franka_ws/install/franka_msgs/include/franka_msgs/franka_msgs/srv/detail/set_stiffness_frame__rosidl_typesupport_fastrtps_cpp.hpp
[2.853s] -- Up-to-date: /home/zac/franka_ws/install/franka_msgs/include/franka_msgs/franka_msgs/srv/detail/set_load__rosidl_typesupport_fastrtps_cpp.hpp
[2.853s] -- Up-to-date: /home/zac/franka_ws/install/franka_msgs/include/franka_msgs/franka_msgs/srv/detail/set_force_torque_collision_behavior__rosidl_typesupport_fastrtps_cpp.hpp
[2.853s] -- Up-to-date: /home/zac/franka_ws/install/franka_msgs/include/franka_msgs/franka_msgs/srv/detail/set_joint_stiffness__rosidl_typesupport_fastrtps_cpp.hpp
[2.853s] -- Up-to-date: /home/zac/franka_ws/install/franka_msgs/include/franka_msgs/franka_msgs/srv/detail/dds_fastrtps
[2.853s] -- Up-to-date: /home/zac/franka_ws/install/franka_msgs/include/franka_msgs/franka_msgs/srv/detail/set_cartesian_stiffness__rosidl_typesupport_fastrtps_cpp.hpp
[2.854s] -- Up-to-date: /home/zac/franka_ws/install/franka_msgs/include/franka_msgs/franka_msgs/action
[2.854s] -- Up-to-date: /home/zac/franka_ws/install/franka_msgs/include/franka_msgs/franka_msgs/action/detail
[2.854s] -- Up-to-date: /home/zac/franka_ws/install/franka_msgs/include/franka_msgs/franka_msgs/action/detail/homing__rosidl_typesupport_fastrtps_cpp.hpp
[2.854s] -- Up-to-date: /home/zac/franka_ws/install/franka_msgs/include/franka_msgs/franka_msgs/action/detail/grasp__rosidl_typesupport_fastrtps_cpp.hpp
[2.854s] -- Up-to-date: /home/zac/franka_ws/install/franka_msgs/include/franka_msgs/franka_msgs/action/detail/error_recovery__rosidl_typesupport_fastrtps_cpp.hpp
[2.854s] -- Up-to-date: /home/zac/franka_ws/install/franka_msgs/include/franka_msgs/franka_msgs/action/detail/move__rosidl_typesupport_fastrtps_cpp.hpp
[2.854s] -- Up-to-date: /home/zac/franka_ws/install/franka_msgs/include/franka_msgs/franka_msgs/action/detail/dds_fastrtps
[2.854s] -- Up-to-date: /home/zac/franka_ws/install/franka_msgs/include/franka_msgs/franka_msgs/msg
[2.854s] -- Up-to-date: /home/zac/franka_ws/install/franka_msgs/include/franka_msgs/franka_msgs/msg/detail
[2.854s] -- Up-to-date: /home/zac/franka_ws/install/franka_msgs/include/franka_msgs/franka_msgs/msg/detail/grasp_epsilon__rosidl_typesupport_fastrtps_cpp.hpp
[2.854s] -- Up-to-date: /home/zac/franka_ws/install/franka_msgs/include/franka_msgs/franka_msgs/msg/detail/collision_indicators__rosidl_typesupport_fastrtps_cpp.hpp
[2.854s] -- Up-to-date: /home/zac/franka_ws/install/franka_msgs/include/franka_msgs/franka_msgs/msg/detail/elbow__rosidl_typesupport_fastrtps_cpp.hpp
[2.854s] -- Up-to-date: /home/zac/franka_ws/install/franka_msgs/include/franka_msgs/franka_msgs/msg/detail/franka_robot_state__rosidl_typesupport_fastrtps_cpp.hpp
[2.854s] -- Up-to-date: /home/zac/franka_ws/install/franka_msgs/include/franka_msgs/franka_msgs/msg/detail/errors__rosidl_typesupport_fastrtps_cpp.hpp
[2.854s] -- Up-to-date: /home/zac/franka_ws/install/franka_msgs/include/franka_msgs/franka_msgs/msg/detail/dds_fastrtps
[2.855s] -- Up-to-date: /home/zac/franka_ws/install/franka_msgs/include/franka_msgs/franka_msgs/msg/rosidl_typesupport_fastrtps_cpp__visibility_control.h
[2.855s] -- Up-to-date: /home/zac/franka_ws/install/franka_msgs/lib/libfranka_msgs__rosidl_typesupport_fastrtps_cpp.so
[2.855s] -- Up-to-date: /home/zac/franka_ws/install/franka_msgs/include/franka_msgs/franka_msgs
[2.855s] -- Up-to-date: /home/zac/franka_ws/install/franka_msgs/include/franka_msgs/franka_msgs/srv
[2.855s] -- Up-to-date: /home/zac/franka_ws/install/franka_msgs/include/franka_msgs/franka_msgs/srv/detail
[2.855s] -- Up-to-date: /home/zac/franka_ws/install/franka_msgs/include/franka_msgs/franka_msgs/srv/detail/set_full_collision_behavior__rosidl_typesupport_introspection_cpp.hpp
[2.855s] -- Up-to-date: /home/zac/franka_ws/install/franka_msgs/include/franka_msgs/franka_msgs/srv/detail/set_full_collision_behavior__type_support.cpp
[2.855s] -- Up-to-date: /home/zac/franka_ws/install/franka_msgs/include/franka_msgs/franka_msgs/srv/detail/set_tcp_frame__rosidl_typesupport_introspection_cpp.hpp
[2.855s] -- Up-to-date: /home/zac/franka_ws/install/franka_msgs/include/franka_msgs/franka_msgs/srv/detail/set_stiffness_frame__rosidl_typesupport_introspection_cpp.hpp
[2.855s] -- Up-to-date: /home/zac/franka_ws/install/franka_msgs/include/franka_msgs/franka_msgs/srv/detail/set_cartesian_stiffness__rosidl_typesupport_introspection_cpp.hpp
[2.855s] -- Up-to-date: /home/zac/franka_ws/install/franka_msgs/include/franka_msgs/franka_msgs/srv/detail/set_load__type_support.cpp
[2.855s] -- Up-to-date: /home/zac/franka_ws/install/franka_msgs/include/franka_msgs/franka_msgs/srv/detail/set_load__rosidl_typesupport_introspection_cpp.hpp
[2.855s] -- Up-to-date: /home/zac/franka_ws/install/franka_msgs/include/franka_msgs/franka_msgs/srv/detail/set_joint_stiffness__rosidl_typesupport_introspection_cpp.hpp
[2.855s] -- Up-to-date: /home/zac/franka_ws/install/franka_msgs/include/franka_msgs/franka_msgs/srv/detail/set_cartesian_stiffness__type_support.cpp
[2.855s] -- Up-to-date: /home/zac/franka_ws/install/franka_msgs/include/franka_msgs/franka_msgs/srv/detail/set_force_torque_collision_behavior__type_support.cpp
[2.855s] -- Up-to-date: /home/zac/franka_ws/install/franka_msgs/include/franka_msgs/franka_msgs/srv/detail/set_stiffness_frame__type_support.cpp
[2.856s] -- Up-to-date: /home/zac/franka_ws/install/franka_msgs/include/franka_msgs/franka_msgs/srv/detail/set_joint_stiffness__type_support.cpp
[2.856s] -- Up-to-date: /home/zac/franka_ws/install/franka_msgs/include/franka_msgs/franka_msgs/srv/detail/set_force_torque_collision_behavior__rosidl_typesupport_introspection_cpp.hpp
[2.856s] -- Up-to-date: /home/zac/franka_ws/install/franka_msgs/include/franka_msgs/franka_msgs/srv/detail/set_tcp_frame__type_support.cpp
[2.856s] -- Up-to-date: /home/zac/franka_ws/install/franka_msgs/include/franka_msgs/franka_msgs/action
[2.856s] -- Up-to-date: /home/zac/franka_ws/install/franka_msgs/include/franka_msgs/franka_msgs/action/detail
[2.856s] -- Up-to-date: /home/zac/franka_ws/install/franka_msgs/include/franka_msgs/franka_msgs/action/detail/homing__type_support.cpp
[2.856s] -- Up-to-date: /home/zac/franka_ws/install/franka_msgs/include/franka_msgs/franka_msgs/action/detail/grasp__rosidl_typesupport_introspection_cpp.hpp
[2.856s] -- Up-to-date: /home/zac/franka_ws/install/franka_msgs/include/franka_msgs/franka_msgs/action/detail/error_recovery__type_support.cpp
[2.856s] -- Up-to-date: /home/zac/franka_ws/install/franka_msgs/include/franka_msgs/franka_msgs/action/detail/move__rosidl_typesupport_introspection_cpp.hpp
[2.856s] -- Up-to-date: /home/zac/franka_ws/install/franka_msgs/include/franka_msgs/franka_msgs/action/detail/move__type_support.cpp
[2.856s] -- Up-to-date: /home/zac/franka_ws/install/franka_msgs/include/franka_msgs/franka_msgs/action/detail/grasp__type_support.cpp
[2.856s] -- Up-to-date: /home/zac/franka_ws/install/franka_msgs/include/franka_msgs/franka_msgs/action/detail/homing__rosidl_typesupport_introspection_cpp.hpp
[2.856s] -- Up-to-date: /home/zac/franka_ws/install/franka_msgs/include/franka_msgs/franka_msgs/action/detail/error_recovery__rosidl_typesupport_introspection_cpp.hpp
[2.856s] -- Up-to-date: /home/zac/franka_ws/install/franka_msgs/include/franka_msgs/franka_msgs/msg
[2.856s] -- Up-to-date: /home/zac/franka_ws/install/franka_msgs/include/franka_msgs/franka_msgs/msg/detail
[2.856s] -- Up-to-date: /home/zac/franka_ws/install/franka_msgs/include/franka_msgs/franka_msgs/msg/detail/franka_robot_state__rosidl_typesupport_introspection_cpp.hpp
[2.857s] -- Up-to-date: /home/zac/franka_ws/install/franka_msgs/include/franka_msgs/franka_msgs/msg/detail/grasp_epsilon__rosidl_typesupport_introspection_cpp.hpp
[2.857s] -- Up-to-date: /home/zac/franka_ws/install/franka_msgs/include/franka_msgs/franka_msgs/msg/detail/collision_indicators__rosidl_typesupport_introspection_cpp.hpp
[2.857s] -- Up-to-date: /home/zac/franka_ws/install/franka_msgs/include/franka_msgs/franka_msgs/msg/detail/elbow__rosidl_typesupport_introspection_cpp.hpp
[2.857s] -- Up-to-date: /home/zac/franka_ws/install/franka_msgs/include/franka_msgs/franka_msgs/msg/detail/grasp_epsilon__type_support.cpp
[2.857s] -- Up-to-date: /home/zac/franka_ws/install/franka_msgs/include/franka_msgs/franka_msgs/msg/detail/franka_robot_state__type_support.cpp
[2.857s] -- Up-to-date: /home/zac/franka_ws/install/franka_msgs/include/franka_msgs/franka_msgs/msg/detail/collision_indicators__type_support.cpp
[2.857s] -- Up-to-date: /home/zac/franka_ws/install/franka_msgs/include/franka_msgs/franka_msgs/msg/detail/elbow__type_support.cpp
[2.857s] -- Up-to-date: /home/zac/franka_ws/install/franka_msgs/include/franka_msgs/franka_msgs/msg/detail/errors__type_support.cpp
[2.857s] -- Up-to-date: /home/zac/franka_ws/install/franka_msgs/include/franka_msgs/franka_msgs/msg/detail/errors__rosidl_typesupport_introspection_cpp.hpp
[2.857s] -- Up-to-date: /home/zac/franka_ws/install/franka_msgs/lib/libfranka_msgs__rosidl_typesupport_introspection_cpp.so
[2.857s] -- Up-to-date: /home/zac/franka_ws/install/franka_msgs/lib/libfranka_msgs__rosidl_typesupport_cpp.so
[2.857s] -- Up-to-date: /home/zac/franka_ws/install/franka_msgs/share/franka_msgs/environment/pythonpath.sh
[2.857s] -- Installing: /home/zac/franka_ws/install/franka_msgs/share/franka_msgs/environment/pythonpath.dsv
[2.857s] -- Up-to-date: /home/zac/franka_ws/install/franka_msgs/local/lib/python3.10/dist-packages/franka_msgs-0.1.15-py3.10.egg-info
[2.857s] -- Installing: /home/zac/franka_ws/install/franka_msgs/local/lib/python3.10/dist-packages/franka_msgs-0.1.15-py3.10.egg-info/top_level.txt
[2.857s] -- Installing: /home/zac/franka_ws/install/franka_msgs/local/lib/python3.10/dist-packages/franka_msgs-0.1.15-py3.10.egg-info/dependency_links.txt
[2.857s] -- Installing: /home/zac/franka_ws/install/franka_msgs/local/lib/python3.10/dist-packages/franka_msgs-0.1.15-py3.10.egg-info/PKG-INFO
[2.858s] -- Installing: /home/zac/franka_ws/install/franka_msgs/local/lib/python3.10/dist-packages/franka_msgs-0.1.15-py3.10.egg-info/SOURCES.txt
[2.858s] -- Up-to-date: /home/zac/franka_ws/install/franka_msgs/local/lib/python3.10/dist-packages/franka_msgs
[2.858s] -- Up-to-date: /home/zac/franka_ws/install/franka_msgs/local/lib/python3.10/dist-packages/franka_msgs/srv
[2.858s] -- Up-to-date: /home/zac/franka_ws/install/franka_msgs/local/lib/python3.10/dist-packages/franka_msgs/srv/_set_full_collision_behavior.py
[2.858s] -- Up-to-date: /home/zac/franka_ws/install/franka_msgs/local/lib/python3.10/dist-packages/franka_msgs/srv/_set_joint_stiffness_s.c
[2.858s] -- Up-to-date: /home/zac/franka_ws/install/franka_msgs/local/lib/python3.10/dist-packages/franka_msgs/srv/_set_joint_stiffness.py
[2.858s] -- Up-to-date: /home/zac/franka_ws/install/franka_msgs/local/lib/python3.10/dist-packages/franka_msgs/srv/_set_force_torque_collision_behavior.py
[2.858s] -- Up-to-date: /home/zac/franka_ws/install/franka_msgs/local/lib/python3.10/dist-packages/franka_msgs/srv/_set_tcp_frame.py
[2.858s] -- Up-to-date: /home/zac/franka_ws/install/franka_msgs/local/lib/python3.10/dist-packages/franka_msgs/srv/_set_load.py
[2.858s] -- Up-to-date: /home/zac/franka_ws/install/franka_msgs/local/lib/python3.10/dist-packages/franka_msgs/srv/_set_load_s.c
[2.859s] -- Up-to-date: /home/zac/franka_ws/install/franka_msgs/local/lib/python3.10/dist-packages/franka_msgs/srv/__init__.py
[2.859s] -- Up-to-date: /home/zac/franka_ws/install/franka_msgs/local/lib/python3.10/dist-packages/franka_msgs/srv/_set_full_collision_behavior_s.c
[2.859s] -- Up-to-date: /home/zac/franka_ws/install/franka_msgs/local/lib/python3.10/dist-packages/franka_msgs/srv/_set_force_torque_collision_behavior_s.c
[2.859s] -- Up-to-date: /home/zac/franka_ws/install/franka_msgs/local/lib/python3.10/dist-packages/franka_msgs/srv/_set_cartesian_stiffness_s.c
[2.859s] -- Up-to-date: /home/zac/franka_ws/install/franka_msgs/local/lib/python3.10/dist-packages/franka_msgs/srv/_set_tcp_frame_s.c
[2.859s] -- Up-to-date: /home/zac/franka_ws/install/franka_msgs/local/lib/python3.10/dist-packages/franka_msgs/srv/_set_stiffness_frame_s.c
[2.859s] -- Up-to-date: /home/zac/franka_ws/install/franka_msgs/local/lib/python3.10/dist-packages/franka_msgs/srv/_set_cartesian_stiffness.py
[2.859s] -- Up-to-date: /home/zac/franka_ws/install/franka_msgs/local/lib/python3.10/dist-packages/franka_msgs/srv/_set_stiffness_frame.py
[2.859s] -- Up-to-date: /home/zac/franka_ws/install/franka_msgs/local/lib/python3.10/dist-packages/franka_msgs/_franka_msgs_s.ep.rosidl_typesupport_fastrtps_c.c
[2.859s] -- Up-to-date: /home/zac/franka_ws/install/franka_msgs/local/lib/python3.10/dist-packages/franka_msgs/franka_msgs_s__rosidl_typesupport_c.cpython-310-x86_64-linux-gnu.so
[2.859s] -- Up-to-date: /home/zac/franka_ws/install/franka_msgs/local/lib/python3.10/dist-packages/franka_msgs/franka_msgs_s__rosidl_typesupport_fastrtps_c.cpython-310-x86_64-linux-gnu.so
[2.859s] -- Up-to-date: /home/zac/franka_ws/install/franka_msgs/local/lib/python3.10/dist-packages/franka_msgs/_franka_msgs_s.ep.rosidl_typesupport_c.c
[2.859s] -- Up-to-date: /home/zac/franka_ws/install/franka_msgs/local/lib/python3.10/dist-packages/franka_msgs/action
[2.860s] -- Up-to-date: /home/zac/franka_ws/install/franka_msgs/local/lib/python3.10/dist-packages/franka_msgs/action/_grasp_s.c
[2.860s] -- Up-to-date: /home/zac/franka_ws/install/franka_msgs/local/lib/python3.10/dist-packages/franka_msgs/action/_grasp.py
[2.860s] -- Up-to-date: /home/zac/franka_ws/install/franka_msgs/local/lib/python3.10/dist-packages/franka_msgs/action/_move_s.c
[2.860s] -- Up-to-date: /home/zac/franka_ws/install/franka_msgs/local/lib/python3.10/dist-packages/franka_msgs/action/_error_recovery_s.c
[2.860s] -- Up-to-date: /home/zac/franka_ws/install/franka_msgs/local/lib/python3.10/dist-packages/franka_msgs/action/__init__.py
[2.860s] -- Up-to-date: /home/zac/franka_ws/install/franka_msgs/local/lib/python3.10/dist-packages/franka_msgs/action/_homing_s.c
[2.860s] -- Up-to-date: /home/zac/franka_ws/install/franka_msgs/local/lib/python3.10/dist-packages/franka_msgs/action/_homing.py
[2.860s] -- Up-to-date: /home/zac/franka_ws/install/franka_msgs/local/lib/python3.10/dist-packages/franka_msgs/action/_move.py
[2.860s] -- Up-to-date: /home/zac/franka_ws/install/franka_msgs/local/lib/python3.10/dist-packages/franka_msgs/action/_error_recovery.py
[2.860s] -- Installing: /home/zac/franka_ws/install/franka_msgs/local/lib/python3.10/dist-packages/franka_msgs/__init__.py
[2.860s] -- Up-to-date: /home/zac/franka_ws/install/franka_msgs/local/lib/python3.10/dist-packages/franka_msgs/franka_msgs_s__rosidl_typesupport_introspection_c.cpython-310-x86_64-linux-gnu.so
[2.860s] -- Up-to-date: /home/zac/franka_ws/install/franka_msgs/local/lib/python3.10/dist-packages/franka_msgs/msg
[2.860s] -- Up-to-date: /home/zac/franka_ws/install/franka_msgs/local/lib/python3.10/dist-packages/franka_msgs/msg/_errors_s.c
[2.860s] -- Up-to-date: /home/zac/franka_ws/install/franka_msgs/local/lib/python3.10/dist-packages/franka_msgs/msg/_franka_robot_state.py
[2.860s] -- Up-to-date: /home/zac/franka_ws/install/franka_msgs/local/lib/python3.10/dist-packages/franka_msgs/msg/_grasp_epsilon.py
[2.860s] -- Up-to-date: /home/zac/franka_ws/install/franka_msgs/local/lib/python3.10/dist-packages/franka_msgs/msg/__init__.py
[2.861s] -- Up-to-date: /home/zac/franka_ws/install/franka_msgs/local/lib/python3.10/dist-packages/franka_msgs/msg/_franka_robot_state_s.c
[2.861s] -- Up-to-date: /home/zac/franka_ws/install/franka_msgs/local/lib/python3.10/dist-packages/franka_msgs/msg/_collision_indicators_s.c
[2.861s] -- Up-to-date: /home/zac/franka_ws/install/franka_msgs/local/lib/python3.10/dist-packages/franka_msgs/msg/_errors.py
[2.861s] -- Up-to-date: /home/zac/franka_ws/install/franka_msgs/local/lib/python3.10/dist-packages/franka_msgs/msg/_collision_indicators.py
[2.861s] -- Up-to-date: /home/zac/franka_ws/install/franka_msgs/local/lib/python3.10/dist-packages/franka_msgs/msg/_elbow.py
[2.861s] -- Up-to-date: /home/zac/franka_ws/install/franka_msgs/local/lib/python3.10/dist-packages/franka_msgs/msg/_grasp_epsilon_s.c
[2.861s] -- Up-to-date: /home/zac/franka_ws/install/franka_msgs/local/lib/python3.10/dist-packages/franka_msgs/msg/_elbow_s.c
[2.861s] -- Up-to-date: /home/zac/franka_ws/install/franka_msgs/local/lib/python3.10/dist-packages/franka_msgs/libfranka_msgs__rosidl_generator_py.so
[2.861s] -- Up-to-date: /home/zac/franka_ws/install/franka_msgs/local/lib/python3.10/dist-packages/franka_msgs/_franka_msgs_s.ep.rosidl_typesupport_introspection_c.c
[2.881s] Listing '/home/zac/franka_ws/install/franka_msgs/local/lib/python3.10/dist-packages/franka_msgs'...
[2.881s] Compiling '/home/zac/franka_ws/install/franka_msgs/local/lib/python3.10/dist-packages/franka_msgs/__init__.py'...
[2.881s] Listing '/home/zac/franka_ws/install/franka_msgs/local/lib/python3.10/dist-packages/franka_msgs/action'...
[2.881s] Listing '/home/zac/franka_ws/install/franka_msgs/local/lib/python3.10/dist-packages/franka_msgs/msg'...
[2.881s] Listing '/home/zac/franka_ws/install/franka_msgs/local/lib/python3.10/dist-packages/franka_msgs/srv'...
[2.886s] -- Up-to-date: /home/zac/franka_ws/install/franka_msgs/local/lib/python3.10/dist-packages/franka_msgs/franka_msgs_s__rosidl_typesupport_fastrtps_c.cpython-310-x86_64-linux-gnu.so
[2.887s] -- Up-to-date: /home/zac/franka_ws/install/franka_msgs/local/lib/python3.10/dist-packages/franka_msgs/franka_msgs_s__rosidl_typesupport_introspection_c.cpython-310-x86_64-linux-gnu.so
[2.887s] -- Up-to-date: /home/zac/franka_ws/install/franka_msgs/local/lib/python3.10/dist-packages/franka_msgs/franka_msgs_s__rosidl_typesupport_c.cpython-310-x86_64-linux-gnu.so
[2.888s] -- Up-to-date: /home/zac/franka_ws/install/franka_msgs/lib/libfranka_msgs__rosidl_generator_py.so
[2.888s] -- Up-to-date: /home/zac/franka_ws/install/franka_msgs/share/franka_msgs/action/ErrorRecovery.idl
[2.888s] -- Up-to-date: /home/zac/franka_ws/install/franka_msgs/share/franka_msgs/action/Grasp.idl
[2.889s] -- Up-to-date: /home/zac/franka_ws/install/franka_msgs/share/franka_msgs/action/Homing.idl
[2.889s] -- Up-to-date: /home/zac/franka_ws/install/franka_msgs/share/franka_msgs/action/Move.idl
[2.889s] -- Up-to-date: /home/zac/franka_ws/install/franka_msgs/share/franka_msgs/msg/CollisionIndicators.idl
[2.889s] -- Up-to-date: /home/zac/franka_ws/install/franka_msgs/share/franka_msgs/msg/Elbow.idl
[2.889s] -- Up-to-date: /home/zac/franka_ws/install/franka_msgs/share/franka_msgs/msg/Errors.idl
[2.890s] -- Up-to-date: /home/zac/franka_ws/install/franka_msgs/share/franka_msgs/msg/GraspEpsilon.idl
[2.890s] -- Up-to-date: /home/zac/franka_ws/install/franka_msgs/share/franka_msgs/msg/FrankaRobotState.idl
[2.890s] -- Up-to-date: /home/zac/franka_ws/install/franka_msgs/share/franka_msgs/srv/SetCartesianStiffness.idl
[2.890s] -- Up-to-date: /home/zac/franka_ws/install/franka_msgs/share/franka_msgs/srv/SetTCPFrame.idl
[2.890s] -- Up-to-date: /home/zac/franka_ws/install/franka_msgs/share/franka_msgs/srv/SetForceTorqueCollisionBehavior.idl
[2.891s] -- Up-to-date: /home/zac/franka_ws/install/franka_msgs/share/franka_msgs/srv/SetFullCollisionBehavior.idl
[2.891s] -- Up-to-date: /home/zac/franka_ws/install/franka_msgs/share/franka_msgs/srv/SetJointStiffness.idl
[2.891s] -- Up-to-date: /home/zac/franka_ws/install/franka_msgs/share/franka_msgs/srv/SetStiffnessFrame.idl
[2.891s] -- Up-to-date: /home/zac/franka_ws/install/franka_msgs/share/franka_msgs/srv/SetLoad.idl
[2.891s] -- Up-to-date: /home/zac/franka_ws/install/franka_msgs/share/franka_msgs/action/ErrorRecovery.action
[2.892s] -- Up-to-date: /home/zac/franka_ws/install/franka_msgs/share/franka_msgs/action/Grasp.action
[2.892s] -- Up-to-date: /home/zac/franka_ws/install/franka_msgs/share/franka_msgs/action/Homing.action
[2.892s] -- Up-to-date: /home/zac/franka_ws/install/franka_msgs/share/franka_msgs/action/Move.action
[2.892s] -- Up-to-date: /home/zac/franka_ws/install/franka_msgs/share/franka_msgs/msg/CollisionIndicators.msg
[2.892s] -- Up-to-date: /home/zac/franka_ws/install/franka_msgs/share/franka_msgs/msg/Elbow.msg
[2.892s] -- Up-to-date: /home/zac/franka_ws/install/franka_msgs/share/franka_msgs/msg/Errors.msg
[2.892s] -- Up-to-date: /home/zac/franka_ws/install/franka_msgs/share/franka_msgs/msg/GraspEpsilon.msg
[2.893s] -- Up-to-date: /home/zac/franka_ws/install/franka_msgs/share/franka_msgs/msg/FrankaRobotState.msg
[2.893s] -- Up-to-date: /home/zac/franka_ws/install/franka_msgs/share/franka_msgs/srv/SetCartesianStiffness.srv
[2.893s] -- Up-to-date: /home/zac/franka_ws/install/franka_msgs/share/franka_msgs/srv/SetCartesianStiffness_Request.msg
[2.893s] -- Up-to-date: /home/zac/franka_ws/install/franka_msgs/share/franka_msgs/srv/SetCartesianStiffness_Response.msg
[2.893s] -- Up-to-date: /home/zac/franka_ws/install/franka_msgs/share/franka_msgs/srv/SetTCPFrame.srv
[2.893s] -- Up-to-date: /home/zac/franka_ws/install/franka_msgs/share/franka_msgs/srv/SetTCPFrame_Request.msg
[2.893s] -- Up-to-date: /home/zac/franka_ws/install/franka_msgs/share/franka_msgs/srv/SetTCPFrame_Response.msg
[2.893s] -- Up-to-date: /home/zac/franka_ws/install/franka_msgs/share/franka_msgs/srv/SetForceTorqueCollisionBehavior.srv
[2.894s] -- Up-to-date: /home/zac/franka_ws/install/franka_msgs/share/franka_msgs/srv/SetForceTorqueCollisionBehavior_Request.msg
[2.894s] -- Up-to-date: /home/zac/franka_ws/install/franka_msgs/share/franka_msgs/srv/SetForceTorqueCollisionBehavior_Response.msg
[2.894s] -- Up-to-date: /home/zac/franka_ws/install/franka_msgs/share/franka_msgs/srv/SetFullCollisionBehavior.srv
[2.894s] -- Up-to-date: /home/zac/franka_ws/install/franka_msgs/share/franka_msgs/srv/SetFullCollisionBehavior_Request.msg
[2.894s] -- Up-to-date: /home/zac/franka_ws/install/franka_msgs/share/franka_msgs/srv/SetFullCollisionBehavior_Response.msg
[2.895s] -- Up-to-date: /home/zac/franka_ws/install/franka_msgs/share/franka_msgs/srv/SetJointStiffness.srv
[2.895s] -- Up-to-date: /home/zac/franka_ws/install/franka_msgs/share/franka_msgs/srv/SetJointStiffness_Request.msg
[2.895s] -- Up-to-date: /home/zac/franka_ws/install/franka_msgs/share/franka_msgs/srv/SetJointStiffness_Response.msg
[2.895s] -- Up-to-date: /home/zac/franka_ws/install/franka_msgs/share/franka_msgs/srv/SetStiffnessFrame.srv
[2.895s] -- Up-to-date: /home/zac/franka_ws/install/franka_msgs/share/franka_msgs/srv/SetStiffnessFrame_Request.msg
[2.895s] -- Up-to-date: /home/zac/franka_ws/install/franka_msgs/share/franka_msgs/srv/SetStiffnessFrame_Response.msg
[2.896s] -- Up-to-date: /home/zac/franka_ws/install/franka_msgs/share/franka_msgs/srv/SetLoad.srv
[2.896s] -- Up-to-date: /home/zac/franka_ws/install/franka_msgs/share/franka_msgs/srv/SetLoad_Request.msg
[2.896s] -- Up-to-date: /home/zac/franka_ws/install/franka_msgs/share/franka_msgs/srv/SetLoad_Response.msg
[2.896s] -- Up-to-date: /home/zac/franka_ws/install/franka_msgs/share/ament_index/resource_index/package_run_dependencies/franka_msgs
[2.896s] -- Up-to-date: /home/zac/franka_ws/install/franka_msgs/share/ament_index/resource_index/parent_prefix_path/franka_msgs
[2.896s] -- Up-to-date: /home/zac/franka_ws/install/franka_msgs/share/franka_msgs/environment/ament_prefix_path.sh
[2.896s] -- Installing: /home/zac/franka_ws/install/franka_msgs/share/franka_msgs/environment/ament_prefix_path.dsv
[2.896s] -- Up-to-date: /home/zac/franka_ws/install/franka_msgs/share/franka_msgs/environment/path.sh
[2.896s] -- Installing: /home/zac/franka_ws/install/franka_msgs/share/franka_msgs/environment/path.dsv
[2.897s] -- Up-to-date: /home/zac/franka_ws/install/franka_msgs/share/franka_msgs/local_setup.bash
[2.897s] -- Up-to-date: /home/zac/franka_ws/install/franka_msgs/share/franka_msgs/local_setup.sh
[2.897s] -- Up-to-date: /home/zac/franka_ws/install/franka_msgs/share/franka_msgs/local_setup.zsh
[2.897s] -- Installing: /home/zac/franka_ws/install/franka_msgs/share/franka_msgs/local_setup.dsv
[2.897s] -- Installing: /home/zac/franka_ws/install/franka_msgs/share/franka_msgs/package.dsv
[2.897s] -- Up-to-date: /home/zac/franka_ws/install/franka_msgs/share/ament_index/resource_index/packages/franka_msgs
[2.897s] -- Up-to-date: /home/zac/franka_ws/install/franka_msgs/share/franka_msgs/cmake/export_franka_msgs__rosidl_generator_cExport.cmake
[2.897s] -- Up-to-date: /home/zac/franka_ws/install/franka_msgs/share/franka_msgs/cmake/export_franka_msgs__rosidl_generator_cExport-release.cmake
[2.897s] -- Up-to-date: /home/zac/franka_ws/install/franka_msgs/share/franka_msgs/cmake/export_franka_msgs__rosidl_typesupport_fastrtps_cExport.cmake
[2.898s] -- Up-to-date: /home/zac/franka_ws/install/franka_msgs/share/franka_msgs/cmake/export_franka_msgs__rosidl_typesupport_fastrtps_cExport-release.cmake
[2.898s] -- Up-to-date: /home/zac/franka_ws/install/franka_msgs/share/franka_msgs/cmake/franka_msgs__rosidl_typesupport_introspection_cExport.cmake
[2.898s] -- Up-to-date: /home/zac/franka_ws/install/franka_msgs/share/franka_msgs/cmake/franka_msgs__rosidl_typesupport_introspection_cExport-release.cmake
[2.898s] -- Up-to-date: /home/zac/franka_ws/install/franka_msgs/share/franka_msgs/cmake/franka_msgs__rosidl_typesupport_cExport.cmake
[2.898s] -- Up-to-date: /home/zac/franka_ws/install/franka_msgs/share/franka_msgs/cmake/franka_msgs__rosidl_typesupport_cExport-release.cmake
[2.899s] -- Up-to-date: /home/zac/franka_ws/install/franka_msgs/share/franka_msgs/cmake/export_franka_msgs__rosidl_generator_cppExport.cmake
[2.899s] -- Up-to-date: /home/zac/franka_ws/install/franka_msgs/share/franka_msgs/cmake/export_franka_msgs__rosidl_typesupport_fastrtps_cppExport.cmake
[2.900s] -- Up-to-date: /home/zac/franka_ws/install/franka_msgs/share/franka_msgs/cmake/export_franka_msgs__rosidl_typesupport_fastrtps_cppExport-release.cmake
[2.900s] -- Up-to-date: /home/zac/franka_ws/install/franka_msgs/share/franka_msgs/cmake/franka_msgs__rosidl_typesupport_introspection_cppExport.cmake
[2.900s] -- Up-to-date: /home/zac/franka_ws/install/franka_msgs/share/franka_msgs/cmake/franka_msgs__rosidl_typesupport_introspection_cppExport-release.cmake
[2.900s] -- Up-to-date: /home/zac/franka_ws/install/franka_msgs/share/franka_msgs/cmake/franka_msgs__rosidl_typesupport_cppExport.cmake
[2.900s] -- Up-to-date: /home/zac/franka_ws/install/franka_msgs/share/franka_msgs/cmake/franka_msgs__rosidl_typesupport_cppExport-release.cmake
[2.900s] -- Up-to-date: /home/zac/franka_ws/install/franka_msgs/share/franka_msgs/cmake/export_franka_msgs__rosidl_generator_pyExport.cmake
[2.901s] -- Up-to-date: /home/zac/franka_ws/install/franka_msgs/share/franka_msgs/cmake/export_franka_msgs__rosidl_generator_pyExport-release.cmake
[2.901s] -- Up-to-date: /home/zac/franka_ws/install/franka_msgs/share/franka_msgs/cmake/rosidl_cmake-extras.cmake
[2.901s] -- Up-to-date: /home/zac/franka_ws/install/franka_msgs/share/franka_msgs/cmake/ament_cmake_export_dependencies-extras.cmake
[2.901s] -- Up-to-date: /home/zac/franka_ws/install/franka_msgs/share/franka_msgs/cmake/ament_cmake_export_include_directories-extras.cmake
[2.901s] -- Up-to-date: /home/zac/franka_ws/install/franka_msgs/share/franka_msgs/cmake/ament_cmake_export_libraries-extras.cmake
[2.901s] -- Up-to-date: /home/zac/franka_ws/install/franka_msgs/share/franka_msgs/cmake/ament_cmake_export_targets-extras.cmake
[2.902s] -- Up-to-date: /home/zac/franka_ws/install/franka_msgs/share/franka_msgs/cmake/rosidl_cmake_export_typesupport_targets-extras.cmake
[2.902s] -- Up-to-date: /home/zac/franka_ws/install/franka_msgs/share/franka_msgs/cmake/rosidl_cmake_export_typesupport_libraries-extras.cmake
[2.902s] -- Up-to-date: /home/zac/franka_ws/install/franka_msgs/share/franka_msgs/cmake/franka_msgsConfig.cmake
[2.902s] -- Up-to-date: /home/zac/franka_ws/install/franka_msgs/share/franka_msgs/cmake/franka_msgsConfig-version.cmake
[2.902s] -- Up-to-date: /home/zac/franka_ws/install/franka_msgs/share/franka_msgs/package.xml
[2.903s] Invoked command in '/home/zac/franka_ws/build/franka_msgs' returned '0': CMAKE_PREFIX_PATH=/opt/ros/humble /usr/bin/cmake --install /home/zac/franka_ws/build/franka_msgs
